-99937
-99772
-99563
-99270
-99260
-99051
-98795
-98702
-98526
-98256
-98247
-98209
-98201
-98180
-98127
-98076
-98018
-97634
-97547
-97486
-97268
-97246
-97102
-97098
-96980
-96835
-96680
-96590
-96522
-96445
-96439
-96208
-96077
-96068
-96015
-95819
-95800
-95616
-95591
-95574
-95499
-95003
-94860
-94818
-94715
-94586
-94367
-94137
-93854
-93754
-93739
-93531
-93431
-93392
-93266
-93155
-93021
-92965
-92533
-92019
-91801
-91795
-91653
-91610
-91508
-91431
-91383
-91338
-91197
-91164
-91097
-91024
-90361
-90322
-90318
-90276
-90145
-89986
-89899
-89622
-89543
-89419
-89329
-89026
-88997
-88977
-88950
-88895
-88863
-88464
-88429
-88155
-87882
-87853
-87749
-87702
-87681
-87563
-87560
-87491
-87415
-87357
-87248
-87210
-86716
-86317
-86087
-85977
-85592
-85413
-85402
-85344
-85149
-85105
-85019
-84862
-84356
-84349
-84203
-84193
-84082
-83727
-83352
-83167
-83068
-82822
-82723
-82028
-82003
-81973
-81911
-81666
-81285
-81249
-81073
-80537
-80450
-80365
-80227
-80157
-80035
-79971
-79891
-79752
-79542
-79433
-79365
-79224
-79215
-79112
-79007
-78908
-78767
-78736
-78654
-78606
-78093
-77867
-77756
-77643
-77636
-77385
-76790
-76712
-76567
-76564
-75925
-75913
-75898
-75551
-75351
-75097
-74929
-74805
-74757
-74533
-74514
-74280
-73851
-73512
-73155
-73078
-73060
-72987
-72979
-72975
-72726
-72628
-72450
-72383
-72290
-72010
-71757
-71607
-71599
-71416
-71343
-71019
-70974
-70877
-70877
-70730
-70265
-70220
-70202
-70124
-69458
-69418
-69346
-69235
-69121
-69045
-68950
-68863
-68633
-68210
-67989
-67948
-67907
-67565
-67529
-67468
-67459
-67240
-67088
-66854
-66828
-66639
-66551
-66530
-66418
-66391
-66342
-66244
-65792
-65742
-65639
-65573
-65431
-65198
-65133
-65008
-64926
-64871
-64758
-64726
-64641
-64575
-64533
-64388
-64388
-64294
-64216
-63886
-63827
-63742
-63559
-63080
-62877
-62849
-62680
-62632
-62592
-62378
-62334
-62273
-62203
-62197
-62139
-61539
-61468
-61014
-60624
-60562
-60523
-60427
-60199
-60069
-59949
-59403
-59073
-59001
-58849
-58731
-58613
-58475
-58367
-58271
-58176
-58160
-58084
-57828
-57733
-57694
-57212
-56860
-56845
-56824
-56794
-56769
-56720
-56660
-56547
-56285
-56059
-55954
-55939
-55882
-55802
-55734
-55664
-55629
-54885
-54375
-54207
-54013
-53882
-53666
-53641
-53421
-53226
-53223
-53209
-53197
-52988
-52914
-52853
-52734
-52583
-52318
-52241
-52213
-52199
-52089
-51979
-51937
-51741
-51677
-51622
-51594
-51271
-51258
-51227
-51109
-51034
-50992
-50852
-50828
-50602
-50452
-50269
-50008
-49644
-49310
-49277
-49215
-49199
-49151
-49031
-48995
-48952
-48846
-48844
-48797
-48671
-48404
-48363
-48273
-48214
-47884
-47825
-47802
-47766
-47490
-47255
-47149
-47138
-47070
-46865
-46655
-46605
-46231
-45981
-45969
-45956
-45832
-45741
-45375
-45132
-44768
-44627
-44522
-43999
-43981
-43718
-43043
-42986
-42944
-42887
-42853
-42756
-42358
-42133
-42109
-41968
-41633
-41089
-40954
-40773
-40542
-40498
-40383
-40356
-40233
-40118
-40059
-39819
-39758
-39637
-39566
-39462
-39136
-39078
-38919
-38879
-38865
-38628
-38554
-38455
-37976
-37582
-37240
-37103
-36957
-36842
-36578
-36521
-36206
-36065
-35970
-35655
-35567
-35149
-35107
-35010
-34338
-34234
-33954
-33770
-33679
-33650
-33407
-33369
-33201
-32676
-32668
-32653
-32034
-32001
-31794
-31186
-31178
-30984
-30981
-30801
-30686
-30647
-30491
-30474
-30473
-30085
-30063
-29963
-29856
-29733
-29651
-29499
-29156
-28912
-28823
-28803
-28770
-28635
-28491
-28343
-28291
-28043
-27909
-27723
-27629
-27484
-27473
-27388
-27357
-27230
-27220
-27087
-26861
-26805
-26668
-26667
-26628
-26487
-26381
-26222
-26131
-26109
-26043
-25344
-25314
-24834
-24474
-24104
-23967
-23943
-23838
-23647
-23450
-23062
-23055
-22864
-22726
-22608
-22333
-21977
-21969
-21587
-21554
-21446
-21293
-21252
-21118
-20831
-20805
-20548
-20511
-20499
-20170
-20142
-20025
-19941
-19680
-19675
-19231
-19167
-19138
-18894
-18845
-18802
-18535
-18460
-18327
-18305
-18288
-17708
-17525
-17461
-17304
-17229
-16971
-16837
-16816
-16758
-16398
-16396
-16328
-16185
-16185
-16068
-15894
-15838
-15818
-15669
-15645
-15534
-15340
-15264
-15104
-14933
-14931
-14789
-14574
-14314
-14181
-14002
-13765
-13747
-13516
-13366
-13152
-13143
-12680
-12630
-12525
-12272
-11672
-11664
-11594
-11524
-11259
-11167
-11106
-10845
-10783
-10436
-10228
-10223
-10193
-9716
-9509
-9424
-9389
-8989
-8795
-8640
-8606
-8550
-8417
-8189
-7904
-7708
-7632
-7571
-7416
-7141
-7081
-6822
-6716
-6702
-6647
-6341
-6331
-6202
-6172
-6142
-6049
-6004
-5882
-5812
-5656
-5564
-5350
-5274
-5244
-5126
-5066
-4968
-4611
-4361
-4116
-3571
-3148
-3003
-2763
-2582
-2257
-2152
-2127
-1985
-1961
-1943
-1830
-1795
-1700
-908
-877
-829
-752
-743
-729
-521
-334
-2
67
180
730
746
945
984
1015
1634
1682
1887
1939
2037
2389
2520
2651
2714
2756
2979
3128
3145
3561
3621
4033
4111
4272
4613
4672
5034
5076
5159
5189
5357
5841
5848
5860
6065
6238
6460
6490
6529
6712
6763
6791
7256
7265
7565
7670
7940
7971
8133
8282
8375
8455
8489
8914
8990
9582
9747
9827
10265
10380
10459
10464
10540
10876
10960
11318
11620
11854
11876
12051
12278
12336
12425
12583
12746
12865
12896
13037
13360
13413
13573
13578
13617
13721
13741
13752
13778
13818
13834
13974
14048
14090
14137
14156
14166
14817
14905
14991
15133
15142
16019
16055
16109
16205
16395
16823
17086
17092
17171
17202
17377
17439
17454
17471
17841
17964
18062
18087
18095
18173
18535
18689
18882
19209
19358
19475
19695
19744
19786
19800
19966
20088
20175
20318
20332
20374
20630
20689
20705
20795
20996
21128
21293
21321
21370
21680
21682
21900
21943
22112
22138
22180
22212
22429
22475
22538
22542
22624
22660
22801
23125
23175
23373
23885
24456
24675
24748
24797
24800
25039
25165
25247
25363
25496
25505
25578
25688
25698
25819
25874
25934
25981
26004
26428
26607
26696
26963
26999
27007
27026
27126
27280
27306
27404
27510
28026
28153
28238
28488
28509
28659
28800
28817
28968
29163
29399
29499
29625
30066
30413
30528
30845
30889
30901
30999
31336
31838
31854
31854
31922
32055
32074
32114
32341
32389
32938
33164
33246
33318
33374
33709
34013
34115
34135
34202
34210
34638
34688
34885
34940
35061
35069
35074
35194
35252
35693
35791
35914
35915
35990
36097
36234
36664
37044
37203
37294
37635
37682
38030
38076
38448
38845
39339
39532
39571
39664
39732
40159
40438
40527
40695
40723
40744
40772
40780
41028
41038
41143
41354
41463
41492
41685
41917
41932
41935
41963
42247
42410
42450
42530
42569
42585
42877
43032
43040
43170
43243
43310
43416
43544
43633
43662
43868
43915
44080
44422
44526
44548
44653
44671
44798
45005
45215
45218
45292
45303
45466
46090
46377
46474
46770
46880
46937
47105
47250
47493
47510
47540
47674
47693
47722
47911
47953
48565
48787
48848
49186
49421
49764
49898
50028
50076
50244
50443
50873
50993
51140
51163
51170
51356
51406
51454
51479
51751
51761
51975
52344
52390
52469
52499
52637
52661
52967
53068
53417
53424
53648
53702
53872
53978
54026
54503
54537
54569
54676
54800
54808
54820
54865
54890
55303
55385
55434
55679
55842
55887
55905
55987
56046
56141
56392
56399
56440
56680
56710
56980
57052
57117
57285
57493
57606
57674
57939
58265
58311
58403
58405
58734
58804
59006
59174
59249
59320
59368
59472
59516
59570
59600
59610
59618
59843
59977
59983
60024
60208
60253
60337
60413
60679
60713
60721
60806
61186
61234
61304
61440
61499
61679
62071
62114
62191
62194
62276
62365
62635
62723
62746
62895
62971
63060
63141
63500
63536
63728
64165
64170
64289
64396
64776
64991
65027
65067
65129
65296
65311
65408
65472
65565
65640
65717
65975
66504
66560
66843
67080
67215
67218
67882
68154
68387
68454
68496
68707
68738
69134
69461
69710
69837
70218
70368
70453
70842
70866
71657
71714
71886
71903
71970
71975
72141
72200
72329
72334
72347
72353
72411
72432
72601
72618
72635
72890
73138
73197
73393
73532
73591
73638
73675
74271
74351
74408
74424
74613
74629
75039
75176
75285
75350
75368
75439
75749
76063
76064
76343
76512
76546
76588
76739
76744
76918
77080
77137
77218
77389
77581
77640
77940
78011
78190
78296
78399
78603
78605
78640
78804
78931
79271
79293
79726
79897
80013
80059
80181
80351
80465
80500
80516
80544
80591
81092
81256
81644
81773
81787
81937
81966
82009
82025
82283
82340
82857
82898
82977
83363
83423
83514
83542
83706
83740
83974
84269
84607
85039
85083
85417
85443
85969
86059
86316
86521
86599
86761
86813
86971
87054
87133
87272
87481
87970
87984
87992
88235
88318
88418
88566
88654
88781
88821
89048
89105
89224
89310
89368
89386
89859
89860
90045
90083
90390
90596
90764
90918
90973
91064
91083
91316
91385
91442
91522
91675
91728
91923
92011
92265
92393
92479
92551
92694
92710
92723
92786
92940
93482
93676
93681
93690
93732
93823
93956
93958
94069
94078
94166
94182
94227
94258
94296
94693
94823
95044
95246
95445
95471
95801
96176
96348
96430
96564
96667
96786
97004
97235
97348
97518
97543
97583
97718
97926
98191
98225
98239
98598
98734
99175
99383
99715
100097
100189
100525
100544
100678
100723
100737
100904
101130
101430
101506
101583
101592
101838
102315
102371
102547
102661
102705
103003
103154
103327
103696
103721
103922
104067
104295
104296
104552
104643
104873
104903
105123
105262
105399
105621
105624
105667
105767
105818
106043
106119
106129
106160
106235
106264
106410
106422
106573
106591
106840
106896
106902
107011
107129
107331
107562
107702
107819
108044
108191
109024
109177
109872
110025
110398
110413
110597
110668
110669
110784
110847
110888
111194
111241
111244
111321
111484
111939
112064
112126
112129
112177
112339
112492
112514
113357
113394
113576
113586
113612
113882
114671
114821
114879
114926
114991
115016
115080
115145
115309
115366
115582
115596
115670
115841
115854
116055
116260
116416
117203
117230
117231
117319
117669
117897
118113
118189
118211
118402
118403
118418
118475
118577
118603
118604
118644
118749
118751
118769
118856
118861
118985
119019
119079
119411
119457
119491
119582
119801
120204
120213
120319
120639
120646
121111
121180
121253
121301
121543
121607
121820
121861
121948
121980
122286
122476
122488
122631
122740
122888
123100
123524
123568
123634
123641
124050
124151
124313
124479
124892
125033
125793
126030
126040
126184
126417
126484
126584
126604
126761
126825
126857
127358
127426
127632
127696
127877
128364
128639
128785
128833
128876
129235
129534
129697
129747
129753
129908
129946
130063
130214
130324
130726
130849
131041
131065
131352
131495
131559
131716
131812
131952
132046
132161
132289
132317
132319
132543
132589
132597
132735
132852
132939
133009
133205
133918
133925
133967
134188
134406
134721
135000
135298
135739
135798
135801
135937
135963
136296
136475
136726
137042
137052
137536
137758
137762
137857
137865
137876
137919
138037
138083
138336
138366
138433
138447
138643
138807
138820
138938
138953
139084
139110
139365
139373
139412
139555
139584
139638
139666
139874
139878
139906
140050
140367
140406
140488
140785
140857
140977
141070
141092
141173
141336
141622
141755
141866
141945
141976
142002
142037
142287
142391
142528
142809
143242
143278
143388
143903
143927
144004
144152
144306
144562
144767
144820
145052
145066
145213
145251
145449
145456
145463
145916
146237
146283
146285
146346
146380
146458
146490
146624
146707
146867
146964
147177
147191
147200
147252
147339
147506
147588
147962
148022
148059
148071
148091
148096
148229
148352
148484
148508
148593
148688
148786
148842
148857
148944
148974
149005
149005
149542
149614
149678
149750
149838
150198
150478
150794
150936
151007
151264
151477
151598
151676
151709
151877
152509
152833
152864
152916
153074
153138
153216
153605
153655
153697
153800
153879
154036
154311
154368
154618
154656
154760
155018
155121
155249
155314
155435
155900
156014
156097
156231
156255
156336
156406
156709
156820
156985
157070
157103
157715
157784
157937
157959
158035
158066
158406
158648
158781
158784
158862
158893
159118
159150
159200
159268
159554
159555
159808
160359
160474
160477
160637
160960
160961
160972
160992
161123
161155
161256
161421
161568
161807
161839
161910
161981
161992
162551
162734
163562
164001
164048
164166
164383
164393
164573
164710
164866
164935
165216
165304
165438
165598
165931
166209
166290
166440
166648
166670
166840
166873
167180
167327
167443
167527
167607
167688
167884
168115
168243
168260
168299
168512
168806
168893
169041
169088
169098
169114
169279
169337
169504
169695
169715
169785
170611
170619
170701
171252
171255
171434
171596
171809
171955
172091
172157
172566
172853
172914
173071
173178
173334
173388
173519
173565
173709
173725
174372
174677
174700
174808
175175
175253
175532
175745
175779
175841
176169
176174
176206
176308
176313
176350
176728
176816
176871
177136
177184
177404
177546
177667
177854
177937
177942
178022
178104
178317
178397
178844
178889
178948
179429
179617
180147
180266
180284
180285
180364
180491
180601
180725
180730
181472
181682
182085
182263
182385
182462
182938
183024
183184
183390
183584
183606
183657
183738
183854
183982
184024
184156
184420
184687
184802
184871
184949
185145
185373
185462
185641
185694
185813
185917
186083
186305
186406
186408
186715
186963
187132
187271
187384
187603
187736
187851
187859
188174
188176
188333
188348
188681
188703
188728
188729
188824
188933
189077
189130
189269
189277
189366
189405
189414
189629
189924
189969
190187
190304
190315
190606
190680
190769
190918
191047
191181
191196
191348
191617
191748
191809
191810
191931
191970
192135
192394
192630
192750
192900
192941
193004
193249
193327
193596
193733
193766
194073
194449
194455
194462
194723
194821
194836
195155
195250
195284
195284
195310
195543
195775
195872
196057
196091
196169
196171
196217
196242
196270
196491
196666
196743
196856
197000
197079
197183
197304
197423
197462
197489
197500
197570
197708
197966
198353
198519
198601
198645
199234
199267
199306
199319
199366
199405
199417
199512
199568
199803
199807
199871
199978
200158
200307
200325
200346
200567
201258
201397
201774
201789
201802
202354
202468
202794
202815
202838
202903
202916
202991
203342
203380
203387
203476
203587
203856
204068
204245
204567
204688
205023
205235
205535
205566
205600
206435
206584
207475
207747
207777
208167
208335
208673
208767
208806
208972
208972
209198
209298
209694
209909
210235
210427
210720
210816
211027
211092
211138
211368
211501
211839
211861
211953
212141
212628
212886
212958
213044
213108
213117
213129
213187
213467
213504
213626
213882
214093
214211
214339
214444
214464
214717
214737
214806
214822
214862
214964
214994
215022
215266
215282
215319
215440
215707
215836
215857
215867
215940
216405
216439
216513
216622
217955
217962
218426
218460
218510
218665
218964
218998
219060
219074
219159
219215
219252
219304
219721
219806
220216
220348
220359
220616
220875
221009
221280
221339
221351
221779
221827
221856
221930
222016
222053
222471
222737
222940
223492
223535
223546
223783
223828
223841
223977
224040
224205
224441
224505
224535
224769
224958
225092
225326
225420
225556
225576
225578
225739
225975
226276
226404
226473
226755
226955
226978
227156
227425
227533
227662
227731
227758
227931
227964
228126
228212
228214
228285
228641
228660
228662
228834
229061
229186
229253
229475
229516
229849
230015
230066
230126
230761
230824
230935
230957
231316
231424
231515
231734
231773
231787
231880
231984
232009
232140
232301
232682
232714
233229
233784
233809
234030
234116
234165
234386
234626
234722
235383
235397
235398
235464
235499
235740
236088
236213
236246
236586
236673
236908
237053
237224
237243
237358
237510
237522
237643
237661
237682
237734
237743
237748
237842
237955
238266
238324
238531
238752
239022
239025
239168
239370
239612
239857
239965
240035
240290
240551
240694
240761
241009
241252
241291
241308
241524
241619
241621
241967
242170
242389
242408
242445
242454
242752
242865
243124
243795
244088
244095
244285
244480
244801
245262
245381
245575
245863
246087
246176
246307
246347
246905
246950
247034
247095
247111
247253
247256
247525
247563
247792
247986
248084
248370
248441
248454
248583
248590
248688
248955
248957
248994
248999
249118
249147
249832
250053
250353
250393
250426
250618
250726
250807
250900
250984
251112
251145
251372
251469
252288
252601
252612
252731
252780
252877
253127
253146
253356
253398
253652
253843
254011
254066
254158
254160
254263
254416
254472
254474
254479
254522
254704
254757
255232
255310
255527
255870
256253
256270
256280
256543
256564
256667
256684
256991
256993
257263
257370
257416
257645
257740
257896
257942
258016
258199
258224
258374
258593
258686
258795
258825
258934
258987
259379
259578
259647
259672
259836
259903
259983
260369
260418
260431
260460
260516
260652
261084
261122
261290
261711
261894
262094
262150
262190
262416
262546
262570
262720
262786
262826
263076
263165
263178
263305
263882
264006
264152
264193
264357
264675
264717
264776
265333
265495
265700
265938
266556
266899
266919
267348
267460
267488
267650
267707
267714
267720
267726
267753
268166
268300
268507
268545
268788
268942
269028
269059
269186
269742
269810
269822
269846
269931
269936
269999
270174
270264
270415
270696
271351
271402
271415
271415
271850
272222
272560
272584
272767
272999
273106
273169
273299
273425
273478
273499
273537
273564
273757
274299
274422
274656
274668
274679
274958
275043
275086
275331
275381
275611
275820
275872
276019
276113
276163
276165
276405
276443
276462
276543
276713
276899
277039
277281
277288
277543
277617
277875
277967
278070
278141
278527
278527
278645
278704
278874
279000
279296
279370
279700
280057
280258
280259
280616
280632
280861
280866
281013
281125
281198
281262
281382
281659
281703
281743
281765
281880
282066
282612
282664
282692
282695
282792
283296
283474
283654
283790
283839
283922
283974
284174
284209
284291
284519
284539
284578
284827
285196
285298
285345
285491
285531
285584
285594
286317
286563
287361
287441
287513
287954
288053
288317
288428
288692
288731
289069
289433
289598
289605
289748
289800
289827
289887
290293
290563
290795
291005
291089
291562
291654
291787
291894
291957
292024
292157
292270
292735
293187
293524
293634
293681
293891
294443
294443
294703
294781
294996
295006
295204
295329
295399
295488
295522
295697
295860
296011
296031
296182
296252
296399
296415
296476
296687
296818
296836
297118
297133
297295
297681
298263
298340
298421
298620
298644
298718
298735
299191
299226
299538
300012
300377
301101
301192
301505
301602
302008
302210
302776
302803
302990
302995
303128
303189
303581
303603
303647
303911
304246
304468
304586
305042
305055
305305
305474
305475
305479
305502
305576
305846
305859
305925
306067
306161
306226
306232
306508
306512
306793
306870
307213
307715
308017
308189
308251
308361
308556
308867
308903
308963
309066
309598
309644
309720
310033
310257
310454
310642
310956
311247
311253
311298
311833
311912
311949
312149
312388
312463
312559
312648
312971
313175
313365
313444
313524
313588
313605
313655
313671
314003
314085
314535
315140
315383
315663
315676
315888
315983
316149
316172
316377
316579
316625
316664
316769
316781
316815
317165
317206
317208
317231
317380
317507
317685
317686
318100
318174
318353
318822
318958
319061
319066
319292
319302
319529
319570
319597
319670
319888
320104
320298
320798
320901
321026
321478
321629
322183
322312
322416
322660
322793
323035
323057
323259
323267
323415
323480
323791
323888
323939
323993
324000
324278
324652
324923
324958
325080
325798
326062
326138
326150
326282
326324
326430
326654
326885
327036
327212
327420
327433
327519
327609
327622
327784
327888
328051
328119
328155
328163
328204
328334
328338
328371
328788
329277
329471
329538
329548
329690
329841
330041
330624
330658
330805
330989
331113
331217
331343
331611
331714
331834
332291
332320
332515
332739
332882
332979
333078
333464
333796
333954
334352
334869
334919
335058
335068
335120
335260
335386
335638
335761
335795
335811
335936
336196
336496
336696
337056
337352
337379
337417
337565
337640
337723
337850
338053
338289
338321
338451
338583
338758
338886
338922
338981
338985
339125
339149
339175
339507
339510
339544
339559
340140
340409
340473
340556
340593
340605
340629
340830
340890
340920
341290
341634
341879
341911
341973
342010
342184
342222
342452
342611
343039
343566
343659
343701
343891
344018
344115
344258
344322
344554
344600
344719
344753
344860
345116
345137
345140
345923
346165
346267
346345
346378
346507
346778
347302
348156
348313
348549
348581
348679
348731
348980
349186
349462
349535
349651
349840
349864
350152
350172
350227
350277
350343
350637
350665
351122
351145
351524
351729
351785
351879
352029
352185
352382
352429
352684
353307
353358
353368
353526
353671
353710
353763
353769
353996
354140
354277
354327
354512
354598
354833
354885
355021
355086
355134
355136
355199
355367
355462
355584
355745
355824
355843
356031
356136
356179
356347
356453
356490
356658
356741
356824
356896
356989
357200
357231
357362
357410
357764
357788
357823
357929
358144
358409
358593
358769
358874
358983
359205
359487
359518
359830
360643
360848
360867
361252
361309
361367
361425
361465
361591
361834
361987
362321
362812
362832
362915
363136
363144
363223
363317
363604
363634
363791
363871
363889
363917
363918
363948
363991
364340
364526
364609
364846
364894
364986
365240
365339
365625
365641
365653
365781
365807
366043
366069
366261
366414
366534
366632
367089
367279
367681
367886
368101
368390
368421
368677
368685
368904
369085
369352
369354
369610
369656
369665
369847
369972
370288
370350
370547
370663
370713
370827
370968
371248
371356
371370
371561
371855
371962
372002
372417
372482
372512
372610
372929
373146
373336
373355
373449
373929
373995
374040
374179
374579
374649
374656
374679
374938
374938
375057
375141
375191
375338
375500
375660
375786
375988
375991
376241
376474
376509
376560
376841
376937
376946
377077
377100
377200
377402
377477
377521
377640
377645
377819
377838
377921
378017
378149
378176
378385
378444
378527
378806
378931
379107
379298
379321
379503
379666
380064
380311
380328
380370
380496
380601
380672
380830
380960
381497
382052
382150
382221
382296
382630
382678
382796
383093
383152
383203
383235
383405
383515
383703
383732
384131
384193
384347
384499
384544
384574
384575
384782
384944
384951
384985
384996
385007
385465
385611
385698
385868
385883
386121
386149
386187
386255
386524
386785
386795
386847
387053
387236
387537
387584
387616
387638
387651
387699
388091
388208
388283
388813
388946
388994
389376
389874
390086
390290
390337
390983
391077
391275
391306
391414
391657
391692
391723
391838
391925
391955
391980
392281
392641
392762
393326
393388
393431
393609
393869
393982
394103
394120
394126
394152
394311
394320
394327
394336
394397
394548
394692
394777
394946
395090
395122
395444
395565
395750
395842
396099
396131
396209
396600
396723
396908
397128
397214
397289
397432
397585
397726
397924
398085
398211
398307
398399
398410
398481
398634
398664
399090
399170
399681
399787
399947
400075
400403
400557
400637
400648
401020
401029
401112
401453
401661
402312
402669
402961
403018
403028
403050
403115
403139
403259
403302
403329
403408
403555
403677
403812
403989
404107
404227
404517
404593
404704
404946
404967
404973
405156
405349
405683
405746
405788
405876
406143
406299
406551
406685
406693
406718
406913
407171
407224
407642
407992
408154
408553
408612
408638
408654
408767
408871
409082
409086
409116
409314
409339
409453
409588
409857
410063
410099
410388
410702
410840
410949
410982
411059
411094
411257
411436
411487
412243
412281
412453
412465
412507
412531
412649
412876
412886
412946
413236
413369
413510
413512
413576
413712
413714
413729
413933
414183
414252
414342
414499
414526
414589
414710
414919
415104
415112
415613
415772
415803
415882
415926
416054
416338
416384
416493
416510
416967
417065
417283
417389
417458
417491
417704
417779
417827
417842
417879
417899
417941
417950
417956
418109
418368
418731
418812
419208
419355
419722
420133
420143
420273
420563
420946
421132
421379
421782
421784
421906
422299
422300
422360
422399
422742
422880
422968
423146
423265
423395
423762
423794
423840
423881
424038
424103
424267
424316
424471
424537
424655
424704
424967
425254
425655
425666
426017
426043
426209
426212
426321
426374
426544
426746
426816
427446
427529
427544
427672
427762
428002
428304
428380
428723
428775
429126
429186
429607
430135
430142
430197
430386
430425
430427
430608
430623
430636
430733
431239
432006
432488
432541
432671
432723
432759
432971
433269
433495
433598
433827
433962
434175
434249
434390
434740
434994
435002
435285
435529
435607
435612
435860
435882
435889
435953
436003
436100
436180
436198
436231
436291
436303
436363
436870
436871
437243
437430
437490
437811
438057
438642
438794
438852
439130
439249
439251
439401
439490
439533
439588
439831
440248
440380
440454
440544
440898
440953
441004
441037
441052
441206
441208
441346
441472
441503
441805
442372
442614
442663
442812
442966
442981
443398
443779
443959
444172
444505
444723
444833
444953
444957
445100
445549
445677
445758
445787
445807
445848
446237
446331
446359
446394
446554
446770
446919
447086
447228
447380
447388
447742
447769
448114
448126
448165
448301
448392
448698
448886
448890
449212
449382
449876
449932
450093
450155
450559
450579
450775
450785
450874
450975
451028
451096
451165
451290
451723
451761
452392
452495
452556
452560
452565
452893
453125
453192
453230
453299
453347
453436
453456
453555
453808
453838
453842
453941
453949
453997
454128
454233
454247
454286
454459
454465
455415
455696
455701
455724
455908
456029
456032
456108
456130
456131
456437
456563
456724
456969
457114
457230
457266
457423
457450
457650
457688
457715
457717
458036
458228
458314
458385
458434
458480
458902
458934
459049
459119
459408
459601
459738
459791
459956
460248
460362
460391
460528
460588
460640
460789
460868
460878
461150
461189
461595
461823
461968
462005
462410
462679
462742
462772
463101
463609
463659
464034
464181
464486
464575
464925
464940
465075
465129
465358
465448
465661
465667
465940
466101
466225
466289
466334
466884
466961
467019
467269
467501
467550
467639
467708
467999
468163
468422
468450
468480
468510
468675
469058
469100
469154
469417
469433
469499
469654
469795
469803
470077
470104
470140
470289
470327
470521
470564
470647
471185
471243
471247
471271
471330
471500
471586
471784
472018
472335
472345
472400
472969
472990
473054
473618
474160
474374
474654
474659
474689
474751
474860
474981
474998
475017
475184
475294
475362
475393
475821
475912
476044
476056
476181
476258
476308
476847
477090
477107
477210
477242
477344
477525
478062
478186
478260
478292
478550
478833
478975
479182
479210
479287
479478
479535
479716
479814
479870
479964
479985
479996
480189
480239
480297
480330
480919
480971
480972
480978
481198
481203
481373
481430
481441
481495
481955
481999
482229
482335
482491
482834
482860
483125
483313
483609
483846
484231
484507
484582
484601
484978
485221
485673
486205
486407
486441
486603
486614
486642
486822
487151
487517
487527
488023
488075
488144
488325
488346
488413
488422
488493
488542
488549
488557
488611
488677
488809
489124
489136
489592
489650
489833
489852
490058
490068
490543
490857
491155
491159
491279
491372
491377
491401
491752
491755
491920
492218
492308
492391
492430
492749
492887
493199
493225
493290
493342
493367
493460
493551
493775
493849
493864
494009
494184
494278
494328
494402
495150
495237
495267
495445
495451
495637
495739
495806
495842
495846
496277
496386
496442
496624
496689
496774
496808
496951
497088
497241
497439
497460
497486
497821
497824
497913
497925
497939
498230
498274
498322
498482
498576
498644
498683
498785
499124
499134
499289
499372
499538
499585
499607
499713
499780
499825
500042
500143
500367
500432
500488
500495
500695
500776
500808
500983
501048
501112
501113
501142
501406
501501
501520
502154
502331
502376
502559
502821
502839
502858
503080
503107
503112
503142
503230
503364
503481
503490
503528
503860
504868
505086
505152
505156
505327
505732
506229
506383
506419
506446
506757
506784
506881
506917
506920
506937
506944
507034
507149
507362
507628
507688
507699
507921
508038
508180
508197
508285
508327
508335
508346
508555
508577
508789
508951
509213
509407
509409
509436
509737
510012
510598
510618
510741
510751
511049
511608
511692
511711
511716
511768
511884
512062
512088
512095
512234
512306
512735
512842
513159
513340
513773
514260
514299
514335
514505
514669
514818
514916
515237
515301
515395
515534
515535
515834
515846
515948
515965
516034
516350
516626
516660
516740
516751
516810
517050
517274
517442
517791
517833
517966
517989
518105
518246
518251
518377
518452
518567
518572
518648
518693
519096
519134
519552
519853
519885
520312
520484
520935
520985
520996
521066
521310
521582
521621
521648
521891
521986
522053
522217
522425
522466
522587
522630
522813
522970
523060
523197
523257
523297
523314
523348
523360
523802
523828
523879
524131
524188
524217
524274
524677
524744
525256
525433
525786
526003
526168
526200
526264
526964
526993
527118
527236
527273
527406
527451
527524
527606
527637
527644
527677
527916
527993
528058
528058
528451
528457
528744
528802
528836
529216
529382
529428
529629
529752
530170
530328
530401
530754
530755
530936
531160
531314
531660
531870
531919
532075
532338
532436
532511
532665
532836
532905
532924
533098
533348
533401
533523
533560
533575
533872
533893
533922
533923
533937
534081
534112
534186
534222
534324
534455
534567
534568
534592
534611
534967
534999
535029
535067
535202
535337
535859
536119
536403
536557
536622
536760
536861
537032
537112
537257
537397
537487
537521
537611
537800
537845
538050
538295
538459
539025
539334
539462
540044
540204
540260
540316
540443
540457
540852
540973
541084
541184
541245
541369
541686
542194
542234
542563
542621
542802
542817
543053
543149
543373
543389
543485
544159
544176
544222
544232
544581
544702
544722
544933
544999
545162
545216
545376
545407
545542
545702
545726
546025
546054
546281
546306
546430
546473
546655
546787
547163
547262
547283
547365
547768
547793
547798
548028
548062
548229
548231
548320
548441
548495
548616
548878
549017
549028
549038
549076
549108
549193
549246
549276
549298
549382
549534
549910
549918
549935
550161
550206
550464
550700
550912
550978
551084
551126
551160
551222
551399
551509
551698
551866
551945
552156
552216
552224
552292
552633
552636
552664
552734
552849
552858
553150
553274
553538
553921
554087
554326
554478
554557
555006
555325
555400
555413
555436
555459
555460
555508
555581
555628
555670
556026
556057
556306
556324
556525
556775
556892
557017
557063
557192
557420
557597
557849
557930
558143
558302
558312
558521
558528
558549
558557
558623
558730
558848
558877
558915
559042
559475
559581
559984
560411
560754
560765
560864
561044
561186
561206
561214
561309
561413
561421
561519
561630
561940
561982
562055
562418
562432
562464
562556
562653
562672
562747
562798
563043
563075
563106
563158
563184
563455
563690
563692
564001
564118
564120
564495
564693
564712
564755
564847
564966
565094
565110
565200
565291
565293
565676
565707
565897
566043
566198
566480
566586
566626
566643
566685
566699
567305
567472
567572
567626
567775
567864
567881
567960
568060
568116
568800
568909
569048
569123
569160
569180
569592
569918
569967
569985
569991
570103
570340
570395
570414
570414
570688
570710
570914
570928
571057
571064
571167
571238
571242
571249
571352
571611
571860
572142
572200
572237
572296
572470
572531
572581
572921
572963
573238
573286
573397
573455
573633
573901
573978
574013
574228
574357
574369
574430
574560
574858
575056
575142
575279
575307
575364
575429
575491
575678
575725
575897
576055
576250
576493
576547
576805
576876
577091
577306
578079
578302
578673
578679
578696
578790
579080
579166
579852
579899
579987
580091
580099
580159
580184
580440
580458
580607
580614
580668
580730
580846
581209
581555
581560
581702
581754
581760
581764
582000
582132
582253
582757
582773
582825
582940
583016
583170
583644
583683
583711
584067
584328
584466
584740
585195
585196
585212
585220
585354
585393
585414
585418
585481
585564
585658
585692
585756
585876
585960
586085
586280
586382
586429
586536
586617
586653
586653
586752
586788
586796
587229
587451
587580
587654
587909
588042
588187
588266
588567
588592
588613
588844
589115
589232
589260
589450
589551
589597
589951
590015
590207
590274
590300
590431
590431
590649
590674
590718
590725
590728
590738
591084
591239
591294
591954
592262
592373
592882
593369
593642
593778
593939
593963
594077
594264
594511
594669
594738
594817
595269
595902
595911
595939
596059
596386
596751
597007
597136
597419
597578
597650
597747
598063
598449
598570
598720
598975
599352
599556
599577
599670
599982
600122
600340
600432
600814
600923
600997
601048
601052
601060
601349
601362
601463
601489
601629
601837
601843
601915
602428
602698
602741
603056
603204
603279
603408
603434
603631
603694
603714
603719
603780
604116
604242
604512
604520
604635
604711
604793
604855
605139
605328
605642
605864
605954
606276
606436
606605
606677
606901
607427
607533
607655
607669
607710
607726
607879
607966
608323
608349
608609
608967
608969
609655
609656
609671
609688
609734
609743
609949
609984
610033
610129
610292
610786
611065
611073
611410
611413
611439
611684
611747
611869
611896
612044
612060
612082
612219
612302
612461
613029
613093
613461
613610
613641
613983
614005
614057
614294
614318
614362
614400
614412
614689
614716
614879
614887
614963
615177
615192
615354
615499
615576
615734
615786
616041
616233
616236
616404
616486
616511
616649
616943
617022
617151
617219
617353
617464
617728
617816
617921
618250
618321
618454
618683
618771
618911
619054
619216
619241
619269
619272
619472
619489
619619
619721
619795
619926
620044
620196
620909
620940
620982
621151
621556
621745
621759
621860
622396
622464
622483
622718
622991
623309
623328
623488
623773
623963
623984
624092
625038
625970
626192
626296
626485
626590
626761
627068
627089
627447
627641
627704
627894
628793
629243
629294
629498
629569
629591
629861
630142
630161
630193
630218
630447
630600
630811
631034
631181
631354
631365
631565
631629
631636
631687
631800
632161
632253
632613
632719
632740
632875
632881
632885
632892
633059
633477
633525
633538
633680
633723
633753
633772
634434
634489
634503
634566
634755
635095
635121
635172
635449
635530
635591
635716
635917
635967
635991
636045
636047
636049
636070
636147
636229
636549
636661
636859
637042
637095
637148
637324
637328
637578
637601
637612
637668
637683
637738
637825
638111
638238
638525
638625
638849
638900
638999
639071
639130
639166
639285
639368
639403
639490
639602
639761
639976
640181
640377
640519
640715
640747
640914
641178
641246
641513
641847
642213
642380
642409
642487
642672
643035
643120
643357
643466
643701
643823
643897
644063
644090
644151
644315
644618
644632
644800
644959
645327
645358
645404
645462
645587
645728
645823
645842
645927
646431
646878
646987
647196
647217
647237
647361
647459
647596
647717
648244
648262
648419
648493
648770
649095
649192
649314
649356
649409
649521
649802
649856
650018
650492
650551
650565
650620
650868
651028
651080
651399
651545
651690
652583
653088
653114
653367
653463
653490
653801
653907
654063
654115
654139
654254
654284
654438
654550
654614
654754
654924
655001
655044
655174
655257
655489
655532
655553
655722
655769
655960
656193
656384
656522
656564
656618
656669
656746
656753
656758
656957
657181
657204
657221
657231
657349
657398
657464
657744
658310
658341
658408
658666
658694
658782
658830
659025
659122
659252
659297
659334
659487
659795
659878
660105
660402
660432
660697
660735
660771
660918
661091
661249
661274
661311
661749
661867
661873
661972
662443
662546
662916
663196
663304
663746
664044
664067
664225
664411
664434
664453
664730
664748
664789
665129
665333
665706
665727
665872
666067
666079
666178
666288
666454
666465
666553
667344
667392
667888
668003
668071
668098
668101
668138
668179
668305
668787
668952
669002
669234
669645
669697
670022
670195
670446
670524
670730
670779
671171
671293
671430
671471
671541
671626
671794
671855
671970
672034
672144
672180
672310
672403
672557
672690
673215
673447
673467
673518
673944
674077
674166
674327
674337
674711
674816
675311
675534
675590
675605
675684
675827
675853
676423
676479
676529
676839
677349
677437
677478
677932
678342
678470
678578
678880
678885
678999
679075
679120
679459
679742
679792
679913
680023
680210
680244
680391
680610
680641
680644
680671
680707
680892
680905
680979
681023
681056
681262
681340
681680
681943
682012
682505
682660
682874
682918
683127
683469
683494
683669
683781
684015
684150
684263
684273
684509
684520
684525
684617
684750
684815
684868
685395
685521
685574
685579
685897
685923
686003
686022
686100
686103
686185
686538
686747
686765
686814
687046
687195
687273
687552
687603
687634
688329
688355
688452
688510
688555
688967
689209
689290
689919
690297
690755
691285
691348
691493
691556
691649
691799
691874
691999
692034
692164
692536
692556
692619
692789
693024
693055
693207
693255
693348
693460
693718
693741
693801
694126
694167
694211
694268
694544
694632
694636
694698
694699
694725
695092
695118
695215
695573
695674
695715
695926
695965
695979
696207
696346
696396
696459
696566
696728
696817
696873
696904
697067
697161
697199
697412
698192
698193
698565
698763
698993
699072
699136
699139
699421
699667
699733
700174
700217
700250
700295
700383
700495
700612
700903
700907
700969
701037
701054
701488
701543
701597
701605
701680
701763
701896
702148
702223
702710
702732
702754
702796
702924
702996
703301
703368
703591
703596
703719
703742
703765
704695
704724
705223
705665
705670
705699
705815
705978
706264
706313
706449
706484
706545
706846
706852
706880
706942
707515
707820
707829
707938
707981
708047
708629
708817
708927
709037
709078
709219
709318
709599
709717
709747
709791
709840
709934
710246
710268
710399
710581
710631
710643
710644
710829
710997
711172
711736
711774
711933
712220
712871
712888
712940
713083
713101
713511
713519
713642
713856
714246
714431
714432
714506
714555
714747
715073
715185
715357
715442
715489
715510
715699
716162
716176
716199
716238
716344
716351
716354
716414
716428
716619
716675
716791
717208
717293
717593
717913
718022
718030
718075
718201
718457
718491
718615
718707
718915
718926
718973
719249
719293
719725
719892
720027
720104
720193
720225
720281
720400
720479
720529
720863
720959
721031
721098
721130
721256
721329
721360
721622
721812
721893
721941
722188
722212
722260
722478
722526
722551
722563
722670
722708
722777
722796
722964
723038
723282
723397
723487
723646
723810
723852
723879
723902
724000
724315
724383
724440
724495
724777
724785
724877
724886
725316
725325
725402
725487
725523
725539
725547
725607
725623
725725
725728
725773
725920
725998
726029
726184
726460
726687
726689
727417
727440
727805
727963
728139
728302
728381
728424
728653
728908
728932
729005
729252
729517
729577
730342
730511
730511
730576
730717
730737
731092
731570
731639
731690
731818
732107
732256
732464
732739
732760
732888
732961
733049
733131
733406
733631
733761
733897
733900
734016
734027
734042
734418
734642
734690
734752
734781
734823
735358
735500
735515
735519
735816
735862
735871
736549
736617
736969
737028
737281
737449
737472
737603
737819
737837
737873
738093
738115
738256
738264
738320
738432
738480
738533
738685
738689
738882
739200
739340
739408
739661
739844
739872
739903
739944
740577
740717
740854
741183
741285
741323
741330
741481
741548
741635
741667
741778
741800
741800
741834
741907
741912
742188
742254
742315
742319
742399
742556
742653
742676
742928
743157
743582
743818
743957
743991
744224
744375
744408
744612
744677
744761
744871
744954
744975
744993
745143
745148
745281
745584
746203
746476
746513
746521
746718
746770
746831
746978
747027
747072
747144
747405
747537
747568
747575
747590
747779
747957
748172
748255
748264
748338
748385
748641
748682
748707
748739
748826
748924
749148
749339
749666
749691
750067
750172
750249
750283
750300
750409
750589
751184
751193
751319
751504
751538
751574
751619
751699
751703
751806
752149
752373
752441
752584
752830
753370
753417
753638
754063
754181
754383
754447
754565
754826
754833
754876
754960
754984
755016
755033
755036
755118
755232
755347
755359
755740
755776
755792
755840
755887
756134
756171
756352
756545
756588
756721
756897
757021
757233
757242
757304
757366
757878
758507
758510
758681
758702
758707
758786
759101
759384
759731
759821
759847
759860
759916
760025
760109
760461
760687
760750
760937
761049
761514
761600
761698
761708
761745
761766
762252
762670
762763
762768
763236
763529
763572
763800
763867
764058
764075
764195
764490
764493
764545
764612
764633
764640
765285
765553
765797
766529
767202
767233
767700
767867
767989
768458
768614
768704
768779
768843
768865
768961
768990
770060
770166
770276
770346
770400
770575
770672
770683
771004
771037
771139
771171
771429
771570
771965
772332
772473
772539
772556
772626
772879
772885
773041
773348
773482
773613
773818
774049
774165
774193
774533
774545
775100
775201
775207
775272
775324
775372
775724
775811
776237
776333
776409
776441
776646
776685
776690
776728
776780
777154
777189
777207
777383
777430
777549
777661
777836
777981
778506
778565
778960
779070
779070
779627
779747
779983
780018
780053
780424
780531
780591
780745
780770
781008
781046
781266
781420
781491
781618
782109
782252
782488
782673
782690
782885
783060
783226
783370
783391
783554
783712
783721
783912
783946
784057
784185
784229
784245
784312
784530
784546
784572
784706
784800
784929
784953
784979
785129
785173
785331
785489
785554
785732
786016
786038
786129
786182
786702
786767
786917
786972
787224
787232
787333
787560
787823
787986
788129
788174
788247
788381
788428
788504
788582
788783
788802
789125
789254
789351
789456
789603
789780
790102
790290
790348
790379
790425
790568
790616
790785
791023
791161
791195
791246
791593
791599
791643
791683
791777
791918
791973
792014
792108
792149
792209
792414
792442
792513
792611
792818
792821
793117
793205
793418
793743
793852
794326
794446
794677
794895
795115
795225
795648
795935
796038
796050
796237
796607
796625
796885
796930
797184
797367
797510
797514
797524
797536
797698
797843
798004
798068
798219
798301
798308
798424
798864
799434
799819
800069
800324
800528
800659
800854
801072
801113
801416
801496
801605
801774
801922
802455
802552
802753
802864
802929
802969
803071
803555
803593
804315
804586
804682
805086
805231
805743
805980
806100
806847
807115
807253
807265
807690
807840
808253
808323
808345
808588
808630
808714
808738
808997
809097
809345
809432
809447
809510
809657
809694
809745
809816
809871
809980
810179
810228
810275
810354
810488
810995
811017
811190
811257
811288
811362
811452
811479
811729
811781
811935
812129
812265
812523
812576
812619
812651
812763
812769
812842
812938
812966
813130
813174
813200
813325
813449
813638
813707
813952
814232
814238
814356
815024
815150
815624
815883
816109
816173
816197
816199
816310
816396
816427
816592
816711
816718
816735
816771
817227
817256
817257
817288
817307
817442
817461
817585
817610
817656
817668
817781
817846
817923
817931
818087
818157
818291
818349
818408
818534
818538
818699
818806
818963
819044
819145
819170
819235
819301
819513
819573
819611
819840
819866
820160
820212
820471
820495
820576
820585
820676
820746
820792
820813
820829
820999
821067
821379
821490
821621
821800
821875
822003
822079
822332
822454
822462
822525
822570
822585
822731
822956
823157
823452
823818
824030
824235
824371
824659
824858
825262
825436
825452
825538
825556
825781
825808
825900
825910
826315
826416
826752
826756
826777
826806
826822
826919
826972
827180
827281
827309
827508
827514
828034
828271
828300
828326
828367
828374
828509
828656
828750
828781
828928
828978
829059
829061
829394
829713
829749
829946
830071
830148
830368
830443
830483
830560
830627
831003
831043
831236
831480
832025
832058
832086
832276
832375
832453
832497
832611
832658
832695
832698
832937
833091
833103
833389
834531
834604
834854
834934
835121
835199
835466
835589
835633
835677
835839
835860
836278
836298
836425
836433
836721
836839
837048
837232
837234
837316
837331
837776
837880
837989
838052
838289
838342
838374
838391
838415
838623
838641
838754
838824
838923
838936
838958
838975
839277
839421
840187
840226
840599
840632
840798
840833
840921
841034
841287
841401
841479
841659
841713
841844
841974
842088
842124
842299
842371
842510
842834
843133
843156
843232
843278
843307
843327
843334
843373
843467
843736
843962
843983
844007
844033
844054
844215
844305
844511
844736
844762
844953
845072
845216
845265
845280
845808
845860
846057
846348
846398
846431
846611
846628
846698
847374
847413
847757
848020
848317
848355
848791
849379
849433
849874
850013
850230
850372
850671
850951
850994
851426
851550
851937
851963
852018
852045
852126
852177
852257
852316
852604
852615
852702
852984
853012
853058
853203
853315
853521
853551
853741
854088
854124
854157
854386
854459
854738
854918
855281
855282
855340
855435
855437
855552
855585
855666
856127
856290
856348
856633
856663
856752
856861
857068
857504
857603
857809
858068
858164
858288
858750
858760
858777
858942
859380
859847
860105
860192
860276
860702
860783
860944
860977
861204
861464
861529
861637
861974
862120
862227
862663
862830
863385
863549
863575
863742
863792
863942
864369
864396
864409
864478
864506
864846
864876
864877
865183
865200
865479
865606
865813
865984
866208
866346
866367
866519
866789
866839
866843
866980
867413
867439
867455
867511
867605
867627
867713
867785
867838
867883
867985
868174
868220
868758
868900
869014
869076
869235
869415
869766
870136
870217
870351
870423
870663
870686
870742
871178
871223
871595
871604
871631
871772
871904
872260
872518
872772
872825
873310
873381
873553
873601
873635
873715
873716
874040
874157
874166
874202
874550
875108
875153
875198
875272
875923
875983
876156
876301
876632
876761
877050
877065
877193
877338
877363
877386
877393
877660
877978
878108
878286
878367
878476
878603
878770
879064
879095
879144
879276
879324
879384
879423
879438
879723
879802
880005
880028
880072
880122
880238
880334
880433
880472
881251
881310
881314
881333
881356
881387
881461
881491
881797
881805
881877
881969
881985
882148
882490
882522
882644
882955
883265
883320
883344
883423
883689
883839
883849
883864
884295
884380
884421
884982
885033
885309
885495
885514
885565
885744
885879
885886
885975
886044
886060
886133
886150
886308
886498
886548
886832
886847
887009
887053
887081
887083
887203
887482
887754
887904
887993
888043
888054
888142
888230
888303
888507
888657
888811
888941
889001
889432
889456
889748
889923
890133
890235
890311
891194
891309
891424
891479
891571
891832
891945
892271
892329
892559
892624
893034
893078
893158
893558
893603
893657
893675
893737
893786
893794
894276
894529
894573
894958
895171
895198
895711
895973
896039
896099
896147
896347
896457
896560
896677
896958
897228
897462
897673
897858
897871
897878
897992
898603
899127
899643
899722
899736
899885
899944
900042
900156
900289
900309
900383
900433
900552
900564
900643
900643
900743
900876
900886
901530
901602
901856
901966
902021
902056
902163
902171
902200
902249
902372
902791
902872
902920
902978
903060
903123
903219
903255
903378
903470
903488
903565
903947
904004
904050
904065
904142
904215
904242
904310
904379
904393
904478
904708
904789
905097
905152
905351
905584
906037
906758
906763
906807
907317
907761
907848
908166
908277
908403
908416
908652
908800
908881
909138
909239
909569
910263
910358
910745
910877
911170
911513
911798
911842
911938
912241
912383
913170
913210
913288
913646
913747
913814
913916
914313
914594
914899
915422
915464
915725
916168
916304
916651
916844
916921
917012
917076
917291
917528
917951
917953
918041
918175
918412
918777
918979
918994
919128
919256
919309
919411
919471
919637
919689
919722
919841
919964
920282
920385
920445
920737
920994
921255
921269
921581
921737
922261
922481
922586
922634
922817
922944
922965
923342
923453
923465
923467
923625
923853
924360
924454
924529
924584
924762
924987
925074
925164
925253
925396
925399
925421
925675
925823
926126
926283
926492
926756
926871
927063
927452
927706
927769
927814
928055
928674
928740
928772
929443
929745
929799
929855
930015
930030
930088
930174
930186
930286
930652
930915
931121
931184
931391
931394
931405
931441
931450
931685
931873
932235
932243
932798
932806
932872
933415
933452
933513
933690
933799
933980
934296
934461
934550
934576
934950
935030
935383
935429
935543
935671
936169
936358
936500
936511
936529
936817
936840
936889
936974
936980
937073
937160
937183
937407
937426
937646
937707
937807
937864
937914
937919
937943
938193
938417
938610
938616
938673
938766
938929
939004
939153
939179
939261
939401
939451
939496
939842
939847
940130
940540
940602
940627
940897
941157
941268
941402
941636
941678
941683
941967
942078
942186
942292
942750
942836
942937
942976
942991
943109
943132
943149
943231
943280
943352
943564
943679
943759
943769
944147
944550
944580
944655
944656
944746
944752
945230
945394
945774
945909
946019
946502
946886
946973
946992
947165
947230
947367
947578
947955
948079
948089
948169
948222
948281
948357
948399
948563
948659
948818
949053
949153
949184
949284
949427
949862
950071
950077
950094
950540
950752
950934
951052
951117
951277
951295
951448
951467
951521
951584
952118
952129
952188
952432
952444
952687
952749
952801
953018
953353
953368
953377
953403
953456
953529
953669
953720
953799
953912
954030
954128
954363
954646
954703
954829
954854
954903
955099
955230
955516
956006
956419
956710
956739
956963
957178
957275
957371
957414
957499
957592
957732
957746
958385
958460
958559
958635
958687
958805
959148
959296
959362
959406
959438
959521
959620
959786
959946
960200
960245
960367
960457
960707
960745
960973
961082
961281
962165
962197
962350
962381
962650
962804
962867
962986
963359
963423
963529
964239
964254
964668
964835
965034
965125
965717
965737
966191
966678
966848
967045
967211
967330
967527
967828
968045
968594
968638
969247
969342
969692
969703
969763
969768
970207
970544
970825
970928
970999
971199
971305
971800
971835
972114
972345
972464
972473
972615
972667
972682
972917
973212
973228
973357
973563
973734
973811
973815
974002
974198
974295
975519
975625
975740
975787
976354
976397
976696
976739
977039
977239
977363
977364
977369
977435
977492
977493
977529
977652
977730
978160
978244
978280
978438
978590
978732
978733
978816
978958
979102
979869
979877
979917
979964
980552
980561
980731
981138
981233
981577
981597
981754
982003
982043
982145
982518
982998
983202
983285
983767
984111
984127
984428
984443
984507
984635
984868
984896
984930
985032
985234
985342
985361
985390
985423
985525
985726
985771
985775
985846
985882
985894
985975
985988
986014
986205
986282
986563
986707
986782
987071
987173
987273
987501
987623
987704
987759
988042
988141
988186
988473
988587
988685
988897
988977
989272
989385
989442
989443
989505
989605
989710
989776
989827
990070
990179
990702
990793
991015
991079
991187
991223
991986
992416
992544
992595
992642
992761
992875
993119
993240
993666
994006
994089
994259
994299
994322
994344
994477
994688
994707
994874
994891
995091
995093
995262
995326
995335
995346
995389
995560
995740
995776
996008
996026
996092
996183
996494
996651
997201
997207
997314
997372
997809
998006
998012
998089
998105
998252
998723
998865
998938
999399
999411
999650
999743
999875
