-99969
-99865
-99779
-99664
-99638
-99472
-99326
-98989
-98955
-98703
-98689
-98413
-98409
-98363
-98178
-98143
-98108
-98100
-97976
-97969
-97956
-97863
-97669
-97652
-97460
-97426
-97409
-97335
-97126
-97109
-97067
-97045
-97012
-96941
-96648
-96644
-96505
-96384
-96328
-96318
-96311
-96307
-96091
-95991
-95969
-95964
-95853
-95822
-95821
-95726
-95308
-94973
-94936
-94905
-94815
-94740
-94709
-94685
-94540
-94537
-94522
-94397
-94297
-94128
-93864
-93858
-93836
-93818
-93763
-93763
-93464
-93139
-92940
-92780
-92767
-92757
-92604
-92485
-92485
-92430
-92154
-92107
-91996
-91914
-91573
-91427
-91306
-91028
-90936
-90892
-90881
-90868
-90835
-90742
-90686
-90629
-90242
-90227
-90184
-90177
-90139
-90138
-90057
-89946
-89641
-89231
-89121
-88735
-88616
-88418
-88229
-87963
-87948
-87658
-87600
-87557
-87396
-86834
-86759
-86675
-86563
-86531
-86501
-86443
-86386
-86238
-86207
-86176
-86125
-86049
-86041
-86024
-85841
-85833
-85816
-85743
-85678
-85370
-85297
-85109
-85060
-85005
-84973
-84933
-84872
-84625
-84519
-84249
-84116
-83957
-83944
-83884
-83768
-83385
-83339
-83248
-83171
-83091
-82809
-82718
-82601
-82595
-82027
-81973
-81814
-81466
-81216
-81194
-81155
-81109
-81065
-80994
-80911
-80902
-80770
-80497
-80362
-80323
-80297
-80241
-79828
-79691
-79674
-79659
-79517
-79489
-79348
-79100
-79021
-78934
-78753
-78665
-78594
-78301
-78231
-78228
-78206
-78134
-77926
-77803
-77280
-77264
-77234
-77166
-77148
-77059
-77055
-77031
-76999
-76943
-76896
-76840
-76374
-76059
-76052
-75972
-75959
-75824
-75748
-75407
-75173
-74978
-74805
-74764
-74671
-74649
-74516
-74506
-74503
-74503
-74401
-74354
-74314
-74060
-73976
-73903
-73696
-73635
-73596
-73531
-73519
-73444
-73315
-73119
-72697
-72192
-72056
-71963
-71762
-71444
-71398
-71329
-71270
-71187
-71061
-70956
-70951
-70940
-70736
-70646
-70541
-70345
-70234
-69870
-69834
-69833
-69805
-69697
-69544
-69460
-68622
-68596
-68593
-68557
-68471
-68365
-68314
-68190
-68145
-68103
-67714
-67678
-67504
-67370
-67332
-67307
-66940
-66715
-66634
-66531
-66492
-66235
-66051
-65852
-65782
-65685
-65647
-65079
-64896
-64853
-64685
-64583
-64327
-64307
-64271
-64175
-63819
-63809
-63610
-63427
-63359
-63357
-63341
-63216
-63048
-62922
-62802
-62751
-62723
-62559
-62532
-62510
-62275
-62220
-62154
-62141
-61251
-61166
-61046
-60741
-60740
-60692
-60677
-60371
-60214
-60151
-60114
-60083
-60044
-59978
-59893
-59763
-59725
-59652
-59652
-59629
-59613
-59556
-59549
-59503
-59490
-59259
-59247
-59199
-59028
-58972
-58762
-58689
-58549
-58398
-58374
-58221
-57884
-57758
-57750
-57634
-57599
-57186
-56920
-56810
-56657
-56371
-56311
-56299
-56134
-56095
-56058
-55980
-55935
-55832
-55443
-55430
-55357
-55307
-55173
-54946
-54837
-54452
-54298
-53598
-53580
-53544
-53521
-53437
-53423
-53417
-53200
-53136
-53089
-52918
-52896
-52886
-52795
-52707
-52675
-52641
-52502
-52497
-52486
-52378
-52166
-52136
-52023
-51859
-51848
-51838
-51776
-51687
-51664
-51646
-51477
-51218
-51027
-50989
-50960
-50520
-50427
-50426
-50341
-50222
-49681
-49612
-49540
-49471
-49413
-49386
-49215
-49162
-49091
-48917
-48744
-48719
-48668
-48450
-48274
-48199
-48154
-47926
-47845
-47812
-47704
-47529
-47484
-47427
-47424
-47397
-47182
-47070
-46988
-46903
-46788
-46633
-46628
-46354
-46352
-46276
-45976
-45959
-45696
-45363
-45358
-45346
-44888
-44813
-44704
-44703
-44658
-44643
-44487
-44298
-44262
-44250
-44204
-44179
-44046
-43710
-43376
-43085
-43078
-42976
-42714
-42610
-42290
-42231
-42157
-42148
-42028
-41949
-41827
-41714
-41638
-41533
-41469
-41128
-40967
-40870
-40834
-40619
-40577
-40560
-40362
-40218
-40110
-40094
-40086
-39562
-39360
-39345
-39011
-38855
-38577
-38431
-38352
-38283
-38256
-38238
-38092
-38028
-38002
-37969
-37864
-37837
-37787
-37782
-37731
-37680
-37642
-37275
-37232
-37227
-37182
-36948
-36449
-36392
-36338
-36012
-36009
-35801
-35690
-35382
-35345
-35202
-35149
-35051
-35028
-34993
-34990
-34873
-34768
-34373
-34060
-33948
-33914
-33886
-33608
-33512
-33374
-33339
-33046
-33008
-32975
-32912
-32743
-32679
-32505
-32447
-32251
-32248
-32069
-31905
-31694
-31279
-31259
-31251
-31067
-31064
-31062
-30796
-30664
-30619
-30617
-30482
-30372
-30294
-30147
-30111
-30099
-29927
-29825
-29810
-29767
-29711
-29660
-29553
-29401
-29392
-29246
-28923
-28779
-28665
-28192
-28166
-28136
-27896
-27825
-27816
-27467
-27110
-27104
-27103
-26965
-26941
-26912
-26817
-26744
-26547
-26540
-26459
-26278
-26034
-25916
-25670
-25208
-25197
-25025
-24976
-24877
-24552
-24346
-24256
-24253
-24170
-24029
-23939
-23922
-23911
-23720
-23504
-23497
-23454
-23437
-23350
-23200
-23192
-23022
-22996
-22975
-22625
-22596
-22550
-22469
-22468
-22463
-22450
-22209
-22135
-22084
-21912
-21517
-21359
-21246
-20803
-20701
-20649
-20623
-20476
-20393
-20336
-20244
-20060
-19986
-19850
-19638
-19401
-19388
-19258
-19124
-19026
-18813
-18751
-18368
-18338
-18168
-18165
-18161
-18123
-18098
-18084
-18046
-17781
-17746
-17661
-17649
-17639
-17536
-17345
-17236
-17228
-16839
-16374
-15896
-15831
-15776
-15756
-15309
-15092
-14703
-14666
-14655
-14613
-14577
-14474
-14473
-14437
-14348
-14248
-13839
-13792
-13777
-13597
-13541
-13382
-13351
-13165
-12834
-12831
-12829
-12799
-12621
-12527
-12519
-12515
-12427
-12368
-12345
-12306
-12292
-12218
-12174
-12139
-12084
-12039
-12004
-11753
-11751
-11719
-11668
-11646
-11603
-11571
-11466
-11237
-11229
-11227
-11199
-11125
-11090
-11083
-10957
-10937
-10800
-10734
-10706
-10211
-9929
-9753
-9699
-9666
-9415
-9093
-8875
-8774
-8640
-8107
-7649
-7495
-7445
-7195
-7186
-6909
-6740
-6715
-6676
-6548
-6394
-6299
-6223
-6134
-6091
-6039
-5715
-5662
-5503
-5296
-5273
-5025
-4768
-4557
-4549
-4338
-4318
-3850
-3797
-3723
-3334
-3320
-3301
-3213
-3163
-3154
-2955
-2891
-2809
-2783
-2692
-2669
-2638
-2589
-2516
-2445
-2405
-2368
-2320
-2227
-1999
-1951
-1700
-1679
-1558
-1551
-1541
-1350
-1341
-1310
-1295
-895
-616
-502
-419
-193
45
46
157
230
310
421
458
496
497
597
750
887
1056
1127
1240
1374
1642
1861
1874
1900
2062
2084
2345
2390
2436
2563
2704
2740
2760
2793
2924
3023
3044
3224
3277
3346
3422
3531
3702
3775
3783
3852
3982
4491
4640
5104
5119
5446
5515
5537
5557
5585
5936
6023
6178
6386
6425
6454
6518
6995
7051
7166
7336
7366
7503
7509
7570
7645
7860
8077
8292
8517
8658
8779
8845
8935
9145
9347
9632
9649
9729
9775
9829
9866
9867
9906
10118
10217
10219
10224
10240
10322
10450
10549
10706
10766
10808
10896
10989
11187
11201
11300
11326
11635
11723
11752
11990
12114
12155
12526
12662
12866
12988
13027
13175
13367
13416
13481
13599
13828
13913
13962
13988
14136
14143
14165
14393
14510
14611
14917
14980
15004
15229
15546
15668
15699
15992
16222
16273
16583
16656
16691
16786
16908
16985
17044
17085
17269
17557
17609
17664
17743
17939
18014
18388
18440
18494
18521
18877
18985
19175
19336
19359
19382
19523
19717
19761
19805
19824
19856
19887
19949
19973
19973
20180
20217
20285
20286
20288
20295
20356
20583
20596
20625
20729
20858
20919
20940
20959
21056
21099
21101
21214
21315
21413
21651
21717
22109
22166
22370
22486
22495
22561
22670
22810
22861
22882
22889
23143
23259
23268
23286
23730
23776
23953
23979
24388
24471
24722
24818
25175
25891
25892
25927
25942
25980
26142
26176
26203
26210
26255
26431
26923
26937
26964
26973
27091
27262
27333
27415
27575
27608
27632
27769
27906
28129
28388
28397
28508
28886
29037
29089
29160
29262
29291
29297
29582
29649
29808
29908
29917
29987
30028
30046
30173
30229
30252
30284
30306
30510
30596
30665
30731
30774
30844
30914
30968
31106
31197
31687
31717
31798
31926
32248
32262
32363
32622
32838
32945
32959
32993
33147
33212
33215
33254
33666
33687
33842
33915
33953
34285
34353
34472
34729
34924
35048
35166
35294
35414
35444
35632
35749
35942
36205
36319
36532
36566
36572
36654
36801
36872
36901
36941
36958
36967
37141
37287
37589
37609
37726
37963
38017
38218
38249
38251
38273
38500
38529
38560
38587
38805
38882
38943
39004
39135
39207
39289
39323
39353
39359
39393
39882
39917
40087
40217
40219
40223
40343
40388
40545
40684
40694
40772
40793
40822
40890
40982
41077
41086
41346
41349
41364
41369
41499
41697
41764
42167
42186
42446
42471
42783
42899
42971
42985
43314
43410
43490
43802
43877
44139
44211
44796
44820
45045
45084
45132
45198
45260
45324
45416
45426
45612
45915
46012
46248
46253
46398
46551
46568
46878
46884
46905
47104
47145
47145
47194
47470
47787
47862
47987
48043
48069
48082
48093
48106
48188
48209
48220
48737
48898
48911
48983
49066
49102
49134
49156
49162
49214
49578
49595
49788
49829
49922
50262
50364
50411
50621
50667
50838
50999
51133
51329
51440
51534
51605
51924
51935
52040
52199
52217
52279
52474
52740
52961
53000
53027
53069
53106
53311
53316
53578
53751
53985
54076
54185
54267
54396
54529
54565
54791
54817
55140
55273
55293
55620
55694
55809
56100
56131
56355
56677
56738
56822
56884
57249
57328
57488
57719
57758
57771
57824
58038
58043
58046
58112
58139
58169
58219
58240
58263
58299
58359
58361
58362
58373
58452
58484
58494
58559
59057
59125
59143
59330
59357
59571
59689
59713
59984
60352
60375
60472
60581
60664
60747
60926
60935
61207
61240
61469
61678
61736
61792
61999
62304
62309
62497
62812
63005
63065
63167
63195
63612
63639
63651
63751
63803
63827
63853
64083
64469
64501
64551
64611
64736
64947
64971
65052
65084
65330
65336
65365
65429
65550
65627
65636
65666
65875
65908
65958
66104
66106
66436
66571
66589
66762
66905
67088
67186
67377
67407
67434
67595
67612
67671
67906
68099
68132
68323
68439
68534
68803
68902
68963
69000
69044
69081
69192
69251
69305
69375
69530
69675
69839
69850
69946
70020
70288
70293
70360
70377
70571
70746
70926
70930
71260
71448
71468
71580
71601
71626
71736
71756
71770
71874
71977
72038
72370
72870
73136
73152
73185
73224
73540
73564
73570
73682
73689
73802
73834
73949
74058
74125
74256
74313
74554
74640
74791
74816
74898
75026
75147
75149
75325
75391
75576
75680
76131
76193
76378
76394
76403
76490
76549
76685
76688
76711
76750
76767
77046
77052
77130
77265
77350
77583
77674
77706
77771
77802
77988
78176
78237
78300
78345
78392
78422
78801
78856
78896
78974
79011
79053
79059
79082
79368
79473
79529
79533
79911
80026
80095
80128
80202
80420
80514
80764
80923
80940
80941
80973
81067
81182
81183
81235
81337
81372
81516
81714
81821
81832
82089
82164
82199
82221
82537
82595
82619
82621
82759
82851
83067
83068
83173
83205
83285
83333
83368
83433
83435
83603
83827
83860
83921
83956
84154
84194
84478
84623
84678
84970
85279
85289
85895
85932
85989
85991
86059
86292
86348
86574
86806
86975
86980
87050
87062
87072
87351
87421
87443
87461
87718
87873
87891
87987
88070
88071
88114
88181
88190
88205
88239
88306
88320
88326
88328
88671
88674
88788
88888
89083
89272
89494
89507
89508
89554
89579
89630
89891
89937
89951
90002
90003
90004
90171
90283
90290
90448
90468
90538
90646
91037
91244
91595
91620
91995
92115
92182
92187
92338
92461
92480
92622
92637
92698
92714
92783
92869
93262
93336
93386
93472
93541
93573
93669
93679
93822
93852
93932
93975
93986
93987
94020
94090
94108
94133
94185
94373
94480
94666
94719
94810
94861
94890
95131
95222
95443
95484
95598
96002
96088
96306
96355
96470
96714
96950
96954
97146
97173
97404
97408
97451
97533
97637
97680
97796
97843
97861
97983
98002
98007
98033
98398
98534
98578
98596
98621
98670
98749
98866
98871
99010
99084
99170
99176
99194
99308
99442
99643
99856
100010
100109
100164
100195
100401
100455
100573
100791
100794
100815
100818
100822
100995
101131
101288
101487
101723
101854
101893
101976
102219
102309
102445
102761
102773
102893
102899
102928
103051
103130
103244
103249
103502
103566
103588
103651
103718
103939
104052
104057
104086
104117
104132
104379
104527
104577
104647
104930
104958
105044
105085
105328
105403
105613
105630
105697
105762
105773
105775
105888
105954
106373
106460
106692
106821
106894
106905
107005
107050
107057
107381
107498
107526
107561
108046
108048
108170
108177
108193
108340
108381
108394
108404
108416
108557
108577
108600
108604
108692
108794
108891
109044
109087
109392
109480
109767
109794
109807
110072
110187
110380
110483
110529
110602
110667
110775
110843
110902
110959
111061
111063
111084
111168
111262
111614
111649
111893
111896
111933
112019
112133
112163
112171
112270
112517
112527
112964
113350
113425
113454
113481
113536
113744
113971
114419
114496
114749
114951
115244
115301
115309
115413
115431
115482
115507
115567
115719
115773
115997
116131
116213
116374
116400
116590
116642
116649
116703
116772
116953
116977
117067
117076
117481
117529
117814
117870
117930
118127
118255
118397
118479
118808
118921
118985
119051
119459
119464
119498
119616
119748
120110
120209
120386
120486
120658
120712
120714
120821
120854
120923
121014
121058
121065
121092
121356
121454
121474
121696
121705
121967
122054
122171
122247
122388
122481
122586
122732
122866
122989
123098
123108
123249
123573
123741
123756
123779
123807
123863
124010
124045
124152
124164
124227
124228
124587
124688
124759
124816
124898
124976
125190
125464
125485
126045
126073
126436
126440
126452
126455
126818
127025
127038
127134
127186
127229
127276
127472
127821
127957
128061
128153
128179
128222
128274
128309
128372
128426
128628
128642
128674
128688
128755
128798
128896
129123
129129
129228
129267
129423
129608
129624
129794
129921
129979
130009
130058
130148
130195
130390
130400
130437
130493
130555
130854
130865
130890
131189
131214
131477
131582
131634
131669
131990
131992
131994
132035
132236
132478
132543
132617
132764
132806
132875
132926
133115
133268
133280
133688
133744
133757
133817
133888
133911
133913
133995
134000
134141
134216
134344
134452
134528
134595
134791
134833
135036
135107
135207
135229
135281
135365
135460
135474
135519
135950
135954
135970
135981
135997
136073
136509
136573
136886
137174
137312
137397
137654
137771
138035
138238
138443
138663
138738
138892
138996
139013
139059
139280
139406
139608
139813
139870
139905
139915
140018
140216
140282
140326
140422
140462
140655
140715
140722
140812
140851
140859
141024
141101
141111
141136
141152
141190
141217
141518
141523
141538
141588
141873
141984
142122
142160
142179
142396
142443
142664
142851
142967
143018
143105
143522
143523
143693
143693
143706
143769
143793
143803
143891
143991
143995
144048
144064
144201
144356
144369
144372
144590
145056
145200
145208
145385
145738
145992
146071
146159
146203
146247
146461
146602
146684
146769
147043
147073
147173
147283
147466
147725
147780
147959
148130
148393
148428
148535
148655
148720
148819
148837
148901
148982
149014
149278
149446
149639
149663
149851
150233
150270
150281
150338
150522
150574
150592
150661
150733
150789
150794
150807
151023
151024
151067
151143
151155
151431
151572
151637
151677
151777
151883
151950
151992
152006
152076
152153
152232
152480
152547
152641
152651
152696
153123
153290
153354
153489
153680
153906
153963
154016
154052
154349
154834
154863
154928
154934
155022
155093
155181
155375
155536
155573
155702
155715
155993
156113
156121
156177
156500
156568
156628
156857
156866
156929
157330
157363
157382
157495
157629
157640
157723
157749
157817
158461
158547
158619
158646
158704
159057
159111
159470
159477
159526
159542
159596
159654
159867
160034
160116
160382
160411
160629
160778
161093
161134
161223
161248
161263
161543
161564
161613
161765
161790
161843
161854
161858
162005
162022
162037
162772
163112
163162
163273
163399
163399
163408
163427
163581
163722
163827
163981
164007
164037
164063
164105
164127
164139
164257
164265
164277
164367
164433
164499
165044
165050
165080
165098
165341
165429
165454
165589
165610
165688
165702
165766
165800
165831
166016
166295
166299
166325
166484
166611
166890
167077
167143
167154
167164
167261
167356
167513
167573
167628
167726
168007
168062
168144
168362
168388
168496
168584
168800
168833
168850
168881
168889
169292
169332
169487
169578
169602
169617
169735
170025
170044
170119
170201
170223
170236
170284
170290
170355
170460
170560
170581
170604
170773
170780
170881
171005
171083
171248
171641
171679
171743
172445
172612
172955
172992
173309
173328
173488
173793
173934
174087
174153
174553
174621
174728
174815
174970
175248
175339
175521
175549
175598
175609
175651
175786
175811
175940
175973
176161
176240
176254
176462
176469
176504
176505
176649
176687
176749
176863
177032
177033
177075
177105
177133
177185
177351
177372
177374
177480
177515
177730
177841
177860
178048
178217
178353
178407
178414
178708
178724
179242
179253
179282
179392
179471
179505
179697
179700
179743
179768
179881
179941
180021
180107
180187
180217
180239
180293
180465
180506
180512
180624
180632
181012
181033
181111
181237
181274
181458
181533
181598
181640
181670
181694
181741
181896
182052
182124
182166
182254
182549
182710
182814
182905
182979
183166
183532
183660
183921
183956
184100
184169
184171
184393
184636
184647
184809
184930
185117
185178
185180
185196
185205
185357
185363
185406
185438
185512
185571
185649
185713
185843
185966
186180
186212
186327
186430
186605
186656
186689
186909
187011
187052
187126
187225
187353
187388
187441
187769
187796
187887
188016
188107
188175
188177
188407
188920
189184
189376
189451
189568
189593
189622
189657
189767
189773
190115
190116
190188
190194
190490
190565
191018
191143
191146
191151
191220
191226
191261
191325
191364
191428
191616
191675
191758
191922
191931
192030
192170
192220
192386
192572
193161
193282
193509
193811
194014
194237
194302
194340
194447
194640
194734
194791
194899
194906
195013
195094
195237
195807
195908
195969
196025
196044
196146
196189
196646
196717
196753
196832
196899
197058
197201
197350
197432
197470
197583
197933
198158
198189
198308
198699
198754
198822
198975
199283
199326
199340
199504
199529
199704
199774
199936
200040
200086
200087
200165
200284
200392
200693
200726
200746
200774
200826
200858
200879
200924
201029
201331
201478
201483
201573
201640
201708
201889
202192
202336
202421
202456
202548
202708
202815
203059
203160
203225
203265
203299
203309
203327
203454
203536
203607
203616
203668
203743
204046
204079
204153
204199
204303
204456
204471
204743
204860
204909
205028
205216
205282
205288
205297
205305
205335
205335
205667
205694
205867
206102
206234
206338
206396
206400
206678
206714
206765
206812
206879
207205
207339
208285
208383
208445
208582
208623
208729
208755
208955
208982
209156
209161
209204
209205
209305
209394
209395
209515
209572
209710
209856
209910
210067
210243
210245
210331
210420
210633
210640
210671
210693
210782
210906
210937
211031
211031
211083
211085
211278
211596
211658
211661
211668
211674
211861
211882
211911
211946
211973
212248
212289
212345
212374
212442
212486
212852
212913
212975
213030
213105
213161
213172
213376
213554
213561
213598
213832
214144
214168
214208
214243
214361
214433
214500
214504
214599
214862
215166
215405
215640
215649
215838
215893
215920
215986
216137
216243
216273
216358
216398
216432
216483
216731
217031
217047
217178
217224
217327
217378
217479
217661
218096
218166
218284
218366
218421
218770
218886
218993
219043
219211
219232
219272
219299
219404
219483
219680
219751
220233
220248
220300
220304
220432
220471
220546
220593
220616
220988
220990
221126
221218
221262
221501
221548
221782
221846
222331
222355
222699
222798
222886
222888
222937
222999
223002
223085
223115
223310
223431
223461
223491
223634
223647
223761
223792
223829
223933
223982
224062
224124
224298
224573
224623
224668
224802
224869
224870
224896
224930
225101
225323
225461
225528
225640
225729
225729
225754
226496
226571
226688
226818
227056
227153
227257
227383
227438
227504
227561
227912
228040
228209
228535
228580
228632
228840
229096
229182
229252
229264
229405
229515
229554
229831
229887
229962
230000
230166
230190
230254
230305
230449
230478
230526
230812
230950
231115
231331
231408
231446
231449
231491
232047
232145
232366
232394
232995
233094
233387
233412
233440
233443
233605
233769
233973
233973
234039
234307
234410
234516
234578
234736
235108
235112
235171
235232
235368
235660
235671
235709
235735
235752
235840
235887
235926
235933
235938
236006
236138
236281
236327
236483
236503
236979
237084
237253
237393
237567
237607
237657
237681
237767
237869
237928
237954
238187
238202
238224
238270
238317
238466
238568
238722
239002
239044
239279
239441
239443
239735
239768
239822
239946
240059
240200
240235
240383
240545
240682
240869
241013
241027
241169
241236
241257
241347
241459
241536
241705
241719
241755
241863
241893
242214
242531
243182
243421
243431
243447
244125
244127
244148
244256
244399
244439
244488
244629
244645
244679
244818
244873
244979
245105
245389
245401
245415
245426
245429
245614
246040
246114
246234
246243
246281
246401
246426
246474
246597
246642
246850
246878
246995
247038
247082
247444
247453
247530
247581
247770
247838
247850
247860
247910
248044
248131
248232
248366
248406
248411
248478
248614
248680
248789
248822
248824
248838
248900
248931
248962
249020
249116
249485
249621
250107
250227
250279
250280
250500
250803
250858
250972
251059
251327
251544
251714
251719
251778
251829
251986
252071
252205
252239
252267
252833
252999
253187
253354
253368
253798
253896
254092
254159
254213
254278
254556
254564
254593
254600
254628
254755
254980
255002
255112
255213
255364
255366
255715
255748
255774
255835
255906
255968
256189
256270
256303
256347
256366
256406
256419
256432
256482
256742
256826
257018
257115
257296
257300
257370
257467
257514
257537
257694
257708
257764
257973
258161
258197
258246
258273
258317
258359
259028
259072
259104
259125
259194
259322
259324
259449
259507
259885
259948
259981
260059
260105
260417
260438
260983
261107
261133
261179
261213
261455
261732
261878
262051
262280
262566
262753
262888
263048
263178
263180
263230
263310
263630
263737
263894
264092
264212
264321
264335
264364
264632
264718
264815
265031
265192
265499
265535
265648
265684
265803
265875
266209
266514
266531
266594
266617
266630
266682
266812
267054
267120
267234
267521
267585
267633
267819
268039
268084
268089
268260
268289
268365
268547
268613
268852
268862
268930
268977
269000
269026
269197
269328
269422
269540
269691
269962
270046
270135
270324
270482
270603
270632
270662
270764
270957
270983
270991
271615
271710
271810
271857
272067
272095
272232
272319
272793
272822
273102
273424
273696
273758
273762
273769
273814
273846
274101
274108
274240
274292
274439
274453
274480
274624
274854
274923
275234
275246
275258
275334
275356
275877
275926
276009
276017
276201
276262
276302
276342
276382
276606
276819
277520
277598
277714
277770
277931
278056
278099
278349
278501
278504
278595
278752
278758
278841
278945
279103
279186
279237
279243
279329
279363
279411
279590
279593
279634
279917
280060
280462
280527
280631
280692
280698
280812
280987
281083
281181
281185
281227
281306
281460
281558
281648
281699
281812
281877
282021
282107
282307
282321
282322
282524
282597
282709
282727
282840
283310
283515
283765
283788
283800
283827
283846
284005
284271
284287
284312
284612
284862
285286
285361
285511
285611
285635
285715
285967
286261
286542
286573
286650
286663
286947
286948
286987
287069
287110
287599
287805
287899
288201
288312
289093
289106
289116
289159
289173
289285
289464
289482
289502
289865
289905
289937
290021
290056
290124
290137
290196
290431
290498
290610
290722
290782
290883
290997
291065
291128
291384
291455
291512
291608
291812
291852
291872
292235
292305
292538
292595
292732
292869
293045
293063
293267
293526
293568
293798
293810
293841
293920
294033
294095
294260
294483
294518
294524
294557
294596
294638
294747
294782
294930
295189
295241
295263
295301
295342
295374
295417
295568
295625
295637
295646
295761
295794
295821
295824
295825
295965
296121
296242
296327
296729
296849
297182
297206
297266
297472
297522
297691
297905
298227
298233
298355
298435
298482
298554
298660
298992
299118
299123
299374
299481
299502
299551
299602
299616
299682
299694
299737
299812
299967
300024
300150
300260
300269
300328
300348
300383
300396
300540
300552
300581
300979
301173
301195
301202
301325
301474
301547
301603
301622
302018
302143
302176
302339
302495
302502
302672
302914
302959
303087
303182
303446
303481
303512
303536
303541
303594
303698
303854
304015
304503
304518
304670
304673
304694
304960
305030
305083
305160
305260
305279
305529
305537
305685
305848
305928
306357
306434
306494
306937
306952
306970
307027
307355
307399
307407
307704
308058
308520
308613
308643
308686
308731
308836
309088
309320
309321
309672
309704
309781
309785
309947
310108
310257
310447
310659
310690
310986
311088
311340
311506
311786
311917
311966
311968
312133
312240
312393
312942
313012
313048
313165
313178
313262
313266
313270
313389
313774
313873
313956
314043
314063
314201
314231
314267
314368
314443
314446
314450
314488
314537
314596
314665
314683
314720
314810
314905
315035
315179
315253
315352
315422
315576
315721
315815
315827
316092
316123
316428
316753
316980
316992
317276
317492
317521
317555
317654
317858
317909
318008
318192
318217
318555
318708
318724
318742
318811
318974
319050
319116
319155
319324
319338
319455
319576
319896
319911
320112
320252
320318
320322
320345
320608
320661
320680
320742
320826
320841
320850
321027
321062
321099
321117
321206
321226
321318
321373
321386
321395
321417
321546
321613
321897
322067
322070
322097
322157
322382
322458
322499
322513
322762
322815
322869
323010
323292
323454
323531
323641
323699
323713
324058
324213
324294
324561
324940
324983
325009
325079
325088
325242
325276
325296
325312
325451
325508
325657
325752
325781
325966
326079
326290
326374
326446
326930
327033
327232
327327
327356
327414
327429
327479
327542
327628
327639
327936
327968
327980
328091
328213
328256
328280
328320
328368
328369
328383
328404
328450
328490
328581
328952
329261
329575
329586
329612
329645
329648
329722
329821
329940
329993
329996
330157
330386
330536
330733
330806
331147
331197
331402
331520
331763
331839
332062
332122
332159
332410
332521
332567
332622
332675
332772
332788
332870
332896
332906
332975
333045
333118
333126
333157
333222
333367
333376
333444
333509
333528
333537
333670
333677
333772
333868
333878
333959
333965
334231
334257
334514
334637
334642
334746
334882
334894
334898
334930
334986
335047
335055
335098
335189
335277
335561
335857
335963
336006
336343
336457
336524
336609
336702
337126
337233
337248
337377
337546
337577
337616
337665
337692
337718
337780
337792
337914
338070
338144
338202
338391
338564
338587
338588
338854
338859
338887
338990
339095
339118
339170
339295
339430
339464
339714
339878
339933
339972
340172
340325
340443
340554
340559
340825
340888
340928
341320
341471
341730
341810
341838
342074
342151
342388
342806
342923
343061
343078
343629
343637
343660
343709
343757
343807
343829
343869
343966
343992
344086
344121
344143
344373
344985
345019
345029
345155
345631
345632
345654
345815
345849
346295
346332
346515
346529
346590
346688
346726
346930
346981
347028
347053
347244
347470
347687
347729
347752
348172
348302
348615
348786
349015
349380
349383
349508
349571
349686
349822
349897
349960
350063
350158
350159
350244
350273
350307
350584
350604
350631
350673
350720
350756
350785
350905
350998
351032
351531
351531
351733
351734
351750
352002
352133
352192
352562
352623
352627
352753
352799
352897
353181
353293
353469
353601
353712
353730
353861
353876
353961
354165
354174
354240
354297
354644
354894
354975
355297
355339
355602
355707
355776
355930
355948
355953
355976
356035
356065
356172
356275
356374
356671
356821
356827
356995
357065
357112
357147
357296
357329
357530
357587
357790
357819
358138
358358
358675
358700
358730
358870
358891
358903
359081
359176
359457
359473
359521
359589
359640
359789
360037
360038
360089
360173
360190
360401
360690
360743
360866
361110
361209
361651
362103
362116
362143
362185
362212
362253
362282
362447
362589
362596
362623
362679
362721
362820
362870
362883
363009
363034
363051
363214
363226
363326
363326
363575
363666
363895
363968
364062
364185
364277
364307
364369
364584
365013
365106
365127
365212
365213
365217
365424
365454
365466
365538
365590
365853
365970
366060
366138
366142
366181
366220
366302
366444
366524
366545
366774
366784
366961
367102
367168
367217
367234
367244
367248
367318
367372
367555
367616
367650
367659
367763
368003
368067
368265
368385
368401
368553
368757
368783
369019
369098
369138
369448
369656
369720
369892
369967
370204
370236
370375
370462
370594
370641
370671
371001
371288
371362
371618
371869
371873
371875
371930
371987
372101
372234
372247
372307
372343
372355
372385
373055
373282
373286
373448
373685
373757
374005
374217
374261
374306
374391
374454
374480
374561
374577
374621
374792
374819
374908
374968
375111
375137
375354
375379
375640
375796
375894
375944
376033
376057
376060
376094
376597
376609
376639
376674
376701
376893
377060
377188
377304
377571
377677
377711
377726
377739
377828
377888
378070
378148
378193
378288
378363
378498
378529
378577
378763
378899
378955
378965
379170
379203
379268
379304
379305
379328
379368
379755
379812
380082
380136
380343
380391
380416
380424
380524
380580
380672
380751
380831
381073
381081
381118
381457
381475
381548
381559
381594
381848
381885
382423
382458
382837
382851
382855
382929
383028
383089
383176
383372
383424
383648
383989
384116
384216
384478
384480
384506
384549
384606
384675
384690
384811
384867
384895
385090
385146
385332
385393
385440
385450
385530
385821
385886
385905
385933
385959
385979
386007
386193
386354
386700
386742
386859
386907
387030
387097
387136
387137
387255
387299
387336
387362
387473
387477
387512
387595
387634
387694
387775
387921
388033
388527
388614
388680
388702
388838
388984
389150
389224
389233
389296
389328
389519
389605
389678
389739
389747
389869
389887
389945
390008
390128
390224
390249
390329
390382
390671
390690
390779
390795
390830
390863
390871
390908
390929
390945
391029
391188
391193
391221
391225
391298
391310
391425
391505
391522
391556
391624
391690
391807
391821
391879
391938
392066
392089
392154
392488
392619
392628
392717
392910
393292
393304
393390
393391
393403
393573
393609
393853
393874
393975
394100
394155
394360
394527
394625
394982
395013
395134
395139
395190
395465
395476
395505
395594
395668
395796
395895
395917
396184
396211
396240
396316
396592
396617
396735
397326
397483
397528
397882
398212
398384
398402
398588
398670
398793
398794
398918
398929
398933
399062
399074
399227
399386
399475
399512
399627
399651
399676
399803
400046
400100
401516
401641
401762
401854
402131
402330
402338
402347
402470
402533
402711
402730
402780
402815
402831
402868
402900
402973
403159
403305
403363
403527
403530
403559
403652
403831
403877
403996
404129
404154
404173
404205
404223
404456
404570
404585
404716
404770
404786
404868
405291
405292
405523
405617
405660
405858
406106
406117
406162
406477
406484
406716
406855
406996
407027
407056
407247
407523
407598
407705
407707
407756
407930
408213
408287
408384
408458
408462
408471
408515
408819
408951
409066
409243
409296
409475
409513
409764
409868
409948
409968
410127
410217
410388
410395
410469
410473
410507
410579
410732
410842
410959
410987
411006
411293
411315
411349
411475
411558
411617
411681
411803
411844
411939
411981
412086
412151
412288
412386
412456
412482
412585
412603
412709
413091
413474
413575
413655
413808
413843
413944
413973
414069
414442
414518
414685
414718
415107
415117
415187
415339
415487
415517
415518
415624
415881
415944
416214
416284
416470
416569
416595
416860
416887
416980
417061
417354
417608
417618
417689
417732
417784
418151
418167
418202
418239
418292
418368
418558
418616
418712
418841
418866
418884
418958
419026
419036
419068
419177
419283
419314
419408
419425
419626
419638
420101
420154
420158
420192
420464
420738
420849
420913
421075
421086
421277
421285
421383
421483
421509
421552
421718
421918
422011
422056
422192
422194
422243
422267
422272
422323
422497
422584
422743
422771
422853
422888
422945
423227
423238
423492
423502
423533
423612
424025
424287
424389
424537
424571
424582
424717
424720
424725
424755
425044
425061
425172
425185
425471
425841
425919
426131
426284
426363
426515
426997
427401
427457
427652
427661
427831
427835
427964
428201
428302
428685
428688
428790
428915
429012
429193
429240
429313
429338
429378
429464
429537
429640
429660
429695
429880
429889
429970
430094
430230
430280
430397
430443
430845
430898
430947
431024
431072
431096
431162
431619
431627
431843
431863
431993
432060
432084
432209
432228
432462
432749
432853
433057
433471
433544
433812
434333
434417
434484
434490
434599
434814
434930
435160
435224
435233
435289
435328
435406
435477
435547
435730
435852
435957
436139
436220
436298
436418
436611
436768
436786
436820
436953
436980
437498
437641
437727
437782
437958
438207
438222
438271
438442
438465
438469
438485
438630
438896
438931
439051
439251
439325
439990
440163
440192
440273
440328
440346
440965
441193
441232
441411
441531
441556
442012
442122
442162
442434
442660
443256
443328
443352
443383
443391
443406
443601
443703
443767
443816
443818
443821
443894
443948
444123
444158
444304
444346
444356
444393
444414
444446
444455
444469
444475
444552
444627
444886
444919
444976
445009
445063
445262
445366
445466
445596
445693
445734
445921
446310
446379
446469
446562
446606
446705
446769
446822
446837
446859
446888
447095
447191
447363
447397
447790
447974
448007
448124
448319
448464
448548
448858
448914
448938
449030
449079
449148
449219
449288
449500
449568
449606
449722
449790
449834
449855
450071
450341
450400
450437
450512
450553
450902
451014
451073
451116
451149
451176
451280
451386
451629
451818
451980
452335
452399
452511
452536
452586
452659
452726
452777
452810
453093
453223
453454
453517
453581
453642
453755
453789
453888
454276
454555
454581
454621
454672
454673
454770
454909
454963
454971
455000
455041
455329
455382
455774
456049
456235
456730
456863
456958
457074
457205
457584
457793
457890
457959
458209
458212
458339
458377
458637
458836
458849
458888
459164
459208
459260
459279
459340
459342
459424
459428
459626
459735
459771
459901
460151
460252
460834
460852
460883
460915
461208
461265
461324
461453
461474
461493
461564
461659
461710
461727
461927
462044
462160
462286
462309
462344
462513
462531
462999
463187
463348
463407
463479
463693
463836
463868
464070
464104
464209
464438
464512
464521
464627
464658
464964
464996
465058
465268
465331
465364
465516
465542
465598
465600
465625
465668
465755
465837
465896
465928
466029
466269
466281
466297
466337
466874
467003
467010
467013
467152
467339
467382
467507
467545
467629
467666
467710
467738
467921
468012
468058
468113
468136
468377
468398
468592
469232
469329
469366
469466
469640
469735
469858
470067
470476
470584
470669
470766
470825
471373
471384
471458
471503
471503
471641
471648
471722
471754
471768
471881
472234
472395
472418
472458
472522
472540
472614
472691
472786
472817
472819
472829
472868
472942
472944
473104
473108
473206
473275
473328
473451
473509
473620
473734
473736
473788
473983
474168
474227
474240
474486
474570
475147
475352
475472
475505
475635
475691
475728
475743
476034
476142
476148
476224
476279
476318
476324
476413
476420
476452
476595
476693
476696
476749
476865
476886
477035
477169
477243
477316
477371
477413
477553
477723
477753
477870
478019
478272
478411
478671
478695
478712
478714
478735
478774
478835
479037
479047
479107
479189
479215
479618
479689
479828
479970
480049
480074
480086
480089
480300
480681
480696
481145
481333
481338
481355
481437
481446
481683
481693
481889
482143
482178
482215
482274
482510
482538
482555
482628
482722
482747
482832
482942
483192
483268
483458
484082
484177
484346
484525
484956
485009
485031
485260
485343
485360
485398
485566
485941
485966
485975
486161
486164
486197
486416
486516
486545
486572
486793
486851
486955
487278
487384
487550
487591
487742
488132
488499
488513
488544
488616
488738
488860
488869
489012
489014
489050
489065
489197
489307
489500
489515
489555
489577
489652
489701
489952
490157
490218
490242
490375
490478
490482
490579
490684
490885
491182
491248
491405
491408
491421
491569
491715
491770
491989
492140
492352
492456
492565
492616
492659
492739
492858
492908
492922
492962
492977
493033
493233
493282
493330
493387
493409
493547
493720
493794
494043
494185
494627
494672
494740
494752
495078
495242
495292
495533
495767
495797
496271
496726
496794
496918
497012
497412
497618
497635
497725
497732
497769
497793
497912
497929
497940
497944
497955
498140
498261
498515
498647
499112
499271
499274
499429
499460
499673
499989
500188
500276
500442
500531
500532
500647
500896
500903
500943
500954
500959
501453
501713
501850
502023
502104
502255
502444
502472
502724
502884
502886
503126
503126
503149
503204
503394
503622
503910
503916
504076
504360
504406
504466
504546
504789
504982
504985
505006
505025
505346
505470
505527
505538
505578
505658
505752
506179
506228
506245
506380
506756
506768
506777
506886
506951
506981
506990
507161
507279
507314
507371
507451
507528
507659
507705
508094
508220
508267
508286
508406
508503
508527
508713
508745
508763
508855
509167
509170
509178
509257
509268
509385
509416
509583
509643
509671
510007
510272
510355
510516
510625
511021
511111
511166
511180
511420
511567
511608
511662
511714
511741
511745
511810
511812
511979
511984
512253
512301
512322
512396
512446
512508
512543
512694
512722
512735
512782
513091
513239
513394
513536
513564
513726
513773
513916
513950
513978
513979
514102
514199
514418
514534
514564
514780
514869
514942
514986
515120
515206
515220
515239
515416
515493
515553
515555
515751
515751
516262
516423
516642
516716
516879
516991
517050
517193
517249
517257
517341
517379
517452
517814
517837
517990
518023
518087
518151
518154
518438
518453
518665
518787
519096
519363
519401
519723
519763
519912
520028
520100
520152
520386
520699
520774
520826
520885
520921
520986
521085
521096
521160
521165
521286
521519
521687
521730
521867
521968
522417
522545
522947
522986
523020
523048
523209
523486
523486
523666
523670
523683
523798
523887
523927
524024
524233
524465
524687
524833
524889
525127
525163
525277
525663
525804
526097
526221
526337
526390
526717
526742
526755
526759
526779
526784
526789
526798
527103
527164
527294
527697
527725
527765
527942
527993
528125
528148
528703
528910
529266
529273
529418
529629
529681
529713
529894
530005
530058
530108
530176
530189
530231
530250
530483
530534
530542
530614
530814
531052
531129
531282
531304
531646
531666
531782
531888
532068
532126
532216
532243
532283
532324
532536
532574
532681
532719
532744
532747
532797
532926
532988
533017
533019
533115
533201
533281
533346
533417
533472
533578
533816
533875
534002
534034
534108
534442
534569
534612
534619
534767
534849
534972
535222
535403
535518
535604
535757
535838
535973
536206
536273
536294
536374
536399
536505
536544
536555
536670
536745
537005
537086
537134
537149
537162
537503
537547
537598
537706
537849
537931
538028
538077
538107
538589
538772
538865
538912
539185
539270
539309
539329
539384
539419
539541
539872
540031
540075
540084
540159
540214
540571
540593
540947
541081
541371
541527
541689
541696
541704
541711
541726
542196
542206
542310
542618
542714
542826
542845
542915
542986
543119
543200
543214
543240
543288
543533
543580
543832
544055
544212
544549
544662
544808
545065
545213
545315
545319
545577
545610
545628
545747
546087
546126
546250
546334
546395
546557
546773
546937
546993
547064
547261
547317
547508
547579
547616
547714
548013
548016
548026
548049
548234
548254
548281
548427
548752
548912
549076
549090
549246
549340
549520
549525
549639
549702
549768
549773
549872
550211
550214
550265
550584
550753
550969
550972
551090
551180
551222
551249
551256
551440
551541
551666
551795
552012
552021
552086
552284
552322
552349
552490
552679
552805
552867
552908
553019
553198
553231
553623
553731
553812
554028
554124
554184
554244
554386
554443
554487
554855
555210
555267
555309
555339
555363
555571
555648
555676
555879
556002
556029
556045
556061
556314
556375
556421
556478
556486
556803
556814
556835
556873
556878
556882
556913
557006
557101
557153
557203
557277
557329
557334
557390
557429
557444
557519
557619
557705
557741
558117
558177
558204
558256
558266
558448
558453
558464
558479
558645
558857
558891
558899
559013
559051
559060
559084
559192
559193
559217
559386
559436
559505
559572
559738
559739
559831
559836
559863
559982
560000
560094
560407
560417
560506
560687
560705
560758
560919
560972
561029
561223
561306
561313
561442
561520
562045
562460
562519
562690
562710
562866
563475
563489
563609
563628
563629
563799
563869
563911
563928
563940
563963
563986
563989
564027
564153
564337
564407
564504
564525
564585
564613
564654
564703
564907
564957
565049
565274
565383
565383
565512
565522
565574
565615
565662
565663
565695
565791
565878
565968
565984
565993
566100
566145
566206
566360
566557
566621
566667
566736
567042
567369
567500
567511
567602
567833
567925
568025
568145
568222
568229
568309
569319
569396
569786
569802
569813
569854
570051
570107
570359
570377
570425
570673
570717
570782
570846
570906
570971
571616
571707
571713
572055
572075
572157
572198
572288
572314
572365
572386
572462
572474
572598
572685
572738
572969
573040
573111
573580
573802
573856
573924
574049
574208
574264
574535
574539
574708
574715
574813
575166
575217
575314
575361
575587
575598
575860
575957
576066
576168
576344
576358
576395
576478
576611
576645
576744
576937
576966
577067
577102
577130
577143
577263
577374
577502
577638
577843
577855
577871
577941
578114
578157
578304
578369
578549
578555
578607
578738
578774
578870
578876
579055
579087
579211
579417
579454
579602
579797
580159
580241
580458
580464
580521
580603
580718
580955
580996
581140
581295
581658
581726
581819
581826
581901
582029
582038
582163
582240
582309
582362
582503
582508
582544
582556
582632
582684
582734
582839
582999
583182
583306
583358
583419
583473
583485
583515
583652
583737
583781
583787
583899
583939
584062
584121
584547
584561
585037
585365
585390
585451
585482
585563
585637
585639
585715
585784
585792
585971
586150
586212
586516
586563
586690
586691
586729
586843
587168
587222
587309
587318
587324
587486
587665
587745
587773
587797
587805
587865
587941
588132
588176
588196
588284
588294
588466
588481
588674
588728
588823
588863
588916
589044
589143
589154
589299
589363
589655
589679
589690
589697
589879
590039
590154
590174
590485
590493
590527
590591
590594
590723
590872
590881
590935
590942
591076
591248
591477
591776
591789
592051
592212
592254
592254
592276
592304
592370
592604
592725
592939
592969
593228
593304
593359
593530
593680
593692
593883
594030
594245
594444
594612
594642
594890
594909
594995
595008
595024
595025
595160
595287
595297
595362
595501
595544
595834
595881
596023
596078
596082
596251
596303
596426
596547
596555
597000
597041
597221
597233
597243
597246
597300
597422
597445
597634
597673
597846
597916
598150
598437
598557
598590
598596
598754
598789
598870
598896
598904
599053
599105
599115
599174
599945
599994
600001
600168
600533
600552
600558
600819
600866
600888
600889
601138
601260
601372
601594
601647
601672
601882
601931
601958
602005
602104
602168
602177
602216
602291
602417
602516
602561
602621
602701
602775
602790
602892
602908
602911
602957
603078
603254
603416
603528
603583
603619
603890
603927
604008
604066
604101
604268
604278
604284
604302
604440
604542
604585
604629
604766
604814
604865
605023
605188
605414
605700
605712
606008
606482
606613
606618
606696
606864
606928
606928
606935
606962
607143
607202
607240
607241
607321
607886
607905
607939
608173
608268
608324
608379
608478
608572
608659
608704
608705
608710
608990
609085
609131
609175
609201
609309
609364
609407
609469
609476
609521
609674
609760
609837
610081
610208
610358
610672
610865
611070
611144
611158
611214
611219
611247
611318
611510
611524
611690
611850
611963
611969
612038
612203
612589
612851
612874
613140
613508
613554
613573
613639
613654
613668
613877
614045
614075
614146
614218
614351
614429
614527
614674
614683
614768
614816
614829
614856
615543
615640
615662
615777
615782
615852
615946
616422
616701
616816
616953
616961
617145
617197
617378
617595
617609
617614
617679
618301
618780
618802
618811
618966
619105
619180
619238
619388
619441
619493
619537
619582
619651
619922
619933
619982
620491
620688
620697
620751
620775
620873
620999
621270
621352
621486
621597
621729
621924
622009
622015
622032
622121
622246
622349
622427
622499
622734
622954
622966
623090
623185
623256
623645
623747
623764
623968
624063
624091
624193
624273
624277
624350
624360
624379
624787
624802
624808
624810
624901
625185
625306
625554
625728
625774
625900
626616
626674
626854
626869
626940
627042
627111
627231
627306
627486
627591
627737
627924
628082
628109
628176
628243
628336
628444
628635
628661
628744
628764
628829
629007
629096
629181
629201
629387
629501
629569
629582
629825
629895
629980
630032
630077
630169
630297
630363
630367
630385
630419
630541
630583
630642
630685
630843
630858
630875
630913
630995
631090
631303
631425
631634
631729
631784
631917
631967
632088
632126
632187
632203
632541
632802
632805
632933
632982
632996
633034
633121
633166
633306
633312
633528
633753
633766
633808
633956
634034
634285
634332
634414
634454
634478
634666
634710
634743
634803
635169
635426
635451
635593
635605
635710
635777
636241
636489
636510
636622
636708
636725
636818
636967
637004
637106
637225
637282
637513
637522
637642
637671
637825
637995
638025
638251
638252
638263
638389
638471
638620
638646
638989
639188
639329
639460
639473
639698
639838
639867
639888
640381
640502
640826
640841
641084
641311
641448
641469
641631
641960
642001
642196
642209
642291
642417
642826
643148
643242
643283
643440
643539
643568
643659
643701
643713
643740
643959
644162
644257
644458
644660
644727
644750
644785
644927
644951
644980
645015
645492
645718
645842
645920
646120
646299
646680
646749
646778
646929
647238
647241
647346
647379
647402
647491
647658
647756
647892
648180
648439
648459
648544
648562
648644
648712
648714
648809
648840
649162
649162
649249
649264
649332
649350
649391
649689
649774
649808
650045
650222
650345
650415
650427
650438
650643
650658
650806
651009
651018
651069
651075
651169
651376
651410
651450
651588
651678
651723
651759
651853
651977
652011
652351
652479
652502
652549
652709
652807
652837
652879
653044
653103
653231
653436
653499
653538
653649
653733
653837
654213
654777
654781
654877
654939
654960
655022
655102
655259
655504
655510
655547
655846
655957
656113
656309
656382
656410
656472
656484
656734
656737
656801
656836
656962
656981
656982
657019
657023
657219
657788
658053
658487
658504
658550
658607
658857
658917
659110
659245
659353
659391
659411
659508
659597
659771
659822
660050
660328
660425
660590
660679
660764
660765
660848
660967
661078
661117
661130
661233
661385
661921
661963
662158
662161
662173
662209
662213
662237
662410
662426
662524
662598
662677
662696
662807
662860
662871
662914
662936
662939
663128
663165
663252
663421
663695
663779
663896
663901
664104
664145
664159
664171
664304
664579
664623
664903
665024
665190
665231
665263
665366
665538
665763
665881
665911
666075
666081
666157
666180
666212
666477
666624
666737
666869
666981
667070
667181
667257
667336
667338
667345
667651
667670
667723
667870
668014
668273
668295
668307
668347
668515
668706
668731
668781
668862
669091
669185
669278
669337
669710
669857
670024
670037
670196
670378
670837
671035
671176
671227
671238
671283
671296
671447
671534
671628
671781
671809
671907
672094
672145
672181
672412
672415
672478
672543
672753
672803
672888
673032
673199
673279
673293
673376
673580
673622
673701
673730
673791
673872
673964
674110
674198
674224
674375
674449
674605
674676
674882
674897
675268
675282
675507
675690
675706
675852
675864
675877
675948
675981
676107
676381
676542
676632
676684
676740
676769
676802
676825
676832
677150
677208
677329
677467
677492
677496
677502
677533
677599
677846
678137
678139
678299
678525
678532
678559
678731
678732
678975
679460
679505
679804
679903
679967
680107
680349
680388
680389
680689
680811
680935
681021
681118
681253
681310
681311
681662
681702
681705
681734
681741
681752
681873
682094
682221
682246
682259
682356
682396
682487
682560
682667
682762
682783
683043
683044
683848
684055
684067
684093
684295
684454
684841
685144
685160
685276
685406
685432
685520
685550
685560
685617
685632
685783
685882
685995
686129
686187
686190
686291
686406
686474
686834
686844
686845
686868
687149
687198
687303
687371
687384
687410
687683
688258
688269
688524
688598
688675
688713
688872
689295
689329
689446
689658
689710
689807
690083
690196
690318
690374
690435
690449
690741
690781
691044
691481
691490
691554
691558
691675
691815
691919
691968
692030
692086
692375
692404
692449
692682
692753
692889
692939
693174
693179
693280
693441
693534
693541
693641
693917
694150
694362
694905
695265
695381
695500
695516
695586
695870
695871
695919
695980
696009
696041
696103
696118
696434
696444
696450
696558
696590
696852
696870
697101
697296
697440
697485
697743
697776
697834
698082
698186
698528
698731
698786
698889
698896
698903
698918
699211
699263
699308
699411
699488
699789
699831
699994
700071
700082
700127
700296
700467
700470
700560
700736
700737
700796
700831
700987
701029
701173
701494
701699
701700
701830
701856
701885
702138
702744
702943
702949
702985
703090
703121
703375
703394
703394
703513
703613
703613
703672
703712
703827
703850
703885
703917
704477
704544
704658
704759
704833
704872
704885
704923
704979
704989
705021
705034
705186
705285
705363
705397
705527
705586
705628
705707
705716
706012
706101
706225
706278
706291
706540
706766
706784
706839
706847
706969
707203
707245
707299
707423
707730
707765
707805
707990
708155
708353
708356
708405
708409
708920
709014
709379
709423
709464
709468
709580
709644
709693
709711
709789
709853
709890
709926
710094
710103
710234
710363
710392
710629
710703
710708
710812
710817
710883
710895
711116
711193
711208
711271
711522
711603
711684
711991
712027
712069
712230
712335
713142
713148
713215
713243
713853
713947
714184
714289
714328
714561
714985
715009
715020
715031
715105
715416
715494
715509
715520
715689
715711
715848
715848
716368
716655
716740
716809
716877
717048
717085
717142
717308
717468
717576
717764
718098
718382
718498
718895
718954
719041
719046
719171
719224
719249
719369
719531
719579
719585
719610
719800
719928
720055
720070
720173
720293
720458
720593
720664
720738
720881
720957
721010
721128
721149
721197
721283
721438
721450
721566
721624
721635
721722
721743
721760
721794
721810
721828
721887
722142
722211
722248
722325
722386
722450
722467
722469
722541
723007
723283
723359
723447
723677
723863
723914
723940
724120
724258
724544
724835
724880
724947
725015
725111
725117
725302
725392
725489
725581
725796
725854
725866
726036
726065
726242
726513
726523
726704
726750
726894
727049
727116
727341
727881
727956
727959
728045
728380
728392
728419
728661
728862
728872
729032
729038
729202
729302
729305
729356
729767
729966
730096
730216
730655
730687
731041
731083
731140
731327
731455
731590
731597
731776
731819
732033
732379
732422
732612
732635
732714
732945
732991
733106
733135
733138
733330
733396
733444
733467
733481
733491
733593
733631
733915
734168
734344
734402
734421
734445
734498
734520
734726
734767
734768
734968
735166
735277
735409
735615
735648
735655
735755
735793
735800
735822
735916
736088
736168
736222
736426
736557
736577
736662
736930
736961
737032
737239
737273
737301
737673
737805
737851
737882
737978
738048
738070
738109
738122
738167
738276
738291
738351
738865
738960
739001
739114
739157
739221
739379
739743
740034
740127
740149
740299
740507
740544
740624
741000
741007
741288
741459
741789
742119
742127
742172
742256
742313
742407
742484
742731
743046
743063
743084
743445
743538
743692
743735
743750
744379
744397
744445
744488
744730
744823
744858
744959
745056
745126
745172
745193
745202
745503
745554
745890
745974
746018
746071
746246
746380
746623
746662
746800
746905
747126
747315
747559
747811
747828
747922
747977
748138
748220
748231
748392
748394
748437
748872
748942
748992
749091
749204
749445
749501
749548
750139
750295
750354
750377
750798
750920
751001
751004
751063
751158
751278
751382
751408
751500
751506
751703
751768
751880
752076
752078
752169
752413
752545
752965
753097
753426
753453
753549
753573
753690
753810
753983
754049
754157
754352
754358
754570
754574
754581
754622
754689
754838
755030
755358
755403
755676
755903
755979
756037
756475
756477
756634
756693
756909
757151
757230
757292
757363
757559
757661
757664
757942
758035
758095
758179
758282
758455
758462
758486
758517
758519
758726
758888
759113
759194
759327
759367
759454
759457
759726
760056
760113
760208
760334
760351
760429
760494
760666
760806
760816
760876
761007
761249
761295
761469
761645
761657
761767
761789
761960
762009
762022
762163
762285
762333
762348
762359
762731
762737
762749
763076
763078
763162
763209
763323
763349
763446
763507
763602
763660
763745
763789
763841
763910
764364
764395
764537
764585
764615
764820
764871
764990
765022
765136
765138
765442
765562
765662
765845
765861
765875
765902
765907
765944
765990
766174
766389
766480
766730
766819
767120
767391
767427
767588
767700
767759
767878
767886
767932
767946
768288
768304
768325
768370
768458
768504
768518
768625
768676
768683
768779
768975
769076
769112
769248
769541
769817
770026
770186
770275
770563
770641
770730
770792
770821
770939
771047
771115
771179
771258
771340
771477
771621
771694
771711
771880
771907
771913
771917
771920
772235
772320
772465
772598
772615
772655
772756
772772
772866
772915
772936
772992
772996
773086
773219
773283
773303
773551
773631
773705
773935
774013
774072
774258
774356
774394
774515
774804
774901
775195
775281
775323
775417
775447
775537
775543
775738
776521
776631
776647
776686
776999
777010
777121
777226
777229
777335
777397
777600
777921
777990
778082
778230
778280
778314
778402
778448
778456
778483
778682
778710
778813
778901
778953
779346
779350
779391
779393
779477
779478
779509
779580
779987
780118
780123
780163
780295
780351
780447
780550
780572
780620
780660
780733
780973
781060
781069
781518
781775
781810
781936
781988
782232
782246
782269
782420
782458
782495
782542
782542
782603
782669
782694
782757
782777
782977
783022
783107
783145
783249
783319
783512
783636
783891
784044
784052
784070
784359
784369
784506
784564
784602
784812
785014
785238
785248
785306
785330
785537
785598
785782
785871
785873
785910
785998
786303
786573
786776
786904
786972
787155
787225
787241
787458
787524
787687
787750
788043
788100
788105
788268
788430
788478
788656
788664
788815
789078
789096
789128
789235
789532
789576
789746
790030
790051
790167
790375
790417
790717
790733
790742
790813
790825
791236
791296
791394
791499
791558
791803
792061
792096
792239
792499
792553
792653
792714
792771
792823
792880
792911
792983
793018
793095
793387
793438
793471
793472
793616
793670
793769
793857
793910
794061
794244
794307
794351
794422
794444
794471
794475
794505
794539
794656
794672
794812
794896
794966
795062
795296
795361
795363
795367
795380
795422
795447
795554
795828
796039
796040
796046
796227
796474
796603
796685
796707
796898
796966
797080
797093
797119
797155
797275
797335
797455
797660
797732
798047
798048
798225
798436
798560
798584
798691
798812
798865
798933
799300
799471
799540
799566
799662
799684
799813
799837
800175
800338
800471
800509
800513
800531
800546
800586
800620
800709
800794
800861
801028
801195
801211
801244
801321
801458
801683
801713
802116
802193
802328
802496
802552
802558
802653
802693
802711
803016
803042
803054
803425
803466
803606
803775
803977
804021
804028
804111
804213
804343
804400
804516
804568
804661
804736
804790
804901
804926
804961
805103
805472
805517
805638
805859
806042
806116
806144
806358
806391
806461
806560
806638
806666
806770
806967
807015
807052
807275
807398
807459
807540
807728
807859
807884
807915
807957
808163
808514
808528
808546
808653
808663
808743
808805
808826
808840
808847
809055
809061
809121
809176
809260
809309
809425
809531
809639
809675
809841
810055
810099
810242
810389
810475
810479
810493
810644
810844
810864
810865
810950
810967
811030
811193
811235
811289
811291
811353
811380
811384
811589
811767
811860
812006
812123
812197
812435
812452
812578
812761
812865
813003
813026
813482
813714
813724
813770
813836
813894
814070
814245
814275
814502
814610
814658
814780
814811
814875
814937
814957
814991
815017
815070
815092
815477
815523
815538
815746
815768
815873
816047
816101
816153
816218
816256
816258
816422
816592
816596
816766
816815
817261
817289
817348
817637
817708
817718
817734
817815
817983
817993
818127
818170
818251
818263
818423
818450
818484
818486
818492
818525
818595
818770
818873
818938
819382
819509
819570
819579
819881
819956
820006
820273
820391
820426
820532
820575
820615
820685
821201
821268
821314
821361
821482
821583
821837
822007
822368
822666
822838
822861
823314
823383
823730
823744
823826
823928
824264
824316
824377
824512
824573
824663
824693
824714
824763
824828
825087
825092
825130
825158
825282
825663
825771
825953
826048
826203
826329
826401
826486
826509
826844
827088
827091
827271
827430
827593
827623
828142
828172
828221
828290
828298
828399
828427
828638
828670
828684
828784
828901
829135
829298
829401
829407
829441
829853
830162
830364
831003
831208
831311
831424
831508
831509
831619
831668
831784
831844
831860
831945
832094
832141
832142
832356
832379
832499
832616
832854
833161
833551
834014
834130
834506
834562
834565
834569
834610
835136
835143
835539
835797
835959
836026
836062
836224
836464
836474
836584
836696
836894
836960
837084
837303
837315
837408
837744
837755
837785
837804
837907
838305
838815
838846
838862
838868
838948
838969
839094
839187
839216
839317
839375
839411
839513
839628
839678
839793
839818
839858
839988
840014
840091
840145
840146
840190
840309
840444
840606
840620
840667
840679
840820
840866
840900
840904
840936
840949
840978
840987
841016
841087
841232
841272
841629
841737
841764
842219
842565
842630
842640
842700
842731
843015
843076
843081
843351
843407
843498
843661
844315
844325
844399
844418
844642
844940
845050
845227
845359
845903
845949
846029
846052
846276
846352
846514
846613
846632
846696
846760
847240
847245
847525
847592
847774
847803
847875
848016
848084
848214
848424
848429
848497
848563
848628
848718
848856
848877
849180
849185
849351
849430
849750
849908
850041
850183
850313
850316
850500
850634
850653
850715
850799
850834
850981
851220
851426
851803
851808
852049
852096
852186
852417
852501
852547
852775
852848
853012
853107
853157
853166
853199
853413
853446
853503
853696
853839
853873
854358
854368
854399
854535
854687
854709
854725
854839
855026
855031
855300
855573
855735
855749
855817
855839
856100
856144
856307
856372
856401
856585
856759
856830
856841
856907
857141
857576
857628
857739
857944
857983
858052
858077
858185
858212
858448
858489
858508
858667
858748
859231
859282
859283
859475
860072
860079
860217
860481
860538
860618
860632
860637
860650
860718
860724
860740
860789
861121
861127
861212
861583
861624
861761
861772
861862
862003
862147
862284
862950
863157
863178
863198
863475
863483
863522
863578
863616
863848
864114
864164
864193
864373
864397
864518
864547
864605
864656
864793
864861
865201
865212
865223
865294
865495
865598
865646
865720
865903
865963
865980
866112
866154
866518
867115
867206
867522
867575
867602
867686
867728
867852
868194
868393
868403
868471
868475
868500
868639
868815
868876
869121
869166
869203
869274
869337
869459
869474
869546
869571
869581
869639
869892
869935
870045
870466
870483
870975
871054
871156
871220
871256
871275
871365
871405
871436
871523
871567
871600
871953
871973
872041
872041
872116
872125
872155
872241
872452
872702
872729
872883
873015
873178
873185
873274
873331
873344
873417
873570
873591
873664
873762
873860
873930
873955
874037
874120
874160
874166
874197
874439
874497
874611
874685
874786
874889
874946
875078
875118
875183
875253
875294
875324
875509
875698
875703
875777
875980
876429
876656
876733
876999
876999
877011
877368
877398
877782
877863
878248
878256
878496
878705
878778
878798
878804
878860
878948
879141
879582
879646
879765
879851
879944
880004
880178
880178
880467
880527
880646
880733
880811
880933
881029
881086
881311
881326
881411
881680
881857
881889
881892
882005
882006
882139
882284
882329
882340
882404
882778
883000
883005
883133
883221
883354
883356
883600
883616
883616
883748
884011
884119
884207
884432
884772
884792
884852
884937
885023
885325
885436
885535
885657
885694
886314
886529
886549
886603
886727
886890
886931
886951
886972
887105
887158
887205
887219
887237
887298
887301
887382
887521
887592
887686
887726
888039
888463
888470
888472
888485
888518
888587
888656
888860
888911
889022
889237
889400
889612
889751
889774
890102
890195
890264
890392
890617
890642
890675
891002
891085
891216
891261
891755
891769
891782
892061
892085
892187
892213
892431
892534
892881
893020
893225
893271
893674
893708
893838
893881
893930
894431
894478
894696
894823
894854
894993
895428
895486
895604
895668
895760
895886
895939
896077
896148
896176
896364
896370
896496
896530
896594
896869
896981
897015
897137
897357
897523
897547
897711
897817
897882
897988
897997
898072
898093
898230
898552
898593
898827
898934
898982
899172
899173
899260
899524
899742
899784
899842
899909
899946
899978
900133
900165
900236
900438
900666
900779
900779
900792
900812
901046
901079
901151
901477
901634
901960
902002
902300
902365
902650
902838
902934
902991
903060
903128
903601
903709
903987
904021
904023
904112
904117
904359
904408
904451
904569
904608
904613
904618
904629
904726
904858
905084
905132
905163
905315
905562
905627
905672
905900
906072
906475
906546
906665
906691
906812
906867
907086
907252
907284
907312
907542
907561
907580
907717
907790
908184
908253
908283
908563
908624
908678
908791
908828
908910
908977
908993
909047
909314
909532
909609
909802
909809
909838
909841
909897
909971
910021
910416
910451
910645
910671
910839
911038
911038
911265
911285
911293
911315
911354
911522
911750
911794
911996
912034
912240
912370
912385
912396
912429
912469
912524
912579
912586
912821
912947
913267
913310
913627
913635
913837
913882
913926
914081
914367
914424
914515
914532
914566
914662
914703
914978
915113
915551
915875
916001
916137
916209
916494
916647
916828
916911
917284
917467
917479
917911
918098
918137
918298
918355
918610
918778
918800
918881
918889
918977
919024
919072
919343
919358
919678
919684
919709
919920
920094
920386
920408
920592
920602
920614
920649
920697
920789
920974
921002
921083
921509
921728
921783
921835
922033
922341
922388
922708
922761
923051
923198
923353
923421
923427
923599
923665
923735
923880
923939
923962
924056
924186
924339
924384
924406
924715
924753
924789
924804
924825
924891
924970
925793
925915
925919
925950
925958
926061
926083
926462
926734
926802
926858
926916
926981
927035
927176
927279
927300
927443
927447
927491
927661
927755
927790
927911
927927
928028
928101
928156
928278
928392
928404
928844
929126
929475
929481
929750
929885
929888
929903
929920
929975
930027
930172
930232
930290
930352
930463
930516
930672
930977
931020
931022
931380
931388
931504
931509
931594
931695
931750
931782
931796
931918
932146
932421
932426
932679
932747
932776
932850
932880
932997
933479
933532
933597
933768
933858
933922
933992
934073
934172
934189
934345
934361
934399
934431
934446
934773
934831
934862
935170
935181
935398
935437
935530
935576
935615
935721
935810
935967
936052
936072
936139
936304
936322
936362
936442
936450
936914
936926
937165
937279
937406
937514
937628
937660
937663
937664
937881
937893
937912
937914
938010
938017
938199
938254
938284
938346
938351
938380
938478
938554
938559
938586
938620
938686
938838
939140
939153
939156
939249
939342
939952
940072
940318
940417
941203
941382
941850
941898
941995
942144
942177
942313
942369
942378
942405
942451
942538
942576
942605
942781
942893
942934
942944
942945
942973
942992
943115
943178
943256
943319
943367
943449
943573
943821
943823
943829
943927
944010
944024
944061
944084
944145
944555
944616
944938
944952
944979
945045
945132
945174
945260
945484
945514
945559
945666
945676
945736
945799
945940
946099
946202
946565
947015
947049
947091
947093
947146
947178
947252
947368
947699
947750
947846
947899
948107
948221
948363
948477
948511
948642
948731
948748
949154
949460
949470
949514
949534
949711
949749
949795
949828
949868
950328
950410
950428
950476
950557
950579
950598
950622
950637
950823
950830
950907
951017
951153
951344
951359
951388
951405
951444
951460
951480
951507
951657
951741
951833
951869
951897
951930
951997
952106
952153
952205
952559
952824
952855
952867
953012
953214
953227
953290
953365
953636
953655
953742
953875
953954
953958
953970
953984
954020
954027
954085
954311
954420
954445
954448
954453
954467
954850
955000
955027
955190
955200
955466
955646
955950
955977
955995
956254
956277
956281
956449
956558
956620
956688
956719
956759
956830
957078
957087
957165
957307
957451
957473
957564
957600
957606
957620
958117
958166
958218
958312
958663
958758
958822
959053
959114
959163
959346
959434
959445
959569
959958
960111
960134
960544
960697
960735
960835
960838
960863
960987
961022
961026
961026
961114
961376
961466
961834
961908
962094
962204
962487
962909
963071
963081
963225
963248
963322
963656
963678
963702
963731
963734
963738
963852
964147
964252
964270
964319
964328
964530
964696
964870
964933
965254
965280
965499
965542
965653
965667
965797
966157
966392
966515
966558
966559
966571
966655
966673
966704
966709
966762
966837
966981
967109
967113
967137
967381
968140
968190
968334
968762
968814
968943
968961
969260
969484
969559
969577
969812
969813
970208
970231
970253
970289
970551
970657
970672
970715
970752
970757
970760
970839
970848
970875
970974
971018
971283
971637
971649
971693
971715
971874
971931
971980
972154
972225
972241
972285
972338
972387
972437
972439
972654
972727
972773
972877
973092
973093
973122
973303
973367
973467
973560
973852
973968
973974
973984
973990
974106
974156
974219
974332
974364
974539
974890
974932
975147
975288
975312
975445
975454
975559
975755
976097
976124
976290
976469
976521
976590
976816
976906
976922
977149
977159
977194
977290
977362
977450
977537
977695
977825
978078
978082
978096
978242
978348
978459
978489
978490
978635
978750
978868
978956
979057
979319
979505
979606
979627
979773
979925
980082
980396
981066
981088
981125
981186
981266
981510
981637
981650
981678
981716
981924
982025
982090
982468
982583
982684
982791
982799
982834
982902
982913
983034
983314
983326
983362
983383
983389
983664
983748
983783
983834
983889
983916
983986
984322
984385
984490
984912
985039
985218
985323
985387
985543
985567
985599
985610
985641
985650
985718
985855
985946
986041
986099
986189
986210
986275
986296
986309
986462
986578
986610
986651
986805
986839
986853
986895
986896
987241
987620
987744
987926
987962
988150
988156
988189
988223
988638
988821
988868
988941
988979
988998
989230
989238
989397
989437
989996
989997
990035
990232
990712
990787
990978
991176
991177
991237
991306
991380
991516
991610
991610
991711
991749
991818
992088
992159
992388
992462
992487
992716
993023
993182
993245
993334
993405
993415
993779
993804
993831
993969
994031
994077
994133
994218
994392
994438
994782
995013
995098
995138
995305
995689
995773
995889
995934
995963
996095
996549
996561
996723
996724
996922
997086
997155
997327
997376
997958
998083
998110
998265
998322
998373
998375
998384
998423
998548
998651
998756
998773
999136
999161
999338
999420
999436
999594
999643
999673
999736
999737
999765
999910
