-99394
-99137
-98992
-98864
-98652
-98536
-98185
-97879
-97715
-97618
-96265
-95497
-95319
-95103
-94797
-94746
-94722
-93691
-93485
-93478
-92883
-92692
-92400
-91817
-90904
-90816
-90673
-89922
-89831
-89520
-89029
-88867
-87602
-87579
-87565
-87050
-86613
-85499
-85322
-84924
-84546
-84338
-84333
-84251
-84040
-83459
-83414
-83286
-82596
-82348
-82177
-82103
-81647
-81607
-81196
-81143
-80671
-80586
-80270
-80089
-79988
-79899
-79815
-79485
-79252
-79236
-79174
-78706
-78482
-78445
-77691
-77222
-77118
-76893
-76567
-76547
-75846
-75830
-75797
-75075
-75042
-74937
-74674
-74375
-74309
-74076
-73829
-73623
-73504
-72867
-72473
-72253
-71965
-71730
-71505
-71317
-70872
-70713
-70701
-70411
-69983
-69786
-69627
-69620
-69190
-68999
-68130
-68013
-67889
-67503
-66883
-66643
-66462
-66048
-65762
-65455
-64345
-64282
-64243
-63975
-63410
-62927
-62773
-62644
-62421
-62248
-62087
-61292
-61170
-61033
-60854
-60700
-60366
-60320
-60210
-60207
-60185
-60171
-60141
-60021
-59760
-59659
-59313
-59254
-59070
-58919
-58733
-57604
-57129
-57065
-56850
-56238
-56094
-56072
-55922
-55697
-55641
-55607
-55583
-55055
-54774
-54216
-53775
-53625
-53515
-53216
-53046
-52655
-52139
-52001
-51814
-51749
-51717
-51501
-51452
-51448
-51257
-50674
-50605
-50590
-50493
-50399
-50227
-50131
-49820
-49788
-49724
-49572
-49494
-49474
-49331
-49232
-48650
-48527
-47600
-47555
-47283
-47220
-47215
-46464
-45641
-45423
-44709
-44615
-44595
-44440
-44164
-44118
-44036
-44025
-43847
-43819
-43752
-43480
-42623
-42459
-42091
-41936
-41732
-41723
-41467
-41206
-41005
-40972
-40935
-40603
-40599
-40550
-40549
-40141
-39853
-39710
-39350
-38681
-38408
-38145
-37680
-37532
-37507
-37010
-36598
-36343
-36212
-35359
-35044
-34339
-34317
-34013
-33817
-33787
-33763
-33750
-33431
-33192
-32966
-32952
-32938
-32693
-32291
-31898
-31713
-31345
-31161
-30640
-29970
-29609
-29510
-29105
-28951
-28820
-28793
-28638
-28159
-28140
-28000
-27943
-27875
-27660
-27362
-27127
-26983
-26553
-26506
-26200
-25920
-25891
-25419
-24085
-23728
-23666
-23647
-23619
-23340
-23328
-23206
-23126
-22901
-22800
-22549
-22267
-21830
-21740
-21471
-21416
-21359
-21238
-20819
-19607
-19514
-18939
-18260
-17965
-17841
-17770
-17544
-17295
-17043
-16639
-16365
-16321
-16181
-16177
-15861
-15270
-15086
-14951
-14823
-14585
-14560
-14260
-13254
-13217
-13152
-12718
-12675
-12604
-12415
-11669
-10639
-9929
-9750
-9554
-9505
-9193
-8771
-8761
-8513
-8168
-7860
-7622
-7344
-7267
-7258
-6934
-6664
-6616
-6462
-6284
-6201
-4800
-4378
-4271
-4250
-3698
-3683
-3615
-2970
-2960
-2805
-1825
-992
-508
-69
87
575
1012
1063
1142
1378
1656
1670
2559
2567
2886
3310
3617
4073
4091
4256
4349
5324
5476
5621
5680
5768
5975
5993
6412
6605
6634
6968
7394
7898
8254
8344
8422
8729
9199
9306
9427
9775
10100
10327
10913
10965
11158
11209
11355
11399
11620
12355
12366
12539
12710
12785
12926
13125
13411
13560
14139
14554
14559
14642
14680
15093
15127
15866
15875
16307
16374
16650
17283
17607
17637
17669
18994
19064
19065
19073
19178
19457
19495
19553
19748
19777
19785
19788
20216
20812
21040
21160
21441
21636
21989
22134
23427
23922
24074
24075
24314
24533
24960
25053
25079
25167
25334
25517
26120
26145
26249
26731
27040
27976
28466
28755
28802
28949
29225
29677
30354
30386
30549
30705
31126
31417
31614
31904
31979
32074
32131
32146
32146
32593
32817
33058
34154
34592
35202
35417
35745
36056
36847
37564
37607
37851
38066
39123
39329
39430
39469
39615
39731
40064
40514
41026
41081
41885
42009
42229
42493
42767
43146
43271
43299
43504
43670
43775
43802
44240
44352
44623
44647
45552
45641
46025
46796
46823
47284
47739
47915
48082
48265
48332
48367
48632
48785
49023
49045
49094
49300
49457
49460
49932
50144
50395
50732
50739
50782
50812
51109
51372
51669
52239
52486
52916
53003
53185
53806
53891
53906
54012
54360
54761
55333
55395
55424
55437
55692
55865
56291
56482
56692
56980
57566
57580
57642
57691
57754
58268
58606
58879
59255
59281
59473
59919
59938
60042
60118
61234
61314
61338
62278
62301
62649
62750
62944
63063
63202
63356
63810
64096
65035
65667
66008
66993
67317
67694
67700
68818
68855
69162
69205
69493
69500
69564
70333
70487
70726
71228
71262
71990
72106
72259
73045
73504
73705
73911
73986
74199
74336
74503
74732
75151
75253
75441
75463
75737
75828
76144
76290
76478
76537
76935
77212
77574
78280
78695
79234
79343
79653
79764
79796
79823
79976
80209
80355
80973
81042
81108
81351
81704
82190
82778
83386
83605
83951
84195
84770
84891
84978
85111
85513
85603
86277
86664
86847
87162
87327
87405
87456
88096
88204
88289
88367
88380
88517
89383
89424
89431
89525
89574
89620
89948
90312
90372
90507
90850
91147
91569
91777
91856
91965
92046
92089
92177
92227
92552
92693
93483
93568
93780
93982
94330
94576
94588
95270
95579
95764
95911
96582
96963
97225
97238
97604
97612
98030
98144
98618
98999
99186
99243
99467
99749
100516
101113
101123
101421
101517
101616
101679
101814
102012
102466
102474
102505
104647
105716
106094
106389
106853
106915
107194
107826
108003
108042
108714
108853
109336
109841
109939
110153
110186
110582
110823
111145
111390
111830
112374
112388
112689
112812
112916
113728
114217
114467
114495
114496
114643
115139
115544
115587
115658
115747
116045
116203
116764
117172
117479
117481
118682
119145
119534
119764
119791
120020
120048
120416
120434
120580
120832
120994
121260
121452
122640
122782
123217
123516
123695
124275
124632
124735
125064
125242
125579
125723
125753
125845
125938
126251
126367
126600
126676
126791
126992
127049
127140
127586
128097
128163
128171
128292
128835
128901
129066
129088
129218
129301
129803
130336
130371
130486
130656
130691
130847
130952
130966
131139
131418
131519
131740
132527
132951
132957
132987
133676
133691
133797
133817
133910
133973
134442
134535
134564
134595
135061
136193
136339
136703
137142
137299
137361
137407
138260
138365
138994
139107
139357
139572
139777
140288
140294
140540
141693
142084
142521
142716
142761
142881
143344
143353
143870
144033
144548
144631
144863
145374
146152
146587
147219
147228
147345
147530
147780
147864
148287
148320
149015
149329
149724
149862
150026
150554
150586
151202
151800
151859
151908
151971
152221
152947
153106
153194
153287
153811
153968
154690
154726
154919
155512
155590
155708
155792
155820
155847
156398
157214
157502
157505
157848
157873
158306
158403
158688
159000
159560
159677
159744
161560
161753
162052
162158
162280
162529
162567
162682
162823
163159
163272
163633
163870
164324
164359
164718
164817
165207
165321
165573
165623
165635
165985
166110
166142
166851
167197
167239
167352
167483
168132
168810
169220
170545
170680
170736
170787
170948
171377
171419
171642
172292
172299
172344
172497
172671
172940
173037
173263
173578
174151
175283
175351
175693
176000
176248
176308
176817
176951
177076
177398
177827
177922
178147
178349
178571
178927
179025
180092
180337
180762
181321
181555
181765
181839
182010
182139
182142
182234
182390
182432
182761
183360
183720
183799
183997
184645
184854
184993
185257
185765
186549
187187
187353
187368
187437
187493
187640
187674
187675
187713
187951
188276
188355
188383
188684
188696
188822
189138
189352
189703
189717
189738
189740
189789
190450
190875
191215
191477
191663
191977
192045
192144
192218
192423
192476
193016
193958
194321
194721
195081
195106
195141
195167
195366
195423
195768
196197
196541
196951
197200
197521
197715
197918
198452
198544
198720
198772
198773
198928
198969
199308
199547
199690
199868
200755
201065
201871
201899
202012
202181
202354
202486
202872
202899
203665
203864
204328
204510
204615
204813
204849
205739
205856
206351
206434
206450
206566
207385
207484
207886
208113
208125
208407
208538
208609
208891
209518
209559
210022
210144
210287
210543
210777
211115
212128
212340
212532
212756
212911
213224
213279
213445
213906
214159
215316
215316
215407
216190
216252
216262
216329
217051
217539
217556
218316
218466
218550
218710
218843
218891
219213
219625
219977
220048
220050
220269
220871
221203
221308
221658
221660
221727
222171
222417
222610
222627
222798
223273
223783
224717
225183
225358
225660
225963
226186
226316
226965
227671
228054
228413
228499
228539
228863
229072
229802
229884
230099
230493
230572
230749
230974
231014
231203
231325
231438
231538
231594
231835
231882
231926
232176
232440
232483
233305
233988
234305
234717
234828
234847
235641
236111
236210
236620
236754
237019
237168
237184
237186
237630
237806
237816
237906
238573
238662
239211
239284
239284
239347
239573
239666
239675
239684
240509
240793
240885
241023
241291
241813
241818
242373
242447
242498
242766
242835
243248
243403
244034
244415
244573
245414
245463
245744
245749
246790
247213
247296
247542
247742
248070
248199
248399
248572
249363
249609
249779
250564
250793
250938
251149
251187
251268
251344
251519
251625
251666
251687
251843
252053
252058
252089
252214
252442
252483
252671
252768
253218
253617
253898
254613
254640
255454
255487
255650
256011
256199
256760
256802
256914
257387
257425
258681
258858
259004
259105
260739
260849
261220
261365
261427
261467
261603
262035
263362
263602
263754
263812
263847
264571
264648
264789
264982
265149
265512
265601
265844
265953
266082
266189
266576
267272
267574
268023
268228
268508
268908
268918
269461
269468
269672
269778
269997
270578
270762
270863
272634
273362
273448
273734
274542
274776
274877
274919
275267
275341
275377
275393
275473
275720
275756
275904
276629
276681
276892
277084
278057
278183
278654
278666
278792
278838
279223
279401
279524
280025
280612
281044
281196
281346
281436
281491
281775
282047
282298
282579
282588
284214
284260
284321
284882
284937
285025
285745
285809
285906
285959
285995
286339
286478
286857
287535
288030
288057
288137
288181
288337
288986
289007
289390
289657
290067
290172
291675
291701
291922
292647
292946
292957
293323
293527
294055
294088
294167
294239
294329
295093
295095
296141
296280
296346
296525
296625
296650
297229
297265
297455
298060
298297
299173
299323
299624
299726
299869
300158
300202
300272
300639
300693
300720
300854
300932
300989
301262
301272
301675
302015
302465
302495
302496
302669
302760
302798
302852
303609
303949
304262
304665
304669
305008
305153
305381
305557
305629
305674
305843
306157
306285
306314
306315
306702
306804
306920
307316
307631
307912
308183
308714
309463
309604
310092
310597
310678
310780
311208
311364
312012
312340
312442
312471
312978
313233
313868
313873
314040
314041
314684
314903
314921
315596
315804
316147
316394
316420
317186
317255
317407
317903
318476
318639
318813
318838
319280
319554
319915
320135
320167
320217
320543
321224
321428
321517
321697
322088
322572
322742
322914
323127
323660
323817
323876
323881
324174
324306
324488
324900
324937
325120
325273
325777
325978
326025
326051
326430
326471
327138
327224
327400
327564
327639
327812
328246
328708
328720
328809
328967
329377
329595
330435
330454
330588
330649
330909
331058
331458
331504
331519
331584
331684
331827
331942
331967
332475
332489
332546
332587
332603
332774
334291
334680
334738
334873
335842
336131
336179
337032
337171
337772
338129
338177
338267
338388
338919
339082
339141
340211
340371
340493
340680
340893
341026
341040
341206
341760
341907
342203
342867
343041
343192
343354
344025
344056
345554
346080
346100
346161
347787
348088
348518
348848
348898
348939
349543
349835
350171
350235
350303
350432
350648
350669
351164
351461
351646
351845
352023
352049
352075
352139
352190
352405
353059
353616
354238
354271
354344
355106
356565
356859
357115
357213
357446
357513
357625
357728
357769
358047
358533
358753
358887
359044
359065
359233
359242
359681
360713
361134
361452
361493
361874
362991
363065
363292
363646
363887
363963
363981
364428
364510
364539
364567
364642
364756
364790
365405
365687
365825
366321
366350
366575
367228
367697
368159
368444
368616
369093
369109
370034
370905
371045
371161
371667
372056
372843
372887
373105
373191
373231
373294
373381
373772
373797
374171
374869
374913
375231
375252
375317
375428
375568
375872
376154
376268
376340
376390
376676
376691
376804
376922
377179
377185
377256
377301
377335
377622
377741
377791
377927
379164
380660
381119
381198
382784
383459
383568
383614
383855
384124
384213
384294
384337
384349
384375
384462
384579
384594
384618
384729
384899
384956
385199
385365
385704
385759
386226
386769
387076
387444
387471
387644
387819
388950
389476
390717
390754
390914
391097
391756
392038
392191
393034
393531
393890
394018
394228
394836
394865
395483
395518
395648
395716
395983
396205
396251
396479
396617
396744
397231
397246
397345
397508
397698
397967
398061
398826
399067
399285
399768
399872
400045
400056
400181
400520
400711
400806
401232
401296
402102
402113
402300
402806
402813
403022
403217
403223
403367
403598
403747
403786
404078
404311
404374
404792
405033
405095
405297
406418
406695
406724
407117
407582
407681
407687
408256
408789
408853
409085
410107
411026
411178
411491
411525
411544
412274
412653
412905
412984
412989
413002
413113
413503
413613
413685
413722
413965
414547
415413
415499
415873
416070
416289
416368
416719
416763
416930
417191
417914
418015
418215
418698
419279
420084
420157
420471
420576
420704
420848
420877
421359
421550
421774
421787
422161
422426
422461
422493
422505
422793
423031
423559
423993
424072
424288
424568
424647
424651
424721
424776
425270
425300
425352
425482
425774
426471
426599
426828
427062
427232
427284
427516
427932
428307
428347
428612
428776
428845
428912
428988
429148
429386
429422
429444
429533
429824
429908
429945
430141
430492
430497
430652
430802
431128
431498
431748
431782
432201
432247
432974
433015
433085
433270
435086
435550
435710
435983
436016
436143
436336
436504
436713
437039
437220
437504
438056
438128
438380
438423
438447
438506
438507
438511
438952
439009
439590
440245
440471
440510
440790
440835
440847
440922
440987
441111
441211
441401
441518
441899
442436
442588
442914
442946
443068
443268
443626
443671
443749
444137
444335
444508
444655
444802
445693
445704
445915
446806
447128
447132
448270
448407
450001
450038
450075
450221
450581
450618
451046
451401
451475
452492
452846
452965
453608
453635
454007
454050
454192
454719
455047
455087
455433
455654
457392
457832
458092
458390
458814
458927
459268
459472
460141
460449
460472
460575
461189
461446
461762
461803
462074
462117
462189
462190
462218
462698
462745
463119
463378
463680
463765
464198
464403
465211
465343
465652
465723
465960
466098
466207
466972
467292
467381
467684
467696
468046
468205
468778
468903
468986
469363
469643
470064
470162
470246
470334
470546
470998
471502
471619
472386
472458
472472
472581
472898
473289
473299
473329
473394
473487
473552
473689
474019
474115
474238
474658
474825
475371
475462
475853
477125
477176
477248
477702
477726
478103
478179
478285
478530
478764
479077
479135
479451
479972
480711
481003
481020
481962
482015
482363
482435
482627
483579
483895
484274
485125
485281
485853
485900
486582
486948
487328
487634
487891
487917
488135
488230
488249
488435
488778
489238
489351
489498
490633
490713
491667
491903
491928
491983
492202
492476
492587
492985
493343
493587
493775
494190
494447
494479
494498
494649
494740
495159
495161
495431
495495
495520
495862
495894
496259
496473
496819
497024
497437
497964
498369
498392
498673
498826
498976
499065
499709
499814
499819
500605
500648
500971
501321
502125
502157
502287
502610
502635
502709
503472
503622
503881
505399
505671
505982
506195
506322
506424
506585
506937
507361
507580
507847
507997
508104
508475
508868
508898
509019
509036
509245
509261
510143
510423
510881
510990
511471
512227
512426
512695
512735
512746
513218
513351
513457
513834
514277
514465
514535
514713
514894
514943
515580
515876
516559
517026
517299
517328
517361
517707
518070
518524
518820
518893
519861
520116
520357
520376
520408
520440
520533
520580
522123
522237
522424
523443
523530
523547
523886
523896
524084
524490
525093
525125
525371
525481
525581
525873
525945
526060
526361
526388
526578
526934
527065
527295
527376
527477
527478
527990
528177
528449
528452
528901
529446
529786
529874
530020
530872
530873
531014
531114
531205
531342
531382
531638
531728
532102
532258
532519
532979
533308
533336
533389
533399
533470
533653
533692
533745
533864
534240
534363
534560
534723
535006
535141
535164
535316
535318
535460
535551
535571
536192
536636
537125
537228
537502
537761
537871
537921
538080
538226
538549
538706
539019
539510
539760
540570
541747
542089
542128
542251
542375
542976
543083
543104
543565
543834
544605
544672
545085
545719
545755
545915
546005
546027
546126
546543
546574
547523
547694
548112
549029
549906
550363
550485
551556
552286
552391
552790
552874
553421
554078
554152
554240
554357
554388
554830
555125
555333
555339
555355
555850
555987
556401
556617
556645
557715
557922
558025
558038
558406
559255
559533
559542
560059
560124
560373
560761
560901
561339
561391
561417
561779
561785
561904
562005
562293
563052
563171
563468
563523
563689
563912
564765
564772
565009
565188
565203
565618
565837
566474
566487
566846
567015
567065
567408
567514
567710
567735
567784
567826
568182
568183
568701
568945
569049
569628
569774
569995
570330
570522
571074
571284
571441
572610
573043
573942
574159
574891
574908
574928
575017
575281
575343
575587
575677
575809
576192
576393
577278
577857
577915
578190
578901
578916
579017
579154
579525
579733
580554
580621
580641
580853
581340
581830
582384
582570
582577
582623
582974
583079
583497
583580
583629
583933
584245
584782
585095
585141
585831
586305
586781
586994
587028
587119
587366
587417
588363
588497
588898
589282
589420
590468
590811
591283
591803
591881
592134
592240
592494
592779
593150
593283
593506
594063
594439
594796
595068
595161
595242
595454
595532
595573
596021
596409
596606
597062
597077
597770
597993
598205
598469
599174
599434
599501
599967
600440
600518
600853
601231
601335
601672
601897
601940
602409
603465
603469
603654
603686
603697
603845
603961
604238
604565
604737
604794
604945
604984
605007
605198
605205
605344
605775
605817
606076
606402
606545
606579
606611
607093
607272
607609
607898
608267
608313
608395
608510
608760
609184
609258
609386
609569
609720
610386
610405
610666
610854
611075
611151
611352
611806
611820
612227
612455
612459
612714
613151
614362
615232
615430
615552
615569
615673
615900
616315
616695
616777
616850
616936
616990
617192
617215
617605
617755
617873
617903
618513
618730
618745
618952
619638
619676
619796
619872
620093
620225
620366
620626
621378
621577
621578
621722
622020
622215
622221
622264
622709
622971
623418
624018
624376
624431
624633
624735
624760
624910
625406
625966
626023
626523
626528
627037
627038
627061
627147
627327
627414
627730
627830
627943
628024
628224
628596
629072
629334
629450
629507
629643
630729
630889
631233
631508
631629
632669
632838
633366
633518
633646
633695
634402
634429
634544
634612
634771
635131
635396
635407
635700
635755
635766
635900
636696
637098
637478
637573
637867
637993
638405
638578
638654
638778
638852
639040
639154
639481
639629
639962
640027
640106
640479
640796
641065
641286
642238
642335
642602
643258
643352
643578
643630
643674
643680
643709
643737
643833
643940
643950
644212
644296
644486
645121
645198
645374
645390
645390
645559
645736
646216
646502
646821
647052
647067
647180
647309
647429
648507
648550
648582
648736
648754
649762
650174
650363
650687
650841
651005
651053
652176
652418
652436
652622
652729
652964
653013
653148
653345
653480
653882
654296
655420
655824
656405
656559
656652
656777
657239
657411
657941
658372
659362
659604
660396
660521
660677
660942
660986
661401
661476
661830
662182
662387
662747
662772
663048
664105
664440
664480
664490
664573
664854
665026
665147
665263
665292
665297
665442
665890
666231
666321
666587
666872
667744
667820
668031
668552
669097
669200
669474
669548
669750
669811
670152
670196
670704
671181
671506
671553
671757
671987
672084
672218
672340
673181
673433
673689
673742
673780
674179
674248
674570
675296
675894
676040
676272
676608
676618
677039
677178
677351
677694
677859
678278
678475
678908
679118
679136
679241
679301
679366
679413
679545
679581
679989
680471
680520
680604
680902
681123
681363
682384
682551
682645
682756
682958
683361
683558
683923
684134
685207
685388
685545
685616
685980
686466
686751
686929
687183
687188
687759
688544
688712
688800
688895
689158
689343
689540
689563
690105
690126
690151
690260
690268
690515
690599
690605
691111
691214
691620
692164
692480
692858
693275
693414
693887
694632
694647
695561
695833
695990
696050
696093
696302
696332
696338
696525
696585
696812
696825
697404
697988
698132
698320
698789
699118
699143
699345
699479
700114
700213
700359
700721
700758
700816
700931
701024
701143
701326
701922
702239
702372
703586
703760
703820
704187
704237
704418
704610
704711
704880
705348
705442
705463
705866
706209
706220
706543
707221
707398
707583
708053
708093
708478
708634
708815
708943
709129
709907
709919
709994
710166
710283
711215
711282
711376
711410
711487
711629
711802
711932
712632
713350
714423
714782
714950
716116
716142
716211
716663
716687
716752
717247
717521
717892
717929
717993
718342
718377
718740
718774
718797
718813
719724
719918
719982
720499
720641
721031
721273
721495
722124
722886
723101
723143
723148
723371
723631
724437
724739
724905
725080
725473
725862
725867
726013
726080
726333
726556
726634
727749
727848
728097
729327
729641
729776
730185
730273
730791
731095
731272
732102
732290
732701
733626
734165
734225
734320
734763
735049
735083
735450
735471
735617
735657
735756
735814
735863
736383
736556
736957
737732
737813
738042
738223
739100
739213
739255
739693
739992
740092
740378
740561
741094
741184
741190
741275
741616
741628
743432
743562
743627
743833
743920
744028
744742
744803
744931
745127
745131
745139
745397
745479
745607
745611
745631
746248
746273
746719
746725
746995
747621
747874
748024
748234
748956
749867
750089
750159
751131
751321
751733
752245
752260
752444
752606
752615
752672
753228
753315
753343
753432
753526
753623
753625
753675
753781
753823
753979
754570
754997
755259
755833
755996
756056
756683
756752
757330
757531
757827
758112
758525
758948
759332
759390
759398
759572
759588
760034
760091
760994
761337
761425
762050
762103
763235
763450
763631
763848
764088
764148
764476
764908
764953
765006
765691
765845
766649
766769
766791
767413
767704
767758
767763
768332
768727
768883
769032
769941
770661
770665
770701
771245
771251
771497
771762
771825
771920
771941
772154
772299
772432
772768
773630
773838
773946
774009
774437
774540
774658
774759
774855
775748
775752
775859
775980
776534
776618
777733
777997
779230
779272
779273
779531
779612
780262
780763
780938
781272
781351
781399
781508
781735
781844
781938
781991
782174
782286
782362
782489
782680
783663
783741
784289
784951
785356
785645
785779
786075
786165
787186
787627
788135
788482
789274
790033
790288
790297
790436
790848
791094
791331
791784
792048
792096
792206
792460
792744
792770
792841
793061
793403
793881
794413
794534
794691
795027
795733
795789
795921
796015
796336
796346
796760
796986
797769
798804
799009
799074
799167
799193
799231
799591
799714
799779
799809
799963
800326
800462
800788
800847
801248
801901
802041
802076
802097
802221
802248
802552
803253
803343
803555
804092
804190
804203
805174
805946
806909
806979
806983
807037
807195
807358
807587
807709
807852
808200
808252
808341
808386
808428
808609
808673
808683
808841
809167
809425
809932
810595
810926
811020
811149
811205
811719
811815
811971
813192
813231
813448
813826
813876
814173
814671
814719
814746
815131
815206
815408
815467
815937
816022
816036
816132
816297
816675
816713
816715
816751
817264
817487
817659
818154
818196
819170
819631
820065
820384
820542
820591
820637
821833
822047
822062
822064
822446
822636
822889
823144
823234
823410
823448
823806
823863
824363
824439
824478
824819
824969
825112
825182
825503
825531
825589
825713
825717
826209
826587
826756
826919
827064
827111
827358
827605
828086
828179
828199
828457
828491
828741
829497
829777
830437
830755
830786
830794
831609
831997
832008
832368
832594
832677
832877
833633
834462
834803
834842
834924
834948
834961
835914
836032
836661
836716
836728
837011
837051
837211
837280
837294
837325
837407
837915
837999
838087
838157
838271
838335
838551
838888
838970
839110
839836
840178
840185
840697
841140
841377
842248
843334
843653
843843
843891
844147
844410
844613
844634
845317
845325
845411
845414
845511
846429
846933
847147
847540
847608
847680
847707
848016
848476
848516
848591
848764
849425
849748
849779
850024
850026
850174
850465
850509
850669
850736
851284
851285
851383
851384
851554
851579
852007
852153
852565
853145
853269
853309
853390
853716
854031
854361
854444
854769
855012
855357
855405
855526
855670
856313
856386
856408
856466
856486
856622
856660
856791
856814
857463
857676
857724
857783
858244
858316
858802
859060
859415
859604
860454
860630
860649
860775
860916
860988
861624
861799
861812
861960
861979
862380
863038
863276
863800
864872
865050
865089
865552
865849
866266
866319
866411
866422
866571
866631
866764
867077
868037
868678
868736
868895
868978
869082
869398
869459
869632
869850
870028
870367
870384
870476
870559
870847
871260
871533
872013
872060
872279
872406
872826
873590
873626
873663
873720
874019
874158
874913
875098
875364
876196
876676
876999
877701
878057
878088
878665
878714
878875
878925
879048
879441
879634
879658
879824
879965
880388
880432
880523
881038
881135
881743
881973
882509
882743
882854
883444
884412
884462
884580
886021
886033
886081
886370
886807
887184
887194
887237
887250
887435
887617
887809
888238
888572
888797
889146
889157
889706
890112
891172
891286
891288
891452
891757
892179
892752
892754
892815
893074
893390
893598
893607
893908
893932
894304
894379
895030
895137
895304
895359
895905
895913
896094
896677
897004
897529
897566
897869
897877
898087
898125
898438
898502
899000
899130
899348
900388
900394
900677
900696
900875
901214
901253
901469
901524
901542
901832
902056
902273
902422
904164
904252
904276
904366
904414
904822
904830
905286
905453
905627
905632
905881
906272
906359
907414
907442
907706
907835
908004
908942
909165
909251
909322
909395
910437
910469
911039
911359
911389
911630
911838
912167
912205
912437
912469
912603
912820
912905
912962
913377
913778
913914
913927
914289
914413
914473
914499
914518
914845
914886
915272
915326
915370
915464
915963
916280
916584
916613
916656
916659
917086
917356
917362
917362
917750
917770
917957
918443
918458
919206
919663
919702
919891
919981
920307
920381
920470
920812
920831
921490
921802
921931
922293
922588
922723
922997
923032
923184
923435
923558
923566
923751
924108
924251
924417
924477
924504
924685
925062
925143
925240
925285
925740
925892
926211
926292
926325
926465
926811
927193
927212
927595
927610
928273
928469
928884
929091
929546
929716
929782
929924
930027
930505
930631
930803
930844
930849
930985
931007
931118
931197
931327
931344
931594
931682
931989
932657
933317
933622
933742
933804
933885
934013
934194
934404
934954
935288
935381
936054
936184
936219
936596
936718
936740
936750
936991
937259
937322
937443
937452
937597
937598
937783
937889
938026
938064
938463
938870
938880
938890
939401
939661
939741
939869
940018
940035
940358
940359
940557
940978
941164
941169
941698
942326
942802
942820
943159
943358
943525
943573
943963
944331
944802
944817
944846
944924
944940
945008
945067
945779
946088
946120
946163
946422
946676
947321
947704
947783
947999
948089
948441
948750
948862
948940
949222
949309
949461
949570
949756
949765
949799
949991
950037
950160
950184
950213
950370
950382
950635
950846
951065
951244
951262
951295
952646
952686
952902
953238
953784
953907
953913
954045
954162
954275
954537
955249
955252
955527
955766
956063
956256
956581
956735
957033
957312
957756
957801
957970
958002
958245
958465
958504
958929
958975
959151
959498
959516
959633
960386
960889
961091
961522
961549
961728
962513
962550
962929
963092
963147
963543
963571
963763
964276
964292
965629
966243
966731
967065
967308
968151
969108
969420
969942
970433
971358
971537
971568
972000
972246
972384
972807
973661
974814
975424
976083
976232
976542
976713
976724
976732
977210
977258
977312
977576
977857
978286
978772
978828
978857
979650
980286
980290
980418
980620
981054
981103
981187
981632
981900
982457
982878
983230
983329
984090
984105
984716
984876
984931
985467
985468
985688
985707
985835
986236
986264
986306
986837
986984
987077
987268
987354
987401
987725
987775
988124
988230
988277
988392
988548
989140
989336
989348
989507
989588
989760
989944
990171
990624
990748
990817
991465
991753
991975
992305
992419
992540
992775
992928
992954
993162
993207
993321
993726
993934
994140
994293
994664
994684
994827
995516
995965
996142
997006
997073
997116
997149
997344
997722
997757
998087
998335
998420
998461
998473
999315
999461
999609
999645
999954
