-99984
-99827
-99406
-99191
-98782
-98764
-98552
-98486
-98463
-98222
-98170
-97940
-97615
-97611
-97401
-96665
-96347
-96165
-95460
-95443
-95425
-95100
-95047
-94772
-94566
-94169
-94162
-93671
-93616
-93506
-93467
-93018
-92819
-92712
-92491
-92446
-92377
-92348
-91984
-91829
-91745
-91695
-91628
-90707
-90074
-89525
-89229
-89211
-89157
-88460
-88197
-88137
-87933
-87864
-87864
-87677
-87666
-87533
-87491
-87276
-87025
-86998
-86990
-86598
-86479
-86405
-86196
-86023
-86002
-85938
-85886
-85824
-85775
-85699
-85506
-84929
-84837
-84768
-84617
-84535
-84351
-84297
-84028
-83787
-83461
-83122
-82796
-82282
-82233
-82165
-82040
-81761
-81609
-81490
-81246
-81182
-80654
-80622
-80477
-80401
-80097
-79932
-79818
-79747
-79437
-79304
-79278
-79234
-79017
-78953
-78855
-78706
-78680
-78472
-78451
-78166
-78160
-77834
-77509
-77476
-77319
-76921
-76728
-76241
-76065
-75526
-75317
-74916
-74635
-74327
-74238
-74211
-73613
-73554
-73498
-73101
-72958
-72087
-71303
-71198
-70940
-70659
-70487
-70405
-70341
-69728
-69332
-69199
-69088
-68373
-68342
-68330
-68312
-68287
-68259
-67664
-67341
-67225
-67024
-66946
-66620
-66125
-66024
-66020
-65932
-65880
-65859
-65621
-65573
-65554
-65344
-65306
-65257
-64913
-64898
-64873
-64624
-64603
-64423
-64115
-64056
-63430
-63133
-62726
-62237
-62100
-61579
-61250
-61185
-61066
-60971
-60909
-60801
-60661
-60243
-60064
-60007
-59797
-59691
-59586
-59096
-58813
-58662
-58456
-58283
-57971
-57009
-56913
-56848
-56443
-56406
-56247
-56027
-55934
-55692
-55589
-55473
-55423
-55245
-55222
-54364
-54216
-54070
-54054
-53425
-52791
-52729
-51910
-51886
-51836
-51719
-51574
-51385
-51069
-51063
-50583
-50172
-50172
-49775
-49709
-49603
-49574
-49543
-49416
-49337
-49261
-48965
-48562
-48107
-47963
-47513
-47324
-47300
-47241
-47218
-46702
-46371
-46354
-46353
-46282
-46223
-45884
-45807
-45462
-45340
-44815
-44065
-43924
-43756
-43538
-43479
-43457
-43015
-43000
-42950
-42744
-42703
-42703
-42599
-41914
-41713
-41510
-41439
-41086
-41021
-40843
-40699
-40697
-40308
-40127
-39943
-39766
-39705
-39609
-39248
-39163
-39017
-39011
-38992
-38907
-38619
-38526
-38507
-38329
-38322
-38206
-37772
-37633
-37445
-37136
-37106
-36868
-36840
-36745
-36530
-36375
-36371
-35811
-35786
-35689
-35625
-35213
-34804
-34718
-34675
-34548
-34236
-34092
-33396
-33174
-33131
-33017
-32767
-32388
-32305
-32063
-31739
-31739
-31637
-31060
-30774
-30757
-30658
-30428
-30312
-30297
-30209
-29841
-29729
-29620
-29378
-29134
-28861
-28629
-28562
-28212
-27896
-27823
-27586
-27279
-27036
-26989
-26890
-26858
-26807
-26593
-26585
-26074
-25964
-25921
-25815
-25752
-25606
-25378
-25360
-25230
-25177
-25125
-25016
-24561
-24469
-24035
-23750
-22994
-22851
-22562
-22446
-22067
-22023
-21465
-21166
-20774
-20723
-20386
-20332
-20241
-20182
-19961
-19675
-19643
-19605
-19420
-19289
-18847
-18798
-18609
-18330
-18107
-18005
-17975
-17659
-17643
-17541
-16950
-16946
-16268
-16203
-16185
-15413
-15059
-14760
-14237
-14231
-14201
-14090
-13680
-13631
-13573
-13562
-13520
-12551
-12496
-12276
-11765
-11757
-11687
-11451
-11278
-10742
-10726
-10718
-10592
-10265
-9915
-9902
-9827
-9707
-9608
-9446
-9366
-9309
-8888
-8253
-8114
-7965
-7890
-7768
-7706
-7580
-7532
-7258
-7094
-7066
-6895
-6816
-6703
-6656
-6171
-6082
-6030
-5679
-5577
-5549
-5527
-5429
-5251
-5249
-4732
-4680
-4506
-4480
-3893
-3834
-3705
-3325
-2876
-2504
-2499
-2271
-2011
-1980
-1805
-1337
-1077
-972
-807
-773
-540
-185
-185
203
455
676
1214
1978
2216
2229
2233
2358
2438
2818
2924
3452
3664
4025
4139
4182
4302
4866
5180
5284
5294
5342
5374
5819
5833
6042
6899
7191
7454
7723
7784
7857
7954
7963
8126
8826
8834
8984
9135
9339
10177
10180
10534
10971
11018
11071
11071
11073
11738
11749
12043
12061
12075
12223
12262
12345
12851
12993
13063
14054
14320
14321
14349
14402
14439
14479
14739
14803
14966
15034
15069
15557
15600
15683
15845
16257
16260
16688
16727
16847
16872
16954
17072
17398
17541
17707
18022
18045
18249
18263
18769
18856
18921
18994
19071
19248
19340
19345
19655
19702
19926
19943
20076
20122
20323
20364
20383
20479
20514
20868
20968
21091
21225
21434
21589
21692
21880
21920
21926
22160
22454
22614
22782
22974
23392
24137
24268
24304
24996
25931
26041
26320
26370
26819
27115
27273
27367
27512
27652
27805
27886
28446
28581
28766
28920
29116
29218
29376
29868
30052
31137
31504
31566
31953
32082
32148
32289
32334
32352
32370
32471
33049
33205
33570
33600
34113
34209
34358
34603
34680
34743
35150
35164
35308
35359
35812
36000
36159
36578
36691
36908
37137
37550
37684
37690
38093
38163
38412
38429
38449
38454
38501
38709
38789
39186
39484
39867
39872
39880
40090
40520
40521
40566
41010
41028
41054
41168
41339
41728
42233
42263
42320
42349
42762
43350
43367
43649
44051
44605
44711
44935
45093
45458
45613
45617
45643
45788
45978
46041
46111
46265
46312
46406
46456
46704
47114
47379
47514
47572
48176
48192
48448
48650
48841
49003
49398
50224
50257
50407
50453
51151
51936
52139
52193
52306
52362
52490
53179
53410
54024
54591
54664
55132
55167
55359
55597
55681
56018
56151
56175
56278
56516
56587
56796
56862
57020
57039
57230
57250
57517
58248
58596
58777
58862
59869
60000
60111
60396
60752
60884
61107
61631
61680
62019
62235
62490
62579
62603
62754
62875
62946
63276
63277
63285
63422
64304
64448
64498
64773
65088
65484
65527
65591
65879
65958
66236
66270
66785
66882
67231
67238
67324
67432
67781
67944
68013
68399
68686
68925
68973
69264
69378
70020
70236
70240
70276
70302
70355
70597
70788
71000
71020
71031
71108
71279
71464
71512
71557
71738
72011
72206
72429
72435
72438
72782
72927
74248
74403
74450
74591
74619
74745
74893
74965
75113
75399
75630
75718
75817
75850
76138
76684
76785
76966
77458
77663
77711
77766
78535
78806
78974
79030
79046
79407
79465
79923
80281
80313
80773
80797
81012
81376
81379
81477
81615
81714
81805
82150
82280
83047
83103
83153
83155
83366
83920
84098
84106
84313
84495
84830
84911
84924
85084
85119
85678
86066
86143
86437
86647
86650
87022
87356
87377
87398
87973
88013
88297
88876
89060
89424
89466
89673
89835
90039
90642
91125
91315
92656
92719
92732
92896
93518
93732
94486
94547
94648
94795
95021
95124
95319
95508
95667
95817
95946
96064
96497
96843
97406
98047
98151
98304
98346
98835
99048
99687
100056
100065
100199
100540
101110
101664
102074
102301
102362
102475
102541
102752
102915
104229
104540
104790
104929
104971
105074
105102
105406
105421
105452
105492
105662
105723
105777
105823
105826
105912
106163
106253
106474
106620
106637
106800
106807
107165
107298
107391
107608
107789
107862
108234
108358
108677
109221
109327
109680
109787
109818
109821
110136
110338
110478
110555
110623
110664
110701
110737
110893
110980
111109
111114
111546
111588
111870
111908
112234
112265
112282
112356
112507
112536
112605
112677
113303
113699
113895
113952
114038
115051
115060
115065
115130
115295
115470
115672
116126
116345
116373
116424
116787
116957
117287
117332
117413
117449
117576
118948
119510
119757
119828
119961
120104
120351
120601
120671
121071
121085
121135
122132
122151
122484
122597
122982
123082
123237
123281
123667
124482
124496
124572
124678
124724
125054
125137
125584
125652
126008
126132
126295
126541
126833
127082
127085
127284
127406
127494
127594
127674
127678
128606
128663
128760
129211
129337
129421
129673
129883
129948
130048
130153
130351
130408
130425
130472
130958
131364
131429
131617
131648
131663
131749
132961
133103
133480
134133
134217
134467
134759
134842
135182
135273
135390
135666
135712
135997
136409
136687
136702
136781
136951
137357
137408
137523
137582
137661
137678
137840
137945
138295
138426
138444
138549
138862
139004
139056
139089
139739
139768
139934
139946
140223
140368
140383
140426
140502
140556
140589
140660
140791
141339
141915
142036
142176
142712
143110
143174
143575
143589
143716
143838
144036
144338
144458
144577
144635
145167
145242
145413
145415
145782
145933
145944
145999
146257
146824
147050
147177
147341
147460
147504
147894
148009
148023
148151
148181
148255
148328
148333
148931
149032
149263
149466
149555
150380
150442
151139
151773
151853
151981
152195
152318
152408
152674
153631
153642
153721
153884
153898
154236
154864
155046
155072
155081
155400
155742
156471
156552
156666
156826
157015
157144
157217
157268
157387
157406
157463
157465
157470
157868
157957
158410
158462
158550
159103
159121
159593
159638
159739
159946
160377
160769
160784
160798
160916
160932
160960
161257
161646
161758
161847
162113
162125
162279
162408
162932
163043
163435
163448
163668
163847
163979
163980
164049
164183
164264
164417
164543
164667
164732
164794
164799
164816
165006
165291
165439
165815
166120
166353
166478
166546
166719
166787
167034
167185
168069
168292
168376
168577
168992
169605
169903
170107
170144
170349
170574
170633
170661
170865
170916
170929
171023
171221
171584
171669
171870
171986
172124
172163
172474
172982
173057
173243
173245
173538
173654
174017
174062
174346
174450
174553
174861
174952
175351
175485
175515
175597
175880
175965
175988
176160
176272
176277
176316
176449
176532
176767
177154
177154
177618
177886
178008
178578
178893
179467
179518
179945
179965
180162
180171
180318
180414
180565
180627
180657
180777
180784
180889
181149
181338
181631
181778
181947
182046
182076
182464
182613
182743
182878
183336
183460
183788
183791
183814
184022
184153
184176
184240
184241
184742
184859
185358
185496
185506
185780
185924
185929
186034
186293
186423
186565
186622
186729
187245
187303
187368
187399
187575
187587
187641
187929
188243
188329
188673
188954
188959
189305
189394
189642
189644
189841
189886
190045
190125
190164
190270
190333
190406
190811
190936
191054
191334
191381
191547
191579
191618
191726
191821
192354
192388
192542
192546
192992
193197
193200
193274
193370
194263
194281
194362
194420
194968
195001
195085
195137
195219
195433
196262
196375
196419
196466
196645
196848
196879
197102
197214
197423
197520
197658
197700
197735
198170
198277
198548
198728
198855
199015
199033
199368
199703
199804
199910
200064
200313
200470
200906
200926
201343
201477
201509
201541
201912
202020
202277
202454
202975
203152
203286
204406
204986
205274
206106
206741
207151
207759
207990
208114
208934
209486
209720
209808
209839
209869
210243
210386
210543
210584
210809
211461
211478
212066
212072
212138
212344
212598
212637
212953
213182
214226
214460
214464
215116
215423
215458
215507
215689
216246
216573
216857
217001
217003
217198
217321
217423
217545
217785
217854
217999
218074
218433
218731
218769
218861
219097
219193
219300
219515
219724
219858
220100
220321
220328
220466
220794
221053
221124
221519
221795
221943
222304
222311
222368
222862
222892
223146
223160
224080
224289
224413
224414
224659
224754
224777
224818
224874
225116
225385
225766
225782
226116
226373
226697
227100
227267
227600
227742
227937
228012
228099
228122
228290
228525
229138
229430
229649
229913
230296
230298
230413
230856
231035
231293
231324
231475
231696
231818
231901
232016
232057
232177
232253
232256
232340
232424
232474
232644
232721
233113
233270
233364
233693
234018
234388
234433
234502
234509
234743
235136
235260
235654
235839
235861
235945
236124
236577
236592
236608
236923
237124
237204
237390
237600
237819
237901
237906
238328
238598
238626
239201
239274
239716
239794
240122
240129
240233
240242
240699
240850
241068
241319
241404
241513
241572
241866
241899
241947
242015
242067
242143
242238
242291
242643
242819
242872
243219
243327
243450
243574
243619
243771
243877
243964
244354
244630
244869
245032
245135
245646
245652
245766
245829
246436
246541
246666
247084
247750
247754
247950
248344
248514
248677
248743
249128
249158
249283
249283
249291
249354
250231
250403
250598
250671
250846
250925
251211
251530
251614
251620
251687
252078
252149
252511
252894
253347
253635
253902
254008
254244
254750
254816
255791
255866
255919
256163
256451
256578
257341
258060
258442
258497
258655
258900
259080
259290
259449
259460
259589
259902
260375
260417
260466
260646
260655
260774
260798
261628
262354
262775
262850
263385
263677
263737
263787
263962
263982
264003
264038
264398
264420
264422
264716
264728
265120
265332
265345
265747
265823
266242
266246
266449
266856
267018
267593
267765
268085
268161
268828
269317
269325
269799
269920
270657
271007
271163
271745
271857
271860
272154
272189
272526
272766
272798
272931
273047
273128
273219
273338
273366
273399
273527
273564
273684
273707
273777
273811
274035
274114
274261
274832
274900
275006
275019
275144
275261
275412
275451
275623
276271
276452
276611
276636
276899
277112
277165
277497
277724
277842
277908
278211
278290
278625
278730
278762
278860
278965
279069
279131
279793
279887
279936
280117
280199
280358
280600
280931
281169
281189
281364
281435
281673
281764
281812
282166
282291
282302
282386
282481
282664
282665
282930
283246
283674
283699
283766
283869
283882
283884
284089
284183
284189
284430
284905
285216
285269
285765
285837
285917
286049
286143
286189
286411
286882
287016
287046
287173
287562
287586
287667
287694
287745
287779
287875
288321
288376
288717
288880
288959
289076
289522
289635
289820
289854
289901
289941
290016
290095
290501
290740
290877
290983
291063
291575
291891
292372
292790
293147
293235
293325
293352
293398
293483
293507
293554
293608
293618
293978
294109
294223
294462
294463
294711
294743
294965
295047
295064
295070
295251
295269
295658
295692
295893
295958
295969
296042
296140
296340
296626
296676
297051
297818
297966
298237
298337
299035
299156
299536
299598
299725
299917
300143
300173
300208
300228
300711
301244
301513
301716
302098
302325
302329
303620
303743
303958
304110
304509
304591
304820
305464
305473
305574
305635
306093
306379
306539
306552
306616
306849
307495
307584
308103
308332
308604
308903
309088
309565
309602
309716
309818
309840
309978
310254
310597
311033
311134
311186
311237
311291
311481
311773
312316
312477
312477
312494
312791
312795
312846
313015
313154
313394
313407
313496
313548
313602
313789
313975
314288
314339
314404
314868
314931
315046
315317
315461
315523
315715
316083
316156
316162
316328
316695
317166
317597
317924
318040
318241
318278
318417
318448
318734
318819
318973
318986
318989
319053
319103
319197
319274
319669
319723
319789
320039
320189
320271
320458
320614
320814
320837
320883
321120
321215
321284
321286
321355
321901
322042
322088
322100
322140
322437
322468
323017
323764
324041
324128
324586
324618
324904
324945
325035
325121
325195
325382
325436
325850
326295
326412
326736
326985
327418
327614
327701
327720
328083
328096
328226
328445
328894
328916
329417
329440
329675
330528
330834
331444
331472
331663
331697
331715
332075
332799
332914
332921
333131
333173
333372
334000
334168
334515
334712
334731
334885
334940
335214
335470
335800
335856
335950
336071
336471
336569
337103
337762
337825
338108
338267
338333
338350
338512
338615
338636
339005
339395
339459
339995
340258
340325
340510
340818
341212
341484
341638
341988
342488
342964
343057
343058
343326
343615
343665
343781
343926
344146
344205
344227
344253
344337
344403
344449
344612
344824
344854
344991
345254
345478
345498
345764
345902
345990
346236
346406
346718
346719
346833
346938
347061
347303
347379
347999
348278
348298
348347
348687
348818
349017
349308
349601
349667
350007
350159
350159
350415
350463
350775
351595
351721
351751
351755
351844
352453
352536
352701
352901
353208
353261
353265
353573
353836
354485
354897
354972
355092
355177
355348
355398
355806
356042
356227
356458
356519
356593
356744
356764
357006
357111
357173
357251
357424
357906
358168
358911
359028
359153
359357
359412
359668
359745
359799
361285
361524
361582
362041
362244
362322
362338
362970
363073
363572
363575
363694
363803
363870
363954
364021
364336
364536
364797
364889
364996
365916
366972
367457
367567
367872
368225
368259
368306
368323
368395
368675
368691
368767
369051
369233
369473
369545
369685
370044
370204
370772
371077
371298
371509
371592
371674
371732
371753
371831
371873
371981
372004
372038
372156
372271
372398
372535
372708
372793
372865
373225
373339
373586
373915
374074
374108
374158
374221
374335
374358
374587
374706
374845
374865
374938
375230
375372
375430
375665
375740
375779
375829
375920
375991
376626
376639
376674
376961
376998
377176
377254
377286
377944
378194
378279
378381
378548
378843
378886
378927
378995
379118
379438
379675
379759
379789
379877
380074
380113
380358
380401
380488
380620
380824
380833
380850
380875
381050
381099
381182
381611
381727
381830
382041
382299
382370
382493
382543
382571
382736
382840
382883
383230
383413
383423
383426
383544
383669
383838
384245
384563
385077
385302
385828
386034
386403
386437
386454
386458
386811
386898
387381
387459
387499
387556
387602
387734
387965
387970
388641
388649
389136
389335
389799
389806
390656
390790
390806
390859
391065
391539
392128
392229
392362
392385
392913
393007
393371
393424
393600
393616
393984
394004
394730
394993
395036
395315
395351
395453
395722
395813
396374
396449
396462
397187
397215
397250
397317
397394
397458
397654
397806
398359
398616
398921
398962
399397
399401
399663
399714
399760
400142
400344
400356
400614
400776
401191
401496
401730
402019
402083
402685
403033
403085
403364
403439
403444
403599
403671
403843
404300
404363
404519
404919
405520
405590
405754
405971
406097
406150
406269
406407
406624
406967
407013
407029
407612
407900
407988
408061
408513
408759
408876
409088
409114
409811
409892
410067
410117
410270
410273
410337
411104
411365
411377
411543
412007
412528
412827
413302
413376
413803
414031
414309
414344
414448
414865
414922
415010
415303
415390
415443
415878
416039
416070
416317
416599
416908
417026
417110
417132
417352
418031
418037
418073
418374
419279
419635
419923
420004
420301
420464
420730
420919
420970
421760
422381
422423
422687
422715
422766
422913
423067
423222
423475
423516
423932
424193
424371
424484
424831
425009
425425
425807
426011
426085
426271
427080
427248
427311
427403
427556
427804
427814
428663
428715
428754
429096
429313
429695
429885
430145
430186
430186
430485
430811
430998
431217
431268
431542
431603
431838
431847
431966
432048
432088
432696
432818
432870
433025
433045
433080
433095
434651
435069
435699
435702
435849
435880
435976
436055
436209
436289
436586
436663
437188
438299
438311
438491
439017
439517
439760
439822
440144
440259
440319
440349
440378
440404
440571
440640
440771
440900
441050
441242
441458
441465
441467
441650
441890
441989
442020
442434
442986
443348
443402
443880
444140
444217
444448
444567
444601
444932
445020
445137
445224
445542
445721
445740
445767
446232
446261
446276
446315
446347
446378
446611
446798
446833
447197
447362
447521
447616
447717
447799
447834
448025
448237
448555
448667
449347
449399
449522
450119
450172
450686
450720
451158
451282
451317
451483
451493
452009
452147
452545
453133
453133
453410
453617
453875
454060
454134
454673
454812
454813
454945
454979
455108
455315
455484
455573
455612
456443
456537
456757
457157
457349
457473
457530
457536
457658
458284
458606
459039
459250
459277
459591
459722
460057
460254
460510
460780
460825
461058
461155
461332
461571
461900
461940
462263
462354
462598
462811
462917
462944
463137
463153
463198
463335
463969
464011
464114
464682
464970
465144
465244
465414
465433
465463
465609
465750
465820
466560
466594
466851
467534
468243
468455
468490
468575
468689
469058
469460
469543
469644
470062
470125
470141
470278
470865
471252
471263
471469
471807
471894
472862
473270
473426
474050
474133
474495
474554
474596
474743
475765
475869
475982
476116
476899
476956
477004
477016
477894
478171
478419
478477
478566
478814
479308
479427
479622
479811
479931
479985
480009
480063
480444
480494
480601
480636
480695
480739
480801
480862
480933
481215
481511
481626
481693
482179
482197
482670
482806
483116
483159
483689
483875
484555
484686
484919
485815
485873
485941
485989
486673
486878
487180
487285
487522
487546
487590
487954
488011
488124
488148
488664
488796
489092
489267
490074
490365
490374
490764
490926
491063
491313
491319
491801
492759
492805
492831
492980
493015
493103
493201
493208
493240
493243
493414
493423
493502
494006
494026
494056
494801
494944
495547
495557
495830
496028
496038
496585
497009
497062
497225
497464
497609
497635
497769
497877
497904
498086
498369
498477
498870
499062
499290
499496
499636
499806
499921
500147
500274
500849
500920
500984
501143
501165
501354
501729
501739
501741
501853
501885
502350
502387
502579
503265
503597
503669
503902
504222
504552
504581
504686
504692
504869
505156
505159
505764
505902
507481
507567
507666
507936
508000
508175
508416
508614
508725
508808
509185
509237
509296
509305
509314
509337
509494
509613
509783
509792
510057
510304
510310
510713
511430
511862
511989
512058
512124
512281
512643
513405
513427
513686
513759
514291
514527
514543
514957
515305
516157
516502
516570
517639
518054
518278
518510
518728
519024
519371
519487
519491
519939
521106
521218
521482
521959
521978
521989
522096
522100
522174
522860
523555
523569
523963
523983
524087
524234
524398
524832
524869
525047
525094
525598
525880
526276
526669
526915
527151
527164
527630
527632
527756
527804
528136
528160
528389
528522
528955
529336
529350
529396
529596
530357
530562
530635
530643
530960
531004
531246
531475
531865
532198
532388
532410
532805
532814
533135
533297
533566
533905
534084
534149
534154
534257
534457
534528
534662
534715
534732
534789
534895
535218
535327
535417
535456
535527
535581
535666
535823
535878
535905
536973
537023
537311
537414
537458
537511
537558
537960
538005
538341
538351
538469
538546
538664
538790
539212
539331
539549
539601
539603
539614
539709
540285
540905
540921
540989
541062
541173
541235
541255
541715
541837
541852
541960
542247
542793
543134
543387
543726
544015
544157
544359
544456
544854
544968
545367
545484
545685
545791
546165
546672
546741
547017
547044
547157
547356
547534
547609
547773
547842
548080
548172
548554
548769
549025
549315
549424
549509
549519
550004
550361
550413
550758
550866
550885
550939
551193
551436
551570
551667
551756
551933
553120
553485
553498
553834
553945
554012
554029
554370
554537
554821
554929
555694
555760
555862
555897
556120
556178
556544
557049
557511
557587
557661
557832
558123
558451
558481
558631
559184
559452
559628
559714
559767
559849
559875
560254
560310
560332
560566
560852
560858
562008
562026
562107
562109
562293
562299
562380
562467
562714
562856
562893
563044
563115
563190
563232
563241
563332
563494
563503
563840
563921
564350
564391
564447
564538
564640
564932
564951
565086
565192
565384
565458
565553
565653
565661
565706
566026
566052
566325
566510
566511
566620
566824
566879
567173
567332
567484
567737
567758
568038
568060
568293
568296
568497
568550
568758
568930
569207
569418
569497
569552
569782
570193
570281
570378
570506
570615
571076
571357
571973
572009
572590
572644
572746
572750
572984
573133
573249
573327
573517
573585
573588
573595
573983
574349
574443
574662
574785
574897
574926
575054
575099
575155
575263
575318
575985
576393
576559
576709
576747
577043
577123
577126
577234
577417
577453
577590
577604
577902
577927
578389
578602
578643
578709
578764
578823
579071
579202
579417
579509
579597
579929
580057
580765
580865
581271
581347
581497
581591
581859
581964
582092
582339
582398
582479
582712
582844
583095
583109
583308
583581
583594
583796
584403
584839
584951
585096
585293
585331
585482
585549
585695
586350
586723
586807
586988
587193
587405
587502
587536
587644
587970
588057
588362
588375
588469
588504
588535
588655
588665
588761
588865
589327
589338
589340
589453
589495
589511
589527
589588
589634
589688
589688
589698
590730
591013
591258
591339
591371
591453
591609
591833
592059
592255
592283
592341
592580
592804
592881
593023
593043
593046
593192
593212
593223
593310
593553
593565
594388
594679
594806
594890
594980
595118
595312
595467
595521
595564
595598
595720
595758
595787
595887
595993
596051
596250
596268
596431
596574
596607
597192
597487
598782
599197
599253
599630
599694
599819
599834
600025
600114
600147
600306
600382
600419
601011
601125
601373
601864
602162
602174
602302
602367
602462
602535
602538
602627
602655
602955
603000
603096
603097
603122
603203
603303
604062
604147
604169
604239
604255
604373
604407
604579
605037
605069
605354
605419
605905
606247
606332
606439
606676
606863
607082
607290
607422
607432
607553
607631
607668
608233
608879
608941
609580
609807
609973
610000
610140
610231
610283
610378
610417
610898
611010
611725
611843
611859
612740
612790
613506
613528
613676
613684
613834
614082
614327
614370
614892
615138
615153
615378
615472
615754
616192
616231
616929
617043
617330
618016
618025
618041
618141
618480
618496
618625
618762
618762
619091
619177
619234
619347
619368
619401
619408
620093
620172
620222
620488
620841
620928
621256
621534
622026
622051
622243
622338
622365
622490
622604
622606
622861
623473
623476
623638
623820
623870
623956
624001
624146
624444
624850
625134
625649
625712
625881
625894
625990
626013
626468
626573
626837
627757
628041
628177
628584
628731
628773
628777
628933
628978
629255
629459
629548
629646
629861
629871
629912
630203
630264
630360
630489
630505
630864
631113
631126
631561
631607
631648
631967
631969
632061
632091
632306
632511
632597
632663
632764
632787
632953
633329
633937
633978
633980
634006
634495
634501
634621
634640
634988
635001
635322
635443
635559
635594
635669
635672
635796
636056
636064
636214
636329
636873
636908
637085
637821
637932
638387
638450
638843
638961
639067
639506
639998
640149
640252
640592
640665
641139
641246
641763
641967
642255
643317
643365
643512
643614
643857
643939
644270
644452
644491
644502
644923
645194
645227
646010
646026
646209
646462
646549
646619
646897
647627
647708
647850
647939
648269
648320
648492
648534
648573
649110
649134
649134
649295
649493
649769
650100
650132
650447
650668
650995
651089
651188
651270
651441
651560
651574
651614
651695
651715
651788
651898
651972
652180
652585
652851
652906
652933
653091
654252
654353
654528
654560
654595
654619
654861
654919
655241
656150
656179
656180
656299
656417
656640
656672
656676
656877
657135
657196
657550
657564
657655
657855
658041
658282
658551
658725
659174
659421
659603
659760
659778
659980
660226
660336
660412
660415
660631
660652
660873
661283
661830
662313
662486
662715
663016
663084
663188
663285
663587
663591
663732
663901
664597
664756
664787
665275
665454
665580
665806
665983
666107
666195
666253
666400
666487
667278
667310
667454
667777
667819
667836
667865
668050
668251
668253
668399
668466
668957
669384
669721
669876
670068
670398
670399
670478
670794
670819
670870
670933
670953
671218
671219
671384
671412
671628
672449
672553
672611
672656
672679
672990
673046
673946
674153
674551
674605
674964
675038
675041
675130
675225
675283
675299
675377
675504
675931
675970
676012
676161
676395
676398
676711
676750
676823
677431
677472
677638
677718
678147
678323
678367
678550
679265
679292
679340
679373
679499
680016
680351
680668
681083
681210
681335
681844
682110
682133
682284
682508
682511
682723
683027
683380
683502
683870
684066
684128
684411
684688
685099
685243
685342
685383
685542
685560
685570
685578
685953
686001
686049
686243
686478
686655
686856
687213
687614
687620
687920
688124
688574
688617
688774
689087
689178
689183
689357
689406
689764
690034
690283
690323
690416
690569
690679
690757
691134
691492
691598
691608
691610
691776
691836
691881
691910
692182
692349
692475
692838
692937
693523
693683
693739
693796
693929
694200
694261
694364
694442
694564
695036
695203
695433
695454
695538
695773
695835
696003
696053
696082
696306
696321
696329
696382
696580
696583
696921
697140
697187
697296
697748
697944
698074
698569
698690
699111
699331
699616
699715
699829
699992
700199
700248
700480
700577
701173
701215
701419
701787
701790
702061
702572
702704
702928
702936
702951
703247
703283
703398
703575
703698
703910
704076
704216
704318
704477
704523
704660
704711
704986
705338
705362
705569
705635
705777
705849
705940
705961
706331
706670
706748
706969
706998
707032
707264
707668
707776
707995
708027
708469
708477
708502
708527
708570
708813
708875
709116
709147
709265
709315
709868
710058
710308
710576
710701
710788
710861
710945
710993
711057
711445
711568
711765
712110
712254
712393
713231
713439
713853
714051
714123
714530
714596
714660
714897
714969
715002
715012
715140
715368
715392
715481
715554
716007
716129
716209
716222
716561
716567
716752
716866
717346
717406
717615
717755
718190
718416
719344
719609
719634
719918
720331
720478
720692
720833
720951
721612
722184
722269
722485
722892
722915
722919
723745
723920
724267
724388
724913
725135
725136
725450
725632
725651
725655
725821
725842
726012
726133
726866
726934
727085
727232
727242
727445
727469
727540
727758
728012
728191
728375
728878
729233
729353
729638
729691
730379
730883
730898
730938
730962
731044
731187
731205
731589
731679
731711
731744
731965
732018
732073
732144
732371
732497
733000
733405
733429
733917
733941
733946
734067
734156
734182
734340
734560
734713
734774
735120
735308
735557
735656
736017
736025
736123
736265
736273
736374
736757
736961
737272
737893
738377
738386
738593
738879
739150
739170
739461
739700
739969
740053
740501
740712
740797
740894
741279
741328
741496
741559
741584
742258
742335
742383
742548
742566
742712
742761
742820
742835
742884
742884
743743
743859
744216
744448
744659
744675
744733
744739
744940
745035
745421
745494
745520
745721
745895
746002
746210
746683
747245
747342
748044
748154
748256
748324
748575
748878
749001
749408
749437
749596
749822
750021
750070
750274
750740
750751
751230
751363
751426
751509
751515
751793
751799
751917
751997
752298
752758
752766
752821
752919
752979
753129
753981
754127
754507
754684
754772
754966
754977
755098
755130
755739
755805
756230
756312
756414
756602
756801
757350
757400
757423
757826
757959
758639
758750
758881
759032
759730
759744
759951
760008
760872
761080
761428
761597
761617
761636
762036
762232
762396
762422
762521
762845
762875
763032
763244
763277
763698
763871
763898
764159
764204
764367
764480
764530
764966
765029
765157
765157
765305
765625
765818
766038
766073
766142
766151
766190
766435
766460
766495
766593
766839
767304
767388
767405
767674
767758
768140
768239
768939
769592
769854
769928
770105
770192
770247
770805
771056
771497
771857
771961
772010
772015
772227
772361
772517
772588
772853
773126
773286
773288
773584
773938
773948
774068
774237
774293
774533
774870
775381
775637
775704
775845
776183
776254
776407
776678
776724
776776
776922
777146
777336
777433
777514
777659
777684
778088
778291
778599
778663
778766
778782
778840
778910
779057
779632
779779
779913
780091
780101
780162
780211
780597
780783
780897
781345
781477
781504
782030
782139
782179
782595
782772
782826
783869
784095
784101
784106
784222
784861
785238
786035
786042
786061
786890
787054
787475
787477
787713
787931
787965
788045
788201
788411
788445
788549
788923
788953
788974
789030
789264
789536
789689
789718
789723
789827
789829
789854
790229
790271
790795
790812
791036
791602
791719
791836
792256
792394
792504
792511
792549
792552
792852
792886
793433
793898
794056
794376
794391
795037
795312
795438
795565
795669
795821
795867
796076
796639
796676
796797
797003
797109
797125
797237
797374
797391
797471
797492
797745
797757
797828
798077
798141
798419
798420
798488
798529
798552
798730
798770
799345
799619
799785
799894
799927
800057
800140
800142
800649
800742
800781
800869
800881
801453
801717
801894
801912
801934
801998
802159
802341
802387
802474
802611
802810
803032
803063
803141
803239
803891
803900
804154
804457
804469
804564
804629
804656
805131
805322
805419
805628
805817
805873
806364
806427
806584
807170
807556
807598
808047
808156
808320
808681
808768
808780
808826
808940
809012
809056
809503
809541
809580
809941
810121
810134
810172
810483
810486
810602
810690
810767
810867
811013
811174
811222
811307
811451
812669
812773
812894
813093
813205
813368
813895
813985
814385
814490
814654
814878
814882
814943
815716
815748
816398
816488
816633
816795
816938
816952
817152
817198
817290
817381
817401
817509
817607
817698
817709
817783
817962
818617
818842
818912
819001
819353
819509
819700
819776
819990
820114
820403
820922
821162
821272
821725
821764
821869
821953
822046
822054
822216
822217
822279
822776
822921
822958
823672
823700
823811
824266
824571
824788
824856
824888
825389
825472
825503
825564
825582
826136
826407
826413
826620
827112
827243
827829
828085
828110
828128
828199
828790
828983
829092
829106
829310
829535
829652
829785
830357
830627
831009
831222
831533
831861
831977
832050
832102
832506
832506
833069
833188
833198
833319
833375
833628
833641
833841
834173
834358
834571
834588
834693
835183
835264
835532
835868
836102
836784
836805
836977
837117
837462
837594
837626
837838
837888
838091
838166
838334
838666
838782
838828
838885
838978
839105
839439
839672
839836
839886
839911
840016
840029
840274
840402
840475
840479
840809
841151
841294
841742
841914
841935
842483
842574
842645
842682
843522
843579
843926
844020
844022
844154
844199
844238
844343
844474
844520
844554
845236
845476
845636
845803
845900
845957
846007
846088
846152
846158
846164
846253
846295
846393
846426
847120
847191
847251
847259
847431
847482
847558
847653
847738
847848
848176
848329
848392
848922
849271
849423
849523
849573
849880
849908
850037
850230
850484
850771
850952
851101
851293
851498
851557
851627
851684
852065
852428
852557
852671
852872
852967
853146
853176
853428
854043
854369
854481
854577
854591
854871
855015
855052
855542
855666
856021
856049
856087
856180
856318
856449
856518
856541
856614
856706
857332
857512
857691
857722
857760
858317
858534
858807
859286
860348
860365
860384
860503
860605
860657
861011
861503
861656
861999
862182
862250
862434
862713
863008
863079
863221
863251
863473
863514
863892
863905
864257
864337
864406
864464
864980
865507
865602
865637
866128
866207
866470
866527
866860
866902
867140
867677
867824
868234
868416
868990
870378
870585
870598
870649
871500
871547
871687
872281
872716
873144
873214
873367
873901
874170
874279
874280
874322
874658
874884
874941
875108
875181
875811
875908
876050
876250
877006
877202
877225
877695
878225
878659
878784
878932
879093
879209
879232
879240
879245
879351
879393
879602
879805
880032
880043
880109
880327
880452
880509
880524
880614
880898
881409
881484
881532
881563
881750
881892
882142
882160
883056
883462
883550
883726
884127
884463
884573
884705
884779
884817
884880
885061
885717
885736
885851
885866
886091
886206
886269
886298
886551
886762
886883
886913
887455
887460
887518
887625
887754
888034
888099
888307
888351
888376
888622
888719
888902
888911
889251
889443
889539
889589
889624
889624
889812
889820
890471
890538
890703
890814
891160
891965
892158
892236
893171
893174
893253
893264
894134
894260
894329
894597
894742
894764
894765
894971
895011
895077
895090
895248
895374
895716
895806
895833
896032
896124
896706
896913
897040
897490
898084
898382
898513
899144
899470
899645
899748
899924
900425
900899
901193
901306
902084
902255
902435
902496
902584
902603
902707
902756
902846
903015
903124
903192
903266
903389
903507
903599
903644
903742
903854
903872
903904
904170
904232
905097
905119
905336
905356
905408
905507
905670
905781
906226
906472
906663
906811
907059
907345
908238
908380
908410
908517
908731
910049
910057
910904
911057
911502
911577
911778
911780
912190
912197
912291
912446
912866
913355
913522
913666
913774
913886
913889
914158
914642
914683
914869
914968
915127
915774
916087
916397
916465
916554
916831
917044
917135
917170
917461
917589
917854
917902
917967
918052
918101
918635
918836
919044
919259
919601
920130
920170
920179
920632
920834
921022
921191
922028
922381
922612
922614
922739
922969
923110
923115
923147
923822
924088
924177
924313
924394
924729
925316
925640
925708
926007
926046
926287
926374
926714
926723
926938
927301
927626
927930
928207
928297
928725
929266
929388
929769
929794
929929
930261
930396
930481
930839
930866
931021
931086
931819
931842
931886
931909
932124
932128
932453
932529
932764
932838
933073
933273
933923
934203
934496
934526
934765
934870
934875
935054
935187
935456
935555
935665
935775
935822
935894
935980
936511
936602
936946
937020
937404
937427
937652
937692
938494
938673
938904
939054
939259
939285
939352
939535
939806
940298
940304
940360
940585
941246
941544
941602
941868
942494
942994
943030
943227
943442
943507
943550
943809
944012
944074
944369
944399
944401
944522
944651
944706
944906
944916
945312
945715
945830
946178
946284
946343
946410
946899
947525
947572
947610
948031
948397
948589
948734
948789
948868
949244
949263
949467
949472
949551
949643
949964
950140
950200
950342
950356
950897
950987
951609
951786
951880
952013
952273
952332
952347
952385
952595
952736
952822
952964
953085
953310
953603
953636
953722
953974
954060
954295
955174
955277
955299
955391
955594
956003
956181
956580
956593
956896
957075
957683
958159
959078
959132
959651
959851
959988
960081
960158
960191
960346
960380
960707
960806
960893
960957
961273
961324
961363
961403
961509
961527
961611
961763
961838
961877
962117
962413
962415
962502
963191
963451
963557
963756
964138
964284
964902
965567
965788
965815
966076
966095
966430
966493
966527
966780
966873
966915
966956
966973
967010
967043
967160
967272
967414
967597
967785
967790
968264
968308
968376
968443
968608
968686
968742
969520
969633
969681
969728
970303
970333
970355
970527
970609
970700
971066
971523
971792
971804
971946
971956
971971
972147
972255
972262
972465
972866
973177
973202
973231
973246
973376
973489
973507
973818
973883
973963
974155
974357
974382
974541
974554
974767
974962
975245
975247
975264
975583
976177
976181
976521
976832
977037
977246
977372
977393
977769
977784
977815
977832
978146
978167
978242
978853
978957
979233
979538
979545
979608
979800
979972
979978
980556
980771
980823
980824
981076
981396
981554
982040
982507
982772
983416
983740
983849
984008
984113
984765
984894
984913
985290
985784
985982
986404
986592
986606
986617
986704
986881
987122
987123
987554
988158
988241
988486
988727
988922
989100
989180
989662
989993
990051
990277
990516
990622
990776
990858
991046
991252
991399
991414
991442
991444
991497
991505
991948
991986
992373
992458
992606
992838
993417
993616
993651
994072
994372
994397
994656
995381
995748
996061
996518
996558
996743
997060
997415
997585
998053
998136
998160
998309
998727
998952
998967
999001
999414
999453
999602
999637
999750
999836
999929
