-99972
-99921
-99917
-99871
-99703
-99369
-99366
-98864
-98712
-98643
-98636
-98591
-98585
-98351
-98293
-98178
-98151
-98043
-97976
-97972
-97925
-97727
-97703
-97662
-97530
-97519
-97457
-97413
-97376
-97373
-97349
-97323
-97254
-97231
-97041
-96941
-96907
-96888
-96848
-96804
-96780
-96740
-96727
-96701
-96700
-96680
-96660
-96651
-96527
-96437
-96286
-96081
-96040
-95998
-95871
-95676
-95554
-95433
-95426
-95417
-95372
-95296
-95214
-94768
-94586
-94494
-94360
-94260
-94257
-94178
-94079
-94065
-93948
-93852
-93716
-93519
-93507
-93430
-93261
-93255
-93021
-92740
-92684
-92576
-92567
-92454
-92430
-92394
-92274
-92269
-92265
-92243
-92064
-92059
-91962
-91902
-91900
-91900
-91883
-91865
-91856
-91827
-91811
-91746
-91554
-91532
-91528
-91484
-91412
-91354
-91320
-91239
-91172
-91168
-91057
-91037
-91007
-90988
-90943
-90828
-90657
-90646
-90625
-90557
-90399
-90204
-90085
-89983
-89919
-89754
-89727
-89725
-89716
-89576
-89480
-89343
-89181
-89169
-89104
-89041
-88987
-88962
-88889
-88835
-88822
-88816
-88652
-88605
-88537
-88529
-88489
-88427
-88241
-88171
-88145
-88120
-88101
-88086
-88080
-88064
-88024
-88013
-87928
-87906
-87826
-87735
-87698
-87555
-87534
-87490
-87371
-87310
-87133
-87113
-86962
-86923
-86843
-86785
-86767
-86725
-86701
-86662
-86662
-86655
-86600
-86497
-86343
-86225
-86136
-86117
-86068
-86040
-85916
-85665
-85662
-85653
-85625
-85599
-85530
-85269
-85241
-85179
-85094
-85081
-85000
-84986
-84924
-84584
-84554
-84528
-84499
-84364
-84303
-84292
-84118
-84024
-83717
-83628
-83515
-83501
-83359
-83311
-83308
-83162
-83109
-82746
-82734
-82458
-82404
-82067
-82062
-82036
-82033
-81994
-81921
-81897
-81868
-81753
-81587
-81473
-81428
-81408
-81257
-81216
-81121
-81117
-81025
-81018
-80799
-80757
-80605
-80584
-80439
-80103
-79893
-79822
-79821
-79732
-79643
-79568
-79406
-79344
-79324
-79282
-79272
-79263
-79214
-79204
-78786
-78710
-78709
-78605
-78445
-78321
-78085
-78084
-78083
-78022
-78007
-77952
-77882
-77881
-77858
-77821
-77726
-77715
-77640
-77611
-77469
-77325
-77253
-77138
-77086
-77068
-76999
-76908
-76898
-76782
-76677
-76649
-76638
-76540
-76374
-76315
-76169
-76167
-76075
-76074
-75897
-75713
-75646
-75572
-75420
-75408
-75127
-74954
-74944
-74905
-74869
-74785
-74764
-74708
-74707
-74669
-74586
-74445
-74415
-74392
-74375
-74350
-74195
-74189
-74124
-74078
-73748
-73729
-73691
-73611
-73515
-73407
-73366
-73308
-73288
-73230
-73215
-72844
-72684
-72677
-72587
-72426
-72418
-72343
-72240
-72097
-71995
-71766
-71754
-71565
-71440
-71185
-71002
-70909
-70847
-70776
-70693
-70632
-70628
-70544
-70525
-70435
-70002
-69998
-69943
-69735
-69554
-69513
-69365
-69248
-69061
-68940
-68916
-68885
-68859
-68857
-68713
-68365
-68197
-68185
-68155
-68123
-67965
-67439
-67301
-67295
-67276
-67245
-67103
-67078
-67057
-66887
-66786
-66659
-66578
-66577
-66421
-66366
-66300
-66285
-66150
-66119
-66030
-65906
-65816
-65712
-65510
-65509
-65475
-65453
-65356
-65342
-65224
-65176
-65153
-64965
-64948
-64882
-64868
-64769
-64455
-64360
-64359
-64281
-64277
-64234
-64222
-64195
-64172
-64154
-64100
-64089
-64024
-63962
-63914
-63850
-63757
-63719
-63631
-63548
-63322
-63277
-63236
-63217
-63199
-63057
-63043
-62991
-62980
-62932
-62819
-62686
-62644
-62642
-62410
-62324
-62265
-62245
-62214
-62190
-61927
-61657
-61537
-61501
-61440
-61429
-61214
-61187
-61159
-61122
-61009
-60995
-60801
-60773
-60720
-60579
-60376
-60357
-59844
-59821
-59810
-59742
-59644
-59613
-59588
-59557
-59557
-59462
-59340
-59303
-59212
-59196
-59154
-59138
-58993
-58981
-58978
-58923
-58859
-58836
-58807
-58746
-58709
-58645
-58536
-58495
-58204
-58200
-58178
-58062
-57956
-57737
-57736
-57601
-57475
-57343
-57280
-57223
-57171
-56927
-56865
-56862
-56860
-56854
-56800
-56653
-56560
-56420
-56398
-56352
-56271
-56265
-56232
-56047
-56027
-56007
-55881
-55781
-55607
-55472
-55420
-55354
-55277
-55205
-55202
-55058
-54873
-54829
-54781
-54709
-54698
-54486
-54324
-54226
-54079
-53958
-53754
-53680
-53613
-53605
-53589
-53534
-53513
-53495
-53427
-53374
-53354
-53184
-53103
-53068
-52784
-52769
-52650
-52591
-52550
-52545
-52537
-52518
-52513
-52461
-52438
-52383
-52250
-52238
-52221
-52153
-51890
-51814
-51582
-51562
-51514
-51474
-51214
-51078
-50970
-50928
-50883
-50596
-50516
-50499
-50492
-50417
-50417
-50357
-50344
-50300
-50287
-50262
-50135
-50132
-49985
-49896
-49867
-49751
-49742
-49729
-49689
-49680
-49666
-49617
-49338
-49282
-49217
-49156
-49088
-48941
-48831
-48813
-48697
-48696
-48523
-48501
-48258
-48217
-48214
-48072
-48019
-47953
-47848
-47776
-47749
-47712
-47603
-47596
-47493
-47375
-47347
-47263
-47075
-47070
-46969
-46931
-46819
-46792
-46691
-46530
-46464
-46301
-46280
-46075
-46030
-45969
-45956
-45926
-45860
-45809
-45719
-45678
-45630
-45626
-45614
-45612
-45545
-45326
-45292
-45282
-45093
-45081
-45073
-45015
-44934
-44908
-44903
-44880
-44874
-44849
-44788
-44741
-44572
-44479
-44250
-44215
-44124
-44045
-43944
-43827
-43801
-43680
-43670
-43453
-43239
-43217
-43057
-43005
-42870
-42838
-42825
-42740
-42695
-42636
-42285
-42176
-42165
-42143
-42117
-42103
-41742
-41724
-41707
-41627
-41600
-41596
-41582
-41581
-41549
-41537
-41512
-41391
-41373
-41360
-41314
-41258
-41227
-41193
-41159
-41121
-41010
-40856
-40738
-40657
-40616
-40475
-40284
-40148
-40141
-40026
-40010
-39903
-39875
-39857
-39677
-39676
-39619
-39549
-39538
-39492
-39479
-39267
-39265
-39060
-38973
-38958
-38921
-38779
-38733
-38723
-38575
-38554
-38294
-38266
-38215
-38206
-38125
-37948
-37802
-37738
-37718
-37654
-37653
-37570
-37556
-37529
-37446
-37406
-37400
-37321
-37309
-37284
-37189
-37095
-37047
-37010
-36973
-36790
-36776
-36695
-36688
-36665
-36664
-36658
-36481
-36466
-36385
-36385
-36376
-36312
-36214
-36185
-36006
-35720
-35612
-35483
-35338
-35259
-35198
-35145
-35002
-34956
-34940
-34863
-34843
-34814
-34781
-34681
-34613
-34442
-34434
-34397
-34287
-34246
-34186
-34136
-34133
-34065
-34044
-34017
-33973
-33893
-33848
-33632
-33628
-33573
-33381
-33315
-33225
-33211
-33154
-33081
-33076
-32922
-32797
-32789
-32589
-32552
-32523
-32396
-32276
-32091
-32037
-31899
-31890
-31846
-31760
-31682
-31524
-31460
-31442
-31412
-31303
-31115
-31078
-30902
-30878
-30614
-30568
-30560
-30238
-30200
-30156
-29653
-29560
-29557
-29377
-29318
-29210
-29156
-29104
-28979
-28965
-28735
-28662
-28632
-28574
-28533
-28470
-28229
-28180
-28110
-28076
-28062
-28059
-28051
-28043
-27861
-27755
-27640
-27621
-27602
-27511
-27432
-27313
-27206
-27110
-27017
-26787
-26691
-26683
-26682
-26593
-26587
-26558
-26546
-26387
-26379
-26204
-26197
-26045
-26003
-25982
-25938
-25920
-25917
-25862
-25823
-25783
-25681
-25526
-25499
-25495
-25355
-25316
-25216
-25135
-24984
-24983
-24957
-24817
-24769
-24731
-24719
-24582
-24576
-24574
-24528
-24475
-24454
-24423
-24369
-24367
-24307
-24169
-23849
-23713
-23573
-23539
-23131
-23110
-22666
-22436
-22248
-22236
-21939
-21920
-21904
-21903
-21840
-21736
-21604
-21533
-21496
-21461
-21292
-21260
-21240
-21180
-21137
-21014
-21009
-20908
-20704
-20667
-20660
-20654
-20596
-20404
-20386
-20346
-20336
-20310
-20306
-20186
-20112
-19942
-19903
-19795
-19785
-19760
-19748
-19678
-19615
-19544
-19507
-19402
-19136
-19092
-19040
-18769
-18738
-18633
-18539
-18477
-18425
-18343
-18245
-18116
-18097
-18079
-18021
-17911
-17735
-17649
-17349
-17241
-17159
-17133
-17111
-16900
-16802
-16716
-16263
-16037
-15965
-15897
-15867
-15864
-15833
-15812
-15787
-15732
-15692
-15582
-15496
-15383
-15121
-15050
-14971
-14864
-14713
-14701
-14692
-14663
-14644
-14406
-14319
-14220
-14192
-14140
-13886
-13874
-13837
-13786
-13753
-13665
-13613
-13424
-13401
-13310
-13208
-13156
-13142
-13113
-13081
-13064
-13027
-12882
-12699
-12623
-12521
-12491
-12441
-12188
-12131
-11835
-11622
-11557
-11520
-11493
-11424
-11390
-11364
-11253
-11171
-11046
-10965
-10784
-10671
-10551
-10527
-10438
-10288
-10217
-10116
-9970
-9886
-9798
-9720
-9718
-9557
-9542
-9532
-9099
-8800
-8692
-8625
-8569
-8546
-8490
-8247
-7762
-7611
-7578
-7448
-7294
-7242
-7162
-7101
-7076
-7054
-6957
-6915
-6904
-6836
-6807
-6782
-6779
-6680
-6632
-6608
-6527
-6523
-6459
-6439
-6385
-6281
-6148
-6005
-6002
-6000
-5955
-5821
-5744
-5721
-5530
-5420
-5286
-5268
-5253
-5224
-5136
-5100
-5016
-4874
-4840
-4778
-4772
-4617
-4525
-4509
-4457
-4431
-4175
-3812
-3691
-3631
-3425
-3316
-3313
-3280
-3118
-2924
-2770
-2760
-2744
-2669
-2628
-2603
-2553
-2504
-2460
-2365
-2359
-2080
-2078
-1991
-1931
-1904
-1833
-1657
-1642
-1327
-1224
-1204
-1156
-1138
-911
-873
-871
-839
-817
-727
-677
-621
-434
-339
-317
-184
-137
78
143
244
272
301
322
326
484
504
639
698
841
891
1019
1159
1201
1238
1279
1322
1382
1452
1671
1921
2060
2078
2080
2239
2250
2276
2370
2567
2591
2601
2677
2729
2735
2812
3056
3080
3112
3295
3369
3435
3570
3587
3621
3650
3657
3659
3934
4056
4114
4210
4239
4404
4439
4588
4686
4687
4869
4930
4968
4973
5060
5069
5089
5111
5111
5202
5233
5346
5376
5457
5638
5728
5745
5792
5817
5833
5971
6076
6082
6127
6151
6204
6442
6462
6471
6484
6556
6681
6696
6734
6818
6843
6927
6948
7012
7127
7130
7436
7504
7692
7713
7740
7797
7942
7969
8039
8080
8123
8157
8476
8540
8558
8629
8683
8706
8771
8792
8801
8872
8938
8968
8971
9005
9036
9058
9129
9224
9246
9299
9403
9497
9686
9786
9875
10026
10060
10170
10210
10271
10310
10545
10625
10678
10765
10843
10903
10920
11005
11079
11105
11143
11222
11319
11654
11684
11741
11802
11835
11898
12294
12395
12540
12595
12717
12768
12813
12864
13132
13223
13243
13331
13341
13389
13548
13559
13634
13795
13842
13926
14255
14357
14416
14507
14564
14630
14707
14986
14995
15015
15041
15130
15352
15355
15382
15420
15446
15476
15530
15568
15927
16077
16094
16133
16311
16319
16383
16403
16526
16527
16821
16853
16881
16936
17004
17288
17406
17580
17595
17665
17719
17742
17784
17861
17916
17935
18048
18196
18233
18412
18617
18619
18638
18766
18838
18850
18911
18934
18987
18998
19003
19049
19077
19127
19190
19711
19827
19923
20033
20286
20386
20407
20420
20503
20574
20626
20850
20937
21091
21114
21114
21232
21239
21346
21364
21532
21613
21662
21736
21782
21934
21964
22038
22155
22260
22329
22530
22663
22680
22790
22865
22906
23091
23296
23357
23381
23424
23482
23510
23550
23607
23744
23887
23971
23972
24202
24219
24323
24365
24514
24548
24568
24623
24719
24973
25013
25194
25219
25333
25394
25525
25634
25658
25688
25773
25915
25921
25932
26000
26085
26109
26229
26403
26436
26663
26844
26871
26987
27189
27280
27465
27490
27580
27668
27831
27837
27841
27875
27898
27992
28265
28383
28576
28599
28705
28803
28846
28860
28965
29041
29141
29149
29245
29293
29319
29564
29606
29658
29660
29665
29691
29692
29696
29896
29959
30165
30170
30354
30412
30708
30794
30860
30895
30979
30989
31019
31149
31219
31363
31371
31465
31519
31537
31557
31856
31864
31908
31983
32183
32208
32219
32303
32425
32542
32613
32868
32917
32945
32987
33050
33052
33091
33232
33403
33491
33549
33593
33616
33618
33648
33765
33791
33871
33887
33969
34054
34253
34280
34291
34316
34322
34337
34419
34572
34580
34589
34615
34667
34854
34906
34938
35033
35060
35075
35260
35280
35282
35379
35421
35435
35501
35509
35548
35606
35616
35724
35736
35745
35801
35908
36449
36820
36828
36902
37007
37033
37211
37272
37350
37414
37563
37825
37905
37977
38002
38003
38110
38185
38231
38239
38283
38353
38543
38546
38551
38603
38663
38688
38694
38699
38805
38923
39012
39135
39153
39267
39407
39430
39444
39476
39582
39980
39992
40020
40108
40123
40138
40360
40437
40526
40533
40746
40802
40841
40897
40904
41045
41071
41192
41281
41302
41305
41311
41311
41390
41481
41775
41850
42085
42134
42151
42554
42769
42922
43002
43056
43096
43097
43099
43135
43163
43262
43462
43555
43648
43720
43916
44241
44332
44360
44580
44628
44635
44647
44682
44689
44774
44815
44823
44830
44859
44955
45006
45061
45076
45083
45166
45210
45303
45335
45419
45448
45536
45626
45632
45897
45914
45985
46040
46046
46069
46120
46194
46306
46594
46599
46700
46704
46781
47089
47272
47335
47438
47550
47599
47700
47703
47743
47895
47898
47905
47909
47972
48090
48151
48356
48380
48449
48503
48627
48648
48791
48848
48878
49236
49246
49370
49580
49702
49841
49852
49858
50029
50120
50205
50208
50266
50351
50625
50724
50916
50923
51150
51173
51244
51296
51343
51353
51353
51361
51521
51623
51877
51920
52055
52077
52149
52319
52321
52513
52626
52700
52766
52779
52887
52908
52960
52991
53084
53140
53195
53200
53385
53392
53522
53608
53641
53729
53817
53858
53990
54285
54317
54484
54546
54588
54677
54683
54711
54747
54802
54856
54884
54884
55018
55028
55103
55112
55175
55197
55212
55242
55255
55291
55328
55347
55360
55448
55503
55545
55713
55734
55781
55821
55873
56002
56015
56042
56125
56181
56325
56339
56379
56503
56576
56580
56786
56843
56843
56907
57005
57039
57040
57086
57136
57292
57341
57385
57405
57459
57506
57573
57578
57609
57632
57647
57689
57715
57721
57835
58147
58316
58320
58352
58355
58395
58541
58551
58567
58589
58670
58834
58882
59018
59099
59140
59247
59469
59540
59679
59760
59828
59839
60128
60345
60345
60461
60572
60641
60649
60879
60928
61002
61007
61043
61068
61229
61268
61273
61286
61328
61436
61747
61830
61952
61954
62074
62093
62159
62198
62280
62409
62441
62458
62516
62532
62579
62582
62662
62760
62830
62917
62963
62990
62993
63109
63110
63147
63287
63309
63470
63479
63560
63612
63682
63856
64115
64118
64303
64327
64379
64381
64632
64633
64722
64736
64912
64992
65046
65066
65120
65158
65180
65395
65415
65457
65475
65490
65523
65542
65649
65879
65958
65990
66067
66076
66244
66246
66304
66331
66350
66422
66423
66442
66506
66538
66586
66709
66715
66844
66946
66947
67102
67104
67155
67188
67246
67288
67360
67409
67419
67433
67434
67573
67665
67721
67789
67870
67941
67989
68216
68251
68418
68452
68467
68608
68612
68671
68841
68853
68876
68964
69076
69195
69199
69219
69231
69270
69323
69369
69388
69503
69542
69684
69697
69719
69854
69967
70015
70060
70065
70086
70149
70266
70269
70271
70280
70316
70398
70420
70463
70487
70551
70590
70667
70690
70801
70825
70889
70893
71088
71154
71161
71170
71204
71270
71406
71637
71664
71689
71896
72023
72023
72060
72193
72260
72357
72399
72418
72428
72432
72491
72518
72623
72752
72809
72833
73075
73100
73197
73285
73429
73465
73490
73523
73606
73649
73670
73713
73827
73926
74260
74282
74350
74476
74491
74541
74719
74731
74759
74765
74820
74822
75158
75291
75384
75509
75865
76114
76123
76163
76175
76311
76551
76640
76702
76814
77186
77357
77494
77518
77627
77694
77711
77723
77729
77737
77944
77948
77980
77988
78142
78145
78283
78315
78335
78368
78548
78708
78734
78749
78807
78840
78930
79084
79107
79243
79277
79280
79438
79456
79466
79593
79745
79793
79885
79940
80297
80338
80395
80679
80820
80875
80917
80932
80969
81077
81084
81085
81110
81148
81195
81292
81305
81493
81558
81599
81605
81612
81622
81750
81753
81790
81845
81894
81941
81996
82041
82097
82097
82249
82251
82300
82326
82367
82369
82531
82550
82593
82609
82611
82665
82789
82818
82954
82999
83003
83126
83129
83194
83246
83259
83446
83622
83776
83832
84033
84235
84248
84255
84299
84349
84377
84399
84618
84636
84727
84904
85031
85075
85078
85340
85443
85664
85737
85762
85764
85781
85843
85848
85850
85852
85877
86143
86192
86206
86212
86238
86273
86378
86400
86483
86494
86505
86515
86525
86692
86741
86775
86944
86957
87125
87187
87217
87343
87432
87602
87609
87704
87739
87958
88007
88183
88184
88190
88208
88234
88286
88352
88635
88668
88700
88757
88761
88784
88791
88851
88871
88917
89046
89107
89189
89226
89324
89370
89424
89510
89525
89603
89658
89804
89857
89979
90220
90284
90315
90419
90542
90547
90675
90692
90716
90717
90743
90901
91103
91111
91183
91210
91211
91264
91484
91736
91790
91864
92003
92019
92115
92145
92168
92300
92432
92469
92533
92593
92657
92720
92902
92915
93063
93098
93199
93250
93378
93429
93438
93631
93722
94083
94126
94226
94550
94668
94693
94745
94956
94978
94994
95120
95148
95281
95302
95305
95501
95580
95594
95969
96105
96220
96431
96609
96618
96660
96683
96696
96776
96824
96832
96851
96927
96992
97064
97070
97143
97297
97307
97374
97441
97446
97449
97501
97517
97634
97638
98068
98240
98270
98325
98363
98381
98427
98675
98766
98860
98876
99062
99137
99189
99216
99395
99492
99508
99566
99584
99737
100059
100234
100296
100355
100421
100462
100510
100579
100660
100717
100748
100859
101018
101224
101278
101401
101451
101642
101703
101802
101807
101884
101985
102024
102038
102067
102103
102269
102367
102906
103222
103466
103539
103591
103963
103976
104027
104065
104155
104182
104241
104297
104568
104775
104863
104890
105137
105287
105343
105349
105376
105396
105412
105412
105473
105503
105608
105805
105818
105861
105952
105984
105999
106026
106042
106071
106149
106157
106249
106378
106387
106422
106720
106787
106801
106854
106881
106946
107008
107018
107055
107069
107359
107432
107433
107440
107467
107625
107727
107776
107811
107909
108245
108251
108388
108497
108750
108867
109016
109019
109158
109434
109455
109457
109487
109536
109590
109749
109801
109846
110130
110175
110310
110384
110500
110681
110698
110732
110771
110777
110863
110955
111139
111164
111211
111391
111396
111591
111596
111650
111657
111662
111695
111708
111770
111789
112193
112205
112233
112277
112339
112382
112450
112458
112548
112592
112691
112696
112724
113076
113222
113239
113328
113332
113467
113564
113599
113683
113780
113877
114079
114166
114356
114407
114437
114443
114570
114584
114633
114671
114724
114727
114767
114820
114825
114966
115049
115120
115260
115289
115367
115449
115509
115563
115595
115712
115758
115762
115851
115999
116085
116129
116135
116295
116309
116428
116460
116473
116473
116485
116528
116603
116668
116773
116815
116989
117312
117434
117445
117498
117527
117530
117550
117616
117783
117808
117876
117909
117970
118106
118109
118307
118349
118442
118453
118584
118605
118669
118707
118719
118748
118853
118862
118922
119000
119046
119145
119233
119268
119277
119427
119695
119738
119782
120090
120092
120138
120180
120223
120303
120304
120482
120547
120631
120636
120670
120788
120842
120875
120898
121010
121041
121078
121084
121109
121184
121354
121429
121576
121695
121904
122143
122184
122187
122348
122351
122406
122508
122553
122604
122626
122656
122719
122725
122760
122831
123006
123023
123158
123193
123210
123238
123423
123500
123676
123702
123776
123805
123845
123882
123884
123902
123922
124076
124146
124165
124213
124306
124470
124516
124568
125029
125090
125260
125343
125584
125617
125626
125852
125888
125905
125977
126194
126199
126470
126588
126603
126635
126813
126825
126889
126902
127108
127137
127170
127309
127422
127438
127838
127847
127973
128027
128040
128101
128182
128211
128338
128381
128384
128480
128580
128613
128761
128852
129132
129148
129182
129352
129522
129574
129689
129708
129782
129900
129916
129982
129989
130027
130455
130472
130498
130591
130610
130731
130903
130909
130912
130951
131023
131053
131053
131066
131072
131097
131198
131281
131293
131303
131588
131604
131623
131658
131741
131808
131914
132055
132060
132069
132152
132253
132258
132359
132431
132456
132459
132536
132549
132551
132633
132774
132820
132997
133085
133141
133254
133267
133273
133294
133361
133399
133432
133592
133612
133674
133695
133788
133859
133937
134184
134324
134351
134559
134570
134680
134693
134721
134734
134765
134801
134847
134879
134940
135004
135036
135082
135347
135367
135422
135449
135463
135474
135640
135725
135730
135894
136044
136063
136090
136133
136150
136200
136397
136463
136505
136521
136525
136574
136635
136713
136733
136854
136867
136895
136915
137122
137161
137239
137300
137367
137553
137772
137921
138033
138245
138257
138268
138289
138296
138459
138462
138493
138595
138598
138647
138796
138871
138927
138936
138940
139017
139226
139330
139354
139359
139393
139417
139470
139588
139689
139756
139878
139878
139879
139893
139915
139939
140002
140076
140392
140396
140499
140629
140688
140738
140753
140844
140916
140960
141054
141271
141362
141374
141511
141652
141691
141711
141720
141746
141749
141754
141800
141894
141992
142132
142177
142397
142404
142581
142586
142612
142647
142795
142836
142997
143101
143242
143276
143360
143663
143706
143727
143767
143806
143873
143921
143977
144106
144130
144149
144167
144251
144452
144504
144509
144524
144542
144603
144668
144695
144756
144784
144793
144820
144821
145039
145332
145353
145492
145857
145962
145973
146135
146148
146366
146387
146409
146441
146651
146808
146830
146863
147017
147077
147140
147153
147259
147433
147434
147450
147478
147571
147631
147681
147913
148014
148030
148071
148080
148146
148359
148436
148576
148828
148854
148956
148982
149012
149047
149068
149071
149077
149082
149115
149186
149252
149308
149365
149554
149626
149643
149653
149773
149847
150002
150073
150142
150164
150186
150189
150199
150330
150385
150497
150571
150573
150634
151091
151109
151126
151471
151484
151515
151522
151598
151606
151690
151892
151962
152015
152130
152189
152235
152366
152444
152450
152462
152464
152532
152929
153062
153102
153142
153194
153224
153305
153381
153425
153558
153599
153708
153714
153749
153932
153952
153986
154060
154114
154288
154289
154316
154327
154387
154588
154650
154685
154852
154865
154938
154955
154992
155077
155092
155395
155504
155605
155689
155852
155941
155958
156124
156155
156218
156255
156272
156379
156404
156435
156436
156568
156592
156628
156741
156843
156911
156932
157018
157039
157125
157149
157279
157308
157383
157551
157558
157606
157662
157718
157813
157913
157973
158025
158164
158223
158291
158318
158357
158369
158370
158667
158669
158835
158858
158925
158975
159187
159366
159431
159529
159627
159676
159754
159795
159806
159898
160028
160120
160123
160367
160451
160582
160625
160634
160777
160865
160870
160995
161052
161053
161073
161318
161577
161763
161798
161891
161932
161934
161960
162028
162036
162096
162104
162526
162544
162607
162724
162771
162812
162822
162914
162972
163155
163158
163213
163220
163386
163502
163668
163715
163787
163801
164077
164116
164192
164232
164403
164421
164480
164522
164571
164689
164707
164889
164981
165024
165036
165147
165157
165291
165406
165427
165513
165572
165624
165781
165878
165908
165908
165923
165933
166235
166428
166442
166468
166498
166622
166627
166643
166813
166835
166846
166867
166869
166879
166911
166985
167070
167129
167222
167317
167377
167393
167506
167532
167673
167902
168032
168073
168127
168603
168838
168912
169048
169129
169183
169503
169608
169794
169829
169874
170362
170418
170603
170647
170651
170660
170669
170729
170837
170928
170967
170999
171022
171104
171152
171197
171237
171468
171487
171487
171498
171565
171850
171860
171951
172087
172117
172130
172147
172148
172183
172187
172222
172229
172252
172301
172344
172510
172799
172804
172871
172934
172939
172940
172942
172994
173049
173066
173143
173304
173313
173347
173478
173589
173640
173764
173774
173807
173864
173928
173951
174048
174065
174097
174238
174238
174250
174297
174313
174364
174402
174411
174444
174514
174554
174580
174670
174720
174723
174805
174875
175007
175034
175054
175070
175109
175301
175553
175646
175686
175704
175718
175835
175895
176012
176015
176017
176062
176091
176128
176297
176387
176430
176464
176505
176530
176600
176708
176791
176810
176959
176988
177005
177112
177398
177461
177781
177819
177924
178019
178075
178112
178123
178137
178151
178158
178172
178205
178324
178466
178486
178593
178858
178886
179000
179054
179190
179302
179452
179468
179658
180013
180024
180035
180060
180153
180198
180284
180297
180376
180424
180430
180464
180526
180652
180694
181071
181087
181127
181158
181219
181256
181342
181395
181420
181556
181776
181851
181998
182046
182121
182252
182294
182424
182450
182488
182699
182867
182869
182891
182891
182946
182971
182987
183095
183138
183159
183204
183377
183385
183483
183515
183870
183974
184137
184180
184203
184304
184660
184692
184777
184792
184959
184990
185172
185339
185543
185564
185678
185825
185826
185842
185969
185989
186042
186101
186161
186284
186312
186351
186425
186436
186497
186524
186600
186639
186704
186876
187247
187270
187307
187334
187337
187364
187431
187556
187581
187582
187647
187709
187730
187753
187788
187862
188009
188026
188150
188232
188234
188268
188333
188412
188527
188546
188658
188688
188802
188977
189007
189027
189038
189119
189150
189188
189254
189258
189340
189395
189397
189457
189501
189571
189588
189695
189733
189842
189877
189899
189965
190074
190107
190117
190198
190265
190281
190307
190330
190415
190426
190493
190595
190722
190833
190858
190897
190982
191099
191148
191218
191417
191442
191447
191638
191644
191712
191729
191793
191807
191996
192074
192097
192126
192180
192314
192378
192426
192528
192575
192662
192858
192886
192981
192994
193038
193191
193279
193365
193375
193439
193450
193499
193556
193579
193601
193612
193768
193853
193913
193981
194154
194281
194311
194359
194400
194485
194604
194782
194847
194876
194886
194923
194994
195053
195160
195255
195257
195281
195541
195654
195745
195745
195753
195882
195966
195981
195985
196001
196016
196198
196294
196555
196654
196664
196711
196723
196879
196891
196964
196985
197085
197108
197325
197371
197383
197399
197492
197551
197616
197630
197678
197752
197763
197803
197804
198048
198065
198085
198086
198132
198287
198298
198362
198371
198413
198532
199026
199142
199158
199397
199436
199481
199562
199673
199742
199750
199824
199960
199964
200054
200126
200301
200338
200417
200565
200756
200817
200827
200872
201016
201085
201123
201168
201253
201290
201412
201431
201442
201570
201619
201671
201676
201820
201933
202089
202167
202178
202189
202253
202259
202328
202429
202555
202621
202819
202837
202915
203184
203189
203295
203296
203472
203625
203642
203646
203687
203692
203805
203820
203822
203916
203949
203956
204109
204182
204184
204320
204458
204555
204632
204670
204708
204723
204782
204978
205049
205170
205216
205239
205245
205415
205468
205517
205603
205702
205719
205735
205777
205876
205907
205920
205992
206124
206281
206421
206514
206660
206735
206815
206993
206998
207161
207288
207484
207564
207596
207596
207654
207909
207978
208001
208187
208222
208243
208332
208336
208338
208542
208713
208946
209049
209158
209183
209219
209247
209286
209314
209370
209453
209545
209555
209562
209592
209667
209717
209744
209794
209927
209972
210177
210593
210628
210722
210747
210785
210895
211003
211108
211129
211220
211242
211307
211342
211417
211434
211506
211646
211744
211773
211948
212208
212372
212374
212424
212428
212556
212558
212971
213047
213136
213138
213158
213392
213395
213582
213718
213777
213828
213866
213964
214072
214344
214361
214377
214469
214540
214793
214853
214864
215041
215053
215094
215105
215161
215207
215341
215517
215553
215632
215655
215697
215767
216043
216108
216125
216253
216386
216520
216580
216715
216781
216788
216794
216999
217257
217317
217322
217323
217476
217523
217583
217591
217632
217660
217671
217697
217698
217743
217939
217959
218062
218076
218164
218186
218553
218579
218598
218822
218902
218913
218953
219031
219047
219210
219586
219655
219688
219740
219773
219829
220005
220058
220156
220299
220312
220357
220637
220652
220691
220730
220752
220831
220938
220954
220998
221160
221359
221398
221693
221717
221792
221793
222043
222075
222136
222152
222153
222304
222426
222527
222787
222808
222867
222972
222992
223020
223069
223076
223145
223285
223297
223423
223472
223507
223632
223759
223840
223888
223929
223994
224074
224476
224493
224510
224671
224792
224795
224848
224857
224903
224928
225020
225048
225156
225225
225247
225265
225291
225411
225467
225511
225724
225742
225804
225812
225956
226097
226105
226113
226152
226179
226303
226424
226455
226623
226770
226783
226828
226922
226922
227160
227206
227230
227250
227344
227376
227485
227698
227727
227779
227881
228020
228024
228033
228113
228129
228147
228168
228243
228274
228353
228395
228508
228534
228794
228802
228833
228869
228919
229054
229055
229078
229112
229118
229258
229273
229275
229385
229480
229494
229743
229844
229990
230034
230054
230059
230200
230214
230251
230309
230407
230421
230446
230463
230952
231327
231366
231408
231497
231655
231698
231905
231996
232019
232037
232041
232076
232197
232377
232440
232692
232768
232851
232966
233002
233025
233081
233215
233341
233487
233505
233615
233632
233757
233834
233846
233928
233973
234025
234173
234173
234217
234223
234226
234257
234369
234499
234519
234576
234582
234599
234663
234716
234827
234872
234924
234996
235032
235138
235178
235273
235278
235331
235412
235532
235557
235645
235813
235862
236024
236110
236198
236219
236244
236258
236309
236366
236398
236408
236419
236748
236839
237013
237141
237143
237166
237206
237271
237391
237617
237690
237698
237789
237791
237800
238010
238095
238246
238272
238374
238393
238478
238504
238508
238532
238628
238642
238747
238868
238939
238951
238991
239063
239097
239123
239337
239374
239559
239573
239606
239859
239896
239899
239918
239996
240083
240150
240201
240256
240417
240469
240485
240520
240594
240652
240723
240846
241082
241328
241374
241547
241610
241904
241974
241976
242030
242060
242160
242227
242332
242377
242660
242776
242894
242956
243079
243138
243147
243339
243354
243588
243656
243898
244020
244165
244170
244190
244238
244269
244425
244455
244638
244799
244849
244870
244899
244985
245143
245248
245286
245605
245698
245732
245749
245763
245791
245906
246012
246152
246160
246216
246286
246369
246399
246494
246534
246643
246692
246877
246885
247029
247148
247335
247342
247473
247552
247639
247781
247908
247937
247975
248014
248073
248096
248130
248189
248228
248233
248258
248309
248342
248367
248479
248573
248580
248660
248666
248847
249020
249072
249150
249156
249231
249309
249326
249559
249568
249824
249864
250172
250182
250192
250288
250639
250873
250995
250997
251028
251054
251275
251294
251326
251367
251423
251481
251565
251687
251791
251855
251955
252006
252010
252060
252147
252430
252548
252619
252774
252844
252858
252875
252915
253028
253033
253048
253079
253122
253132
253140
253430
253542
253690
253750
253856
253896
253900
254111
254188
254269
254274
254279
254289
254341
254429
254450
254501
254612
254682
254696
254729
254741
254754
254932
255038
255043
255095
255133
255254
255277
255360
255395
255518
255814
255889
256044
256175
256190
256517
256624
256694
256819
256827
256828
257114
257115
257149
257231
257410
257442
257479
257515
257645
257787
257791
257870
257874
258184
258216
258289
258295
258397
258423
258460
258515
258731
258776
258821
258916
258927
259130
259160
259216
259282
259310
259323
259325
259411
259497
259607
259619
259733
259790
259827
259909
259910
259918
259919
259921
259949
259962
260018
260047
260208
260211
260242
260418
260475
260477
260481
260639
260693
260708
260874
260921
260980
261057
261167
261169
261246
261601
261620
261745
261833
261854
261873
262133
262252
262296
262385
262531
262535
262610
262684
262698
262761
262908
262973
262977
263198
263206
263474
263570
263681
263759
263864
263889
264113
264115
264323
264523
264538
264544
264618
264651
264920
264924
265012
265027
265194
265261
265426
265467
265555
265634
265814
265820
265822
265843
265870
265958
266033
266082
266098
266122
266140
266145
266146
266231
266238
266283
266400
266426
266431
266561
266588
266609
266640
266706
266788
266803
266911
266956
267073
267105
267162
267294
267313
267325
267382
267514
267556
267605
267711
267883
267898
267929
267973
268034
268135
268144
268150
268230
268350
268493
268511
268567
268632
268637
268800
269011
269018
269068
269136
269169
269184
269184
269402
269534
269561
269679
269758
269788
269860
269866
270088
270089
270090
270252
270280
270288
270302
270330
270457
270576
270638
270645
270655
270704
270944
270964
270966
270984
271012
271046
271070
271083
271191
271223
271253
271389
271500
271651
271668
271788
271886
271977
271987
272103
272350
272434
272467
272639
272733
272746
273015
273231
273262
273406
273444
273505
273718
273723
273729
274203
274211
274298
274305
274321
274551
274613
274634
274699
274760
274983
275118
275129
275267
275589
275590
275684
275880
275884
275884
275954
275959
276020
276199
276273
276279
276361
276422
276492
276553
276557
276721
276724
276807
276857
276891
276932
276993
277013
277064
277069
277216
277225
277250
277254
277257
277265
277272
277332
277338
277565
277721
277918
277970
278028
278093
278161
278265
278286
278521
278525
278598
278642
278659
278679
278740
278853
279124
279182
279249
279266
279272
279283
279341
279365
279407
279425
279513
279516
279518
279658
279678
279899
279924
280140
280208
280224
280233
280246
280255
280295
280328
280479
280609
280640
280790
280799
280941
281140
281165
281208
281281
281285
281338
281347
281592
281650
281685
281802
282074
282138
282236
282259
282285
282371
282377
282390
282510
282583
282594
282649
282651
282833
282949
283043
283096
283133
283248
283326
283402
283453
283508
283516
283564
283655
283716
283728
283847
283959
284021
284074
284365
284399
284410
284450
284728
284741
284768
284788
284903
285234
285252
285281
285472
285488
285632
285690
285811
285896
286009
286163
286164
286238
286367
286371
286463
286573
286855
286945
286946
286962
287024
287206
287221
287290
287415
287458
287676
287709
287765
287895
288000
288018
288098
288179
288226
288238
288270
288275
288492
288552
288561
288600
288770
288978
289034
289045
289141
289225
289301
289451
289606
289689
289709
289717
289726
289772
289812
289972
289985
290002
290120
290192
290200
290202
290218
290295
290308
290339
290383
290475
290550
290620
290731
290830
290841
290844
290855
290905
291093
291107
291173
291301
291378
291413
291539
291647
291654
291693
291760
291761
291809
291813
291825
291879
291895
291969
292073
292112
292125
292216
292316
292445
292565
292621
292655
292699
292703
292788
292863
292889
292889
292925
293026
293075
293102
293166
293182
293345
293391
293461
293535
293575
293618
293707
293852
293885
293911
293960
294035
294064
294066
294147
294274
294277
294662
294895
295250
295278
295374
295738
295825
295845
295891
295937
296010
296074
296124
296180
296318
296326
296354
296473
296543
296592
296637
296749
296814
297052
297158
297319
297336
297366
297386
297394
297403
297540
297655
297668
297673
297737
297742
297805
297938
297956
298057
298084
298118
298130
298240
298416
298551
298588
298846
299120
299249
299369
299474
299521
299659
299725
299791
299951
300012
300063
300076
300081
300214
300269
300274
300396
300606
300683
300757
300828
300871
300887
300907
300978
300996
301025
301030
301057
301135
301207
301280
301309
301359
301430
301445
301446
301506
301580
301713
301777
301892
302025
302084
302117
302195
302200
302354
302491
302511
302654
302785
302795
302809
302935
303074
303335
303427
303487
303646
303782
303909
303984
304190
304216
304232
304266
304289
304328
304460
304499
304769
304792
304924
304938
304978
305109
305155
305161
305187
305214
305271
305334
305347
305381
305406
305447
305453
305459
305488
305566
305665
305709
305797
305805
305964
306044
306045
306083
306479
306514
306519
306537
306721
306742
306839
306875
306900
306912
306971
307003
307007
307017
307071
307202
307383
307458
307538
307570
307594
307676
307699
307703
307975
308192
308202
308205
308386
308463
308647
308788
308944
309123
309141
309155
309184
309199
309476
309556
309728
309811
309852
309975
310084
310136
310147
310206
310270
310336
310342
310380
310620
310679
310720
310806
310956
310969
311114
311152
311347
311454
311456
311533
311556
311686
311699
311723
311885
312231
312303
312319
312345
312384
312471
312530
312577
312873
312901
313030
313079
313095
313106
313166
313224
313244
313361
313373
313472
313553
313589
313619
313758
313868
313972
314032
314038
314084
314123
314179
314209
314209
314328
314379
314704
314733
314753
314785
314793
314929
314934
314971
315137
315142
315157
315163
315187
315194
315195
315214
315274
315430
315546
315642
315646
315665
315728
315782
315815
315818
315848
315897
315900
315960
315967
316085
316188
316216
316232
316252
316466
316523
316727
316730
316811
316856
317040
317300
317302
317373
317436
317447
317497
317512
317556
317563
317599
317606
317636
317965
318250
318277
318321
318363
318402
318424
318427
318433
318729
318745
318871
318893
318946
318966
319103
319135
319210
319212
319267
319310
319365
319404
319561
319696
319729
319945
320110
320314
320690
320823
320845
320890
320914
320920
320948
320975
321053
321150
321165
321169
321320
321379
321417
321533
321574
321667
321688
321716
321791
321863
321907
321959
321983
322106
322115
322153
322329
322373
322441
322586
322629
322820
322851
322918
323012
323041
323080
323083
323153
323164
323201
323216
323271
323339
323355
323403
323410
323650
323677
323698
323748
323751
323781
323809
323886
324114
324380
324451
324479
324544
324674
324696
324716
324860
324923
324964
324966
325113
325153
325180
325316
325460
325531
325625
325778
325809
325859
325896
326005
326173
326270
326303
326310
326414
326606
326669
326735
326907
327083
327356
327440
327450
327821
327883
327965
328261
328308
328320
328327
328417
328533
328606
328673
328947
329009
329021
329071
329200
329201
329231
329281
329362
329419
329471
329497
329562
329595
329778
329829
330026
330053
330077
330194
330221
330293
330333
330407
330424
330450
330509
330619
330805
330925
330948
331022
331071
331113
331313
331341
331384
331431
331587
331664
331699
331832
331917
331943
332012
332125
332202
332252
332256
332294
332346
332367
332516
332539
332748
332845
332871
333045
333078
333206
333230
333324
333399
333627
333654
333671
333717
333741
333881
333968
334036
334063
334145
334148
334279
334381
334484
334492
334506
334563
334615
334739
334827
334856
335247
335278
335371
335442
335635
335681
335684
335734
335754
335947
336090
336184
336373
336408
336475
336551
336751
336784
336835
336965
337032
337118
337131
337148
337157
337319
337497
337499
337502
337505
337524
337670
337732
338087
338177
338272
338436
338463
338640
338699
338701
338891
339016
339173
339178
339205
339349
339393
339556
339954
339992
340027
340062
340207
340302
340393
340532
340544
340575
340596
340613
340679
340727
340752
340770
340870
340890
340997
341256
341337
341421
341465
341568
341599
341721
341792
341879
342142
342185
342220
342300
342437
342462
342471
342484
342537
342666
342778
342938
342976
343013
343018
343029
343085
343247
343405
343525
343684
343811
344036
344045
344094
344149
344192
344286
344307
344396
344413
344494
344494
344708
344741
344800
345003
345021
345048
345113
345139
345186
345329
345655
345738
345778
345802
345919
345943
345979
346091
346126
346134
346428
346467
346527
346552
346793
346857
346945
347009
347031
347073
347175
347195
347238
347302
347326
347580
347642
347651
347686
347695
347698
347700
347804
347812
347898
347903
347908
347991
348008
348047
348063
348086
348248
348354
348841
348976
349036
349066
349206
349501
349576
349638
349839
349848
350051
350084
350192
350478
350597
350751
350797
350837
350853
350990
351002
351180
351445
351500
351600
351660
351760
351770
352029
352120
352149
352155
352169
352193
352195
352253
352290
352401
352459
352897
352941
353073
353310
353351
353417
353465
353689
353734
353763
353820
353914
353946
354039
354078
354230
354235
354420
354471
354558
354579
354870
354903
355157
355373
355459
355602
355674
355737
355852
355875
355879
355939
356112
356346
356494
356507
356627
357006
357050
357069
357108
357599
357971
358059
358119
358169
358315
358332
358744
358956
359088
359157
359247
359316
359469
359496
359508
359592
359821
359930
360205
360285
360313
360416
360431
360490
360557
360574
360663
360726
360816
360872
360887
360920
361137
361229
361470
361547
361557
361575
361622
361666
361703
361754
361908
361977
361994
361999
362006
362105
362115
362117
362179
362341
362474
362486
362488
362511
362568
362596
362608
363227
363277
363407
363470
363475
363561
363654
363695
363696
363871
363897
363905
363972
364014
364102
364169
364183
364274
364436
364530
364643
364648
364657
364793
364794
365074
365086
365182
365425
365521
365557
365803
365826
365851
365874
365882
365947
365981
365983
366057
366090
366161
366202
366258
366548
366680
366730
366837
366865
367152
367342
367344
367370
367459
367490
367589
367645
367692
367747
367756
367757
367768
367786
367815
367986
368076
368117
368294
368298
368565
368598
368753
368941
368961
368982
369000
369286
369346
369360
369388
369427
369496
369501
369575
369604
369615
369703
369815
369829
369844
369852
369875
370005
370012
370020
370174
370288
370305
370371
370404
370507
370599
370813
370844
371051
371297
371434
371513
371545
371648
371798
371801
371821
372068
372200
372249
372351
372517
372531
372534
372581
372622
372644
372666
372801
372952
373006
373024
373142
373446
373456
373482
373558
373668
373710
373789
373814
373864
373951
374103
374111
374140
374233
374309
374418
374434
374790
374823
374928
374984
375043
375336
375354
375402
375416
375471
375489
375494
375505
375528
375549
375637
375702
375743
375783
375803
375808
376124
376136
376251
376269
376287
376394
376483
376734
376824
376981
376995
377017
377361
377449
377480
377490
377531
377540
377634
377640
377679
377710
377735
377798
377829
377950
378035
378213
378226
378236
378388
378397
378486
378509
378517
378606
378623
378709
378712
378745
378846
378859
379214
379245
379616
379734
379893
379909
380035
380140
380196
380493
380496
380562
380600
380689
380776
381002
381021
381144
381198
381274
381320
381345
381352
381542
381561
381615
381737
381750
381855
381984
382004
382095
382225
382246
382299
382307
382347
382429
382472
382478
382487
382501
382556
382586
382683
382706
382726
382733
382775
382799
382980
383049
383088
383142
383364
383378
383422
383562
383568
383599
383632
383641
383809
383947
384116
384161
384221
384234
384321
384489
384774
384783
385000
385146
385311
385415
385563
385674
385780
385959
386017
386487
386492
386549
386586
386614
386629
386681
386839
387092
387298
387317
387345
387475
387574
387598
387608
387658
387743
387762
387926
387981
387984
387988
388056
388133
388235
388318
388630
388682
388695
388715
388729
388748
388833
388901
389084
389086
389130
389203
389206
389228
389252
389297
389382
389483
389609
389731
389784
389792
389832
390039
390162
390202
390215
390391
390524
390591
390597
390635
390730
390752
390817
390895
390896
390920
391053
391058
391193
391342
391422
391498
391570
391580
391641
391836
391841
391841
391849
391946
392002
392114
392128
392190
392384
392394
392472
392555
392588
392606
392633
392680
392683
392789
392993
393211
393287
393294
393302
393368
393463
393525
393618
393879
394097
394219
394264
394539
394570
394659
394708
394774
394800
395008
395101
395148
395278
395367
395503
395680
395681
395709
395739
395859
395859
395881
396107
396195
396234
396343
396554
396557
396865
396876
396953
396998
397101
397148
397169
397196
397197
397219
397263
397296
397393
397474
397514
397536
397668
397729
397742
397841
397860
397947
398190
398227
398322
398357
398463
398560
398717
398757
398777
398855
398912
399001
399023
399036
399127
399141
399143
399144
399181
399257
399272
399281
399358
399404
399609
399679
399692
399706
399837
400149
400223
400379
400481
400492
400540
400646
400681
400833
401029
401040
401087
401094
401177
401199
401248
401264
401283
401395
401480
401509
401559
401559
401575
401732
401809
401814
401831
402147
402194
402259
402262
402289
402437
402787
402845
402855
403143
403143
403236
403285
403361
403523
403723
403739
403863
403964
404342
404366
404420
404469
404480
404562
404610
404647
404745
404776
404903
404907
404977
405128
405176
405206
405256
405426
405491
405493
405514
405575
405577
405604
405630
405710
405807
405833
405854
405861
406006
406041
406342
406352
406561
406564
406597
406603
406645
406679
406693
406921
407007
407015
407034
407140
407191
407290
407435
407465
407511
407548
407669
407671
407715
407721
407773
407852
408089
408110
408178
408200
408229
408233
408234
408331
408437
408527
408553
408585
408741
408797
408845
408951
409011
409058
409097
409099
409235
409257
409260
409302
409370
409446
409548
409552
409552
409931
409979
410008
410021
410126
410147
410334
410364
410511
410596
410627
410745
410871
411071
411376
411433
411487
411489
411581
411632
411749
411918
411933
411940
412117
412137
412304
412510
412686
412887
412902
412974
412988
413313
413428
413433
413440
413501
413530
413545
413614
413642
413762
413831
414005
414309
414333
414387
414412
414438
414448
414536
414821
414930
415228
415271
415286
415460
415466
415536
415677
415719
415784
415856
415914
415948
415959
416013
416017
416018
416024
416127
416138
416208
416239
416414
416443
416515
416587
416595
416677
416784
416787
416850
416877
416888
416890
416973
416980
416989
417035
417045
417046
417075
417204
417232
417239
417258
417398
417443
417492
417520
417615
417736
417799
417863
417953
417995
418077
418082
418190
418223
418318
418389
418461
418468
418747
418842
418930
419060
419069
419424
419509
419556
419574
419649
419778
419803
419817
419874
419995
420140
420304
420401
420404
420472
420554
420666
420682
420734
420823
420847
421126
421168
421214
421377
421464
421477
421522
421552
421736
421815
421848
421871
421879
422013
422075
422188
422690
422761
422773
422852
422858
422891
423044
423098
423127
423127
423148
423221
423284
423344
423346
423371
423394
423407
423701
423702
423710
423724
423830
424039
424041
424058
424064
424105
424215
424231
424379
424427
424554
424587
424598
424706
424876
424911
425185
425216
425234
425274
425336
425338
425342
425352
425497
425650
425781
425819
425860
426144
426236
426360
426459
426578
426734
426845
426857
426927
427033
427150
427159
427165
427184
427225
427252
427474
427521
427637
427802
427826
427870
427951
428016
428098
428198
428201
428241
428323
428357
428425
428446
428539
428561
428607
428612
428818
429033
429129
429273
429403
429542
429621
429670
429845
429914
429923
430046
430072
430135
430162
430244
430256
430297
430299
430378
430490
430496
430601
430722
430846
430889
431251
431281
431334
431394
431395
431528
431572
431654
431662
431723
431726
431961
432115
432310
432470
432544
432686
432839
432956
433005
433057
433124
433172
433187
433321
433336
433435
433463
433541
433573
433657
433676
433710
433807
433820
433824
433848
434082
434091
434109
434111
434114
434255
434294
434318
434370
434434
434509
434511
434590
434646
434730
434867
434885
434888
434909
435028
435040
435218
435289
435501
435606
435898
435955
435986
436068
436117
436271
436314
436321
436366
436561
436744
436825
436990
437052
437099
437113
437179
437181
437336
437482
437491
437672
437777
438043
438253
438274
438358
438475
438623
438704
438733
438767
438894
438949
439033
439090
439095
439179
439195
439215
439285
439349
439429
439532
439730
439814
439836
439947
440128
440135
440208
440407
440517
440575
440607
440667
440692
440794
440861
440958
440969
441195
441206
441355
441622
441753
442107
442220
442258
442350
442389
442393
442397
442446
442635
442655
442672
442685
442907
443110
443201
443282
443344
443370
443554
443586
443623
443696
443707
443781
443837
443909
443934
443939
444101
444191
444197
444237
444249
444304
444316
444351
444357
444424
444677
444903
445078
445079
445161
445172
445357
445379
445410
445412
445496
445527
445572
445573
445602
445621
445654
446116
446238
446281
446320
446362
446424
446503
446530
446560
446739
446766
446807
446903
446945
447112
447142
447169
447250
447278
447459
447497
447500
447628
447636
447642
447719
447752
447765
447958
448194
448263
448360
448519
448598
448603
448647
448679
448948
449039
449119
449206
449227
449300
449430
449500
449553
449570
449584
449671
449868
450213
450402
450654
450682
450714
450840
450857
450891
450954
451025
451062
451240
451244
451457
451504
451543
451653
451683
451827
451860
452013
452096
452118
452138
452220
452229
452305
452384
452464
452552
452561
452763
452811
452848
452858
452892
452893
452939
453041
453246
453252
453382
453396
453486
453533
453672
453726
453874
454193
454359
454419
454494
454494
454739
454747
454817
454832
454907
454944
454965
455184
455265
455282
455569
455702
455888
456064
456171
456351
456403
456552
456563
456630
456669
456697
456767
456831
456883
456922
456966
457010
457098
457134
457145
457192
457351
457356
457433
457451
457488
457494
457526
457593
457644
457678
457732
457839
457907
457958
458090
458112
458139
458328
458343
458387
458508
458560
458647
458816
458933
458997
459079
459080
459202
459204
459249
459261
459381
459404
459506
459517
459541
459676
459693
459814
459955
460072
460148
460168
460182
460207
460272
460327
460407
460454
460544
460625
460880
461049
461122
461126
461166
461219
461248
461479
461492
461543
461611
461657
461787
461795
461800
461889
461944
462172
462180
462181
462352
462396
462404
462421
462509
462641
462648
462669
462710
462716
462813
462836
463012
463025
463142
463158
463201
463310
463321
463383
463605
463741
463848
463933
464118
464128
464182
464199
464236
464310
464587
464592
464759
464870
464877
464901
464967
464974
465156
465176
465193
465210
465465
465600
465619
465651
465900
465922
465978
466176
466247
466258
466261
466338
466365
466367
466398
466409
466452
466478
466537
466793
466856
466859
467095
467185
467191
467193
467262
467297
467317
467346
467397
467545
467834
467920
467931
467936
468062
468088
468150
468165
468215
468217
468251
468272
468290
468300
468307
468384
468401
468405
468451
468522
468525
468619
468758
468760
468854
468980
469019
469226
469273
469367
469459
469485
469612
469633
469665
469772
469860
469892
469950
469963
469966
470001
470004
470011
470082
470087
470096
470132
470231
470376
470531
470656
470669
470675
470694
470710
470737
470803
470978
471182
471210
471314
471363
471453
471552
471649
471672
471728
471736
471778
471866
471880
471993
472025
472170
472407
472451
472585
472607
472682
472761
472860
472890
472931
473015
473108
473123
473155
473188
473303
473321
473327
473334
473346
473484
473526
473548
473617
473710
473748
473799
473914
473980
474078
474108
474116
474120
474156
474164
474368
474507
474570
474688
475216
475242
475253
475309
475473
475558
475678
475821
476018
476222
476243
476371
476587
476711
476791
476915
477028
477110
477232
477335
477382
477388
477787
477866
477924
477939
478094
478101
478182
478227
478417
478494
478548
478616
478625
478627
478709
478711
478814
478979
478980
479089
479144
479245
479271
479410
479440
479451
479463
479520
479661
479679
479702
479769
479828
479891
479983
479985
480034
480236
480241
480319
480354
480390
480409
480427
480540
480588
480666
480769
480774
480997
481003
481011
481013
481030
481060
481072
481090
481243
481337
481609
481675
481727
481866
481904
481926
481984
482084
482108
482384
482452
482472
482829
482897
482943
483103
483124
483138
483253
483435
483553
483658
483963
483993
484006
484043
484083
484256
484257
484267
484307
484391
484439
484479
484490
484567
484571
484609
484836
485000
485046
485062
485186
485273
485293
485558
485688
485718
485725
485742
485801
485801
485848
485924
485961
485977
486135
486173
486205
486222
486232
486343
486394
486422
486529
486532
486549
486636
486660
486862
486915
486967
487109
487211
487259
487269
487337
487424
487544
487579
487627
487653
487778
487784
487789
487794
487855
487951
488043
488068
488070
488106
488164
488239
488239
488252
488255
488310
488397
488413
488596
488661
488741
489001
489006
489045
489070
489181
489210
489239
489374
489386
489403
489452
489475
489476
489489
489520
489526
489644
489684
489720
489857
489994
490019
490031
490045
490128
490164
490298
490450
490537
490591
490692
490712
490726
490756
490987
491040
491195
491357
491596
491602
491603
491640
491716
491765
491936
491972
492036
492087
492220
492283
492396
492432
492442
492754
492789
492860
492935
492946
493070
493121
493217
493254
493293
493329
493426
493543
493617
493660
493668
493941
493972
494082
494262
494401
494467
494478
494479
494528
494542
494577
494677
494815
494901
494957
494970
495087
495181
495461
495587
495664
495716
495726
495784
495799
495881
495898
496334
496341
496360
496409
496417
496424
496551
496614
496647
496668
496669
496816
496844
497104
497216
497233
497252
497254
497504
497533
497667
497855
497856
497938
498013
498040
498108
498196
498218
498366
498392
498395
498481
498592
498711
498775
498843
499004
499021
499136
499163
499250
499252
499263
499296
499438
499481
499558
499599
499696
499722
499749
499969
500041
500423
500575
500651
500820
500851
500984
501079
501156
501189
501319
501468
501540
501645
501684
501788
501874
502080
502082
502092
502147
502152
502172
502261
502302
502322
502370
502418
502517
502565
502570
502571
502575
502585
502608
502658
502821
503012
503161
503198
503231
503283
503289
503413
503516
503521
503586
503760
503792
503935
504053
504141
504251
504317
504410
504546
504693
504747
504887
505048
505055
505107
505143
505206
505313
505398
505430
505441
505478
505510
505591
505635
505714
505903
505912
506031
506046
506052
506179
506239
506303
506394
506475
506502
506596
506696
506798
506959
507017
507038
507116
507309
507481
507507
507567
507592
507639
507691
507856
507911
507974
508059
508107
508259
508388
508443
508467
508499
508638
508638
508967
509015
509033
509088
509099
509236
509247
509265
509281
509322
509581
509583
509662
509701
509727
509832
509967
510012
510049
510178
510187
510262
510308
510362
510456
510463
510493
510520
510595
510598
510621
510636
510730
510750
510782
510834
511229
511238
511254
511307
511313
511326
511585
511666
511705
511783
511820
511822
511937
511964
512115
512184
512199
512269
512467
513025
513139
513295
513375
513430
513437
513444
513538
513582
513791
513878
514005
514367
514650
514807
514824
515194
515251
515318
515391
515513
515533
515601
515691
515821
515928
515961
516001
516027
516039
516181
516266
516290
516296
516333
516421
516485
516562
516969
516978
517038
517049
517100
517101
517189
517278
517351
517408
517496
517574
517831
517899
517996
518055
518089
518106
518142
518180
518296
518411
518439
518477
518539
518612
518663
518686
518784
518841
518844
518949
519055
519088
519091
519257
519290
519318
519435
519454
519461
519539
519563
519596
519623
519627
519797
519850
520081
520191
520215
520297
520373
520375
520436
520447
520537
520542
520653
520706
520766
520788
520908
521001
521141
521360
521598
521644
521657
521676
521810
521851
521902
521922
521943
521947
521948
522113
522148
522173
522303
522309
522438
522524
522562
522653
522655
522664
522681
522727
522864
522998
523036
523086
523086
523137
523413
523452
523649
523795
523818
523850
523854
523912
523972
523978
523991
524024
524039
524157
524262
524301
524511
524546
524574
524698
524774
524906
525096
525102
525131
525162
525300
525344
525389
525399
525403
525414
525430
525498
525548
525565
525582
525603
525623
525703
525753
525855
525891
525961
526011
526195
526211
526224
526339
526405
526456
526538
526549
526745
526853
527097
527167
527206
527293
527505
527563
527626
527685
527730
527802
527863
527983
528007
528077
528095
528184
528409
528460
528507
528533
528636
528648
528663
528677
528909
529023
529335
529351
529387
529445
529502
529525
529599
529599
529660
529717
529734
529737
529775
530171
530209
530383
530419
530658
530728
530820
530912
530956
531248
531295
531376
531409
531527
531539
531606
531624
531681
531732
531853
531909
531929
531947
531982
532112
532274
532379
532514
532659
532850
532949
533108
533186
533252
533353
533437
533506
533681
533694
533715
533736
533859
533941
534004
534091
534134
534136
534163
534212
534221
534262
534470
534474
534481
534556
534591
534595
534616
534673
534884
535106
535110
535154
535160
535214
535285
535401
535522
535586
535600
535745
535765
535919
535923
536021
536094
536113
536232
536260
536390
536433
536440
536446
536461
536485
536576
536618
536652
536764
536804
536805
536818
536860
536947
536980
537039
537078
537131
537201
537292
537469
537481
537523
537567
537579
537668
537744
537756
537797
537830
537939
538058
538290
538338
538400
538402
538563
538597
538602
538652
538790
538823
539074
539087
539133
539135
539201
539306
539334
539337
539407
539448
539457
539491
539519
539529
539576
539607
539641
539704
539726
539730
539753
539827
540000
540005
540007
540132
540154
540226
540259
540374
540399
540451
540497
540589
540631
540759
540776
540826
540884
540952
540959
540960
541043
541071
541116
541166
541512
541534
541570
541585
541586
541617
541698
541721
541798
542155
542157
542327
542435
542456
542489
542491
542534
542605
542697
542752
542900
543232
543296
543308
543323
543395
543719
543830
543838
543842
543906
543987
544287
544345
544422
544511
544570
544625
544661
544766
544879
545114
545199
545251
545288
545377
545444
545700
545702
545702
545708
545758
545768
545769
545889
545942
546165
546192
546205
546260
546293
546563
546773
546875
546942
546983
547021
547100
547195
547241
547272
547450
547578
547617
547722
547748
547775
548042
548162
548326
548513
548642
548666
548669
548703
548713
548886
548897
549053
549068
549149
549322
549371
549379
549452
549469
549488
549542
549546
549645
549764
549990
549996
550068
550118
550143
550290
550414
550435
550698
550707
550789
550798
550915
550916
550962
551126
551145
551208
551465
551517
551548
551574
551979
552010
552191
552322
552439
552503
552528
552614
552684
552710
552776
552844
553073
553193
553280
553433
553456
553460
553497
553502
553508
553518
553621
553661
553672
553701
553774
553809
553904
553943
554473
554506
554542
554544
554588
554603
554664
554961
555007
555081
555317
555319
555338
555734
555902
556056
556109
556148
556151
556176
556363
556382
556411
556435
556490
556754
556923
556996
557092
557108
557119
557144
557175
557275
557594
557861
557872
557948
558018
558129
558161
558303
558322
558369
558413
558439
558446
558538
558699
558792
558965
559058
559100
559114
559140
559145
559241
559254
559390
559570
559607
559713
559720
559927
559965
560132
560152
560154
560292
560329
560634
560733
560823
560879
561070
561082
561142
561194
561195
561219
561268
561293
561301
561441
561470
561587
561611
561612
561758
561911
561987
562054
562156
562265
562310
562385
562457
562461
562493
562835
562903
562923
562932
562998
563272
563286
563419
563500
563599
563602
563636
563680
563698
563730
563770
563816
563817
563875
563950
563993
564073
564085
564143
564219
564273
564306
564345
564417
564512
564522
564620
564688
564703
564797
564830
564907
564962
565000
565053
565130
565191
565192
565252
565394
565440
565537
565599
565675
565684
565731
565785
565852
565854
565905
566015
566144
566170
566198
566331
566412
566451
566561
566567
566601
566806
566807
567014
567236
567319
567401
567539
567548
567768
567890
568048
568076
568229
568285
568311
568311
568555
568774
568795
568808
568855
568911
569223
569225
569234
569326
569382
569445
569450
569457
569542
569602
569645
569690
570088
570133
570440
570441
570543
570669
570718
570806
570886
570922
570990
570998
571028
571163
571301
571339
571387
571632
571652
571653
571768
571773
571908
571911
572041
572048
572054
572292
572295
572322
572402
572692
572707
572862
572896
572988
573059
573091
573123
573339
573403
573455
573474
573506
573630
573682
573782
573800
573884
573924
573991
574036
574077
574220
574266
574331
574388
574437
574448
574528
574549
574715
574728
574759
574762
574809
574933
575018
575025
575038
575192
575286
575296
575312
575467
575676
575718
575827
576033
576214
576298
576441
576446
576454
576601
576853
576998
577233
577245
577378
577443
577572
577618
577640
577700
577799
577884
577886
578164
578229
578274
578367
578453
578474
578504
578507
578612
578703
578888
578914
578941
578961
579080
579140
579149
579243
579341
579428
579578
579678
579777
579784
579860
580012
580035
580127
580146
580219
580250
580366
580505
580533
580765
580812
580818
580861
580957
580971
580983
580986
581141
581202
581238
581278
581376
581446
581511
581547
581565
581727
581732
581808
581849
581880
581927
582006
582012
582019
582226
582298
582309
582324
582355
582405
582522
582605
582765
582804
582811
582850
582878
582895
583114
583170
583232
583334
583399
583659
583836
583903
584082
584086
584150
584284
584348
584355
584381
584394
584481
584704
584717
584827
584850
585243
585259
585391
585571
585785
585796
585913
585948
585973
585988
586039
586048
586070
586075
586090
586272
586375
586688
586690
586788
586799
586856
586894
586913
586966
586999
587042
587106
587166
587256
587482
587496
587501
587582
587678
587801
587895
587955
587994
588030
588038
588166
588399
588437
588467
588471
588473
588667
588821
588974
589110
589174
589194
589200
589286
589326
589340
589366
589377
589550
589739
589785
589811
589968
590022
590111
590445
590451
590553
590586
590679
590692
590909
590950
591021
591180
591196
591304
591383
591407
591435
591577
591643
591651
591743
591745
591856
591902
591941
591964
592011
592099
592255
592299
592336
592379
592447
592455
592509
592516
592556
592609
592618
592618
592678
592736
592766
592943
592958
593016
593307
593346
593384
593554
593569
593600
593659
593659
593780
593855
593863
593929
593995
594037
594066
594090
594413
594479
594497
594565
594789
594816
595032
595363
595454
595455
595518
595759
595907
596003
596016
596117
596270
596409
596447
596549
596616
596617
596749
596875
596912
596953
597088
597149
597183
597236
597239
597311
597382
597421
597470
597575
597626
597626
597715
597718
597914
598138
598259
598344
598376
598380
598394
598430
598493
598531
598572
598643
598653
598696
598758
598763
598780
598825
598886
598938
598954
599069
599192
599208
599425
599438
599588
599621
599691
599731
599758
599815
599904
600215
600323
600335
600399
600461
600462
600481
600487
600546
600612
600649
600691
600720
600752
600796
600895
600997
601068
601078
601113
601193
601238
601241
601272
601349
601426
601540
601635
601671
601684
601693
602003
602010
602027
602028
602148
602374
602446
602505
602510
602536
602538
602593
602738
603032
603258
603279
603655
603659
603712
603811
603831
603885
604040
604077
604581
604641
604736
604866
604877
604912
605029
605029
605072
605094
605221
605243
605374
605432
605487
606089
606115
606191
606256
606320
606330
606371
606427
606435
606501
606573
606589
606718
606765
606924
607056
607105
607198
607230
607337
607365
607462
607471
607510
607772
607886
607958
608170
608238
608239
608305
608325
608334
608346
608410
608495
608702
608844
609085
609176
609220
609247
609390
609661
609742
609942
609974
610051
610147
610192
610232
610237
610365
610455
610622
610690
610699
610788
610802
610820
610850
610934
611070
611090
611110
611175
611294
611318
611379
611456
611461
611584
611591
611642
611711
611774
611787
611808
611940
611942
612181
612190
612201
612251
612303
612491
612505
612561
612786
612799
612839
613015
613047
613191
613202
613234
613237
613326
613520
613584
613607
613615
613751
613765
613831
613872
613880
613982
614021
614088
614118
614132
614172
614210
614266
614294
614297
614439
614489
614620
614688
614732
614804
614870
614930
615117
615151
615156
615212
615270
615353
615467
615622
615674
615868
615892
616005
616058
616098
616178
616238
616243
616283
616291
616401
616582
616593
616623
616631
616705
616866
617103
617258
617429
617492
617539
617691
617740
617830
618014
618143
618150
618159
618241
618376
618447
618486
618676
618681
618719
618814
618840
618970
619046
619054
619078
619172
619207
619358
619359
619429
619447
619510
619513
619582
619583
619594
619776
619844
619965
620000
620023
620061
620117
620215
620334
620409
620570
620582
620622
620704
620974
621023
621130
621154
621164
621190
621191
621210
621479
621488
621538
621539
621618
621683
621806
621870
621900
621932
621977
621979
622009
622212
622234
622315
622369
622377
622504
622507
622562
622601
622636
622654
622664
622684
622762
622776
622865
622934
622944
623094
623132
623190
623339
623489
623639
623676
623679
623759
623788
623814
623845
623906
624118
624485
624714
624803
624839
625001
625009
625012
625289
625497
625684
625810
625960
626071
626155
626268
626357
626402
626448
626515
626552
626625
626807
626861
626961
626993
627413
627572
627626
627772
627923
627924
627988
628070
628255
628292
628305
628308
628389
628400
628685
628710
628721
628930
628933
628964
628970
629032
629067
629281
629403
629512
629513
629591
629608
629803
630037
630339
630342
630433
630653
630709
630709
630723
631109
631271
631281
631392
631445
631475
631520
631536
631570
631655
631682
631771
631802
631907
631935
631945
632096
632149
632249
632274
632283
632476
632503
632650
632832
632939
632951
633006
633070
633142
633155
633231
633444
633518
633596
633665
633703
633732
633771
633859
633925
634029
634074
634091
634170
634246
634386
634415
634474
634562
634584
634742
635208
635360
635434
635474
635510
635887
635895
635943
635974
636200
636302
636567
636628
636669
636902
637063
637075
637343
637375
637388
637543
637556
637732
637746
637764
637789
637805
637822
637847
637971
638013
638015
638068
638081
638114
638153
638188
638260
638285
638340
638482
638593
638638
638656
638745
638776
638787
638933
638964
638987
639087
639140
639165
639439
639461
639467
639524
639741
639788
639811
639902
640240
640313
640335
640361
640378
640383
640435
640478
640560
640585
640601
640680
640697
641158
641173
641237
641269
641284
641311
641317
641403
641412
641461
641581
641642
641751
641842
641891
641968
642079
642121
642128
642185
642227
642386
642407
642413
642473
642554
642657
643049
643141
643181
643269
643295
643628
643659
643707
643782
643869
644121
644295
644309
644348
644349
644393
644448
644741
644800
644926
644944
645002
645329
645403
645468
645669
645669
645834
645973
646047
646108
646134
646145
646290
646453
646524
646740
646818
646846
647182
647218
647255
647336
647403
647493
647570
647612
647678
647685
647762
647781
647786
647940
647944
647968
648199
648261
648500
648565
648572
648625
648672
648762
648861
648877
648971
649000
649026
649035
649094
649102
649190
649422
649465
649497
649514
649557
649572
649635
649732
649795
649804
650034
650055
650085
650134
650154
650316
650453
650543
650557
650564
650577
650669
650708
650731
650757
650777
650825
650861
650977
651001
651026
651107
651157
651158
651228
651247
651356
651361
651392
651429
651452
651576
651676
651686
651735
651786
651806
652036
652136
652172
652196
652201
652231
652239
652252
652265
652430
652487
652547
652595
652638
652732
652837
652871
652915
652937
653099
653103
653136
653152
653212
653228
653246
653261
653286
653364
653364
653488
653488
653610
653677
653768
653870
653871
653964
654022
654042
654048
654197
654222
654383
654693
655303
655337
655367
655413
655531
655612
655654
655817
655840
655852
655902
655962
656119
656294
656318
656412
656517
656568
656582
656696
656780
656781
656950
657015
657054
657107
657108
657362
657401
657456
657458
657671
657708
657820
657854
657953
658002
658004
658088
658300
658301
658408
658466
658490
658634
658677
658680
658825
658975
659005
659137
659232
659252
659366
659409
659416
659544
659876
659881
659886
659948
659996
660121
660164
660259
660320
660374
660456
660545
660666
660723
660817
660857
661029
661112
661190
661232
661252
661441
661451
661565
661572
661608
661699
661746
661843
661901
662016
662114
662120
662173
662238
662304
662312
662397
662486
662646
662902
662953
663071
663086
663184
663192
663254
663331
663495
663605
663999
664154
664169
664404
664418
664532
664774
664932
664960
664969
665097
665103
665241
665271
665376
665466
665575
665612
665624
665680
665778
665815
665827
665858
665961
666079
666222
666231
666291
666351
666395
666552
666734
666772
666867
666867
666989
667206
667216
667268
667406
667437
667505
667576
667772
667839
667884
667955
668222
668347
668427
668429
668459
668504
668547
668614
668692
668728
668733
668744
668809
668872
668883
668890
668891
668961
669067
669135
669184
669306
669308
669419
669551
669725
669758
669926
670000
670142
670159
670213
670266
670270
670271
670486
670520
670529
670763
670812
670876
670876
670956
671219
671285
671285
671338
671399
671524
671557
671604
671924
672040
672173
672243
672248
672319
672374
672423
672562
672619
672626
672786
672848
673063
673162
673200
673316
673406
673604
673702
673764
673775
673808
673828
673833
673862
673883
673942
673957
673972
674068
674511
674829
674855
674899
675099
675160
675235
675248
675349
675435
675537
675679
675833
675840
675951
675959
676153
676273
676293
676379
676502
676613
676661
676922
677123
677155
677158
677172
677190
677307
677344
677392
677428
677774
677846
677854
677885
677927
677946
677968
677975
678002
678076
678082
678127
678351
678379
678408
678419
678524
678527
678552
678552
678681
678749
678784
678784
679288
679314
679375
679438
679783
679928
679979
680012
680523
680685
680731
680740
680851
680960
680966
680986
681034
681079
681271
681332
681416
681501
681568
681599
681623
681640
681684
681779
681865
681901
681935
681992
682029
682030
682054
682104
682229
682242
682244
682289
682294
682316
682445
682479
682507
682514
682664
682685
682782
682783
682786
682801
682941
682998
683037
683208
683362
683578
683587
683659
683727
683742
683803
683812
683951
684030
684039
684106
684118
684128
684206
684415
684472
684520
684558
684591
684696
684699
684834
684867
684984
685114
685239
685278
685375
685382
685410
685434
685571
685581
685680
685683
685723
685728
685851
686199
686304
686461
686497
686589
686682
687090
687254
687282
687306
687462
687807
687829
687866
687956
688167
688267
688558
688627
688632
688671
688895
688920
688994
689001
689045
689162
689181
689234
689322
689465
689711
689833
689904
689908
689909
689956
689965
690333
690355
690367
690466
690471
690528
690624
690646
690665
690702
690750
690977
691025
691111
691208
691263
691373
691402
691456
691516
691726
691863
692068
692199
692230
692234
692413
692564
692583
692744
693015
693054
693067
693112
693144
693348
693476
693553
693630
693690
693712
693873
693975
694156
694178
694227
694252
694316
694330
694376
694448
694577
694651
694677
694717
694797
694878
694921
695171
695172
695246
695255
695271
695322
695457
695458
695522
695639
695848
695868
695889
695892
695957
696011
696032
696039
696107
696111
696150
696167
696257
696725
696738
696835
696849
696903
696925
697041
697048
697077
697153
697196
697210
697213
697257
697271
697395
697530
697566
697711
697815
697835
697853
698091
698175
698177
698261
698276
698348
698672
698838
698872
698951
698997
699165
699192
699286
699308
699533
699727
699872
699966
700003
700108
700156
700267
700292
700386
700402
700474
700503
700591
700648
700657
700709
700850
700864
700919
700941
700967
701046
701128
701198
701216
701217
701301
701376
701433
701751
701779
701869
701935
702106
702121
702138
702151
702481
702580
702635
702772
702905
702951
702964
702970
703140
703209
703264
703303
703482
703513
703756
703852
704161
704375
704577
704579
704661
704705
704901
704931
705126
705289
705355
705486
705536
705538
705590
705765
705908
706203
706217
706230
706290
706342
706655
706756
706775
706801
706884
706912
706931
706949
706961
706968
706975
706993
707036
707075
707085
707147
707326
707328
707608
707620
707735
707815
708184
708297
708302
708525
708682
708843
709152
709201
709308
709368
709487
709744
709871
709875
710095
710108
710160
710176
710190
710269
710271
710459
710465
710671
710691
710836
710836
710868
710879
710973
710990
711010
711065
711076
711165
711192
711338
711348
711466
711509
711558
711803
711929
712040
712062
712096
712171
712315
712329
712506
712509
712531
712556
712569
712585
712724
712859
712872
712896
712966
713003
713008
713113
713128
713526
713593
713610
713836
713909
713918
713947
713964
714004
714262
714271
714293
714369
714467
714495
714743
714754
714788
714855
715063
715100
715482
715516
715564
715586
715708
715727
715794
715795
715820
715841
715863
715986
716213
716255
716256
716286
716309
716354
716425
716470
716515
716579
716595
716595
716608
716635
716734
716863
716866
716927
716975
717032
717139
717153
717160
717207
717217
717247
717350
717400
717495
717496
717620
717637
717805
718179
718359
718422
718444
718506
718528
718703
718706
718792
719009
719061
719349
719368
719528
719638
719786
719817
719911
719965
720021
720028
720037
720125
720215
720238
720603
720681
720811
720884
720921
721045
721184
721194
721219
721266
721275
721291
721305
721306
721323
721326
721399
721535
721622
721664
721803
721898
721905
721971
722005
722010
722092
722120
722187
722219
722266
722355
722632
722661
722786
722787
722863
722933
722941
722986
723102
723201
723304
723338
723457
723551
723724
723737
723812
723813
723866
723986
724125
724171
724191
724201
724302
724452
724461
724507
724545
724608
724647
724831
724858
725004
725095
725210
725267
725279
725287
725292
725313
725420
725498
725727
725808
725907
725938
726225
726239
726262
726279
726290
726430
726536
726732
726888
727084
727200
727257
727328
727348
727544
727578
727702
727728
728056
728063
728128
728132
728145
728235
728348
728427
728447
728454
728608
728714
728845
728866
728960
728994
729029
729057
729066
729076
729105
729226
729311
729391
729440
729528
729604
729878
729897
730137
730171
730184
730215
730535
730775
730806
730871
730901
731158
731230
731257
731284
731315
731396
731423
731448
731499
731511
731574
731618
731652
731666
731724
731728
731759
731762
731766
731925
731979
732025
732119
732124
732135
732142
732288
732499
732546
732802
733007
733030
733061
733270
733281
733434
733478
733483
733581
733614
733625
733626
733675
733799
733822
733860
733865
733967
734098
734219
734531
734632
734760
734895
735057
735074
735096
735143
735169
735183
735338
735391
735432
735482
735602
735633
735680
735736
735779
735826
736109
736317
736341
736403
736717
736752
736754
736816
737085
737093
737102
737103
737247
737257
737375
737495
737535
737671
737719
737855
737867
737899
738037
738097
738149
738155
738167
738191
738244
738337
738382
738390
738440
738549
738580
738611
738713
738973
738975
739063
739068
739185
739403
739481
739548
739668
739675
739712
739794
739802
739845
739845
739973
739980
740056
740124
740206
740315
740361
740495
740572
740597
740693
740763
740787
740939
741045
741347
741370
741572
741603
741718
741874
741888
741911
741966
742049
742094
742158
742263
742331
742357
742458
742479
742524
742610
742696
742709
742726
742772
742898
743079
743134
743284
743355
743359
743494
743520
743542
743644
743765
743779
743781
744032
744074
744085
744181
744200
744207
744220
744243
744411
744422
744437
744440
744498
744507
744557
744684
744841
744888
745082
745242
745445
745524
745640
745971
746002
746119
746124
746250
746400
746663
746898
747005
747226
747228
747354
747429
747573
747675
747691
747767
747777
747803
747853
747888
747912
747995
748044
748099
748120
748122
748496
748868
748917
749004
749065
749104
749117
749176
749352
749399
749443
749484
749542
749550
749552
749583
749645
749656
749758
750026
750167
750225
750458
750508
750603
750641
750643
750668
750786
750796
750800
750877
750893
750939
751050
751290
751428
751665
751781
751867
751926
752093
752181
752196
752205
752217
752724
752738
752747
752770
752947
752991
752998
753263
753281
753313
753667
753690
753791
753858
753861
753875
753901
754023
754123
754136
754217
754433
754681
754693
754861
754906
754990
755023
755104
755222
755234
755234
755258
755275
755321
755351
755395
755452
755588
755591
755596
755746
755761
755844
755910
755924
755926
756080
756130
756261
756394
756472
756491
756742
756843
756889
757068
757168
757222
757295
757316
757414
757516
757654
757787
757821
757824
757993
757997
758014
758093
758242
758275
758642
758700
758737
758740
758759
758968
759185
759290
759478
759486
759627
759650
759819
759931
759954
759980
759984
760113
760194
760259
760343
760361
760431
760555
760578
760587
760598
760842
761026
761070
761125
761171
761293
761298
761345
761352
761554
761576
761577
761701
761866
761933
761952
761956
761974
762090
762236
762338
762362
762606
762695
762732
762840
763050
763120
763130
763431
763577
763577
763646
763669
763678
763720
763820
763843
763941
763970
764000
764056
764084
764152
764174
764220
764223
764306
764332
764416
764670
764702
764785
764973
765009
765043
765080
765106
765127
765195
765202
765353
765407
765555
765606
765756
765774
766000
766247
766254
766398
766408
766475
766535
766547
766600
766790
766812
766831
767077
767091
767101
767169
767250
767291
767365
767373
767402
767542
767621
767630
767678
767727
767761
767794
767856
767880
767965
767976
768003
768128
768140
768164
768185
768215
768226
768272
768278
768322
768445
768449
768600
768619
768716
768872
768922
768933
768936
769049
769056
769130
769246
769322
769445
769598
769616
769628
769645
769654
769668
770112
770671
770676
770793
770811
770949
771087
771166
771350
771442
771502
771831
771901
771922
771986
772025
772109
772238
772256
772407
772658
772661
772695
772732
772804
772845
772935
772971
773021
773064
773069
773074
773324
773352
773514
773824
773848
773998
774033
774051
774081
774156
774412
774433
774492
774493
774530
774555
774574
774675
774797
774887
774987
775002
775330
775508
775622
775653
775729
775853
775979
775997
776047
776157
776502
776516
776561
776566
776618
776786
776799
776802
776827
776975
777041
777044
777166
777170
777177
777242
777370
777393
777466
777655
777708
777714
777722
777749
778278
778357
778388
778484
778534
778800
778928
778994
779050
779097
779162
779430
779483
779525
779581
779607
779611
779707
779977
779998
780061
780109
780141
780176
780272
780298
780368
780385
780461
780502
780613
780681
780690
780897
780898
780944
781111
781187
781426
781499
781589
781663
781711
781790
781792
781835
781928
781947
781965
781974
782214
782235
782606
782793
782809
782817
782854
782868
782992
783011
783016
783019
783042
783154
783193
783622
783752
783879
783893
784137
784142
784378
784489
784621
784797
784817
784839
784881
784958
784963
785031
785047
785055
785160
785178
785227
785325
785351
785404
785477
785518
785556
785679
785724
785804
785932
786019
786093
786240
786269
786299
786335
786379
786535
786738
786958
786973
787095
787204
787444
787528
787530
787660
787672
787758
787793
787817
787930
787932
787948
787956
788126
788130
788145
788157
788282
788356
788605
788638
788691
788721
788743
788838
788965
789079
789168
789169
789454
789683
789825
789847
789953
790005
790055
790065
790095
790129
790357
790366
790377
790379
790385
790435
790594
790610
790632
790684
790827
790865
790915
791092
791161
791262
791302
791482
791687
791767
791803
792032
792035
792075
792241
792447
792452
792474
792541
792625
792680
792680
792698
792966
792995
792999
793024
793282
793310
793417
793471
793706
793914
794021
794042
794111
794119
794139
794207
794395
794502
794551
794587
794652
794663
794674
794747
794850
794902
794996
795189
795253
795257
795444
795462
795506
795582
795584
795643
795671
795765
795877
795888
795961
795990
796052
796193
796232
796242
796368
796461
796655
796663
796687
796858
796897
796936
797062
797083
797093
797229
797240
797445
797729
797751
797790
797911
797946
797991
798017
798056
798099
798228
798242
798354
798408
798410
798576
798580
798667
798855
799033
799098
799268
799456
799522
799570
799579
799688
799802
799889
799987
800019
800148
800266
800284
800402
800426
800564
800569
800575
800585
800657
800691
800722
800905
800921
800937
800945
801082
801233
801457
801534
801589
801653
801689
801697
801701
801748
801837
802254
802393
802543
802725
802730
802923
803075
803210
803322
803380
803428
803450
803461
803563
803712
803818
804204
804221
804298
804331
804420
804498
804551
804557
804679
804948
805051
805078
805177
805187
805254
805264
805264
805286
805330
805446
805508
805558
805605
805679
805691
805730
805980
806009
806039
806051
806109
806185
806197
806342
806431
806444
806697
806754
806775
806804
806808
806896
806930
807083
807134
807190
807207
807460
807466
807551
807648
807854
807875
807901
807945
807947
808027
808115
808185
808187
808282
808297
808527
808655
808686
808719
808930
808937
809023
809043
809255
809397
809779
809937
810044
810114
810184
810245
810247
810453
810626
810824
810893
811475
811640
811680
811789
811794
811803
811981
811987
812002
812056
812206
812238
812239
812251
812391
812394
812426
812448
812515
812620
812673
812751
812888
813102
813231
813300
813548
813551
813595
813943
814077
814157
814366
814454
814461
814506
814640
814655
815091
815164
815196
815252
815299
815333
815355
815391
815471
815627
815648
815664
815681
815712
815758
815825
815826
815872
815963
816103
816121
816163
816209
816213
816609
816683
816704
816720
816749
817118
817125
817131
817153
817153
817163
817220
817327
817385
817411
817483
817528
817779
817820
817974
818104
818195
818237
818258
818360
818458
818460
818603
818622
818629
818634
818679
818708
818727
818789
818805
818998
819141
819250
819301
819442
819466
819494
819575
819936
820015
820079
820124
820134
820264
820272
820408
820444
820571
820643
820674
820725
820775
820789
820808
820879
821039
821184
821318
821378
821384
821455
821551
821605
821611
821658
821690
821738
821741
821767
821840
821867
821923
821928
822007
822036
822386
822401
822495
822652
822728
822882
823030
823078
823155
823290
823366
823458
823755
823817
823824
823880
823918
823943
823957
824003
824020
824164
824203
824212
824216
824233
824374
824401
824435
824495
824653
824673
824845
824860
824860
825015
825118
825152
825268
825304
825346
825613
825691
825725
825767
825771
825783
825976
825983
826313
826348
826582
826610
826628
826686
826956
826983
827063
827086
827303
827305
827314
827488
827533
827621
827643
827706
827717
827761
827842
827858
828053
828117
828239
828266
828417
828434
828436
828446
828509
828598
828628
828643
828645
828802
828932
829039
829103
829249
829306
829507
829532
829570
829624
829735
829759
829924
830014
830109
830272
830274
830312
830327
830331
830375
830461
830520
830595
830727
830841
830915
831009
831223
831262
831278
831348
831598
831627
831632
831640
831663
831778
831789
831927
832152
832397
832499
832564
832572
832842
832847
832934
832944
832953
833088
833156
833267
833547
833695
833753
833828
833906
834017
834033
834085
834195
834390
834529
834594
834595
834928
834987
834995
835017
835167
835251
835268
835280
835445
835463
835505
835532
835567
835608
835696
835843
835939
835955
835963
835991
836002
836014
836117
836209
836211
836239
836457
836578
836769
837356
837374
837390
837414
837423
837492
837601
837817
837927
838037
838087
838108
838155
838257
838329
838420
838426
838480
838756
838931
838963
839124
839194
839229
839316
839408
839467
839496
839594
839604
839832
839958
840117
840348
840802
840947
841051
841064
841159
841251
841252
841516
841684
841701
841868
841926
842007
842036
842158
842162
842330
842393
842665
842726
842768
842819
842834
843062
843220
843311
843311
843359
843359
843399
843486
843512
843518
843540
843591
843644
843693
843817
843824
844038
844320
844357
844479
844486
844542
844786
844807
844897
844987
845017
845121
845364
845616
845624
845675
845735
845819
845821
845935
845998
846058
846113
846125
846173
846183
846203
846259
846419
846490
846508
846566
846862
847086
847173
847209
847309
847378
847678
847734
847871
847885
847922
847998
848074
848211
848219
848300
848344
848347
848402
848478
848514
848626
848662
848721
848823
848970
849001
849011
849116
849255
849413
849482
849540
849555
849688
849797
849985
850075
850085
850112
850120
850245
850294
850339
850507
850513
850736
850834
850914
851169
851195
851480
851507
851527
851723
851726
851748
851768
851846
851899
851980
852033
852403
852750
852855
852943
852968
853001
853020
853066
853114
853119
853187
853281
853282
853461
853535
853698
853810
853816
853853
853855
853914
854021
854022
854029
854032
854047
854048
854050
854137
854324
854512
854563
854700
854710
854926
854998
855143
855194
855457
855469
855856
855864
855986
856154
856199
856219
856258
856296
856321
856536
856645
856660
856839
857032
857162
857210
857224
857243
857371
857477
857482
857741
857745
857828
857864
857865
857962
858017
858137
858156
858158
858193
858399
858488
858508
858580
858699
858874
858889
859034
859077
859262
859262
859373
859468
859534
859544
859728
859753
859873
859875
859908
860082
860179
860386
860443
860567
860586
860692
860815
860891
860972
860988
861006
861205
861290
861344
861406
861415
861416
861560
861667
861960
861990
862046
862048
862073
862096
862153
862285
862352
862372
862423
862437
862617
862794
862801
862961
862992
863069
863080
863111
863222
863504
863571
863612
863946
863964
863988
864152
864252
864488
864619
864803
864863
864867
864946
865033
865058
865058
865168
865178
865244
865251
865591
865613
865680
865827
865868
865887
865955
866058
866107
866149
866193
866277
866443
866462
866576
866704
866818
866822
866855
866918
866925
867005
867062
867075
867088
867166
867364
867477
867486
867539
867598
867654
867785
867852
868076
868088
868143
868200
868235
868240
868287
868289
868375
868400
868401
868549
868587
868839
868856
868973
869005
869093
869220
869258
869312
869397
869422
869459
869473
869521
869546
869627
869714
869733
870002
870012
870023
870104
870108
870157
870298
870311
870508
870615
870655
870794
870932
871002
871016
871022
871072
871133
871223
871231
871257
871316
871556
871557
871579
871801
871881
871885
871890
871907
872175
872191
872258
872425
872428
872504
872531
872568
872624
872679
872773
872807
872809
872846
872853
872911
872938
873144
873233
873235
873346
873407
873498
873515
873671
873738
873826
873890
874011
874181
874242
874322
874434
874456
874469
874504
874573
874616
874676
874712
875000
875064
875098
875399
875429
875438
875557
875602
875680
875692
875820
875890
875911
875947
876053
876070
876123
876157
876270
876290
876317
876360
876388
876596
876607
876636
876640
876711
876712
876919
877010
877271
877292
877594
877613
877654
877663
877761
877787
877869
877887
877911
877925
877974
878081
878276
878307
878330
878344
878410
878467
878523
878601
878688
878730
878856
878882
878921
879027
879061
879066
879088
879162
879186
879216
879246
879278
879291
879306
879312
879366
879371
879664
879776
879809
879900
879996
880008
880058
880168
880250
880270
880297
880340
880563
880733
880776
880805
880824
880920
880979
880989
880996
880997
881077
881080
881110
881116
881262
881452
881550
881645
881685
881776
881797
881900
881958
881983
882018
882326
882334
882403
882467
882534
882576
882591
882640
882858
882867
882978
883127
883138
883202
883359
883369
883523
884098
884155
884214
884398
884577
884978
885025
885157
885159
885235
885297
885423
885475
885476
885493
885584
885647
885678
885707
886080
886090
886115
886208
886211
886397
886452
886527
886962
886992
887054
887060
887404
887685
887770
887784
887811
887811
887906
887952
888002
888208
888239
888289
888318
888496
888537
888541
888598
888624
888688
888712
888733
888808
888849
889388
889393
889393
889466
889492
889602
889683
889901
889947
889978
889993
890008
890012
890032
890210
890371
890496
890633
890740
890856
890904
891036
891132
891239
891335
891360
891421
891428
891507
891652
892097
892107
892141
892175
892181
892193
892270
892349
892367
892377
892724
892744
892815
892903
893015
893238
893295
893403
893433
893502
893512
893572
893615
893642
893840
893841
894035
894131
894137
894193
894270
894312
894338
894423
894526
894765
894774
894776
894934
895225
895279
895293
895293
895350
895410
895529
895811
895917
895948
896004
896105
896106
896122
896319
896344
896381
896478
896489
896511
896585
896586
896650
896750
896802
896813
896861
896918
896977
897088
897103
897189
897284
897405
897498
897726
897741
897763
897793
897823
897860
897870
897966
897976
898092
898195
898199
898249
898281
898322
898402
898499
898609
898831
899123
899133
899227
899241
899387
899622
899811
900083
900123
900140
900198
900341
900353
900486
900621
900640
900684
900815
900949
901016
901102
901103
901184
901218
901313
901358
901395
901427
901636
901815
901827
901908
901955
902231
902238
902311
902422
902423
902458
902518
902530
902831
902837
902875
902992
903064
903260
903268
903355
903392
903418
903431
903483
903518
903720
903830
903848
903910
903925
904077
904234
904262
904272
904502
904536
904557
904831
904964
905012
905018
905074
905223
905314
905504
905615
905628
905658
905748
905755
905786
905812
905820
905893
906019
906199
906494
906520
906529
906737
906787
906951
907152
907323
907341
907433
907599
907752
907812
907833
907865
907985
908018
908078
908087
908227
908257
908295
908339
908346
908359
908387
908593
908608
908619
908647
908926
909048
909107
909357
909502
909905
909996
910063
910137
910193
910194
910205
910323
910386
910521
910561
910704
910718
910734
910757
910785
910833
910846
910849
910862
910874
910962
911058
911202
911328
911363
911433
911729
911742
911762
911780
911820
911946
911981
912014
912269
912286
912473
912533
912648
912691
912914
912982
913052
913210
913249
913275
913352
913398
913399
913477
913525
913558
913612
913884
913897
913919
913992
914116
914128
914149
914162
914175
914219
914268
914306
914415
914438
914451
914575
914635
914649
914655
914747
914836
914910
915011
915082
915086
915097
915208
915589
915632
915641
915647
915657
915740
915912
916018
916058
916138
916139
916226
916383
916444
916515
916795
916868
917027
917070
917158
917318
917504
917596
917605
917605
917633
917749
917760
917853
917960
918003
918341
918385
918436
918438
918558
918598
918660
918721
918755
918782
918807
918985
919049
919113
919458
919468
919540
919642
919658
919720
919909
919943
920079
920140
920150
920266
920384
920444
920678
920692
920787
921186
921248
921275
921277
921333
921422
921448
921450
921481
921483
921757
921808
921814
921834
921870
921963
922013
922180
922214
922217
922506
922528
922530
922809
922832
922839
923005
923021
923132
923293
923474
923639
923699
923741
923856
923874
923895
924031
924088
924181
924204
924311
924314
924337
924432
924455
924457
924544
924565
924603
924715
924814
924854
924886
925079
925131
925154
925201
925235
925392
925416
925482
925516
925519
925612
925618
925680
925848
926003
926005
926005
926067
926193
926239
926261
926284
926295
926339
926341
926365
926464
926467
926503
926588
926716
926735
926819
926876
926901
926934
927000
927298
927380
927550
927586
927610
927664
927709
927734
927911
927944
927973
928144
928226
928284
928295
928397
928422
928500
928579
928583
928595
928721
928987
929003
929332
929349
929580
929588
929686
929742
929743
929751
929758
929846
929977
930189
930257
930350
930482
930714
930743
930799
930807
930842
930867
930884
930925
930951
931140
931165
931171
931292
931432
931440
931504
931597
931740
931795
931826
931952
932054
932196
932210
932234
932250
932337
932345
932377
932396
932417
932445
932534
932577
932714
932723
932879
932928
932955
933000
933114
933146
933309
933325
933381
933393
933428
933469
933593
933703
933721
933735
933805
933952
934083
934118
934293
934351
934591
934658
934673
934695
934754
934880
934902
935086
935122
935128
935295
935308
935330
935577
935634
935664
935740
935783
935848
935998
936027
936068
936105
936449
936507
936607
936649
936765
936905
937172
937236
937260
937327
937532
937705
937707
937758
937818
937927
938050
938055
938064
938198
938207
938253
938290
938338
938412
938493
938594
938657
938688
938697
938745
938838
938916
938919
938980
938986
939025
939293
939614
939686
939766
939774
939893
940014
940039
940167
940220
940305
940387
940412
940574
940661
940734
940844
940933
941051
941160
941322
941460
941542
941583
941664
941724
941819
941844
941855
941953
942091
942256
942282
942345
942367
942490
942590
942602
942608
942637
942658
942716
942815
942850
942875
942880
942928
942938
942947
942994
943004
943028
943130
943162
943190
943451
943545
943579
943769
943847
943956
944054
944127
944246
944505
944646
944728
944966
945040
945085
945286
945335
945536
945542
945549
945605
945660
945706
945960
946093
946292
946346
946353
946476
946553
946657
946808
947077
947116
947178
947282
947413
947638
947749
947792
947918
947966
948015
948061
948137
948374
948380
948383
948420
948549
948556
948624
948703
948760
948826
948843
948940
948977
949002
949023
949072
949120
949237
949476
949513
949523
949592
949721
949876
949985
950044
950175
950224
950252
950575
950793
950970
951041
951145
951223
951315
951349
951637
951638
951816
951869
951949
952012
952294
952407
952419
952538
952795
952832
952864
952942
952971
953007
953209
953241
953296
953341
953489
953535
953592
953808
953855
954001
954055
954139
954435
954542
954570
954690
954766
954839
954963
955069
955212
955395
955568
955589
955647
955666
955702
955790
955862
955899
955915
956022
956127
956177
956178
956277
956365
956494
956593
956753
956779
956905
956972
956991
957103
957121
957267
957340
957340
957487
957552
957593
958034
958108
958214
958370
958398
958479
958760
958865
958869
958959
959305
959370
959377
959377
959464
959578
959594
959635
959652
959710
959715
959748
959756
959785
959820
959825
959895
960030
960268
960340
960495
960565
960895
960936
961122
961182
961276
961290
961390
961426
961472
961473
961620
961854
961858
961909
961948
962015
962030
962043
962080
962118
962267
962287
962352
962498
962525
962678
963071
963094
963147
963172
963253
963310
963315
963341
963354
963379
963411
963656
963663
963918
963935
963936
964169
964287
964486
964650
964729
964878
964977
965123
965137
965142
965241
965274
965275
965296
965472
965569
965711
965810
966022
966090
966102
966153
966257
966316
966398
966448
966598
966724
966884
966888
966899
966937
967102
967246
967401
967409
967422
967532
967573
967711
967720
967823
967846
967891
967898
967908
968295
968305
968445
968468
968473
968862
969131
969244
969321
969425
969484
969536
969567
969633
969873
969877
969999
970180
970250
970404
970406
970554
970579
970677
970691
970812
970829
970930
970994
971126
971132
971225
971367
971381
971476
971493
971612
971692
971828
971983
972126
972379
972469
972571
972592
972694
972730
972802
972817
972959
973139
973233
973603
973750
973803
973821
973894
973896
973903
974024
974281
974348
974443
974579
974632
974676
974877
974916
974926
974956
975024
975134
975214
975264
975337
975468
975676
976074
976177
976197
976226
976280
976300
976340
976415
976440
976477
976606
976658
976700
976715
976755
976836
976930
976962
976967
977050
977131
977234
977242
977388
977526
977721
977721
977794
977878
977900
977992
978011
978608
978615
978708
978796
979020
979021
979034
979083
979298
979319
979324
979337
979364
979448
979476
979577
979672
979682
979738
979842
979859
980240
980383
980394
980398
980508
980524
980552
980620
980645
980659
980699
981093
981119
981142
981270
981369
981476
981677
981711
981741
981776
981788
981932
982095
982278
982355
982382
982407
982422
982429
982503
982713
982770
982805
982823
982880
982894
982923
983078
983084
983091
983204
983250
983366
983432
983480
983494
983537
983555
983694
983714
983915
983942
983945
983998
984263
984402
984640
984899
984930
985006
985025
985062
985280
985285
985300
985438
985577
985584
985685
985719
985786
985888
985919
985955
986060
986130
986418
986503
986628
986685
986731
986742
986759
986861
987033
987065
987073
987091
987320
987356
987413
987574
987599
987633
987729
987803
987872
988032
988146
988193
988264
988339
988346
988414
988621
988773
988836
988857
989050
989420
989537
989806
989849
989902
989946
990067
990542
990581
990647
990696
990732
990797
990823
990917
990957
990980
990995
991136
991143
991282
991354
991362
991498
991703
991875
991896
991962
992003
992222
992299
992446
992454
992529
992551
992560
992579
992615
992651
992658
992712
992746
992780
992786
992829
992916
993061
993070
993128
993145
993156
993185
993302
993325
993342
993400
993422
993436
993438
993529
993630
993665
993778
993837
994055
994204
994213
994273
994443
994486
994692
994710
994936
995008
995421
995440
995659
995683
995833
995876
996090
996331
996576
996641
996674
996703
996768
996829
996956
997093
997316
997377
997420
997449
997466
997468
997498
997500
997597
997638
997717
997906
997940
998030
998096
998487
998568
998574
998648
998652
998697
998755
998798
998798
998910
999039
999083
999141
999248
999271
999373
999407
999472
999487
999533
999539
999616
999660
999663
999669
999789
999832
999846
