-99905
-99900
-99878
-99859
-99852
-99832
-99729
-99717
-99671
-99624
-99593
-99510
-99450
-99326
-99261
-99250
-99197
-98999
-98824
-98785
-98735
-98532
-98453
-98242
-98227
-97983
-97930
-97912
-97887
-97727
-97701
-97506
-97448
-97271
-97153
-97080
-96955
-96875
-96645
-96476
-96365
-96347
-96100
-96098
-96078
-95721
-95626
-95508
-95463
-95457
-95394
-95339
-95328
-95205
-95161
-95137
-95026
-95012
-94901
-94817
-94776
-94727
-94622
-94576
-94549
-94541
-94383
-94363
-94247
-94169
-94160
-94148
-94099
-94066
-93961
-93952
-93880
-93868
-93818
-93809
-93786
-93687
-93552
-93232
-93199
-93196
-93151
-93114
-92970
-92848
-92782
-92665
-92654
-92535
-92356
-92304
-92234
-92191
-92165
-91988
-91721
-91568
-91459
-91453
-91050
-91037
-90996
-90854
-90798
-90736
-90673
-90648
-90456
-90377
-90372
-90345
-90093
-89952
-89932
-89895
-89845
-89720
-89601
-89571
-89531
-89432
-89313
-89276
-89206
-89105
-89076
-88856
-88650
-88648
-88576
-88453
-88449
-88377
-88191
-88167
-88134
-87789
-87693
-87246
-87239
-87141
-87123
-86941
-86894
-86741
-86687
-86649
-86612
-86430
-86395
-86190
-85816
-85789
-85751
-85719
-85633
-85567
-85495
-85335
-85210
-85140
-85036
-84939
-84934
-84931
-84896
-84740
-84386
-84302
-84120
-84086
-84020
-83947
-83905
-83837
-83636
-83579
-83565
-83520
-83503
-83490
-83140
-83068
-82701
-82488
-82436
-82361
-82336
-82193
-82032
-81983
-81774
-81729
-81638
-81594
-81522
-81447
-81398
-81366
-81298
-81210
-81189
-81168
-81022
-80950
-80700
-80602
-80568
-80428
-80362
-80348
-80146
-79866
-79785
-79455
-79229
-79161
-79053
-78931
-78923
-78853
-78710
-78394
-78388
-78382
-78363
-78200
-78185
-78163
-78099
-78082
-78077
-78071
-77777
-77755
-77748
-77582
-77405
-77250
-77241
-77184
-77112
-77090
-76797
-76548
-76472
-76392
-76391
-76295
-76205
-76132
-75831
-75798
-75567
-75566
-75499
-75470
-75410
-75356
-75280
-75233
-75141
-75033
-74967
-74964
-74842
-74839
-74813
-74542
-74335
-74209
-74149
-73988
-73925
-73882
-73744
-73726
-73467
-73456
-73449
-73361
-73302
-73176
-72940
-72739
-72355
-72323
-72172
-72107
-71869
-71828
-71800
-71646
-71638
-71616
-71531
-71119
-71081
-70913
-70824
-70645
-70354
-70331
-70325
-70265
-70261
-70206
-70041
-69995
-69822
-69777
-69635
-69628
-69583
-69512
-69456
-69399
-69321
-69321
-69196
-69165
-69097
-69096
-69058
-69038
-69025
-68967
-68772
-68695
-68525
-68470
-68318
-68263
-68168
-68136
-67960
-67941
-67938
-67915
-67860
-67634
-67482
-67117
-67115
-67106
-67101
-67050
-66726
-66459
-66161
-66152
-66097
-65881
-65805
-65739
-65615
-65521
-65440
-65415
-65246
-65192
-64838
-64812
-64746
-64668
-64655
-64290
-64212
-64180
-63961
-63947
-63943
-63745
-63712
-63691
-63587
-63557
-63459
-63434
-63429
-63375
-63369
-63347
-63319
-63229
-62809
-62628
-62548
-62504
-62446
-62392
-62284
-62283
-62216
-62184
-62117
-61775
-61752
-61663
-61516
-61501
-61453
-61285
-60933
-60857
-60846
-60734
-60733
-60692
-60626
-60593
-60405
-60370
-60367
-60129
-60097
-60077
-59927
-59847
-59450
-59329
-59316
-59287
-59258
-59141
-59031
-58999
-58842
-58719
-58701
-58614
-58553
-58470
-58244
-58224
-58057
-58026
-57924
-57664
-57562
-57536
-57510
-57355
-57352
-57276
-57100
-57056
-56543
-56181
-55955
-55854
-55559
-55556
-55415
-55383
-55372
-55269
-55225
-55096
-55093
-55018
-54960
-54929
-54884
-54795
-54774
-54477
-54469
-54336
-54266
-54242
-54089
-54046
-53976
-53933
-53925
-53785
-53580
-53383
-53192
-52708
-52582
-52476
-52470
-52404
-52244
-52090
-51993
-51730
-51729
-51687
-51574
-51541
-51518
-51390
-51381
-51366
-51316
-51278
-51247
-51025
-50997
-50855
-50843
-50807
-50785
-50727
-50705
-50659
-50645
-50484
-50417
-50240
-49885
-49856
-49850
-49844
-49809
-49651
-49622
-49573
-49396
-49345
-49002
-48995
-48962
-48936
-48881
-48876
-48808
-48781
-48713
-48635
-48624
-48602
-48374
-48359
-48212
-47967
-47867
-47777
-47659
-47633
-47605
-47514
-47460
-47433
-47327
-47267
-47191
-47038
-46977
-46929
-46906
-46718
-46586
-46506
-46400
-46372
-46345
-46309
-46160
-46099
-46086
-45984
-45965
-45744
-45637
-45371
-45286
-45259
-45027
-44909
-44877
-44854
-44820
-44540
-44516
-44439
-44307
-44229
-44202
-44137
-43977
-43953
-43706
-43690
-43663
-43641
-43549
-43462
-43441
-43333
-43291
-43088
-42964
-42919
-42737
-42630
-42618
-42469
-42308
-42242
-42234
-42176
-42130
-41854
-41763
-41737
-41504
-41370
-41309
-41108
-41046
-40860
-40790
-40751
-40704
-40663
-40635
-40413
-40272
-40269
-40053
-39989
-39976
-39967
-39852
-39713
-39709
-39518
-39291
-38996
-38942
-38851
-38817
-38722
-38485
-38410
-38374
-38276
-38248
-37996
-37872
-37800
-37742
-37601
-37485
-37413
-37385
-37293
-37259
-37193
-37138
-36740
-36648
-36648
-36418
-36387
-36320
-36042
-35857
-35767
-35481
-35397
-35172
-35159
-35141
-35096
-34979
-34895
-34863
-34767
-34460
-34411
-34298
-34197
-34114
-33936
-33912
-33801
-33603
-33581
-33522
-33492
-33333
-33127
-33089
-33016
-33001
-32996
-32969
-32871
-32790
-32735
-32700
-32696
-32666
-32593
-32558
-32439
-32364
-32346
-32247
-32180
-32179
-32163
-31706
-31670
-31640
-31456
-31438
-31251
-31213
-31162
-31020
-30971
-30829
-30728
-30523
-30374
-30359
-30356
-30162
-30107
-30052
-30050
-29931
-29868
-29829
-29750
-29724
-29716
-29582
-29546
-29515
-29445
-29272
-29067
-28980
-28812
-28804
-28668
-28261
-28212
-28078
-27855
-27852
-27817
-27804
-27732
-27705
-27313
-27303
-27285
-27281
-27281
-27085
-27060
-27007
-26932
-26922
-26915
-26774
-26363
-26162
-25974
-25844
-25763
-25734
-25615
-25558
-25260
-25251
-25011
-24984
-24851
-24780
-24757
-24659
-24640
-24595
-24440
-24372
-24237
-24221
-24147
-24106
-23969
-23654
-23516
-23515
-23451
-23343
-23325
-23304
-23210
-23048
-22833
-22800
-22710
-22582
-22208
-22049
-21996
-21779
-21657
-21183
-21164
-20805
-20638
-20531
-20528
-20504
-20442
-20422
-20307
-20264
-20192
-20139
-20094
-20084
-19941
-19592
-19477
-19442
-19292
-19034
-18965
-18934
-18874
-18861
-18846
-18815
-18809
-18802
-18790
-18750
-18719
-18602
-18318
-18315
-18264
-18258
-18014
-17840
-17762
-17633
-17441
-17143
-17042
-17030
-16890
-16846
-16818
-16693
-16639
-16418
-16413
-16407
-16387
-16339
-16264
-16208
-16186
-16055
-15986
-15766
-15649
-15636
-15568
-15409
-15303
-15283
-15269
-15267
-15245
-15196
-14982
-14902
-14883
-14836
-14818
-14765
-14746
-14706
-14519
-14460
-14443
-14351
-14265
-14251
-14199
-14054
-13931
-13874
-13858
-13833
-13821
-13722
-13511
-13427
-13414
-13403
-13332
-13297
-13266
-13142
-13116
-13111
-12888
-12784
-12665
-12577
-12574
-12557
-12469
-12415
-12354
-12053
-12040
-12034
-11955
-11857
-11696
-11664
-11595
-11454
-11422
-11139
-11021
-10856
-10781
-10761
-10726
-10503
-10479
-10377
-10298
-10207
-10190
-10043
-10033
-9557
-9365
-9355
-9335
-9249
-9108
-9010
-8989
-8905
-8705
-8606
-8597
-8564
-8440
-8362
-8359
-8338
-8319
-8312
-8240
-8074
-8072
-7892
-7454
-7393
-7337
-7207
-7155
-7144
-7086
-6849
-6828
-6441
-6428
-6409
-6370
-6097
-6097
-5979
-5962
-5943
-5874
-5855
-5749
-5649
-5616
-5589
-5557
-5427
-5364
-5308
-5263
-5166
-5152
-5120
-5073
-5055
-5019
-4951
-4805
-4678
-4451
-4295
-4293
-3898
-3848
-3670
-3632
-3599
-3580
-3515
-3408
-3363
-3281
-3245
-3215
-3177
-3177
-3165
-2902
-2897
-2733
-2574
-2393
-2379
-2362
-2322
-2287
-2177
-2146
-2122
-2087
-2079
-2035
-1982
-1789
-1781
-1760
-1705
-1674
-1666
-1611
-1469
-1386
-1301
-1242
-1185
-1170
-1088
-824
-543
-464
-450
-400
-322
-277
-166
-115
50
661
859
900
1253
1565
1679
1750
1895
1919
1923
2158
2244
2269
2309
2324
2331
2387
2477
2543
2621
2665
2700
2969
3000
3155
3208
3255
3645
3773
3806
3836
3994
4225
4364
4569
4856
4860
4882
5140
5452
5508
5579
5632
5664
5758
5802
5838
6025
6058
6063
6093
6109
6289
6339
6366
6411
6435
6531
6553
6682
6865
6955
7171
7286
7289
7432
7457
7520
7530
7620
7634
7754
7833
7857
8449
8587
8594
8746
8875
9042
9072
9107
9348
9520
9524
9751
9797
9913
9941
9961
10030
10047
10077
10135
10230
10285
10372
10378
10464
10603
10639
10704
10773
10847
11273
11330
11422
11428
11453
11566
11668
11800
11806
11833
11855
11879
12003
12024
12089
12412
12454
12481
12482
12687
12842
12945
12954
12970
13111
13495
13638
13678
13862
13864
13932
14036
14049
14205
14275
14390
14420
14579
14606
14698
14862
14910
14959
15050
15305
15351
15487
15505
15536
15581
15764
15820
15977
16040
16167
16250
16259
16588
16607
16761
16781
16922
16928
17094
17180
17185
17191
17493
17636
17886
18026
18063
18131
18159
18212
18249
18435
18619
18642
18648
18872
18902
18911
18961
19078
19637
19844
19883
19892
19912
19923
19988
20009
20093
20120
20195
20316
20408
20517
20647
20798
21002
21094
21244
21248
21473
21478
21499
21570
21592
21641
21666
21672
21686
21784
21992
22052
22143
22282
22379
22424
22429
22463
22665
22727
22893
23018
23174
23277
23285
23303
23360
23403
23415
23417
23441
23616
23843
23885
23942
24071
24295
24393
24541
24556
24570
24610
24639
24658
24907
25008
25118
25165
25175
25264
25294
25368
25373
25403
25630
25776
26130
26131
26408
26451
26550
26824
26945
27121
27185
27473
27683
27798
27839
27845
28043
28067
28226
28356
28498
28605
28631
28742
28767
28906
28908
29107
29134
29347
29362
29526
29593
29813
29826
29880
29881
29890
30344
30348
30475
30497
30520
30558
30719
30827
30852
30881
30980
31100
31107
31134
31141
31333
31511
31528
31585
31590
31638
31831
31833
31898
31921
31923
32031
32087
32107
32141
32165
32267
32344
32437
32653
32817
32857
32963
33195
33230
33350
33355
33677
33866
34123
34162
34292
34516
35079
35096
35108
35108
35130
35149
35312
35312
35397
35480
35654
35734
35852
35919
35937
35957
35958
36121
36238
36283
36350
36744
36873
36990
37071
37113
37236
37417
37424
37457
37488
37608
37707
37717
37739
37883
37906
38135
38184
38188
38334
38335
38381
38387
38478
38552
38554
38624
38727
39133
39224
39379
39416
39544
39545
39643
39712
39715
39990
40023
40237
40270
40284
40313
40423
40424
40571
40573
40789
41078
41111
41153
41203
41309
41438
41546
41555
41583
41685
42183
42252
42444
42505
42547
42690
42729
42808
42829
42980
43307
43540
43598
43849
44237
44382
44386
44398
44444
44543
44592
44715
44892
44907
45062
45366
45763
45982
46000
46069
46198
46198
46326
46344
46382
46421
46532
46605
46865
46874
47074
47256
47327
47371
47443
47491
47757
47849
47915
48111
48130
48148
48218
48623
48639
48922
48945
48993
49046
49375
49612
49735
50013
50025
50218
50297
50525
50559
50675
50735
50801
51200
51289
51328
51439
51545
51550
51668
51829
52047
52052
52071
52073
52330
52387
52545
52802
52808
52950
52997
53134
53182
53343
53345
53584
53698
53716
53851
54143
54224
54259
54268
54705
54736
54804
55004
55048
55217
55296
55310
55311
55342
55449
55501
55589
55742
55754
55818
55933
56028
56054
56056
56326
56375
56513
56580
56812
56918
56940
56944
57053
57102
57141
57143
57501
57513
57699
57717
57869
57938
57978
57987
58123
58222
58251
58315
58347
58716
58796
58934
59029
59037
59046
59078
59127
59130
59160
59197
59759
59787
59848
60115
60164
60192
60331
60383
60391
60399
60417
60421
60578
60672
60804
61129
61203
61233
61262
61365
61397
61533
61563
61584
61718
61781
61831
61998
62067
62155
62183
62194
62352
62561
62704
62820
63013
63017
63041
63071
63127
63171
63185
63221
63290
63306
63431
63433
63442
63566
63670
63754
63983
64321
64335
64355
64525
64555
64703
64792
64913
65012
65305
65410
65490
65546
65553
65565
65600
65881
65921
66030
66218
66246
66307
66337
66420
66677
66856
67218
67254
67300
67405
67482
67668
67919
68177
68271
68315
68431
68442
68522
68551
68598
68746
68820
68909
68980
69116
69223
69273
69281
69315
69538
69781
69794
69833
69844
69928
69979
70021
70184
70200
70466
70526
70627
70745
70794
70827
70832
70892
71239
71241
71285
71410
71910
72172
72303
72346
72387
72392
72461
72652
72805
72846
72879
72960
72994
73161
73416
73431
73540
73541
73543
73633
73642
73686
73782
73818
74227
74668
74706
75062
75078
75142
75147
75154
75218
75219
75256
75369
75382
75423
75520
75620
75628
75769
75891
75954
76269
76272
76274
76369
76444
76502
76598
76731
76744
76876
77029
77170
77174
77457
77509
77679
77731
77763
78003
78036
78084
78104
78111
78268
78508
78578
78626
78928
79222
79351
79679
79875
79890
79945
79975
80055
80103
80196
80197
80362
80814
80860
80888
80994
81019
81284
81290
81444
82058
82262
82334
82399
82582
82651
82660
82827
83090
83247
83370
83378
83644
83755
83850
83867
83878
83918
84083
84143
84180
84428
84443
84451
84489
84633
84660
84771
84847
84881
85209
85337
85428
85758
85806
85813
85899
85909
85944
86013
86177
86198
86262
86297
86599
86693
86843
86852
86964
87200
87361
87417
87465
87494
87599
87692
87848
87865
87997
88023
88244
88332
88334
88343
88454
88462
88516
88521
88706
88841
88871
88887
89221
89405
89419
89557
89557
89565
89758
89779
89841
90029
90054
90094
90170
90239
90252
90329
90370
90389
90464
90533
90534
90762
90786
90813
91046
91140
91195
91346
91346
91421
91433
91592
91676
91693
91718
91774
91809
91853
91882
92170
92705
92728
93015
93110
93336
93342
93363
93444
93462
93570
93654
93668
93676
93680
93695
93714
93721
93840
94138
94162
94173
94296
94812
94920
95002
95095
95232
95481
95582
95636
95770
95840
95841
95905
96026
96066
96146
96292
96490
96560
96635
96675
96686
96781
96958
96979
96982
97000
97102
97225
97275
97284
97356
97379
97387
97569
97686
97740
97959
98085
98211
98447
98541
98600
98846
98892
98924
98936
98961
99000
99018
99103
99111
99194
99238
99262
99340
99385
99411
99460
99480
99655
99760
99796
99806
99827
99910
99945
100142
100150
100193
100238
100438
100457
100475
100496
100630
100690
100714
100759
100803
100876
101177
101264
101340
101471
101516
101573
101671
101769
101858
101974
102018
102114
102257
102323
102341
102491
102532
102564
102585
102622
102987
102996
103009
103233
103279
103644
103649
103713
103733
103848
103936
104000
104008
104013
104046
104121
104172
104225
104232
104516
104609
104758
105159
105224
105228
105245
105338
105398
105498
105516
105724
105731
105805
105850
105908
105923
106087
106414
106460
106515
106556
106608
106611
106756
106776
106800
106925
107062
107216
107322
107338
107616
107753
107852
107859
107861
107916
107945
107977
107986
108096
108175
108179
108419
108446
108666
108669
108733
109087
109483
109876
109937
110111
110308
110519
110538
110570
110594
110675
110708
111060
111148
111153
111292
111387
111555
111631
111647
111725
111912
111927
111963
112369
112372
112583
112598
112761
112885
112944
112965
113041
113056
113177
113200
113265
113500
113500
113608
113643
113760
113847
113963
114184
114384
114540
114593
114671
114705
114751
114804
114878
114888
114915
115174
115236
115263
115283
115362
115413
115428
115439
115592
115623
115687
115734
115885
115983
116011
116247
116359
116381
116656
116675
116791
116880
117119
117464
117765
117788
117854
117878
117885
117937
118038
118077
118140
118225
118316
118358
118430
118441
118809
118869
118985
119023
119033
119196
119630
119723
119758
119930
119971
119984
120001
120047
120093
120105
120187
120198
120266
120427
120644
120681
120693
120858
121177
121192
121276
121391
121583
121738
121903
121913
122206
122236
122237
122272
122387
122572
122609
122665
122742
122830
122927
122966
123000
123055
123194
123232
123500
123546
123605
123636
123710
123736
123769
123815
123854
123888
123961
124029
124100
124102
124242
124319
124332
124486
124583
124638
124686
124888
125143
125193
125299
125633
125662
125840
125890
125897
125951
126014
126092
126360
126426
126643
126730
126759
126794
126802
126995
127022
127026
127151
127166
127256
127351
127365
127579
127717
127746
127924
127969
128028
128281
128595
128657
128697
128749
128818
128888
128897
128913
128957
129086
129409
129480
129508
129556
129930
129965
129973
130056
130148
130367
130425
130482
130488
130739
130794
130852
130918
131033
131153
131280
131294
131470
131554
131755
131757
131760
131948
131958
132284
132286
132335
132481
132594
132638
132777
132828
133035
133143
133258
133367
133436
133446
133453
133490
133543
133545
133590
133621
133652
133697
133866
133887
133910
133954
134077
134185
134244
134263
134305
134321
134723
134890
134984
135043
135121
135328
135367
135435
135461
135492
135763
135801
135886
135897
135910
136007
136039
136053
136166
136481
136531
136587
136995
137050
137071
137175
137187
137191
137306
137308
137313
137340
137411
137437
137450
137497
137654
137748
137821
137857
137978
138003
138127
138183
138305
138354
138417
138470
138829
138856
138946
139031
139080
139088
139199
139244
139282
139329
139550
139590
139739
139790
139828
139936
140328
140405
140586
140709
140849
140893
140929
141006
141053
141094
141165
141211
141269
141287
141439
141457
141673
141870
141920
142012
142019
142051
142199
142410
142549
142551
142618
142763
142983
143058
143066
143172
143251
143258
143580
143597
143609
143699
143820
143844
143956
144053
144195
144230
144555
144610
144705
144815
144903
144977
144979
144993
145221
145393
145527
145554
145554
145571
145653
145769
145947
145948
146044
146113
146156
146163
146439
146498
146544
146555
146635
146703
146836
146846
147001
147024
147036
147183
147271
147393
147548
147753
148048
148122
148127
148207
148219
148275
148628
148628
148662
148756
148912
149027
149143
149150
149163
149187
149217
149234
149235
149318
149331
149407
149410
149446
149465
149503
149534
149536
149629
149655
150110
150267
150406
150473
150545
150971
151001
151187
151219
151291
151310
151556
151559
151626
151693
151734
152014
152135
152331
152415
152478
152774
153017
153136
153207
153496
153518
153546
153606
153738
153744
153821
153899
154037
154156
154363
154455
154490
154710
154762
154764
154793
154874
155258
155284
155291
155345
155450
155457
155641
155710
155731
155835
155858
156024
156082
156218
156266
156375
156717
156721
156731
156799
157068
157136
157253
157453
157478
157503
157522
157573
157674
157986
158026
158166
158171
158201
158321
158579
158958
158971
159250
159417
159440
159538
159606
159683
159930
160017
160081
160138
160185
160188
160368
160391
160479
160507
160884
160925
161050
161081
161092
161137
161164
161198
161227
161278
161301
161343
161506
161526
161571
161636
161740
162085
162215
162325
162417
162456
162490
162772
162772
162781
162788
162880
162953
162960
163002
163019
163078
163222
163283
163313
163340
163355
163482
163857
163901
164277
164371
164391
164503
164565
164714
164748
164830
164875
165101
165214
165221
165308
165463
165700
165702
165733
165755
165843
165893
165932
166047
166489
166546
166645
166674
166762
166880
167009
167093
167105
167123
167145
167275
167448
167832
168012
168114
168372
168412
168495
168501
168512
168681
168863
169205
169274
169289
169408
169488
169579
169636
169781
169862
170103
170168
170267
170295
170362
170384
170411
170519
170537
170703
170774
170901
171193
171294
171331
171393
171511
171562
171683
172056
172144
172209
172211
172360
172473
172577
172631
172714
172888
172937
173023
173182
173258
173385
173499
173521
173602
173630
173664
173697
173729
173797
173838
173847
173867
174029
174052
174076
174096
174207
174512
174588
174846
174864
174871
175001
175047
175149
175342
175374
175378
175754
175940
176151
176156
176332
176369
176449
176496
176666
176742
176745
176801
176848
176897
176914
176948
177140
177552
177810
177857
178064
178114
178139
178194
178249
178267
178384
178390
178428
178582
178624
178721
178727
179103
179112
179258
179361
179475
179699
179729
179793
179880
179984
180072
180205
180266
180273
180411
180468
180621
180663
180716
180912
181030
181076
181118
181122
181192
181397
181502
181834
181890
182084
182104
182116
182266
182269
182518
182543
182569
182583
182707
182737
182865
183117
183255
183697
183793
183858
184213
184302
184367
184610
184688
184736
184911
184925
184958
185046
185132
185143
185196
185196
185208
185335
185350
185368
185447
185582
185694
185742
186043
186054
186117
186120
186150
186173
186337
186351
186457
186479
186628
186759
186888
186961
187045
187139
187149
187167
187199
187245
187491
187495
187561
187594
187989
188103
188111
188165
188422
188456
188458
188482
188547
188554
188598
188608
188627
188640
188763
188861
188896
189105
189124
189129
189130
189135
189328
189432
189473
189652
189721
189807
189816
190068
190333
190526
190603
190629
190654
190779
190781
191073
191122
191157
191310
191408
191483
191771
191796
191803
191917
191964
192006
192031
192063
192280
192282
192311
192395
192547
192808
192843
192865
193008
193151
193183
193286
193425
193435
193474
193507
193551
193594
193606
193624
193726
193742
193765
193800
194003
194011
194123
194201
194309
194337
194402
194447
194512
194538
194752
194756
194783
195053
195296
195354
195359
195412
195642
195763
195866
195867
195909
196042
196050
196059
196125
196132
196212
196410
196452
196562
196670
196682
196684
196694
196909
197155
197439
197583
197608
197721
197953
197956
197971
198072
198117
198152
198170
198179
198201
198249
198255
198282
198391
198461
198745
198869
199093
199293
199409
199425
199452
199613
199725
199866
199895
200103
200459
200625
200693
200701
200902
201059
201190
201454
201462
201515
201662
201866
201870
202288
202332
202406
202440
202489
202523
202606
202714
202791
202843
202920
202949
202955
203043
203104
203128
203242
203327
203477
203780
204053
204085
204118
204157
204219
204240
204545
204552
204777
205012
205038
205114
205282
205303
205341
205508
205518
205548
205582
205624
205639
205663
205693
205801
206004
206102
206133
206226
206274
206467
206588
206781
206826
206890
206960
207015
207123
207186
207412
207431
207440
207600
207650
207694
207772
207802
207845
208116
208166
208331
208355
208386
208462
208672
208839
208895
209306
209313
209357
209467
209472
209513
209546
209643
209794
209837
209931
209945
210093
210655
210876
211089
211256
211279
211301
211329
211470
211499
211519
211585
211591
211959
212074
212094
212101
212177
212177
212479
212754
212828
212870
213012
213049
213124
213204
213264
213278
213449
213673
213780
213807
213816
213880
213925
213942
214003
214132
214183
214427
214533
214757
214776
214886
214943
215079
215194
215247
215300
215532
215769
215810
215932
215979
216024
216216
216411
216418
216502
216722
216912
216970
217023
217344
217602
217621
217628
217680
217885
218161
218177
218228
218488
218500
218631
218719
218738
218789
218794
218881
218924
219064
219072
219098
219183
219499
219550
219572
219581
219582
219628
219786
219823
219841
219993
220080
220096
220311
220329
220397
220496
220509
220602
221055
221306
221348
221349
221455
221512
221557
221924
221994
222121
222223
222285
222306
222426
222429
222478
222520
223004
223064
223069
223143
223176
223279
223400
223438
223487
223641
223958
223990
224055
224114
224167
224210
224408
224457
224464
224546
224631
224657
224693
224926
224967
224979
225181
225185
225283
225362
225455
225471
225573
225704
225753
225853
225893
226072
226097
226143
226196
226322
226443
226649
226740
226927
226937
227071
227073
227647
227653
227692
227778
227823
227873
228040
228098
228167
228524
228710
228723
228879
229038
229277
229341
229554
229611
229668
229734
229898
229958
230039
230115
230142
230397
230408
230423
230436
230481
230488
230636
230788
230805
230820
231086
231206
231257
231439
231443
231571
231603
231634
231698
232143
232355
232359
232691
232714
232716
232723
232736
232779
233096
233162
233223
233242
233381
233426
233486
233496
233712
233787
233797
233906
234046
234114
234335
234636
234649
234850
235057
235080
235107
235172
235327
235339
235491
235506
235510
235536
235560
235566
235645
235725
235921
235963
235968
236014
236064
236109
236184
236264
236318
236344
236355
236412
236713
236726
236891
236917
236945
237036
237064
237139
237158
237192
237192
237207
237298
237332
237543
237556
237602
237642
237767
237839
237967
238149
238170
238220
238293
238449
238719
238890
238975
238988
239299
239346
239421
239504
239588
239684
239703
239791
239811
239982
240087
240095
240197
240220
240279
240507
240719
241151
241168
241344
241386
241398
241467
241699
241737
241789
241910
241922
242090
242256
242456
242457
242518
242560
242663
242751
242781
242821
242831
242956
242991
243062
243182
243304
243398
243643
243931
243967
244006
244029
244111
244502
244688
244731
244740
244741
244791
244795
244899
244987
245287
245437
245442
245615
245651
245809
245848
245882
246147
246470
246508
246587
246751
246861
246864
246884
246976
247077
247162
247260
247512
247536
247601
247792
247962
248134
248237
248333
248364
248545
248582
248629
248655
248724
248758
248789
248915
249010
249084
249255
249470
249496
249613
249738
250022
250145
250193
250231
250399
250451
250656
250835
250921
250970
251022
251108
251572
251583
251592
251623
251643
251651
251786
251844
252153
252464
252506
252711
252825
252985
253118
253193
253262
253406
253463
253578
253793
253920
254012
254372
254443
254503
254561
254595
254774
254970
255055
255179
255360
255443
255468
255547
255553
255628
255639
255647
255685
255698
255730
255775
255908
255933
256017
256079
256092
256140
256273
256281
256285
256301
256499
256679
256700
256796
256979
257036
257091
257120
257344
257392
257421
257464
257615
257759
257945
258038
258080
258095
258103
258118
258177
258199
258286
258331
258443
258628
258716
258750
258778
258874
258936
259325
259558
259577
259625
259649
259697
259726
259734
259816
259895
259938
260014
260134
260200
260201
260239
260318
260332
260368
260509
260768
260777
260802
260833
261221
261257
261352
261510
261559
261587
261601
261635
261764
261812
261825
261862
261893
262008
262346
262525
262618
262655
263041
263174
263218
263255
263370
263403
263533
263648
263739
263758
263863
263877
263977
264039
264071
264201
264287
264333
264508
264603
264666
264699
264940
264956
265262
265322
265328
265641
265645
265732
265737
265805
265869
265912
266160
266188
266196
266221
266305
266618
266642
267066
267124
267357
267362
267433
267476
267622
267667
267723
267831
267869
267957
268087
268152
268422
268622
268653
268681
268708
268794
268805
269095
269104
269208
269229
269494
269496
269702
269908
269910
270014
270048
270070
270095
270214
270334
270544
270550
270603
270675
270725
270879
270922
270930
270950
270962
271039
271178
271224
271240
271268
271367
271416
271509
271601
271692
271730
272074
272103
272308
272326
272351
272673
272741
272757
272971
272985
273074
273084
273134
273266
273489
273709
273748
273760
273793
274016
274041
274612
274718
274760
274779
274800
274946
274960
275014
275063
275414
275492
275554
275715
275758
275884
276076
276154
276214
276214
276305
276355
276390
276427
276555
276620
276752
276924
276989
277044
277056
277147
277179
277352
277444
277482
277520
277602
277934
277949
278167
278438
278534
278578
278710
279094
279128
279188
279239
279427
279508
279567
279735
279868
280153
280428
280463
280557
280707
280719
280836
280883
280892
280995
281003
281144
281313
281388
281505
281956
282055
282131
282182
282206
282262
282350
282421
282438
282475
282493
282525
282679
282809
282932
283053
283173
283360
283443
283524
283578
283671
283720
283784
283883
283883
283933
284057
284160
284330
284507
284731
284760
284825
285057
285154
285301
285310
285315
285339
285368
285488
285533
285597
285721
285732
285745
285796
285982
286214
286325
286400
286494
286527
286532
286549
286637
286642
286850
286857
286957
287133
287413
287430
287777
287825
287833
287921
287987
288139
288399
288584
288922
289044
289054
289280
289615
289881
289884
289900
290027
290105
290179
290222
290269
290394
290582
290626
290716
290771
291448
291495
291575
291686
291766
291814
291885
291950
292468
292699
292709
292827
293094
293178
293319
293583
293931
294529
294579
294606
294807
294890
294997
295054
295276
295293
295326
295375
295530
295767
295805
295805
295806
295840
296159
296348
296493
296527
296729
296732
296746
296825
296825
296914
297000
297148
297325
297421
297540
297562
297577
297604
297778
297860
297878
297939
297992
298213
298215
298244
298270
298465
298584
298642
298992
299025
299159
299180
299202
299487
299520
299560
299778
299785
299825
299967
299970
300183
300394
300445
300491
300918
300997
301083
301292
301412
301458
301490
301561
301875
301881
301926
302001
302100
302208
302223
302257
302366
302405
302577
302677
302700
302742
302877
302944
303070
303138
303241
303306
303339
303431
303494
303574
303695
303753
303853
303888
304270
304273
304281
304526
304733
304804
305268
305348
305510
305569
305670
305679
305773
305862
305895
305938
306022
306081
306264
306304
306392
306642
306720
306794
306821
306901
306941
306965
307129
307218
307874
307909
308008
308288
308329
308414
308470
308504
308547
308610
308850
309061
309075
309190
309286
309353
309734
309813
309898
310135
310183
310201
310393
310560
310588
310593
310623
310785
310905
310924
311029
311032
311185
311199
311407
311534
311548
311594
311619
311658
311957
312210
312226
312396
312522
312784
312920
312981
313187
313223
313431
313638
313713
313788
313983
314063
314235
314299
314299
314308
314496
314586
314648
314667
314730
314822
315031
315043
315095
315132
315156
315209
315383
315565
315580
315698
315853
315857
315878
315889
316221
316250
316413
316502
316598
316648
316703
316760
316876
316887
317347
317579
317596
317602
317896
317913
317923
318098
318104
318124
318251
318295
318328
318380
318405
318673
319003
319005
319106
319131
319145
319341
319555
319618
319634
319634
319681
319691
319766
320022
320043
320085
320147
320254
320290
320550
320570
320579
320721
320756
320852
320855
320875
320976
320989
321093
321269
321278
321291
321293
321346
321347
321431
321494
321567
321835
321852
321915
322019
322103
322193
322261
322273
322595
322614
322620
322640
322670
322834
322861
323390
323724
323762
323785
323801
324006
324137
324163
324199
324243
324301
324348
324391
324463
324515
324573
324692
324793
324856
324956
325043
325156
325276
325709
325711
326065
326169
326242
326328
326503
326639
326812
326865
326896
326928
327152
327196
327205
327211
327302
327351
327356
327372
327456
327495
327617
327656
327725
328053
328117
328229
328348
328742
328745
328826
328927
328936
328939
328951
329011
329293
329312
329449
329726
329728
329760
329869
329963
330065
330089
330109
330127
330165
330209
330305
330414
330435
330574
330578
330751
330812
331040
331064
331131
331136
331164
331379
331475
331489
331514
332090
332176
332200
332221
332227
332237
332254
332386
332722
332751
332764
332857
332945
333045
333064
333169
333324
333552
333729
333886
334023
334150
334253
334360
334381
334442
334479
334496
334796
334813
334844
335085
335168
335407
335510
335543
335566
335604
335680
335715
335759
335770
336022
336078
336291
336378
336455
336511
336812
336853
337164
337185
337313
337356
337490
337523
337620
337624
337670
337802
337837
338058
338244
338248
338305
338324
338462
338477
338575
338784
338809
338885
338885
338945
338987
339269
339312
339340
339388
339532
339796
339805
339833
339860
339908
339992
340097
340169
340256
340261
340268
340282
340327
340442
340515
340522
340524
340700
340899
340991
341041
341246
341401
341429
341502
341536
341567
341613
341766
341767
341846
341970
342154
342232
342835
342893
342989
343043
343246
343314
343644
343646
343711
343722
343723
343811
343823
343854
344057
344059
344157
344209
344373
344413
344559
344588
344594
344812
344916
344959
344976
345181
345244
345292
345393
345403
345450
345591
345631
345774
345942
345955
346015
346135
346256
346295
346355
346363
346426
346529
346562
346737
346776
346806
346953
347015
347031
347064
347155
347361
347373
347430
347450
347510
347720
347746
347775
347787
347820
347861
348036
348227
348268
348291
348433
348573
348586
348656
348772
348789
348856
348972
348973
349022
349095
349254
349320
349356
349402
349419
349561
349646
349745
349756
349850
349883
349900
349964
350032
350051
350053
350151
350355
350507
350656
350685
350781
350837
350967
351060
351156
351166
351229
351311
351325
351368
351387
351454
351462
351797
351908
352121
352149
352184
352203
352220
352402
352434
352473
352483
352652
352656
352667
352714
352892
353017
353041
353130
353151
353216
353333
353443
353490
353564
353668
353746
354101
354125
354168
354223
354407
354408
354496
354508
354539
354585
354605
354739
354807
354840
355032
355117
355184
355222
355269
355274
355279
355303
355326
355556
355561
355565
355730
355774
355948
355981
355981
356126
356278
356328
356350
356385
356391
356590
356862
356866
356903
357186
357251
357374
357573
357608
357848
357964
358098
358124
358155
358333
358464
358478
358556
358562
358632
358644
358797
358824
358905
359137
359384
359909
360117
360173
360347
360367
360372
360442
360467
360484
360533
360562
360623
360983
361091
361579
361613
361892
361938
362033
362132
362162
362194
362239
362347
362415
362422
362431
362445
362713
362831
363006
363044
363177
363232
363238
363548
363634
363833
363905
364295
364690
364709
364847
364895
365155
365171
365174
365296
365366
365548
365553
365763
365811
366006
366061
366068
366271
366388
366427
366565
366589
366616
366693
366776
366994
367007
367062
367118
367185
367356
367392
367520
367596
367605
367697
367819
367882
368078
368156
368223
368263
368543
368563
368783
368947
368979
369050
369060
369213
369299
369314
369325
369333
369567
369648
369860
369874
369921
369983
370085
370685
370793
370898
370925
370948
371008
371051
371110
371136
371255
371412
371457
371500
371537
371562
371944
371950
371951
371952
372009
372080
372085
372133
372206
372411
372585
372602
372683
372759
372941
373012
373191
373331
373334
373548
373779
373952
374024
374328
374477
374494
374583
374612
374778
374867
374943
375120
375147
375168
375348
375394
375425
375540
375645
375685
375791
375796
375851
376164
376218
376250
376378
376442
376448
376657
376734
376756
376837
376932
377019
377035
377111
377400
377456
377481
377705
377724
377838
377887
377898
378056
378058
378074
378152
378164
378293
378544
378567
378572
378706
378799
378917
379054
379197
379216
379432
379661
379842
380029
380114
380186
380278
380435
380589
380591
380661
380741
380760
380820
380876
380944
380967
381023
381280
381317
381380
381571
381766
382066
382125
382172
382253
382422
382437
382442
382467
382774
382843
382876
383024
383109
383150
383319
383497
383650
383668
383688
383762
383975
384074
384177
384208
384456
384506
384692
384914
384977
385129
385166
385332
385359
385644
385671
385784
385940
385951
385983
386015
386029
386073
386109
386164
386234
386281
386363
386415
386741
386784
386795
386958
387006
387080
387170
387246
387322
387482
387502
387524
387563
387686
387690
387706
387830
387846
387857
388167
388173
388184
388204
388253
388264
388501
388510
388603
388608
388650
388757
389042
389056
389066
389077
389090
389261
389320
389469
389692
389716
389830
389837
389892
389987
389989
390043
390155
390180
390187
390198
390326
390414
390469
390568
390604
390731
390941
391086
391169
391370
391762
391783
392101
392139
392176
392273
392370
392390
392435
392528
392630
392669
392738
392767
392780
392780
392807
392834
393024
393160
393370
393449
393533
393570
393575
393615
393643
393710
393797
393798
393831
393833
394262
394268
394373
394507
394533
394558
394589
394614
394635
394647
394738
394754
394814
394842
394845
394859
395005
395039
395101
395177
395421
395654
395727
395859
396054
396074
396143
396173
396176
396202
396230
396239
396451
396520
396536
396631
397396
397457
397469
397797
397820
397853
397930
397965
398036
398045
398454
398603
398679
398950
398955
398987
399034
399140
399173
399413
399437
399474
399621
399706
399821
400111
400172
400224
400267
400302
400364
400431
400707
400711
400738
400904
400949
400967
400970
400987
401012
401115
401143
401207
401254
401277
401553
401580
401611
401794
401816
401822
401905
402016
402020
402149
402168
402384
402591
402595
402664
402753
402854
402997
403069
403263
403306
403363
403429
403789
403796
403812
403884
403975
403980
404169
404262
404296
404362
404431
404628
404650
404928
404967
405039
405110
405262
405373
405495
405522
405879
405963
406136
406192
406332
406353
406423
406436
406536
406624
406625
406801
406879
407240
407405
407430
407617
407651
407655
408029
408312
408313
408541
408659
408835
408845
408927
409000
409265
409363
409475
409581
409831
409855
409947
409973
410047
410275
410706
410836
410874
410894
410951
411145
411245
411248
411270
411344
411358
411381
411562
411804
411841
411922
412083
412152
412558
412584
412598
412774
412832
412851
412876
412881
413014
413366
413465
413601
413832
413880
413947
414123
414230
414321
414331
414362
414393
414422
414685
414795
414800
414809
414850
414861
414893
414967
414976
415012
415135
415140
415226
415595
415716
415801
415874
415958
415992
416018
416143
416251
416449
416580
416954
417050
417105
417262
417319
417435
417447
417660
417703
417762
417805
417821
417863
417951
418018
418193
418268
418322
418330
418343
418350
418606
418779
418878
419049
419137
419473
419525
419545
419563
419661
419762
419880
419933
419979
420028
420208
420245
420306
420508
420749
420771
420837
421090
421155
421222
421286
421362
421370
421457
421481
421758
421792
421935
422164
422219
422230
422286
422311
422680
422688
422689
422717
422720
422727
422945
422962
422997
423330
423516
423535
423537
423616
423728
423842
424099
424425
424505
424552
424658
424742
424783
425124
425152
425465
425595
425622
425690
425785
425785
425849
425954
426036
426197
426296
426374
426404
426520
426528
426621
426925
426961
427012
427365
427557
427732
427868
427886
428165
428247
428265
428339
428508
428536
428722
428834
428957
429209
429470
429587
430014
430053
430077
430119
430136
430241
430365
430887
430888
430911
431302
431404
431418
431422
431439
431447
431475
431483
431625
431647
431866
431956
431997
432003
432203
432228
432301
432429
432467
432608
432736
432893
432953
433004
433081
433094
433160
433276
433452
433690
433787
433949
433961
434253
434460
434556
434654
434881
434927
434989
435017
435046
435184
435235
435456
435469
435562
435598
435599
435642
435789
435796
435815
435832
435954
436043
436054
436094
436095
436165
436251
436368
436386
436524
436894
437088
437280
437310
437449
437498
437543
437618
437635
437647
437683
437756
437921
437932
437941
437953
438021
438407
438427
438428
438438
438553
438693
438731
438743
438747
438769
438840
438857
438885
438924
438940
439234
439406
439433
439442
439451
439475
439533
439558
439609
439679
439869
439975
440031
440122
440138
440215
440331
440440
440506
440524
440557
440642
440675
440710
440747
440785
440848
440874
440889
440951
441214
441280
441562
441597
441729
441786
441840
441843
441890
442074
442107
442110
442205
442214
442400
442543
442806
443083
443155
443179
443215
443229
443264
443405
443429
443472
443583
443954
443992
444059
444073
444101
444209
444240
444283
444283
444388
444499
444517
444525
444674
444968
445049
445071
445196
445385
445911
445929
446016
446048
446080
446091
446167
446285
446319
446347
446571
446581
446614
446663
446846
446852
447144
447187
447253
447403
447435
447501
447857
448153
448178
448233
448233
448276
448612
448616
448732
448770
448783
448862
449030
449052
449117
449154
449195
449208
449231
449385
449505
449506
449600
449664
449800
449880
449925
450154
450314
450365
450381
450706
450743
450850
450973
451057
451337
451371
451416
451700
451953
451974
452300
452372
452383
452472
452561
452593
452714
452917
453151
453181
453266
453912
454054
454178
454196
454377
454532
454541
454633
454650
454778
454982
455168
455279
455349
455503
455565
455653
455665
455824
455831
455863
456015
456061
456065
456097
456170
456379
456606
456628
456695
456739
456747
456763
456919
456939
456981
457123
457234
457366
457424
457460
457521
457572
457677
457973
458074
458105
458184
458268
458346
458351
458410
458707
458826
458936
459056
459417
459425
459452
459456
459496
459599
459700
459708
460043
460100
460122
460146
460181
460182
460209
460258
460431
460580
460580
460722
460839
460880
461030
461054
461209
461237
461298
461351
461425
461547
461651
461758
461772
461924
461957
462125
462212
462218
462366
462568
462585
462606
462689
462794
462796
462914
462915
462924
463005
463579
463608
463636
463659
463932
464017
464089
464093
464164
464456
464584
464652
464760
464770
464834
464956
465330
465412
465580
465836
466111
466150
466432
466514
466521
466645
466737
466834
466938
466976
467058
467086
467263
467329
467339
467394
467568
467796
467820
467912
468086
468105
468165
468174
468240
468363
468409
468491
468561
468585
468744
468755
468861
468930
468954
469080
469116
469133
469273
469387
469421
469462
469514
469648
469710
469793
469814
469816
470046
470217
470293
470401
470470
470522
470964
470969
471123
471134
471341
471351
471504
471515
471586
471654
471678
472102
472125
472231
472432
472663
472807
472811
472994
473203
473382
473465
473502
473556
473631
473649
473718
473796
473948
474037
474143
474289
474491
474622
474806
475098
475118
475161
475308
475622
475670
475727
475846
476060
476423
476480
476521
476589
476595
476669
477083
477097
477192
477275
477357
477435
477714
477779
478106
478135
478200
478317
478403
478416
478436
478475
478712
478786
478912
479238
479254
479273
479398
479601
479759
479961
480058
480059
480429
480511
480602
480643
480672
480858
480878
480986
481065
481102
481209
481509
481847
481880
482016
482116
482298
482492
482681
482781
482787
482830
482873
483047
483066
483077
483079
483089
483180
483211
483247
483281
483499
483612
483613
483821
483830
483847
483891
484106
484197
484197
484351
484641
484657
484854
485042
485200
485628
485641
485651
485686
485752
485892
486057
486138
486513
486561
486573
487089
487627
487701
487799
487821
487887
487947
487979
487982
488083
488195
488208
488224
488255
488277
488315
488338
488476
488514
488523
488856
489028
489218
489453
489461
489496
489533
489816
490020
490024
490119
490206
490228
490247
490259
490468
490471
490525
490556
490579
490887
490906
490918
490983
491118
491254
491274
491290
491416
491452
491508
491581
491747
491819
491835
491976
491987
492168
492248
492262
492298
492305
492422
492627
492638
492654
492710
492855
492911
493029
493071
493257
493276
493329
493492
493497
493504
493718
493854
493943
494095
494158
494209
494269
494315
494625
494848
494874
494918
494932
495037
495087
495123
495525
495624
495679
495774
495809
495939
496003
496071
496134
496279
496594
496934
496969
497141
497175
497221
497342
497359
497525
497567
497716
497851
497965
497969
498065
498231
498286
498329
498350
498364
498452
498532
498757
498773
498799
498963
499022
499105
499252
499274
499279
499310
499318
499328
499541
499575
499598
500109
500172
500328
500329
500360
500624
500664
500729
500791
501058
501147
501315
501318
501460
501496
501553
501796
501800
501923
501993
502030
502101
502206
502243
502575
502578
502582
502582
502737
502892
502952
503096
503219
503380
503649
503654
503782
503923
503931
503982
504039
504063
504150
504247
504251
504334
504340
504491
504525
504542
504730
504829
504909
504945
505022
505174
505184
505289
505696
505763
505944
506051
506159
506221
506224
506425
506503
506692
506776
506782
507317
507333
507381
507563
507595
507604
507727
507777
507793
507800
507881
507901
507945
507955
508006
508111
508130
508315
508331
508390
508483
508543
508578
509043
509169
509195
509331
509448
509611
509697
509891
510014
510026
510035
510086
510104
510137
510157
510190
510482
510536
510689
510761
510939
510986
511018
511122
511211
511214
511215
511233
511365
511544
511701
511743
511769
511836
511997
512046
512135
512145
512254
512309
512362
512407
512466
512501
512579
512593
512597
512628
512748
512783
512826
512893
512950
513057
513293
513325
513399
513484
513596
513636
513712
513764
513803
513810
514134
514167
514208
514268
514400
514470
514489
514584
514627
514764
514899
514912
514930
515073
515124
515162
515268
515453
515482
515494
515651
515652
515663
515735
515807
515818
515877
515968
516085
516314
516382
516443
516592
516650
516686
516758
516781
517023
517401
517504
517644
517857
517915
517972
517980
517998
518024
518127
518288
518350
518482
518518
518555
518714
518878
518943
518974
519459
519545
519595
519645
519674
519849
519907
520005
520046
520236
520281
520333
520345
520492
520508
520610
520651
520837
520840
520870
520904
520918
520951
521294
521442
521685
521771
521917
522043
522194
522300
522714
522739
522812
522853
522900
523016
523158
523221
523673
523716
523736
523918
524055
524068
524097
524112
524154
524327
524374
524809
524810
524989
525035
525057
525087
525144
525249
525256
525341
525389
525578
525579
525581
525622
525674
525723
525788
525795
525898
526057
526224
526455
526486
526580
526707
526711
527285
527311
527462
527470
527537
527609
527654
527676
527721
527889
527897
527980
528004
528173
528231
528314
528338
528366
528707
528781
528788
528856
528886
529283
529322
529398
529420
529435
529523
529655
529831
530054
530447
530606
531062
531127
531267
531446
531479
531481
531542
531624
531869
531954
532181
532226
532259
532311
532349
532432
532457
532528
532549
532672
532795
532886
532901
533202
533215
533271
533284
533373
533447
533570
533598
533642
533732
533807
533827
533914
533984
534098
534168
534170
534193
534213
534394
534625
534758
534779
535037
535056
535081
535082
535116
535503
535548
535581
535769
535915
535918
536011
536144
536159
536254
536307
536359
536415
536473
536529
536678
536778
536795
536874
536926
537150
537363
537376
537411
537473
537477
537503
537590
537635
537708
537770
537861
537878
538104
538193
538330
538422
538531
538638
538740
538773
538957
539158
539290
539502
539569
539603
539882
540075
540283
540410
540553
540604
540615
540645
540693
540755
540768
540994
541144
541177
541350
541356
541411
541641
541660
541732
541778
541852
541865
542029
542096
542317
542426
542507
542509
542543
542644
542692
542737
542759
542852
542903
542930
542931
543082
543156
543194
543369
543527
543596
543731
543739
543755
544066
544245
544329
544360
544414
544470
544499
544655
544817
544940
544949
545012
545028
545088
545143
545315
545933
545966
546223
546369
546401
546533
546576
546589
546645
546795
546939
546984
547021
547109
547144
547268
547365
547795
547798
547800
548013
548028
548139
548169
548294
548313
548506
548686
548862
549003
549072
549085
549152
549190
549322
549373
549566
549790
549874
550060
550156
550235
550380
550407
550448
550925
551126
551183
551193
551416
551460
551498
551510
551522
551592
551670
551674
551699
551786
551832
551846
551982
552112
552177
552312
552313
552424
552498
552595
552623
552645
552871
553071
553148
553168
553312
553581
553619
553685
553758
553817
553825
553909
553986
554095
554310
554386
554413
554701
554780
555240
555289
555532
555702
555709
555795
555945
555993
555996
556267
556383
556474
556485
556606
556663
556687
556706
556707
556870
556943
557034
557093
557101
557340
557432
557520
557710
557746
557904
557910
557942
558006
558084
558250
558292
558345
558353
558358
558473
558476
558510
558647
558677
558829
558874
558905
558940
559288
559439
559488
559528
559532
559581
559633
559635
559752
559767
559793
559860
559960
559994
560287
560323
560611
560713
560770
560772
561021
561136
561262
561430
561654
561907
561914
562033
562069
562187
562214
562420
562570
562632
562652
562653
562742
562746
562865
562964
562993
563160
563250
563335
563358
563436
563543
563597
563623
563935
563952
564063
564396
564415
564435
564493
564646
564769
564848
565139
565280
565285
565400
565420
566032
566060
566080
566166
566250
566328
566442
566443
566479
566516
566563
566819
566831
566844
566882
566937
567014
567024
567289
567388
567601
567664
567710
567790
567810
567844
567844
567879
567887
567941
568141
568276
568370
568423
568495
568524
568808
568960
569031
569080
569138
569145
569159
569197
569284
569352
569492
569548
569573
569632
569750
570144
570293
570318
570576
570577
570804
570988
571106
571181
571256
571335
571342
571385
571397
571513
571527
571554
571615
571753
571844
571875
571891
571970
572054
572108
572136
572168
572272
572381
572493
572580
572704
572741
572744
572937
573000
573196
573313
573333
573334
573372
573432
573453
573581
573857
573916
574006
574015
574191
574395
574423
574441
574454
574477
574589
574606
574670
574841
574913
575114
575154
575252
575387
575413
575414
575458
575747
575955
576025
576374
576539
576616
576728
576770
576818
576902
577225
577342
577429
577886
578070
578191
578369
578382
578632
578636
578650
578702
578708
578968
578974
579051
579092
579123
579367
579395
579404
579521
579680
579688
579706
579843
579862
580121
580230
580251
580275
580291
580408
580437
580547
580560
580612
580638
580685
580740
580779
580842
580959
581157
581266
581283
581322
581339
581498
581595
581626
581728
581778
581802
581889
582110
582361
582393
582682
582690
582736
582914
583077
583296
583307
583325
583445
583453
583605
583616
583886
583894
583917
583958
584064
584135
584520
584560
584566
584610
584695
584806
584847
584985
585205
585298
585525
585592
585705
585724
585725
585769
585791
585878
586160
586289
586321
586424
586488
586542
586803
586812
586936
586993
587033
587212
587245
587357
587390
587569
587601
587966
588009
588028
588058
588246
588318
588368
588571
588615
588703
588966
589087
589291
589321
589342
589434
589518
589633
589706
589789
589847
589957
589963
589989
590265
590283
590426
590449
590485
590507
590655
590674
590816
590821
590894
591030
591066
591265
591388
591405
591450
591457
591644
591776
591780
591817
591868
591965
592030
592110
592139
592144
592155
592161
592183
592195
592216
592264
592448
592450
592827
592850
592867
592946
593066
593084
593086
593210
593302
593496
593690
593724
593739
593790
594112
594117
594147
594366
594404
594579
594793
595222
595233
595283
595611
595644
595798
595981
596003
596022
596027
596250
596408
596741
596985
597046
597089
597101
597157
597282
597295
597351
597481
597662
597813
597878
598020
598044
598122
598123
598196
598211
598366
598476
598564
598575
598659
598667
598680
598919
599030
599035
599202
599240
599292
599330
599468
599507
599526
599555
599735
599945
599959
600009
600048
600178
600188
600411
600519
600548
600608
600662
600726
600817
600843
600969
601008
601116
601124
601274
601339
601394
601456
601520
601630
601652
601704
601704
601715
601885
601929
601947
601961
602024
602034
602076
602221
602226
602234
602270
602348
602572
602802
602824
602979
603035
603075
603259
603327
603404
603413
603577
603581
603589
603644
603674
603682
603756
603818
603888
604044
604089
604098
604115
604226
604390
604472
604627
604637
604698
604710
604886
604964
605181
605236
605313
605411
605461
605521
605524
605936
606020
606029
606035
606061
606134
606229
606253
606464
606675
606917
606928
607350
607497
607505
607516
607622
607809
607824
608532
608537
608555
608674
608688
608995
609007
609165
609202
609355
609360
609398
609482
609623
609669
609909
610067
610120
610308
610386
610392
610405
610432
610832
610851
610960
611035
611040
611092
611200
611282
611350
611385
611392
611448
611502
611604
611609
611704
611707
611811
611827
611952
612095
612343
612379
612410
612557
612622
612713
612914
612971
613018
613044
613205
613232
613248
613333
613455
613471
613505
613594
613602
613613
613644
613704
613788
613944
613987
614041
614100
614136
614233
614238
614248
614301
614339
614388
614438
614443
614747
614773
614938
614987
615119
615144
615399
615666
615716
615733
615750
615782
615868
615969
615974
616016
616049
616118
616142
616221
616253
616326
616379
616400
616414
616421
616440
616507
616583
616723
616889
616944
616972
617024
617108
617124
617153
617186
617354
617555
617897
617901
617909
617911
617960
618079
618115
618122
618188
618210
618231
618281
618333
618390
618561
618592
618640
618725
618753
618868
618941
619005
619085
619199
619207
619230
619235
619683
619691
619789
619821
619884
620066
620177
620346
620614
620649
620824
621008
621029
621067
621092
621240
621450
621722
621762
622059
622080
622108
622147
622189
622212
622261
622303
622745
623107
623198
623452
623586
623587
623595
623671
623731
623753
623854
623899
624112
624118
624151
624169
624220
624221
624271
624300
624377
624491
624496
624499
624605
624753
624767
624794
624880
624975
624979
625038
625070
625182
625312
625396
625461
625514
625534
625803
625828
625846
625888
625902
626189
626270
626294
626334
626427
626439
626813
626824
627100
627239
627342
627352
627777
627841
627994
628111
628204
628264
628312
628616
628714
628848
628867
628924
628933
628984
629040
629192
629193
629251
629277
629463
629465
629484
629491
629542
629584
629596
629603
629693
629788
629875
629972
630131
630235
630299
630411
630508
630620
631031
631165
631213
631222
631339
631341
631523
631664
631679
631723
631733
631744
631969
632068
632096
632254
632325
632346
632405
632444
632533
632573
632731
632764
632926
632958
633147
633159
633189
633321
633506
633630
633659
633701
633763
633781
633829
633945
634012
634087
634295
634478
634772
634777
634815
634859
634903
635132
635298
635600
635612
635614
635801
635940
636211
636278
636298
636383
636404
636587
636657
636906
636947
637072
637250
637559
637632
637747
637774
637796
637934
637983
638022
638135
638508
638640
638658
638700
638779
638983
639030
639043
639075
639129
639399
639459
639479
639497
639567
639574
639751
639755
640078
640113
640115
640118
640120
640144
640325
640354
640541
640812
640863
640873
641460
641503
641568
641797
641820
642011
642035
642074
642112
642326
642353
642438
642553
642633
642930
643121
643262
643294
643370
643519
643566
643580
643625
643689
643738
643810
643870
643915
644052
644108
644226
644321
644361
644387
644433
644549
644628
644628
644636
644763
644846
645010
645206
645229
645294
645432
645472
645473
645504
645592
645603
645900
646075
646181
646316
646373
646444
646457
646496
647079
647321
647575
647688
647844
647887
647988
648234
648438
648462
648625
648697
648858
648911
648988
649174
649183
649240
649272
649316
649356
649365
649452
649607
649704
649753
649767
649857
649885
649917
650008
650023
650299
650400
650407
650589
650832
651527
651649
651691
651710
651812
652123
652124
652143
652175
652196
652558
652648
652653
652721
652834
653171
653308
653413
653816
653835
653960
654066
654151
654210
654272
654377
654466
654771
654880
654937
654978
655228
655312
655352
655458
655529
655580
655687
655789
655963
656112
656256
656666
656879
656925
657066
657245
657410
657510
657785
657817
657837
657903
658121
658176
658185
658353
658461
658545
658785
658819
658924
658936
658985
658989
659099
659126
659463
659514
659717
660047
660095
660200
660256
660266
660502
660522
660539
660568
660583
660594
660643
660852
660864
660928
660961
660963
660971
661002
661162
661367
661601
661610
661670
661982
662044
662188
662188
662244
662333
662464
662474
662534
662639
662728
662793
662867
662916
663036
663041
663129
663367
663377
663472
663523
663652
663664
663700
663734
663953
664093
664366
664409
664490
664541
664599
664894
665023
665141
665177
665282
665410
665489
665567
665630
665651
665766
665928
666163
666244
666411
666715
666772
666779
666872
666985
667060
667177
667241
667442
667456
667580
667590
667602
667700
667702
667870
667932
667943
668017
668173
668608
668657
668665
668689
668738
668757
668937
669169
669205
669218
669255
669309
669560
669570
669577
669670
669743
669950
670205
670515
670582
670679
670779
670982
671056
671212
671283
671325
671464
671656
671685
671805
671911
672027
672188
672393
672415
672540
672683
672724
672770
672874
672907
672971
673107
673116
673145
673214
673254
673260
673303
673415
673433
673435
673738
673876
673905
673956
674019
674029
674138
674326
674458
674463
674465
674475
674524
674558
674782
674842
674908
674925
675039
675088
675103
675216
675324
675325
675901
675983
676418
676477
676564
676732
676888
676891
677001
677335
677432
677516
677740
677750
677917
678240
678385
678390
678895
678902
679024
679122
679186
679219
679348
679349
679427
679429
679584
679636
679664
679764
679839
680015
680268
680289
680675
680788
680810
680820
680823
680833
680874
681123
681149
681160
681190
681402
681459
681574
681800
682100
682144
682202
682271
682393
682469
682833
683092
683163
683219
683224
683236
683297
683327
683420
683616
683667
683683
683700
684155
684157
684211
684437
684484
684568
684579
684582
684636
684652
684717
684735
684918
685025
685434
685596
685622
685659
685778
685852
685948
685983
686171
686178
686182
686216
686253
686427
686442
686523
686602
686738
686812
687007
687103
687424
687430
687439
687588
687668
687678
687711
687732
687783
687858
687924
688070
688125
688214
688466
688470
688491
688684
689013
689237
689237
689246
689348
689473
689648
689706
689754
689948
689969
690095
690258
690306
690328
690440
690501
690528
690549
690684
690744
690753
690857
690977
690985
691024
691299
691516
691865
691873
691912
692014
692031
692122
692217
692378
692584
692610
692696
692822
693089
693207
693219
693479
693501
693590
693637
693758
693758
693899
694028
694130
694276
694406
694683
694745
694795
694828
694848
694963
695223
695230
695341
695521
695559
695685
695741
695778
695886
695957
696017
696100
696102
696178
696224
696591
696646
696779
696902
696912
696930
697085
697113
697405
697437
697478
697489
697650
697918
697949
697988
698061
698257
698280
698326
698377
698524
698677
698966
699102
699171
699177
699296
699334
699500
699515
699565
699655
699852
700029
700049
700090
700197
700412
700437
700567
700644
700847
700852
701093
701221
701244
701323
701354
701411
701710
701889
701896
701915
701922
702076
702112
702118
702199
702226
702439
702459
702682
702757
702854
702945
703012
703052
703091
703118
703147
703269
703387
703622
704149
704312
704547
704700
704786
704808
704845
704873
705064
705073
705150
705159
705289
705381
705565
705722
705830
705919
706069
706133
706235
706280
706511
706627
706649
706656
706673
706765
706778
706789
706877
706896
706910
706930
706978
707001
707165
707385
707691
707760
707781
707798
707804
708089
708135
708215
708306
708313
708537
708609
708721
708742
708806
708925
709096
709105
709115
709211
709256
709295
709468
709471
709530
709596
709672
709701
709848
709858
709867
709885
710080
710094
710142
710258
710372
710799
710810
710825
710924
710995
710997
711092
711131
711177
711216
711255
711333
711368
711770
711899
711917
712020
712049
712063
712162
712236
712247
712272
712334
712666
712717
712776
712868
713109
713145
713154
713156
713183
713300
713349
713355
713422
713475
713718
713833
713893
713902
713936
713969
714015
714100
714149
714163
714195
714265
714283
714459
714588
714637
714670
714788
714789
714935
714945
714986
715030
715108
715139
715434
715529
715546
715547
715653
715814
715854
715969
716144
716226
716233
716248
716274
716590
716597
716673
716727
716891
716995
717003
717030
717068
717076
717312
717596
717676
717686
717987
718112
718140
718262
718318
718475
718543
718662
718683
718723
718866
718873
718941
718977
719011
719108
719118
719177
719318
719351
719368
719426
719441
719457
719520
719525
719561
719753
719788
719838
719891
720151
720343
720364
720374
720418
720628
720759
720930
720981
721145
721398
721401
721507
721524
721658
721930
721977
722019
722065
722186
722459
722509
722539
722593
722735
722753
722775
722851
722920
722988
723029
723131
723170
723282
723666
723696
723798
723804
723865
723953
723961
724025
724142
724290
724292
724301
724374
724377
724464
724474
724506
724621
724843
724843
724875
724986
724994
725099
725231
725474
725488
725492
725502
725628
725633
725728
725820
726176
726283
726288
726352
726564
726635
726780
726889
726898
727195
727254
727262
727419
727517
727756
727841
727852
727867
727891
728010
728078
728270
728405
728726
728738
728747
728812
728998
729136
729297
729322
729486
729671
729977
730029
730295
730312
730361
730389
730625
730684
730690
730788
730799
730870
730912
731053
731087
731176
731198
731296
731502
731547
731634
732046
732058
732090
732254
732510
732563
732730
732774
732802
733021
733122
733276
733395
733428
733534
733579
733590
733636
733860
733893
733924
733937
734019
734117
734389
734704
734765
734769
734798
734887
734901
734943
734973
734998
735015
735060
735140
735342
735374
735450
735454
735511
735667
735759
735775
735946
735998
736201
736221
736222
736276
736316
736625
736946
736946
737054
737156
737374
737385
737385
737413
737482
737845
737854
738013
738071
738101
738124
738325
738381
738419
738835
738866
739019
739098
739148
739237
739279
739346
739411
739412
739512
739804
739882
739928
739967
740030
740372
740393
740449
740467
740467
740493
740559
740631
740653
740690
740708
740757
740802
740901
741025
741301
741324
741341
741778
741880
741926
742239
742379
742394
742554
742633
742732
742747
742782
742968
743019
743281
743289
743401
743710
743782
743940
744121
744125
744165
744243
744249
744424
744498
744726
744773
744895
744931
745214
745292
745535
745544
745545
745667
745669
745721
745724
745773
745792
745944
746131
746144
746210
746309
746366
746451
746451
746586
746852
746950
747004
747218
747256
747317
747408
747583
747884
748038
748110
748187
748195
748301
748749
749096
749291
749376
749414
749458
749502
749679
749750
749766
749994
750157
750174
750232
750359
750398
750536
750688
750790
751169
751193
751401
751425
751452
751570
751767
752069
752071
752273
752403
752427
752487
752506
752685
752798
752819
752862
752971
753026
753118
753148
753231
753235
753331
753392
753443
753465
753485
753516
753635
753714
753978
754073
754085
754146
754188
754202
754352
754467
754505
754535
754632
754702
754822
754843
755015
755243
755297
755382
755456
755522
755643
755648
755699
755761
755812
756111
756133
756259
756446
756497
756714
756802
756813
756910
756923
756959
757032
757097
757212
757291
757374
757378
757589
757654
757690
757703
757850
757946
758008
758217
758229
758238
758294
758343
758977
759152
759357
759650
759696
759834
760070
760157
760190
760291
760471
760546
760614
760665
760858
760874
760954
760971
761012
761183
761235
761349
761418
761503
761790
761884
761936
762009
762026
762082
762262
762471
762577
762587
762626
762834
762840
762878
762990
763055
763250
763274
763660
763683
763696
763704
763812
764001
764133
764154
764806
765272
765371
765419
765510
765536
765944
766208
766392
766433
766554
766616
766625
766633
766669
766724
766773
766831
766846
766861
766861
767028
767185
767206
767210
767229
767292
767551
767605
767898
768080
768135
768147
768211
768251
768348
768468
768484
768524
768969
769387
769522
769606
769679
769708
769856
769984
770051
770130
770148
770258
770360
770483
770907
771170
771298
771352
771358
771415
771518
771616
771617
771801
771868
772021
772110
772428
772464
772506
772542
772585
772731
772743
772784
772901
772929
773088
773132
773326
773351
773459
773528
773548
773615
773724
773871
774128
774179
774264
774323
774425
774494
774547
774821
774882
774925
774958
775074
775110
775145
775165
775290
775316
775353
775460
775755
775872
775875
776067
776245
776262
776603
776814
776897
776966
777351
777409
777434
777470
777657
778162
778203
778279
778384
778489
778499
778596
778685
778801
778937
779008
779030
779053
779080
779226
779239
779243
779392
779514
779529
779608
779657
779726
780204
780275
780281
780385
780424
780453
780521
780595
780611
780635
780793
780801
780860
780901
780933
781192
781290
781501
781556
781784
781826
781952
782028
782068
782153
782163
782167
782179
782311
782326
782445
782483
782580
782821
783058
783171
783212
783241
783310
783319
783381
783556
783633
783697
783962
784000
784006
784126
784166
784259
784513
784544
784553
784629
784631
784642
784761
785009
785126
785258
785423
785477
785824
785855
785976
786001
786111
786144
786157
786162
786255
786307
786312
786411
786685
786695
786701
786835
787191
787401
787523
787693
787829
787832
787959
788034
788177
788190
788278
788326
788343
788573
788600
788738
788837
788851
788877
788884
789016
789132
789151
789162
789219
789328
789418
789590
789629
789659
789959
789973
790194
790233
790301
790335
790563
790730
790855
791385
791469
791598
791644
791747
792171
792273
792399
792463
792702
792741
792859
793113
793148
793234
793378
793713
793896
794008
794022
794209
794227
794321
794413
794420
794646
794901
794927
795061
795293
795388
795389
795566
795614
795845
795940
795950
796057
796178
796333
796369
796443
796561
796570
796665
796716
796926
796971
797059
797407
797562
797723
797873
798181
798198
798232
798280
798304
798341
798366
798418
798530
798581
798713
798744
798875
799416
799486
799555
799595
799663
799749
799820
799831
799941
799945
800009
800059
800265
800265
800306
800488
800576
800760
800825
800912
800946
801036
801133
801217
801265
801268
801864
802036
802195
802427
802441
802448
802450
802527
802537
802642
802701
802726
802764
803105
803211
803500
803599
803646
803729
803746
803787
803974
803988
803992
804022
804031
804082
804187
804407
804437
804589
804637
804765
804800
804821
804906
805134
805444
805541
805624
805763
805870
805915
806091
806260
806392
806392
806425
806763
807084
807110
807330
807388
807450
807579
807590
807624
807639
807709
807771
807779
807975
808058
808154
808175
808282
808393
808407
808423
808477
808518
808543
808555
808781
808820
808880
808934
809040
809047
809182
809189
809217
809369
809472
809540
809595
809622
809720
809873
809884
809947
809974
810041
810230
810233
810622
810768
810833
810904
810918
810975
811035
811253
811255
811503
811601
811687
811707
811735
811822
811860
811874
811903
812299
812402
812522
812553
812755
812809
812847
812937
812950
813168
813374
813393
813448
813485
813531
813775
813808
814367
814438
814450
814497
814568
814615
814649
814664
814767
814816
814820
815206
815222
815238
815346
815360
815417
815687
815693
815720
815721
815825
815882
815978
816085
816163
816399
816653
816666
816708
816770
816802
816944
817191
817351
817385
817434
817649
817802
817965
818010
818056
818107
818320
818413
818423
818596
818851
818960
819060
819097
819261
819336
819534
819579
819720
819760
819996
820061
820209
820212
820255
820414
820512
820531
820642
820833
820856
820906
821228
821375
821539
821588
821764
821824
821962
822115
822174
822322
822393
822485
822493
822548
822557
822813
822901
823009
823215
823237
823457
823621
823718
823831
823886
823917
824030
824268
824303
824317
824369
824415
824455
824558
824563
824584
824758
824984
825033
825045
825241
825333
825497
825632
825647
825667
825687
825708
825767
825785
825790
825793
826130
826357
826441
826628
826835
826860
827067
827156
827175
827238
827322
827388
827415
827469
827498
827629
828315
828383
828486
828520
828578
828592
828672
829023
829064
829194
829314
829363
829489
829574
829711
829723
829783
829822
829848
829892
829931
829953
830068
830175
830234
830318
830328
830347
830855
830895
831001
831020
831079
831089
831314
831398
831449
831568
831776
831830
831933
832094
832138
832235
832318
832639
832759
832888
832925
833056
833133
833168
833182
833189
833198
833235
833379
833452
833572
833582
833814
833825
833927
833956
834072
834164
834165
834241
834386
834394
834446
834728
834978
835102
835107
835120
835240
835240
835607
835903
835929
835955
836031
836112
836157
836158
836307
836887
837012
837024
837060
837098
837132
837135
837285
837546
837654
837665
837712
837779
837980
838025
838049
838069
838394
838614
838623
838779
838820
838853
838972
839264
839439
839487
839504
839542
839657
839667
839992
840065
840245
840245
840254
840465
840468
840759
840769
840794
840947
841032
841077
841099
841112
841178
841229
841264
841357
841445
841521
841606
841640
841724
841774
841935
842104
842154
842393
842424
842754
842853
842910
843121
843319
843348
843389
843569
843628
843908
843940
844125
844224
844337
844410
844444
844462
844582
844751
844767
844772
844780
844790
844847
844847
844855
844861
844867
845018
845224
845328
845364
845370
845492
845626
845740
845764
845873
845956
846116
846125
846223
846245
846598
846802
846872
846891
847056
847420
847470
847612
847615
847787
847834
847895
847917
848109
848191
848342
848358
848372
848393
848580
848776
848842
849166
849191
849228
849276
849353
849374
849568
849595
849732
849838
849927
849992
850096
850150
850241
850642
850657
850712
850950
851016
851068
851162
851195
851387
851427
851472
851504
851545
851549
851554
851598
851629
851667
851689
851695
851724
851737
851771
851797
851834
851845
852192
852199
852204
852279
852599
852603
852643
852649
852656
852818
852954
853052
853246
853363
853395
853558
853625
853752
853793
853869
854150
854165
854205
854227
854472
854512
854546
854958
854995
855012
855045
855112
855250
855281
855506
855510
855558
855595
855599
855614
855687
855717
856127
856183
856205
856217
856366
856476
856584
856615
856633
856722
856731
856830
856859
857038
857082
857192
857290
857308
857447
857510
857533
857565
857566
857706
857716
857728
857862
857950
858083
858280
858480
858544
858602
858637
858665
858841
858911
858948
858977
859306
859318
859524
859567
859722
859727
859751
860002
860129
860233
860256
860278
860356
860395
860504
860935
861020
861261
861545
861671
861706
861719
861796
861805
861849
861949
862173
862180
862193
862209
862378
862410
862516
862564
862672
862791
862863
862898
862930
862939
863096
863203
863342
863508
863535
863621
863651
863652
863933
863935
864116
864440
864473
864474
864571
864630
864845
864861
865019
865135
865215
865333
865442
865484
865556
865800
865921
866254
866294
866323
866472
866716
866734
866790
866857
867032
867042
867089
867126
867133
867159
867309
867512
867523
867655
867674
867776
867795
867806
867982
868023
868042
868106
868180
868238
868288
868459
868708
868835
868864
868891
868936
869037
869055
869158
869294
869406
869632
869661
869743
869786
869806
869912
869981
870205
870235
870255
870580
870591
870643
870692
870783
870886
871099
871294
871304
871337
871346
871837
871874
871967
872126
872230
872314
872486
872704
872741
872750
872784
872962
873018
873178
873317
873350
873350
873511
873679
873828
873900
873903
874055
874101
874207
874279
874448
874463
874648
874651
874705
874720
874728
874738
874768
874885
874954
875081
875125
875159
875212
875351
875408
875421
875422
875526
875568
875706
876257
876265
876284
876317
876320
876463
876672
877016
877019
877171
877189
877439
877576
877676
877692
877911
877951
878224
878379
878392
878445
878676
878776
878845
878884
879158
879227
879240
879252
879447
879690
879708
879782
879811
880223
880241
880289
880723
880768
880836
881218
881274
881445
881604
881617
881782
881894
881912
881967
882055
882071
882104
882230
882331
882493
882860
883006
883007
883081
883113
883122
883160
883234
883468
883630
883698
883883
884264
884271
884332
884339
884433
884515
884684
884729
884897
884920
884921
885131
885281
885298
885382
885411
885467
885477
885749
885782
885785
886029
886056
886077
886270
886271
886283
886284
886347
886548
886827
886876
886894
886953
887031
887138
887213
887610
887698
887793
887800
887823
887903
887946
888015
888133
888160
888240
888242
888425
888536
888713
888766
889004
889072
889174
889252
889291
889328
889341
889443
889792
889851
890010
890041
890090
890210
890257
890310
890344
890694
890718
890752
890771
890879
891120
891283
891289
891295
891689
891772
891996
892198
892256
892259
892405
892680
892733
892763
892805
892849
892852
892856
893059
893304
893330
893338
893368
893398
893512
893630
894003
894195
894229
894739
894759
894937
894986
895245
895320
895325
895335
895361
895379
895474
895597
895765
895803
895976
896166
896184
896217
896298
896410
896827
896921
897004
897285
897355
897516
897768
897809
898029
898055
898130
898262
898283
898370
898441
898506
898523
898600
898719
898794
898892
899012
899038
899183
899246
899270
899289
899333
899382
899516
899565
899619
899664
899702
899757
899770
899880
900033
900066
900307
900491
900675
900712
900753
900766
901233
901315
901375
901437
901469
901472
901480
901500
901508
901768
901802
901817
901840
902005
902134
902167
902173
902231
902292
902339
902365
902382
902830
902898
903036
903053
903205
903265
903295
903453
903455
903506
903545
903644
904104
904152
904526
904570
904680
904907
904952
905142
905240
905247
905268
905320
905328
905366
905432
905443
905636
905649
905671
905692
905970
906100
906354
906499
906601
906739
906830
906866
906898
906928
907043
907180
907241
907252
907282
907327
907365
907427
907445
907492
907514
907589
907600
907931
907932
908099
908116
908142
908147
908203
908223
908532
908554
908642
908995
909144
909216
909400
909466
909644
909815
909853
909985
910094
910099
910432
910526
910532
910583
910753
910812
911063
911182
911219
911220
911275
911427
911620
911694
911777
911975
911997
912043
912094
912165
912501
912555
912684
912727
912744
912817
913023
913034
913106
913137
913177
913182
913239
913409
913640
913699
913738
913764
913815
914124
914390
914401
914576
914583
914725
914727
914768
914802
915162
915289
915322
915360
915877
916080
916082
916093
916247
916644
916994
917010
917101
917134
917159
917441
917476
917481
917568
917627
917661
917948
918067
918102
918185
918438
918459
918763
918881
918885
918922
919312
919328
919680
919720
919793
919927
920042
920057
920060
920103
920190
920249
920428
920448
920451
920494
920640
920669
920771
921013
921026
921440
921554
921561
921571
921577
921655
921975
921976
922046
922053
922219
922261
922278
922288
922655
922664
922667
922673
922708
922744
922782
922816
922958
922967
922992
923390
923472
923587
923600
923770
924142
924155
924170
924473
924669
924741
924764
925029
925597
925634
925828
925848
925871
925871
925895
925901
925911
925989
926011
926068
926097
926122
926247
926272
926295
926340
926387
927119
927222
927273
927359
927493
927552
927587
927795
927869
928187
928256
928319
928488
928566
928646
928823
928902
928956
928981
929119
929134
929633
929649
929652
929690
929865
930137
930209
930286
930307
930346
930408
930455
930665
930691
930915
930924
931031
931055
931083
931210
931244
931475
931607
931652
931685
931686
931896
931977
932041
932072
932177
932224
932250
932328
932413
932459
932539
932621
932788
932804
932850
932938
932957
932980
933038
933049
933327
933380
933512
933598
933971
934007
934031
934156
934164
934200
934281
934616
934656
934813
935072
935102
935144
935206
935389
935404
935606
935666
936075
936149
936408
936424
936539
936556
936570
936636
936746
936788
936916
937195
937284
937437
937566
937667
937780
937813
937838
937887
938017
938101
938239
938328
938377
938403
938637
938743
938914
938941
939118
939160
939192
939221
939347
939656
939738
939921
939925
939929
940272
940287
940310
940425
940436
940691
940730
940795
940872
940891
941103
941177
941347
941391
941392
941495
941629
941629
941711
941787
941870
941989
942184
942206
942285
942306
942324
942463
942502
942524
942837
942838
942978
943150
943212
943237
943341
943353
943380
943407
943408
943428
943676
943708
943968
943985
944117
944121
944179
944198
944223
944230
944234
944242
944243
944368
944464
944538
944568
944707
944713
944716
944716
944732
944782
944818
944869
944916
944922
944945
945057
945105
945175
945231
945248
945313
945353
945481
945618
945697
945729
945733
945737
945740
945744
945951
945982
946034
946081
946264
946599
946626
946693
946859
947129
947136
947153
947172
947393
947451
947510
947849
947863
947892
948149
948441
948479
948496
948565
948638
949052
949063
949125
949140
949273
949322
949458
949531
949586
949689
949830
950177
950243
950300
950552
950714
950715
950723
951016
951054
951153
951199
951493
951576
951670
952090
952098
952355
952446
952460
952631
952639
952664
952687
952926
952994
953116
953330
953433
953556
953797
953882
953972
954009
954105
954132
954396
954434
954507
954650
954655
954712
954786
954896
955572
955584
955737
955845
955850
955869
956139
956209
956213
956261
956311
956350
956392
956416
956715
956835
956922
956922
957098
957258
957271
957598
957635
957673
957822
957915
957958
957974
958100
958236
958804
959041
959117
959277
959330
959448
959531
959564
959694
959726
959808
959827
960067
960130
960340
960391
960587
960704
960922
961028
961041
961393
961638
961690
961789
961824
961836
962144
962162
962360
962423
962442
962487
962622
962771
962808
962823
962848
962963
963004
963058
963137
963363
963422
963780
963801
963852
963911
963920
963931
964070
964071
964314
964459
964461
964512
964560
964738
964937
965174
965332
965375
965412
965557
965965
966124
966237
966331
966395
966504
966526
966642
966739
966742
966778
966806
966850
966958
967071
967276
967313
967421
967510
967584
967777
967812
967896
968142
968308
968381
968496
968620
968719
968797
968880
968891
968935
968983
969068
969083
969249
969298
969301
969312
969443
969554
969744
969751
969758
969999
970000
970007
970058
970211
970232
970261
970529
970622
970768
970809
970962
971120
971334
971342
971781
971844
972065
972089
972093
972148
972157
972159
972162
972170
972238
972418
972504
972525
972568
972644
972738
972803
972987
973062
973358
973457
973461
973496
973571
973676
973943
974062
974076
974174
974452
974453
974460
974463
974508
974628
974870
974937
974983
975140
975283
975334
975400
975865
975883
975977
976019
976034
976040
976042
976045
976047
976049
976173
976278
976319
976345
976462
976993
977212
977243
977348
977542
977650
977690
977756
977905
977913
977985
978021
978270
978321
978547
978567
978711
978800
978862
978963
978977
979088
979269
979524
979648
979715
979749
979776
979791
979811
979880
980001
980151
980205
980257
980322
980367
980476
980621
980769
980783
980919
980978
981104
981107
981131
981225
981253
981275
981331
981385
981505
981627
981629
981670
981715
981836
982176
982260
982371
982398
982415
982449
982523
982553
982576
982640
982674
982787
982879
983106
983293
983336
983501
983546
983648
983830
983954
983964
983985
984096
984100
984268
984303
984311
984398
984595
984601
984642
984749
984799
984924
985132
985163
985204
985246
985387
985475
985707
985796
985878
985889
985946
985958
985963
985988
986069
986174
986436
986459
986505
986585
986589
986601
986770
986813
986868
986943
986989
987027
987129
987142
987190
987409
987425
987557
987616
987643
987691
987995
988059
988168
988203
988358
988366
988437
988484
988518
988663
988664
988709
988717
988835
988984
989031
989041
989070
989081
989476
989661
990026
990116
990158
990169
990272
990274
990396
990402
990425
990498
990674
990773
990869
991039
991171
991335
991378
991379
991409
991418
991461
991917
991925
992065
992124
992189
992396
992510
992708
992760
992833
992920
992922
992978
993122
993232
993312
993349
993351
993428
993504
993682
993724
993852
993866
993919
993950
994018
994265
994385
994646
994686
994704
994768
994807
995189
995208
995308
995341
995590
995763
995775
996013
996051
996111
996195
996302
996349
996375
996526
996638
996857
996921
996966
996999
997295
997358
997556
997724
997941
998003
998130
998196
998418
998482
998540
998547
998646
998767
998800
998859
998971
999084
999127
999312
999356
999373
999446
999459
999591
999638
999668
999703
999733
999821
999891
