-99404
-98623
-97188
-97113
-97062
-97023
-96637
-96088
-96048
-95875
-95617
-95592
-95329
-95100
-94981
-94943
-94710
-94268
-94184
-93861
-93747
-93695
-93634
-93511
-93431
-93281
-93270
-92439
-91816
-91278
-91258
-91005
-90763
-90696
-90485
-90317
-90049
-89450
-89161
-88440
-88377
-88108
-86923
-86120
-85567
-85190
-84788
-83831
-83083
-82913
-82477
-82412
-82406
-81260
-80879
-80269
-79756
-79737
-79443
-79377
-79346
-79213
-79197
-78554
-78523
-78475
-78469
-78174
-78043
-78010
-76749
-76472
-76393
-75859
-75399
-74926
-74858
-74601
-74372
-74341
-74301
-74233
-72371
-72173
-71890
-71447
-71288
-70912
-69094
-68909
-68388
-68319
-68221
-67640
-67531
-67500
-67006
-66886
-66877
-66876
-66737
-66182
-65477
-65246
-65080
-64711
-64439
-64303
-64224
-63989
-63843
-63322
-63315
-62992
-62960
-62107
-62032
-61187
-59896
-59736
-59132
-58326
-57848
-57594
-57565
-57099
-56913
-56502
-56209
-56188
-56070
-55937
-55810
-55651
-55332
-55247
-54934
-54844
-53732
-53629
-53370
-52456
-51684
-51478
-50786
-50778
-50754
-50396
-50087
-49580
-49308
-48916
-48512
-48153
-47849
-47121
-47099
-46239
-46167
-46115
-45712
-45311
-45308
-44672
-44631
-44586
-44499
-44018
-43986
-43914
-43871
-43818
-43580
-43254
-43066
-42953
-42775
-42771
-42418
-42030
-41490
-41247
-40576
-39947
-38806
-38182
-37985
-37633
-37307
-37132
-36805
-36738
-36598
-36198
-36010
-36007
-35579
-35454
-35183
-33398
-32719
-32553
-32511
-31765
-31634
-31147
-30687
-30600
-30508
-29788
-29674
-29367
-29319
-28926
-28525
-28326
-28271
-28042
-27964
-27807
-27741
-27152
-27009
-26934
-26891
-26667
-26511
-26407
-26343
-26314
-26163
-26138
-25815
-25499
-25462
-24404
-23876
-23585
-22610
-21640
-21303
-20988
-20803
-20207
-20189
-20167
-20077
-20050
-19708
-19675
-18818
-18523
-18494
-18347
-18180
-17595
-17535
-17519
-17042
-16695
-16627
-16361
-16303
-15474
-14939
-14879
-14750
-14354
-14090
-13751
-13613
-13561
-13121
-12694
-12590
-12300
-12186
-11938
-11270
-11249
-11150
-9379
-8633
-8490
-8479
-8366
-8326
-7779
-7681
-7642
-7517
-7399
-7256
-7036
-6911
-5713
-5500
-5246
-4932
-4828
-4616
-4591
-4437
-4229
-3882
-3002
-2979
-2665
-2395
-2152
-1968
-1531
-1486
-1428
-1174
-1065
-1054
-835
-237
914
1212
2004
2436
2635
3615
3832
4037
4071
4128
4647
5436
5569
5589
5693
5762
6377
6485
6538
6829
7471
7578
7599
7800
7974
8129
8313
9869
10535
10588
10636
11322
11466
11832
11992
12119
12175
12224
12566
12759
13081
13974
14423
15235
15292
15630
15748
15765
16554
17377
17576
17579
18025
18132
18247
18411
19255
19672
19835
20575
20885
21096
22074
22227
22620
23188
23197
23390
23392
23614
23885
23971
24204
24823
24838
24866
25213
25244
25357
25568
25604
26160
26194
26270
26287
26579
26635
26766
27168
27627
27646
27729
28481
28565
28893
29270
30456
30625
30715
30817
30886
31021
31246
31398
31697
32533
32600
33048
33211
33387
33599
33716
33722
33727
34064
34190
34198
34504
34622
35005
35084
35093
35148
35651
36133
36418
37138
37381
37396
37918
38451
38811
39555
39695
40806
40981
41342
41461
41996
42193
42242
42253
42375
42832
43026
43414
43676
43855
44828
44989
45256
45467
45890
46035
46082
46298
46490
46708
46731
46859
47121
47260
47711
47812
47881
48013
48201
48241
48324
49015
49454
49825
50079
50355
50433
51079
51830
51848
51852
51963
52078
52135
52239
52244
52816
53122
53157
53910
53911
54011
54086
54129
54477
54508
54653
55048
55098
57102
57134
57204
57261
57281
57778
57817
58008
59276
59773
59802
60109
60248
60273
60464
60597
61864
62245
62558
62890
64143
64687
64914
65520
65615
65841
66021
66084
66287
67010
67427
67658
67719
67996
69207
69229
69704
69912
70035
70356
70450
70473
70589
70850
70903
71167
71185
71843
72775
72864
73278
73292
73566
73740
73857
74157
74541
74558
75202
75429
75465
75469
75654
75694
76146
76462
76499
76571
77197
77284
77300
77766
77852
77978
78103
78280
78401
78459
78503
78690
78840
79013
79093
79131
79152
79354
80083
80194
80403
80492
80591
80849
80959
82080
82181
82206
82237
82662
82946
83175
83619
83927
84230
84870
85180
85240
85786
86334
86358
86690
86900
86954
87076
87130
87321
87476
88821
89541
89573
89858
90163
90371
90444
90522
90986
91275
91622
92390
92862
92953
93184
93311
93730
93917
94446
94780
95900
95964
96205
96361
96589
96621
96707
96864
97329
97602
97787
98214
99371
99550
100842
100885
101127
101462
101527
102209
102384
102419
103197
103731
104130
104771
105365
105440
105460
105551
106072
106212
106308
106803
106860
106927
107510
107721
108089
108446
108475
108547
109101
109316
109348
109766
110217
110435
110968
111123
111124
111333
111829
111881
112130
112240
112357
112557
112814
113586
113973
114368
114772
114922
115319
115340
115358
115419
115605
116125
116949
117171
117802
118035
118420
118626
118662
118939
119246
119585
120037
120113
120459
120931
121398
121406
121508
121554
121824
121831
122546
122633
122764
122813
124401
124722
124954
125199
125244
126375
126404
126526
126660
128963
129218
129380
129849
130786
130801
130924
131321
131335
131508
131659
132484
133415
133482
133944
133970
134449
134779
135063
136142
136326
136723
136852
137186
137247
137656
138130
138719
139132
139237
139382
139403
139456
139487
140397
140755
141084
141171
141501
141627
141675
141759
141982
142428
142552
142698
142925
143026
143153
143209
143957
144113
144235
144484
145457
145619
145701
145790
145861
146754
146824
147355
147410
147835
148030
148040
148190
148538
148942
148989
149923
150048
150072
151219
151228
151370
151573
152186
152339
152992
153219
153403
153544
153642
153653
153762
153809
154970
155790
156125
156149
156333
156357
156397
156480
157184
157532
158129
158209
158744
159177
159404
159517
159837
159885
159989
160048
160559
160940
161555
161755
161820
162191
163191
163807
164319
164585
164768
164892
165097
165982
166140
166627
168644
170357
171276
171360
171489
171588
171636
172072
173382
173875
174982
175469
175792
176028
176527
176608
176979
177221
177719
177791
178157
178174
178593
178932
179011
179350
179562
179958
180101
180213
180330
180672
180792
181045
181441
181444
181950
182114
182486
182498
183508
183587
183687
185355
185962
186298
186809
187151
187261
187820
188262
189195
189236
190056
190208
190599
192100
192168
192650
192719
192747
193157
193921
194128
194226
194373
194738
196203
196227
196657
196690
197521
197570
197872
198021
198460
198558
198922
199013
199034
199076
199637
200114
201329
202379
203473
203684
203942
204029
204228
204846
205924
207220
207774
207852
207937
208029
208199
208455
209392
209692
210063
210092
210358
210787
211655
212221
212406
212614
212964
213740
213797
214772
215506
215856
216181
216661
216688
217293
217687
218143
218381
218483
218493
218990
219322
219494
219511
219555
219619
220753
221158
221289
221308
221331
222035
223122
223862
223948
224037
225198
225200
225783
225878
225911
226781
226835
227342
228800
229223
229327
229847
230152
230199
230747
230988
231347
231799
231822
232263
232611
233331
233487
233662
234338
234347
234506
234629
234759
236019
236573
236744
237085
237306
237870
237972
238244
239282
239580
239936
240010
240374
240543
242559
242589
242794
243426
244970
245237
245633
245648
245721
246565
246713
247455
247626
247950
248056
248255
248301
248582
249192
249211
249730
249840
250035
250324
250360
250835
250944
251138
251180
251272
251340
252380
252504
253081
253589
253809
254254
254270
254589
254595
255195
255713
256514
256547
257123
257676
257736
258223
258239
258611
258737
258743
258975
259295
259548
259856
260415
260551
260933
261452
261672
261963
262242
262439
263007
263518
263826
264603
264612
264640
264808
265538
266953
267741
268283
268544
268917
269329
269471
269509
269579
269894
270603
271078
271558
271681
271752
271763
272254
272327
272873
273021
273271
273293
273432
273867
274146
274254
274650
274946
275170
275312
275858
276163
276362
277021
277110
277504
277602
278908
279148
279429
279566
279595
279685
279958
280186
280267
280299
280307
280659
280908
281032
281415
281545
282256
282271
282823
283466
283634
283945
284432
285468
285893
287444
288409
288483
289108
289250
289565
289843
290014
290590
290640
290987
291234
291550
291569
292009
292126
292147
292208
292458
292520
292874
292999
293030
293066
293416
293532
293635
293860
293929
294236
294508
294610
295226
295870
296064
296210
296285
296727
296868
297435
297701
297780
297801
298565
298927
299123
299393
300340
300712
301378
301823
302127
302401
302657
302663
302755
302846
302974
303060
303174
303197
303365
303797
304485
304584
304669
305152
305508
305715
306284
306341
306841
307040
307052
307095
307245
307303
307393
307464
307517
307780
307884
307986
308428
308987
309360
310174
310415
311223
311296
312545
312662
312725
313311
313404
313547
313611
313650
313710
313880
314323
314706
314981
315530
315596
315883
316068
316165
316280
317046
317232
317447
318174
318509
318646
318700
319296
319796
320132
320819
321015
321560
321775
322114
322122
322267
322461
322598
322678
322757
323351
324301
324510
325298
325348
325546
325869
325976
326272
326578
326746
326929
327195
327267
327648
327867
328060
328312
328640
328788
328884
329135
329203
330726
330746
330866
331937
332123
332168
332281
332387
332634
332688
332702
332771
333263
333947
334179
334272
334714
335444
335527
335953
336080
336094
336439
336570
336921
337392
337661
337947
338505
338661
338697
338950
342246
342359
342430
342906
342976
343257
343710
344123
344125
344151
344221
344308
344777
344854
345094
345425
345806
346069
346229
346603
347078
347749
347799
347866
348459
348511
348824
349009
349038
349103
349202
349522
349789
350088
350499
350805
350812
351183
351608
351852
352408
352463
352525
352904
353204
353928
354586
354695
355512
356021
356492
357032
357622
357819
357950
357996
358367
358581
359031
359153
359238
359308
359404
359416
360075
360281
360348
360359
360513
360998
361134
361236
361488
361543
361559
361641
362063
362590
362678
363626
363760
363777
363884
363997
364475
364845
365744
365836
366719
366825
367048
367360
367666
369221
369368
369458
369873
370512
370604
370706
370938
371397
372515
373340
373819
373879
374267
374454
374808
374967
375762
376025
376997
377084
377334
377398
378101
378673
378743
378760
379154
379821
380022
380847
381039
381281
381342
382105
382509
382580
382646
382746
383046
383215
383351
383880
383966
384555
385415
385614
385877
386472
386722
387642
387840
388371
388677
388681
389422
389699
389771
390028
390036
390206
390435
390473
390683
390728
392191
392728
392745
393005
393237
393379
393448
393546
393650
393944
394293
394553
394573
394893
395171
395953
396522
397044
397089
397456
398231
398337
398579
398987
399370
399380
399729
399756
400001
400206
400719
400721
400777
401883
401941
402473
402565
402874
402963
403175
403513
403625
404085
404202
404686
404990
405282
405305
405552
405648
405683
405956
405991
406150
406181
406483
406662
406778
407225
407486
407760
407827
408875
410249
410303
410490
410499
410872
411569
411847
411987
412520
413072
413364
413636
413877
414388
414756
414854
415225
415409
416030
416340
416371
416372
416481
417294
417454
417649
417943
418004
418142
418174
418284
419187
419460
419994
420211
420798
421112
422940
422976
423243
423316
423473
423738
424077
424318
424697
425302
425710
426145
426241
427291
427783
427849
428457
428546
428804
428889
429337
429698
429876
430690
431369
431499
431611
431936
432304
432524
432968
433579
434584
434963
434996
435392
435557
435772
436410
436689
436854
437231
437496
437596
437718
437757
438169
438198
438282
438915
439269
439471
439589
439608
439842
440452
440677
441997
442404
442532
442657
442706
443012
443513
443573
444091
444198
444363
444709
445376
445830
446215
446719
447344
447718
448380
448594
448714
448803
448884
448921
449121
449214
449388
449468
449573
449680
450464
450712
450815
451003
451117
451488
451960
452129
452522
452587
452965
453276
453362
453699
454267
454753
454950
455580
455626
455989
456145
456189
456712
456754
456945
456976
457048
457209
457237
457690
457749
457858
457866
457904
457963
458171
458256
458932
459785
460417
461549
461860
462475
462820
463109
463442
464120
465306
466299
466516
466535
467101
467720
467824
467977
468483
468907
469888
470324
470340
470507
470806
471012
471047
471562
471879
471967
472192
472242
472456
472963
473819
474479
474802
475749
475887
476139
476182
476617
476715
476787
477041
477606
478091
478305
478653
478706
479389
479402
480101
480211
481573
481844
482153
482159
482782
482824
482951
483145
483372
483762
483799
483889
483966
484191
484231
484602
484752
484913
485125
485212
485523
486117
486878
486934
487098
487255
487298
487500
487843
487952
488020
488211
488295
489233
489559
490114
490602
490711
491181
491230
491271
491523
491703
491735
491923
492087
492524
492559
492579
493215
494413
494975
495021
495527
495708
496174
496591
496622
497329
497383
498070
498414
500100
500339
500476
501113
501771
502072
502800
503166
503435
503900
504050
504718
504827
505305
505343
505621
505775
506388
506474
506533
506593
506942
506973
507619
507660
507699
507780
508454
508953
509477
509513
509546
509649
510013
510297
510334
510518
510823
511279
513121
513138
513792
513918
514052
514095
514101
514311
514699
514799
514884
515641
516024
516031
516091
516230
516357
516529
517369
517691
518428
518436
518448
518654
519314
519376
519596
520110
520423
520440
520897
521694
521961
521988
522117
522333
522447
523111
523386
523487
523824
524185
524239
524331
525914
525942
526493
527242
527257
527272
527479
527815
527870
528142
528546
528871
529158
529230
529271
529531
529675
530511
530617
530656
530853
531059
531324
532218
532276
532290
532291
532701
532782
532796
533139
533143
533639
533818
534239
534616
534814
535126
535408
536002
536105
536696
536789
538286
538379
538448
538928
539389
539587
540312
540390
540750
541258
541342
541722
541769
541892
542059
542831
542876
543088
543135
543585
543944
544204
544533
544718
545134
545538
545980
546333
546889
546932
547129
547762
548239
548672
549398
549441
549705
549912
550352
550415
551078
551157
551332
551421
551757
552405
552784
552947
553699
554259
554449
554608
556454
556868
557099
557116
557343
558442
558521
559584
559814
559966
560279
560305
560387
560390
560523
560908
561423
561945
562197
562992
563009
563249
563458
563463
563633
564400
564618
564940
565125
565131
565140
565231
565677
565932
566097
566280
566318
566638
566764
566909
568503
568655
568867
569042
569138
569194
569690
570536
570625
570627
570797
570996
571054
571540
571807
571988
572039
572614
572813
572835
573301
573422
573866
574052
575675
576858
576898
576981
577656
577658
577674
578062
578275
579125
579507
579664
579682
579846
581123
581412
581498
582379
583749
584016
584423
585428
585576
586850
588305
588446
588836
589648
589938
590361
590926
591135
592213
592426
593474
593967
594774
594955
595266
595294
595635
595739
595907
596336
596842
596917
597366
597403
598478
598589
598889
599708
600121
600185
600308
600862
601160
601530
601787
602232
602252
602590
602991
603029
603113
603972
604973
605242
605587
605803
606416
606474
606925
607080
607173
607677
608118
608414
608556
608639
609041
609047
609068
609139
609188
609487
609555
609928
610785
610790
610803
611201
611213
611345
611505
612503
612661
612910
613026
613105
613508
613973
614141
614563
615545
616036
616584
616668
616684
617557
617767
617833
618237
618287
618878
618952
619331
619400
619960
619988
620384
621116
621132
621190
621379
621941
622125
622126
622131
622157
622826
622920
623022
623927
624193
624312
624834
625274
625482
626269
626490
626620
626662
626802
626861
627374
627417
627953
628148
628175
628388
628395
628405
629071
629162
629229
629271
629301
629320
630364
630380
631072
631342
631848
632247
632364
632687
633076
633328
634492
634521
634639
635635
635712
636038
637271
638603
638625
638677
638782
639615
639634
639966
640667
640900
640963
641016
641051
641548
641642
642213
642349
642990
643174
644016
644311
644901
645256
645287
645327
645791
646126
646259
646500
646625
646641
646656
646715
648019
648042
648479
648582
649433
649576
649587
649682
649945
650076
651225
651660
651840
653862
654111
654408
654670
654778
654829
656311
656316
656542
657790
658049
658489
658614
658975
659776
660348
660368
660563
660917
661057
661085
661112
661141
661529
661937
662656
662964
663090
663395
663558
665229
665284
665369
666018
667334
667610
667776
668291
668379
668416
668436
668631
669389
670027
670438
671216
671284
671555
671600
671617
672165
672636
673306
673423
673783
673800
673821
674590
674765
674776
675569
675775
675803
676393
677033
677406
677673
677997
678238
678484
678624
679352
679698
680223
680450
680478
680570
680667
681133
681262
681766
681846
681874
682617
682643
683349
683473
683563
683632
683993
683999
684493
684671
684786
684808
685020
685440
685701
685780
686008
686210
686400
686413
687014
687251
688046
688190
688228
688438
688700
689200
689221
689454
689895
690197
690268
690605
690728
691030
691068
691272
691420
691430
692187
692627
692677
693057
693313
693647
693779
693961
694504
694546
694591
695129
695172
695590
695618
695989
696085
696942
697026
697725
697940
698643
699132
699570
699591
699716
699913
700356
700453
700485
700736
700962
700997
701751
701812
701897
702044
702198
702374
702408
702765
702929
703217
703256
703285
703562
703924
703988
704407
705359
705639
705709
705753
705997
706123
706262
706784
707336
707574
707751
708126
708211
708492
708993
709186
709416
709629
709742
710530
710967
711337
711438
711581
713155
713252
713897
714004
714040
714144
714342
714868
714949
715238
715730
715920
716265
717074
717395
717841
718138
718235
718960
719118
719588
719696
719829
720827
720920
721061
721327
721781
721945
722736
723588
723621
724561
724638
724808
725415
725478
726471
726516
726733
726825
727057
727216
727301
727429
727569
727928
728673
729338
729937
730162
730176
730211
730358
730829
731471
732158
732695
733066
733121
733199
733264
733271
733452
733802
734023
734045
734072
734432
734723
735122
735405
735562
737105
737163
737877
737928
738022
738492
738882
739303
739427
739914
740021
740155
740298
740455
740806
741431
741490
742290
742638
742765
742992
743337
743435
743644
744235
744534
744573
744943
745196
745690
746127
746194
746433
746667
746883
747973
748000
748100
748458
748575
749236
749788
749935
750234
750583
751102
751135
751353
751383
752795
752928
753180
753427
753823
753841
754029
754043
754160
754279
754605
754615
754869
754933
755389
755493
755621
756034
756038
756198
756199
756267
757104
757307
758582
758787
758795
759152
759164
759839
761096
761157
761425
762278
762394
762603
762723
762870
763010
763479
764050
764745
765220
765493
765693
765693
765744
765864
765941
765954
766100
766863
766896
766898
767711
768102
768106
768281
768441
768525
769177
769254
769461
769516
769801
770279
770557
770958
771525
771716
771849
772160
772177
772283
772422
772448
772488
772638
772795
773002
773024
773639
773848
774497
774564
774869
774924
775216
776327
776395
776547
776679
776735
776843
776850
777364
778020
778894
779494
779586
779665
779846
779854
779965
779979
780148
780847
780945
780949
781191
781238
781262
781474
781494
781663
781949
782056
782129
782191
782655
782712
783803
783820
783925
784040
784433
784462
785024
785213
785247
785661
786022
786228
786252
786554
786565
786746
787156
787156
787234
787563
787833
787860
788016
788079
788752
789292
789324
789370
789539
789871
790918
791229
791421
791992
793858
793890
794302
794565
795266
795505
796453
796722
797305
797341
797490
797541
798417
798916
798928
799162
799856
799981
800247
800541
800630
800771
801517
801724
802082
802424
802623
802713
803062
803510
803545
803697
804152
804601
804748
804803
804909
805251
805294
805473
805803
806047
806388
806641
807257
807378
807475
807721
808282
808347
808919
810372
810427
810841
810884
811280
811995
812468
813355
813355
813472
813679
814280
815003
815352
815484
815717
815909
816137
816508
816835
817099
817599
817903
817977
818168
818649
818703
818861
819561
820158
821136
821156
821191
821240
821877
822398
822688
823122
823270
823393
823772
824048
824088
824124
824286
824548
824555
824675
825039
825174
825205
825311
825313
825535
825690
825995
825997
826342
827288
827637
827670
828305
828462
828703
828871
829297
829746
830092
830522
830572
830693
830948
831093
831410
831676
831927
831992
832136
832242
832290
832414
832671
833295
834155
834717
835345
835499
835512
835921
836063
836165
836346
836416
837164
837324
837355
838095
838488
838550
838838
839858
840036
840406
840646
840683
841631
841867
842015
842410
842433
842479
842954
843260
844073
845978
846593
846642
847542
847843
848307
848581
848774
848792
848847
850139
850262
850295
850518
850617
850743
851159
851732
851951
852115
852121
852206
852228
852496
852728
853018
853138
853343
853374
853934
854103
854147
854375
854489
854970
855097
855385
855515
855739
856360
856513
857449
857567
857576
858474
858696
859437
859690
859752
859800
860352
860456
860476
860746
861455
861524
861712
861938
862569
862870
863812
863961
864812
864926
865397
865993
866117
866556
866700
867215
867240
867730
868557
868680
869035
869336
870167
870259
870365
870655
870813
870889
871483
871665
872065
872568
872659
873011
873151
873246
873328
873404
873707
873941
874497
874820
875917
876316
876352
876381
876485
877306
877352
878179
878227
878748
878780
879074
879409
879776
879899
880273
880395
880398
880523
880893
881128
881306
881636
881980
882333
882391
882439
882666
882909
882922
882941
882965
883279
883400
883771
885087
886754
886844
887522
887643
887802
887881
888092
888161
889428
889665
889826
890811
891017
891252
891266
891730
892176
892301
892439
892497
893363
893507
893564
894181
894212
894438
894748
894768
894958
895440
895498
895632
895928
895962
896230
896275
896386
897182
897583
897671
897883
898660
898679
898862
899319
899365
899625
899955
900373
900632
900828
901319
901351
902381
902391
903135
903219
903427
903490
903571
904000
904105
904680
905105
905112
905689
906348
906657
907749
908190
908225
908823
908922
909319
909379
910912
911045
911201
911554
912379
912667
913301
913529
914286
914409
914741
914983
915159
915306
915395
916177
916609
916693
917356
917659
917756
918026
918596
919050
919439
919573
919600
919658
920392
921137
921258
921603
923048
923477
924499
924673
924727
925538
926131
926204
926787
927301
927443
927626
928064
928335
929308
929909
930492
930698
930729
931725
932953
933473
933675
933792
933819
933862
934325
934460
934657
935028
935525
935642
935705
935863
936117
936457
936853
937197
937397
937588
938706
939159
939558
939565
939848
940127
940761
941581
941669
941783
942131
942476
942550
943063
943198
944039
944289
944378
944563
945525
946357
946364
946687
946881
946970
947087
947146
947238
947348
947558
947683
947794
947875
948035
948355
948719
949568
950777
950828
951365
951634
951668
952474
952777
952835
952914
953539
953721
953789
953857
954089
954192
954579
956144
956282
956424
956995
958063
958681
959660
959705
960134
960286
960346
960605
960712
961107
961629
961808
962000
962156
962328
962356
962573
962735
962959
963205
963288
963422
963922
964619
965085
965158
965252
965563
966519
966648
966884
967498
967734
967861
967885
968968
969137
969822
969826
970444
971036
971186
972172
972731
972772
973696
973793
973953
974403
974482
974875
974885
975002
975258
975864
975966
977097
977511
977514
977970
978142
978461
979026
979103
979133
979694
979716
979902
980275
980704
980983
981279
981322
981360
981900
981900
982206
982217
982311
982366
982524
983307
983867
984833
984901
985443
985856
986156
986232
986285
986358
986419
986485
987943
988074
988338
988565
988881
988999
989085
989234
989327
989427
989955
990558
990765
991034
991094
991254
991755
992190
992249
992401
992724
993486
993784
994555
994832
995012
995089
995186
995839
996323
996588
997012
997298
997324
997381
997466
998013
998689
998827
999291
999894
999920
