-96742
-96343
-86608
-69387
-62992
-59219
-58767
-58731
-55339
-50203
-49560
-38176
-32466
-22725
-21149
-16553
-2923
17312
39592
66274
91670
91734
92528
94520
96265
110987
129141
131419
136991
139110
155240
155503
158948
168610
176430
196051
198845
202068
206098
207868
208638
209880
217608
227291
250192
252264
253595
262347
265000
268669
272313
278449
287933
290571
292561
297903
302936
322558
323745
337146
341413
350647
367249
368970
372453
375462
396720
397953
399286
414703
420506
431829
461116
473667
474995
498601
499168
525848
537502
540628
541477
542078
542955
547364
560607
563027
564478
566273
574176
601493
623737
624910
633660
636630
666180
668093
668986
676629
686149
686779
692531
692946
701023
718137
720415
721000
728084
735527
755065
760006
765613
782278
782283
785461
799421
799658
806018
815005
827034
828004
853307
857959
865446
869459
872966
873737
878244
880283
883562
905081
905412
947349
956465
956670
963343
968159
972267
986649
993269
