-99975
-99852
-99796
-99747
-99743
-99519
-99386
-98877
-98789
-98776
-98713
-98636
-98496
-98409
-98305
-98254
-98200
-98170
-98077
-98018
-97925
-97869
-97829
-97736
-97569
-97530
-97426
-97328
-97311
-97278
-97220
-96870
-96828
-96704
-96580
-96552
-96481
-96424
-96232
-96104
-96041
-96000
-96000
-95914
-95587
-95489
-95394
-95358
-95282
-95279
-95227
-95179
-95073
-94953
-94952
-94620
-94522
-94338
-94295
-94094
-94014
-93987
-93986
-93830
-93797
-93749
-93716
-93643
-93569
-93290
-93269
-93051
-92894
-92851
-92774
-92740
-92631
-92622
-92562
-92433
-92306
-92233
-92091
-92023
-91877
-91630
-91395
-91315
-91292
-91196
-91180
-91101
-91079
-91050
-90901
-90828
-90793
-90781
-90756
-90611
-90458
-90456
-90387
-90131
-90025
-89989
-89939
-89834
-89765
-89751
-89583
-89545
-89540
-89405
-89300
-89219
-89206
-89071
-89011
-88941
-88625
-88491
-88479
-88469
-88369
-88301
-88263
-88260
-87963
-87828
-87826
-87772
-87597
-87491
-87377
-87302
-87153
-87150
-87076
-87043
-86977
-86962
-86875
-86654
-86576
-86255
-86217
-86148
-86148
-86044
-86001
-85812
-85722
-85453
-85009
-84958
-84917
-84644
-84644
-84520
-84518
-84483
-84476
-84363
-84075
-83804
-83622
-83547
-83291
-83121
-83045
-83028
-82829
-82829
-82690
-82659
-82658
-82313
-82067
-81892
-81750
-81619
-81580
-81441
-81349
-81215
-81143
-81141
-81109
-80995
-80967
-80916
-80700
-80566
-80192
-80033
-79861
-79796
-79781
-79470
-79411
-79364
-79335
-79299
-79224
-79109
-79078
-79020
-78986
-78923
-78852
-78479
-78412
-78126
-78030
-77960
-77916
-77904
-77900
-77807
-77735
-77724
-77444
-77302
-77293
-77147
-76831
-76752
-76603
-76540
-76488
-76483
-76430
-76393
-76371
-76168
-76068
-75978
-75938
-75812
-75796
-75567
-75560
-75541
-75332
-75246
-74892
-74881
-74869
-74457
-74155
-74028
-73918
-73652
-73180
-73155
-73003
-72913
-72551
-72349
-72269
-72205
-72029
-71977
-71937
-71826
-71498
-71415
-71404
-71336
-71265
-71227
-71151
-71044
-71015
-70970
-70604
-70446
-70407
-70241
-70184
-70169
-70125
-70066
-70029
-69891
-69868
-69705
-69607
-69496
-69328
-69100
-68991
-68957
-68770
-68751
-68619
-68601
-68533
-68058
-67864
-67730
-67668
-67546
-67454
-67302
-67218
-67127
-67034
-66950
-66928
-66822
-66811
-66640
-66608
-66230
-66181
-66112
-66043
-65960
-65905
-65880
-65833
-65760
-65372
-65350
-65291
-65224
-65196
-65067
-64960
-64745
-64646
-64646
-64491
-64439
-64258
-64241
-64173
-63834
-63705
-63461
-63431
-63331
-63271
-63260
-63247
-63210
-63199
-63125
-63109
-62879
-62851
-62817
-62804
-62752
-62743
-62410
-62168
-62093
-61806
-61671
-61401
-61229
-61213
-61141
-61111
-60948
-60766
-60760
-60621
-60599
-60540
-60303
-60240
-60238
-60223
-60033
-59881
-59689
-59621
-59603
-59498
-59449
-59191
-59111
-59089
-58946
-58845
-58772
-58769
-58602
-58481
-58360
-58308
-58104
-58034
-58018
-58013
-57926
-57855
-57648
-57308
-57159
-57039
-56985
-56952
-56782
-56774
-56686
-56539
-56467
-56414
-56346
-55997
-55797
-55724
-55644
-55426
-55291
-55257
-55227
-55042
-54707
-54652
-54633
-54502
-54323
-54310
-54272
-54240
-54168
-54061
-53848
-53801
-53714
-53563
-53500
-53298
-53277
-53176
-53075
-53035
-52798
-52796
-52791
-52686
-52622
-52616
-52609
-52572
-52549
-52437
-52386
-52292
-52184
-52021
-52001
-51881
-51720
-51649
-51567
-51502
-51429
-51383
-51327
-51281
-50933
-50733
-50585
-50557
-50434
-50183
-50000
-49900
-49785
-49752
-49696
-49573
-49456
-49170
-48789
-48606
-48578
-48535
-48216
-48198
-48093
-47970
-47780
-47554
-47476
-47412
-47330
-47167
-47148
-47012
-46940
-46911
-46798
-46620
-46612
-46360
-46244
-46216
-46175
-46028
-45968
-45877
-45718
-45713
-45589
-45571
-45450
-45317
-45034
-44966
-44901
-44875
-44750
-44690
-44554
-44538
-44522
-44505
-44406
-44397
-44361
-44277
-44218
-44185
-43851
-43781
-43669
-43593
-43584
-43417
-43254
-43056
-43026
-42962
-42923
-42899
-42767
-42716
-42599
-42558
-42523
-42503
-42443
-42432
-42396
-42380
-42188
-42122
-42016
-42013
-41877
-41876
-41853
-41848
-41626
-41568
-41273
-40969
-40870
-40572
-40519
-40484
-40177
-40166
-40093
-40084
-39980
-39970
-39832
-39729
-39709
-39617
-39481
-39383
-39204
-39094
-38971
-38961
-38867
-38811
-38704
-38527
-38271
-38199
-38062
-37997
-37971
-37873
-37503
-37355
-37192
-37079
-37033
-37033
-36986
-36838
-36709
-36656
-36383
-36226
-35966
-35950
-35914
-35849
-35715
-35610
-35548
-35441
-35153
-35108
-34944
-34748
-34694
-34583
-34397
-34252
-34116
-34114
-34070
-33997
-33918
-33906
-33750
-33750
-33632
-33621
-33480
-33474
-33185
-32991
-32946
-32917
-32903
-32870
-32821
-32721
-32654
-32632
-32628
-32627
-32561
-32509
-32266
-32100
-31687
-31445
-31441
-31349
-31251
-30669
-30634
-30561
-30510
-30392
-30263
-29974
-29907
-29832
-29630
-29349
-29336
-29234
-29229
-29014
-28999
-28824
-28740
-28164
-28132
-28117
-28033
-27981
-27728
-27669
-27381
-27365
-27012
-26855
-26806
-26753
-26747
-26736
-26724
-26540
-26394
-26323
-26289
-26264
-26045
-26008
-25975
-25954
-25925
-25905
-25789
-25652
-25381
-25312
-25215
-25205
-25199
-25094
-24971
-24518
-24514
-24495
-24345
-24232
-24051
-23969
-23825
-23810
-23722
-23505
-23494
-23464
-23322
-23245
-23166
-23083
-23073
-23066
-23000
-22981
-22886
-22866
-22847
-22712
-22670
-22208
-21832
-21804
-21780
-21664
-21622
-21503
-21485
-21394
-21243
-21168
-20997
-20908
-20835
-20778
-20287
-20171
-20161
-19804
-19784
-19608
-19474
-19387
-19101
-19057
-18789
-18787
-18712
-18588
-18557
-18556
-18440
-18424
-18236
-18031
-17944
-17725
-17628
-17503
-17273
-17220
-17096
-17078
-17062
-17055
-16993
-16979
-16911
-16727
-16403
-16245
-15923
-15923
-15913
-15888
-15636
-15610
-15500
-15480
-15378
-15344
-15271
-15204
-15197
-15139
-15134
-15071
-15055
-14911
-14793
-14788
-14757
-14746
-14609
-14599
-14566
-14491
-14455
-14450
-14386
-14300
-14232
-14216
-14185
-13942
-13923
-13834
-13821
-13524
-13520
-13177
-13137
-13113
-13087
-13047
-12994
-12880
-12867
-12825
-12598
-12591
-12457
-12425
-12189
-11938
-11908
-11799
-11634
-11414
-11063
-10860
-10791
-10633
-10500
-10350
-9892
-9727
-9671
-9616
-9487
-9247
-9121
-9103
-8819
-8667
-8660
-8445
-8344
-8282
-8268
-8119
-8078
-8066
-7993
-7953
-7825
-7793
-7504
-7394
-7340
-6893
-6789
-6754
-6677
-6493
-6463
-6330
-6307
-6271
-6231
-6145
-6082
-5782
-5729
-5663
-5503
-5377
-5361
-5331
-5305
-5253
-5086
-4975
-4857
-4705
-4427
-4396
-4303
-4173
-4016
-3975
-3684
-3671
-3580
-3552
-3551
-3475
-3433
-3407
-3375
-3372
-3098
-3072
-3009
-2926
-2760
-2582
-2552
-2538
-2143
-2117
-2016
-1882
-1843
-1590
-1488
-1324
-1314
-1263
-1253
-1160
-931
-618
-616
-406
-399
-123
12
42
70
124
257
363
364
599
599
639
850
937
1046
1384
1436
1528
1619
1635
1646
1731
1969
2062
2106
2272
2300
2558
2611
2727
2806
2994
3009
3053
3316
3538
3644
3804
3903
3917
3981
3981
4064
4118
4295
4298
4332
4407
4466
4763
4810
4857
4896
5203
5257
5330
5372
5573
5589
5659
5671
6072
6152
6163
6278
6370
6409
6540
6548
6577
6659
6678
6776
6816
6872
6940
6970
7014
7138
7160
7190
7226
7249
7261
7324
7388
7721
7726
7743
7793
7813
7838
7853
8022
8123
8159
8303
8430
8655
8808
9096
9164
9834
10052
10179
10205
10271
10402
10562
10662
10675
10691
10757
10761
10772
10819
10887
10910
11044
11073
11089
11154
11209
11297
11299
11367
11374
11391
11514
11811
11949
12196
12282
12355
12358
12366
12714
12786
12824
12923
13118
13263
13290
13297
13350
13398
13427
13624
13711
14081
14165
14348
14397
14421
14423
14463
14543
14564
14688
14705
14723
14727
14964
15203
15212
15589
15662
15715
15815
15847
15962
15989
16046
16104
16127
16389
16397
16648
16688
16814
16961
17048
17093
17268
17434
17779
17920
18062
18075
18112
18125
18240
18245
18251
18300
18302
18612
18931
18933
18998
19089
19125
19171
19229
19259
19297
19380
19382
19443
20000
20201
20254
20363
20397
20498
20531
20573
20672
20796
20826
20884
20945
21103
21130
21175
21465
21632
21661
22033
22110
22156
22183
22295
22307
22318
22355
22386
22411
22504
22640
23136
23362
23413
23470
23672
23933
23952
24145
24224
24357
24366
24434
24453
24487
24635
24650
24683
24718
24722
24816
24824
24847
24855
24880
24954
25018
25044
25049
25050
25116
25279
25537
26143
26443
26775
26802
26855
27294
27358
27404
27489
27789
27917
27928
28119
28321
28430
28440
28552
28573
28598
28764
28826
28879
28962
28999
29034
29227
29426
29458
29468
29849
30032
30112
30263
30272
30504
30524
30572
30675
30780
30808
30812
30863
30865
30869
30890
30900
30905
30951
31081
31111
31403
31404
31616
31638
31728
31924
32062
32181
32194
32198
32520
32679
32683
32698
32712
32876
33136
33205
33291
33316
33342
33504
33615
33757
33808
33865
34079
34202
34257
34275
34292
34470
34478
34574
34630
34653
34661
34776
34814
34882
34885
34930
34952
35003
35109
35112
35142
35338
35420
35459
35485
35590
35656
35660
35959
35970
36117
36121
36282
36344
36368
36467
36573
36804
36940
36998
37369
37399
37538
37639
37755
37821
37850
38145
38286
38290
38303
38335
38423
38495
38516
38531
38644
38966
39108
39267
39269
39290
39297
39769
39811
39841
39892
39929
39955
40121
40144
40156
40735
40934
41093
41222
41523
41541
41595
41839
41890
42273
42288
42304
42340
42389
42429
42688
42968
43005
43030
43055
43197
43219
43362
43468
43528
43559
43635
43769
43821
44000
44092
44104
44116
44132
44227
44257
44303
44307
44468
44587
44685
44701
44818
44840
44909
44910
44929
44934
44946
44985
45183
45189
45377
45470
45481
45663
45744
45920
45955
45958
46081
46128
46214
46239
46376
46491
46625
46641
46651
46822
46825
46944
46976
47408
47624
47756
47792
47871
48190
48277
48699
48704
48709
48732
48883
48990
49022
49491
49627
49675
49741
49762
49768
49772
49800
49847
50162
50286
50467
50826
51108
51162
51243
51315
51410
51533
51593
51661
51662
52212
52284
52407
52512
52748
52778
52823
52835
52884
52982
52988
53203
53341
53348
53394
53410
53455
53457
53640
53649
53762
53821
53844
53881
54032
54126
54205
54218
54291
54548
54595
54748
54759
54845
55079
55246
55420
55603
55677
55894
56398
56455
56544
56649
56651
56655
56780
56882
57047
57180
57202
57215
57280
57456
57520
57877
57926
57997
58046
58109
58147
58167
58428
58437
58666
59099
59131
59298
59304
59338
59534
59809
59978
60078
60088
60344
60367
60574
60596
60628
61117
61197
61550
61620
62022
62039
62093
62132
62168
62266
62380
62516
62520
62744
62959
62999
63060
63143
63227
63308
63643
63656
63787
64277
64377
64388
64388
64734
64849
64917
64958
65160
65202
65313
65458
65505
65523
65616
65639
65728
65890
66044
66075
66207
66276
66643
66644
66663
66843
66948
67077
67099
67109
67204
67208
67249
67417
67441
67493
67517
67618
67623
67793
67797
67820
67925
68001
68123
68250
68517
68545
68560
68598
68696
68730
68892
68978
69067
69260
69265
69690
69810
69870
69947
69959
69966
70112
70158
70314
70357
70505
70654
70746
70814
70853
70904
71020
71272
71438
71582
71744
71908
72129
72132
72145
72192
72276
72305
72353
72836
72925
72994
73139
73154
73216
73268
73313
73639
73818
73858
73885
74098
74101
74238
74335
74711
74728
74823
75463
75523
75643
75664
75772
75787
76072
76196
76270
76357
76437
76628
76675
76770
76779
76879
76949
77022
77061
77103
77296
77529
77937
77976
78199
78242
78414
78441
78454
78496
78505
78590
78665
78684
78705
78745
78826
79031
79162
79293
79621
79835
79877
80170
80263
80389
80402
80592
80598
80705
80722
80764
80849
80953
81013
81015
81117
81213
81318
81397
81486
81593
81595
81846
81967
82057
82366
82372
82396
82488
82530
82551
82605
82660
82699
82713
82796
82890
83085
83185
83251
83289
83413
83644
83724
83769
83863
83871
83897
84030
84057
84081
84204
84310
84355
84376
84413
84421
84510
84574
84589
84598
84672
84855
84962
84965
85018
85179
85425
85682
85683
85728
85791
85973
85978
85982
86087
86234
86305
86503
86518
86519
86547
86597
86619
86710
86750
86756
86832
86900
86926
86944
87212
87349
87349
87646
87673
87774
87778
87966
87990
88052
88153
88369
88439
88907
88988
88992
89043
89346
89416
89614
89745
89922
89924
89993
90017
90127
90129
90188
90211
90233
90396
90416
90452
90860
91161
91289
91321
91466
91736
91818
91944
92087
92831
92844
92912
93022
93144
93208
93308
93373
93570
93645
93785
93863
93988
93994
94317
94500
94565
94723
94752
94779
94999
95032
95038
95269
95406
95533
95783
95793
95899
96028
96122
96224
96278
96278
96315
96367
96654
96744
96998
97145
97170
97259
97373
97413
97489
97511
97675
98050
98177
98214
98330
98359
98595
98635
98666
98672
98709
98762
98925
99140
99200
99211
99239
99409
99412
99429
99434
99467
99473
99481
99555
99597
99669
99755
99907
99922
100068
100219
100223
100267
100294
100333
100455
100491
100713
100828
100869
101401
101415
101534
101573
101596
101611
101666
101725
101782
101855
101977
102175
102231
102320
102360
102507
102508
102581
102688
102863
102916
103197
103398
103468
103514
103514
103612
103686
103865
103877
104085
104135
104156
104197
104333
104432
104478
104634
104696
104717
104753
104778
104857
104950
105000
105268
105291
105506
105517
105690
105830
105843
105881
106018
106233
106344
106382
106701
106784
106879
106916
106988
107130
107185
107202
107257
107319
107338
107430
107568
107704
107755
107789
107863
107882
107974
107994
108129
108321
108342
108555
108739
108742
108987
109029
109072
109104
109108
109300
109386
109695
109910
109995
110046
110083
110102
110135
110155
110182
110352
110553
110733
110978
111018
111102
111183
111214
111250
111250
111337
111397
111404
111475
111677
111729
111803
111803
111850
111890
111965
112019
112174
112273
112289
112313
112378
112504
112547
112606
112698
112806
112853
112983
113001
113051
113078
113454
113460
113627
113636
113690
113935
113969
114132
114266
114372
114444
114474
114691
114702
114716
114734
114905
115148
115331
115520
115523
115567
115776
116030
116143
116269
116356
116480
116577
116718
116785
116935
116952
117036
117148
117352
117519
117566
117601
117691
117702
117931
117952
117967
117994
118108
118174
118262
118436
118477
118940
118959
119040
119189
119340
119451
119542
119885
120042
120346
120411
120429
120479
120698
120732
120780
120781
121127
121246
121304
121343
121351
121404
121446
121705
121721
121909
122042
122065
122156
122174
122627
122681
122839
122863
122946
123025
123127
123180
123382
123449
123471
123545
123590
123615
123750
123838
123899
124132
124247
124306
124319
124334
124433
124467
124583
124591
124692
124714
124737
124774
124811
124840
124914
124948
125083
125163
125179
125407
125425
125562
125901
126092
126128
126139
126187
126233
126408
126679
126882
127085
127193
127304
127384
127442
127502
127732
127778
127950
128090
128341
128396
128440
128446
128570
128643
128715
128780
128882
128936
128943
128959
128981
129108
129256
129271
129304
129315
129319
129324
129338
129413
129559
129575
129645
129783
129842
130001
130122
130168
130210
130233
130323
130403
130441
130508
130633
130652
130890
130929
131059
131154
131167
131170
131219
131237
131270
131296
131405
131511
131543
131596
131642
131740
131926
132212
132216
132316
132329
132349
132353
132431
132540
132565
132646
132699
132755
132809
132839
132853
132976
133040
133082
133261
133287
133319
133359
133376
133412
133637
133749
133799
133931
133970
134033
134139
134194
134223
134309
134424
134459
134548
134695
134700
134709
134722
134777
134818
134918
134940
134941
135033
135093
135151
135216
135237
135459
135653
135708
135848
135991
136011
136127
136397
136408
136586
136639
136781
136798
136799
136807
136849
136912
136990
137002
137007
137073
137119
137157
137232
137432
137752
137798
137820
137879
138008
138158
138323
138446
138555
138573
138721
138807
138821
138823
139003
139143
139163
139428
139480
139565
139615
139619
139689
139726
139770
139777
139832
139895
140332
140442
140502
140729
140750
140838
140872
141002
141014
141197
141267
141295
141336
141638
141657
141796
141878
142142
142153
142229
142233
142247
142298
142504
142712
143072
143114
143120
143189
143220
143441
143747
143752
143830
144010
144118
144178
144182
144252
144267
144267
144352
144381
144432
144466
144472
144493
144495
144660
144737
144760
144804
145105
145360
145743
145749
145779
145786
145828
145965
146100
146148
146369
146476
146487
146679
146846
147026
147184
147311
147464
147516
147560
147639
147787
147807
147849
148120
148156
148190
148227
148259
148446
148579
148621
148833
148858
148876
148925
149098
149124
149170
149188
149308
149429
149431
149758
149863
149888
149961
150011
150298
150341
150395
150467
150555
150610
150703
150855
150869
150962
151070
151110
151256
151348
151551
151795
151803
151825
151829
151849
151876
152054
152272
152390
152411
152775
152841
152922
152923
153075
153343
153467
153566
153604
153671
153720
153812
153865
153920
153945
154339
154457
154578
154627
154634
154666
154692
154766
154843
154933
155017
155041
155225
155305
155324
155334
155621
155773
155873
155904
155975
155983
156079
156093
156176
156301
156401
156444
156483
156685
156692
156703
156838
156947
156964
157014
157196
157200
157336
157362
157381
157415
157467
157610
157752
157778
157799
158269
158340
158510
158633
158799
158853
158919
158976
159062
159120
159123
159225
159280
159422
159443
159460
159471
159510
159774
159987
160052
160145
160170
160343
160380
160393
160438
160440
160565
160664
160685
160761
160955
161022
161048
161183
161387
161415
161550
161655
161736
161780
162024
162106
162178
162289
162571
162608
162665
162806
162826
162846
162888
162889
162892
163116
163147
163158
163317
163362
163369
163416
163769
163963
164048
164061
164232
164341
164392
164484
164665
164747
164768
164778
164820
164837
164886
164918
165011
165051
165128
165202
165219
165387
165389
165393
165403
165461
165528
165662
165698
165726
165726
165772
166050
166075
166219
166339
166411
166817
166924
167033
167056
167327
167523
167583
167757
167844
167966
168054
168054
168096
168273
168706
168715
168863
168907
169114
169184
169260
169273
169290
169352
169354
169388
169397
169474
169495
169513
169934
170151
170380
170508
170672
170728
170849
170896
170911
170996
171033
171459
171997
172107
172242
172243
172245
172247
172258
172391
172483
172692
172744
172759
172837
172976
173023
173065
173150
173313
173408
173470
173488
173500
173543
173557
173640
173666
173892
173932
174011
174098
174099
174129
174235
174316
174345
174462
174495
174533
174561
174643
174674
174871
174877
174949
175207
175281
175354
175354
175387
175391
175393
175673
175703
175781
175841
175842
175985
175999
176078
176164
176257
176258
176458
176485
176535
176789
176905
176978
177138
177187
177196
177316
177342
177409
177477
177753
177813
177827
177841
178211
178287
178411
178411
178413
178495
178569
178573
178760
178826
178955
179023
179410
179525
179626
179646
179743
179839
180024
180206
180246
180295
180537
180798
180939
181091
181112
181252
181297
181439
181582
181649
181691
181748
181759
182118
182159
182209
182251
182527
182571
182993
183034
183076
183098
183155
183425
183532
183614
183812
183835
184003
184091
184187
184338
184430
184618
184755
184779
184847
184895
184956
185054
185082
185149
185522
185707
185722
185733
185780
185803
186373
186610
186651
186677
186692
186749
186786
186846
187022
187413
187567
187577
187637
187688
187730
187733
187744
187801
187827
187902
187931
188116
188213
188580
188597
188604
188829
188987
188992
189059
189285
189301
189450
189710
189761
189786
189940
190255
190366
190388
190511
190515
190570
190576
190578
190792
190837
190919
191089
191166
191190
191206
191215
191221
191323
191417
191507
191573
191608
191611
191615
191617
192017
192037
192039
192086
192161
192213
192247
192285
192321
192465
192488
192735
192827
192833
192834
192873
192964
193142
193167
193291
193435
193710
193817
193833
193875
193975
194128
194538
194708
194720
195169
195215
195268
195409
195435
195516
195525
195737
195826
195906
195976
196199
196222
196259
196324
196342
196370
196439
196497
196684
196784
196799
196961
196998
197127
197278
197483
197618
198078
198097
198153
198276
198291
198448
198485
198685
198707
198933
199008
199120
199120
199212
199447
199601
199641
199684
199930
199974
200081
200260
200334
200341
200360
200544
200679
200912
200997
201124
201161
201218
201288
201560
201571
201711
201719
201747
202153
202187
202346
202363
202487
202494
202504
202610
202692
202943
202946
202952
202956
202994
203063
203083
203098
203162
203195
203337
203339
203362
203490
203507
203514
203701
203824
204048
204240
204370
204532
205039
205127
205376
205448
205530
205634
205648
205650
205794
205803
205839
205997
206004
206026
206123
206217
206501
206545
206655
206716
206723
206803
206895
206911
206996
207047
207057
207184
207250
207299
207401
207533
207623
207789
207895
208058
208066
208125
208168
208223
208225
208465
208591
208619
208671
208754
208841
208929
208970
209007
209008
209057
209095
209173
209420
209455
209878
209896
210161
210526
210604
210607
210645
210763
210790
210800
211100
211155
211586
211822
211930
212015
212065
212068
212296
212437
212487
212612
212763
212776
212790
212844
213024
213198
213323
213418
213494
213564
213698
213787
213837
213914
214131
214278
214302
214317
214574
214657
214747
215149
215311
215393
215492
215565
215589
215601
215671
215947
216070
216124
216205
216284
216412
216506
216559
216598
216620
216771
216919
216933
216985
217138
217286
217311
217342
217437
217525
217535
217632
217654
218029
218063
218096
218335
218340
218407
218449
218497
218520
218592
218834
219092
219411
219414
219422
219768
219790
219803
219828
219848
219943
219979
219982
219991
220029
220044
220045
220162
220383
220422
220424
220490
220509
220519
220586
220682
220695
220724
220786
220816
220834
220984
221016
221171
221184
221226
221246
221323
221509
221645
221793
221795
221797
221809
221957
221983
222056
222057
222142
222205
222297
222483
222512
222609
222815
222866
222888
222955
223201
223253
223414
223432
223450
223511
223594
223696
223974
223992
224032
224167
224180
224196
224222
224491
224633
224724
224751
224889
225034
225081
225139
225246
225329
225353
225436
225486
225559
225720
225912
226096
226159
226322
226327
226417
226498
226566
226583
226737
226819
226845
227014
227096
227145
227272
227375
227383
227584
227835
227923
227939
227990
228045
228184
228523
228665
228682
228813
228861
228884
228929
229018
229118
229121
229122
229180
229186
229236
229387
229388
229411
229503
229526
229542
229543
229582
229587
229624
229663
229690
229703
229787
229795
229911
230023
230302
230367
230369
230389
230837
230960
231295
231388
231448
231457
231550
231568
231573
231693
231878
232009
232042
232274
232397
232985
233037
233050
233105
233107
233110
233481
233571
233712
233724
234096
234265
234354
234375
234436
234539
234649
234769
234916
235046
235074
235114
235152
235195
235305
235334
235527
235567
235637
236050
236211
236236
236275
236291
236324
236433
236521
236690
236790
236837
236933
236958
237050
237224
237608
237613
237676
237693
238023
238067
238185
238325
238465
238674
238752
239069
239125
239206
239233
239648
239734
239867
239884
239920
239988
240007
240095
240121
240243
240360
240422
240558
240624
240719
240753
240753
241019
241033
241480
241490
241584
241652
241732
241911
241941
241986
242230
242299
242362
242504
242528
242627
242642
242647
242692
242737
242752
242814
242848
242963
243302
243319
243534
243640
243712
243758
243906
243913
244554
244611
244636
244681
244701
244832
244835
245061
245330
245335
245388
245405
245448
245483
245541
245610
245700
245825
246120
246146
246444
246524
246607
246769
246870
246882
247071
247139
247210
247295
247428
247513
247567
247625
247802
247894
247925
248008
248052
248310
248384
248570
248570
248710
248730
248929
248931
248969
249155
249155
249247
249275
249334
249429
249520
249936
249946
250072
250099
250179
250248
250363
250406
250418
250439
250468
250496
250533
250656
250729
250862
250890
251148
251319
251323
251345
251385
251414
251646
251715
251858
252052
252080
252203
252219
252273
252326
252389
252430
252494
252525
252528
252714
252728
252875
252970
252982
252996
253080
253376
253426
253434
253597
253611
253916
253940
253955
254001
254088
254191
254490
254515
254621
254875
254915
255207
255220
255313
255327
255450
255558
255783
255788
255874
255927
256019
256070
256109
256285
256331
256332
256367
256377
256456
256571
256633
256759
256860
256929
256976
257329
257363
257419
257569
257592
257682
257848
257861
257937
258014
258061
258375
258466
258551
258599
258876
258973
259075
259122
259515
259826
259835
259841
259937
259973
260161
260188
260206
260453
260621
260668
260864
261095
261141
261145
261154
261154
261246
261432
261438
261467
261547
261856
261880
261925
262015
262042
262146
262156
262166
262338
262398
262427
262430
262502
262722
262736
262751
263094
263158
263188
263311
263359
263400
263478
263521
263547
263581
263640
263668
263689
263810
263871
263905
264230
264273
264470
264473
264483
264552
264817
264854
264867
264958
265054
265109
265354
265398
265419
265603
265629
265631
265640
265648
265830
265866
265892
265923
265970
265994
266003
266032
266098
266204
266339
266485
266494
266834
266836
266883
266982
267027
267070
267155
267156
267373
267419
267579
267620
267772
267803
268123
268172
268206
268248
268326
268489
268521
268814
268845
268939
268975
269000
269191
269309
269312
269325
269328
269365
269384
269435
269516
269762
269794
269870
269968
270008
270380
270385
270386
270400
270463
270495
270505
270613
270724
271166
271279
271298
271439
271553
271753
271805
271807
271906
271918
272166
272252
272253
272351
272409
272557
272636
272726
272790
272796
272811
272930
272959
273108
273186
273228
273434
273452
274116
274279
274321
274346
274482
274602
274665
274849
274920
274995
275130
275146
275222
275396
275400
275412
275454
275547
275589
275692
276186
276220
276315
276325
276329
276354
276459
276530
276588
276607
276630
276847
276961
277020
277065
277068
277120
277136
277264
277294
277314
277456
277487
277685
277742
277885
277930
278107
278235
278244
278378
278408
278742
278756
279037
279059
279073
279191
279227
279488
279633
279651
279661
279719
279892
280290
280299
280309
280398
280586
280678
280707
280783
280865
280902
280985
281190
281237
281328
281346
281545
281635
281660
281680
281707
281837
281871
281926
281990
282067
282135
282347
282505
282794
282823
282892
282896
282933
282992
283141
283226
283293
283535
283572
283651
283674
283696
283854
284087
284208
284332
284434
284515
284626
284884
284891
284991
285164
285257
285261
285295
285405
285695
285823
285882
285892
285980
286357
286361
286510
286513
286514
286801
286847
286887
286910
287028
287076
287092
287198
287320
287350
287387
287406
287689
287792
287800
287818
288056
288335
288407
288441
288496
288708
288755
288797
288835
288843
288921
289196
289231
289399
289438
289488
289582
289637
289771
289825
289841
289855
290036
290221
290388
290535
290747
290888
290910
291035
291037
291110
291257
291599
291629
291774
291905
292062
292106
292150
292293
292422
292552
292680
292781
292792
292845
293063
293077
293191
293356
293430
293611
293663
293677
293837
293858
294068
294280
294409
294425
294444
294685
294770
294838
294872
294991
295210
295216
295689
295738
295767
295840
295910
296086
296122
296197
296391
296467
296629
296691
296744
296761
296809
296919
296935
296969
297211
297213
297247
297390
297426
297453
297588
297698
297893
298176
298207
298321
298357
298507
298744
298910
298985
299190
299248
299304
299338
299407
299439
299443
299470
299516
299559
299672
299790
299807
299910
300028
300172
300185
300248
300609
300620
300690
300694
300748
300755
300873
300905
300914
300920
300954
301314
301376
301548
301549
301551
301561
301584
301596
301722
301757
301792
301822
301829
301912
301974
301977
301990
302007
302175
302419
302502
302510
302697
303018
303252
303347
303373
303438
303707
303856
303941
303948
303977
304091
304185
304378
304488
304527
304528
304558
304622
304717
304788
304979
305029
305214
305435
305507
305687
305719
305902
305925
306074
306174
306276
306450
306540
306614
306679
306737
306780
306843
306935
306942
307020
307257
307477
307520
307530
307570
307574
307706
308063
308240
308337
308341
308370
308447
308521
308737
308796
308826
308930
308975
309125
309286
309312
309495
309529
309587
309925
309963
310004
310022
310092
310203
310367
310524
310539
310571
310636
310674
310739
310963
311002
311063
311077
311120
311158
311166
311270
311270
311281
311289
311299
311418
311438
311461
311483
311729
311976
311989
312707
313104
313127
313311
313364
313395
313421
313461
313466
313538
313719
313820
313822
313906
313993
314024
314057
314107
314128
314240
314263
314448
314474
314481
314812
314889
315395
315651
315659
315799
315967
315981
316017
316075
316092
316207
316458
316537
316572
316601
316653
316836
316884
317075
317159
317194
317247
317270
317357
317407
317537
317653
317702
317845
317846
317980
318006
318014
318137
318458
318469
318510
318515
318661
318748
318821
318999
319207
319218
319371
319548
319584
319676
319886
320003
320069
320388
320440
320570
320637
320857
320877
321028
321064
321126
321270
321331
321359
321362
321382
321513
322040
322106
322125
322172
322218
322429
322641
322658
322725
322805
322837
322875
322881
322925
323061
323492
323495
323641
323691
323766
323896
323919
324210
324409
324413
324418
324432
324485
324612
324633
324636
324643
324696
324899
325038
325039
325088
325095
325112
325145
325484
325698
325778
325801
325869
325878
325944
325955
326114
326302
326325
326513
326621
326831
327031
327092
327106
327340
327342
327489
327515
327587
327606
327708
327770
327852
327963
328014
328032
328311
328333
328470
328531
328555
328766
328966
328996
329024
329089
329258
329303
329394
329437
329523
329623
329638
329714
329761
329797
329874
330099
330136
330195
330354
330426
330688
330713
330734
330736
330796
331028
331229
331292
331447
331485
331598
331748
331765
331792
332222
332279
332416
332433
332760
333001
333049
333081
333123
333170
333180
333183
333302
333407
333569
333625
334010
334117
334119
334267
334338
334520
334767
334926
335037
335044
335062
335152
335260
335347
335441
335565
335586
335701
335813
335896
335902
335923
336041
336140
336373
336459
336699
336750
336787
336858
337065
337108
337302
337476
337637
337788
337845
337858
338017
338276
338280
338556
338609
338655
338685
338995
339083
339205
339227
339538
339589
339997
340215
340300
340321
340330
340381
340508
340573
340687
340807
340846
341170
341174
341190
341286
341621
341624
341635
341702
341871
342100
342179
342195
342388
342394
342437
342498
342515
342602
342689
342730
342849
342971
343033
343101
343147
343300
343367
343372
343378
343445
343507
343521
343673
343943
344019
344119
344177
344223
344476
344490
344529
344850
344931
344932
344997
345115
345164
345195
345353
345374
345405
345463
345769
345810
345879
345990
346051
346167
346197
346248
346313
346322
346392
346399
346767
346954
346990
347146
347205
347351
347356
347502
347520
347684
347729
347789
347888
348005
348058
348074
348186
348201
348348
348409
348428
348466
348766
348948
349013
349103
349109
349113
349201
349483
349502
349576
349598
349704
349774
349902
349977
350006
350054
350344
350368
350407
350444
350457
350462
350495
350528
350582
350622
350716
350820
350943
350946
351137
351192
351197
351322
351403
351915
352216
352348
352374
352519
352623
352689
352782
352815
352817
352980
352987
353009
353022
353044
353146
353193
353246
353273
353521
353567
353726
353800
353847
353943
353943
353998
354028
354196
354343
354389
354447
354555
354579
354641
354700
354702
354725
354792
354852
354967
355025
355052
355079
355206
355216
355428
355545
355552
355626
355659
355892
355907
355957
356025
356115
356294
356309
356318
356357
356377
356477
356733
356802
356884
356902
357143
357198
357410
357558
357652
357766
357986
358000
358015
358100
358207
358335
358422
358866
358932
358934
358962
358977
359011
359077
359186
359343
359353
359356
359456
359496
359677
359764
359893
360076
360229
360277
360459
360715
361047
361123
361234
361282
361592
361767
361887
361914
362019
362093
362167
362334
362577
362895
362902
362956
362969
363050
363191
363221
363272
363335
363382
363395
363552
363691
363765
363880
363889
364374
364418
364672
364688
365060
365073
365213
365314
365362
365470
365643
365752
365899
365920
366081
366365
366491
366587
366618
366885
367043
367045
367116
367235
367471
367532
367761
367768
367893
367940
368035
368109
368179
368316
368532
368824
368888
368953
369011
369201
369264
369434
369667
369706
369728
369770
369813
369854
370039
370081
370231
370234
370251
370431
370580
370608
370630
370645
370658
370941
370972
371010
371049
371088
371176
371202
371235
371275
371293
371346
371458
371555
371699
371797
371898
371948
372072
372134
372158
372271
372329
372351
372481
372752
372869
372903
372946
373003
373041
373112
373297
373363
373452
373518
373559
373581
373626
373646
373809
374249
374322
374341
374352
374367
374395
374441
374555
374795
374815
374885
375298
375372
375602
375627
375703
376110
376237
376380
376548
376575
376759
376814
377133
377384
377475
377623
377727
377839
377867
377944
377983
378036
378170
378178
378355
378386
378457
378490
378588
378722
378740
379061
379077
379274
379503
379772
379782
379865
379906
379987
380130
380246
380251
380270
380295
380321
380385
380565
380664
381228
381243
381439
381496
381685
381686
381709
381969
382074
382133
382179
382199
382210
382258
382374
382774
382810
382823
382904
382914
383228
383263
383372
383397
383564
383714
383799
383940
384009
384145
384215
384259
384334
384513
384594
384662
384670
384689
384690
384699
384736
384912
385173
385524
385620
385633
385762
385791
385798
385852
385893
385918
386003
386066
386249
386312
386364
386399
386481
386544
386576
386599
386679
386691
386699
386752
386936
387071
387187
387618
387750
388220
388358
388524
388527
388629
388642
388757
388829
388857
388907
388988
389024
389111
389342
389448
389718
389743
389824
389842
389942
390142
390166
390265
390358
390396
390422
390460
390461
390496
390549
390559
390767
390899
390915
390943
390999
391177
391363
391656
391922
391929
391957
391964
392058
392130
392134
392142
392207
392348
392563
392593
392665
392685
392701
392790
392956
393061
393110
393167
393208
393286
393404
393413
393529
393568
393580
393592
393677
393751
393783
393900
394078
394128
394138
394245
394409
394445
394575
394654
394661
394703
394708
394759
394839
394942
395030
395082
395143
395342
395436
395710
395723
395762
395762
395807
395964
396189
396248
396276
396413
396678
396786
396810
396823
396979
397164
397169
397440
397449
397496
397511
397844
398006
398073
398166
398341
398418
398423
398684
398704
398801
398964
399058
399175
399215
399401
399451
399771
399819
399916
399933
400114
400197
400229
400413
400587
400606
400657
400688
400781
400907
400968
401062
401235
401287
401496
401539
401600
401654
401660
401805
401888
401902
401943
401945
401987
402044
402425
402524
402525
402562
402749
402760
402770
403353
403370
403451
403550
403550
403594
403635
403692
403701
403712
403800
404019
404098
404189
404289
404385
404494
404683
404688
404704
404984
405072
405094
405099
405153
405403
405616
405653
405821
405927
406002
406047
406102
406191
406229
406239
406361
406510
406518
406544
406584
406718
406988
407030
407047
407324
407381
407398
407410
407438
407459
407520
407576
407646
407656
407869
407897
407916
408141
408283
408454
408559
408607
408663
408697
408890
408935
409050
409106
409159
409180
409195
409283
409456
409600
409638
409731
409918
410001
410110
410251
410377
410478
410567
410697
410902
410945
411002
411045
411055
411081
411434
411780
411788
411914
412500
412501
412616
412757
412920
412951
412974
413111
413163
413239
413314
413356
413366
413374
413455
413475
413507
413609
413745
414035
414191
414247
414297
414362
414379
414862
414955
415072
415119
415404
415502
415644
415711
415773
415796
415803
415879
416024
416103
416137
416294
416393
416414
416602
416712
416770
416862
416899
417036
417060
417080
417117
417129
417212
417274
417430
417502
417511
417519
417531
417660
417954
418009
418016
418065
418103
418216
418243
418318
418351
418443
418459
418653
418763
418786
418836
418916
419080
419144
419175
419396
419401
419469
419549
419631
420047
420117
420176
420297
420350
420398
420398
420429
420445
420610
420662
420683
420694
420708
420879
420998
421021
421263
421366
421699
421788
421814
421838
421881
421910
421984
422224
422340
422540
422712
422848
422914
423005
423044
423332
423408
423838
424262
424472
424564
424706
424712
424876
425701
425898
425967
426019
426138
426201
426212
426478
426584
426824
426833
427028
427111
427117
427361
427428
427477
427581
427690
427899
427924
428070
428163
428189
428228
428286
428392
428433
428435
428624
428653
428690
428812
428815
428848
428932
428941
428953
429042
429257
429405
429419
429436
429461
429505
429550
429657
429931
430024
430058
430156
430215
430244
430265
430290
430295
430326
430401
430446
430576
430882
430936
431115
431140
431221
431334
431585
431607
431677
431709
431717
431929
432011
432116
432387
432611
432625
432819
432822
432921
432996
433044
433071
433088
433301
433323
433397
433430
433527
433580
433670
433820
433872
434182
434188
434230
434266
434331
434373
434386
434387
434471
434479
434499
434520
434599
434674
434716
434727
434778
434847
435048
435155
435178
435196
435324
435381
435519
435562
435753
435766
435804
435942
436499
436796
436855
436909
436929
437012
437056
437129
437139
437232
437237
437479
437530
437650
437706
437827
437872
437914
437952
438009
438016
438108
438127
438152
438250
438315
438334
438357
438449
438572
438666
438704
438851
439078
439109
439187
439194
439341
439348
439509
439662
439725
439765
439788
439829
439990
440028
440184
440360
440655
440712
440940
441052
441248
441376
441562
441603
441719
441724
441735
441840
442061
442084
442287
442451
442472
442609
442630
442800
442971
442988
443278
443328
443358
443366
443501
443605
443717
443778
443879
443932
443969
444386
444466
444486
444512
444547
444604
444654
444723
444749
444824
444868
444885
444888
445212
445229
445231
445287
445372
445415
445415
445484
445501
445715
445727
445756
445848
445851
445918
445930
446362
446398
446427
446493
446579
447048
447092
447159
447287
447302
447518
447693
447693
447934
448070
448188
448396
448644
448796
448990
449088
449098
449188
449226
449277
449650
449862
450410
450506
450551
450563
450578
450611
450696
451020
451126
451226
451263
451432
451461
451489
451511
451637
451710
451961
452151
452374
452401
452460
452584
452616
452638
452687
452742
452745
452802
452872
452887
452910
452978
453159
453252
453258
453278
453325
453393
453552
453578
453675
453769
453804
454091
454179
454324
454547
454656
454738
454814
455074
455087
455092
455169
455290
455344
455455
455762
455789
456047
456200
456272
456318
456320
456365
456546
456622
456708
456836
456864
456953
456978
457120
457187
457246
457377
457505
457628
457660
457718
457824
457930
457969
457993
458358
458448
458468
458477
458556
458633
458747
458753
458825
459122
459135
459169
459201
459292
459396
459396
459528
459760
459841
459960
459975
460356
460380
460386
460748
460794
460978
461024
461076
461139
461170
461335
461369
461376
461392
461431
461564
461749
461760
462124
462228
462492
462541
462617
462636
463006
463088
463155
463171
463243
463425
463561
463655
463799
463859
463902
463913
464015
464206
464264
464330
464412
464503
464511
464550
464552
464576
464623
465004
465006
465104
465173
465346
465497
465509
465751
465779
465882
465913
465971
466000
466073
466371
466416
466509
466597
466714
466751
466833
466846
466892
466898
467012
467151
467243
467348
467424
467511
467550
467599
467654
467747
467782
467819
467864
468128
468393
468407
468447
468493
468504
468578
468582
468674
468795
468810
469057
469121
469148
469164
469180
469201
469444
469453
469511
469676
469729
469855
469968
470029
470056
470118
470161
470443
470444
470480
470614
470711
470724
470746
470769
470857
470914
471016
471220
471280
471298
471398
471446
471497
471566
471652
471707
471708
471819
471875
472119
472131
472237
472394
472466
472631
472786
472849
472897
473469
473496
473530
473565
473720
473769
473791
473949
473954
474146
474232
474432
474859
474953
475073
475395
475496
475525
475531
475609
475741
475874
476067
476148
476160
476315
476774
476789
477067
477256
477351
477369
477398
477535
477601
477921
477984
478100
478102
478107
478114
478227
478298
478396
478433
478576
478686
478927
478963
478964
479051
479169
479232
479246
479348
479504
479542
479610
479619
479734
479831
479921
480060
480122
480275
480357
480380
480786
480829
480998
481085
481192
481200
481229
481250
481300
481414
481516
481629
481789
481856
481930
482069
482342
482348
482564
482591
482635
482786
482820
483154
483371
483513
483698
483704
483706
484254
484269
484278
484417
484544
484556
484623
484755
484832
484881
484951
484991
485247
485291
485417
485568
485584
485617
485631
485634
485665
485719
485750
485904
485995
486100
486143
486205
486257
486321
486494
486504
486679
486815
486830
486927
487136
487147
487162
487240
487540
487667
487967
488071
488114
488219
488335
488600
488667
488924
488979
489322
489535
489759
489834
489872
489971
490045
490197
490285
490484
490719
490822
490858
490887
490997
491098
491224
491337
491618
491723
491922
491971
491974
492124
492151
492255
492300
492338
492487
492527
492679
492789
492809
492817
492898
492918
492954
493136
493164
493195
493278
493374
493379
493391
493711
493884
493896
493984
494087
494229
494445
494470
494665
494788
494808
494899
495070
495106
495481
495485
495683
495827
495888
495905
495909
496283
496294
496351
496431
496466
496556
496657
496908
497006
497008
497119
497196
497241
497245
497303
497650
497743
497791
497813
497873
498470
498565
498650
498711
498713
498768
498922
499013
499043
499232
499304
499304
499435
499734
499859
499901
499934
499956
499970
500062
500170
500212
500248
500301
500306
500416
500588
500601
500717
500803
500883
500940
500975
501049
501072
501281
501393
501406
501618
501642
501705
501785
501844
501945
502011
502042
502152
502174
502179
502216
502259
502280
502296
502597
502611
502755
503042
503197
503207
503322
503493
503545
503552
503580
503620
503760
503820
503895
503910
503992
504079
504122
504165
504228
504233
504234
504308
504324
504527
504546
504711
504730
504798
504806
504845
504904
505033
505121
505390
505427
505440
505452
505810
505858
506237
506284
506316
506437
506461
506579
506591
506744
506856
507121
507188
507203
507295
507314
507523
507705
507735
507920
507949
508183
508235
508252
508564
508589
508722
508739
508776
509083
509204
509354
509431
509481
509612
509736
509771
509885
509965
509994
510156
510511
510544
510794
510823
511071
511113
511217
511229
511365
511595
511641
511697
511761
511912
511925
511999
512102
512109
512184
512222
512255
512259
512335
512519
512762
512798
512955
512957
513150
513309
513444
513558
513770
513789
513844
513933
513934
514031
514092
514214
514224
514319
514425
514484
514525
514594
514633
514692
514707
514782
514862
514952
515118
515145
515190
515385
515599
515821
515838
515855
515998
516003
516042
516107
516160
516353
516427
516433
516541
516542
516684
516753
516950
517072
517113
517138
517272
517354
517882
517883
517975
518126
518320
518394
518403
518489
518643
518646
518783
518938
518962
519011
519197
519199
519348
519425
519591
519624
519733
519830
519985
520013
520045
520050
520088
520127
520345
520406
520663
520706
520735
520763
520772
520876
520918
520975
520993
521324
521360
521466
521478
521631
521644
521702
521889
522135
522164
522300
522504
522662
522774
522805
522814
523135
523200
523271
523286
523332
523570
523777
523851
524086
524127
524167
524226
524265
524316
524328
524356
524499
524558
524645
524680
524792
524864
524911
524968
524971
525054
525493
525671
525771
525778
526042
526126
526267
526356
526433
526597
526615
526913
526981
527092
527102
527292
527357
527518
527671
527753
527754
527861
528047
528101
528294
528322
528402
528420
528423
528428
528614
528678
528749
528810
528891
529189
529319
529684
529734
529774
529789
529866
529872
529967
530091
530181
530327
530437
530567
530593
530614
531028
531114
531245
531306
531397
531510
531532
531572
531807
531865
532009
532034
532161
532343
532452
532458
532819
532831
532942
533020
533023
533196
533200
533214
533227
533406
533443
533518
533557
533662
533848
533965
534199
534222
534243
534414
534505
534533
534550
534560
534573
534648
534702
534761
534930
535032
535098
535290
535335
535397
535490
535596
535836
535957
536018
536020
536088
536090
536224
536385
536682
536868
536879
536887
536918
536968
536983
536998
537207
537330
537488
537570
537629
537973
538119
538153
538162
538162
538231
538580
538708
538773
538978
538998
539011
539105
539451
539478
539602
539690
539756
539757
539764
539868
539906
539986
540040
540276
540278
540470
540617
540680
540875
540910
541027
541150
541260
541262
541266
541319
541397
541464
541748
541827
542094
542115
542117
542145
542206
542377
542418
542452
542474
542570
542748
543075
543118
543145
543148
543180
543225
543445
543571
543685
543759
543965
544188
544228
544524
544528
544688
544760
544767
544777
544869
544894
544918
545148
545288
545334
545394
545566
545703
545774
545876
545882
546138
546151
546241
546255
546433
546456
546687
546759
546972
547013
547503
547999
548308
548491
548499
548509
548769
548771
548848
549038
549054
549159
549168
549272
549284
549288
549319
549380
549526
549673
549759
549996
550198
550251
550317
550330
550336
550503
550669
550671
550733
550751
550756
550761
550813
550841
550896
550930
550963
551031
551340
551492
551549
551578
551725
551727
552001
552044
552203
552395
552682
552842
552890
552906
552944
553009
553177
553224
553252
553276
553416
553463
553494
553682
553711
553731
553861
553943
554344
554390
554413
554485
554507
554553
554622
554626
554649
554701
554795
554842
554878
554964
555025
555095
555183
555224
555276
555276
555362
555399
555622
555721
555757
555851
556004
556046
556283
556301
556471
556615
556837
557014
557044
557120
557134
557429
557583
557670
557690
557790
557841
557907
557927
557992
557998
558015
558028
558044
558204
558292
558327
558429
558488
558556
558599
558709
558860
558861
559056
559155
559203
559258
559502
559546
559722
560020
560087
560802
560940
561025
561060
561145
561164
561166
561214
561333
561351
561436
561452
561552
561596
561619
561820
561821
561836
562053
562136
562505
562576
562640
562792
562894
562908
562996
563117
563136
563253
563294
563597
563633
563696
563895
564384
564432
564576
564639
564674
564685
564687
564751
565008
565157
565242
565285
565309
565394
565599
565815
565925
565955
566024
566061
566237
566277
566324
566345
566366
566495
566559
566603
566689
566741
566861
567141
567188
567281
567526
567538
567551
567561
567731
567812
568006
568166
568168
568409
568427
568434
568534
568551
568558
568735
568792
568837
568973
568989
569167
569272
569352
569360
569409
569537
569578
569584
570350
570559
570581
570645
570832
571060
571092
571217
571328
571344
571426
571482
571535
571555
571603
571977
571998
572059
572059
572132
572147
572187
572318
572357
572441
572585
572639
572710
572846
572864
573120
573145
573377
573403
573454
573457
573461
573489
573512
573776
573983
574097
574309
574350
574375
574377
574438
574497
574581
574619
574735
574885
574893
574903
575126
575149
575226
575386
575510
575684
575710
575865
576048
576085
576143
576359
576368
576388
576502
576571
576671
576777
576807
576925
577102
577111
577189
577311
577346
577523
577584
577646
577878
577927
577947
578174
578202
578249
578318
578468
578548
578615
578822
578894
579610
579797
579817
579858
579866
580159
580253
580301
580332
580351
580406
580450
580517
580580
580671
580953
581140
581223
581267
581315
581333
581414
581449
581456
581671
581870
581913
582248
582276
582283
582343
582362
582492
582494
582517
582606
582691
582909
582926
583006
583016
583138
583162
583191
583227
583342
583386
583395
583402
583440
583484
583502
583562
583706
583766
583839
583915
583961
584102
584137
584591
584613
584763
584824
584860
584934
584962
585048
585089
585143
585151
585448
585517
585580
585611
585739
585753
585873
585888
585938
586219
586275
586280
586360
586491
586505
586651
586744
586863
586931
586945
587334
587468
587500
587521
587561
587773
587797
587801
587932
588190
588300
588386
588405
588538
588632
588700
588759
588967
588980
588990
588995
589091
589104
589205
589300
589398
589431
589459
589584
589643
589773
589808
589860
590125
590186
590187
590355
590440
590440
590589
590789
590838
590848
590876
590944
591117
591433
591529
591716
592375
592587
592599
592796
592853
592881
592961
593021
593085
593172
593294
593369
593523
593608
593672
593882
593919
594088
594134
594384
594414
594457
594556
594602
594676
594691
594855
594888
594928
595206
595449
595612
595708
595768
595793
596106
596123
596170
596271
596335
596354
596359
596391
596394
596500
596579
596583
596718
596751
596849
596950
596986
597066
597103
597289
597292
597534
597686
597795
597923
597969
598156
598156
598182
598241
598258
598391
598658
598683
598760
598937
599000
599053
599116
599401
599553
599679
599683
599707
599855
599870
600302
600613
600787
600791
600886
600942
601002
601047
601275
601290
601394
601632
601826
601843
601866
601894
602053
602139
602149
602153
602428
602472
602486
602609
602901
602920
602937
602941
602995
603001
603004
603083
603182
603240
603260
603340
603586
603676
603718
603728
603788
604002
604070
604169
604178
604215
604249
604303
604427
604563
604679
604818
605078
605594
605711
605809
605979
606056
606065
606278
606303
606486
606657
606721
606723
606744
606825
606923
607256
607363
607391
607412
607768
607810
607812
607837
608164
608346
608425
608462
609202
609258
609288
609375
609378
609402
609529
609886
610122
610143
610152
610258
610324
610461
611084
611230
611267
611339
611387
611508
611529
611622
611640
611665
611732
611836
611926
611929
611946
612008
612125
612245
612305
612544
612577
612671
612677
612753
612826
612866
612900
613068
613119
613385
613390
613392
613455
613675
613682
613919
613928
613974
614103
614305
614352
614402
614514
614719
614848
614933
615021
615082
615109
615315
615330
615406
615408
615416
615435
615437
615488
615683
615692
615761
615963
616029
616133
616171
616200
616209
616403
616519
616573
616584
616739
616796
617009
617013
617095
617107
617130
617156
617172
617395
617408
617487
617488
617490
617639
617785
617912
617982
618074
618108
618197
618258
618282
618714
618905
618914
618924
618948
619406
619413
619517
619568
619675
619680
619837
619880
619930
619971
619996
620088
620091
620251
620410
620505
620696
620764
620764
620853
620896
621131
621185
621219
621321
621452
621578
621796
621818
621954
622148
622307
622416
622445
622461
622502
622539
622565
622725
623038
623059
623244
623302
623407
623623
623743
624168
624291
624360
624487
624624
624978
624989
625103
625109
625295
625569
625612
625981
625985
626056
626141
626246
626304
626345
626462
626555
626563
626696
626711
626834
627033
627063
627122
627126
627136
627488
627542
627667
627714
627755
627757
627904
627963
628021
628083
628183
628508
628569
628667
628843
628983
629104
629142
629376
629477
629479
629794
629878
629917
629956
630000
630004
630133
630139
630300
630344
630360
630367
630426
630663
630758
630777
630800
630886
630964
631272
631449
631511
631591
631618
631627
631678
631790
631857
631877
631918
631946
632117
632669
632897
632979
633075
633235
633295
633433
633491
633603
633649
633686
633740
633878
633888
633910
634237
634346
634462
634492
634526
634572
634589
634620
634647
634684
634769
635095
635465
635555
635586
635630
635877
635920
635925
635946
636058
636070
636133
636400
636524
636655
636930
637137
637386
637407
637504
637514
637963
637964
637999
638013
638111
638130
638305
638434
638477
638541
638599
638740
638779
639101
639103
639220
639327
639367
639450
639476
639589
639956
639965
640000
640080
640100
640191
640220
640323
640360
640387
640536
640671
640803
640908
641003
641074
641091
641097
641181
641457
641560
641724
641734
641772
642066
642144
642160
642454
642509
642548
642554
642627
642720
642826
642894
642897
642955
642959
643015
643035
643083
643338
643411
643689
643694
643727
643762
643822
643865
643938
644119
644124
644227
644315
644607
644702
644751
644836
644899
644990
645154
645306
645594
645603
645612
645661
645847
645893
645907
645925
646125
646163
646615
646676
646720
646830
646853
646969
647052
647166
647233
647356
647368
647378
647426
647444
647493
647594
647792
648034
648258
648450
648459
648462
648723
648842
648884
648885
648904
648928
648990
649128
649140
649171
649255
649263
649283
649313
649540
649694
649711
649736
649874
650310
650457
650589
650732
650747
650814
650947
651085
651179
651212
651613
651703
651721
651753
651780
651977
651990
652378
652381
652455
652566
652624
652657
652705
652720
652722
652732
652746
652789
653155
653204
653370
653886
653983
654176
654350
654816
654855
654900
654908
654911
654978
654980
655005
655080
655236
655325
655406
655656
655746
655753
655893
656101
656275
656357
656441
656448
656506
656561
656722
656752
656789
656809
656817
656972
657043
657154
657247
657278
657348
657399
657405
657572
657675
657695
657696
657780
657888
657975
658004
658006
658054
658305
658333
658340
658403
658411
658438
658471
658520
658549
658577
658589
658606
658608
658672
658730
658741
658807
659006
659019
659082
659123
659173
659317
659404
659417
659572
659604
659605
659628
659695
659713
659814
659986
660466
660564
660733
660751
660907
660909
661167
661168
661308
661474
661536
661763
661950
662065
662121
662194
662231
662638
662927
663132
663301
663348
663437
663488
663546
663634
663641
663677
663889
663954
663964
664122
664152
664154
664157
664255
664534
664678
664830
664848
664928
665057
665077
665101
665152
665240
665360
665548
665674
665755
665781
665936
665938
666106
666271
666308
666435
666673
666717
666737
666738
667289
667292
667354
667657
667735
667974
667998
668118
668413
668525
668548
668584
669027
669140
669159
669329
669638
669791
669935
670029
670187
670459
670489
670519
670559
670567
670868
670962
671011
671865
671889
671903
671947
672249
672268
672425
672654
672658
672819
673013
673090
673170
673200
673289
673550
673585
673614
673641
673653
673716
673789
673877
673984
674050
674211
674393
674406
674441
674491
674558
674659
674703
674762
674775
674790
674881
675197
675314
675365
675455
675497
675568
675640
675673
675726
675774
676106
676137
676156
676217
676324
676337
676379
676564
676733
676745
676761
676782
676881
677035
677304
677449
677630
677672
677763
677782
677919
678081
678183
678281
678462
678596
678652
678817
678836
678893
679087
679087
679325
679672
679689
679695
679752
679817
679931
679942
680031
680167
680220
680249
680377
680437
680525
680608
680670
680684
680735
680855
680861
680962
681026
681029
681035
681139
681221
681305
681342
681381
681390
681417
681546
681573
681650
681752
681771
681896
682360
682446
682473
682802
682886
682999
683128
683258
683305
683595
683640
684082
684463
684490
684697
684789
684789
684872
684963
685017
685252
685499
685562
685584
685622
685752
685983
686050
686060
686109
686112
686116
686175
686201
686292
686488
686521
686652
686676
686900
687156
687206
687282
687329
687537
687660
687703
687716
687717
687729
687749
687753
687916
687918
687921
687964
687978
688090
688212
688305
688407
688411
688695
688817
688887
689404
689484
689778
689786
689870
689925
689929
690022
690248
690254
690283
690293
690408
690537
690845
691286
691338
691525
691558
691585
691591
691671
691726
691782
691913
691931
691974
692137
692232
692435
692536
692550
692659
692776
692920
692921
693003
693054
693121
693158
693323
693641
693645
693693
693753
693771
693829
693931
694023
694156
694189
694343
694505
694608
694624
694646
694739
694792
694822
694894
695218
695252
695255
695336
695468
695473
695524
695848
695893
695997
696070
696176
696190
696199
696215
696233
696340
696484
696563
696584
696748
696748
696754
696764
696851
696854
696917
697039
697394
697478
697553
697588
697628
697653
697943
698036
698232
698270
698337
698362
698544
698622
698654
698970
699004
699091
699150
699323
699400
699445
699557
699864
700088
700096
700135
700202
700479
700552
700569
700719
700746
700816
701303
701332
701705
701708
701857
701874
701901
701963
702061
702067
702078
702170
702215
702359
702416
702517
702596
702742
702808
702861
702917
702971
703044
703079
703217
703293
703399
703438
703601
703641
703881
704103
704202
704321
704376
704506
704529
704933
704958
704960
705055
705086
705263
705339
705365
705990
706035
706062
706174
706291
706454
706525
706543
706645
706828
706852
707022
707148
707203
707217
707227
707302
707367
707371
707413
707648
707836
707853
707932
707940
708014
708104
708243
708247
708248
708291
708328
708402
708823
708832
708974
709119
709150
709229
709291
709365
709650
709691
709730
709822
709961
710127
710135
710170
710203
710733
710737
710827
711009
711120
711127
711190
711262
711334
711402
711525
711570
711759
711801
711814
712143
712233
712328
712432
712533
712535
712592
712719
712726
712730
712768
712965
713122
713172
713515
713629
713897
713897
713899
714070
714147
714155
714294
714486
714737
714911
714975
715193
715296
715370
715570
715597
715743
715769
715925
716009
716307
716352
716368
716453
716482
716539
716582
716716
716753
716770
716780
716956
716958
717026
717179
717258
717397
717420
717485
717571
717606
717727
717974
717982
718213
718312
718405
718419
718518
718654
718804
718868
718942
719067
719107
719156
719295
719343
719349
719441
719489
719493
719539
719899
720040
720310
720374
720764
720777
720780
720914
720998
721198
721274
721280
721462
721521
721522
721756
721910
721926
722268
722330
722680
722685
722797
722816
722981
723139
723165
723169
723188
723314
723411
723670
723806
723810
723917
724199
724254
724303
724304
724309
724370
724426
724452
724474
724483
724645
724771
724933
725085
725137
725160
725221
725231
725268
725366
725450
725749
725829
725955
726175
726199
726236
726325
726435
726470
726874
726981
727177
727208
727254
727374
727425
727593
727611
727876
727916
727944
728113
728164
728178
728194
728269
728368
728493
728708
728827
728849
728921
728976
728987
729004
729008
729280
729295
729395
729397
729410
729472
729501
729546
729576
729688
729724
729766
729800
729851
729917
729950
729978
730017
730078
730099
730181
730234
730344
730402
730479
730505
730810
730973
731147
731223
731251
731254
731298
731359
731438
731450
731476
731609
731672
731716
731868
732041
732139
732155
732199
732319
732346
732401
732579
732582
732798
732933
733052
733218
733218
733265
733590
733618
733778
733786
733808
733848
734047
734052
734062
734071
734112
734385
734484
734615
734678
734701
734829
734849
735219
735325
735408
735443
735597
735717
735932
736019
736179
736286
736549
736635
736636
736753
736773
736795
736818
736922
737161
737185
737201
737318
737402
737566
737627
737629
737649
737701
737743
737820
737825
737838
737998
738315
738391
738480
738690
738791
738839
738840
738852
738999
739001
739030
739114
739211
739278
739402
739489
739574
739718
739730
739857
739890
740010
740245
740259
740280
740322
740333
740337
740376
740474
740505
740517
740529
740587
740609
740664
740795
741032
741110
741214
741362
741441
741448
741454
741559
741685
741834
741873
742037
742387
742531
742614
742914
743003
743039
743144
743147
743282
743312
743366
743455
743487
743566
743641
743643
743739
743761
743895
743949
743991
743992
744011
744332
744383
744391
744562
744734
745005
745097
745190
745238
745355
745363
745381
745572
745708
746018
746408
746643
746830
746906
746978
747058
747279
747462
747533
747628
747649
747752
747786
747836
748197
748478
748660
748671
748703
748726
748869
748883
748913
749165
749166
749207
749224
749445
749462
749511
749585
749646
749689
749781
749785
749919
750026
750205
750280
750300
750509
750533
750575
750623
750742
750757
750837
750845
750988
751062
751106
751241
751318
751393
751490
751722
751746
751829
751861
751864
752020
752129
752259
752483
752563
752601
752919
752949
752972
753067
753160
753351
753398
753656
753673
753909
753972
753987
754163
754266
754308
754356
754374
754396
754468
754661
754813
754850
754990
755081
755213
755247
755279
755320
755340
755347
755475
755545
755622
755684
755688
755734
756030
756109
756305
756443
756654
756830
756856
756906
756911
756982
757057
757473
757509
757530
757531
757605
757637
757856
757965
758232
758289
758297
758348
758609
758624
758798
758999
759171
759383
759470
759499
759563
759598
759672
759740
759807
759884
759896
759900
759930
759992
759999
760008
760173
760191
760203
760207
760227
760270
760392
760428
760480
760534
760536
760605
760610
760732
760790
760982
761018
761071
761165
761199
761334
761392
761423
761481
761593
761856
761932
761971
762136
762201
762412
762549
762783
762907
762936
762995
763074
763091
763102
763168
763196
763198
763267
763286
763341
763387
763498
763562
763568
763684
763815
763895
764081
764306
764525
764843
764980
765004
765042
765054
765087
765131
765252
765614
765837
766034
766035
766304
766339
766624
766652
766766
766821
766859
767079
767154
767250
767383
767461
767604
767618
767626
767653
767778
767844
767849
767851
767907
767976
767980
768030
768084
768197
768300
768390
768414
768416
768432
768456
768561
768597
768758
768773
768777
769035
769195
769260
769547
769812
769820
769882
769902
770000
770015
770075
770103
770219
770287
770434
770505
770769
770866
770926
770935
771039
771109
771123
771174
771201
771332
771636
771765
771773
771866
772110
772161
772206
772273
772314
772478
772645
772957
773128
773256
773469
773508
773518
773601
773732
774033
774069
774092
774307
774398
774550
774564
774696
774834
774875
774896
775058
775077
775098
775128
775215
775250
775273
775372
775413
775438
775568
775569
775633
775806
775836
775850
775914
775947
775974
776021
776024
776043
776235
776311
776405
776599
776605
776698
776827
777058
777089
777158
777258
777338
777496
777539
777685
777812
777842
777981
778061
778123
778598
778891
778895
778990
779055
779443
779627
779638
779651
779724
780127
780186
780187
780208
780391
780506
780543
780859
780988
781049
781216
781223
781299
781354
781360
781483
781521
781633
781967
782111
782124
782148
782362
782442
782486
782578
782671
782728
782760
782840
782862
782891
782911
783032
783160
783217
783245
783253
783296
783374
783494
783506
783778
784069
784075
784184
784285
784346
784393
784508
784519
784600
784651
784703
784896
784945
785064
785136
785237
785393
785481
785654
785699
785719
785831
785904
786039
786062
786146
786260
786349
786602
786741
786921
786974
787025
787028
787257
787304
787544
787593
787866
787935
788019
788045
788106
788220
788251
788404
788406
788433
788452
788518
788645
788832
788848
788866
788995
789098
789283
789427
789462
789524
789595
789811
789850
789933
790181
790243
790468
790468
790524
790548
790655
790961
791005
791171
791351
791488
791714
791757
791803
791879
791931
792167
792366
792522
792736
792923
793096
793317
793377
793401
793490
793500
793518
793554
793669
793756
793902
793906
793945
794048
794060
794158
794194
794203
794368
794513
794671
794790
794880
794983
795090
795222
795626
795632
795982
796098
796211
796295
796617
796657
796923
796934
797087
797115
797179
797315
797324
797326
797407
797411
797496
797592
797633
797673
797715
797758
797764
797791
797794
797828
798102
798250
798260
798402
798548
798879
798903
799227
799392
799593
799620
799823
799896
800314
800323
800384
800393
800432
800645
800657
800707
800732
801161
801276
801566
801655
801951
802177
802185
802315
802368
802405
802619
802759
802804
802828
803184
803193
803436
803485
803596
803635
803777
804189
804295
804745
804797
804881
804935
805070
805229
805417
805489
805513
805718
805736
805766
805767
805845
805941
806220
806306
806352
806516
806560
806575
806817
807253
807258
807300
807533
807537
807552
807575
807925
807967
808023
808235
808361
808430
808459
808476
808509
808531
808534
808612
808678
808735
808752
809159
809221
809310
809471
809650
809682
809715
809743
809783
809794
809800
809942
809984
810036
810082
810187
810272
810515
810561
810640
810843
810935
810961
810967
810977
811086
811405
811661
811705
811825
812046
812283
812292
812306
812509
812772
812898
812961
813104
813267
813354
813658
813776
813785
813787
813867
813958
814023
814266
814268
814293
814341
814497
814644
814738
814769
814770
814812
814844
814862
815030
815162
815271
815296
815338
815465
815683
815702
815894
815931
815993
816011
816079
816088
816164
816207
816217
816286
816551
816560
816609
816693
816787
817137
817233
817311
817322
817495
817524
817912
817957
818019
818106
818151
818173
818417
818433
818468
818554
818615
818689
818741
818825
818898
819002
819183
819226
819277
819421
819441
819571
819609
819673
819710
819948
819998
820485
820674
820682
820734
820772
820861
820980
821072
821077
821325
821399
821457
821638
821640
821697
821922
821932
822048
822084
822389
822399
822409
822652
822701
822731
822886
823071
823149
823183
823461
823598
824211
824238
824337
824395
824416
824531
824588
824911
825209
825424
825461
825620
825876
825878
826019
826225
826357
826485
826551
826554
826858
826875
826942
826956
826961
826962
827122
827161
827253
827295
827323
827608
827626
827662
827669
827701
827729
827961
827992
828012
828027
828059
828144
828266
828307
828697
828984
829030
829176
829180
829359
829360
829439
829511
829561
829724
829761
829839
829880
829977
830105
830153
830220
830462
830664
830811
830816
830867
830891
831239
831250
831317
831367
831401
831731
832076
832116
832197
832207
832229
832235
832270
832296
832495
832604
832617
832811
832937
832997
833203
833255
833399
833438
833538
833553
833591
833592
833621
833626
833742
833775
833806
833862
833995
834148
834303
834566
834820
834825
834962
834987
835090
835184
835292
835345
835399
835668
835865
835918
835996
836010
836034
836035
836159
836202
836333
836479
836641
836771
836923
837076
837458
837591
837627
837662
837798
837863
837927
838031
838090
838139
838144
838164
838240
838337
838461
838501
838504
838513
838640
839025
839034
839063
839118
839124
839260
839277
839411
839454
839545
839696
839762
839845
839856
840078
840132
840226
840390
840437
840523
840541
840752
840773
840875
840995
841017
841282
841433
841580
841587
841627
841734
841755
841786
841823
841842
842023
842167
842406
842634
842943
843043
843290
843303
843377
843466
843507
843511
843671
843857
843988
844059
844146
844283
844348
844442
844711
844765
845195
845195
845255
845256
845257
845354
845371
845534
845700
845788
846004
846027
846284
846295
846338
846564
846603
846695
846775
846866
846895
846897
846938
847066
847356
847361
847645
847746
847846
847959
848108
848134
848162
848192
848275
848328
848450
848819
848919
849081
849125
849643
849653
849696
849752
849827
849839
849941
850070
850147
850197
850256
850331
850451
850694
850895
851195
851210
851211
851241
851402
851474
851508
851560
851617
851690
851702
851914
852134
852146
852159
852335
852541
852681
852815
852890
852931
852939
853110
853318
853398
853496
853592
853598
853622
853758
853942
854053
854189
854468
854469
854588
854686
854834
854885
854900
854947
854955
855362
855375
855403
855475
855480
855559
855717
855754
855860
855925
856057
856145
856241
856296
856404
856411
856416
856464
856772
856778
857152
857189
857281
857341
857400
857535
857627
857792
857898
857920
857937
857940
858157
858288
858291
858380
858779
858814
858855
859305
859309
859650
859654
859685
859734
859803
859861
859918
859926
859963
860108
860387
860408
860542
860657
860712
860752
860834
861137
861229
861257
861351
861621
861628
861913
861938
861961
862060
862215
862265
862475
862599
862800
862862
862992
863003
863060
863062
863378
863469
863503
863627
863664
863711
863711
863954
864176
864322
864370
864429
864478
864831
864919
864922
865018
865075
865165
865238
865269
865333
865628
865663
865807
865850
865974
866044
866092
866188
866294
866351
866494
866868
866923
866975
867132
867251
867281
867285
867358
867458
867670
867925
867987
867994
868038
868078
868099
868155
868162
868182
868221
868251
868311
868326
868556
868562
868618
868759
868822
868932
869039
869216
869242
869361
869458
869505
869631
869755
869911
870077
870151
870186
870356
870481
870496
870615
870632
870808
871079
871081
871193
871319
871337
871421
871510
871547
871683
871722
871838
871845
871899
871933
872231
872237
872354
872364
872399
872584
872891
872927
873287
873309
873372
873436
873540
873595
873599
873681
873854
873954
874070
874133
874242
874502
874525
874683
874963
875066
875156
875216
875305
875321
875381
875452
875467
875631
875782
875894
875936
876088
876148
876174
876195
876320
876507
876516
876546
876590
876685
876802
876864
876993
877176
877183
877430
877462
877565
878082
878099
878111
878144
878212
878213
878226
878296
878310
878381
878398
878455
878468
878798
878851
878956
879215
879616
879712
879812
879842
879878
879892
879915
880058
880123
880286
880390
880474
880512
880560
880605
880664
880818
880821
880881
880935
881143
881144
881163
881221
881321
881354
881456
881728
881741
881835
881895
881960
881982
882081
882258
882371
882454
882592
882713
882891
882958
882995
882999
883082
883224
883437
883630
883740
883898
883947
883977
884140
884203
884204
884297
884307
884563
884619
884732
884948
885076
885132
885143
885200
885396
885443
885550
885622
885643
885652
885685
885747
885936
885940
886157
886189
886202
886321
886360
886386
886575
886650
886651
886724
886792
886831
886838
886920
886921
886977
887012
887079
887264
887383
887599
887637
887649
887865
887971
888154
888165
888406
888444
888593
888776
888780
888816
888951
889135
889410
889484
889505
889534
889686
890154
890306
890344
890462
890632
890679
890711
890783
890841
890843
891007
891077
891088
891117
891192
891217
891288
891478
891802
891987
892087
892173
892348
892435
892439
892479
892499
892545
892608
892616
892627
892671
892750
892972
892992
893083
893238
893280
893338
893495
893526
893556
893587
893600
893664
893743
893848
893867
894003
894099
894111
894137
894381
894452
894575
894735
894955
895211
895255
895267
895299
895328
895444
895738
896064
896134
896199
896454
896501
896555
896559
896596
896637
896719
896730
896743
896852
896933
896944
897435
897451
897634
898085
898120
898204
898249
898263
898272
898316
898404
898427
898450
898506
898531
898571
898682
898794
898847
898848
898960
899036
899053
899233
899303
899432
899550
899791
899830
899872
899950
899990
900054
900190
900266
900275
900336
900349
900362
900583
900811
901056
901087
901092
901154
901157
901207
901420
901566
901568
901591
901713
901739
902267
902318
902332
902359
902431
902442
902484
902554
902754
902843
903061
903089
903091
903209
903214
903222
903270
903297
903436
903573
903578
903819
904063
904064
904292
904341
904644
904721
904994
905007
905032
905043
905138
905138
905199
905241
905526
905873
905926
905963
906283
906469
906478
906620
906717
907006
907054
907182
907331
907366
907485
907542
907558
907578
907624
907661
907823
908040
908110
908235
908261
908478
908641
908643
908692
908845
908962
909083
909102
909254
909305
909480
909557
909637
910076
910245
910262
910318
910571
910593
910645
910739
910777
910836
910933
911061
911094
911209
911216
911252
911375
911424
911505
911530
911537
911547
911678
911682
911688
911710
911743
911746
912037
912100
912227
912245
912838
913160
913284
913454
913495
913612
913615
913618
913687
913806
913811
914112
914142
914161
914290
914657
914663
914689
914834
915039
915140
915181
915252
915624
915636
915672
915731
915738
915791
916185
916270
916366
916400
916456
916646
916889
917177
917461
917603
917805
917817
918058
918094
918129
918163
918204
918255
918376
918395
918506
918893
918921
918959
919101
919149
919170
919549
919551
919570
919682
919786
919916
919976
920262
920291
920316
920344
920347
920407
920420
920652
920716
920808
920831
920986
921002
921020
921083
921102
921385
921494
921541
921543
921578
921582
921621
921715
921836
921843
921908
921910
922014
922015
922236
922281
922297
922336
922504
922576
922696
922924
922944
923073
923165
923436
923511
923750
923861
923961
924014
924213
924224
924564
924831
925022
925035
925266
925426
925468
925491
925563
925647
925954
926064
926074
926257
926289
926394
926410
926752
926763
926820
926898
926998
927111
927223
927402
927426
927540
927756
927924
927928
928088
928222
928240
928547
928563
928613
928839
928839
929000
929086
929164
929190
929281
929374
929398
929403
929532
929630
929640
929791
929888
929906
930302
930386
930544
930558
930679
930854
931160
931164
931184
931229
931502
931505
931509
931608
931733
931806
931872
932223
932229
932271
932305
932386
932400
932479
932533
932541
932882
932985
933285
933328
933337
933536
933665
933669
933713
933728
933798
933800
933802
933897
934025
934083
934127
934162
934262
934262
934323
934407
934439
934490
934533
934598
934651
934854
934990
934998
935083
935170
935320
935346
935463
935497
935537
935740
935835
935904
936035
936036
936166
936168
936315
936474
936546
936655
936790
937110
937184
937307
937541
937562
937750
937821
937972
938208
938819
938852
938927
939288
939331
939410
939586
939645
939788
939921
939960
940019
940053
940094
940229
940420
940840
940896
940916
941175
941261
941278
941421
941608
941681
941763
941944
941966
942231
942402
942538
942545
942589
942592
942747
942861
942947
943092
943869
943895
943896
944169
944243
944297
944342
944398
944412
944423
944665
944706
944830
944881
945211
945357
945396
945592
945615
945723
945757
945763
945928
945990
946006
946020
946027
946041
946157
946265
946427
946590
946626
946630
946724
946747
946774
946785
946902
946976
947057
947334
947447
947529
947554
947622
947699
947720
947860
947891
948052
948184
948187
948211
948243
948254
948321
948328
948435
948490
948520
948955
949027
949062
949248
949518
949667
949758
949781
949879
949905
950004
950052
950173
950369
950493
950827
950843
950901
950906
951056
951159
951251
951406
951460
951490
951507
951658
951662
951695
951893
951903
951970
952093
952157
952208
952273
952867
952886
952924
952969
953050
953189
953219
953285
953390
953440
953461
953633
953698
953740
953813
953825
953871
954066
954068
954079
954266
954293
954521
954548
954704
954734
954892
954900
954926
955302
955462
955598
955619
955657
955764
955791
955944
955954
956036
956220
956519
956725
956871
956923
956928
957162
957254
957400
957415
957420
957604
957647
957775
958014
958079
958097
958116
958201
958440
958763
959076
959194
959197
959391
959528
959591
959705
959869
960023
960028
960221
960297
960393
960433
960764
960778
960874
960881
960886
960921
960930
961038
961128
961195
961302
961354
961405
961516
961579
961870
961879
961944
962020
962032
962131
962137
962339
962539
962601
962646
962690
962759
962993
963347
963401
963551
963725
963823
963853
963919
964144
964238
964390
964656
964819
964821
964836
964912
964930
965276
965279
965355
965432
965493
965573
965604
965799
965829
966091
966155
966297
966325
966460
966646
966729
966835
966856
966879
966983
967131
967228
967323
967346
967373
967565
967569
967587
967834
967862
968061
968102
968303
968304
968347
968357
968382
968431
968443
968561
968625
968691
968950
969072
969144
969172
969193
969195
969448
969500
969757
969816
969892
970010
970020
970078
970128
970579
971018
971023
971220
971248
971296
971392
971694
971730
972054
972204
972247
972623
972660
972795
972845
972874
972898
972911
972942
973046
973367
973403
973459
973542
973564
973630
973649
973718
973805
973813
973875
973926
973929
974045
974099
974248
974327
974432
974594
974838
974989
975205
975230
975477
975542
975924
975970
976201
976210
976212
976253
976303
976406
976540
976562
977054
977291
977606
977674
977867
977870
977987
978032
978034
978246
978264
978370
978443
978456
978489
978571
978574
978576
978623
978638
978729
978755
978815
978819
979036
979049
979117
979576
979993
979998
980069
980158
980164
980181
980343
980408
980481
980492
980780
980847
981040
981264
981293
981321
981612
982007
982170
982431
982434
982484
982494
982802
982805
982822
982866
982956
983012
983012
983034
983196
983337
983352
983431
983443
983492
983620
983682
983732
983762
983977
984105
984140
984157
984308
984378
984545
984847
985105
985201
985227
985394
985468
985526
985585
985743
985787
985817
985964
986145
986158
986185
986245
986334
986389
986454
986504
986757
986764
986919
986955
987031
987042
987063
987295
987322
987386
987393
987426
987530
987660
987783
987897
988093
988286
988355
988452
988460
988567
988704
988860
989020
989051
989128
989263
989334
989341
989443
989572
989653
989839
989885
989926
989951
989954
990193
990218
990427
990449
990541
990662
990710
990732
990809
990878
990953
991007
991019
991030
991046
991403
991474
991701
991784
991902
992202
992361
992418
992511
992602
992735
992789
992885
992941
993018
993177
993268
993312
993318
993347
993374
993408
993437
993458
993604
993638
993672
993718
993727
993906
993933
993954
993966
994152
994461
994542
994612
994621
994800
995180
995369
995419
995718
995824
995907
995955
996194
996207
996330
996600
996684
996686
996783
996789
996794
996879
996883
997266
997379
997488
997495
997636
997914
997915
997964
997981
998066
998074
998219
998342
998438
998456
998464
998567
998801
998935
998980
998990
999209
999261
999380
999798
999860
999892
999922
