-99993
-99874
-99699
-99673
-99666
-99638
-99615
-99574
-99568
-99488
-99442
-99254
-99176
-99131
-98940
-98913
-98840
-98765
-98757
-98656
-98487
-98361
-98134
-97669
-97589
-97549
-97494
-97491
-96921
-96772
-96733
-96573
-96419
-96289
-96263
-96187
-96124
-96089
-96081
-95936
-95933
-95749
-95723
-95701
-95696
-95291
-95276
-94835
-94624
-94499
-94303
-94169
-94068
-93978
-93946
-93808
-93746
-93670
-93632
-93552
-93468
-93458
-93264
-93231
-93229
-93182
-92986
-92966
-92951
-92855
-92787
-92710
-92643
-92586
-92377
-92247
-92203
-92170
-91952
-91921
-91778
-91751
-91716
-91561
-91305
-91300
-91278
-91256
-91092
-91055
-90718
-90695
-90612
-90558
-90489
-90245
-90245
-90013
-89852
-89709
-89380
-89328
-88775
-88616
-87998
-87856
-87755
-87583
-87371
-87126
-87113
-87050
-86946
-86611
-86422
-86422
-86312
-86170
-86104
-86043
-86021
-85984
-85850
-85766
-85696
-85689
-85558
-85480
-85220
-85157
-84946
-84914
-84841
-84810
-84787
-84737
-84651
-84553
-84497
-84476
-84407
-84225
-84145
-84083
-83769
-83740
-83693
-83651
-83606
-83422
-83380
-83226
-83190
-83134
-83130
-83089
-83057
-82970
-82521
-82366
-82296
-82151
-82080
-82073
-81470
-81393
-81310
-81264
-81159
-81123
-80913
-80777
-80737
-80642
-80606
-80560
-80557
-80325
-80304
-80290
-80257
-80210
-80095
-80090
-79896
-79846
-79822
-79755
-79413
-79315
-79024
-79008
-78838
-78638
-78339
-78087
-78043
-78035
-78018
-77986
-77921
-77896
-77798
-77684
-77527
-77493
-77437
-77427
-77396
-77393
-77392
-77357
-76560
-76537
-76497
-76439
-76436
-76372
-76318
-76303
-76209
-76121
-76038
-75940
-75940
-75915
-75857
-75702
-75676
-75473
-75274
-75234
-74977
-74601
-74428
-74421
-74377
-74210
-74197
-74143
-73982
-73836
-73741
-73616
-73350
-73194
-73115
-73030
-73024
-72959
-72905
-72753
-72657
-72652
-72627
-72618
-72616
-72551
-72531
-72472
-72381
-72273
-72216
-72199
-71956
-71919
-71740
-71406
-71389
-71373
-71293
-71284
-71227
-71167
-71165
-71078
-70979
-70803
-70680
-70447
-70329
-70262
-70260
-70254
-70193
-70180
-70166
-70108
-70011
-69745
-69693
-69396
-69297
-69173
-69143
-69097
-69091
-68979
-68936
-68767
-68551
-68525
-68279
-68162
-67868
-67867
-67810
-67675
-67170
-67106
-66828
-66819
-66658
-66607
-66396
-66273
-66248
-66223
-66204
-65894
-65573
-65268
-65237
-65225
-65189
-65045
-64987
-64858
-64741
-64680
-64668
-64470
-64409
-64144
-64142
-64107
-64100
-64038
-63767
-63741
-63698
-63600
-63313
-63209
-63157
-62861
-62741
-62556
-62293
-62292
-62268
-61858
-61490
-61455
-61349
-61332
-61309
-61076
-61046
-60935
-60872
-60668
-60568
-60370
-60299
-60071
-59880
-59828
-59817
-59684
-59659
-59523
-59207
-59135
-59088
-58965
-58885
-58790
-58561
-58429
-58368
-58202
-58149
-58126
-58021
-58013
-57809
-57690
-57673
-57465
-57377
-57368
-57090
-57019
-56726
-56670
-56506
-56416
-56293
-56255
-56233
-56058
-55893
-55788
-55722
-55496
-55439
-55236
-55158
-54977
-54969
-54962
-54962
-54938
-54914
-54760
-54656
-54656
-54530
-54527
-54481
-54463
-54455
-54366
-54273
-54177
-54152
-54112
-53884
-53853
-53753
-53522
-53458
-53291
-53102
-53061
-53000
-52847
-52847
-52655
-52394
-52379
-52353
-52210
-52181
-52086
-51994
-51988
-51957
-51886
-51878
-51864
-51764
-51511
-51509
-51387
-51348
-51322
-51253
-51246
-51187
-51177
-50755
-50528
-50432
-50250
-50224
-50167
-49950
-49921
-49917
-49819
-49559
-49319
-49162
-48977
-48858
-48812
-48795
-48765
-48694
-48694
-48685
-48544
-48515
-48413
-48345
-48305
-48181
-48140
-48050
-47833
-47786
-47691
-47526
-47513
-47502
-47276
-47167
-47146
-47037
-46972
-46922
-46792
-46703
-46700
-46661
-46660
-46359
-46252
-46206
-46159
-46154
-45984
-45931
-45860
-45708
-45684
-45642
-45497
-45366
-45304
-45102
-45055
-44844
-44791
-44520
-44449
-44418
-44408
-44363
-44192
-44110
-43919
-43883
-43839
-43833
-43688
-43671
-43576
-43507
-43398
-43339
-43066
-43049
-42952
-42951
-42549
-42443
-42362
-42251
-42223
-42216
-42194
-42145
-42117
-42111
-42079
-41924
-41876
-41849
-41637
-41631
-41602
-41564
-41346
-41209
-41085
-41078
-40787
-40596
-40562
-40535
-40486
-40089
-40068
-40043
-39911
-39793
-39788
-39783
-39674
-39662
-39539
-39311
-39277
-38983
-38807
-38710
-38610
-38589
-38523
-38464
-38320
-38313
-38311
-38286
-38255
-38195
-37962
-37816
-37805
-37698
-37535
-37445
-37401
-37392
-37260
-36827
-36802
-36756
-36735
-36567
-36431
-36120
-36118
-36073
-36069
-35987
-35888
-35883
-35826
-35790
-35718
-35681
-35680
-35667
-35663
-35655
-35611
-35605
-35565
-35494
-35342
-35309
-35130
-34969
-34886
-34631
-34610
-34606
-34376
-34309
-34274
-34110
-34076
-34036
-33972
-33932
-33796
-33792
-33645
-33605
-33444
-33020
-33012
-32994
-32896
-32858
-32792
-32698
-32519
-32391
-32370
-32164
-32017
-31979
-31971
-31682
-31676
-31671
-31546
-31511
-31225
-31144
-31029
-30978
-30815
-30812
-30727
-30663
-30656
-30521
-30413
-30342
-30216
-29994
-29958
-29819
-29651
-29591
-29545
-29472
-29267
-29168
-29130
-29081
-28990
-28965
-28946
-28748
-28553
-28460
-28455
-28352
-28296
-28278
-28233
-27952
-27951
-27803
-27689
-27542
-27506
-27349
-27268
-27267
-27035
-26940
-26786
-26671
-26418
-26305
-26203
-26199
-26186
-26136
-25983
-25670
-25577
-25556
-25384
-25269
-25229
-25086
-24918
-24659
-24605
-24498
-24418
-24391
-24270
-24149
-24129
-24064
-24054
-23977
-23586
-23457
-23427
-23426
-23286
-23227
-23217
-23111
-23053
-22992
-22974
-22755
-22715
-22605
-22594
-22589
-22578
-22569
-22430
-22361
-22243
-22135
-22100
-22011
-22009
-21954
-21901
-21832
-21591
-21503
-21198
-21034
-21011
-20554
-20549
-20512
-20475
-20257
-20204
-20013
-19890
-19876
-19843
-19795
-19653
-19630
-19567
-19368
-19310
-19255
-19017
-18941
-18398
-18347
-18297
-18275
-18188
-18110
-17888
-17708
-17571
-17397
-17276
-17226
-17176
-17150
-16931
-16924
-16878
-16807
-16777
-16769
-16650
-16538
-16460
-16341
-16286
-16239
-16236
-16232
-16159
-16014
-15993
-15990
-15818
-15577
-15290
-15278
-15162
-14927
-14866
-14820
-14634
-14618
-14527
-14391
-14300
-14213
-14155
-14033
-13990
-13989
-13751
-13644
-13595
-13569
-13461
-13396
-13371
-13361
-13240
-12830
-12819
-12799
-12747
-12701
-12391
-12285
-12242
-12211
-12150
-12047
-11886
-11789
-11786
-11680
-11616
-11586
-11536
-11519
-11499
-11469
-11345
-11021
-11012
-10979
-10955
-10838
-10837
-10827
-10816
-10707
-10462
-10337
-10305
-10101
-10039
-10017
-9869
-9827
-9823
-9687
-9629
-9560
-9527
-9318
-9225
-9222
-9122
-9051
-8981
-8907
-8850
-8809
-8549
-8384
-8084
-8054
-7967
-7915
-7881
-7847
-7789
-7701
-7624
-7574
-7456
-7382
-7314
-7237
-7223
-7132
-7034
-6983
-6953
-6896
-6859
-6798
-6742
-6713
-6655
-6501
-6414
-6241
-6191
-6118
-6117
-6105
-5861
-5758
-5756
-5740
-5739
-5603
-5443
-5371
-5164
-5041
-5038
-4924
-4906
-4603
-4547
-4487
-4418
-4407
-4376
-4253
-4232
-3723
-3476
-3471
-3456
-3380
-3334
-3220
-2966
-2958
-2711
-2656
-2655
-2581
-2386
-2351
-2333
-2294
-2289
-1995
-1842
-1529
-1495
-1460
-1452
-1367
-1348
-1278
-1200
-1182
-1161
-888
-838
-667
-611
-551
-504
-459
-441
-377
-295
-67
78
148
209
532
616
821
1016
1024
1249
1313
1358
1481
1514
1670
2041
2106
2147
2173
2309
2318
2670
2679
2762
2815
2839
2917
2924
3017
3127
3247
3270
3346
3584
3796
3859
3944
3963
3989
4050
4068
4083
4137
4465
5003
5034
5065
5391
5404
5508
5541
5759
5823
6061
6291
6294
6670
6785
6812
6952
7041
7052
7275
7283
7420
7469
7476
7495
7592
8205
8207
8402
8451
8562
8912
8945
9019
9051
9103
9135
9207
9332
9422
9432
9510
9611
9695
9752
9765
9767
9846
10343
10386
10414
10481
10582
10981
11152
11210
11259
11382
11464
11492
11588
11881
11914
11931
12023
12035
12120
12181
12300
12349
12390
12634
12782
12881
13129
13152
13575
13577
13623
13708
13709
14162
14226
14406
14696
14799
14823
14891
15037
15248
15348
15421
15491
15664
15698
15859
15907
15908
16354
16411
16462
16608
16743
16783
16794
16902
17000
17227
17308
17352
17600
17626
17712
17735
17841
17974
18299
18458
18507
18658
18675
18892
18961
19076
19125
19167
19244
19325
19359
19485
19519
19594
19751
19821
19854
19915
19948
20034
20052
20160
20215
20243
20278
20297
20442
20446
20588
20632
20637
20692
20741
20864
21229
21254
21299
21309
21331
21337
21421
21470
21492
21648
21673
21716
21915
21932
21956
22048
22127
22198
22373
22374
22551
22599
22683
22790
22993
23066
23471
23523
23551
23748
23757
23900
23956
23980
24011
24072
24088
24274
24329
24420
24549
24635
24824
24899
24998
25210
25273
25309
25445
25603
25727
25764
25778
25780
25907
25986
26231
26254
26313
26369
26478
26490
26494
26508
26563
26619
26811
26839
26889
27026
27026
27124
27382
27563
27607
27646
27719
27994
28011
28086
29046
29096
29152
29161
29226
29236
29507
29596
29622
29715
29793
29806
29881
30053
30104
30185
30230
30342
30391
30663
31101
31150
31170
31227
31432
31497
31565
32002
32005
32160
32310
33110
33208
33342
33374
33475
33718
33935
34140
34195
34212
34326
34336
34351
34440
34472
34647
34699
35003
35032
35160
35208
35222
35225
35234
35275
35389
35681
35698
35719
35732
35885
35935
36143
36569
36633
36655
36846
36882
36935
37023
37226
37271
37711
37984
38327
38453
38476
38481
38496
38822
39160
39290
39325
39349
39397
39475
39479
39567
39597
39658
39840
39864
40079
40180
40193
40226
40243
40272
40788
41060
41067
41129
41239
41240
41246
41770
42166
42423
42463
42467
42540
42589
42615
42621
42644
42804
43038
43070
43104
43127
43215
43231
43346
43379
43415
43467
43879
43918
44030
44114
44145
44272
44327
44502
44533
44588
44637
44765
44881
44888
44928
45048
45464
45498
45532
45588
45606
45681
45870
45966
45990
46006
46025
46122
46178
46343
46444
46540
46626
46663
46714
46833
46841
46907
46913
47341
47382
47430
47438
47500
47553
47757
47964
47972
48041
48059
48093
48158
48300
48440
48481
48497
48608
48690
48938
48944
48960
49056
49306
49354
49513
49663
49685
49689
49735
49782
49837
49935
49997
50085
50089
50148
50266
50305
50445
50493
50714
50808
50876
50896
51006
51093
51627
51643
51783
51784
51821
51836
52078
52337
52351
52416
52625
52670
52897
52948
53138
53158
53399
53491
53677
53722
53960
54004
54137
54183
54218
54362
54453
54710
54830
54932
54951
55073
55095
55103
55288
55455
55463
55519
55633
55642
55847
55881
55913
56033
56064
56193
56205
56205
56218
56245
56348
56391
56398
56453
56465
56582
56750
56813
56829
56838
56913
56940
56996
57095
57264
57320
57696
57712
57845
57895
57916
57991
58120
58370
58604
58607
58720
58780
58820
58991
59106
59268
59277
59353
59541
59892
59991
60042
60158
60231
60272
60553
60555
60594
60618
60618
60813
61024
61056
61070
61077
61371
61518
61601
61811
61888
61949
61949
61956
62100
62129
62165
62304
62324
62328
62359
62456
62546
62579
62581
62773
62894
62939
62983
63017
63167
63553
63649
63682
63783
64003
64004
64188
64246
64263
64415
64456
64491
64853
65044
65086
65090
65166
65245
65284
65374
65531
65653
65656
65755
65916
65935
66071
66195
66292
66326
66618
66786
66855
66930
66946
66974
67117
67124
67166
67320
67360
67374
67579
67659
67775
67831
67956
68008
68126
68185
68233
68284
68682
68931
68983
69086
69327
69516
69616
69917
70085
70121
70191
70444
70524
70558
70621
70698
70771
70861
71013
71064
71195
71260
71356
71394
71605
71622
71698
72079
72290
72807
72944
72952
73222
73293
73295
73513
73523
73540
73674
73720
73777
73801
73870
73974
74042
74108
74241
74293
74406
74520
74558
74580
74609
74673
74680
74925
74976
75207
75245
75248
75483
75673
75719
76075
76110
76149
76171
76198
76200
76329
76374
76496
76520
76562
76591
76615
76618
76640
76702
76866
76929
77076
77182
77346
77468
77679
77703
77757
77809
77907
78020
78163
78487
78511
78644
78712
78723
78742
78851
78952
79053
79095
79314
79366
79397
79620
79855
79949
80072
80186
80203
80255
80300
80356
80467
80747
80790
80844
80960
81002
81022
81023
81189
81517
81686
81750
81764
81850
81874
81908
81951
82099
82244
82341
82401
82978
82995
83168
83427
83519
83586
84067
84196
84226
84579
84581
84613
84754
84795
85018
85180
85190
85345
85380
85479
85796
85809
85830
85903
86014
86338
86600
86680
86857
87034
87115
87209
87231
87234
87299
87557
87612
87625
87716
88058
88098
88215
88218
88224
88308
88347
88375
88399
88423
88458
88467
88501
88591
88868
88928
89082
89149
89171
89175
89337
89456
89465
89686
89763
89808
89856
89909
90120
90151
90160
90282
90309
90457
90528
90576
90713
91079
91283
91288
91510
91615
91655
91707
92007
92175
92231
92323
92376
92416
92480
92681
92708
92740
92819
93042
93146
93262
93282
93309
93588
93705
93982
94045
94178
94211
94215
94324
94510
94555
94860
94869
94963
95010
95073
95079
95219
95269
95417
95426
95511
95840
96103
96165
96226
96245
96485
96590
96719
96789
96801
97169
97214
97354
97409
97620
97670
97807
98036
98196
98309
98387
98399
98443
98522
98590
98673
98975
99025
99047
99051
99115
99178
99327
99431
99467
99516
99588
99623
99626
99707
99733
99767
99906
99916
100068
100162
100717
100724
100789
100799
100807
100810
100887
101067
101197
101204
101218
101395
101404
101427
101491
101555
101581
101608
101664
101838
101948
102253
102444
102489
102519
102571
102573
102589
102695
102878
102994
103250
103311
103941
104101
104139
104219
104532
104653
104812
105123
105123
105141
105173
105374
105597
105723
105767
105800
106053
106278
106416
106557
106671
106752
106782
106810
106852
106856
107040
107139
107214
107669
107911
107924
107937
107955
107998
108000
108022
108210
108232
108272
108390
108404
108660
108781
108794
108988
109039
109160
109354
109379
109393
109469
109528
110139
110177
110243
110333
110449
110473
110597
110706
110838
110912
110950
111365
111468
111631
111682
111829
111845
111873
111943
112085
112166
112199
112222
112375
112478
112631
112844
112891
112916
113033
113139
113220
113251
113301
113340
113361
113417
113580
113652
113690
114167
114338
114533
114547
114761
114839
114895
115140
115150
115193
115498
115550
115550
115578
115602
115739
115952
115983
116127
116188
116248
116268
116566
116882
116971
117009
117121
117125
117342
117431
117439
117467
117517
117642
117662
117702
117836
117890
118001
118118
118120
118212
118245
118322
118471
118483
118507
118531
118658
118693
119098
119208
119254
119284
119301
119375
119768
119792
120466
120492
120529
120570
120672
120682
120779
120965
120998
121247
121274
121306
121350
121459
121476
121556
121654
121759
121768
121817
121912
121923
121983
122197
122199
122220
122291
122451
122461
122482
122611
122838
123138
123187
123235
123559
123621
123666
123910
123964
124052
124098
124099
124122
124181
124651
124658
124852
124883
125011
125403
125480
125558
125653
125802
125852
125895
126109
126184
126212
126255
126701
126855
127067
127153
127180
127246
127299
127387
127630
127764
127790
128015
128274
128324
128339
128358
128393
128599
128768
128795
128835
128848
128883
128944
129270
129617
129664
129993
130101
130206
130294
130436
130658
130793
130832
130967
130972
131191
131277
131325
131366
131375
131513
131722
131728
131798
131813
131818
131886
131893
132077
132121
132283
132294
132353
132402
132521
133027
133263
133361
133444
133516
133677
133693
133911
134017
134162
134196
134328
134533
134774
134893
134921
134965
135083
135145
135179
135315
135389
135417
135482
135544
135631
135994
135996
136196
136407
136417
136439
136465
136478
136788
136847
136849
136872
136998
137053
137281
137302
137789
138158
138253
138253
138420
138783
138796
138834
138839
138902
138929
138942
139057
139075
139803
139816
139881
139891
139895
139957
140003
140084
140408
140560
140615
140719
140935
141058
141122
141140
141143
141211
141310
141549
141621
141786
141853
141879
142012
142054
142058
142231
142232
142470
142491
142613
142619
142737
142810
142815
142884
142977
143100
143143
143214
143300
143316
143380
143435
143442
143533
143631
143985
144101
144287
144388
144415
144788
144935
145099
145145
145355
145554
145698
145732
145778
145990
146011
146018
146061
146063
146066
146074
146117
146205
146390
146591
146688
146748
146942
147137
147310
147502
147512
147727
148017
148055
148159
148260
148297
148426
148517
148672
148700
148707
148741
148844
148935
149113
149304
149787
149810
149860
149922
150105
150241
150328
150410
150467
150529
150539
150608
151072
151205
151222
151238
151347
151382
151475
151589
151590
151735
151757
151777
151851
152133
152419
152473
152512
152846
152859
153098
153445
153540
153569
153701
153760
153835
153913
154004
154009
154155
154371
154412
154419
154452
154490
154536
154605
154630
154632
154829
154920
155064
155300
155340
155369
155459
155572
155745
155772
155911
155988
155998
156081
156120
156285
156325
156559
156638
156906
157093
157314
157521
157649
157693
157772
157898
157900
157995
158267
158274
158352
158352
158421
158437
158568
158642
158670
158711
158791
158918
158939
159005
159384
159574
159682
159692
159834
160202
160226
160420
160533
160661
160678
160801
160806
160835
161075
161091
161109
161178
161368
161501
161633
161713
161804
161840
161885
162007
162054
162060
162104
162175
162242
162305
162427
162576
162628
162723
162881
162917
162966
163004
163009
163011
163013
163161
163235
163285
163482
163488
163565
163642
163646
163664
163877
163906
163930
164108
164215
164332
164441
164478
164765
165020
165106
165182
165207
165454
165472
165530
165667
165715
165805
165830
165875
165913
165934
166036
166054
166069
166131
166167
166201
166244
166352
166401
166494
166553
166640
166649
166758
166772
166893
166915
166929
166936
167134
167154
167540
167555
167619
167706
167737
167795
167832
167851
167910
168076
168200
168528
168615
168640
168692
168697
168768
168824
169332
169397
169528
169598
169726
169824
169838
169944
170074
170350
170375
170381
170894
171006
171217
171235
171242
171274
171320
171337
171365
171436
171551
171604
171635
171765
171778
171836
172151
172589
172623
172689
172784
172835
172892
173011
173105
173352
173369
173371
173548
173551
173641
173659
173769
173834
173928
173979
173999
174009
174123
174213
174393
174470
174543
174719
174922
175718
175932
175942
176046
176118
176321
176330
176412
176486
176648
177177
177212
177446
177459
177607
177626
177676
177697
177844
177885
177994
178041
178453
178467
178511
178537
178558
178588
178621
178662
178712
178752
178946
179006
179069
179183
179356
179364
179547
179785
179833
179974
180048
180169
180354
180479
180541
180568
180671
180777
180894
181019
181139
181233
181434
181627
181934
181944
181996
182327
182342
182459
182559
182622
182679
182782
182889
182956
183038
183280
183283
183393
183401
183474
183638
183644
183676
183849
183892
183900
183929
183971
183993
184231
184305
184316
184387
184435
184495
184530
184568
184578
184602
184642
184775
185021
185033
185144
185201
185307
185526
185560
185567
185605
185611
185641
185678
185717
185949
186075
186095
186238
186435
186542
186549
186672
186910
187234
187328
187339
187460
187496
187497
187521
187576
187669
187678
187862
187981
188039
188063
188137
188365
188384
188480
188524
188671
188815
188922
188961
189013
189057
189064
189306
189309
189337
189378
189392
189414
189479
189654
189797
189905
190315
190382
190390
190395
190439
190468
190674
190723
190729
190743
190767
190792
190801
190827
190862
190977
191054
191113
191116
191166
191186
191257
191258
191314
191541
191662
191741
191761
191789
191793
191830
191875
191898
192103
192192
192305
192320
192484
192553
192567
192927
192930
192973
192987
193273
193359
193393
193421
193451
193532
193670
193977
194228
194464
194621
194655
194716
194833
194881
194981
195014
195094
195225
195309
195350
195420
195568
195592
196027
196374
196405
196416
196456
196641
196657
196663
196797
196798
196825
197020
197202
197214
197224
197265
197312
197351
197363
197386
197485
197492
197510
197559
197655
197665
197751
197791
197935
198042
198049
198114
198532
198588
198629
198649
198686
198698
198706
198886
198918
199062
199124
199220
199242
199368
199375
199473
199551
199776
199778
199836
199879
199990
200250
200344
200491
200511
200519
200632
200745
200844
200958
201075
201077
201086
201140
201381
201574
201609
201772
201821
201851
201866
202224
202567
202670
202803
202866
203043
203324
203514
203529
203720
203823
203899
203992
204153
204202
204268
204490
204576
204618
205088
205167
205183
205484
205518
205567
205659
205899
205913
205921
206084
206156
206200
206267
206291
206399
206498
206613
206620
206720
206871
206957
207027
207085
207103
207111
207169
207255
207265
207295
207564
207983
208110
208145
208193
208270
208466
208486
208509
208549
208607
208661
208788
208908
209175
209319
209322
209342
209378
209579
209603
209638
209771
210069
210098
210168
210257
210371
210397
210437
210569
210631
210691
210782
210843
210849
210967
211108
211152
211206
211245
211371
211378
211630
211726
211859
211926
212052
212073
212106
212208
212208
212257
212274
212438
212479
212509
212623
212742
212914
212956
213055
213080
213125
213157
213162
213171
213182
213246
213388
213398
213491
213533
213560
213608
213653
213662
213730
213803
213847
213900
213922
214077
214168
214171
214317
214326
214420
214559
214564
214708
214755
214766
214850
214984
214987
215324
215555
215661
215868
216091
216189
216194
216387
216478
216494
216623
216685
216949
217363
217380
217397
217439
217498
217500
217501
217534
217573
217606
217636
217674
217680
217715
217721
217790
217822
218024
218065
218138
218160
218362
218369
218395
218425
218522
218569
218619
218676
218753
218801
218903
218991
219030
219092
219204
219295
219373
219378
219542
219679
219995
220219
220275
220564
220673
221010
221083
221173
221276
221283
221346
221403
221498
221581
221603
221722
221921
222016
222125
222180
222381
222394
222585
222644
222708
222878
222929
223078
223084
223191
223306
223308
223435
223529
223536
223838
223913
223969
224279
224328
224547
224788
224895
224962
225013
225162
225264
225271
225351
225625
225701
225889
225958
225992
226068
226107
226287
226319
226470
226491
226494
226668
226798
226890
226935
226943
227219
227268
227536
227563
227572
227737
228002
228059
228086
228335
228439
228501
228665
228707
228760
229009
229084
229260
229269
229287
229478
229612
229617
229651
229722
229961
230013
230040
230270
230332
230508
230522
230553
230625
230626
230639
230652
230662
230745
230819
230833
230845
230869
231020
231149
231178
231306
231486
231573
231708
232038
232087
232177
232208
232293
232371
232373
232483
232584
232614
232981
233080
233115
233168
233183
233286
233597
233699
233736
233781
233919
233950
234236
234281
234349
234363
234627
234700
234862
234926
234937
234972
235133
235380
235406
235468
235524
235533
235647
235659
235666
235702
235936
236007
236051
236118
236168
236208
236388
236558
236611
236665
236667
236669
236786
236843
237130
237321
237414
237419
237472
237553
237572
237974
238016
238084
238157
238190
238217
238231
238240
238253
238270
238311
238464
238491
238730
238885
239003
239053
239176
239222
239595
239722
239806
240019
240058
240148
240306
240330
240364
240469
240812
241205
241211
241347
241531
241630
241651
241708
241716
241827
241974
242095
242211
242472
242583
242867
242908
243058
243085
243159
243214
243268
243359
243471
243571
243578
243584
243706
243769
243958
243972
244114
244184
244258
244283
244393
244429
244469
244513
244635
244677
244789
244810
244967
245025
245103
245185
245352
245370
245446
245746
245770
245792
245936
245992
246006
246106
246265
246312
246317
246612
246738
246849
246861
246890
247043
247102
247172
247224
247227
247236
247289
247372
247452
247483
247563
247589
247707
247795
247902
247931
248067
248126
248166
248175
248207
248240
248376
248385
248436
248636
248833
249103
249118
249235
249385
249497
249556
249778
249805
249899
249905
249924
250097
250121
250198
250383
250393
250650
250940
250969
250970
251056
251276
251351
251564
251603
251611
251666
251728
251815
251867
251904
252159
252161
252190
252193
252339
252347
252358
252760
252898
252917
252993
253119
253165
253188
253331
253331
253370
253515
253754
253758
253807
253810
253894
253905
254048
254172
254202
254301
254367
254427
254724
254730
254732
255012
255122
255190
255287
255310
255516
255532
255682
255703
255761
255800
255897
255976
256054
256437
256529
256639
256647
256796
256904
257000
257156
257171
257474
257636
257704
257822
257933
258141
258143
258264
258277
258277
258466
258541
258547
258570
258573
259045
259265
259430
259564
259817
259884
259933
260014
260104
260152
260179
260337
260378
260390
260471
260493
260581
260637
260642
260669
260721
261296
261303
261387
261422
261455
261464
261581
261726
261773
261785
261821
261874
262050
262228
262246
262379
262407
262469
262635
262960
263076
263128
263131
263152
263279
263338
263520
263748
263798
263806
263822
263852
263870
263879
263914
263975
264081
264169
264221
264314
264385
264590
264661
264683
264795
264861
264976
265001
265044
265192
265215
265256
265438
265629
265646
265678
265687
265743
265909
265928
265936
266090
266203
266256
266317
266622
266721
266963
267034
267194
267275
267430
267432
267532
267786
267825
267838
267881
267958
268060
268072
268101
268107
268275
268353
268407
268576
268668
268840
269000
269030
269201
269493
269598
269765
270004
270035
270053
270142
270218
270308
270342
270404
270450
270466
270495
270676
270837
270854
271064
271091
271136
271310
271416
271473
271530
271562
271603
271633
271742
271759
271853
272080
272084
272160
272199
272213
272339
272379
272418
272430
273045
273160
273200
273205
273291
273404
273451
273472
273509
273533
273621
273640
273940
273966
274086
274284
274326
274474
274516
274634
274944
275005
275121
275176
275192
275197
275372
275491
275523
275606
275630
275630
275757
275779
275785
275921
276253
276509
276590
276688
276729
277060
277216
277388
277388
277471
277586
277645
277673
277688
277799
277821
277968
277974
277979
277984
277990
278519
278634
278710
278738
278915
279027
279079
279100
279175
279177
279323
279461
279644
279696
279871
280260
280305
280366
280379
280423
280591
280654
280791
280917
280927
280950
280957
281414
281447
281479
281489
281599
281674
281823
281886
282015
282206
282212
282215
282334
282347
282360
282489
282517
282574
282583
282586
282610
282799
282853
282886
282998
283024
283225
283263
283539
283632
283648
283657
283737
283748
283809
283937
284004
284088
284116
284277
284296
284300
284373
284436
284464
284495
284520
284624
284773
284927
284962
285006
285011
285051
285094
285234
285501
285532
285605
285653
285657
285720
285721
285730
285976
286118
286166
286198
286330
286494
286507
286579
286629
286636
286706
286764
286905
287039
287207
287209
287372
287502
287536
287844
288223
288455
288478
288636
288713
288794
289041
289087
289098
289260
289323
289347
289584
289799
289866
289983
290039
290316
290387
290462
290474
290545
290548
290642
290851
290913
290931
290938
291110
291194
291462
291551
291620
291775
291929
291942
291960
292076
292079
292252
292280
292328
292421
292628
292853
292870
292995
293058
293092
293293
293304
293369
293371
293395
293408
293428
293627
293806
293831
293836
294077
294108
294222
294245
294271
294455
294571
294608
294704
294754
294807
294935
295327
295353
295537
295662
295773
295843
295853
295987
296079
296322
296416
296643
296656
296680
296703
296784
296866
297070
297194
297727
297745
297771
297861
297942
298062
298243
298334
298429
298454
298459
298534
298621
298668
298802
298900
298943
298956
298983
299226
299279
299304
299305
299306
299602
299715
299738
299871
299875
299916
300198
300231
300522
300583
300720
300855
300926
301000
301025
301044
301057
301473
301485
301569
301684
301758
301766
301883
301913
302237
302359
302520
302707
302742
303079
303407
303616
303630
303798
303879
303906
303986
303994
304058
304122
304285
304316
304437
304470
304510
304650
304691
304726
304824
304943
305142
305199
305254
305411
305438
305438
305691
305753
305773
305898
306052
306193
306386
306638
306738
306796
306815
306833
306903
306945
307024
307060
307098
307175
307502
307509
307537
307580
307683
307738
307775
307931
308001
308026
308394
308580
308683
308706
308754
308814
308891
308942
309008
309179
309239
309244
309331
309482
309707
309842
309872
310001
310044
310090
310134
310278
310385
310461
310474
310565
310578
310580
310627
310697
310697
310760
310927
311327
311436
311441
311500
311784
311853
311883
311904
311907
312122
312200
312223
312306
312313
312428
312538
312602
312805
312880
312993
313023
313219
313259
313270
313610
313624
313660
313775
313823
314026
314066
314242
314307
314364
314518
314527
314571
314582
314661
314870
315067
315077
315171
315189
315259
315424
315525
316131
316239
316249
316283
316306
316524
316555
316564
316709
316753
316810
316833
316849
317115
317179
317189
317370
317524
317585
317696
317857
317901
317920
317952
318114
318180
318308
318321
318751
318832
318940
318950
319067
319461
319728
319743
319772
319851
319952
320055
320067
320128
320341
320431
320521
320571
320746
320804
320891
320918
320950
321044
321096
321182
321301
321405
321429
321566
321574
321691
321806
322010
322241
322366
322394
322483
322509
322712
322752
322759
322786
323079
323095
323119
323134
323213
323413
323732
323888
324104
324136
324164
324196
324246
324251
324339
324478
324495
324588
324704
324738
324753
324818
324825
324912
324989
325109
325288
325320
325588
325672
325724
325819
326115
326149
326207
326222
326240
326258
326539
326579
326784
326920
326987
327123
327161
327172
327175
327205
327206
327277
327337
327355
327442
327463
327503
327570
327583
327599
327697
327742
327918
327932
328066
328153
328320
328592
328623
328731
328999
329048
329140
329199
329205
329348
329647
329686
329734
329861
329989
330039
330180
330185
330196
330266
330381
330542
330990
331006
331132
331363
331442
331469
331702
331791
331800
331810
332061
332168
332217
332229
332263
332454
332469
332512
332617
332808
332808
332937
332957
333036
333115
333257
333273
333360
333463
333528
333549
333587
333622
333964
333971
334043
334238
334306
334402
334420
334426
334575
334641
334886
335191
335206
335212
335496
335537
335618
335687
335699
335706
335772
335965
336111
336139
336446
336564
336573
336703
336755
336763
336841
336843
336900
337187
337205
337249
337286
337319
337338
337341
337396
337434
337609
337786
337892
337912
337922
337928
338047
338052
338096
338114
338139
338349
338351
338397
338741
338796
338824
338902
339014
339070
339302
339382
339492
339591
339714
339882
339941
340019
340020
340082
340244
340349
340373
340389
340771
340967
341176
341249
341361
341382
341575
341629
341642
342094
342135
342200
342244
342274
342315
342344
342345
342378
342707
342924
342933
342937
343062
343112
343115
343604
343636
343692
343986
343999
344146
344150
344158
344410
344418
344448
344580
344589
344607
344642
344712
344732
344805
344824
345075
345354
345483
345536
345544
345648
345670
346027
346182
346252
346304
346364
346460
346498
346525
346664
346815
347047
347216
347393
347445
347588
347756
347850
347899
348168
348200
348313
348705
348796
348968
349094
349219
349240
349802
349877
349901
349931
350002
350024
350031
350137
350139
350360
350464
350644
350665
350694
350736
350806
350835
350909
350987
351111
351328
351507
351539
351640
351647
351791
352251
352348
352374
352382
352466
352614
352658
352894
352901
353115
353161
353249
353324
353436
353492
353496
353606
353629
353651
353674
353761
353873
353901
353945
353961
354003
354461
354493
354790
354854
355082
355405
355450
355497
355504
355523
355651
355721
355803
356093
356096
356161
356194
356308
356539
356682
356758
356867
357082
357158
357188
357250
357285
357292
357360
357649
357758
357767
357783
358032
358111
358148
358356
358437
358541
358855
358860
358882
359106
359143
359162
359492
359546
359576
359641
359796
360162
360189
360305
360370
360524
360604
360740
360891
361152
361178
361463
361562
361731
361801
361830
361882
361953
362145
362523
362773
362881
363020
363182
363237
363243
363295
363387
363483
363624
363723
363729
363906
364058
364197
364447
364510
364598
364602
364655
364703
364852
365042
365106
365139
365192
365221
365359
365398
365577
365589
365650
365717
365742
365835
365884
365897
365969
366206
366363
366419
366562
366860
366919
367171
367184
367189
367394
367461
367612
367759
367808
367819
367849
367857
367870
367939
368002
368299
368446
368524
368563
368563
368638
368662
368895
368920
368932
368980
369157
369191
369218
369350
369407
369413
369417
369436
369733
369941
369949
370036
370040
370166
370215
370216
370224
370226
370348
370609
370649
370692
370825
370893
370912
371109
371110
371239
371266
371330
371364
371551
371631
371690
371853
371902
372168
372234
372374
372404
372406
372495
372640
372743
372789
372880
372916
372930
372933
373129
373193
373519
373593
373757
373772
373809
373811
374025
374113
374214
374290
374337
374374
374436
374463
374791
374875
374958
375005
375087
375169
375179
375183
375236
375255
375553
375560
375570
375616
375631
375636
375691
375859
375871
376139
376145
376185
376196
376413
376425
376427
376633
376675
376700
376719
376790
377020
377324
377521
377578
377927
377994
378193
378773
378846
378868
379099
379175
379210
379293
379306
379586
379678
379711
379715
379888
379921
379924
379999
380227
380478
380619
380703
380723
380726
381044
381105
381118
381196
381249
381261
381285
381353
381473
381483
381607
381744
381803
381806
381844
382165
382179
382208
382228
382497
382566
382572
382589
382618
382770
383067
383154
383200
383314
383463
383709
383716
383720
383759
383790
384204
384242
384307
384434
384458
384569
384663
384718
384767
384868
385024
385043
385213
385316
385382
385463
385606
385756
386065
386087
386096
386144
386438
386774
386868
387088
387106
387108
387140
387150
387192
387251
387714
387966
387971
388088
388274
388290
388324
388406
388416
388560
388581
388613
388759
389101
389171
389233
389264
389336
389437
389447
389499
389697
389828
389851
389854
389957
389998
390045
390072
390179
390378
390395
390506
390590
390603
390694
390825
390838
390859
390888
390959
391017
391070
391102
391135
391214
391233
391499
391507
391541
391599
391724
391821
391965
391972
392021
392099
392257
392355
392628
392660
392688
392999
393151
393153
393237
393307
393521
393619
393640
393667
393678
393707
393724
393854
393916
394018
394021
394023
394066
394226
394239
394323
394418
394504
394850
395191
395466
395466
395601
395687
395845
395852
395959
396059
396377
396490
396492
396531
396591
396725
396785
396841
396855
396873
396900
396964
396965
397011
397038
397085
397088
397136
397189
397385
397451
397552
397557
397622
397672
397777
398144
398191
398415
398505
398523
398804
398966
399348
399349
399403
399475
399717
399915
399934
400038
400365
400574
400597
401054
401136
401195
401205
401214
401253
401433
401502
401572
401599
401609
401643
401714
401850
401864
401945
402060
402116
402135
402435
402444
402504
402520
402542
402656
402671
402783
402793
402896
403116
403124
403266
403352
403393
403579
403846
403886
403938
404098
404169
404241
404299
404329
404495
404605
404888
405059
405144
405245
405291
405426
405626
405650
405677
405744
405889
405939
406180
406229
406252
406437
406510
406516
406643
406706
406732
406818
406840
407253
407326
407365
407460
407522
407590
407648
407695
407710
407712
407884
407940
408001
408243
408252
408424
408430
408432
408482
408509
408515
408523
408554
408630
408660
408669
408784
408825
408891
408892
408932
409349
409355
409880
410085
410097
410446
410530
410598
410621
410701
410813
410825
410890
410924
411027
411088
411120
411194
411252
411421
411519
411526
411726
411841
412206
412339
412494
412540
412571
412578
412815
412891
413064
413096
413110
413133
413160
413172
413181
413272
413368
413490
413585
413590
413594
413627
413659
413661
413742
413772
413777
413811
414003
414161
414195
414232
414269
414277
414322
414551
414630
414673
414721
414942
414963
415004
415131
415274
415383
415451
415608
415609
415613
415681
415740
415770
415807
415822
415865
415994
416144
416325
416379
416456
416631
416847
416975
417029
417029
417127
417176
417217
417414
417422
417537
417749
417795
417818
417988
418102
418106
418335
418362
418550
418570
418631
418657
418677
418719
418726
418906
419047
419107
419133
419187
419266
419300
419342
419384
419516
419560
419589
419716
419779
419790
419952
419969
420069
420314
420326
420365
420608
420616
420751
421000
421075
421136
421209
421484
421538
421702
421869
421987
422088
422187
422418
422452
422533
422820
422869
423152
423193
423249
423378
423435
423685
423704
423739
423805
423944
424063
424080
424226
424490
424587
424669
424744
424814
424817
424865
424872
424987
424996
425053
425163
425401
425503
425662
426098
426104
426133
426254
426316
426342
426355
426498
426561
426562
426644
426692
426797
426870
426947
427215
427345
427378
427479
427496
427498
427584
427733
427803
427898
427930
428023
428033
428107
428110
428185
428189
428250
428286
428307
428309
428489
428538
428544
428683
428719
428742
428752
428764
428825
429249
429261
429271
429355
429504
429525
429563
429714
429753
430014
430183
430232
430283
430515
430771
430830
430836
430999
431040
431107
431122
431124
431270
431544
431621
431705
431767
431790
431895
431978
432051
432159
432290
432429
432523
432675
432871
432906
433159
433258
433402
433587
433618
433659
433743
433807
433866
433868
433884
434013
434044
434669
434718
434721
434993
435010
435521
435584
435624
435849
435942
435993
436012
436214
436230
436245
436317
436349
436381
436498
436510
436644
436651
436748
436773
436876
436975
437069
437155
437247
437353
437421
437432
437456
437561
437569
437591
437624
437632
437880
438062
438242
438272
438358
438440
438564
438691
438773
439105
439117
439231
439294
439324
439395
439499
439540
439588
439628
439670
439936
440003
440189
440276
440283
440298
440339
440390
440420
441177
441296
441605
441747
441869
442023
442231
442246
442277
442313
442620
442632
442644
442739
442894
442913
442995
443118
443179
443228
443381
443406
443535
443546
443601
443634
443704
444091
444161
444242
444251
444373
444547
444671
444772
444827
444840
444882
444981
445030
445119
445343
445796
445885
446018
446028
446146
446279
446290
446409
446456
446541
446566
446579
446624
446684
446722
446895
446908
446913
447006
447055
447141
447485
447535
447610
447873
448051
448060
448169
448247
448376
448407
448443
448460
448483
448575
448701
449081
449216
449279
449333
449407
449865
449897
449986
449990
450019
450032
450037
450298
450464
450492
450499
450518
450534
450603
451143
451164
451382
451400
451407
451643
451666
451766
451766
452189
452263
452398
452440
452874
452946
453097
453283
453349
453548
453640
453642
453676
453689
453876
454348
454487
454585
454627
454765
454843
454967
455047
455082
455149
455179
455184
455249
455262
455342
455377
455643
455651
455653
455718
455746
455876
456286
456404
456466
456473
456483
456487
456493
456665
456749
456837
456943
456958
457465
457523
457557
457621
457737
458093
458328
458688
458950
458958
459023
459169
459364
459513
459525
459586
459635
459716
459721
459935
459937
460020
460269
460289
460302
460365
460378
460675
460831
460962
461100
461180
461277
461446
461524
461761
461765
461770
462185
462199
462201
462294
462314
462317
462338
462354
462392
462514
462557
462564
462631
462687
462717
462867
462879
462980
463034
463108
463352
463446
463588
463667
463730
464121
464181
464443
464497
464611
464703
464770
464804
464937
464977
465310
465323
465465
465522
465523
465610
465624
465761
465785
465811
465962
466008
466020
466293
466400
466692
466720
466796
467123
467159
467248
467395
467421
467450
467766
467808
467855
467890
467991
468160
468210
468375
468447
468452
468495
468555
468565
468584
468626
468720
468865
469218
469410
469441
469607
469622
469718
469805
469839
470004
470143
470430
470510
470581
470749
470831
471106
471108
471352
471408
471443
471456
471659
471802
472071
472223
472597
472666
472833
473051
473275
473326
473359
473535
473578
473784
473858
473939
474069
474122
474137
474181
474232
474238
474297
474341
474427
474447
474495
474542
474863
475087
475414
475588
475588
475668
476007
476022
476052
476156
476277
476659
476746
476891
477006
477068
477104
477441
477524
477731
477916
477950
478099
478174
478285
478413
478513
478552
478620
478626
478740
478748
479057
479154
479186
479212
479219
479252
479427
479464
479641
479687
479690
479699
479734
479760
479779
479849
479892
479920
479933
479992
480142
480192
480201
480622
480686
480957
480992
481034
481037
481104
481143
481297
481462
481699
481726
481796
481823
481881
481928
482027
482211
482307
482359
482368
482379
482414
482812
482814
482929
482974
482985
483015
483047
483297
483340
483594
483829
483841
483873
484088
484103
484107
484306
484336
484351
484443
484477
484567
484680
484866
485044
485047
485197
485323
485534
485585
485599
485800
485962
485977
485980
486037
486171
486175
486196
486274
486424
486539
486718
486854
486861
486953
487051
487107
487203
487206
487563
487600
487681
487711
487774
488178
488263
488331
488341
488476
488833
489025
489073
489292
489444
489599
489807
489923
490011
490102
490207
490209
490235
490292
490346
490445
490542
490690
490720
490767
490768
491094
491106
491114
491644
491673
491886
492028
492476
492582
492702
492714
492798
492846
492894
492943
492948
493004
493107
493188
493283
493304
493321
493328
493490
493498
493646
494312
494395
494665
494771
494848
495045
495076
495082
495106
495174
495175
495204
495243
495352
495368
495449
495453
495455
495537
495644
495731
495816
495916
496007
496019
496041
496133
496268
496304
496330
496360
496449
496449
496471
496661
496853
496855
496975
496977
497049
497103
497148
497252
497385
497656
497765
497773
497875
497878
497888
497927
498061
498096
498149
498335
498426
498529
498575
498747
498874
498949
498957
499011
499055
499161
499333
499348
499385
499574
499586
499729
499739
499742
499758
499883
499933
499943
500221
500229
500524
500681
500839
500868
500917
500993
501070
501081
501269
501279
501290
501349
501823
501908
502050
502265
502441
502498
502609
502694
502777
502988
503037
503094
503224
503382
503452
503677
503840
503875
504051
504063
504348
504383
504394
504577
504601
504639
504652
504915
505137
505271
505347
505405
505448
505473
505502
505572
505754
505862
505976
506177
506193
506240
506302
506366
506443
506456
506464
506514
506611
506667
506873
506966
507074
507179
507318
507442
507472
507518
507629
507772
507783
507810
507981
508049
508162
508300
508571
508584
508637
508659
508724
508799
508945
508967
508989
509139
509205
509213
509414
509446
509721
510068
510091
510119
510185
510410
510440
510486
510510
510595
510689
510690
510711
510862
510867
511056
511286
511390
511416
511528
511566
511611
511624
511716
511746
511757
512072
512294
512459
512471
512736
512782
512911
513043
513086
513096
513317
513333
513380
513392
513624
513648
513877
514014
514172
514213
514252
514270
514306
514340
514407
514621
514824
514830
515067
515277
515300
515372
515450
515486
515501
515510
515632
515712
515858
515906
516002
516157
516184
516194
516203
516239
516356
516372
516490
516657
516836
516900
516902
516923
517179
517226
517262
517335
517497
517566
517593
517725
517727
517733
517993
518217
518303
518522
518583
518686
518733
518902
518969
519088
519338
519404
519504
519514
519664
519795
519883
519928
520081
520205
520410
520575
520604
520625
520818
521049
521133
521143
521515
521541
521668
521739
521840
521933
522005
522030
522031
522175
522261
522318
522414
522422
522461
522615
522866
522977
523025
523099
523180
523294
523347
523451
523937
524019
524022
524025
524050
524626
524784
524990
525063
525149
525240
525285
525293
525445
525866
525914
525928
525996
526000
526159
526219
526254
526285
526672
526766
526767
526866
526961
526974
527114
527118
527139
527307
527392
527463
527660
527986
528061
528087
528173
528253
528272
528474
528610
528614
528641
528771
528798
528798
528856
528925
528963
528979
529235
529553
529608
529653
529691
530078
530213
530337
530409
530505
530542
530563
530641
530992
531094
531181
531258
531535
531597
531687
531869
532073
532127
532157
532192
532645
532687
532756
532777
532940
532957
533051
533158
533325
533337
533442
533467
533491
533598
533604
533894
533974
534040
534155
534157
534236
534337
534437
534589
534673
534728
534797
534914
535036
535111
535239
535285
535451
535488
535577
535635
535667
535932
535935
536147
536279
536510
536575
536875
536901
536972
536982
537110
537136
537279
537367
537502
537597
537599
537640
537728
537892
537949
538041
538078
538191
538327
538336
538379
538397
538417
538549
538647
538653
538747
538841
538916
538986
539353
539380
539479
539499
539503
539512
539517
539628
539646
539843
539964
540174
540212
540273
540310
540460
540483
540500
540505
540523
540529
540641
540724
540777
540927
541336
541436
541527
541556
541564
541594
541719
542062
542101
542124
542234
542396
542455
542580
542619
542723
542733
542739
542944
542951
542958
542981
543033
543302
543440
543651
543684
543745
543754
543758
543800
543857
544117
544120
544184
544301
544335
544436
544444
544597
544792
544799
544820
544963
545012
545085
545114
545446
545539
545702
545856
546010
546038
546105
546151
546161
546310
546751
547002
547484
547520
547612
547720
547932
547959
548002
548077
548083
548145
548360
548469
548568
548731
548931
548944
548971
549086
549185
549273
549314
549422
549523
549560
549736
550000
550026
550177
550321
550457
550609
550631
550804
550805
551114
551123
551163
551234
551367
551432
551447
551460
551504
551618
551945
552069
552133
552578
552749
552815
552825
553082
553295
553542
553561
553603
553653
553680
553686
553770
553877
553886
553976
554347
554348
554518
554604
554694
554753
554754
554814
555169
555241
555373
555489
555646
555657
555662
555846
556073
556108
556357
556471
556512
556575
556616
556753
557075
557136
557187
557388
557532
557700
557832
557833
557857
557926
557998
558148
558155
558230
558308
558409
558610
558764
558815
558820
558853
558878
559172
559187
559335
559494
559499
559837
559935
559991
560064
560298
560363
560394
560488
560686
560738
560817
560914
561049
561084
561137
561181
561310
561491
561711
561762
561785
561896
561913
562020
562153
562205
562237
562535
562620
562679
562758
562989
563102
563108
563182
563400
563463
563774
563882
563893
563922
564217
564474
564487
564551
564852
564991
565011
565033
565086
565097
565203
565210
565238
565280
565336
565387
565390
565464
565575
565619
565684
565723
565864
565869
565981
566302
566339
566419
566469
566633
566667
566866
566877
567004
567019
567054
567093
567260
567276
567303
567398
567398
567414
567490
567601
567653
567870
567891
567928
568065
568323
568339
568461
568810
568855
568975
569154
569288
569329
569344
569349
569374
569507
569599
569610
569627
569669
569782
569788
569852
569985
570136
570277
570293
570392
570431
570513
570560
570635
570696
570828
570836
570840
571044
571111
571184
571415
571428
571475
571507
571577
571756
571791
571844
571935
571977
572025
572043
572046
572089
572093
572170
572560
572747
572909
572954
572960
572961
573236
573286
573296
573573
573682
573937
574140
574302
574311
574524
574696
574878
574928
574997
575027
575119
575182
575213
575304
575356
575539
575610
575648
575748
575799
575805
575945
575958
576015
576110
576114
576122
576127
576141
576175
576214
576427
576716
576750
576755
576775
576923
576990
577021
577278
577353
577507
577618
577817
577840
577874
577885
577965
578028
578208
578286
578326
578367
578465
578500
578746
578909
578936
578968
578992
579031
579268
579313
579331
579411
579515
579632
579709
579755
579791
579807
580116
580232
580479
580926
581101
581213
581286
581300
581460
581592
581598
581702
581727
581907
581931
581944
582020
582121
582549
582664
582835
583101
583163
583421
583664
583675
583757
583780
583787
583960
584037
584160
584200
584302
584357
584372
584375
584419
584476
584535
584757
584847
584999
585059
585126
585163
585295
585382
585597
585603
585758
585821
585855
585913
586115
586117
586170
586308
586335
586516
586591
586633
586668
586693
586715
586732
586759
587051
587105
587247
587406
587471
587603
587649
587739
587770
587912
588056
588264
588313
588327
588453
588498
588995
589061
589287
589325
589635
589723
589910
590000
590086
590129
590195
590260
590314
590420
590656
590679
590707
590775
590805
590943
591061
591299
591360
591478
591624
591685
591728
591790
591960
591970
591977
591993
592006
592064
592256
592538
592544
592598
592620
592632
592800
592933
592949
592980
593010
593039
593290
593415
593477
593551
593569
593777
593841
593872
594064
594064
594139
594197
594298
594371
594670
594925
594972
595315
595340
595439
595447
595467
595537
595731
595930
596147
596174
596285
596461
596561
596708
596764
596777
596807
596904
596919
597054
597082
597244
597321
597428
597587
597594
597651
597918
597938
597949
598060
598123
598150
598216
598231
598339
598340
598399
598436
598504
598632
598650
598705
598714
598909
598973
599035
599126
599157
599213
599402
599588
599614
599623
599757
599893
599967
600270
600420
600444
600451
600618
600625
600691
600863
601085
601139
601283
601396
601430
601818
601957
602064
602287
602405
602503
602509
602550
602867
602906
602985
602998
603032
603072
603183
603216
603284
603335
603436
603503
603643
603688
603720
603750
603769
603950
604083
604091
604095
604243
604290
604506
604575
604688
604758
604788
604935
605010
605022
605039
605122
605165
605237
605311
605407
605408
605560
605601
605807
605879
605942
605946
605955
605991
606044
606096
606218
606220
606313
606414
606440
606527
606757
606847
607110
607428
607467
607502
607519
607693
607828
607882
607950
608060
608112
608115
608340
608467
608769
608803
608883
608935
608985
609142
609182
609476
609536
609553
609671
609795
609832
609946
609951
610000
610010
610013
610044
610165
610233
610241
610366
610448
610698
610706
610754
610848
610928
611165
611165
611271
611376
611416
611643
611655
611776
612138
612184
612197
612321
612347
612850
612861
612931
612973
613060
613102
613172
613224
613288
613309
613389
613410
613475
613762
613769
613832
613941
614069
614080
614100
614134
614289
614365
614476
614533
614650
614896
614897
614999
615171
615175
615220
615279
615285
615335
615818
615868
615902
615934
615991
616112
616386
616450
616561
616574
616631
616804
616936
616976
617053
617122
617133
617247
617294
617374
617486
617648
617752
617767
617951
617979
617992
618007
618051
618209
618225
618310
618428
618496
618545
618563
618575
618828
618863
618930
618988
619038
619049
619149
619233
619431
619473
619480
619605
619671
619682
619772
619808
619832
619862
619890
620037
620046
620075
620107
620110
620188
620300
620375
620627
620649
620753
620889
621212
621282
621435
621525
621635
621653
621653
621824
621881
621919
622090
622190
622234
622319
622570
622594
622716
622718
622789
622811
622847
622969
623318
623388
623454
623522
623605
623646
623808
624480
624643
624671
624738
624958
625346
625400
625435
625582
625767
625792
625868
625918
626133
626353
626534
626541
626611
626741
626845
626860
626981
627025
627199
627226
627524
627647
627749
627802
627806
628038
628038
628074
628215
628264
628264
628356
628364
628402
628515
628536
628586
628608
628947
628949
628975
629005
629066
629123
629131
629148
629211
629279
629445
629619
629676
629765
629812
629938
630383
630404
630638
630666
630932
630963
631026
631178
631205
631232
631428
631438
631770
631921
631942
632160
632315
632546
632562
632590
632605
632766
632927
633004
633045
633360
633368
633556
633595
633721
633747
633802
633861
633885
633971
634152
634153
634211
634403
634467
634484
634486
634570
634602
634820
634909
635023
635054
635183
635198
635201
635275
635310
635313
635364
635749
635899
635944
636009
636372
636486
636681
636772
636814
636877
636923
636948
637015
637090
637160
637255
637259
637334
637450
637454
637682
637793
637801
637801
637977
638082
638507
638509
638789
638789
638801
638905
639007
639116
639173
639243
639342
639375
639464
639682
639750
639858
639952
640018
640120
640130
640258
640401
640541
640692
640705
640826
640849
640985
641173
641218
641322
641459
641515
641523
641532
641734
641824
641936
642020
642041
642159
642183
642226
642256
642281
642313
642352
642360
642383
642406
642529
642531
642537
642571
642615
642673
642751
642768
642772
642843
642876
643147
643348
643359
643400
643471
643514
643611
643625
643647
643677
643710
643804
643870
643921
644080
644088
644199
644325
644339
644478
644543
644636
644662
644680
644833
644847
644902
645033
645071
645180
645447
645517
645581
645599
645639
645962
645976
646073
646104
646259
646357
646381
646566
646687
646763
646770
646897
646970
647028
647054
647074
647561
647604
647606
647728
647730
648118
648192
648265
648415
648737
648786
648851
648864
649091
649099
649369
649453
649545
649731
649737
649806
649842
650115
650180
650182
650323
650480
650718
650857
651044
651152
651157
651175
651181
651220
651289
651307
651378
651425
651544
651579
651580
651623
651638
651725
651810
651917
652189
652379
652380
652578
652579
652703
652714
652988
652995
653090
653184
653278
653418
653523
653537
653569
653841
654054
654139
654230
654277
654363
654530
654604
654666
654668
654830
655075
655323
655523
655659
655689
655792
655792
655814
655832
655974
656193
656701
656705
656767
656817
656833
657053
657225
657340
657350
657358
657498
657515
657527
657662
657778
657780
657883
657893
657943
658031
658083
658113
658137
658163
658177
658339
658345
658423
658439
658483
658553
658606
658627
658684
658757
658835
659041
659060
659071
659086
659238
659252
659342
659477
659486
659529
659565
659787
659821
659853
659986
660290
660341
660388
660405
660722
660773
660899
661034
661087
661281
661334
661419
661453
661471
661486
661494
661648
661659
661665
661751
661850
661884
661967
662037
662046
662124
662174
662183
662371
662408
662423
662528
662583
662593
662718
662768
662811
662813
662845
662904
663267
663278
663281
663359
663475
663516
663903
663903
663931
664028
664037
664048
664061
664275
664310
664326
664350
664483
664583
664601
664688
664705
664759
665104
665113
665135
665288
665443
665521
665600
665616
665645
665663
665834
665878
665891
666156
666167
666258
666283
666848
666850
667045
667045
667165
667201
667201
667211
667248
667248
667463
667481
667655
667815
667953
668087
668155
668164
668184
668232
668643
669111
669361
669445
669471
669592
669751
670002
670069
670181
670279
670391
670416
670483
670520
670753
671044
671128
671202
671202
671276
671320
671350
671467
671556
671562
671575
671588
671588
671607
671734
671760
671765
671776
671914
671927
672028
672077
672283
672342
672458
672573
672867
672900
672904
672925
673050
673098
673136
673141
673157
673264
673520
673584
673826
673887
673891
673952
674038
674075
674175
674208
674226
674481
674530
674596
674691
675055
675153
675285
675317
675390
675400
675665
675732
675838
675945
675978
676274
676289
676873
677076
677359
677421
677516
677650
677751
677992
678010
678177
678285
678671
678862
678975
679141
679200
679301
679482
679484
679573
679578
679578
679597
679769
679901
680128
680416
680471
680495
680625
680660
680683
680696
680737
680781
680976
680976
681012
681274
681405
681421
681424
681509
681615
681667
681697
681705
681773
682018
682055
682059
682224
682280
682388
682658
682939
682963
682971
683447
683616
683704
683881
683895
684209
684321
684404
684546
684702
684770
684847
684984
685218
685278
685352
685542
685751
685981
686017
686081
686321
686453
686620
686713
686721
686841
686931
686968
687029
687146
687455
687502
687581
687697
687811
687832
687835
687842
687915
687962
687969
688033
688040
688219
688357
688476
688878
688920
689064
689199
689220
689465
689484
689526
689563
689722
689771
689828
689871
689923
689956
690043
690115
690127
690237
690248
690320
690410
690426
690452
690477
690532
690569
690972
691045
691156
691182
691385
691474
691539
691570
691652
691708
691712
691718
691752
691930
692196
692336
692557
692609
692631
692652
692670
692864
693139
693208
693221
693239
693338
693400
693767
693905
693982
694065
694272
694336
694499
694535
694596
694624
694904
695150
695221
695469
695820
695864
696175
696277
696356
696437
696475
696551
696567
696731
697032
697094
697361
697443
697450
697561
697576
697648
697744
697787
697952
698278
698295
698313
698369
698435
698476
698481
698671
698698
698780
698803
698814
698840
699000
699319
699383
699586
700001
700072
700160
700197
700264
700477
700484
700542
700578
700596
700622
700681
700833
700842
701006
701038
701127
701192
701247
701599
701621
701720
701742
701808
701875
701982
702033
702095
702245
702344
702401
702529
702575
702616
702659
702688
702745
702948
702975
703150
703320
703495
703509
703827
703887
703977
704284
704307
704316
704316
704360
704677
704679
704875
705048
705443
705456
705509
705546
705591
705647
705687
705794
705833
705947
706084
706147
706157
706165
706173
706180
706201
706365
706398
706458
706588
706664
706673
706763
706881
706899
706934
706945
706967
707021
707026
707141
707300
707434
707725
707783
707987
707991
708092
708255
708296
708372
708527
708577
708630
708647
708844
708858
708966
708968
708989
709157
709398
709530
709685
709854
710102
710106
710165
710493
710516
710526
710624
710650
710723
710890
710896
710980
711046
711401
711437
711605
711657
711902
711946
712001
712083
712133
712187
712640
712700
712705
712734
712742
712776
712805
713017
713081
713574
713869
713929
713973
713997
714145
714316
714511
714550
714555
714617
714742
714888
715090
715200
715240
715621
715811
715915
715936
715950
716069
716086
716371
716414
716535
716578
717079
717080
717187
717301
717637
717721
717733
717791
718044
718064
718216
718472
718531
718540
718661
718740
718787
718791
718816
719224
719250
719337
719342
719426
719501
719655
719688
719817
719989
720149
720168
720249
720305
720365
720514
720813
720959
721038
721080
721319
721503
721667
722060
722070
722290
722296
722544
722670
722710
722842
722896
723084
723157
723318
723339
723534
723556
723763
723976
724023
724121
724188
724259
724341
724443
724495
724508
724540
724666
724742
725023
725032
725086
725193
725217
725303
725345
725363
725396
725459
725629
725672
725792
725845
725859
725914
726004
726224
726445
726478
726556
726660
726929
726969
727173
727192
727193
727217
727236
727425
727578
727969
728019
728080
728160
728573
728723
728943
729003
729106
729487
729603
729742
729784
729936
730065
730096
730163
730198
730235
730296
730308
730491
730495
730711
730770
730797
730963
731069
731136
731179
731293
731332
731361
731412
731457
731538
731635
731758
731781
731805
731972
732175
732214
732325
732348
732429
732560
732562
732575
732672
733072
733260
733357
733780
733921
733931
733996
734144
734149
734230
734245
734245
734273
734504
734670
734722
734734
734762
734792
735172
735287
735415
735686
735719
735753
735778
735838
735874
736004
736051
736183
736284
736312
736409
736904
736991
737088
737150
737154
737162
737291
737694
737702
737813
737838
737927
738045
738110
738287
738292
738326
738358
738398
738659
738665
738719
738828
739005
739021
739115
739134
739178
739239
739243
739495
739568
739713
739755
739787
739897
739974
739992
740094
740162
740707
740825
740951
740984
741354
741394
741521
741534
741589
741672
741769
741791
741882
741960
742056
742200
742208
742321
742376
742477
742780
742949
743029
743093
743290
743369
743497
743572
743658
743843
744146
744156
744217
744411
744435
744443
744515
744804
744964
745087
745219
745302
745351
745360
745370
745530
745637
745661
745962
746074
746096
746098
746128
746259
746360
746362
746554
746586
746672
746689
746726
746942
746965
746996
747016
747038
747049
747070
747100
747161
747500
747612
747703
747776
748047
748181
748216
748250
748261
748506
748687
748722
748742
748765
748783
748921
749044
749067
749222
749398
749434
749489
749513
749707
749723
749846
750043
750269
750304
750307
750374
750381
750636
750651
750670
750777
750812
750901
750941
751258
751339
751414
751466
751482
751496
751563
751579
751671
751715
751974
752056
752150
752212
752236
752250
752279
752279
752315
752352
752435
752449
752705
752728
752841
752887
752891
752971
753134
753213
753240
753266
753271
753658
753777
753789
754011
754019
754093
754324
755072
755101
755319
755483
755596
755611
755681
755758
755789
755999
756367
756441
756618
756655
756835
756944
757047
757222
757402
757413
757453
757460
757481
757592
757601
757744
757775
757796
757871
757919
758075
758287
758548
758594
758868
758873
758908
759000
759065
759073
759083
759250
759280
759574
759619
759648
759771
759903
759935
759958
760114
760142
760208
760394
760429
760440
760488
760557
760626
760798
760864
760961
761520
761540
761789
761790
761984
762002
762052
762210
762444
762450
762451
762459
762585
762712
762718
762771
762863
762889
762944
763090
763199
763267
763322
763368
763384
763600
763903
764320
764539
764576
764596
764635
764746
764814
765053
765060
765116
765134
765162
765169
765181
765251
765517
765647
765673
765773
765836
765854
765856
765960
766013
766032
766128
766146
766248
766401
766403
766507
766513
766599
766867
766994
767072
767216
767454
767480
767541
767616
767666
767667
767732
767756
768115
768330
768565
768670
768754
768757
768837
768873
768927
768951
769044
769045
769125
769151
769441
769456
769748
769779
769793
769856
769923
770141
770181
770206
770253
770360
770553
770661
770840
770938
771077
771463
771579
771782
771810
771899
771988
772039
772145
772163
772165
772456
772818
772915
772971
773023
773037
773182
773288
773364
773433
773530
773564
773785
773914
773976
774110
774506
774556
774706
774743
774824
774836
774901
774922
774966
774993
775092
775178
775274
775289
775292
775327
775599
775638
775682
775710
775844
775862
775883
775995
776010
776094
776113
776145
776222
776243
776291
776362
776543
776560
776791
776914
777102
777123
777148
777212
777369
777493
777593
777669
777749
777763
777949
777951
778077
778104
778104
778155
778228
778387
778502
778544
778571
778661
778743
778939
779024
779118
779189
779419
779553
779629
779673
779681
779682
779723
779813
779850
780151
780589
780789
781263
781355
781429
781728
781875
781900
781908
782070
782200
782275
782313
782353
782580
782744
782851
782945
783049
783060
783169
783268
783378
783523
783545
783579
783926
783937
784097
784124
784151
784294
784418
784456
784541
784582
784601
784610
784828
785060
785114
785206
785246
785376
785530
785536
785570
785671
785815
785829
786500
786670
786826
786996
787124
787207
787291
787366
787403
787538
787583
787915
787942
788011
788073
788139
788157
788424
788729
788797
788873
788906
788948
788952
788974
789061
789096
789113
789142
789171
789245
789253
789334
789679
789919
789932
789952
790205
790287
790429
790434
790466
790499
790565
790622
790643
791322
791409
791704
791742
791802
792202
792420
792437
792489
792629
792963
793189
793298
793300
793378
793559
793676
793725
793750
793954
794197
794259
794263
794279
794389
794514
794594
794622
794803
794895
794896
794938
794997
795141
795149
795158
795208
795260
795271
795336
795416
795474
795870
796008
796010
796140
796156
796237
796259
796294
796339
796496
796572
796663
796842
797003
797099
797369
797571
797635
797671
797717
797763
797788
797927
798073
798128
798194
798238
798396
798524
798639
799060
799130
799489
799503
799604
799656
799787
799829
799853
799893
799955
800147
800335
800380
800400
800412
800645
800697
800796
800869
800932
801137
801300
801319
801327
801408
801667
801691
801705
801720
801731
801775
801781
801815
801974
801987
802191
802294
802356
802370
802457
802564
802653
802699
802703
802717
802762
802891
803024
803170
803276
803373
803393
803470
803628
803640
804007
804192
804252
804728
805075
805079
805434
805455
805460
805527
805568
805652
805785
805824
805869
806087
806247
806329
806413
806549
806754
806868
806969
807000
807186
807226
807534
807543
807583
807674
807911
807940
807967
808004
808008
808224
808456
808691
808825
809000
809033
809065
809386
809464
809706
809770
809859
809952
810034
810038
810108
810322
810375
810610
810623
810632
810797
810802
810809
810855
810895
810956
810983
811025
811035
811145
811274
811384
811709
812159
812171
812403
812430
812467
812587
812609
812686
812710
812797
812849
812978
813147
813232
813287
813290
813565
813591
813618
813667
813684
813695
813712
813728
813867
813883
813891
813904
814053
814190
814357
814436
814487
814564
814565
814617
814831
815019
815187
815632
815675
815735
815745
815773
816254
816265
816484
816854
817195
817211
817267
817269
817298
817667
817686
817746
817802
817821
817923
817962
818278
818305
818406
818427
818473
818491
818546
818620
818837
818897
818969
819006
819008
819121
819129
819141
819142
819245
819302
819366
819423
819505
819535
819560
819595
819797
819955
820007
820028
820046
820072
820164
820265
820306
820505
820574
820617
820776
820841
820855
820948
820975
821286
821376
821458
821566
821637
821844
821867
821969
822034
822213
822351
822365
822469
822486
822564
822761
822815
822827
822837
822938
822948
823186
823290
823404
823457
823652
823700
823742
823825
823928
824166
824188
824197
824547
824572
824617
824771
824919
825003
825020
825197
825244
825404
825589
825650
825710
825734
825835
825857
825983
826047
826079
826201
826472
826689
826751
827043
827343
827345
827485
827644
827671
827706
827744
827882
828023
828126
828138
828140
828192
828196
828221
828306
828710
828711
828796
828881
828905
828972
829021
829095
829153
829175
829258
829261
829321
829387
829531
829571
829573
829620
829967
830358
830361
830415
830566
830723
830785
831028
831572
831808
831899
831957
831983
832045
832085
832201
832225
832289
832380
832622
832633
832857
832970
832976
833037
833115
833364
833431
833477
833561
833622
833630
833638
833691
833771
833883
833924
834000
834267
834289
834567
834634
834747
834796
834812
835062
835517
835546
835934
835967
836021
836218
836400
836647
836689
836761
836778
836850
836919
836939
836982
837001
837006
837234
837263
837268
837330
837367
837373
837526
837558
837726
837851
838100
838136
838194
838256
838378
838424
838504
838553
838814
838856
838863
838886
838902
839156
839174
839321
839448
839574
839578
839778
839823
839852
839960
840057
840244
840373
840388
840450
840479
840552
840681
840948
841012
841038
841064
841337
841432
841564
841682
841717
841959
842213
842266
842372
842490
842565
842651
842687
842696
842853
843047
843173
843444
843543
843617
843631
843782
843832
843846
844118
844303
844316
844382
844405
844706
844727
844763
844776
844808
844816
844908
845180
845475
845824
845830
846209
846210
846531
846893
847130
847327
847341
847353
847621
847625
847693
847803
847933
848313
848329
848757
848808
848820
849024
849094
849182
849338
849432
849528
849588
849645
849677
849748
849872
849887
850037
850544
850562
850720
850726
850774
850815
850839
851026
851049
851098
851441
851444
851491
851500
851804
851866
852123
852156
852398
852458
852498
852512
852549
852563
852564
852645
852713
852739
852821
852857
853130
853322
853332
853368
853404
853554
853690
853720
853977
853984
854052
854471
854539
854805
854813
854865
854988
855050
855355
855711
855761
855801
856017
856103
856222
856227
856389
856509
856624
856677
856815
856865
856942
857011
857165
857211
857407
857531
857628
857760
857903
858005
858036
858056
858083
858388
858451
858594
858779
858828
858940
859183
859359
859548
859733
859789
860041
860216
860235
860313
860323
860491
860496
860500
860606
860745
860841
860858
860866
861136
861185
861188
861356
861846
862021
862138
862144
862223
862224
862428
862616
862726
862863
863034
863099
863266
863424
863459
863660
863660
863685
863761
863801
863899
863968
864439
864501
864551
864598
864791
864878
864983
865044
865689
865871
865941
866086
866167
866184
866240
866392
866498
866579
866790
866832
866910
866941
867178
867240
867391
867461
867462
867592
867918
868071
868169
868329
868391
868461
868522
868708
868798
868832
868988
869100
869120
869430
869461
869628
869664
869706
869846
869848
869944
870025
870030
870134
870549
870675
870778
870819
870858
870869
871025
871062
871075
871077
871136
871241
871422
871564
871647
871683
872047
872156
872217
872230
872294
872528
872580
872600
872700
872829
872923
873076
873143
873250
873365
873387
873513
873575
873585
873700
874061
874280
874656
874991
875005
875134
875162
875369
875419
875508
875508
875549
875606
875665
875690
875735
875834
875942
875989
876078
876127
876302
876346
876389
876449
876460
876474
876513
876630
876635
876663
876707
876824
876883
877472
877851
877952
878115
878371
878385
878398
878418
878759
878767
878838
878914
878982
879060
879093
879359
879370
879492
879637
879686
879688
879691
879704
879830
879899
879919
880053
880415
880428
880440
880445
880560
880644
880658
880730
880756
880966
881023
881094
881145
881280
881549
881838
882069
882183
882238
882263
882324
882333
882375
882424
882525
882679
882714
882994
883029
883059
883075
883089
883152
883190
883202
883282
883503
883606
883829
884052
884073
884111
884172
884338
884536
884564
884866
884921
884946
885132
885354
885372
885598
885615
885674
885681
885687
885776
885784
885993
886111
886129
886162
886370
886401
886697
886985
887019
887026
887102
887134
887138
887304
887346
887446
887596
887703
887756
887813
888011
888032
888265
888269
888305
888329
888527
888628
888661
889066
889178
889253
889615
889724
889786
889996
890361
890365
890724
890813
891058
891146
891696
891698
891940
892059
892279
892420
892455
892605
892644
892840
892892
893148
893170
893208
893295
893333
893340
893436
893544
893729
893783
893836
894227
894266
894341
894399
894411
894567
894648
894742
894975
894996
895038
895173
895266
895318
895631
895745
895911
895959
895996
896393
896410
896435
896552
896647
896723
896883
897003
897030
897050
897053
897200
897216
897395
897409
897481
897483
897586
897642
897655
897819
898203
898334
898394
898507
898774
898888
899341
899373
899508
899508
899530
899659
900181
900242
900454
900524
900725
901087
901139
901221
901306
901315
901411
901626
901719
901779
901870
901875
901882
902125
902351
902522
902538
902668
902692
902764
902796
903011
903088
903235
903305
903362
903380
903396
903629
903692
903726
903830
903836
903856
903895
904120
904228
904234
904238
904369
904389
904391
904398
904408
904465
904895
904916
904925
905002
905021
905106
905143
905267
905375
905501
905624
905825
905904
905932
905994
906186
906467
906497
906879
906902
906929
906938
906960
906996
907139
907288
907403
907483
907574
908042
908277
908324
908673
908690
908954
909042
909055
909058
909092
909145
909164
909252
909385
909465
909683
909688
909798
910009
910069
910181
910211
910315
910328
910332
910487
910533
910892
910982
911022
911105
911172
911178
911281
911291
911304
911332
911417
911500
911655
911658
911871
912104
912133
912262
912284
912370
912732
912741
912935
912960
912993
913015
913152
913351
913502
913511
913577
913677
913710
913723
913748
913762
914071
914253
914315
914328
914426
914549
914574
914581
914660
914703
914789
914854
914908
914912
915088
915175
915184
915209
915850
916050
916142
916153
916353
916497
916589
916611
916801
916847
917337
917658
917663
917756
917848
917868
917923
918009
918193
918245
918415
918826
918922
919080
919100
919172
919461
919473
919677
920056
920148
920295
920312
920627
920633
920633
920633
920658
920673
920740
920814
920923
920929
920953
920970
921032
921407
921447
921470
921500
921714
922070
922108
922175
922265
922375
922388
922524
922527
922611
922658
922783
922794
922838
923034
923082
923417
923565
923730
924164
924174
924240
924430
924508
924546
925251
925357
925441
925544
925583
925891
925908
926100
926123
926169
926230
926327
926354
926539
926630
926667
926938
927009
927121
927214
927312
927320
927352
927359
927403
927527
927581
927703
927705
927964
928012
928057
928066
928259
928264
928367
928451
928528
928547
928604
928618
928917
929030
929107
929136
929172
929176
929246
929316
929392
929462
929529
929587
929601
929766
929912
929921
930048
930131
930204
930204
930214
930235
930353
930357
930556
930719
930774
930978
931072
931205
931356
931376
931401
931423
931448
931604
931899
931909
932174
932189
932214
932227
932241
932269
932635
932943
932947
933049
933068
933181
933436
933522
933576
933617
933642
933674
933704
933717
933818
933885
933951
934124
934149
934157
934169
934221
934258
934307
934499
934524
934671
934708
934805
934816
934864
934934
934981
934999
935161
935332
935361
935521
935555
935716
935799
935831
935851
935868
935877
935905
935929
936058
936105
936112
936113
936121
936187
936286
936467
936576
936616
936633
936647
936653
936753
936805
936817
936926
936932
937015
937184
937505
937526
937673
937880
937887
937903
937980
938161
938179
938221
938283
938305
938324
938367
938565
938698
938747
938789
938931
939142
939261
939297
939301
939364
939488
939668
939690
939790
939798
939919
940053
940166
940216
940333
940354
940435
940527
940572
940599
940614
940730
940749
940975
941189
941239
941327
941353
941354
941372
941373
941388
941445
941510
941560
941562
941567
941570
941790
941801
941893
941943
942089
942179
942180
942221
942266
942425
942658
942800
942858
942955
943078
943215
943263
943347
943362
943366
943463
943625
943945
944099
944122
944127
944250
944282
944441
944489
944552
944971
945021
945158
945267
945404
945432
945439
945655
945664
945677
945817
945989
945993
946200
946306
946401
946413
946450
946719
946842
947077
947108
947158
947165
947339
947523
947558
947649
947707
947712
947745
947832
947932
947948
947988
948081
948109
948279
948491
948554
948576
948581
948793
948914
949044
949078
949110
949269
949273
949373
949406
949410
949540
949579
949697
949893
949906
949911
950080
950138
950153
950252
950430
950608
950677
950878
950942
951063
951075
951175
951194
951287
951422
951626
951679
951880
952230
952247
952288
952401
952559
952577
952589
952710
952877
952996
953034
953105
953123
953236
953412
953523
953678
953832
953924
954099
954129
954207
954227
954324
954346
954455
954509
954693
954735
954768
954849
955152
955332
955335
955587
955656
955694
955709
955776
955807
955955
956081
956259
956304
956415
956416
956429
956491
956543
956560
956570
956611
956842
956908
956914
957224
957421
957516
957549
957648
957670
957670
957696
957760
957796
958110
958214
958220
958241
958252
958549
958584
958645
958701
958721
958730
958892
958983
959016
959093
959157
959190
959447
959670
959803
959820
959854
959870
959911
960105
960175
960208
960412
960454
960531
960597
960806
960899
961105
961355
961409
961435
961525
961553
961610
961915
962084
962333
962674
962810
962858
963065
963141
963219
963382
963385
963504
963619
963853
964032
964072
964126
964193
964240
964250
964253
964313
964333
964379
964405
964418
964516
964960
965003
965104
965167
965326
965392
965413
965426
965459
965470
966041
966178
966231
966628
966943
967080
967085
967125
967128
967197
967328
967452
967519
967543
967587
967715
967984
968035
968085
968149
968157
968243
968289
968419
969039
969129
969226
969292
969338
969381
969440
969507
969614
969702
969773
969902
970095
970141
970263
970290
970305
970528
970537
970571
970716
970780
970822
970828
971231
971643
971644
971671
971723
971837
972098
972106
972114
972198
972222
972323
972383
972407
972511
972540
972559
972570
972593
972604
972614
972653
972766
972980
973027
973098
973118
973194
973293
973451
973484
973548
973594
974040
974187
974205
974265
974543
974573
974671
974721
974741
974833
974874
974944
975122
975139
975181
975251
975304
975370
975567
975583
975586
975691
975713
975749
975761
975864
976132
976151
976335
976518
976533
976557
976585
976598
976651
976741
976899
976912
976970
976991
977030
977159
977206
977535
977709
977777
978097
978127
978249
978342
978417
978421
978432
978463
978596
978615
978679
979075
979101
979142
979335
979365
979566
979825
979850
979856
979869
980002
980085
980420
980422
980529
980822
980980
981187
981380
981389
981418
981441
981518
981580
981616
981714
981814
981839
981901
981982
982128
982196
982230
982250
982352
982554
982649
982899
982954
982965
983394
983542
983610
983654
983828
983879
983892
983921
984056
984455
984488
984623
984623
984830
984905
985056
985059
985133
985185
985239
985376
985430
985453
985527
985553
985765
985789
985882
985981
986178
986191
986203
986226
986261
986328
986660
986662
986909
986914
987213
987307
987314
987347
987369
987436
987471
987663
987670
987693
987703
987803
987882
987888
987893
987932
988193
988208
988242
988364
988454
988534
988876
988893
988932
988991
989287
989466
989487
989673
989860
990173
990306
990414
990500
990664
990711
990729
990785
990847
990880
990928
991023
991321
991381
991490
991525
991585
991598
991605
991674
991714
991870
991952
991957
992027
992171
992291
992440
992457
992522
992647
992722
992749
992870
993012
993100
993234
993544
993578
993583
993585
993597
993786
993875
993882
993928
993931
993954
993965
994034
994315
994420
994716
994747
994839
994842
994844
994905
995063
995142
995248
995305
995446
995546
995606
995660
995684
995854
995916
995924
995961
995962
996069
996096
996108
996165
996254
996272
996307
996377
996391
996418
996680
996852
997033
997118
997191
997212
997370
997379
997379
997627
997689
997721
997805
997852
997904
997962
997983
998000
998096
998207
998317
998376
998380
998583
998613
998631
998768
998832
998851
999067
999079
999087
999338
999447
999503
999659
999672
999930
