-99981
-99746
-99654
-99330
-99327
-99215
-99147
-99141
-99050
-99025
-98666
-98577
-98497
-98365
-98296
-98294
-98293
-97992
-97929
-97746
-97687
-97515
-97411
-97389
-97344
-97326
-97270
-97014
-96803
-96772
-96607
-96469
-96443
-96215
-96208
-96175
-96170
-95937
-95879
-95734
-95682
-95277
-95191
-94921
-94895
-94698
-94378
-93997
-93502
-93388
-93309
-92964
-92911
-92660
-92631
-92254
-92224
-92170
-92002
-91868
-91757
-91662
-91635
-91626
-91530
-91442
-90985
-90937
-90852
-90726
-90635
-90635
-90578
-90549
-90492
-90456
-90400
-90061
-90023
-89732
-89583
-89467
-89041
-88979
-88961
-88909
-88868
-88769
-88582
-88531
-88112
-88110
-88108
-88076
-88022
-87918
-87899
-87752
-87708
-87502
-87463
-87434
-87416
-87351
-87323
-87205
-87155
-86909
-86903
-86749
-86669
-86648
-86613
-86599
-86519
-86481
-86379
-86232
-86189
-85848
-85831
-85829
-85648
-85620
-85548
-85504
-85439
-85101
-85017
-84911
-84540
-84514
-84373
-84042
-83965
-83896
-83864
-83831
-83768
-83562
-83505
-83486
-83363
-83004
-82846
-82619
-82618
-82537
-82522
-82137
-81885
-81846
-81640
-81577
-81556
-81532
-81371
-81096
-80949
-80552
-80507
-80475
-80297
-80171
-80162
-80097
-79916
-79767
-79731
-79711
-79692
-79667
-79607
-79426
-79299
-79078
-79014
-78989
-78970
-78819
-78817
-78811
-78717
-78507
-78470
-78390
-78240
-78220
-78160
-78009
-77958
-77855
-77747
-77438
-77379
-77360
-77306
-77268
-77098
-76981
-76867
-76794
-76681
-76476
-76398
-76287
-76274
-76164
-76140
-75713
-75619
-75401
-75360
-75302
-75227
-74997
-74875
-74729
-74610
-74578
-74455
-74360
-74312
-74166
-74108
-74088
-73991
-73978
-73930
-73736
-73631
-73589
-73578
-73253
-73012
-72687
-72677
-72677
-72653
-72534
-72175
-72124
-72069
-71851
-71619
-71380
-71207
-71116
-70990
-70749
-70572
-69872
-69832
-69819
-69745
-69671
-69593
-69467
-69406
-69353
-69019
-68900
-68860
-68668
-68664
-68634
-68578
-68486
-67833
-67823
-67779
-67721
-67497
-67409
-67257
-67171
-67056
-66823
-66757
-66675
-66601
-66272
-66215
-66108
-65919
-65757
-65563
-65466
-65239
-65173
-65076
-64967
-64734
-64678
-64651
-64647
-64462
-64310
-63978
-63954
-63792
-63662
-63576
-63533
-63339
-63320
-63286
-63194
-63170
-62886
-62665
-62229
-62160
-61787
-61667
-61527
-61428
-61418
-61371
-61279
-61267
-60942
-60888
-60855
-60818
-60702
-60532
-60518
-59869
-59762
-59519
-59503
-59353
-59289
-59230
-59022
-59019
-58966
-58916
-58787
-58688
-58675
-58612
-58408
-58257
-58091
-57744
-57546
-57165
-57098
-57049
-57009
-56876
-56713
-56708
-56683
-56478
-56399
-56309
-56287
-56238
-56217
-56114
-55974
-55927
-55912
-55493
-55483
-55434
-55407
-55099
-55083
-55069
-54890
-54707
-54678
-54657
-54492
-54453
-54451
-54424
-54143
-54085
-53827
-53704
-53437
-53402
-53222
-53156
-52933
-52816
-52811
-52688
-52620
-52581
-52494
-52323
-52220
-52191
-52181
-52076
-51925
-51919
-51891
-51866
-51789
-51607
-51433
-51322
-51246
-51120
-51113
-51086
-51072
-50978
-50788
-50710
-50671
-50541
-50494
-50459
-50439
-49968
-49889
-49704
-49540
-49519
-49262
-49040
-48973
-48798
-48437
-48305
-48294
-48275
-48064
-48010
-47998
-47916
-47772
-47759
-47614
-47550
-47398
-47387
-47374
-47336
-47201
-47103
-47083
-47009
-46938
-46770
-46595
-46586
-46490
-46477
-46334
-46325
-46298
-46267
-46129
-46089
-45968
-45833
-45740
-45609
-45530
-45159
-45156
-45001
-44943
-44863
-44651
-44602
-44522
-44489
-44425
-44390
-44164
-43735
-43688
-43657
-43581
-43323
-43160
-43141
-43109
-42997
-42928
-42896
-42741
-42558
-42514
-42362
-42359
-42305
-42259
-41813
-41793
-41768
-41511
-41437
-41344
-41236
-41170
-41066
-41047
-40850
-40820
-40552
-40546
-40514
-40479
-40351
-40253
-40097
-39627
-39398
-39160
-38913
-38799
-38710
-38585
-38491
-38371
-38335
-38253
-38021
-37958
-37925
-37906
-37769
-37745
-37694
-37677
-37665
-37570
-37492
-37431
-37410
-37360
-37184
-37158
-36891
-36873
-36681
-36569
-36055
-36043
-36028
-35957
-35789
-35749
-35578
-35415
-35414
-35264
-35252
-35119
-34869
-34752
-34696
-34666
-34622
-34192
-34036
-33977
-33915
-33522
-33457
-33216
-32940
-32809
-32667
-32409
-32045
-32040
-31934
-31930
-31717
-30800
-30693
-30242
-30233
-30040
-29840
-29587
-29582
-29486
-29468
-29353
-29103
-28860
-28697
-28518
-28429
-28386
-28329
-28324
-28131
-28124
-28082
-28042
-28036
-27966
-27918
-27854
-27711
-27490
-27329
-27277
-27257
-27131
-27126
-27078
-26866
-26744
-26672
-26541
-26497
-26490
-26489
-26442
-26378
-26367
-26256
-26070
-26059
-26018
-25985
-25633
-25624
-25512
-25192
-25188
-25162
-25002
-24509
-24047
-23584
-23516
-23508
-23505
-23451
-23250
-22699
-22140
-21960
-21789
-21745
-21319
-21317
-21140
-21103
-20927
-20711
-20703
-20610
-20575
-20536
-20381
-19906
-19786
-19729
-19727
-19697
-19514
-19502
-19438
-19391
-19310
-19264
-19238
-19094
-19066
-19038
-18766
-18679
-18601
-18580
-18508
-18275
-17527
-17447
-17445
-17416
-17413
-17281
-17100
-17046
-16913
-16886
-16739
-16476
-16363
-16355
-16297
-16147
-16045
-16033
-15898
-15769
-15258
-15088
-14840
-14707
-14631
-14498
-14377
-14044
-14024
-13869
-13798
-13748
-13644
-13636
-13632
-13548
-13097
-13047
-12927
-12915
-12562
-12340
-12194
-12043
-11913
-11696
-11553
-11365
-11225
-11212
-10813
-10802
-10709
-10605
-10502
-10414
-10334
-10159
-10154
-9979
-9885
-9825
-9733
-9722
-9658
-9645
-9080
-9062
-9026
-8932
-8929
-8854
-8844
-8661
-8590
-8212
-8207
-8187
-8130
-7989
-7910
-7850
-7457
-7356
-7261
-7238
-7196
-6798
-6731
-6687
-6675
-6628
-6612
-6569
-6505
-6319
-5991
-5884
-5754
-5682
-5580
-5402
-5204
-4879
-4856
-4622
-4346
-4137
-4102
-3936
-3899
-3809
-3581
-3316
-2936
-2913
-2804
-2786
-2732
-2178
-2152
-2134
-2108
-1931
-1858
-1850
-1650
-1346
-1331
-1329
-1198
-1162
-894
-742
-690
-655
-611
-549
-522
-273
-270
-148
186
237
250
1127
1213
1371
1726
1833
1864
2305
2332
2395
2580
2674
2706
2717
2811
2918
3514
3593
3708
3837
3892
4327
4464
5030
5948
6111
6168
6353
6427
6434
6455
6476
6684
6716
6898
6900
6924
7023
7248
7267
7286
7858
7962
8056
8217
8319
8341
8429
8576
8586
8589
8606
8786
8891
8915
8998
9001
9502
9527
9545
9687
9880
9951
9952
9978
10253
10407
10436
10616
10641
10997
11085
11337
11347
11472
11554
11688
11747
11856
12033
12122
12164
12932
13287
13300
13958
14104
14167
14287
14459
14573
14736
14751
15104
15228
15309
15421
15581
15625
15784
15952
16049
16082
16162
16230
16345
16511
16533
16582
16596
17154
17200
17220
17221
17284
17343
17445
18132
18145
18175
18244
18417
18489
18520
18784
18787
18953
18984
19024
19039
19059
19083
19083
19521
19539
19617
19686
19816
20104
20220
20394
20549
20708
20979
21005
21162
21373
21445
21546
21604
21636
21648
21692
21767
21867
22003
22009
22049
22051
22341
22418
22811
23054
23170
23190
23207
23369
23465
23567
23615
23627
23662
23687
23852
24022
24024
24237
24595
24676
24996
25037
25043
25063
25132
25246
25294
25629
25658
26065
26113
26649
26655
26784
26814
27047
27150
27179
27447
27447
27481
27581
27724
27927
28039
28063
28202
28285
28308
28512
28588
28591
28831
28941
29034
29039
29080
29094
29151
29479
29546
29727
30084
30365
30435
30441
30520
30827
30871
30890
30996
31003
31017
31132
31188
31277
31308
31339
31456
31473
31650
31734
31822
31984
32047
32061
32127
32236
32279
32345
32453
32494
32506
32508
32554
32581
32812
32904
32937
33114
33141
33267
33345
33414
33438
33674
33707
33833
33850
33934
33936
33952
33971
34032
34220
34404
34446
34559
34640
34789
35207
35237
35456
35524
35562
35892
35916
36010
36051
36168
36361
36477
36502
36805
37074
37142
37347
37479
37479
37517
37610
37733
37848
37918
37976
37983
38084
38108
38193
38198
38279
38357
38541
38579
38729
39238
39316
39374
39385
39410
39472
39510
39636
39652
39686
39815
39841
39961
39971
39973
40011
40105
40109
40132
40137
40294
40387
40543
41062
41067
41088
41338
41418
41448
41461
41557
41617
41641
41690
41867
41933
41989
42395
42471
42663
42869
42881
43209
43487
43853
44033
44077
44108
44276
44293
44490
44537
44865
44880
44957
44973
45001
45309
45337
45489
45536
45542
45874
45998
46070
46097
46112
46359
46497
46853
47072
47128
47374
47402
47653
47758
47816
47870
48169
48179
48244
48272
48331
48406
48447
48550
48620
48697
48719
48731
48954
49015
49053
49244
49263
49730
49960
50011
50023
50060
50080
50192
50306
50311
50315
50317
50345
50366
50664
50693
50830
50866
50908
51003
51102
51289
51310
51379
51467
51594
51737
51767
52104
52180
52282
52661
52728
52732
52757
52964
53000
53101
53158
53286
53596
53709
53722
53913
53922
53979
54059
54106
54262
54442
54891
55379
55381
55426
55445
55881
55948
56057
56127
56161
56290
56321
56385
56389
56542
56682
56777
56848
56907
56964
57101
57190
57324
57451
57503
57760
57826
57871
58111
58428
58519
58536
58722
58957
59102
59162
59269
59283
59538
59574
59606
59880
59906
60582
60601
60805
60814
60932
60947
61214
61280
61304
61411
61412
61412
61453
61582
61591
62281
62452
62470
62713
62910
62925
63210
63290
63405
63458
63581
63647
63902
63914
64140
64521
64596
64659
64709
64745
64760
64850
64939
65265
65388
65440
65760
66085
66102
66173
66381
66450
66532
66715
67274
67288
67296
67816
67846
68274
68597
68642
68726
68743
68753
68946
68968
69181
69223
69332
69482
69542
69567
69569
69588
69832
70031
70048
70221
70259
70484
70779
71119
71204
71437
71476
71495
71774
71798
71819
71825
71888
72073
72502
72504
72526
72545
72610
72629
72631
72822
72892
72907
72947
72950
72975
73000
73142
73348
73360
73469
73526
73649
73953
73966
74030
74062
74259
74269
74481
74682
74684
74706
74770
74871
75229
75234
75317
75356
75486
75489
75742
75771
75887
75909
75974
76029
76156
76187
76275
76408
76507
76732
76860
76907
76964
77313
77420
77592
77628
77650
77812
77975
78082
78244
78272
78287
78302
78332
78750
79001
79081
79558
79632
79707
79951
79979
80076
80126
80324
80379
80527
80640
80670
80705
80725
80728
80786
80816
80855
80958
81207
81466
81980
82204
82374
82490
82533
83094
83105
83120
83259
83296
83358
83450
83484
83524
83776
83846
83944
84116
84286
84360
84365
84727
84872
84941
85037
85113
85162
85205
85391
85452
85482
85526
85729
85749
85938
86064
86126
86129
86247
86319
86319
86656
86879
86921
86993
87230
87254
87363
87517
87578
87713
87877
88006
88120
88323
88329
88369
88688
88773
88828
89020
89099
89248
89248
89318
89373
89428
89566
89781
89796
89840
89846
89947
90087
90123
90547
90587
90591
90725
90753
90896
91023
91111
91237
91575
91586
91612
91705
91801
91848
91887
91993
92060
92124
92276
92367
92399
92446
92577
92644
92777
92812
92902
93295
93371
93574
93604
93656
93737
93906
93920
93921
93933
93947
93948
94308
94506
94767
95201
95365
95368
95443
95508
95672
95733
96081
96163
96581
96794
96838
96896
97020
97054
97269
97511
97524
97560
97588
97601
97660
97726
97729
97779
97937
97998
98152
98357
98611
98742
98791
98992
99015
99080
99177
99292
99454
99648
99664
99903
99947
99951
100260
100282
101025
101163
101206
101209
101419
101559
101578
101582
101634
101683
101742
101811
101935
101987
102186
102403
102425
102458
102591
102615
102656
102687
102863
102963
103028
103154
103513
103712
103890
103926
104015
104112
104257
104339
104396
104412
104462
104469
104651
104899
104914
104963
104996
105041
105077
105100
105128
105196
105411
105517
105517
105544
105718
105833
105902
106068
106144
106250
106476
106518
107140
107397
107490
107743
107885
108091
108119
108119
108198
108203
108523
108778
108877
108914
109044
109237
109374
109403
109540
109598
109609
109611
109705
109815
109820
110014
110344
110899
110918
111273
111409
111537
111609
111828
112344
112402
112477
112722
112760
112818
112955
112969
112981
113506
113551
113708
113917
113930
113971
113981
114124
114249
114382
114426
114432
114436
114611
114699
114836
115178
115219
115257
115330
115419
115461
115617
115685
115816
115894
116119
116558
116585
116702
116767
117144
117148
117156
117350
117888
117916
117937
118038
118158
118362
118516
118521
118542
118578
118659
118690
118841
118902
119281
119443
119648
119966
120188
120310
120313
120361
120453
120578
120681
120731
120790
120953
121069
121391
121399
121950
121961
122172
122241
122303
122314
122417
122425
122646
122728
122801
122801
122930
122974
123095
123132
123152
123360
123361
123490
123521
123652
123673
123755
123776
123781
123799
123898
123952
123980
124176
124225
124397
124423
124483
124629
124637
124642
124788
124856
124883
124901
124920
124988
125122
125180
125200
125201
125262
125289
125415
125433
125497
125543
125639
125708
126036
126286
126444
126458
126512
126754
126938
127508
127807
127825
128005
128125
128138
128147
128262
128263
128327
128347
128396
128836
128983
129406
129741
130023
130028
130206
130289
130523
130919
131237
131301
131347
131458
131520
131644
131652
131845
132175
132204
132264
132490
132548
132905
133063
133063
133261
133276
133431
133436
133443
133470
133483
133531
133531
133643
133672
133682
133852
133963
134026
134044
134048
134057
134194
134250
134416
134600
134614
134836
134909
135583
135809
135986
136019
136033
136060
136304
136369
136600
137178
137191
137351
137524
137561
138038
138054
138138
138217
138351
138768
138771
138779
138868
138873
138991
139011
139020
139041
139088
139306
139310
139337
139339
139433
139655
139946
140238
140896
141115
141161
141273
141300
141499
141539
141619
141862
141884
141897
141961
142109
142123
142159
142383
142417
142446
142603
142818
142873
142915
143095
143221
143367
143407
143432
143445
143730
143913
144126
144451
144466
144675
144884
145103
145136
145144
145156
145325
145712
145964
145976
146003
146217
146572
147043
147216
147241
147562
147618
147733
147746
147835
147936
148357
148461
148653
148882
148894
148909
148971
149195
149372
149520
149521
149752
150113
150140
150321
150375
150422
150518
150563
150895
151020
151212
151299
151371
151511
151592
151793
151963
151970
152072
152074
152080
152164
152181
152247
152306
152360
152362
152365
152442
152455
152759
152779
152797
152848
152881
152927
153090
153098
153306
153307
153358
153361
153481
153530
153578
153578
153647
153771
153989
154227
154574
154647
154654
154660
154693
154730
154849
155562
155709
155951
156176
156207
156223
156264
156482
156647
156714
156815
156847
157122
157674
157815
157822
157832
157841
157977
158310
158411
158435
158650
158836
158874
158938
159004
159260
159288
159320
159330
159365
159391
159721
159792
159813
159851
159936
159947
159995
160014
160081
160129
160154
160171
160269
160370
160449
160509
160517
160521
160721
160760
160774
160879
161268
161336
161532
161586
162015
162134
162370
162398
162727
163074
163091
163130
163310
163344
163349
163359
163365
163669
163787
164082
164109
164353
164359
164492
164787
164863
164968
165062
165099
165154
165420
165441
165544
165653
165715
165753
165950
166039
166057
166303
166578
166697
166921
166969
167016
167169
167170
167173
167191
167292
167427
167506
167529
167740
167750
168248
168267
168311
168471
168520
168631
168635
168754
168760
168815
168958
169201
169369
169398
169505
169635
169715
169765
169866
169921
169989
170229
170272
170616
170852
171092
171497
171598
171634
171890
172085
172104
172108
172110
172303
172380
172453
172464
172598
172640
172929
173029
173080
173279
173281
173301
173315
173395
173418
173428
173437
173506
173656
173725
173788
173807
173905
173934
173951
174032
174173
174175
174194
174316
174336
174700
174934
174976
175289
175475
175764
175873
175877
175904
175981
176056
176062
176077
176264
176432
176789
176895
177301
177373
177402
177472
177540
177569
177832
177843
177934
178142
178318
178388
178509
178665
179015
179017
179054
179368
179591
179714
179730
180173
180199
180257
180385
180540
180911
180984
180999
181458
181617
181673
181886
182076
182156
182167
182184
182204
182479
182507
182722
182902
182969
183014
183099
183511
183606
183727
183802
183896
183951
184074
184202
184298
184450
184634
184680
184815
184916
185586
185605
185697
185726
185760
186064
186074
186348
186377
186422
186524
186625
186628
186671
186773
186920
186974
187546
187674
187696
187722
187773
187835
187948
188294
188431
188607
188681
188805
189006
189468
189479
189539
189558
189734
189844
190071
190269
190333
190442
190719
190772
190788
190821
190852
190956
190989
191024
191242
191438
191520
191552
191573
191629
191665
191781
192172
192222
192254
192352
192411
192803
192898
192986
193030
193254
193362
193393
193428
193597
193698
193751
193758
193830
193899
193954
194042
194241
194450
194676
194747
194834
195125
195185
195253
195407
195510
195643
195683
195691
196186
196270
196323
196413
196425
196561
196736
196803
196913
196931
197014
197381
197416
197545
197790
197960
198133
198385
198475
198558
198595
198690
198723
198845
198955
199026
199038
199140
199172
199237
199314
199462
199726
199730
199750
199885
199982
200006
200139
200200
200209
200429
200612
200651
200999
201008
201023
201029
201317
201385
201614
201798
202155
202262
202289
202498
202525
202587
202589
202611
202738
202787
202824
203020
203025
203058
203205
203352
203395
203499
203526
203573
203573
203698
203734
203895
203925
203995
204312
204490
204673
204693
204753
205002
205032
205042
205094
205136
205298
205401
205408
205409
205502
205525
205529
205724
205733
205892
206357
206392
206406
206427
206508
206556
206843
207016
207038
207082
207154
207268
207328
207452
207709
207837
207905
208007
208067
208090
208171
208225
208255
208609
208679
208870
208897
209026
209141
209271
209311
209387
209421
209522
209538
209559
210017
210114
210373
210434
210625
210634
210715
210723
211035
211337
211548
211669
211852
212048
212085
212144
212231
212247
212247
212313
212422
212511
212652
212684
212922
213099
213260
213546
213552
213625
213778
214023
214176
214373
214417
214494
214534
214624
214625
214748
214790
214872
215019
215052
215195
215251
215488
215691
215921
216041
216051
216200
216650
216657
216861
216958
216969
217306
217316
217508
217560
217570
217640
217725
217886
217943
218114
218176
218573
218653
218740
218801
218850
218905
219097
219104
219274
219292
219299
219428
219569
219697
219700
219833
219947
219957
220163
220309
220363
220731
220841
221019
221479
221499
221707
221753
221865
221895
222071
222101
222180
222247
222389
222498
222739
222832
223053
223078
223146
223315
223583
223586
223698
223792
224089
224196
224349
224371
224599
224607
224863
224864
225220
225246
225519
225580
225583
225750
225946
225973
226129
226333
226333
226414
226431
226466
226641
226687
226770
226838
226858
226894
226976
227094
227232
227245
227308
227419
227426
227493
227557
227690
227715
228148
228249
228634
228745
228860
228909
228982
229022
229050
229283
229434
229460
229875
229893
229903
230022
230175
230266
230368
230379
230482
230588
230740
230752
230819
230890
230969
230993
231175
231381
231579
231632
231839
232153
232380
232410
232415
232633
232804
233091
233266
233389
233416
233816
233839
233934
234317
234340
234356
234393
234421
234511
234810
235112
235178
235374
235535
235544
235597
235599
235611
235802
235821
235867
235874
235936
236103
236171
236308
236424
236459
236538
236596
236631
236739
236814
236818
236876
236987
237049
237296
237528
237551
237597
237625
237708
237876
238092
238164
238296
238326
238849
238938
238946
238984
239045
239339
239341
239412
239437
239468
239531
239567
239629
239654
239710
239721
240116
240150
240263
240278
240339
240401
240597
240671
240695
240790
241045
241068
241332
241437
241508
241671
241705
241805
242175
242229
242505
242786
242929
242956
242988
243145
243164
243273
243289
243550
243615
243827
243877
243977
243998
244187
244204
244267
244273
244351
244368
244443
244460
244796
244926
245038
245299
245421
245595
245599
245723
245744
245819
246198
246294
246352
246361
246429
246617
246633
246671
246690
246749
246994
247164
247269
247410
247428
247505
247527
247594
247623
247801
247918
247925
247940
248196
248200
248369
248491
248559
248731
248766
248770
248813
248825
248837
249011
249057
249177
249307
249452
249673
249680
249822
249917
249979
250003
250029
250067
250125
250396
250565
250676
250766
250780
250804
250841
250870
250907
251044
251226
251456
251457
251540
251594
251789
251874
252707
252711
252965
252985
253104
253187
253191
253195
253611
253676
253733
253744
253756
254021
254057
254076
254085
254127
254128
254350
254569
254595
254730
254737
254908
255068
255068
255102
255197
255325
255522
255547
255690
255778
255796
255819
255850
256024
256117
256141
256175
257002
257168
257421
257511
257512
257525
257589
257710
257957
258106
258112
258503
258816
258906
258971
259105
259145
259279
259420
259576
259799
259917
260197
260200
260547
260694
260777
260806
260911
261020
261032
261119
261459
261517
261557
261611
261778
261931
262015
262208
262300
262391
262467
262630
262806
262830
262949
262972
263044
263050
263108
263257
263310
263389
263594
263599
263708
263822
264282
264296
264342
264592
264608
264678
264969
265192
265356
265369
265587
265713
265806
265837
265873
266233
266267
266394
266534
266582
266624
266747
266863
266925
267270
267405
267700
267748
267782
268015
268035
268141
268207
268209
268349
268374
268517
268656
268706
268812
269014
269033
269065
269130
269639
269704
269777
269840
269915
270092
270434
270596
270700
270825
270970
271128
271377
271462
271646
271686
271737
271991
272043
272096
272108
272131
272379
272420
272460
272479
272508
272522
272678
272709
272794
272988
273180
273584
273670
273677
273680
273904
274050
274116
274136
274165
274189
274228
274235
274407
274569
274658
274718
274806
275058
275136
275243
275298
275300
275490
275831
276110
276116
276159
276210
276214
276610
276797
276859
276861
276875
276905
276993
277076
277215
277341
277350
277401
277495
277616
277648
277715
277755
277802
277859
277860
278293
278395
278503
278685
278716
278905
279042
279059
279122
279198
279309
279360
279403
279725
279845
279864
280103
280249
280365
280403
280626
280682
280963
281005
281043
281223
281308
281599
281639
281640
281680
281940
282037
282092
282119
282356
282366
282407
282459
282497
282547
282568
282594
282643
283008
283022
283212
283214
283280
283461
283545
283626
283857
283865
284125
284235
284284
284398
284548
284785
285123
285157
285207
285217
285347
285475
285489
285527
285647
285656
285667
285930
286026
286189
286197
286226
286344
286565
286624
286643
286714
286762
286832
286953
286961
287100
287179
287228
287348
287367
287501
287631
287778
287892
287900
287912
287924
287946
288025
288083
288332
288780
288890
289349
289619
289695
289781
289887
290039
290064
290127
290281
290293
290420
290433
290518
290683
290741
290795
290853
291070
291217
291446
291519
291737
291802
291962
292192
292202
292338
292586
292798
292820
292839
292850
292926
292981
293114
293194
293450
293476
293626
293661
293684
293738
293754
293875
294156
294171
294204
294437
294452
294628
294667
294672
294754
294801
294923
294950
295012
295024
295032
295060
295068
295280
295563
295597
295602
295606
296063
296211
296469
296579
296600
296876
296897
296915
296973
297187
297325
297335
297351
297467
298330
298338
298485
298758
298836
298936
298971
299154
299185
299234
299276
299329
299723
299912
300093
300140
300144
300300
300423
300432
300961
301038
301202
301204
301480
301726
301761
301804
301924
301930
301957
302077
302177
302223
302305
302318
302479
302592
302786
302807
302863
302868
302937
303003
303068
303088
303203
303285
303346
304134
304270
304333
304396
304443
304884
305123
305194
305387
305392
305715
305759
305770
305817
305862
305924
305943
306084
306238
306469
306483
306551
306580
306679
306839
306893
307012
307062
307264
307522
307729
307867
308624
308998
309038
309209
309239
309302
309321
309811
309917
309978
310079
310709
310717
310755
310819
310854
310929
310945
311215
311448
311545
311768
311877
312173
312679
312723
312829
312852
313042
313043
313341
313348
313435
313525
313649
313920
314050
314056
314090
314123
314244
314260
314413
314860
314886
314920
315024
315036
315155
315237
315334
315445
315703
315738
315786
315891
316021
316339
316486
316664
316698
316829
316974
317018
317257
317318
317344
317361
317363
317448
317837
317852
318034
318322
318342
318433
318865
319011
319091
319169
319175
319483
319609
319725
319751
319911
320072
320190
320235
320313
320533
320540
320628
320858
320997
321596
321745
321786
321946
322059
322063
322161
322282
322318
322383
322449
322611
322661
323041
323268
323300
323341
323387
323440
323445
323488
323501
323828
324027
324186
324348
324499
324561
324706
324808
324865
325078
325235
325271
325298
325328
325413
325466
325587
325636
325812
326044
326055
326282
326455
326470
326503
326529
326583
326984
327089
327174
327221
327290
327296
327458
327488
327699
327707
327730
327922
327928
328225
328293
328401
328451
328502
328511
328677
328708
328781
328924
328973
329306
329426
329435
329861
330067
330280
330366
330369
330532
330552
330621
330799
330879
330927
330970
331091
331232
331276
331349
331577
331590
331736
331740
331957
332155
332246
332290
332308
332416
332521
332640
332695
332808
332880
333001
333023
333090
333252
333292
333324
333374
333406
333707
334035
334176
334299
334361
334660
334734
334829
335046
335141
335327
335425
335533
335824
335919
336190
336272
336320
336498
336755
336758
336794
336874
336972
337216
337534
337543
337551
337798
337918
338120
338175
338402
338411
338427
338684
338695
338709
339100
339186
339269
339552
339653
340084
340481
340649
340682
340706
340822
340845
341478
341528
341991
342037
342121
342401
342527
342529
342559
342674
343118
343119
343123
343269
343548
343767
343799
343942
343954
344121
344145
344387
344681
344707
344801
344954
344963
345113
345155
345229
345643
345646
345693
346003
346127
346314
346371
346633
346668
346724
346786
346915
346960
347057
347302
347310
347349
347526
347595
347642
347758
348024
348191
348269
348320
348355
348540
348602
348640
348691
348710
348712
348717
348727
348838
348882
349213
349392
349397
349549
349609
349857
350132
350536
350634
350683
350683
350790
350935
351172
351464
351478
351671
351693
352139
352307
352477
352494
352584
352602
352686
353010
353019
353107
353108
353276
353570
353668
353836
353986
354058
354073
354098
354163
354169
354281
354389
354403
354493
354542
354712
354745
354975
355021
355040
355511
355562
355611
355725
355875
355939
356102
356454
356516
356524
356541
356547
356575
356590
356661
356719
356827
357073
357267
357327
357530
357537
357550
357740
357838
357982
358194
358210
358245
358402
358458
358480
358692
358805
359156
359215
359261
359418
359456
359770
359792
359842
360151
360218
360552
360745
360780
360877
360951
361063
361347
361488
361536
361661
362016
362040
362095
362187
362358
362475
362571
362587
362607
362746
362775
362918
362964
362986
363291
363479
363566
364039
364149
364172
364298
364408
364424
364572
364670
364763
364903
365099
365100
365111
365123
365131
365170
365206
365215
365513
365608
365693
365933
366145
366155
366278
366398
366544
366860
366898
366910
367049
367114
367115
367367
367423
367480
367745
367767
367775
367882
368064
368206
368331
368667
368862
368920
369013
369082
369301
369372
369589
369742
369785
369841
369882
370319
370492
370600
370836
370908
370941
371107
371236
371307
371309
371418
371457
371464
371598
371661
371809
372104
372351
372374
372558
372558
372746
372818
372989
373056
373239
373520
373543
373564
373611
373689
373704
373724
373924
374217
374333
374351
374401
374583
374637
375089
375501
375622
375786
375815
376024
376147
376163
376365
376438
376443
376590
376722
376768
376824
376965
377025
377427
377555
377577
377964
378001
378208
378314
378535
378542
378660
378686
378762
378826
378832
379138
379174
379258
379398
379448
379476
379546
379584
379642
379677
379834
380034
380189
380221
380391
380626
380701
380769
381230
381279
381349
381358
381647
381665
381671
381872
381940
381962
382178
382338
382390
382422
382484
382556
382686
382708
382903
382928
382989
383044
383092
383210
383357
383430
383690
383852
383865
384158
384440
384707
384889
385006
385166
385230
385460
385466
385841
385857
385981
386031
386131
386319
386364
386475
386782
386935
386966
387007
387010
387032
387100
387193
387490
387515
387591
387607
387732
387838
387862
388148
388219
388560
388904
388989
389047
389179
389201
389282
389334
389372
389436
389745
389752
389767
389841
389895
389909
389928
390180
390212
390245
390572
390598
390627
390659
390756
390915
391038
391080
391233
391398
391417
391517
391542
391562
391576
391717
391784
392070
392167
392261
392616
392662
392662
392906
393170
393189
393273
393334
393739
393747
393753
393879
394185
394247
394401
394413
394416
394535
394666
394666
394721
394812
394820
394825
394912
394923
395123
395138
395281
395500
395832
395872
396024
396061
396114
396257
396278
396461
396496
396599
396717
397057
397308
397346
397384
397427
397515
397556
397649
397777
397834
397910
397933
397936
397956
398152
398178
398192
398195
398361
398380
398493
398806
398821
398855
398908
399077
399346
399350
399436
399544
399546
399587
399730
399749
399802
400137
400267
400379
400447
400713
400996
401084
401095
401185
401280
401307
401390
401469
401501
401520
401634
401646
401692
402215
402246
402322
402514
402569
402682
402868
402920
403015
403125
403177
403300
403745
404188
404342
404590
404627
404630
404781
404864
404933
405057
405109
405157
405310
405525
405819
405819
406262
406273
406426
406614
406671
406680
406962
407110
407166
407197
407443
407857
407902
407925
408027
408498
408510
408626
408840
408845
409115
409245
409259
409495
409536
409575
409646
409663
409808
409887
409946
410196
410219
410271
410555
410562
410634
410669
410939
411071
411083
411140
411221
411244
411325
411512
411555
411586
411677
412061
412062
412283
412291
412293
412311
412431
412475
412548
412671
412737
412965
413076
413185
413264
413292
413378
413385
413801
413958
414385
414440
414476
414601
414708
414726
414751
414765
414794
414867
414904
414914
415002
415011
415070
415087
415492
415514
415549
415725
415898
415980
416004
416037
416301
416408
416534
416720
416736
416811
416866
417220
417231
417353
417493
417536
418162
418300
418308
418422
418434
418805
419237
419286
419537
419575
419595
419647
419709
420100
420146
420393
420418
420436
420597
420783
421264
421303
421527
421783
421852
422025
422037
422060
422088
422201
422215
422285
422397
422431
422473
422552
422614
422692
422695
422717
422791
422812
422942
422983
423028
423035
423302
423361
423409
423425
423697
423925
424170
424194
424385
424396
424414
424518
424564
424721
424884
424896
424945
425062
425178
425208
425212
425265
425684
425785
425848
426001
426020
426021
426229
426856
426862
426890
427251
427280
427365
428044
428150
428202
428253
428276
428282
428302
428814
428972
429144
429293
429302
429432
429516
429601
429633
429666
429790
430048
430078
430282
430316
430420
430483
430692
430797
430851
430881
430936
430960
430961
431146
431304
431492
431565
431600
431677
432017
432055
432065
432120
432206
432273
432692
432803
432806
432842
432993
433162
433266
433292
433322
433510
433663
433873
434175
434425
434476
434476
434577
434707
434729
434974
434975
435040
435143
435265
435312
435336
435422
435532
435617
435695
435728
435742
435987
435994
435996
436075
436200
436276
436302
436392
436407
436575
436603
436619
436713
436858
436900
437053
437062
437078
437085
437536
437562
437569
437751
437792
437799
437802
437839
437867
437917
438010
438016
438036
438150
438203
438225
438321
438370
438486
438582
438953
439060
439198
439439
439443
439490
440042
440049
440120
440209
440365
440393
440465
440484
440498
440528
440779
440834
440896
441037
441039
441041
441102
441190
441358
441381
441530
441630
441643
441679
441714
442228
442300
442458
442492
442632
442685
442750
442764
442802
442806
442813
442829
443318
443606
443616
444056
444089
444118
444160
444177
444280
444432
444435
444467
444474
444525
444611
444686
444931
445036
445179
445460
445498
445503
445561
445639
445853
445927
445997
446071
446182
446203
446295
446435
446538
446654
446862
446945
446991
447147
447270
447369
447448
447621
447666
447739
447841
448009
448145
448160
448187
448226
448287
448367
448428
448660
448686
448892
448974
449077
449085
449119
449244
449288
449477
449757
449801
449902
449942
449990
450013
450079
450219
450615
450993
451093
451219
451311
451451
451571
451972
452000
452150
452155
452313
452503
452540
452772
452781
452876
452885
453015
453052
453075
453280
453310
453782
453950
453968
454043
454058
454126
454158
454211
454268
454307
454335
454409
454672
454827
454830
454878
454922
455086
455152
455153
455306
455688
455717
455993
456226
456271
456446
456475
456660
456678
457050
457262
457287
457348
457539
457677
457837
457890
458072
458106
458201
458232
458449
458492
458534
458629
458886
459273
459458
459502
459633
459639
459965
459970
460130
460286
460387
460674
460822
461529
461717
461724
461802
461842
461905
461983
462075
462097
462138
462205
462564
462735
462752
463526
463927
463946
464130
464212
464319
464343
464441
464704
464725
464761
465028
465253
465261
465272
465431
465660
465712
465768
465813
465854
465902
466055
466081
466112
466200
466640
466730
467039
467052
467082
467170
467191
467197
467298
467326
467397
467814
467854
467935
468013
468030
468241
468253
468294
468379
468447
468781
468889
469253
469289
469421
469468
469912
469914
470180
470201
470602
470635
470812
471009
471026
471164
471203
471255
471276
471501
471884
471886
471925
472026
472116
472456
472488
472514
472999
473223
473353
473379
473396
473417
473447
473484
473633
473661
473738
473945
474075
474455
474833
474889
474929
474984
475186
475247
475301
475681
475751
476063
476246
476365
476371
476451
476625
476665
476726
476845
476871
477208
477467
477487
477657
477720
477738
478125
478290
478498
478547
478620
478646
479204
479240
479351
479389
479560
479976
479995
480022
480160
480281
480386
480533
480647
480659
480848
480854
480993
481017
481290
481400
481408
481466
481510
481763
481777
481817
482144
482362
482438
482490
482731
482857
483044
483046
483341
483411
483741
484016
484071
484158
484165
484245
484253
484316
484389
484568
484697
484772
484853
484895
484899
484913
484972
485114
485358
485406
485415
485502
485511
485759
485841
485927
486034
486068
486242
486346
486683
486706
486748
486886
487060
487065
487135
487174
487246
487254
487333
487464
487682
487845
488031
488054
488083
488189
488532
488533
488631
488651
488694
488731
488793
488892
488896
489143
489246
489325
489409
489426
489611
489617
489716
489877
489995
490028
490109
490167
490170
490245
490250
490485
490487
490532
490690
490852
490913
490921
490926
491073
491085
491146
491437
491651
491759
491801
491809
491894
491937
491957
492246
492284
492311
492450
492483
492502
492536
492566
492633
492691
492718
492772
492790
492792
492959
493072
493217
493242
493458
493636
493852
493859
494106
494322
494464
494469
494734
495045
495257
495350
495406
495498
495514
495649
495740
495747
495768
495819
495827
495905
495944
495992
496030
496075
496084
496247
496407
496558
496600
496609
496610
496696
496748
496895
497153
497314
497392
497513
497543
497667
498268
498274
498401
498527
498761
498855
499204
499647
499705
499743
499757
499796
499806
499926
499988
500180
500258
500267
500270
500504
500566
500726
500776
500783
501010
501056
501061
501088
501274
501315
501592
501768
502022
502251
502292
502575
502673
502690
502846
503486
503526
503629
503644
503875
504152
504157
504220
504344
504486
504581
504711
504729
504746
504760
504780
504863
504868
504907
504919
504953
505107
505137
505258
505335
505349
505527
505537
505671
505836
505879
505912
505916
505936
506001
506148
506518
506648
506768
506829
506857
506929
507002
507226
507558
507834
507929
507978
508046
508198
508669
508726
508743
508813
509243
509617
509628
509668
509768
510182
510314
510587
510685
510810
510832
510872
510886
511029
511167
511217
511528
511738
512013
512207
512291
512499
512572
512733
512791
512948
513032
513229
513268
513368
513400
513474
513611
513683
513903
514014
514043
514136
514162
514471
514697
514764
515358
515376
515607
515640
515817
516122
516127
516143
516301
516503
516687
516849
517059
517466
517622
517819
517977
518008
518269
518316
518348
518449
518464
518667
518726
518801
519061
519354
519554
519705
519777
519779
519890
519893
519903
519932
520023
520111
520129
520194
520286
520637
520965
521078
521087
521160
521183
521184
521375
521381
521482
521484
521650
522072
522187
522222
522233
522253
522398
522520
522533
522586
522597
522903
522943
523030
523090
523186
523237
523284
523455
523473
523525
523747
523824
523837
523997
524009
524099
524197
524311
524386
524529
524770
524961
525272
525313
525315
525321
525329
525554
526038
526198
526201
526244
526328
526593
526634
526646
526744
527387
527405
527412
527558
527647
527877
527878
528259
528292
528337
528369
528386
528436
528455
528523
529078
529078
529440
529673
529717
529823
530057
530154
530249
530290
530317
530379
530464
530466
530493
530925
530976
531595
531728
531738
531753
531912
531919
532038
532044
532048
532071
532089
532385
532613
532953
532965
533044
533071
533079
533103
533223
533287
533422
533471
533480
533488
533533
533591
533611
533864
533918
534126
534157
534473
534509
534670
534672
534753
534890
535333
535394
535415
535764
535788
535802
535985
536095
536278
536292
536558
536649
536680
536783
537094
537222
537338
537349
537419
537434
537726
537852
537855
538256
538543
538667
538926
538977
538986
539024
539155
539241
539481
539661
539746
539877
540087
540088
540097
540231
540466
540500
540573
540625
540641
541190
541263
541274
541511
541760
541891
541983
542121
542171
542337
542501
542575
542630
542634
542672
542733
542778
542811
542861
543018
543185
543379
543428
543505
543844
543871
543883
544002
544056
544174
544314
544353
544453
544459
544506
544676
544712
544734
544744
544795
544891
544897
544913
544938
544978
545108
545132
545351
545425
545631
545795
545797
545974
546499
546555
546622
546653
546752
546759
546896
546912
546943
547050
547225
547239
547585
547890
547955
548019
548129
548286
548349
548393
548419
548594
548596
548642
548991
549030
549042
549461
549593
549805
550292
550347
550553
550659
550825
550974
551124
551183
551241
551276
551298
551439
551615
551629
551825
551833
551876
551938
552234
552373
552447
552574
552609
552620
552720
552739
552904
552985
553018
553101
553389
553493
553933
554005
554046
554111
554190
554643
554649
554687
554777
555025
555105
555167
555476
555480
555644
555655
555711
555748
556097
556231
556266
556352
556499
556635
556697
556746
556967
556968
556972
557394
557405
557409
557640
557708
557978
558013
558067
558154
558305
558369
558536
558541
558548
558579
558591
558936
559022
559033
559325
559545
559623
559624
559749
559813
559928
559955
559956
560070
560313
560409
560537
560575
560615
560727
560825
560873
560926
561029
561391
561394
561797
562249
562315
562356
562419
562434
562571
562618
562738
562814
562815
562848
562961
563005
563121
563209
563255
563359
563366
563453
563707
563734
563847
563923
563983
564086
564093
564185
564355
564490
564560
564808
565074
565193
565335
565346
565508
565714
565750
565825
565836
566059
566174
566264
566303
566540
566780
566792
566916
566935
566994
567463
567904
567919
568309
568321
568383
569323
569464
569476
569704
569766
569830
569918
569969
569972
569984
570112
570158
570444
570472
570477
570679
570682
570734
570887
570951
570962
571058
571186
571608
571634
571635
571657
571775
571965
572093
572172
572229
572409
572481
572985
573148
573273
573282
573304
573331
573357
573717
573852
574108
574115
574172
574480
574615
574778
574901
575023
575045
575084
575089
575140
575151
575216
575354
575464
575547
575672
575754
575776
575795
575805
576040
576221
576266
576422
576575
576640
576645
576688
576778
576985
577320
577376
577398
577683
577721
577867
577988
578004
578032
578281
578373
578485
578582
578676
578928
579001
579031
579350
579360
579950
580023
580134
580160
580286
580291
580414
580426
580538
580666
580813
580937
581008
581133
581218
581255
581439
581590
581607
581918
581948
582088
582096
582529
583145
583265
583403
583473
583518
583552
583660
583792
583877
583964
584259
584523
584560
584678
584791
585079
585161
585182
585183
585387
585442
585509
585793
585920
585951
585976
586049
586107
586273
586375
586603
586788
586932
587000
587158
587192
587204
587334
587375
587426
587436
587474
587579
587628
587689
587717
587872
587933
588020
588061
588072
588082
588098
588428
588478
588490
588621
588720
588883
588937
588981
588984
589313
589931
590020
590034
590226
590539
590550
590627
590682
590810
590849
590926
591030
591187
591343
591498
591518
591612
591724
591939
592072
592206
592263
592287
592373
592531
592534
593148
593210
593345
593400
593452
593605
593660
593848
593855
593871
593995
594180
594228
594245
594340
594478
594720
594737
595007
595027
595103
595106
595301
595324
595432
595684
595713
595769
595778
595839
596404
596425
596524
596706
596780
596823
597068
597226
597393
597457
597465
597689
597764
597769
597785
598100
598369
598383
598390
598394
598815
598815
598927
599027
599313
599642
599657
599744
599797
599828
600159
600185
600280
600283
600421
600540
600626
600685
600758
600783
600843
600860
600916
601081
601201
601236
601239
601317
601416
601443
601464
601487
601722
601750
601936
602051
602059
602093
602201
602230
602443
602605
602608
602670
602700
602953
603056
603214
603312
603315
603340
603473
603478
603850
603917
603976
604448
604509
604609
604653
605214
605246
605251
605527
605621
605906
606008
606044
606240
606323
606669
607254
607369
607469
607473
607546
607629
607690
607702
607994
608028
608199
608808
608970
609080
609188
609518
609521
609746
609944
609992
610066
610159
610231
610294
610445
610637
610772
610827
611498
611566
611649
611663
611842
611855
611895
612000
612026
612154
612215
612244
612421
612442
612492
612877
612970
613092
613158
613302
613433
613481
613498
613611
613649
613763
613765
614159
614334
614362
614425
614534
614695
615118
615299
615309
615537
615670
615822
616001
616007
616037
616207
616231
616255
616261
616637
616640
616683
616840
616858
617075
617203
617307
617402
617646
617649
617662
618102
618250
618717
618730
618853
618898
619109
619143
619235
619240
619509
619534
619708
619775
619778
619852
619991
620009
620147
620385
620542
620753
620786
621013
621027
621034
621046
621331
621334
621439
621601
621664
621772
621915
622002
622269
622545
622681
622817
622853
622861
623142
623200
623274
623367
623543
623544
623607
623750
623774
623827
623988
624065
624267
624563
624570
624757
624841
624894
625103
625143
625295
625408
625700
625843
626025
626089
626183
626568
626824
627122
627299
627348
627360
627486
627606
627619
627750
627848
627894
628065
628129
628334
628386
628481
628488
628643
628759
628819
628822
628977
629118
629193
629217
629567
629708
629794
629949
630081
630127
630152
630197
630508
630614
630627
630632
630740
630973
630976
631038
631046
631061
631141
631161
631172
631266
631303
631559
631571
631571
631855
632198
632337
632358
632358
632655
632702
633258
633321
633526
633880
634242
634362
634481
634546
634558
634737
634783
634804
634824
634841
634869
635404
635408
635561
635634
635647
635693
635855
635857
636044
636107
636114
636197
636311
636354
636587
636654
636852
636976
636986
636988
637107
637172
637232
637284
637483
637712
637732
637756
637765
637901
637922
637953
638009
638044
638054
638097
638402
638565
638782
639211
639228
639285
639558
639566
639631
640206
640323
640383
640650
640847
640862
640886
640967
641315
641743
641965
642270
642351
642443
642571
642626
642894
642926
642981
643114
643126
643182
643329
643348
643365
643413
643608
643888
643899
643968
643971
644042
644087
644271
644325
644485
644488
644674
644694
644725
644828
644869
645016
645252
645278
645640
645847
646321
646507
646536
646673
646756
646910
646983
647050
647151
647680
647705
647796
647825
648034
648152
648175
648205
648241
648279
648567
648630
648824
648949
648951
649027
649070
649112
649125
649170
649575
649693
649753
649869
650058
650063
650084
650207
650303
650427
650457
650530
650917
651048
651054
651059
651341
651404
651406
651468
651500
651502
651675
651681
651856
651957
652066
652360
652507
652533
652612
652643
652662
652776
652780
652785
653190
653216
653421
653564
653573
653584
653802
653976
654144
654146
654223
654663
654668
654908
654932
654954
654984
655196
655259
655337
655395
655483
655484
655543
655569
655624
655633
655636
655675
655787
655833
655872
655933
656370
656388
656448
656458
656528
656680
656795
656907
656961
657106
657256
657328
657353
657476
657569
658047
658269
658275
658480
658551
658552
658631
658688
658738
658768
658788
659128
659418
659488
659508
659601
659637
659807
659859
659942
660069
660469
660511
660912
660999
661231
661247
661309
661367
661407
661522
661655
661860
661911
662027
662233
662301
662573
662577
662581
662695
662790
662933
662995
663146
663158
663168
663171
663240
663272
663302
663338
663487
663551
663636
663859
663967
663980
664334
664661
664733
664765
664801
664872
664884
665052
665065
665068
665249
665392
665399
665426
665480
665620
665674
665742
665879
666114
666186
666191
666430
666459
666470
666694
667240
667279
667548
667553
667711
667916
667974
668064
668229
668250
668267
668338
668493
668527
668665
668676
668766
668789
668865
668868
669368
669426
669438
669506
669509
669592
669885
669953
670033
670232
670262
670369
670703
670827
670835
670871
671071
671203
671557
671635
671767
671904
671937
671998
672133
672191
672311
672521
672633
673035
673185
673447
673507
673552
673709
673784
674017
674137
674227
674464
674483
674485
674542
674554
674703
674790
675010
675052
675192
675239
675269
675348
675812
675833
675844
675929
676337
676429
676443
676575
676645
676677
676947
676990
677182
677279
677893
677936
677954
678090
678145
678246
678389
678435
678511
678520
678790
678964
679311
679579
679602
679613
679754
679760
679772
679781
680354
680500
680557
680586
680634
680638
680692
680717
680770
680836
680849
680887
680927
680995
681003
681038
681119
681279
681688
681689
681768
682417
682456
682466
682528
682590
682597
682868
682952
683019
683021
683185
683263
683283
683302
683417
683471
683498
683583
683617
683640
683728
683777
683821
683930
683967
683979
684011
684064
684114
684254
684381
684482
684495
684636
684823
684918
684931
684952
685067
685395
685455
685572
685614
685731
685913
686059
686140
686145
686188
686215
686371
686607
686728
686910
686999
687302
687489
687544
687600
687762
687862
687916
687922
687932
688141
688179
688265
688278
688418
688450
688470
688556
688602
688701
688826
688838
688888
688939
688960
689279
689345
689877
690013
690041
690210
690339
690427
690485
690721
690838
691067
691117
691167
691182
691182
691286
691460
691525
691575
691578
691814
691938
692005
692210
692340
692356
692598
692603
692630
692684
692779
693195
693431
693466
693564
693663
693701
693751
693961
694257
694277
694374
694377
694573
694688
694705
694833
695107
695118
695481
695483
695498
695722
695844
695875
695918
695989
696042
696286
696301
696358
696781
696879
696887
697048
697131
697367
697398
697417
697572
697719
697903
697911
698131
698424
698491
698628
698638
698806
698821
698941
699203
699237
699242
699291
699459
699788
699996
700009
700014
700169
700203
700213
700341
700381
700385
700497
700554
700686
700687
700907
700910
701057
701120
701210
701279
701288
701365
701583
701673
701774
701916
702030
702073
702087
702108
702213
702308
702338
702486
702577
702763
702860
702910
702924
702940
702945
703314
703491
703581
703858
703968
703976
703982
703994
704018
704074
704323
704650
704676
704692
704736
704851
704856
705145
705457
706084
706089
706278
706342
706749
707351
707806
707832
707959
708053
708065
708079
708252
708546
708577
708782
708855
708920
708962
708987
709043
709386
709556
709588
709597
709677
709799
709862
709987
710093
710466
710668
710669
711116
711212
711278
711314
711319
711443
711504
711517
711563
711673
711926
712031
712090
712371
712576
712583
712588
712760
712787
712865
712926
712983
713023
713079
713096
713260
713340
713617
713659
713694
713829
713941
714022
714081
714113
714273
714339
714396
714476
714585
714712
714773
714787
714860
714995
715056
715231
715351
715500
715674
715842
715904
715996
716029
716046
716330
716367
716401
716579
716625
716692
716882
717003
717369
717412
717439
717624
717688
717720
717725
717913
717921
718261
718341
718460
718750
718774
718820
719200
719248
719440
719627
719732
719776
719790
720112
720190
720230
720302
720413
720469
720553
720568
720619
720661
720673
720790
720859
721075
721206
721338
721486
721500
721652
721664
721665
721687
721815
721946
722142
722191
722665
722699
722753
722917
723156
723161
723164
723229
723242
723570
723618
723640
723757
723758
723877
723885
723998
724060
724064
724189
724218
724225
724514
724549
724775
724886
725030
725178
725184
725205
725473
725594
725603
725645
725667
725670
725718
725759
726257
726411
726420
726536
726616
726616
726764
726830
727089
727163
727295
727325
727465
727483
727773
727846
727848
727860
728014
728111
728160
728217
728235
728277
728301
728324
728890
728964
729254
729297
729311
729466
729602
729698
729771
729993
730095
730277
730296
730298
730451
730513
730520
730650
730700
730731
730774
730774
731007
731028
731119
731144
731166
731235
731259
731264
731322
731376
731535
731720
731759
731784
731968
732010
732137
732229
732449
732538
732540
732627
733027
733054
733141
733293
733341
733421
733783
733785
734116
734257
734384
734639
734714
734773
734829
734844
734938
735458
735530
735712
735800
735805
735841
735954
736010
736154
736162
736287
736529
736532
736813
736824
737154
737329
737403
737408
737598
737730
738012
738139
738233
738342
738408
738577
738766
738802
738835
738906
738982
739047
739092
739144
739193
739250
739278
739577
740009
740261
740438
740508
740757
740780
740954
741172
741210
741247
741376
741420
741496
741697
741976
742089
742636
742658
742717
742721
742880
743062
743116
743131
743220
743463
743650
744020
744260
744284
744416
744520
744557
744792
744792
744842
745224
745278
745398
745937
745951
746108
746215
746223
746284
746388
746468
746559
746858
746957
747078
747192
747522
747542
747571
747645
747698
747780
748057
748131
748170
748179
748342
748492
748528
748557
748664
748787
748967
749229
749313
749413
749487
749488
749582
749672
749680
749723
749804
749815
750035
750035
750526
750591
751095
751445
751483
751543
751687
751720
751811
751983
752172
752239
752240
752315
752582
752699
752714
752873
752964
753144
753152
753386
753434
753564
753708
753759
754189
754207
754234
754410
754455
754648
754754
754876
755018
755034
755176
755878
756024
756109
756503
756655
756685
756686
756998
757295
757406
757418
757488
757504
757521
757528
757583
757771
757890
757920
757931
757986
758443
758864
758944
758981
759098
759228
759450
759470
759511
759710
759848
759908
760358
760388
760447
760493
760580
760589
760591
760666
760722
760746
760898
760934
761026
761355
761489
761999
762099
762110
762243
762282
762443
762554
762719
763251
763259
763261
763354
763428
764024
764024
764174
764336
764521
764537
764696
765071
765106
765228
765322
765481
765664
765688
765781
765835
765849
765897
765919
766024
766094
766212
766470
766488
766646
766684
766966
767058
767149
767268
767289
767299
767450
767451
767473
767493
767962
768307
768493
768510
768724
768930
769053
769412
769779
769848
769979
770269
770412
770601
770676
770700
770740
770952
771079
771111
771140
771204
771459
771469
771483
771673
771699
771781
772163
772183
772260
772278
772280
772285
772510
772523
772769
772875
772942
773076
773136
773212
773421
773489
773654
773676
774163
774329
774379
774501
774719
774766
774950
775064
775276
775506
775903
775973
775984
776167
776655
776818
776834
776871
776875
776989
777150
777204
777209
777300
777444
777526
777584
777669
777834
777894
778277
778455
778684
778728
778742
778901
779001
779107
779192
779283
779760
779890
780071
780373
780464
780637
780713
781014
781302
781327
781349
781374
781433
781443
781473
781545
781621
781808
781963
782096
782097
782097
782254
782279
782634
782807
783075
783079
783101
783336
783544
783661
783736
784124
784214
784857
784958
785291
785309
785359
785385
785624
785627
785690
785782
785888
785912
786198
786552
786713
786736
786843
786847
786929
787016
787214
787272
787394
787445
787521
787562
787683
787895
787936
787981
787988
788058
788064
788101
788107
788253
788292
788305
788328
788363
788481
788579
788663
788800
789000
789068
789111
789204
789253
789290
789322
789465
789481
789490
789543
789544
789655
789934
790043
790058
790198
790212
790358
790375
790425
790507
790679
790819
790921
791173
791202
791511
791743
791774
791830
791989
792091
792127
792131
792266
792282
792580
792589
792593
792739
792777
792890
793063
793067
793172
793192
793249
793408
793516
793549
793696
793740
793859
793965
793983
794113
794164
794655
794968
795119
795148
795153
795338
795348
795357
795706
795883
795884
796077
796110
796152
796657
797050
797139
797163
797247
797363
797388
797418
797549
797736
797786
797959
798036
798135
798331
798561
798649
798683
798754
798852
799164
799416
799637
800080
800145
800294
800305
800627
800672
800673
800734
800753
800999
801201
801413
801469
801580
801617
801818
801867
801912
802022
802207
802338
802781
802957
803030
803050
803162
803252
803785
803799
803889
803941
804093
804213
804314
804458
804505
804618
804670
804935
804940
804988
805002
805263
805358
805424
805527
805722
805942
806546
806548
806737
806751
806761
806990
807080
807153
807215
807373
807432
807437
807520
807599
807661
807667
807694
807741
807744
807798
808060
808172
808400
808515
808610
808696
808705
808966
809008
809053
809073
809137
809222
809286
809348
809435
809706
809724
809805
809845
810208
810311
810319
810614
810640
810931
811222
811310
811345
811399
811545
811610
811634
811723
811818
812011
812080
812240
812324
812334
812431
812466
812534
812763
812832
812918
813016
813137
813143
813520
813539
813610
813676
813709
813767
813963
814154
814205
814522
814580
814588
814639
814700
814821
815009
815088
815093
815145
815245
815278
815480
815610
815652
815670
815681
815692
815820
816010
816173
816413
816475
816504
816653
816862
816865
817063
817223
817264
817499
817805
818124
818128
818338
818477
818550
818557
818564
818902
819141
819184
819208
819209
819225
819619
819806
819876
819962
819979
820056
820126
820711
820921
820948
821124
821152
821248
821299
821426
821581
821668
821669
821767
821864
821994
822054
822058
822821
822827
822906
822913
823108
823146
823173
823402
823542
823633
823698
823979
824235
824334
824357
824747
824779
824784
824801
824952
825141
825226
825273
825278
825346
825477
825535
825664
825707
825830
825922
826171
826185
826288
826595
826679
826858
826939
827061
827225
827319
827322
827324
827335
827386
827433
827707
827806
827909
828031
828086
828169
828172
828250
828536
828644
828720
828828
828870
828888
828952
829047
829349
829493
829531
829569
829613
829618
829874
829884
830553
830815
830881
830883
830916
831070
831765
831971
832081
832144
832144
832148
832411
832456
832469
832624
832653
832922
832992
833035
833078
833313
833347
833468
833506
833571
833844
834086
834121
834412
834680
834799
835342
835363
835435
835493
835702
835999
836199
836421
836435
836521
836537
837087
837189
837361
838085
838182
838245
838351
838417
838433
838447
838731
838883
839061
839504
839740
839800
839836
839871
840196
840211
840288
840695
840786
840904
841099
841238
841275
841321
841569
841576
841667
841765
841819
841996
842359
842439
842555
842856
842898
842954
843003
843396
843429
843686
843773
843837
844057
844123
844128
844131
844467
844472
844937
845000
845027
845043
845141
845342
845491
845629
845656
845856
845916
846182
846212
846352
846462
846591
846832
847035
847154
847372
847520
847539
847607
847748
847873
847927
848309
848429
848458
848563
848565
848706
848796
848798
848879
849256
849279
849306
849440
849552
849792
849871
849890
850026
850036
850168
850269
850358
850439
850547
850892
851151
851234
851386
851468
851496
852196
852210
852257
852325
852417
852584
853131
853287
853518
853629
853641
853727
853851
853997
854029
854172
854251
854277
854448
854546
854600
854867
854880
854904
854928
854971
854978
855432
855890
856050
856125
856235
856251
856494
856502
857002
857120
857403
857471
857551
857612
857658
857676
857748
857800
857938
858102
858215
858286
858437
858679
858702
858798
858973
858982
859076
859099
859346
859401
859416
859535
859549
859574
859683
859752
859999
860231
860558
860668
860778
860975
861001
861063
861283
861376
861609
861617
861630
861764
861904
862129
862310
862347
862373
862389
862434
862522
862675
862704
862825
862828
862967
863094
863106
863139
863226
863262
863437
863904
863993
864191
864211
864236
864780
864958
864959
864969
864976
865006
865121
865128
865132
865162
865254
865305
865373
865532
865825
865992
865992
866052
866085
866190
866201
866228
866405
866431
867080
867083
867185
867197
867462
867753
868171
868259
868296
868400
868424
868434
868453
868514
868652
868690
868780
868853
869072
869073
869237
869418
869455
869710
869718
870177
870497
870614
870864
871013
871070
871080
871115
871194
871250
871283
871329
871870
871896
871952
872265
872338
872375
872463
872645
872680
872749
872797
872931
872945
872947
873014
873416
873441
873544
873576
873617
873640
873932
874144
874281
874321
874368
874414
874461
874716
874734
874841
874958
875017
875229
875258
875358
875373
875389
875529
875753
875767
875775
875882
876051
876090
876275
876467
876965
877008
877345
877483
877506
877588
877622
877686
877729
877753
877772
877839
877891
878021
878191
878268
878396
878635
878651
878931
878979
879041
879435
879900
880068
880147
880356
880422
880473
880555
880576
880617
880718
880925
880954
881356
881606
882231
882273
882341
882419
882758
882903
882940
882988
883131
883196
883208
883281
883285
883399
883674
883695
884123
884178
884219
884259
884261
884409
884424
884582
884598
884874
884963
884993
885124
885194
885238
885308
885422
885616
885642
885895
885917
885990
886087
886192
886483
886607
887005
887144
887167
887281
887343
887357
887412
887495
887543
887622
887706
887744
887837
887891
887936
888266
888272
888322
888413
888593
888682
888687
888734
888736
889050
889155
889203
889401
889419
889892
890023
890118
890154
890342
890428
890459
890666
890673
890885
891137
891405
891540
891797
891842
891850
891934
891955
891987
892479
892666
892674
892724
892724
892772
893051
893156
893253
893438
893459
893592
893665
893693
893805
894140
894143
894144
894410
894731
894771
894796
894797
895003
895285
895628
895649
895699
895922
895966
896044
896104
896106
896173
896180
896227
896631
896633
896664
896792
896808
896848
896896
896915
897193
897230
897288
897382
897628
897666
897806
897816
897820
897882
897979
898177
898316
898407
898484
898536
898775
898805
899041
899122
899231
899704
899726
899745
899748
899818
899822
899862
900547
900749
901032
901095
901121
901125
901134
901442
901692
901873
901986
902286
902309
902513
902585
902652
902747
902838
902859
902957
903011
903026
903068
903106
903128
903145
903165
903204
903402
903509
903523
903559
903763
904190
904520
904670
904701
904755
904766
904802
904804
904848
905340
905351
905691
905853
906336
906535
906596
906640
906683
906787
906831
907028
907040
907204
907541
907902
908140
908151
908268
908422
908938
909067
909219
909323
909351
909488
909575
909675
909689
909720
909929
910014
910086
910125
910468
910568
910616
910647
910697
910905
910937
911002
911061
911151
911172
911224
911421
911562
911772
911859
911862
911894
912179
912232
912439
912492
912648
912669
912798
912850
913348
913374
913498
913684
913699
913807
913906
913967
914130
914728
914744
914864
914955
915000
915023
915202
915454
915629
916105
916140
916246
916556
916663
916955
917039
917042
917141
917165
917538
917619
917944
917954
917974
918163
918256
918274
918358
918545
918764
918938
919012
919120
919146
919175
919492
919506
919516
919527
919662
919676
919760
919879
920065
920209
920345
920381
920407
920598
920661
920748
920765
920861
921139
921318
921416
921697
921785
921811
921925
921980
922023
922040
922710
922716
923020
923080
923085
923118
923198
923216
923353
923361
923642
923700
924173
924186
924238
924286
924688
924719
925021
925231
925253
925273
925347
925483
925538
925576
925782
925855
925858
925898
926096
926489
926546
926628
926696
927146
927328
927684
927830
927913
928110
928507
929205
929301
929395
929427
929462
929631
929795
929902
929906
929964
929982
930075
930231
930262
930287
930344
930361
930405
930512
930596
930600
930616
930645
930652
930881
930898
930924
930971
931102
931338
932118
932246
932433
932461
932510
932541
932585
932757
932791
933025
933041
933066
933090
933127
933351
933550
933743
933789
933868
933895
933982
934070
934218
934225
934288
934329
934425
934627
934693
934754
934805
934934
935050
935253
935270
935280
935312
935474
935619
935695
936037
936039
936142
936192
936440
936559
937071
937131
937139
937170
937243
937319
937546
937562
937660
937764
937929
937982
938126
938188
938256
938273
938530
938712
939057
939304
939601
939613
939746
940035
940250
940332
940361
940585
940734
940794
940837
940875
940997
941019
941098
941116
941160
941173
941380
941575
941619
941621
941792
941829
941968
941999
942144
942164
942391
942433
942481
942490
942551
942566
942690
942704
942975
943036
943072
943174
943231
943275
943412
943687
943731
943847
943933
944229
944820
945067
945077
945491
945542
945646
945782
945924
946109
946186
946245
946341
946345
946501
946903
946987
947120
947280
947296
947315
947469
947669
947722
947811
947826
947895
948308
948324
948337
948475
948618
948659
948871
948975
949043
949310
949322
949369
949404
949753
949805
949851
949875
949961
950019
950027
950234
950536
950555
950559
950599
950717
950834
950838
950887
950912
951158
951267
951641
952299
952359
952682
952732
952750
953612
953693
953757
953819
953873
954123
954335
954359
954475
954696
954729
954731
954841
954857
954878
954983
955001
955348
955349
955481
955536
956008
956012
956204
956267
956330
956505
956545
956898
956963
957249
957275
957334
957723
957733
957806
957850
957964
958011
958149
958166
958206
958218
958438
958728
958743
958797
958959
958960
959035
959083
959110
959230
959475
959501
959997
960154
960460
960596
960663
960825
960960
961052
961085
961120
961227
961653
961663
961826
961829
962041
962077
962481
962515
962578
962991
963193
963584
963640
963663
963672
963693
963799
964025
964053
964097
964452
964553
964602
964761
964778
964939
965123
965182
965428
965661
965790
965799
965934
965970
966011
966053
966071
966323
966377
966734
966783
966919
966929
967377
968144
968260
968586
968754
968974
969027
969061
969198
969264
969274
969379
969434
969496
969509
969646
969715
969797
969842
970003
970006
970026
970104
970223
970344
970346
970371
970508
970705
970819
971004
971043
971313
971327
971445
971591
971695
971716
971929
972097
972178
972186
972310
972366
972396
972735
972756
972791
972891
973231
973372
973526
973738
973747
973885
973937
974144
974241
974412
974555
974578
974640
974665
974665
974999
975045
975050
975084
975174
975197
975337
975491
975501
975504
975635
975644
975748
975768
975805
976134
976321
976374
976409
976454
976608
977041
977046
977315
977459
977519
977521
977548
977619
977630
977878
977889
977928
978120
978131
978293
978361
978404
978424
978626
978760
978853
978918
978954
979021
979078
979426
979550
979625
979629
979649
979676
979682
979796
979955
979961
979971
980123
980290
980306
980338
980339
980379
980405
980581
980726
980786
980818
980847
980869
980921
981306
981492
981621
982015
982340
982365
982448
982511
982525
982803
982983
983060
983066
983070
983136
983196
983221
983396
983523
983547
983714
983739
983867
983890
983913
983926
984277
984279
984662
984667
985247
985253
985505
985544
985657
985892
985894
986058
986136
986208
986410
986545
986646
986697
986733
986746
986782
987130
987321
987538
987768
988472
988650
988682
988999
989350
989400
989439
989738
990218
990423
990502
990577
990789
990820
990853
991135
991183
991403
991526
991566
991574
991711
991751
991839
991865
991886
992244
992323
992524
992571
992731
992896
992993
993136
993296
993333
993424
993462
993492
993620
993707
993809
993923
993951
993975
994090
994264
994410
994430
994657
994752
994850
994957
994980
995051
995091
995100
995147
995194
995211
995265
995332
995442
995749
995811
995953
995982
996114
996178
996209
996254
996304
996314
996339
996374
996443
996470
997005
997174
997320
997353
997374
997455
997490
997548
997571
997697
997705
997831
998000
998003
998198
998199
998405
998431
998573
998688
998700
998706
998894
998920
998930
999002
999032
999071
999075
999648
999852
