-91542
-87436
-70083
-53871
-39589
-34415
-12747
-11149
1371
18792
24133
27169
34918
39267
53713
68286
68867
84785
94192
122119
129711
135492
135813
139258
140596
144697
162771
174626
179949
195839
210565
211699
216134
225107
227073
336198
355847
357578
358129
359339
368299
402809
414071
441935
447613
461678
465151
477057
479835
485210
495469
507001
511697
514196
514848
546578
553346
565455
575766
588536
609253
621703
626580
626909
641768
647891
660029
669256
672326
683711
696869
716117
752722
753145
755155
783898
799902
806265
828425
883820
890233
891409
892504
896959
952582
959297
