-68941
-59154
-48798
-43430
18407
25584
27747
32391
34687
35327
48527
50829
61092
68327
87676
99834
102398
119274
139799
161317
172213
178220
204954
211457
212242
256443
277094
283394
290900
308951
310508
312462
314222
335000
352136
362661
366045
374059
384013
395604
407691
430990
431510
437517
450238
450459
468881
472807
513384
525476
526095
532296
532574
543406
569257
569972
576864
588805
633469
637189
664707
674024
677717
679672
698502
698699
700394
717826
718757
728294
768743
795264
833334
849176
857049
858538
865667
871753
872783
900992
929290
930056
952308
955381
962604
965514
981262
985188
986566
994219
996626
997345
