-93268
-91938
-77882
-73509
-51357
-33150
-29130
-17594
-8462
23383
26908
95343
98224
99305
118397
131499
135471
162508
172114
207756
212492
251957
266285
268081
315602
320514
328280
332430
333741
339489
358407
387074
405805
413162
431370
434147
456445
475158
478882
497119
499224
511139
536869
565316
571715
571912
576102
598368
605578
641504
654494
660179
665240
673060
678547
683412
694461
700976
714058
718571
719496
725682
734018
738282
738972
740967
754370
763396
772928
775148
780183
785540
806544
843574
870977
871684
910846
919726
950362
959984
988708
