-97469
-90229
-88992
-77006
-67171
-44181
-25594
-22452
-21174
-16976
-16292
12155
34962
36895
42774
43849
65366
84190
87581
132930
141093
141954
147865
163356
168942
175820
176363
201570
217318
270898
276333
285859
315240
325089
358435
367027
392530
397874
401309
417427
436784
446984
451846
483639
489854
496448
498149
531824
536447
540021
544008
560263
566594
570050
570768
571059
572036
589743
597334
622044
641721
647422
670978
688813
705536
739601
746018
756427
762179
775090
778046
784055
796633
806909
833187
849910
853754
858220
873534
878102
896120
924112
936405
963911
991048
