-88318
-86206
-79498
-26684
-10758
-10098
15888
15919
24924
33414
44550
61744
64526
69697
70898
80524
165932
172383
199056
221862
222644
227400
230005
234976
259474
259817
264371
269474
271332
285846
289116
297822
304083
314883
314903
316383
331256
334881
360256
364221
381508
382391
386885
393019
401592
402782
405784
417456
451430
454797
461705
467227
599486
599512
607162
660592
668129
689559
690994
694685
699285
700743
712197
723557
728056
737710
754903
775822
790660
790778
811745
834106
847432
854244
857958
876808
891308
897979
911737
922643
938001
938251
941831
942372
976666
978215
