-77533
-77469
-64420
-62700
-48884
-22890
-15938
20321
21687
32177
48575
62153
98642
130193
138677
142823
158447
194824
209779
228441
240745
252239
300379
308577
319469
319570
328166
329997
352045
385514
392359
426547
483728
487149
508118
509274
537326
546352
546527
563743
566312
569854
590142
598071
606930
608580
636645
636651
643941
645583
658322
674933
681564
689098
689443
691932
696787
697181
737377
763045
764185
784000
796876
798270
801361
806424
815631
824122
831769
848443
876233
894816
903230
922173
938505
942519
954516
955048
956290
978786
