-91661
-81218
-78603
-68650
-65349
-55251
-46107
-40780
-19898
20702
33938
80500
81107
85378
122931
136697
151485
151776
183818
192693
196128
218157
231284
233833
259236
260876
271787
272580
290654
291533
297420
319416
331108
354305
363823
375846
382719
382770
383887
406744
409475
416837
426032
450466
476864
482496
501028
507288
512286
535038
537256
558805
563033
568415
568914
578415
581080
585016
593369
596245
605740
612721
644265
654397
690556
718544
740287
751307
755303
760883
768476
772078
774934
789312
791005
798035
816538
822458
825525
826036
843953
877224
884231
888698
928823
931107
945339
954962
965475
999199
