-84946
-57733
-40008
-39581
-33282
-21512
-8133
1632
4290
5755
33293
64889
78463
78887
111764
116827
118923
139455
149103
156578
167156
169557
195448
210947
211409
219390
251844
275455
279999
286757
301679
323921
332893
343616
353157
357665
380690
416140
416226
425411
430403
436673
469696
473907
473924
483921
485862
486445
500160
505756
511803
525935
542290
546895
583222
584352
584678
587726
606972
623180
630687
634611
639870
650924
651113
657908
659626
697650
697875
717600
718908
735156
772119
811249
839791
844223
845224
861005
879649
880609
883997
891659
908728
948543
983009
987962
