-85490
-79290
-77041
-70452
-64871
-38652
-37540
-37288
-7285
2609
3920
16055
36944
47279
54537
81932
99756
101483
125935
171506
195879
202275
214823
221124
224008
233594
247802
253420
262585
281866
299007
317686
318463
335257
336480
337730
358498
366813
367402
372708
380461
395463
404589
405109
405866
407146
415858
430246
448934
449488
479113
479129
479410
485483
485650
490166
492289
495070
497268
507435
526569
536133
546230
583904
594312
596627
619120
621699
631086
635180
637360
651060
668451
684692
695907
703216
703500
715248
757477
765309
773170
802005
811681
843799
863312
863675
869815
873103
874708
890704
899276
909541
948771
949298
949539
965527
992504
