-75551
-53168
-35709
-32547
6364
49455
73627
80881
84955
87117
92065
103179
103765
108683
131833
132273
142795
142896
154348
175260
185383
194930
198486
204092
209041
213089
247528
249453
268559
272883
278644
297933
313275
314915
325954
364242
368266
374374
383277
400157
406131
409335
417219
421541
459468
493541
502338
525087
533387
541229
547297
567360
572787
578952
606067
615466
640712
652724
698420
712043
714905
725594
732718
773687
776151
777223
797782
803213
803605
810720
829376
842207
843487
855921
858954
861472
879559
883441
910117
913508
914388
918432
939569
945072
951524
953977
960047
961328
964045
977172
983742
996531
