-82489
-76965
-68386
-40517
-31085
-9242
-4682
11212
20816
56829
59241
67362
78368
83482
95890
104245
112238
116180
134212
147189
153164
159537
160536
169131
170667
184319
198281
199833
203062
218551
225891
226734
229525
233650
246769
254675
255064
261099
269345
275846
292929
301763
327051
336582
356889
356923
361282
391210
418062
438320
438340
448415
478188
479695
488553
489666
492963
515589
516993
560919
583392
640494
647752
652470
654364
658353
668594
692492
697615
707960
709665
764492
785964
787896
814897
815919
841691
848898
863810
868196
878145
893146
894293
923631
928732
929097
943116
945119
956478
975296
988466
989083
991453
992055
