-98495
-96668
-95953
-93526
-53038
-21159
-8414
14681
16819
25307
65509
91054
99136
117616
134620
139918
142658
143782
149523
159678
174577
185742
186540
188789
226789
232677
245345
252809
256162
257831
259711
268496
289228
304890
305205
319083
350784
353704
366358
390192
426108
429095
461964
493550
497458
498131
521819
524661
573967
594053
602813
615928
635362
655774
657611
658522
659270
671868
685193
697056
710709
712459
722650
734147
755475
778169
789112
801013
816214
820550
828436
834811
839888
840877
859035
873676
879690
884563
887303
891949
892689
918282
976655
998873
