-92660
-90337
-78077
-68708
-60433
-53164
-47970
-22339
33267
41273
43165
44146
73957
84932
95925
152219
165233
165940
166570
183072
189688
195919
199721
199901
204619
243405
249707
252643
291724
298678
332264
378080
386742
387724
435574
467762
482192
497202
498221
509490
528611
529187
581183
596374
606187
620714
666430
680200
688997
706818
716034
730858
758833
786767
788316
788903
801824
811576
816942
817940
829493
847141
860523
869641
891727
891730
892653
902779
921690
922984
923790
934991
937327
976265
986140
