-61189
-43846
-8372
15873
22029
22643
23369
27215
49712
65179
86723
89590
101909
140429
147501
147584
149166
159675
160522
212729
214319
233104
245408
248648
275116
300487
310271
313623
321465
329480
338917
350532
351190
373682
387620
390414
392615
400196
433230
438533
462021
463555
464212
475653
480819
500905
505239
508200
513696
538936
550060
550788
552175
557747
581324
583189
607607
636402
665770
666263
675238
703177
704270
713754
728595
732136
735322
741665
746116
750825
752000
761729
774057
787498
788385
789473
791840
799314
860049
872401
885451
889053
902417
904695
905085
947701
973869
975968
977281
978740
980305
983874
993260
