-85716
-65059
-49650
-44464
-34557
-19581
8943
20395
38687
38942
41477
52140
64719
65949
106704
111342
112450
124717
153019
180185
187621
199192
218485
221201
229886
244138
263681
295673
300277
301660
309961
317766
317914
326127
336356
359171
360132
369578
371915
397478
398192
402215
424389
474740
486073
492341
494022
501532
514658
517246
526372
526428
533159
542417
573321
598779
622301
625542
647698
670629
678816
684533
700462
708209
714580
734734
769651
771648
782870
805520
823142
846296
874654
888714
893288
893843
901931
905201
928931
941031
950091
951357
957677
967172
971208
977275
984829
991128
