-54821
-43975
-27019
-21753
-20885
-13806
-4328
13311
16019
18107
61246
66758
68049
80727
96038
97400
98012
101601
103522
104723
106977
118657
118915
160528
165265
165901
184657
233636
246456
255745
258571
265567
272539
284537
289517
307119
330532
330850
337858
350258
373121
373577
435742
455224
466975
498711
499646
509852
517768
518380
522850
524610
528054
532026
539373
540237
567367
605262
608494
617274
641661
650643
665244
666524
685099
695924
696344
708940
760970
769728
781387
781425
783123
795932
800315
804531
804769
820209
828390
835822
844200
851412
861961
862395
881389
893117
906995
936944
968978
998826
