-79361
-30655
920
30071
37548
45784
60220
80902
93865
152939
164245
183864
193601
204544
211085
263253
277403
300424
313715
329592
369894
378693
388594
395820
396469
399685
403996
407299
423246
430000
449838
456904
499675
501682
510685
516154
518256
519182
525976
572891
579550
590955
606247
610943
629182
631805
644193
646108
654576
657646
658272
673885
688183
707247
718241
726302
728639
736344
740757
766443
769920
775257
786241
789238
796910
807083
829643
837397
898162
902393
905438
907356
929647
964819
975871
977524
978147
989232
