-91691
-76373
-74305
-15563
13154
16367
61476
63353
68062
71306
74601
88960
96833
142945
157323
188894
204390
211367
214461
229407
230889
231256
238191
244724
244988
267265
277323
292863
319263
319552
328067
331337
333481
339620
357036
371170
377990
384914
398055
402452
409036
421854
429801
435501
440302
466657
466982
486504
489722
505001
515071
536938
539091
551494
551944
576973
579003
598964
599832
606832
626737
627852
644430
653531
673431
684040
710404
746722
754923
774785
780412
783926
828344
854170
873606
896909
898661
908173
914466
923300
931665
932179
981231
990210
