-96010
-68450
-66369
-55422
-40160
1834
3987
4921
8262
11132
13506
44773
56832
64353
69959
83175
140027
145113
181959
185340
218082
232492
248935
263716
270595
287828
288236
296144
322573
331113
334959
337927
345152
360224
364359
378473
431317
464471
478770
496341
515380
539894
542251
564855
566097
573640
600476
613668
614473
614850
617056
644817
647015
665167
669769
697213
708552
742563
750864
751509
754078
762146
766460
774667
789221
792183
802494
813375
816348
818619
820870
827809
830760
862651
865763
897595
941977
947667
948415
959945
973722
982358
