-98152
-93356
-58651
-35672
-31841
-27162
-26955
-13989
-11115
-9199
13312
33679
84432
92453
108476
129921
130470
174033
209210
211466
214318
217819
229159
236879
256343
261891
333376
352646
367070
387267
395183
411404
411558
413688
425288
445379
452434
454971
464832
468939
470813
472822
478097
478527
482746
483888
484537
491823
493839
499650
499732
501260
502176
512521
520326
576076
622523
627021
629773
667125
699617
722828
762814
771662
776393
792950
801714
872540
878257
880092
886472
888906
912820
932917
933076
942014
963026
984159
