-95417
-72946
-48097
-45942
-39050
-34494
-34209
-25441
-19860
-3141
4909
61480
81171
82018
95901
134711
152512
161547
193413
215706
232037
232609
251333
254422
257447
274877
277199
278170
288241
289563
292593
306436
313154
342943
344172
389690
404638
409094
411263
411332
426732
427751
428341
458264
464571
467549
483793
485105
527948
531417
539625
557697
583360
594526
600775
601015
632363
659614
661808
666424
667383
696308
696644
708258
714220
714249
716695
731735
746236
759684
773902
778481
783628
812856
817466
817534
847184
849627
850132
858228
880040
885723
897087
918351
918468
925960
935868
954654
977434
