-92040
-74383
-73913
-69972
-64182
-61692
-56292
-55170
-46826
-36770
25446
33148
34260
35181
50006
54464
62441
67037
78833
83984
87013
109186
122716
138065
138759
144343
154027
158306
164666
199434
222363
222558
226269
230046
240625
266063
315052
338430
350600
364358
377343
380436
399458
401247
429158
433088
445645
452984
457981
466884
470260
476408
512355
518099
528390
560272
565388
566426
585302
611207
619662
621158
675090
681824
682306
684017
693646
695373
699287
702551
724686
733641
733727
734224
740747
743462
826750
847841
856872
857668
875688
884114
892786
914624
955054
971583
975263
977116
978768
980278
985948
