-78354
-72126
-71266
-68984
-64659
-58939
-18120
11999
16608
18314
31361
44108
61639
81141
105661
125225
147320
162482
176690
189096
195864
200602
205733
214283
246708
248110
269494
275351
291898
307356
321583
327060
359280
362660
368866
370805
387790
422807
436831
459337
467359
484096
487092
493206
514200
520449
522431
528365
540218
544029
561003
575583
595253
596311
610790
611254
628834
643395
643882
649773
662609
664525
664651
700908
713383
741650
754625
758322
761751
782432
782958
791154
804280
820841
844000
850005
856285
859416
875547
901501
912771
919553
957499
971468
976387
985956
