-88498
-81318
-66379
-48182
-19360
-19009
-13923
4467
34104
40487
43950
46796
50439
53378
64576
77153
91977
122419
134730
134763
140990
143024
154586
159057
159157
193701
201006
201334
211952
228745
237624
243143
265825
286976
291610
301964
313692
322003
326416
337589
359245
384250
397199
402414
415356
421164
430863
440976
451257
458034
475560
480886
487354
491759
493385
497183
537494
549553
553426
569525
577477
603806
608487
617263
640371
656061
658563
659203
662085
676748
694533
707362
724575
738006
750549
760058
763967
784193
785975
796086
801570
822967
877250
894371
895611
906345
912429
920219
953363
956346
961962
968591
981110
992406
994636
