-90983
-82457
-56303
-52270
-52008
6380
7271
38299
50401
93893
163154
179945
181886
187238
192487
212751
230836
252736
261274
261649
272157
275667
311387
311564
325080
326674
332563
356137
379875
383056
394622
395750
396697
404219
424217
432194
435348
439028
440055
468703
474503
493397
521742
556631
557423
562098
570568
577936
585633
588109
590806
602863
612113
615272
636669
642698
646965
676481
679287
692519
739922
746342
759615
764147
766453
769974
797307
804059
805151
815443
826131
846312
847308
861770
876956
880386
884347
885956
946618
963258
963405
992528
