-97420
-74641
-71577
-69056
-56209
-41967
-24585
-10800
-7904
26732
33392
38985
50989
51617
88235
96685
116166
120427
127213
136453
146834
156003
189093
194998
219425
226063
232182
234108
296929
307525
341038
363354
367839
384090
400794
402884
416089
438005
441061
444384
445100
446300
458506
461383
499338
508196
508368
522503
526789
540981
575701
579426
583113
589260
604711
611114
631482
639400
656079
718167
735272
748655
785052
785590
791954
796824
798002
823869
855151
861872
865349
886965
898469
901193
908588
941929
945638
969692
976927
981707
986241
988399
990253
996624
996825
