838
2514
5028
8380
12570
17598
23464
30168
37710
46090
55308
65364
76258
87990
100560
113968
128214
143298
159220
175980
193578
212014
231288
251400
272350
294138
316764
340228
364530
389670
415648
442464
470118
498610
527940
558108
589114
620958
653640
687160
721518
756714
792748
829620
867330
905878
945264
985488
1026550
1068450
1111188
1154764
1199178
1244430
1290520
1337448
1385214
1433818
1483260
1533540
1584658
1636614
1689408
1743040
1797510
1852818
1908964
1965948
2023770
2082430
2141928
2202264
2263438
2325450
2388300
2451988
2516514
2581878
2648080
2715120
2782998
2851714
2921268
2991660
3062890
3134958
3207864
3281608
3356190
3431610
3507868
3584964
3662898
3741670
3821280
3901728
3983014
4065138
4148100
4231900
4316538
4402014
4488328
4575480
4663470
4752298
4841964
4932468
5023810
5115990
5209008
5302864
5397558
5493090
5589460
5686668
5784714
5883598
5983320
6083880
6185278
6287514
6390588
6494500
6599250
6704838
6811264
6918528
7026630
7135570
7245348
7355964
7467418
7579710
7692840
7806808
7921614
8037258
8153740
8271060
8389218
8508214
8628048
8748720
8870230
8992578
9115764
9239788
9364650
9490350
9616888
9744264
9872478
10001530
10131420
10262148
10393714
10526118
10659360
10793440
10928358
11064114
11200708
11338140
11476410
11615518
11755464
11896248
12037870
12180330
12323628
12467764
12612738
12758550
12905200
13052688
13201014
13350178
13500180
13651020
13802698
13955214
14108568
14262760
14417790
14573658
14730364
14887908
15046290
15205510
15365568
15526464
15688198
15850770
16014180
16178428
16343514
16509438
16676200
16843800
17012238
17181514
17351628
17522580
17694370
17866998
18040464
18214768
18389910
18565890
18742708
18920364
19098858
19278190
19458360
19639368
19821214
20003898
20187420
20371780
20556978
20743014
20929888
21117600
21306150
21495538
21685764
21876828
22068730
22261470
22455048
22649464
22844718
23040810
23237740
23435508
23634114
23833558
24033840
24234960
24436918
24639714
24843348
25047820
25253130
25459278
25666264
25874088
26082750
26292250
26502588
26713764
26925778
27138630
27352320
27566848
27782214
27998418
28215460
28433340
28652058
28871614
29092008
29313240
29535310
29758218
29981964
30206548
30431970
30658230
30885328
31113264
31342038
31571650
31802100
32033388
32265514
32498478
32732280
32966920
33202398
33438714
33675868
33913860
34152690
34392358
34632864
34874208
35116390
35359410
35603268
35847964
36093498
36339870
36587080
36835128
37084014
37333738
37584300
37835700
38087938
38341014
38594928
38849680
39105270
39361698
39618964
39877068
40136010
40395790
40656408
40917864
41180158
41443290
41707260
41972068
42237714
42504198
42771520
43039680
43308678
43578514
43849188
44120700
44393050
44666238
44940264
45215128
45490830
45767370
46044748
46322964
46602018
46881910
47162640
47444208
47726614
48009858
48293940
48578860
48864618
49151214
49438648
49726920
50016030
50305978
50596764
50888388
51180850
51474150
51768288
52063264
52359078
52655730
52953220
53251548
53550714
53850718
54151560
54453240
54755758
55059114
55363308
55668340
55974210
56280918
56588464
56896848
57206070
57516130
57827028
58138764
58451338
58764750
59079000
59394088
59710014
60026778
60344380
60662820
60982098
61302214
61623168
61944960
62267590
62591058
62915364
63240508
63566490
63893310
64220968
64549464
64878798
65208970
65539980
65871828
66204514
66538038
66872400
67207600
67543638
67880514
68218228
68556780
68896170
69236398
69577464
69919368
70262110
70605690
70950108
71295364
71641458
71988390
72336160
72684768
73034214
73384498
73735620
74087580
74440378
74794014
75148488
75503800
75859950
76216938
76574764
76933428
77292930
77653270
78014448
78376464
78739318
79103010
79467540
79832908
80199114
80566158
80934040
81302760
81672318
82042714
82413948
82786020
83158930
83532678
83907264
84282688
84658950
85036050
85413988
85792764
86172378
86552830
86934120
87316248
87699214
88083018
88467660
88853140
89239458
89626614
90014608
90403440
90793110
91183618
91574964
91967148
92360170
92754030
93148728
93544264
93940638
94337850
94735900
95134788
95534514
95935078
96336480
96738720
97141798
97545714
97950468
98356060
98762490
99169758
99577864
99986808
100396590
100807210
101218668
101630964
102044098
102458070
102872880
103288528
103705014
104122338
104540500
104959500
105379338
105800014
106221528
106643880
107067070
107491098
107915964
108341668
108768210
109195590
109623808
110052864
110482758
110913490
111345060
111777468
112210714
112644798
113079720
113515480
113952078
114389514
114827788
115266900
115706850
116147638
116589264
117031728
117475030
117919170
118364148
118809964
119256618
119704110
120152440
120601608
121051614
121502458
121954140
122406660
122860018
123314214
123769248
124225120
124681830
125139378
125597764
126056988
126517050
126977950
127439688
127902264
128365678
128829930
129295020
129760948
130227714
130695318
131163760
131633040
132103158
132574114
133045908
133518540
133992010
134466318
134941464
135417448
135894270
136371930
136850428
137329764
137809938
138290950
138772800
139255488
139739014
140223378
140708580
141194620
141681498
142169214
142657768
143147160
143637390
144128458
144620364
145113108
145606690
146101110
146596368
147092464
147589398
148087170
148585780
149085228
149585514
150086638
150588600
151091400
151595038
152099514
152604828
153110980
153617970
154125798
154634464
155143968
155654310
156165490
156677508
157190364
157704058
158218590
158733960
159250168
159767214
160285098
160803820
161323380
161843778
162365014
162887088
163410000
163933750
164458338
164983764
165510028
166037130
166565070
167093848
167623464
168153918
168685210
169217340
169750308
170284114
170818758
171354240
171890560
172427718
172965714
173504548
174044220
174584730
175126078
175668264
176211288
176755150
177299850
177845388
178391764
178938978
179487030
180035920
180585648
181136214
181687618
182239860
182792940
183346858
183901614
184457208
185013640
185570910
186129018
186687964
187247748
187808370
188369830
188932128
189495264
190059238
190624050
191189700
191756188
192323514
192891678
193460680
194030520
194601198
195172714
195745068
196318260
196892290
197467158
198042864
198619408
199196790
199775010
200354068
200933964
201514698
202096270
202678680
203261928
203846014
204430938
205016700
205603300
206190738
206779014
207368128
207958080
208548870
209140498
209732964
210326268
210920410
211515390
212111208
212707864
213305358
213903690
214502860
215102868
215703714
216305398
216907920
217511280
218115478
218720514
219326388
219933100
220540650
221149038
221758264
222368328
222979230
223590970
224203548
224816964
225431218
226046310
226662240
227279008
227896614
228515058
229134340
229754460
230375418
230997214
231619848
232243320
232867630
233492778
234118764
234745588
235373250
236001750
236631088
237261264
237892278
238524130
239156820
239790348
240424714
241059918
241695960
242332840
242970558
243609114
244248508
244888740
245529810
246171718
246814464
247458048
248102470
248747730
249393828
250040764
250688538
251337150
251986600
252636888
253288014
253939978
254592780
255246420
255900898
256556214
257212368
257869360
258527190
259185858
259845364
260505708
261166890
261828910
262491768
263155464
263819998
264485370
265151580
265818628
266486514
267155238
267824800
268495200
269166438
269838514
270511428
271185180
271859770
272535198
273211464
273888568
274566510
275245290
275924908
276605364
277286658
277968790
278651760
279335568
280020214
280705698
281392020
282079180
282767178
283456014
284145688
284836200
285527550
286219738
286912764
287606628
288301330
288996870
289693248
290390464
291088518
291787410
292487140
293187708
293889114
294591358
838
2514
5028
8380
12570
17598
23464
30168
37710
46090
55308
65364
76258
87990
100560
113968
128214
143298
159220
175980
193578
212014
231288
251400
272350
294138
316764
340228
364530
389670
415648
442464
470118
498610
527940
558108
589114
620958
653640
687160
721518
756714
792748
829620
867330
905878
945264
985488
1026550
1068450
1111188
1154764
1199178
1244430
1290520
1337448
1385214
1433818
1483260
1533540
1584658
1636614
1689408
1743040
1797510
1852818
1908964
1965948
2023770
2082430
2141928
2202264
2263438
2325450
2388300
2451988
2516514
2581878
2648080
2715120
2782998
2851714
2921268
2991660
3062890
3134958
3207864
3281608
3356190
3431610
3507868
3584964
3662898
3741670
3821280
3901728
3983014
4065138
4148100
4231900
4316538
4402014
4488328
4575480
4663470
4752298
4841964
4932468
5023810
5115990
5209008
5302864
5397558
5493090
5589460
5686668
5784714
5883598
5983320
6083880
6185278
6287514
6390588
6494500
6599250
6704838
6811264
6918528
7026630
7135570
7245348
7355964
7467418
7579710
7692840
7806808
7921614
8037258
8153740
8271060
8389218
8508214
8628048
8748720
8870230
8992578
9115764
9239788
9364650
9490350
9616888
9744264
9872478
10001530
10131420
10262148
10393714
10526118
10659360
10793440
10928358
11064114
11200708
11338140
11476410
11615518
11755464
11896248
12037870
12180330
12323628
12467764
12612738
12758550
12905200
13052688
13201014
13350178
13500180
13651020
13802698
13955214
14108568
14262760
14417790
14573658
14730364
14887908
15046290
15205510
15365568
15526464
15688198
15850770
16014180
16178428
16343514
16509438
16676200
16843800
17012238
17181514
17351628
17522580
17694370
17866998
18040464
18214768
18389910
18565890
18742708
18920364
19098858
19278190
19458360
19639368
19821214
20003898
20187420
20371780
20556978
20743014
20929888
21117600
21306150
21495538
21685764
21876828
22068730
22261470
22455048
22649464
22844718
23040810
23237740
23435508
23634114
23833558
24033840
24234960
24436918
24639714
24843348
25047820
25253130
25459278
25666264
25874088
26082750
26292250
26502588
26713764
26925778
27138630
27352320
27566848
27782214
27998418
28215460
28433340
28652058
28871614
29092008
29313240
29535310
29758218
29981964
30206548
30431970
30658230
30885328
31113264
31342038
31571650
31802100
32033388
32265514
32498478
32732280
32966920
33202398
33438714
33675868
33913860
34152690
34392358
34632864
34874208
35116390
35359410
35603268
35847964
36093498
36339870
36587080
36835128
37084014
37333738
37584300
37835700
38087938
38341014
38594928
38849680
39105270
39361698
39618964
39877068
40136010
40395790
40656408
40917864
41180158
41443290
41707260
41972068
42237714
42504198
42771520
43039680
43308678
43578514
43849188
44120700
44393050
44666238
44940264
45215128
45490830
45767370
46044748
46322964
46602018
46881910
47162640
47444208
47726614
48009858
48293940
48578860
48864618
49151214
49438648
49726920
50016030
50305978
50596764
50888388
51180850
51474150
51768288
52063264
52359078
52655730
52953220
53251548
53550714
53850718
54151560
54453240
54755758
55059114
55363308
55668340
55974210
56280918
56588464
56896848
57206070
57516130
57827028
58138764
58451338
58764750
59079000
59394088
59710014
60026778
60344380
60662820
60982098
61302214
61623168
61944960
62267590
62591058
62915364
63240508
63566490
63893310
64220968
64549464
64878798
65208970
65539980
65871828
66204514
66538038
66872400
67207600
67543638
67880514
68218228
68556780
68896170
69236398
69577464
69919368
70262110
70605690
70950108
71295364
71641458
71988390
72336160
72684768
73034214
73384498
73735620
74087580
74440378
74794014
75148488
75503800
75859950
76216938
76574764
76933428
77292930
77653270
78014448
78376464
78739318
79103010
79467540
79832908
80199114
80566158
80934040
81302760
81672318
82042714
82413948
82786020
83158930
83532678
83907264
84282688
84658950
85036050
85413988
85792764
86172378
86552830
86934120
87316248
87699214
88083018
88467660
88853140
89239458
89626614
90014608
90403440
90793110
91183618
91574964
91967148
92360170
92754030
93148728
93544264
93940638
94337850
94735900
95134788
95534514
95935078
96336480
96738720
97141798
97545714
97950468
98356060
98762490
99169758
99577864
99986808
100396590
100807210
101218668
101630964
102044098
102458070
102872880
103288528
103705014
104122338
104540500
104959500
105379338
105800014
106221528
106643880
107067070
107491098
107915964
108341668
108768210
109195590
109623808
110052864
110482758
110913490
111345060
111777468
112210714
112644798
113079720
113515480
113952078
114389514
114827788
115266900
115706850
116147638
116589264
117031728
117475030
117919170
118364148
118809964
119256618
119704110
120152440
120601608
121051614
121502458
121954140
122406660
122860018
123314214
123769248
124225120
124681830
125139378
125597764
126056988
126517050
126977950
127439688
127902264
128365678
128829930
129295020
129760948
130227714
130695318
131163760
131633040
132103158
132574114
133045908
133518540
133992010
134466318
134941464
135417448
135894270
136371930
136850428
137329764
137809938
138290950
138772800
139255488
139739014
140223378
140708580
141194620
141681498
142169214
142657768
143147160
143637390
144128458
144620364
145113108
145606690
146101110
146596368
147092464
147589398
148087170
148585780
149085228
149585514
150086638
150588600
151091400
151595038
152099514
152604828
153110980
153617970
154125798
154634464
155143968
155654310
156165490
156677508
157190364
157704058
158218590
158733960
159250168
159767214
160285098
160803820
161323380
161843778
162365014
162887088
163410000
163933750
164458338
164983764
165510028
166037130
166565070
167093848
167623464
168153918
168685210
169217340
169750308
170284114
170818758
171354240
171890560
172427718
172965714
173504548
174044220
174584730
175126078
175668264
176211288
176755150
177299850
177845388
178391764
178938978
179487030
180035920
180585648
181136214
181687618
182239860
182792940
183346858
183901614
184457208
185013640
185570910
186129018
186687964
187247748
187808370
188369830
188932128
189495264
190059238
190624050
191189700
191756188
192323514
192891678
193460680
194030520
194601198
195172714
195745068
196318260
196892290
197467158
198042864
198619408
199196790
199775010
200354068
200933964
201514698
202096270
202678680
203261928
203846014
204430938
205016700
205603300
206190738
206779014
207368128
207958080
208548870
209140498
209732964
210326268
210920410
211515390
212111208
212707864
213305358
213903690
214502860
215102868
215703714
216305398
216907920
217511280
218115478
218720514
219326388
219933100
220540650
221149038
221758264
222368328
222979230
223590970
224203548
224816964
225431218
226046310
226662240
227279008
227896614
228515058
229134340
229754460
230375418
230997214
231619848
232243320
232867630
233492778
234118764
234745588
235373250
236001750
236631088
237261264
237892278
238524130
239156820
239790348
240424714
241059918
241695960
242332840
242970558
243609114
244248508
244888740
245529810
246171718
246814464
247458048
248102470
248747730
249393828
250040764
250688538
251337150
251986600
252636888
253288014
253939978
254592780
255246420
255900898
256556214
257212368
257869360
258527190
259185858
259845364
260505708
261166890
261828910
262491768
263155464
263819998
264485370
265151580
265818628
266486514
267155238
267824800
268495200
269166438
269838514
270511428
271185180
271859770
272535198
273211464
273888568
274566510
275245290
275924908
276605364
277286658
277968790
278651760
279335568
280020214
280705698
281392020
282079180
282767178
283456014
284145688
284836200
285527550
286219738
286912764
287606628
288301330
288996870
289693248
290390464
291088518
291787410
292487140
293187708
293889114
294591358
589182716
