706
2118
4236
7060
10590
14826
19768
25416
31770
38830
46596
55068
64246
74130
84720
96016
108018
120726
134140
148260
163086
178618
194856
211800
229450
247806
266868
286636
307110
328290
350176
372768
396066
420070
444780
470196
496318
523146
550680
578920
607866
637518
667876
698940
730710
763186
796368
830256
864850
900150
936156
972868
1010286
1048410
1087240
1126776
1167018
1207966
1249620
1291980
1335046
1378818
1423296
1468480
1514370
1560966
1608268
1656276
1704990
1754410
1804536
1855368
1906906
1959150
2012100
2065756
2120118
2175186
2230960
2287440
2344626
2402518
2461116
2520420
2580430
2641146
2702568
2764696
2827530
2891070
2955316
3020268
3085926
3152290
3219360
3287136
3355618
3424806
3494700
3565300
3636606
3708618
3781336
3854760
3928890
4003726
4079268
4155516
4232470
4310130
4388496
4467568
4547346
4627830
4709020
4790916
4873518
4956826
5040840
5125560
5210986
5297118
5383956
5471500
5559750
5648706
5738368
5828736
5919810
6011590
6104076
6197268
6291166
6385770
6481080
6577096
6673818
6771246
6869380
6968220
7067766
7168018
7268976
7370640
7473010
7576086
7679868
7784356
7889550
7995450
8102056
8209368
8317386
8426110
8535540
8645676
8756518
8868066
8980320
9093280
9206946
9321318
9436396
9552180
9668670
9785866
9903768
10022376
10141690
10261710
10382436
10503868
10626006
10748850
10872400
10996656
11121618
11247286
11373660
11500740
11628526
11757018
11886216
12016120
12146730
12278046
12410068
12542796
12676230
12810370
12945216
13080768
13217026
13353990
13491660
13630036
13769118
13908906
14049400
14190600
14332506
14475118
14618436
14762460
14907190
15052626
15198768
15345616
15493170
15641430
15790396
15940068
16090446
16241530
16393320
16545816
16699018
16852926
17007540
17162860
17318886
17475618
17633056
17791200
17950050
18109606
18269868
18430836
18592510
18754890
18917976
19081768
19246266
19411470
19577380
19743996
19911318
20079346
20248080
20417520
20587666
20758518
20930076
21102340
21275310
21448986
21623368
21798456
21974250
22150750
22327956
22505868
22684486
22863810
23043840
23224576
23406018
23588166
23771020
23954580
24138846
24323818
24509496
24695880
24882970
25070766
25259268
25448476
25638390
25829010
26020336
26212368
26405106
26598550
26792700
26987556
27183118
27379386
27576360
27774040
27972426
28171518
28371316
28571820
28773030
28974946
29177568
29380896
29584930
29789670
29995116
30201268
30408126
30615690
30823960
31032936
31242618
31453006
31664100
31875900
32088406
32301618
32515536
32730160
32945490
33161526
33378268
33595716
33813870
34032730
34252296
34472568
34693546
34915230
35137620
35360716
35584518
35809026
36034240
36260160
36486786
36714118
36942156
37170900
37400350
37630506
37861368
38092936
38325210
38558190
38791876
39026268
39261366
39497170
39733680
39970896
40208818
40447446
40686780
40926820
41167566
41409018
41651176
41894040
42137610
42381886
42626868
42872556
43118950
43366050
43613856
43862368
44111586
44361510
44612140
44863476
45115518
45368266
45621720
45875880
46130746
46386318
46642596
46899580
47157270
47415666
47674768
47934576
48195090
48456310
48718236
48980868
49244206
49508250
49773000
50038456
50304618
50571486
50839060
51107340
51376326
51646018
51916416
52187520
52459330
52731846
53005068
53278996
53553630
53828970
54105016
54381768
54659226
54937390
55216260
55495836
55776118
56057106
56338800
56621200
56904306
57188118
57472636
57757860
58043790
58330426
58617768
58905816
59194570
59484030
59774196
60065068
60356646
60648930
60941920
61235616
61530018
61825126
62120940
62417460
62714686
63012618
63311256
63610600
63910650
64211406
64512868
64815036
65117910
65421490
65725776
66030768
66336466
66642870
66949980
67257796
67566318
67875546
68185480
68496120
68807466
69119518
69432276
69745740
70059910
70374786
70690368
71006656
71323650
71641350
71959756
72278868
72598686
72919210
73240440
73562376
73885018
74208366
74532420
74857180
75182646
75508818
75835696
76163280
76491570
76820566
77150268
77480676
77811790
78143610
78476136
78809368
79143306
79477950
79813300
80149356
80486118
80823586
81161760
81500640
81840226
82180518
82521516
82863220
83205630
83548746
83892568
84237096
84582330
84928270
85274916
85622268
85970326
86319090
86668560
87018736
87369618
87721206
88073500
88426500
88780206
89134618
89489736
89845560
90202090
90559326
90917268
91275916
91635270
91995330
92356096
92717568
93079746
93442630
93806220
94170516
94535518
94901226
95267640
95634760
96002586
96371118
96740356
97110300
97480950
97852306
98224368
98597136
98970610
99344790
99719676
100095268
100471566
100848570
101226280
101604696
101983818
102363646
102744180
103125420
103507366
103890018
104273376
104657440
105042210
105427686
105813868
106200756
106588350
106976650
107365656
107755368
108145786
108536910
108928740
109321276
109714518
110108466
110503120
110898480
111294546
111691318
112088796
112486980
112885870
113285466
113685768
114086776
114488490
114890910
115294036
115697868
116102406
116507650
116913600
117320256
117727618
118135686
118544460
118953940
119364126
119775018
120186616
120598920
121011930
121425646
121840068
122255196
122671030
123087570
123504816
123922768
124341426
124760790
125180860
125601636
126023118
126445306
126868200
127291800
127716106
128141118
128566836
128993260
129420390
129848226
130276768
130706016
131135970
131566630
131997996
132430068
132862846
133296330
133730520
134165416
134601018
135037326
135474340
135912060
136350486
136789618
137229456
137670000
138111250
138553206
138995868
139439236
139883310
140328090
140773576
141219768
141666666
142114270
142562580
143011596
143461318
143911746
144362880
144814720
145267266
145720518
146174476
146629140
147084510
147540586
147997368
148454856
148913050
149371950
149831556
150291868
150752886
151214610
151677040
152140176
152604018
153068566
153533820
153999780
154466446
154933818
155401896
155870680
156340170
156810366
157281268
157752876
158225190
158698210
159171936
159646368
160121506
160597350
161073900
161551156
162029118
162507786
162987160
163467240
163948026
164429518
164911716
165394620
165878230
166362546
166847568
167333296
167819730
168306870
168794716
169283268
169772526
170262490
170753160
171244536
171736618
172229406
172722900
173217100
173712006
174207618
174703936
175200960
175698690
176197126
706
2118
4236
7060
10590
14826
19768
25416
31770
38830
46596
55068
64246
74130
84720
96016
108018
120726
134140
148260
163086
178618
194856
211800
229450
247806
266868
286636
307110
328290
350176
372768
396066
420070
444780
470196
496318
523146
550680
578920
607866
637518
667876
698940
730710
763186
796368
830256
864850
900150
936156
972868
1010286
1048410
1087240
1126776
1167018
1207966
1249620
1291980
1335046
1378818
1423296
1468480
1514370
1560966
1608268
1656276
1704990
1754410
1804536
1855368
1906906
1959150
2012100
2065756
2120118
2175186
2230960
2287440
2344626
2402518
2461116
2520420
2580430
2641146
2702568
2764696
2827530
2891070
2955316
3020268
3085926
3152290
3219360
3287136
3355618
3424806
3494700
3565300
3636606
3708618
3781336
3854760
3928890
4003726
4079268
4155516
4232470
4310130
4388496
4467568
4547346
4627830
4709020
4790916
4873518
4956826
5040840
5125560
5210986
5297118
5383956
5471500
5559750
5648706
5738368
5828736
5919810
6011590
6104076
6197268
6291166
6385770
6481080
6577096
6673818
6771246
6869380
6968220
7067766
7168018
7268976
7370640
7473010
7576086
7679868
7784356
7889550
7995450
8102056
8209368
8317386
8426110
8535540
8645676
8756518
8868066
8980320
9093280
9206946
9321318
9436396
9552180
9668670
9785866
9903768
10022376
10141690
10261710
10382436
10503868
10626006
10748850
10872400
10996656
11121618
11247286
11373660
11500740
11628526
11757018
11886216
12016120
12146730
12278046
12410068
12542796
12676230
12810370
12945216
13080768
13217026
13353990
13491660
13630036
13769118
13908906
14049400
14190600
14332506
14475118
14618436
14762460
14907190
15052626
15198768
15345616
15493170
15641430
15790396
15940068
16090446
16241530
16393320
16545816
16699018
16852926
17007540
17162860
17318886
17475618
17633056
17791200
17950050
18109606
18269868
18430836
18592510
18754890
18917976
19081768
19246266
19411470
19577380
19743996
19911318
20079346
20248080
20417520
20587666
20758518
20930076
21102340
21275310
21448986
21623368
21798456
21974250
22150750
22327956
22505868
22684486
22863810
23043840
23224576
23406018
23588166
23771020
23954580
24138846
24323818
24509496
24695880
24882970
25070766
25259268
25448476
25638390
25829010
26020336
26212368
26405106
26598550
26792700
26987556
27183118
27379386
27576360
27774040
27972426
28171518
28371316
28571820
28773030
28974946
29177568
29380896
29584930
29789670
29995116
30201268
30408126
30615690
30823960
31032936
31242618
31453006
31664100
31875900
32088406
32301618
32515536
32730160
32945490
33161526
33378268
33595716
33813870
34032730
34252296
34472568
34693546
34915230
35137620
35360716
35584518
35809026
36034240
36260160
36486786
36714118
36942156
37170900
37400350
37630506
37861368
38092936
38325210
38558190
38791876
39026268
39261366
39497170
39733680
39970896
40208818
40447446
40686780
40926820
41167566
41409018
41651176
41894040
42137610
42381886
42626868
42872556
43118950
43366050
43613856
43862368
44111586
44361510
44612140
44863476
45115518
45368266
45621720
45875880
46130746
46386318
46642596
46899580
47157270
47415666
47674768
47934576
48195090
48456310
48718236
48980868
49244206
49508250
49773000
50038456
50304618
50571486
50839060
51107340
51376326
51646018
51916416
52187520
52459330
52731846
53005068
53278996
53553630
53828970
54105016
54381768
54659226
54937390
55216260
55495836
55776118
56057106
56338800
56621200
56904306
57188118
57472636
57757860
58043790
58330426
58617768
58905816
59194570
59484030
59774196
60065068
60356646
60648930
60941920
61235616
61530018
61825126
62120940
62417460
62714686
63012618
63311256
63610600
63910650
64211406
64512868
64815036
65117910
65421490
65725776
66030768
66336466
66642870
66949980
67257796
67566318
67875546
68185480
68496120
68807466
69119518
69432276
69745740
70059910
70374786
70690368
71006656
71323650
71641350
71959756
72278868
72598686
72919210
73240440
73562376
73885018
74208366
74532420
74857180
75182646
75508818
75835696
76163280
76491570
76820566
77150268
77480676
77811790
78143610
78476136
78809368
79143306
79477950
79813300
80149356
80486118
80823586
81161760
81500640
81840226
82180518
82521516
82863220
83205630
83548746
83892568
84237096
84582330
84928270
85274916
85622268
85970326
86319090
86668560
87018736
87369618
87721206
88073500
88426500
88780206
89134618
89489736
89845560
90202090
90559326
90917268
91275916
91635270
91995330
92356096
92717568
93079746
93442630
93806220
94170516
94535518
94901226
95267640
95634760
96002586
96371118
96740356
97110300
97480950
97852306
98224368
98597136
98970610
99344790
99719676
100095268
100471566
100848570
101226280
101604696
101983818
102363646
102744180
103125420
103507366
103890018
104273376
104657440
105042210
105427686
105813868
106200756
106588350
106976650
107365656
107755368
108145786
108536910
108928740
109321276
109714518
110108466
110503120
110898480
111294546
111691318
112088796
112486980
112885870
113285466
113685768
114086776
114488490
114890910
115294036
115697868
116102406
116507650
116913600
117320256
117727618
118135686
118544460
118953940
119364126
119775018
120186616
120598920
121011930
121425646
121840068
122255196
122671030
123087570
123504816
123922768
124341426
124760790
125180860
125601636
126023118
126445306
126868200
127291800
127716106
128141118
128566836
128993260
129420390
129848226
130276768
130706016
131135970
131566630
131997996
132430068
132862846
133296330
133730520
134165416
134601018
135037326
135474340
135912060
136350486
136789618
137229456
137670000
138111250
138553206
138995868
139439236
139883310
140328090
140773576
141219768
141666666
142114270
142562580
143011596
143461318
143911746
144362880
144814720
145267266
145720518
146174476
146629140
147084510
147540586
147997368
148454856
148913050
149371950
149831556
150291868
150752886
151214610
151677040
152140176
152604018
153068566
153533820
153999780
154466446
154933818
155401896
155870680
156340170
156810366
157281268
157752876
158225190
158698210
159171936
159646368
160121506
160597350
161073900
161551156
162029118
162507786
162987160
163467240
163948026
164429518
164911716
165394620
165878230
166362546
166847568
167333296
167819730
168306870
168794716
169283268
169772526
170262490
170753160
171244536
171736618
172229406
172722900
173217100
173712006
174207618
174703936
175200960
175698690
176197126
352394252
