920
2760
5520
9200
13800
19320
25760
33120
41400
50600
60720
71760
83720
96600
110400
125120
140760
157320
174800
193200
212520
232760
253920
276000
299000
322920
347760
373520
400200
427800
456320
485760
516120
547400
579600
612720
646760
681720
717600
754400
792120
830760
870320
910800
952200
994520
1037760
1081920
1127000
1173000
1219920
1267760
1316520
1366200
1416800
1468320
1520760
1574120
1628400
1683600
1739720
1796760
1854720
1913600
1973400
2034120
2095760
2158320
2221800
2286200
2351520
2417760
2484920
2553000
2622000
2691920
2762760
2834520
2907200
2980800
3055320
3130760
3207120
3284400
3362600
3441720
3521760
3602720
3684600
3767400
3851120
3935760
4021320
4107800
4195200
4283520
4372760
4462920
4554000
4646000
4738920
4832760
4927520
5023200
5119800
5217320
5315760
5415120
5515400
5616600
5718720
5821760
5925720
6030600
6136400
6243120
6350760
6459320
6568800
6679200
6790520
6902760
7015920
7130000
7245000
7360920
7477760
7595520
7714200
7833800
7954320
8075760
8198120
8321400
8445600
8570720
8696760
8823720
8951600
9080400
9210120
9340760
9472320
9604800
9738200
9872520
10007760
10143920
10281000
10419000
10557920
10697760
10838520
10980200
11122800
11266320
11410760
11556120
11702400
11849600
11997720
12146760
12296720
12447600
12599400
12752120
12905760
13060320
13215800
13372200
13529520
13687760
13846920
14007000
14168000
14329920
14492760
14656520
14821200
14986800
15153320
15320760
15489120
15658400
15828600
15999720
16171760
16344720
16518600
16693400
16869120
17045760
17223320
17401800
17581200
17761520
17942760
18124920
18308000
18492000
18676920
18862760
19049520
19237200
19425800
19615320
19805760
19997120
20189400
20382600
20576720
20771760
20967720
21164600
21362400
21561120
21760760
21961320
22162800
22365200
22568520
22772760
22977920
23184000
23391000
23598920
23807760
24017520
24228200
24439800
24652320
24865760
25080120
25295400
25511600
25728720
25946760
26165720
26385600
26606400
26828120
27050760
27274320
27498800
27724200
27950520
28177760
28405920
28635000
28865000
29095920
29327760
29560520
29794200
30028800
30264320
30500760
30738120
30976400
31215600
31455720
31696760
31938720
32181600
32425400
32670120
32915760
33162320
33409800
33658200
33907520
34157760
34408920
34661000
34914000
35167920
35422760
35678520
35935200
36192800
36451320
36710760
36971120
37232400
37494600
37757720
38021760
38286720
38552600
38819400
39087120
39355760
39625320
39895800
40167200
40439520
40712760
40986920
41262000
41538000
41814920
42092760
42371520
42651200
42931800
43213320
43495760
43779120
44063400
44348600
44634720
44921760
45209720
45498600
45788400
46079120
46370760
46663320
46956800
47251200
47546520
47842760
48139920
48438000
48737000
49036920
49337760
49639520
49942200
50245800
50550320
50855760
51162120
51469400
51777600
52086720
52396760
52707720
53019600
53332400
53646120
53960760
54276320
54592800
54910200
55228520
55547760
55867920
56189000
56511000
56833920
57157760
57482520
57808200
58134800
58462320
58790760
59120120
59450400
59781600
60113720
60446760
60780720
61115600
61451400
61788120
62125760
62464320
62803800
63144200
63485520
63827760
64170920
64515000
64860000
65205920
65552760
65900520
66249200
66598800
66949320
67300760
67653120
68006400
68360600
68715720
69071760
69428720
69786600
70145400
70505120
70865760
71227320
71589800
71953200
72317520
72682760
73048920
73416000
73784000
74152920
74522760
74893520
75265200
75637800
76011320
76385760
76761120
77137400
77514600
77892720
78271760
78651720
79032600
79414400
79797120
80180760
80565320
80950800
81337200
81724520
82112760
82501920
82892000
83283000
83674920
84067760
84461520
84856200
85251800
85648320
86045760
86444120
86843400
87243600
87644720
88046760
88449720
88853600
89258400
89664120
90070760
90478320
90886800
91296200
91706520
92117760
92529920
92943000
93357000
93771920
94187760
94604520
95022200
95440800
95860320
96280760
96702120
97124400
97547600
97971720
98396760
98822720
99249600
99677400
100106120
100535760
100966320
101397800
101830200
102263520
102697760
103132920
103569000
104006000
104443920
104882760
105322520
105763200
106204800
106647320
107090760
107535120
107980400
108426600
108873720
109321760
109770720
110220600
110671400
111123120
111575760
112029320
112483800
112939200
113395520
113852760
114310920
114770000
115230000
115690920
116152760
116615520
117079200
117543800
118009320
118475760
118943120
119411400
119880600
120350720
120821760
121293720
121766600
122240400
122715120
123190760
123667320
124144800
124623200
125102520
125582760
126063920
126546000
127029000
127512920
127997760
128483520
128970200
129457800
129946320
130435760
130926120
131417400
131909600
132402720
132896760
133391720
133887600
134384400
134882120
135380760
135880320
136380800
136882200
137384520
137887760
138391920
138897000
139403000
139909920
140417760
140926520
141436200
141946800
142458320
142970760
143484120
143998400
144513600
145029720
145546760
146064720
146583600
147103400
147624120
148145760
148668320
149191800
149716200
150241520
150767760
151294920
151823000
152352000
152881920
153412760
153944520
154477200
155010800
155545320
156080760
156617120
157154400
157692600
158231720
158771760
159312720
159854600
160397400
160941120
161485760
162031320
162577800
163125200
163673520
164222760
164772920
165324000
165876000
166428920
166982760
167537520
168093200
168649800
169207320
169765760
170325120
170885400
171446600
172008720
172571760
173135720
173700600
174266400
174833120
175400760
175969320
176538800
177109200
177680520
178252760
178825920
179400000
179975000
180550920
181127760
181705520
182284200
182863800
183444320
184025760
184608120
185191400
185775600
186360720
186946760
187533720
188121600
188710400
189300120
189890760
190482320
191074800
191668200
192262520
192857760
193453920
194051000
194649000
195247920
195847760
196448520
197050200
197652800
198256320
198860760
199466120
200072400
200679600
201287720
201896760
202506720
203117600
203729400
204342120
204955760
205570320
206185800
206802200
207419520
208037760
208656920
209277000
209898000
210519920
211142760
211766520
212391200
213016800
213643320
214270760
214899120
215528400
216158600
216789720
217421760
218054720
218688600
219323400
219959120
220595760
221233320
221871800
222511200
223151520
223792760
224434920
225078000
225722000
226366920
227012760
227659520
228307200
228955800
229605320
230255760
230907120
231559400
232212600
232866720
233521760
234177720
234834600
235492400
236151120
236810760
237471320
238132800
238795200
239458520
240122760
240787920
241454000
242121000
242788920
243457760
244127520
244798200
245469800
246142320
246815760
247490120
248165400
248841600
249518720
250196760
250875720
251555600
252236400
252918120
253600760
254284320
254968800
255654200
256340520
257027760
257715920
258405000
259095000
259785920
260477760
261170520
261864200
262558800
263254320
263950760
264648120
265346400
266045600
266745720
267446760
268148720
268851600
269555400
270260120
270965760
271672320
272379800
273088200
273797520
274507760
275218920
275931000
276644000
277357920
278072760
278788520
279505200
280222800
280941320
281660760
282381120
283102400
283824600
284547720
285271760
285996720
286722600
287449400
288177120
288905760
289635320
290365800
291097200
291829520
292562760
293296920
294032000
294768000
295504920
296242760
296981520
297721200
298461800
299203320
299945760
300689120
301433400
302178600
302924720
303671760
304419720
305168600
305918400
306669120
307420760
308173320
308926800
309681200
310436520
311192760
311949920
312708000
313467000
314226920
314987760
315749520
316512200
317275800
318040320
318805760
319572120
320339400
321107600
321876720
322646760
323417720
324189600
324962400
325736120
326510760
327286320
328062800
328840200
329618520
330397760
331177920
331959000
332741000
333523920
334307760
335092520
335878200
336664800
337452320
338240760
339030120
339820400
340611600
341403720
342196760
342990720
343785600
344581400
345378120
346175760
346974320
347773800
348574200
349375520
350177760
350980920
351785000
352590000
353395920
354202760
355010520
355819200
356628800
357439320
358250760
359063120
359876400
360690600
361505720
362321760
363138720
363956600
364775400
365595120
366415760
367237320
368059800
368883200
369707520
370532760
371358920
372186000
373014000
373842920
374672760
375503520
376335200
377167800
378001320
378835760
379671120
380507400
381344600
382182720
383021760
383861720
384702600
385544400
386387120
387230760
388075320
388920800
389767200
920
2760
5520
9200
13800
19320
25760
33120
41400
50600
60720
71760
83720
96600
110400
125120
140760
157320
174800
193200
212520
232760
253920
276000
299000
322920
347760
373520
400200
427800
456320
485760
516120
547400
579600
612720
646760
681720
717600
754400
792120
830760
870320
910800
952200
994520
1037760
1081920
1127000
1173000
1219920
1267760
1316520
1366200
1416800
1468320
1520760
1574120
1628400
1683600
1739720
1796760
1854720
1913600
1973400
2034120
2095760
2158320
2221800
2286200
2351520
2417760
2484920
2553000
2622000
2691920
2762760
2834520
2907200
2980800
3055320
3130760
3207120
3284400
3362600
3441720
3521760
3602720
3684600
3767400
3851120
3935760
4021320
4107800
4195200
4283520
4372760
4462920
4554000
4646000
4738920
4832760
4927520
5023200
5119800
5217320
5315760
5415120
5515400
5616600
5718720
5821760
5925720
6030600
6136400
6243120
6350760
6459320
6568800
6679200
6790520
6902760
7015920
7130000
7245000
7360920
7477760
7595520
7714200
7833800
7954320
8075760
8198120
8321400
8445600
8570720
8696760
8823720
8951600
9080400
9210120
9340760
9472320
9604800
9738200
9872520
10007760
10143920
10281000
10419000
10557920
10697760
10838520
10980200
11122800
11266320
11410760
11556120
11702400
11849600
11997720
12146760
12296720
12447600
12599400
12752120
12905760
13060320
13215800
13372200
13529520
13687760
13846920
14007000
14168000
14329920
14492760
14656520
14821200
14986800
15153320
15320760
15489120
15658400
15828600
15999720
16171760
16344720
16518600
16693400
16869120
17045760
17223320
17401800
17581200
17761520
17942760
18124920
18308000
18492000
18676920
18862760
19049520
19237200
19425800
19615320
19805760
19997120
20189400
20382600
20576720
20771760
20967720
21164600
21362400
21561120
21760760
21961320
22162800
22365200
22568520
22772760
22977920
23184000
23391000
23598920
23807760
24017520
24228200
24439800
24652320
24865760
25080120
25295400
25511600
25728720
25946760
26165720
26385600
26606400
26828120
27050760
27274320
27498800
27724200
27950520
28177760
28405920
28635000
28865000
29095920
29327760
29560520
29794200
30028800
30264320
30500760
30738120
30976400
31215600
31455720
31696760
31938720
32181600
32425400
32670120
32915760
33162320
33409800
33658200
33907520
34157760
34408920
34661000
34914000
35167920
35422760
35678520
35935200
36192800
36451320
36710760
36971120
37232400
37494600
37757720
38021760
38286720
38552600
38819400
39087120
39355760
39625320
39895800
40167200
40439520
40712760
40986920
41262000
41538000
41814920
42092760
42371520
42651200
42931800
43213320
43495760
43779120
44063400
44348600
44634720
44921760
45209720
45498600
45788400
46079120
46370760
46663320
46956800
47251200
47546520
47842760
48139920
48438000
48737000
49036920
49337760
49639520
49942200
50245800
50550320
50855760
51162120
51469400
51777600
52086720
52396760
52707720
53019600
53332400
53646120
53960760
54276320
54592800
54910200
55228520
55547760
55867920
56189000
56511000
56833920
57157760
57482520
57808200
58134800
58462320
58790760
59120120
59450400
59781600
60113720
60446760
60780720
61115600
61451400
61788120
62125760
62464320
62803800
63144200
63485520
63827760
64170920
64515000
64860000
65205920
65552760
65900520
66249200
66598800
66949320
67300760
67653120
68006400
68360600
68715720
69071760
69428720
69786600
70145400
70505120
70865760
71227320
71589800
71953200
72317520
72682760
73048920
73416000
73784000
74152920
74522760
74893520
75265200
75637800
76011320
76385760
76761120
77137400
77514600
77892720
78271760
78651720
79032600
79414400
79797120
80180760
80565320
80950800
81337200
81724520
82112760
82501920
82892000
83283000
83674920
84067760
84461520
84856200
85251800
85648320
86045760
86444120
86843400
87243600
87644720
88046760
88449720
88853600
89258400
89664120
90070760
90478320
90886800
91296200
91706520
92117760
92529920
92943000
93357000
93771920
94187760
94604520
95022200
95440800
95860320
96280760
96702120
97124400
97547600
97971720
98396760
98822720
99249600
99677400
100106120
100535760
100966320
101397800
101830200
102263520
102697760
103132920
103569000
104006000
104443920
104882760
105322520
105763200
106204800
106647320
107090760
107535120
107980400
108426600
108873720
109321760
109770720
110220600
110671400
111123120
111575760
112029320
112483800
112939200
113395520
113852760
114310920
114770000
115230000
115690920
116152760
116615520
117079200
117543800
118009320
118475760
118943120
119411400
119880600
120350720
120821760
121293720
121766600
122240400
122715120
123190760
123667320
124144800
124623200
125102520
125582760
126063920
126546000
127029000
127512920
127997760
128483520
128970200
129457800
129946320
130435760
130926120
131417400
131909600
132402720
132896760
133391720
133887600
134384400
134882120
135380760
135880320
136380800
136882200
137384520
137887760
138391920
138897000
139403000
139909920
140417760
140926520
141436200
141946800
142458320
142970760
143484120
143998400
144513600
145029720
145546760
146064720
146583600
147103400
147624120
148145760
148668320
149191800
149716200
150241520
150767760
151294920
151823000
152352000
152881920
153412760
153944520
154477200
155010800
155545320
156080760
156617120
157154400
157692600
158231720
158771760
159312720
159854600
160397400
160941120
161485760
162031320
162577800
163125200
163673520
164222760
164772920
165324000
165876000
166428920
166982760
167537520
168093200
168649800
169207320
169765760
170325120
170885400
171446600
172008720
172571760
173135720
173700600
174266400
174833120
175400760
175969320
176538800
177109200
177680520
178252760
178825920
179400000
179975000
180550920
181127760
181705520
182284200
182863800
183444320
184025760
184608120
185191400
185775600
186360720
186946760
187533720
188121600
188710400
189300120
189890760
190482320
191074800
191668200
192262520
192857760
193453920
194051000
194649000
195247920
195847760
196448520
197050200
197652800
198256320
198860760
199466120
200072400
200679600
201287720
201896760
202506720
203117600
203729400
204342120
204955760
205570320
206185800
206802200
207419520
208037760
208656920
209277000
209898000
210519920
211142760
211766520
212391200
213016800
213643320
214270760
214899120
215528400
216158600
216789720
217421760
218054720
218688600
219323400
219959120
220595760
221233320
221871800
222511200
223151520
223792760
224434920
225078000
225722000
226366920
227012760
227659520
228307200
228955800
229605320
230255760
230907120
231559400
232212600
232866720
233521760
234177720
234834600
235492400
236151120
236810760
237471320
238132800
238795200
239458520
240122760
240787920
241454000
242121000
242788920
243457760
244127520
244798200
245469800
246142320
246815760
247490120
248165400
248841600
249518720
250196760
250875720
251555600
252236400
252918120
253600760
254284320
254968800
255654200
256340520
257027760
257715920
258405000
259095000
259785920
260477760
261170520
261864200
262558800
263254320
263950760
264648120
265346400
266045600
266745720
267446760
268148720
268851600
269555400
270260120
270965760
271672320
272379800
273088200
273797520
274507760
275218920
275931000
276644000
277357920
278072760
278788520
279505200
280222800
280941320
281660760
282381120
283102400
283824600
284547720
285271760
285996720
286722600
287449400
288177120
288905760
289635320
290365800
291097200
291829520
292562760
293296920
294032000
294768000
295504920
296242760
296981520
297721200
298461800
299203320
299945760
300689120
301433400
302178600
302924720
303671760
304419720
305168600
305918400
306669120
307420760
308173320
308926800
309681200
310436520
311192760
311949920
312708000
313467000
314226920
314987760
315749520
316512200
317275800
318040320
318805760
319572120
320339400
321107600
321876720
322646760
323417720
324189600
324962400
325736120
326510760
327286320
328062800
328840200
329618520
330397760
331177920
331959000
332741000
333523920
334307760
335092520
335878200
336664800
337452320
338240760
339030120
339820400
340611600
341403720
342196760
342990720
343785600
344581400
345378120
346175760
346974320
347773800
348574200
349375520
350177760
350980920
351785000
352590000
353395920
354202760
355010520
355819200
356628800
357439320
358250760
359063120
359876400
360690600
361505720
362321760
363138720
363956600
364775400
365595120
366415760
367237320
368059800
368883200
369707520
370532760
371358920
372186000
373014000
373842920
374672760
375503520
376335200
377167800
378001320
378835760
379671120
380507400
381344600
382182720
383021760
383861720
384702600
385544400
386387120
387230760
388075320
388920800
389767200
779534400
