847
2541
5082
8470
12705
17787
23716
30492
38115
46585
55902
66066
77077
88935
101640
115192
129591
144837
160930
177870
195657
214291
233772
254100
275275
297297
320166
343882
368445
393855
420112
447216
475167
503965
533610
564102
595441
627627
660660
694540
729267
764841
801262
838530
876645
915607
955416
996072
1037575
1079925
1123122
1167166
1212057
1257795
1304380
1351812
1400091
1449217
1499190
1550010
1601677
1654191
1707552
1761760
1816815
1872717
1929466
1987062
2045505
2104795
2164932
2225916
2287747
2350425
2413950
2478322
2543541
2609607
2676520
2744280
2812887
2882341
2952642
3023790
3095785
3168627
3242316
3316852
3392235
3468465
3545542
3623466
3702237
3781855
3862320
3943632
4025791
4108797
4192650
4277350
4362897
4449291
4536532
4624620
4713555
4803337
4893966
4985442
5077765
5170935
5264952
5359816
5455527
5552085
5649490
5747742
5846841
5946787
6047580
6149220
6251707
6355041
6459222
6564250
6670125
6776847
6884416
6992832
7102095
7212205
7323162
7434966
7547617
7661115
7775460
7890652
8006691
8123577
8241310
8359890
8479317
8599591
8720712
8842680
8965495
9089157
9213666
9339022
9465225
9592275
9720172
9848916
9978507
10108945
10240230
10372362
10505341
10639167
10773840
10909360
11045727
11182941
11321002
11459910
11599665
11740267
11881716
12024012
12167155
12311145
12455982
12601666
12748197
12895575
13043800
13192872
13342791
13493557
13645170
13797630
13950937
14105091
14260092
14415940
14572635
14730177
14888566
15047802
15207885
15368815
15530592
15693216
15856687
16021005
16186170
16352182
16519041
16686747
16855300
17024700
17194947
17366041
17537982
17710770
17884405
18058887
18234216
18410392
18587415
18765285
18944002
19123566
19303977
19485235
19667340
19850292
20034091
20218737
20404230
20590570
20777757
20965791
21154672
21344400
21534975
21726397
21918666
22111782
22305745
22500555
22696212
22892716
23090067
23288265
23487310
23687202
23887941
24089527
24291960
24495240
24699367
24904341
25110162
25316830
25524345
25732707
25941916
26151972
26362875
26574625
26787222
27000666
27214957
27430095
27646080
27862912
28080591
28299117
28518490
28738710
28959777
29181691
29404452
29628060
29852515
30077817
30303966
30530962
30758805
30987495
31217032
31447416
31678647
31910725
32143650
32377422
32612041
32847507
33083820
33320980
33558987
33797841
34037542
34278090
34519485
34761727
35004816
35248752
35493535
35739165
35985642
36232966
36481137
36730155
36980020
37230732
37482291
37734697
37987950
38242050
38496997
38752791
39009432
39266920
39525255
39784437
40044466
40305342
40567065
40829635
41093052
41357316
41622427
41888385
42155190
42422842
42691341
42960687
43230880
43501920
43773807
44046541
44320122
44594550
44869825
45145947
45422916
45700732
45979395
46258905
46539262
46820466
47102517
47385415
47669160
47953752
48239191
48525477
48812610
49100590
49389417
49679091
49969612
50260980
50553195
50846257
51140166
51434922
51730525
52026975
52324272
52622416
52921407
53221245
53521930
53823462
54125841
54429067
54733140
55038060
55343827
55650441
55957902
56266210
56575365
56885367
57196216
57507912
57820455
58133845
58448082
58763166
59079097
59395875
59713500
60031972
60351291
60671457
60992470
61314330
61637037
61960591
62284992
62610240
62936335
63263277
63591066
63919702
64249185
64579515
64910692
65242716
65575587
65909305
66243870
66579282
66915541
67252647
67590600
67929400
68269047
68609541
68950882
69293070
69636105
69979987
70324716
70670292
71016715
71363985
71712102
72061066
72410877
72761535
73113040
73465392
73818591
74172637
74527530
74883270
75239857
75597291
75955572
76314700
76674675
77035497
77397166
77759682
78123045
78487255
78852312
79218216
79584967
79952565
80321010
80690302
81060441
81431427
81803260
82175940
82549467
82923841
83299062
83675130
84052045
84429807
84808416
85187872
85568175
85949325
86331322
86714166
87097857
87482395
87867780
88254012
88641091
89029017
89417790
89807410
90197877
90589191
90981352
91374360
91768215
92162917
92558466
92954862
93352105
93750195
94149132
94548916
94949547
95351025
95753350
96156522
96560541
96965407
97371120
97777680
98185087
98593341
99002442
99412390
99823185
100234827
100647316
101060652
101474835
101889865
102305742
102722466
103140037
103558455
103977720
104397832
104818791
105240597
105663250
106086750
106511097
106936291
107362332
107789220
108216955
108645537
109074966
109505242
109936365
110368335
110801152
111234816
111669327
112104685
112540890
112977942
113415841
113854587
114294180
114734620
115175907
115618041
116061022
116504850
116949525
117395047
117841416
118288632
118736695
119185605
119635362
120085966
120537417
120989715
121442860
121896852
122351691
122807377
123263910
123721290
124179517
124638591
125098512
125559280
126020895
126483357
126946666
127410822
127875825
128341675
128808372
129275916
129744307
130213545
130683630
131154562
131626341
132098967
132572440
133046760
133521927
133997941
134474802
134952510
135431065
135910467
136390716
136871812
137353755
137836545
138320182
138804666
139289997
139776175
140263200
140751072
141239791
141729357
142219770
142711030
143203137
143696091
144189892
144684540
145180035
145676377
146173566
146671602
147170485
147670215
148170792
148672216
149174487
149677605
150181570
150686382
151192041
151698547
152205900
152714100
153223147
153733041
154243782
154755370
155267805
155781087
156295216
156810192
157326015
157842685
158360202
158878566
159397777
159917835
160438740
160960492
161483091
162006537
162530830
163055970
163581957
164108791
164636472
165165000
165694375
166224597
166755666
167287582
167820345
168353955
168888412
169423716
169959867
170496865
171034710
171573402
172112941
172653327
173194560
173736640
174279567
174823341
175367962
175913430
176459745
177006907
177554916
178103772
178653475
179204025
179755422
180307666
180860757
181414695
181969480
182525112
183081591
183638917
184197090
184756110
185315977
185876691
186438252
187000660
187563915
188128017
188692966
189258762
189825405
190392895
190961232
191530416
192100447
192671325
193243050
193815622
194389041
194963307
195538420
196114380
196691187
197268841
197847342
198426690
199006885
199587927
200169816
200752552
201336135
201920565
202505842
203091966
203678937
204266755
204855420
205444932
206035291
206626497
207218550
207811450
208405197
208999791
209595232
210191520
210788655
211386637
211985466
212585142
213185665
213787035
214389252
214992316
215596227
216200985
216806590
217413042
218020341
218628487
219237480
219847320
220458007
221069541
221681922
222295150
222909225
223524147
224139916
224756532
225373995
225992305
226611462
227231466
227852317
228474015
229096560
229719952
230344191
230969277
231595210
232221990
232849617
233478091
234107412
234737580
235368595
236000457
236633166
237266722
237901125
238536375
239172472
239809416
240447207
241085845
241725330
242365662
243006841
243648867
244291740
244935460
245580027
246225441
246871702
247518810
248166765
248815567
249465216
250115712
250767055
251419245
252072282
252726166
253380897
254036475
254692900
255350172
256008291
256667257
257327070
257987730
258649237
259311591
259974792
260638840
261303735
261969477
262636066
263303502
263971785
264640915
265310892
265981716
266653387
267325905
267999270
268673482
269348541
270024447
270701200
271378800
272057247
272736541
273416682
274097670
274779505
275462187
276145716
276830092
277515315
278201385
278888302
279576066
280264677
280954135
281644440
282335592
283027591
283720437
284414130
285108670
285804057
286500291
287197372
287895300
288594075
289293697
289994166
290695482
291397645
292100655
292804512
293509216
294214767
294921165
295628410
296336502
297045441
297755227
298465860
299177340
299889667
300602841
301316862
302031730
302747445
303464007
304181416
848
2544
5088
8480
12720
17808
23744
30528
38160
46640
55968
66144
77168
89040
101760
115328
129744
145008
161120
178080
195888
214544
234048
254400
275600
297648
320544
344288
368880
394320
420608
447744
475728
504560
534240
564768
596144
628368
661440
695360
730128
765744
802208
839520
877680
916688
956544
997248
1038800
1081200
1124448
1168544
1213488
1259280
1305920
1353408
1401744
1450928
1500960
1551840
1603568
1656144
1709568
1763840
1818960
1874928
1931744
1989408
2047920
2107280
2167488
2228544
2290448
2353200
2416800
2481248
2546544
2612688
2679680
2747520
2816208
2885744
2956128
3027360
3099440
3172368
3246144
3320768
3396240
3472560
3549728
3627744
3706608
3786320
3866880
3948288
4030544
4113648
4197600
4282400
4368048
4454544
4541888
4630080
4719120
4809008
4899744
4991328
5083760
5177040
5271168
5366144
5461968
5558640
5656160
5754528
5853744
5953808
6054720
6156480
6259088
6362544
6466848
6572000
6678000
6784848
6892544
7001088
7110480
7220720
7331808
7443744
7556528
7670160
7784640
7899968
8016144
8133168
8251040
8369760
8489328
8609744
8731008
8853120
8976080
9099888
9224544
9350048
9476400
9603600
9731648
9860544
9990288
10120880
10252320
10384608
10517744
10651728
10786560
10922240
11058768
11196144
11334368
11473440
11613360
11754128
11895744
12038208
12181520
12325680
12470688
12616544
12763248
12910800
13059200
13208448
13358544
13509488
13661280
13813920
13967408
14121744
14276928
14432960
14589840
14747568
14906144
15065568
15225840
15386960
15548928
15711744
15875408
16039920
16205280
16371488
16538544
16706448
16875200
17044800
17215248
17386544
17558688
17731680
17905520
18080208
18255744
18432128
18609360
18787440
18966368
19146144
19326768
19508240
19690560
19873728
20057744
20242608
20428320
20614880
20802288
20990544
21179648
21369600
21560400
21752048
21944544
22137888
22332080
22527120
22723008
22919744
23117328
23315760
23515040
23715168
23916144
24117968
24320640
24524160
24728528
24933744
25139808
25346720
25554480
25763088
25972544
26182848
26394000
26606000
26818848
27032544
27247088
27462480
27678720
27895808
28113744
28332528
28552160
28772640
28993968
29216144
29439168
29663040
29887760
30113328
30339744
30567008
30795120
31024080
31253888
31484544
31716048
31948400
32181600
32415648
32650544
32886288
33122880
33360320
33598608
33837744
34077728
34318560
34560240
34802768
35046144
35290368
35535440
35781360
36028128
36275744
36524208
36773520
37023680
37274688
37526544
37779248
38032800
38287200
38542448
38798544
39055488
39313280
39571920
39831408
40091744
40352928
40614960
40877840
41141568
41406144
41671568
41937840
42204960
42472928
42741744
43011408
43281920
43553280
43825488
44098544
44372448
44647200
44922800
45199248
45476544
45754688
46033680
46313520
46594208
46875744
47158128
47441360
47725440
48010368
48296144
48582768
48870240
49158560
49447728
49737744
50028608
50320320
50612880
50906288
51200544
51495648
51791600
52088400
52386048
52684544
52983888
53284080
53585120
53887008
54189744
54493328
54797760
55103040
55409168
55716144
56023968
56332640
56642160
56952528
57263744
57575808
57888720
58202480
58517088
58832544
59148848
59466000
59784000
60102848
60422544
60743088
61064480
61386720
61709808
62033744
62358528
62684160
63010640
63337968
63666144
63995168
64325040
64655760
64987328
65319744
65653008
65987120
66322080
66657888
66994544
67332048
67670400
68009600
68349648
68690544
69032288
69374880
69718320
70062608
70407744
70753728
71100560
71448240
71796768
72146144
72496368
72847440
73199360
73552128
73905744
74260208
74615520
74971680
75328688
75686544
76045248
76404800
76765200
77126448
77488544
77851488
78215280
78579920
78945408
79311744
79678928
80046960
80415840
80785568
81156144
81527568
81899840
82272960
82646928
83021744
83397408
83773920
84151280
84529488
84908544
85288448
85669200
86050800
86433248
86816544
87200688
87585680
87971520
88358208
88745744
89134128
89523360
89913440
90304368
90696144
91088768
91482240
91876560
92271728
92667744
93064608
93462320
93860880
94260288
94660544
95061648
95463600
95866400
96270048
96674544
97079888
97486080
97893120
98301008
98709744
99119328
99529760
99941040
100353168
100766144
101179968
101594640
102010160
102426528
102843744
103261808
103680720
104100480
104521088
104942544
105364848
105788000
106212000
106636848
107062544
107489088
107916480
108344720
108773808
109203744
109634528
110066160
110498640
110931968
111366144
111801168
112237040
112673760
113111328
113549744
113989008
114429120
114870080
115311888
115754544
116198048
116642400
117087600
117533648
117980544
118428288
118876880
119326320
119776608
120227744
120679728
121132560
121586240
122040768
122496144
122952368
123409440
123867360
124326128
124785744
125246208
125707520
126169680
126632688
127096544
127561248
128026800
128493200
128960448
129428544
129897488
130367280
130837920
131309408
131781744
132254928
132728960
133203840
133679568
134156144
134633568
135111840
135590960
136070928
136551744
137033408
137515920
137999280
138483488
138968544
139454448
139941200
140428800
140917248
141406544
141896688
142387680
142879520
143372208
143865744
144360128
144855360
145351440
145848368
146346144
146844768
147344240
147844560
148345728
148847744
149350608
149854320
150358880
150864288
151370544
151877648
152385600
152894400
153404048
153914544
154425888
154938080
155451120
155965008
156479744
156995328
157511760
158029040
158547168
159066144
159585968
160106640
160628160
161150528
161673744
162197808
162722720
163248480
163775088
164302544
164830848
165360000
165890000
166420848
166952544
167485088
168018480
168552720
169087808
169623744
170160528
170698160
171236640
171775968
172316144
172857168
173399040
173941760
174485328
175029744
175575008
176121120
176668080
177215888
177764544
178314048
178864400
179415600
179967648
180520544
181074288
181628880
182184320
182740608
183297744
183855728
184414560
184974240
185534768
186096144
186658368
187221440
187785360
188350128
188915744
189482208
190049520
190617680
191186688
191756544
192327248
192898800
193471200
194044448
194618544
195193488
195769280
196345920
196923408
197501744
198080928
198660960
199241840
199823568
200406144
200989568
201573840
202158960
202744928
203331744
203919408
204507920
205097280
205687488
206278544
206870448
207463200
208056800
208651248
209246544
209842688
210439680
211037520
211636208
212235744
212836128
213437360
214039440
214642368
215246144
215850768
216456240
217062560
217669728
218277744
218886608
219496320
220106880
220718288
221330544
221943648
222557600
223172400
223788048
224404544
225021888
225640080
226259120
226879008
227499744
228121328
228743760
229367040
229991168
230616144
231241968
231868640
232496160
233124528
233753744
234383808
235014720
235646480
236279088
236912544
237546848
238182000
238818000
239454848
240092544
240731088
241370480
242010720
242651808
243293744
243936528
244580160
245224640
245869968
246516144
247163168
247811040
248459760
249109328
249759744
250411008
251063120
251716080
252369888
253024544
253680048
254336400
254993600
255651648
256310544
256970288
257630880
258292320
258954608
259617744
260281728
260946560
261612240
262278768
262946144
263614368
264283440
264953360
265624128
266295744
266968208
267641520
268315680
268990688
269666544
270343248
271020800
271699200
272378448
273058544
273739488
274421280
275103920
275787408
276471744
277156928
277842960
278529840
279217568
279906144
280595568
281285840
281976960
282668928
283361744
284055408
284749920
285445280
286141488
286838544
287536448
288235200
288934800
289635248
290336544
291038688
291741680
292445520
293150208
293855744
294562128
295269360
295977440
296686368
297396144
298106768
298818240
299530560
300243728
300957744
301672608
302388320
303104880
303822288
304540544
305259648
609441064
