867
2601
5202
8670
13005
18207
24276
31212
39015
47685
57222
67626
78897
91035
104040
117912
132651
148257
164730
182070
200277
219351
239292
260100
281775
304317
327726
352002
377145
403155
430032
457776
486387
515865
546210
577422
609501
642447
676260
710940
746487
782901
820182
858330
897345
937227
977976
1019592
1062075
1105425
1149642
1194726
1240677
1287495
1335180
1383732
1433151
1483437
1534590
1586610
1639497
1693251
1747872
1803360
1859715
1916937
1975026
2033982
2093805
2154495
2216052
2278476
2341767
2405925
2470950
2536842
2603601
2671227
2739720
2809080
2879307
2950401
3022362
3095190
3168885
3243447
3318876
3395172
3472335
3550365
3629262
3709026
3789657
3871155
3953520
4036752
4120851
4205817
4291650
4378350
4465917
4554351
4643652
4733820
4824855
4916757
5009526
5103162
5197665
5293035
5389272
5486376
5584347
5683185
5782890
5883462
5984901
6087207
6190380
6294420
6399327
6505101
6611742
6719250
6827625
6936867
7046976
7157952
7269795
7382505
7496082
7610526
7725837
7842015
7959060
8076972
8195751
8315397
8435910
8557290
8679537
8802651
8926632
9051480
9177195
9303777
9431226
9559542
9688725
9818775
9949692
10081476
10214127
10347645
10482030
10617282
10753401
10890387
11028240
11166960
11306547
11447001
11588322
11730510
11873565
12017487
12162276
12307932
12454455
12601845
12750102
12899226
13049217
13200075
13351800
13504392
13657851
13812177
13967370
14123430
14280357
14438151
14596812
14756340
14916735
15077997
15240126
15403122
15566985
15731715
15897312
16063776
16231107
16399305
16568370
16738302
16909101
17080767
17253300
17426700
17600967
17776101
17952102
18128970
18306705
18485307
18664776
18845112
19026315
19208385
19391322
19575126
19759797
19945335
20131740
20319012
20507151
20696157
20886030
21076770
21268377
21460851
21654192
21848400
22043475
22239417
22436226
22633902
22832445
23031855
23232132
23433276
23635287
23838165
24041910
24246522
24452001
24658347
24865560
25073640
25282587
25492401
25703082
25914630
26127045
26340327
26554476
26769492
26985375
27202125
27419742
27638226
27857577
28077795
28298880
28520832
28743651
28967337
29191890
29417310
29643597
29870751
30098772
30327660
30557415
30788037
31019526
31251882
31485105
31719195
31954152
32189976
32426667
32664225
32902650
33141942
33382101
33623127
33865020
34107780
34351407
34595901
34841262
35087490
35334585
35582547
35831376
36081072
36331635
36583065
36835362
37088526
37342557
37597455
37853220
38109852
38367351
38625717
38884950
39145050
39406017
39667851
39930552
40194120
40458555
40723857
40990026
41257062
41524965
41793735
42063372
42333876
42605247
42877485
43150590
43424562
43699401
43975107
44251680
44529120
44807427
45086601
45366642
45647550
45929325
46211967
46495476
46779852
47065095
47351205
47638182
47926026
48214737
48504315
48794760
49086072
49378251
49671297
49965210
50259990
50555637
50852151
51149532
51447780
51746895
52046877
52347726
52649442
52952025
53255475
53559792
53864976
54171027
54477945
54785730
55094382
55403901
55714287
56025540
56337660
56650647
56964501
57279222
57594810
57911265
58228587
58546776
58865832
59185755
59506545
59828202
60150726
60474117
60798375
61123500
61449492
61776351
62104077
62432670
62762130
63092457
63423651
63755712
64088640
64422435
64757097
65092626
65429022
65766285
66104415
66443412
66783276
67124007
67465605
67808070
68151402
68495601
68840667
69186600
69533400
69881067
70229601
70579002
70929270
71280405
71632407
71985276
72339012
72693615
73049085
73405422
73762626
74120697
74479635
74839440
75200112
75561651
75924057
76287330
76651470
77016477
77382351
77749092
78116700
78485175
78854517
79224726
79595802
79967745
80340555
80714232
81088776
81464187
81840465
82217610
82595622
82974501
83354247
83734860
84116340
84498687
84881901
85265982
85650930
86036745
86423427
86810976
87199392
87588675
87978825
88369842
88761726
89154477
89548095
89942580
90337932
90734151
91131237
91529190
91928010
92327697
92728251
93129672
93531960
93935115
94339137
94744026
95149782
95556405
95963895
96372252
96781476
97191567
97602525
98014350
98427042
98840601
99255027
99670320
100086480
100503507
100921401
101340162
101759790
102180285
102601647
103023876
103446972
103870935
104295765
104721462
105148026
105575457
106003755
106432920
106862952
107293851
107725617
108158250
108591750
109026117
109461351
109897452
110334420
110772255
111210957
111650526
112090962
112532265
112974435
113417472
113861376
114306147
114751785
115198290
115645662
116093901
116543007
116992980
117443820
117895527
118348101
118801542
119255850
119711025
120167067
120623976
121081752
121540395
121999905
122460282
122921526
123383637
123846615
124310460
124775172
125240751
125707197
126174510
126642690
127111737
127581651
128052432
128524080
128996595
129469977
129944226
130419342
130895325
131372175
131849892
132328476
132807927
133288245
133769430
134251482
134734401
135218187
135702840
136188360
136674747
137162001
137650122
138139110
138628965
139119687
139611276
140103732
140597055
141091245
141586302
142082226
142579017
143076675
143575200
144074592
144574851
145075977
145577970
146080830
146584557
147089151
147594612
148100940
148608135
149116197
149625126
150134922
150645585
151157115
151669512
152182776
152696907
153211905
153727770
154244502
154762101
155280567
155799900
156320100
156841167
157363101
157885902
158409570
158934105
159459507
159985776
160512912
161040915
161569785
162099522
162630126
163161597
163693935
164227140
164761212
165296151
165831957
166368630
166906170
167444577
167983851
168523992
169065000
169606875
170149617
170693226
171237702
171783045
172329255
172876332
173424276
173973087
174522765
175073310
175624722
176177001
176730147
177284160
177839040
178394787
178951401
179508882
180067230
180626445
181186527
181747476
182309292
182871975
183435525
183999942
184565226
185131377
185698395
186266280
186835032
187404651
187975137
188546490
189118710
189691797
190265751
190840572
191416260
191992815
192570237
193148526
193727682
194307705
194888595
195470352
196052976
196636467
197220825
197806050
198392142
198979101
199566927
200155620
200745180
201335607
201926901
202519062
203112090
203705985
204300747
204896376
205492872
206090235
206688465
207287562
207887526
208488357
209090055
209692620
210296052
210900351
211505517
212111550
212718450
213326217
213934851
214544352
215154720
215765955
216378057
216991026
217604862
218219565
218835135
219451572
220068876
220687047
221306085
221925990
222546762
223168401
223790907
224414280
225038520
225663627
226289601
226916442
227544150
228172725
228802167
229432476
230063652
230695695
231328605
231962382
232597026
233232537
233868915
234506160
235144272
235783251
236423097
237063810
237705390
238347837
238991151
239635332
240280380
240926295
241573077
242220726
242869242
243518625
244168875
244819992
245471976
246124827
246778545
247433130
248088582
248744901
249402087
250060140
250719060
251378847
252039501
252701022
253363410
254026665
254690787
255355776
256021632
256688355
257355945
258024402
258693726
259363917
260034975
260706900
261379692
262053351
262727877
263403270
264079530
264756657
265434651
266113512
266793240
267473835
268155297
268837626
269520822
270204885
270889815
271575612
272262276
272949807
273638205
274327470
275017602
275708601
276400467
277093200
277786800
278481267
279176601
279872802
280569870
281267805
281966607
282666276
283366812
284068215
284770485
285473622
286177626
286882497
287588235
288294840
289002312
289710651
290419857
291129930
291840870
292552677
293265351
293978892
294693300
295408575
296124717
296841726
297559602
298278345
298997955
299718432
300439776
301161987
301885065
302609010
303333822
304059501
304786047
305513460
306241740
306970887
307700901
308431782
309163530
309896145
310629627
311363976
312099192
312835275
313572225
314310042
315048726
315788277
316528695
317269980
318012132
318755151
319499037
320243790
320989410
321735897
322483251
323231472
323980560
324730515
325481337
326233026
868
2604
5208
8680
13020
18228
24304
31248
39060
47740
57288
67704
78988
91140
104160
118048
132804
148428
164920
182280
200508
219604
239568
260400
282100
304668
328104
352408
377580
403620
430528
458304
486948
516460
546840
578088
610204
643188
677040
711760
747348
783804
821128
859320
898380
938308
979104
1020768
1063300
1106700
1150968
1196104
1242108
1288980
1336720
1385328
1434804
1485148
1536360
1588440
1641388
1695204
1749888
1805440
1861860
1919148
1977304
2036328
2096220
2156980
2218608
2281104
2344468
2408700
2473800
2539768
2606604
2674308
2742880
2812320
2882628
2953804
3025848
3098760
3172540
3247188
3322704
3399088
3476340
3554460
3633448
3713304
3794028
3875620
3958080
4041408
4125604
4210668
4296600
4383400
4471068
4559604
4649008
4739280
4830420
4922428
5015304
5109048
5203660
5299140
5395488
5492704
5590788
5689740
5789560
5890248
5991804
6094228
6197520
6301680
6406708
6512604
6619368
6727000
6835500
6944868
7055104
7166208
7278180
7391020
7504728
7619304
7734748
7851060
7968240
8086288
8205204
8324988
8445640
8567160
8689548
8812804
8936928
9061920
9187780
9314508
9442104
9570568
9699900
9830100
9961168
10093104
10225908
10359580
10494120
10629528
10765804
10902948
11040960
11179840
11319588
11460204
11601688
11744040
11887260
12031348
12176304
12322128
12468820
12616380
12764808
12914104
13064268
13215300
13367200
13519968
13673604
13828108
13983480
14139720
14296828
14454804
14613648
14773360
14933940
15095388
15257704
15420888
15584940
15749860
15915648
16082304
16249828
16418220
16587480
16757608
16928604
17100468
17273200
17446800
17621268
17796604
17972808
18149880
18327820
18506628
18686304
18866848
19048260
19230540
19413688
19597704
19782588
19968340
20154960
20342448
20530804
20720028
20910120
21101080
21292908
21485604
21679168
21873600
22068900
22265068
22462104
22660008
22858780
23058420
23258928
23460304
23662548
23865660
24069640
24274488
24480204
24686788
24894240
25102560
25311748
25521804
25732728
25944520
26157180
26370708
26585104
26800368
27016500
27233500
27451368
27670104
27889708
28110180
28331520
28553728
28776804
29000748
29225560
29451240
29677788
29905204
30133488
30362640
30592660
30823548
31055304
31287928
31521420
31755780
31991008
32227104
32464068
32701900
32940600
33180168
33420604
33661908
33904080
34147120
34391028
34635804
34881448
35127960
35375340
35623588
35872704
36122688
36373540
36625260
36877848
37131304
37385628
37640820
37896880
38153808
38411604
38670268
38929800
39190200
39451468
39713604
39976608
40240480
40505220
40770828
41037304
41304648
41572860
41841940
42111888
42382704
42654388
42926940
43200360
43474648
43749804
44025828
44302720
44580480
44859108
45138604
45418968
45700200
45982300
46265268
46549104
46833808
47119380
47405820
47693128
47981304
48270348
48560260
48851040
49142688
49435204
49728588
50022840
50317960
50613948
50910804
51208528
51507120
51806580
52106908
52408104
52710168
53013100
53316900
53621568
53927104
54233508
54540780
54848920
55157928
55467804
55778548
56090160
56402640
56715988
57030204
57345288
57661240
57978060
58295748
58614304
58933728
59254020
59575180
59897208
60220104
60543868
60868500
61194000
61520368
61847604
62175708
62504680
62834520
63165228
63496804
63829248
64162560
64496740
64831788
65167704
65504488
65842140
66180660
66520048
66860304
67201428
67543420
67886280
68230008
68574604
68920068
69266400
69613600
69961668
70310604
70660408
71011080
71362620
71715028
72068304
72422448
72777460
73133340
73490088
73847704
74206188
74565540
74925760
75286848
75648804
76011628
76375320
76739880
77105308
77471604
77838768
78206800
78575700
78945468
79316104
79687608
80059980
80433220
80807328
81182304
81558148
81934860
82312440
82690888
83070204
83450388
83831440
84213360
84596148
84979804
85364328
85749720
86135980
86523108
86911104
87299968
87689700
88080300
88471768
88864104
89257308
89651380
90046320
90442128
90838804
91236348
91634760
92034040
92434188
92835204
93237088
93639840
94043460
94447948
94853304
95259528
95666620
96074580
96483408
96893104
97303668
97715100
98127400
98540568
98954604
99369508
99785280
100201920
100619428
101037804
101457048
101877160
102298140
102719988
103142704
103566288
103990740
104416060
104842248
105269304
105697228
106126020
106555680
106986208
107417604
107849868
108283000
108717000
109151868
109587604
110024208
110461680
110900020
111339228
111779304
112220248
112662060
113104740
113548288
113992704
114437988
114884140
115331160
115779048
116227804
116677428
117127920
117579280
118031508
118484604
118938568
119393400
119849100
120305668
120763104
121221408
121680580
122140620
122601528
123063304
123525948
123989460
124453840
124919088
125385204
125852188
126320040
126788760
127258348
127728804
128200128
128672320
129145380
129619308
130094104
130569768
131046300
131523700
132001968
132481104
132961108
133441980
133923720
134406328
134889804
135374148
135859360
136345440
136832388
137320204
137808888
138298440
138788860
139280148
139772304
140265328
140759220
141253980
141749608
142246104
142743468
143241700
143740800
144240768
144741604
145243308
145745880
146249320
146753628
147258804
147764848
148271760
148779540
149288188
149797704
150308088
150819340
151331460
151844448
152358304
152873028
153388620
153905080
154422408
154940604
155459668
155979600
156500400
157022068
157544604
158068008
158592280
159117420
159643428
160170304
160698048
161226660
161756140
162286488
162817704
163349788
163882740
164416560
164951248
165486804
166023228
166560520
167098680
167637708
168177604
168718368
169260000
169802500
170345868
170890104
171435208
171981180
172528020
173075728
173624304
174173748
174724060
175275240
175827288
176380204
176933988
177488640
178044160
178600548
179157804
179715928
180274920
180834780
181395508
181957104
182519568
183082900
183647100
184212168
184778104
185344908
185912580
186481120
187050528
187620804
188191948
188763960
189336840
189910588
190485204
191060688
191637040
192214260
192792348
193371304
193951128
194531820
195113380
195695808
196279104
196863268
197448300
198034200
198620968
199208604
199797108
200386480
200976720
201567828
202159804
202752648
203346360
203940940
204536388
205132704
205729888
206327940
206926860
207526648
208127304
208728828
209331220
209934480
210538608
211143604
211749468
212356200
212963800
213572268
214181604
214791808
215402880
216014820
216627628
217241304
217855848
218471260
219087540
219704688
220322704
220941588
221561340
222181960
222803448
223425804
224049028
224673120
225298080
225923908
226550604
227178168
227806600
228435900
229066068
229697104
230329008
230961780
231595420
232229928
232865304
233501548
234138660
234776640
235415488
236055204
236695788
237337240
237979560
238622748
239266804
239911728
240557520
241204180
241851708
242500104
243149368
243799500
244450500
245102368
245755104
246408708
247063180
247718520
248374728
249031804
249689748
250348560
251008240
251668788
252330204
252992488
253655640
254319660
254984548
255650304
256316928
256984420
257652780
258322008
258992104
259663068
260334900
261007600
261681168
262355604
263030908
263707080
264384120
265062028
265740804
266420448
267100960
267782340
268464588
269147704
269831688
270516540
271202260
271888848
272576304
273264628
273953820
274643880
275334808
276026604
276719268
277412800
278107200
278802468
279498604
280195608
280893480
281592220
282291828
282992304
283693648
284395860
285098940
285802888
286507704
287213388
287919940
288627360
289335648
290044804
290754828
291465720
292177480
292890108
293603604
294317968
295033200
295749300
296466268
297184104
297902808
298622380
299342820
300064128
300786304
301509348
302233260
302958040
303683688
304410204
305137588
305865840
306594960
307324948
308055804
308787528
309520120
310253580
310987908
311723104
312459168
313196100
313933900
314672568
315412104
316152508
316893780
317635920
318378928
319122804
319867548
320613160
321359640
322106988
322855204
323604288
324354240
325105060
325856748
326609304
327362728
653595754
