940
2820
5640
9400
14100
19740
26320
33840
42300
51700
62040
73320
85540
98700
112800
127840
143820
160740
178600
197400
217140
237820
259440
282000
305500
329940
355320
381640
408900
437100
466240
496320
527340
559300
592200
626040
660820
696540
733200
770800
809340
848820
889240
930600
972900
1016140
1060320
1105440
1151500
1198500
1246440
1295320
1345140
1395900
1447600
1500240
1553820
1608340
1663800
1720200
1777540
1835820
1895040
1955200
2016300
2078340
2141320
2205240
2270100
2335900
2402640
2470320
2538940
2608500
2679000
2750440
2822820
2896140
2970400
3045600
3121740
3198820
3276840
3355800
3435700
3516540
3598320
3681040
3764700
3849300
3934840
4021320
4108740
4197100
4286400
4376640
4467820
4559940
4653000
4747000
4841940
4937820
5034640
5132400
5231100
5330740
5431320
5532840
5635300
5738700
5843040
5948320
6054540
6161700
6269800
6378840
6488820
6599740
6711600
6824400
6938140
7052820
7168440
7285000
7402500
7520940
7640320
7760640
7881900
8004100
8127240
8251320
8376340
8502300
8629200
8757040
8885820
9015540
9146200
9277800
9410340
9543820
9678240
9813600
9949900
10087140
10225320
10364440
10504500
10645500
10787440
10930320
11074140
11218900
11364600
11511240
11658820
11807340
11956800
12107200
12258540
12410820
12564040
12718200
12873300
13029340
13186320
13344240
13503100
13662900
13823640
13985320
14147940
14311500
14476000
14641440
14807820
14975140
15143400
15312600
15482740
15653820
15825840
15998800
16172700
16347540
16523320
16700040
16877700
17056300
17235840
17416320
17597740
17780100
17963400
18147640
18332820
18518940
18706000
18894000
19082940
19272820
19463640
19655400
19848100
20041740
20236320
20431840
20628300
20825700
21024040
21223320
21423540
21624700
21826800
22029840
22233820
22438740
22644600
22851400
23059140
23267820
23477440
23688000
23899500
24111940
24325320
24539640
24754900
24971100
25188240
25406320
25625340
25845300
26066200
26288040
26510820
26734540
26959200
27184800
27411340
27638820
27867240
28096600
28326900
28558140
28790320
29023440
29257500
29492500
29728440
29965320
30203140
30441900
30681600
30922240
31163820
31406340
31649800
31894200
32139540
32385820
32633040
32881200
33130300
33380340
33631320
33883240
34136100
34389900
34644640
34900320
35156940
35414500
35673000
35932440
36192820
36454140
36716400
36979600
37243740
37508820
37774840
38041800
38309700
38578540
38848320
39119040
39390700
39663300
39936840
40211320
40486740
40763100
41040400
41318640
41597820
41877940
42159000
42441000
42723940
43007820
43292640
43578400
43865100
44152740
44441320
44730840
45021300
45312700
45605040
45898320
46192540
46487700
46783800
47080840
47378820
47677740
47977600
48278400
48580140
48882820
49186440
49491000
49796500
50102940
50410320
50718640
51027900
51338100
51649240
51961320
52274340
52588300
52903200
53219040
53535820
53853540
54172200
54491800
54812340
55133820
55456240
55779600
56103900
56429140
56755320
57082440
57410500
57739500
58069440
58400320
58732140
59064900
59398600
59733240
60068820
60405340
60742800
61081200
61420540
61760820
62102040
62444200
62787300
63131340
63476320
63822240
64169100
64516900
64865640
65215320
65565940
65917500
66270000
66623440
66977820
67333140
67689400
68046600
68404740
68763820
69123840
69484800
69846700
70209540
70573320
70938040
71303700
71670300
72037840
72406320
72775740
73146100
73517400
73889640
74262820
74636940
75012000
75388000
75764940
76142820
76521640
76901400
77282100
77663740
78046320
78429840
78814300
79199700
79586040
79973320
80361540
80750700
81140800
81531840
81923820
82316740
82710600
83105400
83501140
83897820
84295440
84694000
85093500
85493940
85895320
86297640
86700900
87105100
87510240
87916320
88323340
88731300
89140200
89550040
89960820
90372540
90785200
91198800
91613340
92028820
92445240
92862600
93280900
93700140
94120320
94541440
94963500
95386500
95810440
96235320
96661140
97087900
97515600
97944240
98373820
98804340
99235800
99668200
100101540
100535820
100971040
101407200
101844300
102282340
102721320
103161240
103602100
104043900
104486640
104930320
105374940
105820500
106267000
106714440
107162820
107612140
108062400
108513600
108965740
109418820
109872840
110327800
110783700
111240540
111698320
112157040
112616700
113077300
113538840
114001320
114464740
114929100
115394400
115860640
116327820
116795940
117265000
117735000
118205940
118677820
119150640
119624400
120099100
120574740
121051320
121528840
122007300
122486700
122967040
123448320
123930540
124413700
124897800
125382840
125868820
126355740
126843600
127332400
127822140
128312820
128804440
129297000
129790500
130284940
130780320
131276640
131773900
132272100
132771240
133271320
133772340
134274300
134777200
135281040
135785820
136291540
136798200
137305800
137814340
138323820
138834240
139345600
139857900
140371140
140885320
141400440
141916500
142433500
142951440
143470320
143990140
144510900
145032600
145555240
146078820
146603340
147128800
147655200
148182540
148710820
149240040
149770200
150301300
150833340
151366320
151900240
152435100
152970900
153507640
154045320
154583940
155123500
155664000
156205440
156747820
157291140
157835400
158380600
158926740
159473820
160021840
160570800
161120700
161671540
162223320
162776040
163329700
163884300
164439840
164996320
165553740
166112100
166671400
167231640
167792820
168354940
168918000
169482000
170046940
170612820
171179640
171747400
172316100
172885740
173456320
174027840
174600300
175173700
175748040
176323320
176899540
177476700
178054800
178633840
179213820
179794740
180376600
180959400
181543140
182127820
182713440
183300000
183887500
184475940
185065320
185655640
186246900
186839100
187432240
188026320
188621340
189217300
189814200
190412040
191010820
191610540
192211200
192812800
193415340
194018820
194623240
195228600
195834900
196442140
197050320
197659440
198269500
198880500
199492440
200105320
200719140
201333900
201949600
202566240
203183820
203802340
204421800
205042200
205663540
206285820
206909040
207533200
208158300
208784340
209411320
210039240
210668100
211297900
211928640
212560320
213192940
213826500
214461000
215096440
215732820
216370140
217008400
217647600
218287740
218928820
219570840
220213800
220857700
221502540
222148320
222795040
223442700
224091300
224740840
225391320
226042740
226695100
227348400
228002640
228657820
229313940
229971000
230629000
231287940
231947820
232608640
233270400
233933100
234596740
235261320
235926840
236593300
237260700
237929040
238598320
239268540
239939700
240611800
241284840
241958820
242633740
243309600
243986400
244664140
245342820
246022440
246703000
247384500
248066940
248750320
249434640
250119900
250806100
251493240
252181320
252870340
253560300
254251200
254943040
255635820
256329540
257024200
257719800
258416340
259113820
259812240
260511600
261211900
261913140
262615320
263318440
264022500
264727500
265433440
266140320
266848140
267556900
268266600
268977240
269688820
270401340
271114800
271829200
272544540
273260820
273978040
274696200
275415300
276135340
276856320
277578240
278301100
279024900
279749640
280475320
281201940
281929500
282658000
283387440
284117820
284849140
285581400
286314600
287048740
287783820
288519840
289256800
289994700
290733540
291473320
292214040
292955700
293698300
294441840
295186320
295931740
296678100
297425400
298173640
298922820
299672940
300424000
301176000
301928940
302682820
303437640
304193400
304950100
305707740
306466320
307225840
307986300
308747700
309510040
310273320
311037540
311802700
312568800
313335840
314103820
314872740
315642600
316413400
317185140
317957820
318731440
319506000
320281500
321057940
321835320
322613640
323392900
324173100
324954240
325736320
326519340
327303300
328088200
328874040
329660820
330448540
331237200
332026800
332817340
333608820
334401240
335194600
335988900
336784140
337580320
338377440
339175500
339974500
340774440
341575320
342377140
343179900
343983600
344788240
345593820
346400340
347207800
348016200
348825540
349635820
350447040
351259200
352072300
352886340
353701320
354517240
355334100
356151900
356970640
357790320
358610940
359432500
360255000
361078440
361902820
362728140
363554400
364381600
365209740
366038820
366868840
367699800
368531700
369364540
370198320
371033040
371868700
372705300
373542840
374381320
375220740
376061100
376902400
377744640
378587820
379431940
380277000
381123000
381969940
382817820
383666640
384516400
385367100
386218740
387071320
387924840
388779300
389634700
390491040
391348320
392206540
393065700
393925800
394786840
395648820
396511740
397375600
398240400
399106140
399972820
400840440
401709000
402578500
403448940
404320320
405192640
406065900
406940100
407815240
408691320
409568340
410446300
411325200
412205040
413085820
413967540
414850200
415733800
940
2820
5640
9400
14100
19740
26320
33840
42300
51700
62040
73320
85540
98700
112800
127840
143820
160740
178600
197400
217140
237820
259440
282000
305500
329940
355320
381640
408900
437100
466240
496320
527340
559300
592200
626040
660820
696540
733200
770800
809340
848820
889240
930600
972900
1016140
1060320
1105440
1151500
1198500
1246440
1295320
1345140
1395900
1447600
1500240
1553820
1608340
1663800
1720200
1777540
1835820
1895040
1955200
2016300
2078340
2141320
2205240
2270100
2335900
2402640
2470320
2538940
2608500
2679000
2750440
2822820
2896140
2970400
3045600
3121740
3198820
3276840
3355800
3435700
3516540
3598320
3681040
3764700
3849300
3934840
4021320
4108740
4197100
4286400
4376640
4467820
4559940
4653000
4747000
4841940
4937820
5034640
5132400
5231100
5330740
5431320
5532840
5635300
5738700
5843040
5948320
6054540
6161700
6269800
6378840
6488820
6599740
6711600
6824400
6938140
7052820
7168440
7285000
7402500
7520940
7640320
7760640
7881900
8004100
8127240
8251320
8376340
8502300
8629200
8757040
8885820
9015540
9146200
9277800
9410340
9543820
9678240
9813600
9949900
10087140
10225320
10364440
10504500
10645500
10787440
10930320
11074140
11218900
11364600
11511240
11658820
11807340
11956800
12107200
12258540
12410820
12564040
12718200
12873300
13029340
13186320
13344240
13503100
13662900
13823640
13985320
14147940
14311500
14476000
14641440
14807820
14975140
15143400
15312600
15482740
15653820
15825840
15998800
16172700
16347540
16523320
16700040
16877700
17056300
17235840
17416320
17597740
17780100
17963400
18147640
18332820
18518940
18706000
18894000
19082940
19272820
19463640
19655400
19848100
20041740
20236320
20431840
20628300
20825700
21024040
21223320
21423540
21624700
21826800
22029840
22233820
22438740
22644600
22851400
23059140
23267820
23477440
23688000
23899500
24111940
24325320
24539640
24754900
24971100
25188240
25406320
25625340
25845300
26066200
26288040
26510820
26734540
26959200
27184800
27411340
27638820
27867240
28096600
28326900
28558140
28790320
29023440
29257500
29492500
29728440
29965320
30203140
30441900
30681600
30922240
31163820
31406340
31649800
31894200
32139540
32385820
32633040
32881200
33130300
33380340
33631320
33883240
34136100
34389900
34644640
34900320
35156940
35414500
35673000
35932440
36192820
36454140
36716400
36979600
37243740
37508820
37774840
38041800
38309700
38578540
38848320
39119040
39390700
39663300
39936840
40211320
40486740
40763100
41040400
41318640
41597820
41877940
42159000
42441000
42723940
43007820
43292640
43578400
43865100
44152740
44441320
44730840
45021300
45312700
45605040
45898320
46192540
46487700
46783800
47080840
47378820
47677740
47977600
48278400
48580140
48882820
49186440
49491000
49796500
50102940
50410320
50718640
51027900
51338100
51649240
51961320
52274340
52588300
52903200
53219040
53535820
53853540
54172200
54491800
54812340
55133820
55456240
55779600
56103900
56429140
56755320
57082440
57410500
57739500
58069440
58400320
58732140
59064900
59398600
59733240
60068820
60405340
60742800
61081200
61420540
61760820
62102040
62444200
62787300
63131340
63476320
63822240
64169100
64516900
64865640
65215320
65565940
65917500
66270000
66623440
66977820
67333140
67689400
68046600
68404740
68763820
69123840
69484800
69846700
70209540
70573320
70938040
71303700
71670300
72037840
72406320
72775740
73146100
73517400
73889640
74262820
74636940
75012000
75388000
75764940
76142820
76521640
76901400
77282100
77663740
78046320
78429840
78814300
79199700
79586040
79973320
80361540
80750700
81140800
81531840
81923820
82316740
82710600
83105400
83501140
83897820
84295440
84694000
85093500
85493940
85895320
86297640
86700900
87105100
87510240
87916320
88323340
88731300
89140200
89550040
89960820
90372540
90785200
91198800
91613340
92028820
92445240
92862600
93280900
93700140
94120320
94541440
94963500
95386500
95810440
96235320
96661140
97087900
97515600
97944240
98373820
98804340
99235800
99668200
100101540
100535820
100971040
101407200
101844300
102282340
102721320
103161240
103602100
104043900
104486640
104930320
105374940
105820500
106267000
106714440
107162820
107612140
108062400
108513600
108965740
109418820
109872840
110327800
110783700
111240540
111698320
112157040
112616700
113077300
113538840
114001320
114464740
114929100
115394400
115860640
116327820
116795940
117265000
117735000
118205940
118677820
119150640
119624400
120099100
120574740
121051320
121528840
122007300
122486700
122967040
123448320
123930540
124413700
124897800
125382840
125868820
126355740
126843600
127332400
127822140
128312820
128804440
129297000
129790500
130284940
130780320
131276640
131773900
132272100
132771240
133271320
133772340
134274300
134777200
135281040
135785820
136291540
136798200
137305800
137814340
138323820
138834240
139345600
139857900
140371140
140885320
141400440
141916500
142433500
142951440
143470320
143990140
144510900
145032600
145555240
146078820
146603340
147128800
147655200
148182540
148710820
149240040
149770200
150301300
150833340
151366320
151900240
152435100
152970900
153507640
154045320
154583940
155123500
155664000
156205440
156747820
157291140
157835400
158380600
158926740
159473820
160021840
160570800
161120700
161671540
162223320
162776040
163329700
163884300
164439840
164996320
165553740
166112100
166671400
167231640
167792820
168354940
168918000
169482000
170046940
170612820
171179640
171747400
172316100
172885740
173456320
174027840
174600300
175173700
175748040
176323320
176899540
177476700
178054800
178633840
179213820
179794740
180376600
180959400
181543140
182127820
182713440
183300000
183887500
184475940
185065320
185655640
186246900
186839100
187432240
188026320
188621340
189217300
189814200
190412040
191010820
191610540
192211200
192812800
193415340
194018820
194623240
195228600
195834900
196442140
197050320
197659440
198269500
198880500
199492440
200105320
200719140
201333900
201949600
202566240
203183820
203802340
204421800
205042200
205663540
206285820
206909040
207533200
208158300
208784340
209411320
210039240
210668100
211297900
211928640
212560320
213192940
213826500
214461000
215096440
215732820
216370140
217008400
217647600
218287740
218928820
219570840
220213800
220857700
221502540
222148320
222795040
223442700
224091300
224740840
225391320
226042740
226695100
227348400
228002640
228657820
229313940
229971000
230629000
231287940
231947820
232608640
233270400
233933100
234596740
235261320
235926840
236593300
237260700
237929040
238598320
239268540
239939700
240611800
241284840
241958820
242633740
243309600
243986400
244664140
245342820
246022440
246703000
247384500
248066940
248750320
249434640
250119900
250806100
251493240
252181320
252870340
253560300
254251200
254943040
255635820
256329540
257024200
257719800
258416340
259113820
259812240
260511600
261211900
261913140
262615320
263318440
264022500
264727500
265433440
266140320
266848140
267556900
268266600
268977240
269688820
270401340
271114800
271829200
272544540
273260820
273978040
274696200
275415300
276135340
276856320
277578240
278301100
279024900
279749640
280475320
281201940
281929500
282658000
283387440
284117820
284849140
285581400
286314600
287048740
287783820
288519840
289256800
289994700
290733540
291473320
292214040
292955700
293698300
294441840
295186320
295931740
296678100
297425400
298173640
298922820
299672940
300424000
301176000
301928940
302682820
303437640
304193400
304950100
305707740
306466320
307225840
307986300
308747700
309510040
310273320
311037540
311802700
312568800
313335840
314103820
314872740
315642600
316413400
317185140
317957820
318731440
319506000
320281500
321057940
321835320
322613640
323392900
324173100
324954240
325736320
326519340
327303300
328088200
328874040
329660820
330448540
331237200
332026800
332817340
333608820
334401240
335194600
335988900
336784140
337580320
338377440
339175500
339974500
340774440
341575320
342377140
343179900
343983600
344788240
345593820
346400340
347207800
348016200
348825540
349635820
350447040
351259200
352072300
352886340
353701320
354517240
355334100
356151900
356970640
357790320
358610940
359432500
360255000
361078440
361902820
362728140
363554400
364381600
365209740
366038820
366868840
367699800
368531700
369364540
370198320
371033040
371868700
372705300
373542840
374381320
375220740
376061100
376902400
377744640
378587820
379431940
380277000
381123000
381969940
382817820
383666640
384516400
385367100
386218740
387071320
387924840
388779300
389634700
390491040
391348320
392206540
393065700
393925800
394786840
395648820
396511740
397375600
398240400
399106140
399972820
400840440
401709000
402578500
403448940
404320320
405192640
406065900
406940100
407815240
408691320
409568340
410446300
411325200
412205040
413085820
413967540
414850200
415733800
831467600
