857
2571
5142
8570
12855
17997
23996
30852
38565
47135
56562
66846
77987
89985
102840
116552
131121
146547
162830
179970
197967
216821
236532
257100
278525
300807
323946
347942
372795
398505
425072
452496
480777
509915
539910
570762
602471
635037
668460
702740
737877
773871
810722
848430
886995
926417
966696
1007832
1049825
1092675
1136382
1180946
1226367
1272645
1319780
1367772
1416621
1466327
1516890
1568310
1620587
1673721
1727712
1782560
1838265
1894827
1952246
2010522
2069655
2129645
2190492
2252196
2314757
2378175
2442450
2507582
2573571
2640417
2708120
2776680
2846097
2916371
2987502
3059490
3132335
3206037
3280596
3356012
3432285
3509415
3587402
3666246
3745947
3826505
3907920
3990192
4073321
4157307
4242150
4327850
4414407
4501821
4590092
4679220
4769205
4860047
4951746
5044302
5137715
5231985
5327112
5423096
5519937
5617635
5716190
5815602
5915871
6016997
6118980
6221820
6325517
6430071
6535482
6641750
6748875
6856857
6965696
7075392
7185945
7297355
7409622
7522746
7636727
7751565
7867260
7983812
8101221
8219487
8338610
8458590
8579427
8701121
8823672
8947080
9071345
9196467
9322446
9449282
9576975
9705525
9834932
9965196
10096317
10228295
10361130
10494822
10629371
10764777
10901040
11038160
11176137
11314971
11454662
11595210
11736615
11878877
12021996
12165972
12310805
12456495
12603042
12750446
12898707
13047825
13197800
13348632
13500321
13652867
13806270
13960530
14115647
14271621
14428452
14586140
14744685
14904087
15064346
15225462
15387435
15550265
15713952
15878496
16043897
16210155
16377270
16545242
16714071
16883757
17054300
17225700
17397957
17571071
17745042
17919870
18095555
18272097
18449496
18627752
18806865
18986835
19167662
19349346
19531887
19715285
19899540
20084652
20270621
20457447
20645130
20833670
21023067
21213321
21404432
21596400
21789225
21982907
22177446
22372842
22569095
22766205
22964172
23162996
23362677
23563215
23764610
23966862
24169971
24373937
24578760
24784440
24990977
25198371
25406622
25615730
25825695
26036517
26248196
26460732
26674125
26888375
27103482
27319446
27536267
27753945
27972480
28191872
28412121
28633227
28855190
29078010
29301687
29526221
29751612
29977860
30204965
30432927
30661746
30891422
31121955
31353345
31585592
31818696
32052657
32287475
32523150
32759682
32997071
33235317
33474420
33714380
33955197
34196871
34439402
34682790
34927035
35172137
35418096
35664912
35912585
36161115
36410502
36660746
36911847
37163805
37416620
37670292
37924821
38180207
38436450
38693550
38951507
39210321
39469992
39730520
39991905
40254147
40517246
40781202
41046015
41311685
41578212
41845596
42113837
42382935
42652890
42923702
43195371
43467897
43741280
44015520
44290617
44566571
44843382
45121050
45399575
45678957
45959196
46240292
46522245
46805055
47088722
47373246
47658627
47944865
48231960
48519912
48808721
49098387
49388910
49680290
49972527
50265621
50559572
50854380
51150045
51446567
51743946
52042182
52341275
52641225
52942032
53243696
53546217
53849595
54153830
54458922
54764871
55071677
55379340
55687860
55997237
56307471
56618562
56930510
57243315
57556977
57871496
58186872
58503105
58820195
59138142
59456946
59776607
60097125
60418500
60740732
61063821
61387767
61712570
62038230
62364747
62692121
63020352
63349440
63679385
64010187
64341846
64674362
65007735
65341965
65677052
66012996
66349797
66687455
67025970
67365342
67705571
68046657
68388600
68731400
69075057
69419571
69764942
70111170
70458255
70806197
71154996
71504652
71855165
72206535
72558762
72911846
73265787
73620585
73976240
74332752
74690121
75048347
75407430
75767370
76128167
76489821
76852332
77215700
77579925
77945007
78310946
78677742
79045395
79413905
79783272
80153496
80524577
80896515
81269310
81642962
82017471
82392837
82769060
83146140
83524077
83902871
84282522
84663030
85044395
85426617
85809696
86193632
86578425
86964075
87350582
87737946
88126167
88515245
88905180
89295972
89687621
90080127
90473490
90867710
91262787
91658721
92055512
92453160
92851665
93251027
93651246
94052322
94454255
94857045
95260692
95665196
96070557
96476775
96883850
97291782
97700571
98110217
98520720
98932080
99344297
99757371
100171302
100586090
101001735
101418237
101835596
102253812
102672885
103092815
103513602
103935246
104357747
104781105
105205320
105630392
106056321
106483107
106910750
107339250
107768607
108198821
108629892
109061820
109494605
109928247
110362746
110798102
111234315
111671385
112109312
112548096
112987737
113428235
113869590
114311802
114754871
115198797
115643580
116089220
116535717
116983071
117431282
117880350
118330275
118781057
119232696
119685192
120138545
120592755
121047822
121503746
121960527
122418165
122876660
123336012
123796221
124257287
124719210
125181990
125645627
126110121
126575472
127041680
127508745
127976667
128445446
128915082
129385575
129856925
130329132
130802196
131276117
131750895
132226530
132703022
133180371
133658577
134137640
134617560
135098337
135579971
136062462
136545810
137030015
137515077
138000996
138487772
138975405
139463895
139953242
140443446
140934507
141426425
141919200
142412832
142907321
143402667
143898870
144395930
144893847
145392621
145892252
146392740
146894085
147396287
147899346
148403262
148908035
149413665
149920152
150427496
150935697
151444755
151954670
152465442
152977071
153489557
154002900
154517100
155032157
155548071
156064842
156582470
157100955
157620297
158140496
158661552
159183465
159706235
160229862
160754346
161279687
161805885
162332940
162860852
163389621
163919247
164449730
164981070
165513267
166046321
166580232
167115000
167650625
168187107
168724446
169262642
169801695
170341605
170882372
171423996
171966477
172509815
173054010
173599062
174144971
174691737
175239360
175787840
176337177
176887371
177438422
177990330
178543095
179096717
179651196
180206532
180762725
181319775
181877682
182436446
182996067
183556545
184117880
184680072
185243121
185807027
186371790
186937410
187503887
188071221
188639412
189208460
189778365
190349127
190920746
191493222
192066555
192640745
193215792
193791696
194368457
194946075
195524550
196103882
196684071
197265117
197847020
198429780
199013397
199597871
200183202
200769390
201356435
201944337
202533096
203122712
203713185
204304515
204896702
205489746
206083647
206678405
207274020
207870492
208467821
209066007
209665050
210264950
210865707
211467321
212069792
212673120
213277305
213882347
214488246
215095002
215702615
216311085
216920412
217530596
218141637
218753535
219366290
219979902
220594371
221209697
221825880
222442920
223060817
223679571
224299182
224919650
225540975
226163157
226786196
227410092
228034845
228660455
229286922
229914246
230542427
231171465
231801360
232432112
233063721
233696187
234329510
234963690
235598727
236234621
236871372
237508980
238147445
238786767
239426946
240067982
240709875
241352625
241996232
242640696
243286017
243932195
244579230
245227122
245875871
246525477
247175940
247827260
248479437
249132471
249786362
250441110
251096715
251753177
252410496
253068672
253727705
254387595
255048342
255709946
256372407
257035725
257699900
258364932
259030821
259697567
260365170
261033630
261702947
262373121
263044152
263716040
264388785
265062387
265736846
266412162
267088335
267765365
268443252
269121996
269801597
270482055
271163370
271845542
272528571
273212457
273897200
274582800
275269257
275956571
276644742
277333770
278023655
278714397
279405996
280098452
280791765
281485935
282180962
282876846
283573587
284271185
284969640
285668952
286369121
287070147
287772030
288474770
289178367
289882821
290588132
291294300
292001325
292709207
293417946
294127542
294837995
295549305
296261472
296974496
297688377
298403115
299118710
299835162
300552471
301270637
301989660
302709540
303430277
304151871
304874322
305597630
306321795
307046817
307772696
308499432
309227025
309955475
310684782
311414946
312145967
312877845
313610580
314344172
315078621
858
2574
5148
8580
12870
18018
24024
30888
38610
47190
56628
66924
78078
90090
102960
116688
131274
146718
163020
180180
198198
217074
236808
257400
278850
301158
324324
348348
373230
398970
425568
453024
481338
510510
540540
571428
603174
635778
669240
703560
738738
774774
811668
849420
888030
927498
967824
1009008
1051050
1093950
1137708
1182324
1227798
1274130
1321320
1369368
1418274
1468038
1518660
1570140
1622478
1675674
1729728
1784640
1840410
1897038
1954524
2012868
2072070
2132130
2193048
2254824
2317458
2380950
2445300
2510508
2576574
2643498
2711280
2779920
2849418
2919774
2990988
3063060
3135990
3209778
3284424
3359928
3436290
3513510
3591588
3670524
3750318
3830970
3912480
3994848
4078074
4162158
4247100
4332900
4419558
4507074
4595448
4684680
4774770
4865718
4957524
5050188
5143710
5238090
5333328
5429424
5526378
5624190
5722860
5822388
5922774
6024018
6126120
6229080
6332898
6437574
6543108
6649500
6756750
6864858
6973824
7083648
7194330
7305870
7418268
7531524
7645638
7760610
7876440
7993128
8110674
8229078
8348340
8468460
8589438
8711274
8833968
8957520
9081930
9207198
9333324
9460308
9588150
9716850
9846408
9976824
10108098
10240230
10373220
10507068
10641774
10777338
10913760
11051040
11189178
11328174
11468028
11608740
11750310
11892738
12036024
12180168
12325170
12471030
12617748
12765324
12913758
13063050
13213200
13364208
13516074
13668798
13822380
13976820
14132118
14288274
14445288
14603160
14761890
14921478
15081924
15243228
15405390
15568410
15732288
15897024
16062618
16229070
16396380
16564548
16733574
16903458
17074200
17245800
17418258
17591574
17765748
17940780
18116670
18293418
18471024
18649488
18828810
19008990
19190028
19371924
19554678
19738290
19922760
20108088
20294274
20481318
20669220
20857980
21047598
21238074
21429408
21621600
21814650
22008558
22203324
22398948
22595430
22792770
22990968
23190024
23389938
23590710
23792340
23994828
24198174
24402378
24607440
24813360
25020138
25227774
25436268
25645620
25855830
26066898
26278824
26491608
26705250
26919750
27135108
27351324
27568398
27786330
28005120
28224768
28445274
28666638
28888860
29111940
29335878
29560674
29786328
30012840
30240210
30468438
30697524
30927468
31158270
31389930
31622448
31855824
32090058
32325150
32561100
32797908
33035574
33274098
33513480
33753720
33994818
34236774
34479588
34723260
34967790
35213178
35459424
35706528
35954490
36203310
36452988
36703524
36954918
37207170
37460280
37714248
37969074
38224758
38481300
38738700
38996958
39256074
39516048
39776880
40038570
40301118
40564524
40828788
41093910
41359890
41626728
41894424
42162978
42432390
42702660
42973788
43245774
43518618
43792320
44066880
44342298
44618574
44895708
45173700
45452550
45732258
46012824
46294248
46576530
46859670
47143668
47428524
47714238
48000810
48288240
48576528
48865674
49155678
49446540
49738260
50030838
50324274
50618568
50913720
51209730
51506598
51804324
52102908
52402350
52702650
53003808
53305824
53608698
53912430
54217020
54522468
54828774
55135938
55443960
55752840
56062578
56373174
56684628
56996940
57310110
57624138
57939024
58254768
58571370
58888830
59207148
59526324
59846358
60167250
60489000
60811608
61135074
61459398
61784580
62110620
62437518
62765274
63093888
63423360
63753690
64084878
64416924
64749828
65083590
65418210
65753688
66090024
66427218
66765270
67104180
67443948
67784574
68126058
68468400
68811600
69155658
69500574
69846348
70192980
70540470
70888818
71238024
71588088
71939010
72290790
72643428
72996924
73351278
73706490
74062560
74419488
74777274
75135918
75495420
75855780
76216998
76579074
76942008
77305800
77670450
78035958
78402324
78769548
79137630
79506570
79876368
80247024
80618538
80990910
81364140
81738228
82113174
82488978
82865640
83243160
83621538
84000774
84380868
84761820
85143630
85526298
85909824
86294208
86679450
87065550
87452508
87840324
88228998
88618530
89008920
89400168
89792274
90185238
90579060
90973740
91369278
91765674
92162928
92561040
92960010
93359838
93760524
94162068
94564470
94967730
95371848
95776824
96182658
96589350
96996900
97405308
97814574
98224698
98635680
99047520
99460218
99873774
100288188
100703460
101119590
101536578
101954424
102373128
102792690
103213110
103634388
104056524
104479518
104903370
105328080
105753648
106180074
106607358
107035500
107464500
107894358
108325074
108756648
109189080
109622370
110056518
110491524
110927388
111364110
111801690
112240128
112679424
113119578
113560590
114002460
114445188
114888774
115333218
115778520
116224680
116671698
117119574
117568308
118017900
118468350
118919658
119371824
119824848
120278730
120733470
121189068
121645524
122102838
122561010
123020040
123479928
123940674
124402278
124864740
125328060
125792238
126257274
126723168
127189920
127657530
128125998
128595324
129065508
129536550
130008450
130481208
130954824
131429298
131904630
132380820
132857868
133335774
133814538
134294160
134774640
135255978
135738174
136221228
136705140
137189910
137675538
138162024
138649368
139137570
139626630
140116548
140607324
141098958
141591450
142084800
142579008
143074074
143569998
144066780
144564420
145062918
145562274
146062488
146563560
147065490
147568278
148071924
148576428
149081790
149588010
150095088
150603024
151111818
151621470
152131980
152643348
153155574
153668658
154182600
154697400
155213058
155729574
156246948
156765180
157284270
157804218
158325024
158846688
159369210
159892590
160416828
160941924
161467878
161994690
162522360
163050888
163580274
164110518
164641620
165173580
165706398
166240074
166774608
167310000
167846250
168383358
168921324
169460148
169999830
170540370
171081768
171624024
172167138
172711110
173255940
173801628
174348174
174895578
175443840
175992960
176542938
177093774
177645468
178198020
178751430
179305698
179860824
180416808
180973650
181531350
182089908
182649324
183209598
183770730
184332720
184895568
185459274
186023838
186589260
187155540
187722678
188290674
188859528
189429240
189999810
190571238
191143524
191716668
192290670
192865530
193441248
194017824
194595258
195173550
195752700
196332708
196913574
197495298
198077880
198661320
199245618
199830774
200416788
201003660
201591390
202179978
202769424
203359728
203950890
204542910
205135788
205729524
206324118
206919570
207515880
208113048
208711074
209309958
209909700
210510300
211111758
211714074
212317248
212921280
213526170
214131918
214738524
215345988
215954310
216563490
217173528
217784424
218396178
219008790
219622260
220236588
220851774
221467818
222084720
222702480
223321098
223940574
224560908
225182100
225804150
226427058
227050824
227675448
228300930
228927270
229554468
230182524
230811438
231441210
232071840
232703328
233335674
233968878
234602940
235237860
235873638
236510274
237147768
237786120
238425330
239065398
239706324
240348108
240990750
241634250
242278608
242923824
243569898
244216830
244864620
245513268
246162774
246813138
247464360
248116440
248769378
249423174
250077828
250733340
251389710
252046938
252705024
253363968
254023770
254684430
255345948
256008324
256671558
257335650
258000600
258666408
259333074
260000598
260668980
261338220
262008318
262679274
263351088
264023760
264697290
265371678
266046924
266723028
267399990
268077810
268756488
269436024
270116418
270797670
271479780
272162748
272846574
273531258
274216800
274903200
275590458
276278574
276967548
277657380
278348070
279039618
279732024
280425288
281119410
281814390
282510228
283206924
283904478
284602890
285302160
286002288
286703274
287405118
288107820
288811380
289515798
290221074
290927208
291634200
292342050
293050758
293760324
294470748
295182030
295894170
296607168
297321024
298035738
298751310
299467740
300185028
300903174
301622178
302342040
303062760
303784338
304506774
305230068
305954220
306679230
307405098
308131824
308859408
309587850
310317150
311047308
311778324
312510198
313242930
313976520
314710968
315446274
316182438
631261059
