768
2304
4608
7680
11520
16128
21504
27648
34560
42240
50688
59904
69888
80640
92160
104448
117504
131328
145920
161280
177408
194304
211968
230400
249600
269568
290304
311808
334080
357120
380928
405504
430848
456960
483840
511488
539904
569088
599040
629760
661248
693504
726528
760320
794880
830208
866304
903168
940800
979200
1018368
1058304
1099008
1140480
1182720
1225728
1269504
1314048
1359360
1405440
1452288
1499904
1548288
1597440
1647360
1698048
1749504
1801728
1854720
1908480
1963008
2018304
2074368
2131200
2188800
2247168
2306304
2366208
2426880
2488320
2550528
2613504
2677248
2741760
2807040
2873088
2939904
3007488
3075840
3144960
3214848
3285504
3356928
3429120
3502080
3575808
3650304
3725568
3801600
3878400
3955968
4034304
4113408
4193280
4273920
4355328
4437504
4520448
4604160
4688640
4773888
4859904
4946688
5034240
5122560
5211648
5301504
5392128
5483520
5575680
5668608
5762304
5856768
5952000
6048000
6144768
6242304
6340608
6439680
6539520
6640128
6741504
6843648
6946560
7050240
7154688
7259904
7365888
7472640
7580160
7688448
7797504
7907328
8017920
8129280
8241408
8354304
8467968
8582400
8697600
8813568
8930304
9047808
9166080
9285120
9404928
9525504
9646848
9768960
9891840
10015488
10139904
10265088
10391040
10517760
10645248
10773504
10902528
11032320
11162880
11294208
11426304
11559168
11692800
11827200
11962368
12098304
12235008
12372480
12510720
12649728
12789504
12930048
13071360
13213440
13356288
13499904
13644288
13789440
13935360
14082048
14229504
14377728
14526720
14676480
14827008
14978304
15130368
15283200
15436800
15591168
15746304
15902208
16058880
16216320
16374528
16533504
16693248
16853760
17015040
17177088
17339904
17503488
17667840
17832960
17998848
18165504
18332928
18501120
18670080
18839808
19010304
19181568
19353600
19526400
19699968
19874304
20049408
20225280
20401920
20579328
20757504
20936448
21116160
21296640
21477888
21659904
21842688
22026240
22210560
22395648
22581504
22768128
22955520
23143680
23332608
23522304
23712768
23904000
24096000
24288768
24482304
24676608
24871680
25067520
25264128
25461504
25659648
25858560
26058240
26258688
26459904
26661888
26864640
27068160
27272448
27477504
27683328
27889920
28097280
28305408
28514304
28723968
28934400
29145600
29357568
29570304
29783808
29998080
30213120
30428928
30645504
30862848
31080960
31299840
31519488
31739904
31961088
32183040
32405760
32629248
32853504
33078528
33304320
33530880
33758208
33986304
34215168
34444800
34675200
34906368
35138304
35371008
35604480
35838720
36073728
36309504
36546048
36783360
37021440
37260288
37499904
37740288
37981440
38223360
38466048
38709504
38953728
39198720
39444480
39691008
39938304
40186368
40435200
40684800
40935168
41186304
41438208
41690880
41944320
42198528
42453504
42709248
42965760
43223040
43481088
43739904
43999488
44259840
44520960
44782848
45045504
45308928
45573120
45838080
46103808
46370304
46637568
46905600
47174400
47443968
47714304
47985408
48257280
48529920
48803328
49077504
49352448
49628160
49904640
50181888
50459904
50738688
51018240
51298560
51579648
51861504
52144128
52427520
52711680
52996608
53282304
53568768
53856000
54144000
54432768
54722304
55012608
55303680
55595520
55888128
56181504
56475648
56770560
57066240
57362688
57659904
57957888
58256640
58556160
58856448
59157504
59459328
59761920
60065280
60369408
60674304
60979968
61286400
61593600
61901568
62210304
62519808
62830080
63141120
63452928
63765504
64078848
64392960
64707840
65023488
65339904
65657088
65975040
66293760
66613248
66933504
67254528
67576320
67898880
68222208
68546304
68871168
69196800
69523200
69850368
70178304
70507008
70836480
71166720
71497728
71829504
72162048
72495360
72829440
73164288
73499904
73836288
74173440
74511360
74850048
75189504
75529728
75870720
76212480
76555008
76898304
77242368
77587200
77932800
78279168
78626304
78974208
79322880
79672320
80022528
80373504
80725248
81077760
81431040
81785088
82139904
82495488
82851840
83208960
83566848
83925504
84284928
84645120
85006080
85367808
85730304
86093568
86457600
86822400
87187968
87554304
87921408
88289280
88657920
89027328
89397504
89768448
90140160
90512640
90885888
91259904
91634688
92010240
92386560
92763648
93141504
93520128
93899520
94279680
94660608
95042304
95424768
95808000
96192000
96576768
96962304
97348608
97735680
98123520
98512128
98901504
99291648
99682560
100074240
100466688
100859904
101253888
101648640
102044160
102440448
102837504
103235328
103633920
104033280
104433408
104834304
105235968
105638400
106041600
106445568
106850304
107255808
107662080
108069120
108476928
108885504
109294848
109704960
110115840
110527488
110939904
111353088
111767040
112181760
112597248
113013504
113430528
113848320
114266880
114686208
115106304
115527168
115948800
116371200
116794368
117218304
117643008
118068480
118494720
118921728
119349504
119778048
120207360
120637440
121068288
121499904
121932288
122365440
122799360
123234048
123669504
124105728
124542720
124980480
125419008
125858304
126298368
126739200
127180800
127623168
128066304
128510208
128954880
129400320
129846528
130293504
130741248
131189760
131639040
132089088
132539904
132991488
133443840
133896960
134350848
134805504
135260928
135717120
136174080
136631808
137090304
137549568
138009600
138470400
138931968
139394304
139857408
140321280
140785920
141251328
141717504
142184448
142652160
143120640
143589888
144059904
144530688
145002240
145474560
145947648
146421504
146896128
147371520
147847680
148324608
148802304
149280768
149760000
150240000
150720768
151202304
151684608
152167680
152651520
153136128
153621504
154107648
154594560
155082240
155570688
156059904
156549888
157040640
157532160
158024448
158517504
159011328
159505920
160001280
160497408
160994304
161491968
161990400
162489600
162989568
163490304
163991808
164494080
164997120
165500928
166005504
166510848
167016960
167523840
168031488
168539904
169049088
169559040
170069760
170581248
171093504
171606528
172120320
172634880
173150208
173666304
174183168
174700800
175219200
175738368
176258304
176779008
177300480
177822720
178345728
178869504
179394048
179919360
180445440
180972288
181499904
182028288
182557440
183087360
183618048
184149504
184681728
185214720
185748480
186283008
186818304
187354368
187891200
188428800
188967168
189506304
190046208
190586880
191128320
191670528
192213504
192757248
193301760
193847040
194393088
194939904
195487488
196035840
196584960
197134848
197685504
198236928
198789120
199342080
199895808
200450304
201005568
201561600
202118400
202675968
203234304
203793408
204353280
204913920
205475328
206037504
206600448
207164160
207728640
208293888
208859904
209426688
209994240
210562560
211131648
211701504
212272128
212843520
213415680
213988608
214562304
215136768
215712000
216288000
216864768
217442304
218020608
218599680
219179520
219760128
220341504
220923648
221506560
222090240
222674688
223259904
223845888
224432640
225020160
225608448
226197504
226787328
768
2304
4608
7680
11520
16128
21504
27648
34560
42240
50688
59904
69888
80640
92160
104448
117504
131328
145920
161280
177408
194304
211968
230400
249600
269568
290304
311808
334080
357120
380928
405504
430848
456960
483840
511488
539904
569088
599040
629760
661248
693504
726528
760320
794880
830208
866304
903168
940800
979200
1018368
1058304
1099008
1140480
1182720
1225728
1269504
1314048
1359360
1405440
1452288
1499904
1548288
1597440
1647360
1698048
1749504
1801728
1854720
1908480
1963008
2018304
2074368
2131200
2188800
2247168
2306304
2366208
2426880
2488320
2550528
2613504
2677248
2741760
2807040
2873088
2939904
3007488
3075840
3144960
3214848
3285504
3356928
3429120
3502080
3575808
3650304
3725568
3801600
3878400
3955968
4034304
4113408
4193280
4273920
4355328
4437504
4520448
4604160
4688640
4773888
4859904
4946688
5034240
5122560
5211648
5301504
5392128
5483520
5575680
5668608
5762304
5856768
5952000
6048000
6144768
6242304
6340608
6439680
6539520
6640128
6741504
6843648
6946560
7050240
7154688
7259904
7365888
7472640
7580160
7688448
7797504
7907328
8017920
8129280
8241408
8354304
8467968
8582400
8697600
8813568
8930304
9047808
9166080
9285120
9404928
9525504
9646848
9768960
9891840
10015488
10139904
10265088
10391040
10517760
10645248
10773504
10902528
11032320
11162880
11294208
11426304
11559168
11692800
11827200
11962368
12098304
12235008
12372480
12510720
12649728
12789504
12930048
13071360
13213440
13356288
13499904
13644288
13789440
13935360
14082048
14229504
14377728
14526720
14676480
14827008
14978304
15130368
15283200
15436800
15591168
15746304
15902208
16058880
16216320
16374528
16533504
16693248
16853760
17015040
17177088
17339904
17503488
17667840
17832960
17998848
18165504
18332928
18501120
18670080
18839808
19010304
19181568
19353600
19526400
19699968
19874304
20049408
20225280
20401920
20579328
20757504
20936448
21116160
21296640
21477888
21659904
21842688
22026240
22210560
22395648
22581504
22768128
22955520
23143680
23332608
23522304
23712768
23904000
24096000
24288768
24482304
24676608
24871680
25067520
25264128
25461504
25659648
25858560
26058240
26258688
26459904
26661888
26864640
27068160
27272448
27477504
27683328
27889920
28097280
28305408
28514304
28723968
28934400
29145600
29357568
29570304
29783808
29998080
30213120
30428928
30645504
30862848
31080960
31299840
31519488
31739904
31961088
32183040
32405760
32629248
32853504
33078528
33304320
33530880
33758208
33986304
34215168
34444800
34675200
34906368
35138304
35371008
35604480
35838720
36073728
36309504
36546048
36783360
37021440
37260288
37499904
37740288
37981440
38223360
38466048
38709504
38953728
39198720
39444480
39691008
39938304
40186368
40435200
40684800
40935168
41186304
41438208
41690880
41944320
42198528
42453504
42709248
42965760
43223040
43481088
43739904
43999488
44259840
44520960
44782848
45045504
45308928
45573120
45838080
46103808
46370304
46637568
46905600
47174400
47443968
47714304
47985408
48257280
48529920
48803328
49077504
49352448
49628160
49904640
50181888
50459904
50738688
51018240
51298560
51579648
51861504
52144128
52427520
52711680
52996608
53282304
53568768
53856000
54144000
54432768
54722304
55012608
55303680
55595520
55888128
56181504
56475648
56770560
57066240
57362688
57659904
57957888
58256640
58556160
58856448
59157504
59459328
59761920
60065280
60369408
60674304
60979968
61286400
61593600
61901568
62210304
62519808
62830080
63141120
63452928
63765504
64078848
64392960
64707840
65023488
65339904
65657088
65975040
66293760
66613248
66933504
67254528
67576320
67898880
68222208
68546304
68871168
69196800
69523200
69850368
70178304
70507008
70836480
71166720
71497728
71829504
72162048
72495360
72829440
73164288
73499904
73836288
74173440
74511360
74850048
75189504
75529728
75870720
76212480
76555008
76898304
77242368
77587200
77932800
78279168
78626304
78974208
79322880
79672320
80022528
80373504
80725248
81077760
81431040
81785088
82139904
82495488
82851840
83208960
83566848
83925504
84284928
84645120
85006080
85367808
85730304
86093568
86457600
86822400
87187968
87554304
87921408
88289280
88657920
89027328
89397504
89768448
90140160
90512640
90885888
91259904
91634688
92010240
92386560
92763648
93141504
93520128
93899520
94279680
94660608
95042304
95424768
95808000
96192000
96576768
96962304
97348608
97735680
98123520
98512128
98901504
99291648
99682560
100074240
100466688
100859904
101253888
101648640
102044160
102440448
102837504
103235328
103633920
104033280
104433408
104834304
105235968
105638400
106041600
106445568
106850304
107255808
107662080
108069120
108476928
108885504
109294848
109704960
110115840
110527488
110939904
111353088
111767040
112181760
112597248
113013504
113430528
113848320
114266880
114686208
115106304
115527168
115948800
116371200
116794368
117218304
117643008
118068480
118494720
118921728
119349504
119778048
120207360
120637440
121068288
121499904
121932288
122365440
122799360
123234048
123669504
124105728
124542720
124980480
125419008
125858304
126298368
126739200
127180800
127623168
128066304
128510208
128954880
129400320
129846528
130293504
130741248
131189760
131639040
132089088
132539904
132991488
133443840
133896960
134350848
134805504
135260928
135717120
136174080
136631808
137090304
137549568
138009600
138470400
138931968
139394304
139857408
140321280
140785920
141251328
141717504
142184448
142652160
143120640
143589888
144059904
144530688
145002240
145474560
145947648
146421504
146896128
147371520
147847680
148324608
148802304
149280768
149760000
150240000
150720768
151202304
151684608
152167680
152651520
153136128
153621504
154107648
154594560
155082240
155570688
156059904
156549888
157040640
157532160
158024448
158517504
159011328
159505920
160001280
160497408
160994304
161491968
161990400
162489600
162989568
163490304
163991808
164494080
164997120
165500928
166005504
166510848
167016960
167523840
168031488
168539904
169049088
169559040
170069760
170581248
171093504
171606528
172120320
172634880
173150208
173666304
174183168
174700800
175219200
175738368
176258304
176779008
177300480
177822720
178345728
178869504
179394048
179919360
180445440
180972288
181499904
182028288
182557440
183087360
183618048
184149504
184681728
185214720
185748480
186283008
186818304
187354368
187891200
188428800
188967168
189506304
190046208
190586880
191128320
191670528
192213504
192757248
193301760
193847040
194393088
194939904
195487488
196035840
196584960
197134848
197685504
198236928
198789120
199342080
199895808
200450304
201005568
201561600
202118400
202675968
203234304
203793408
204353280
204913920
205475328
206037504
206600448
207164160
207728640
208293888
208859904
209426688
209994240
210562560
211131648
211701504
212272128
212843520
213415680
213988608
214562304
215136768
215712000
216288000
216864768
217442304
218020608
218599680
219179520
219760128
220341504
220923648
221506560
222090240
222674688
223259904
223845888
224432640
225020160
225608448
226197504
226787328
453574656
