442
1326
2652
4420
6630
9282
12376
15912
19890
24310
29172
34476
40222
46410
53040
60112
67626
75582
83980
92820
102102
111826
121992
132600
143650
155142
167076
179452
192270
205530
219232
233376
247962
262990
278460
294372
310726
327522
344760
362440
380562
399126
418132
437580
457470
477802
498576
519792
541450
563550
586092
609076
632502
656370
680680
705432
730626
756262
782340
808860
835822
863226
891072
919360
948090
977262
1006876
1036932
1067430
1098370
1129752
1161576
1193842
1226550
1259700
1293292
1327326
1361802
1396720
1432080
1467882
1504126
1540812
1577940
1615510
1653522
1691976
1730872
1770210
1809990
1850212
1890876
1931982
1973530
2015520
2057952
2100826
2144142
2187900
2232100
2276742
2321826
2367352
2413320
2459730
2506582
2553876
2601612
2649790
2698410
2747472
2796976
2846922
2897310
2948140
2999412
3051126
3103282
3155880
3208920
3262402
3316326
3370692
3425500
3480750
3536442
3592576
3649152
3706170
3763630
3821532
3879876
3938662
3997890
4057560
4117672
4178226
4239222
4300660
4362540
4424862
4487626
4550832
4614480
4678570
4743102
4808076
4873492
4939350
5005650
5072392
5139576
5207202
5275270
5343780
5412732
5482126
5551962
5622240
5692960
5764122
5835726
5907772
5980260
6053190
6126562
6200376
6274632
6349330
6424470
6500052
6576076
6652542
6729450
6806800
6884592
6962826
7041502
7120620
7200180
7280182
7360626
7441512
7522840
7604610
7686822
7769476
7852572
7936110
8020090
8104512
8189376
8274682
8360430
8446620
8533252
8620326
8707842
8795800
8884200
8973042
9062326
9152052
9242220
9332830
9423882
9515376
9607312
9699690
9792510
9885772
9979476
10073622
10168210
10263240
10358712
10454626
10550982
10647780
10745020
10842702
10940826
11039392
11138400
11237850
11337742
11438076
11538852
11640070
11741730
11843832
11946376
12049362
12152790
12256660
12360972
12465726
12570922
12676560
12782640
12889162
12996126
13103532
13211380
13319670
13428402
13537576
13647192
13757250
13867750
13978692
14090076
14201902
14314170
14426880
14540032
14653626
14767662
14882140
14997060
15112422
15228226
15344472
15461160
15578290
15695862
15813876
15932332
16051230
16170570
16290352
16410576
16531242
16652350
16773900
16895892
17018326
17141202
17264520
17388280
17512482
17637126
17762212
17887740
18013710
18140122
18266976
18394272
18522010
18650190
18778812
18907876
19037382
19167330
19297720
19428552
19559826
19691542
19823700
19956300
20089342
20222826
20356752
20491120
20625930
20761182
20896876
21033012
21169590
21306610
21444072
21581976
21720322
21859110
21998340
22138012
22278126
22418682
22559680
22701120
22843002
22985326
23128092
23271300
23414950
23559042
23703576
23848552
23993970
24139830
24286132
24432876
24580062
24727690
24875760
25024272
25173226
25322622
25472460
25622740
25773462
25924626
26076232
26228280
26380770
26533702
26687076
26840892
26995150
27149850
27304992
27460576
27616602
27773070
27929980
28087332
28245126
28403362
28562040
28721160
28880722
29040726
29201172
29362060
29523390
29685162
29847376
30010032
30173130
30336670
30500652
30665076
30829942
30995250
31161000
31327192
31493826
31660902
31828420
31996380
32164782
32333626
32502912
32672640
32842810
33013422
33184476
33355972
33527910
33700290
33873112
34046376
34220082
34394230
34568820
34743852
34919326
35095242
35271600
35448400
35625642
35803326
35981452
36160020
36339030
36518482
36698376
36878712
37059490
37240710
37422372
37604476
37787022
37970010
38153440
38337312
38521626
38706382
38891580
39077220
39263302
39449826
39636792
39824200
40012050
40200342
40389076
40578252
40767870
40957930
41148432
41339376
41530762
41722590
41914860
42107572
42300726
42494322
42688360
42882840
43077762
43273126
442
1326
2652
4420
6630
9282
12376
15912
19890
24310
29172
34476
40222
46410
53040
60112
67626
75582
83980
92820
102102
111826
121992
132600
143650
155142
167076
179452
192270
205530
219232
233376
247962
262990
278460
294372
310726
327522
344760
362440
380562
399126
418132
437580
457470
477802
498576
519792
541450
563550
586092
609076
632502
656370
680680
705432
730626
756262
782340
808860
835822
863226
891072
919360
948090
977262
1006876
1036932
1067430
1098370
1129752
1161576
1193842
1226550
1259700
1293292
1327326
1361802
1396720
1432080
1467882
1504126
1540812
1577940
1615510
1653522
1691976
1730872
1770210
1809990
1850212
1890876
1931982
1973530
2015520
2057952
2100826
2144142
2187900
2232100
2276742
2321826
2367352
2413320
2459730
2506582
2553876
2601612
2649790
2698410
2747472
2796976
2846922
2897310
2948140
2999412
3051126
3103282
3155880
3208920
3262402
3316326
3370692
3425500
3480750
3536442
3592576
3649152
3706170
3763630
3821532
3879876
3938662
3997890
4057560
4117672
4178226
4239222
4300660
4362540
4424862
4487626
4550832
4614480
4678570
4743102
4808076
4873492
4939350
5005650
5072392
5139576
5207202
5275270
5343780
5412732
5482126
5551962
5622240
5692960
5764122
5835726
5907772
5980260
6053190
6126562
6200376
6274632
6349330
6424470
6500052
6576076
6652542
6729450
6806800
6884592
6962826
7041502
7120620
7200180
7280182
7360626
7441512
7522840
7604610
7686822
7769476
7852572
7936110
8020090
8104512
8189376
8274682
8360430
8446620
8533252
8620326
8707842
8795800
8884200
8973042
9062326
9152052
9242220
9332830
9423882
9515376
9607312
9699690
9792510
9885772
9979476
10073622
10168210
10263240
10358712
10454626
10550982
10647780
10745020
10842702
10940826
11039392
11138400
11237850
11337742
11438076
11538852
11640070
11741730
11843832
11946376
12049362
12152790
12256660
12360972
12465726
12570922
12676560
12782640
12889162
12996126
13103532
13211380
13319670
13428402
13537576
13647192
13757250
13867750
13978692
14090076
14201902
14314170
14426880
14540032
14653626
14767662
14882140
14997060
15112422
15228226
15344472
15461160
15578290
15695862
15813876
15932332
16051230
16170570
16290352
16410576
16531242
16652350
16773900
16895892
17018326
17141202
17264520
17388280
17512482
17637126
17762212
17887740
18013710
18140122
18266976
18394272
18522010
18650190
18778812
18907876
19037382
19167330
19297720
19428552
19559826
19691542
19823700
19956300
20089342
20222826
20356752
20491120
20625930
20761182
20896876
21033012
21169590
21306610
21444072
21581976
21720322
21859110
21998340
22138012
22278126
22418682
22559680
22701120
22843002
22985326
23128092
23271300
23414950
23559042
23703576
23848552
23993970
24139830
24286132
24432876
24580062
24727690
24875760
25024272
25173226
25322622
25472460
25622740
25773462
25924626
26076232
26228280
26380770
26533702
26687076
26840892
26995150
27149850
27304992
27460576
27616602
27773070
27929980
28087332
28245126
28403362
28562040
28721160
28880722
29040726
29201172
29362060
29523390
29685162
29847376
30010032
30173130
30336670
30500652
30665076
30829942
30995250
31161000
31327192
31493826
31660902
31828420
31996380
32164782
32333626
32502912
32672640
32842810
33013422
33184476
33355972
33527910
33700290
33873112
34046376
34220082
34394230
34568820
34743852
34919326
35095242
35271600
35448400
35625642
35803326
35981452
36160020
36339030
36518482
36698376
36878712
37059490
37240710
37422372
37604476
37787022
37970010
38153440
38337312
38521626
38706382
38891580
39077220
39263302
39449826
39636792
39824200
40012050
40200342
40389076
40578252
40767870
40957930
41148432
41339376
41530762
41722590
41914860
42107572
42300726
42494322
42688360
42882840
43077762
43273126
86546252
