922
2766
5532
9220
13830
19362
25816
33192
41490
50710
60852
71916
83902
96810
110640
125392
141066
157662
175180
193620
212982
233266
254472
276600
299650
323622
348516
374332
401070
428730
457312
486816
517242
548590
580860
614052
648166
683202
719160
756040
793842
832566
872212
912780
954270
996682
1040016
1084272
1129450
1175550
1222572
1270516
1319382
1369170
1419880
1471512
1524066
1577542
1631940
1687260
1743502
1800666
1858752
1917760
1977690
2038542
2100316
2163012
2226630
2291170
2356632
2423016
2490322
2558550
2627700
2697772
2768766
2840682
2913520
2987280
3061962
3137566
3214092
3291540
3369910
3449202
3529416
3610552
3692610
3775590
3859492
3944316
4030062
4116730
4204320
4292832
4382266
4472622
4563900
4656100
4749222
4843266
4938232
5034120
5130930
5228662
5327316
5426892
5527390
5628810
5731152
5834416
5938602
6043710
6149740
6256692
6364566
6473362
6583080
6693720
6805282
6917766
7031172
7145500
7260750
7376922
7494016
7612032
7730970
7850830
7971612
8093316
8215942
8339490
8463960
8589352
8715666
8842902
8971060
9100140
9230142
9361066
9492912
9625680
9759370
9893982
10029516
10165972
10303350
10441650
10580872
10721016
10862082
11004070
11146980
11290812
11435566
11581242
11727840
11875360
12023802
12173166
12323452
12474660
12626790
12779842
12933816
13088712
13244530
13401270
13558932
13717516
13877022
14037450
14198800
14361072
14524266
14688382
14853420
15019380
15186262
15354066
15522792
15692440
15863010
16034502
16206916
16380252
16554510
16729690
16905792
17082816
17260762
17439630
17619420
17800132
17981766
18164322
18347800
18532200
18717522
18903766
19090932
19279020
19468030
19657962
19848816
20040592
20233290
20426910
20621452
20816916
21013302
21210610
21408840
21607992
21808066
22009062
22210980
22413820
22617582
22822266
23027872
23234400
23441850
23650222
23859516
24069732
24280870
24492930
24705912
24919816
25134642
25350390
25567060
25784652
26003166
26222602
26442960
26664240
26886442
27109566
27333612
27558580
27784470
28011282
28239016
28467672
28697250
28927750
29159172
29391516
29624782
29858970
30094080
30330112
30567066
30804942
31043740
31283460
31524102
31765666
32008152
32251560
32495890
32741142
32987316
33234412
33482430
33731370
33981232
34232016
34483722
34736350
34989900
35244372
35499766
35756082
36013320
36271480
36530562
36790566
37051492
37313340
37576110
37839802
38104416
38369952
38636410
38903790
39172092
39441316
39711462
39982530
40254520
40527432
40801266
41076022
41351700
41628300
41905822
42184266
42463632
42743920
43025130
43307262
43590316
43874292
44159190
44445010
44731752
45019416
45308002
45597510
45887940
46179292
46471566
46764762
47058880
47353920
47649882
47946766
48244572
48543300
48842950
49143522
49445016
49747432
50050770
50355030
50660212
50966316
51273342
51581290
51890160
52199952
52510666
52822302
53134860
53448340
53762742
54078066
54394312
54711480
55029570
55348582
55668516
55989372
56311150
56633850
56957472
57282016
57607482
57933870
58261180
58589412
58918566
59248642
59579640
59911560
60244402
60578166
60912852
61248460
61584990
61922442
62260816
62600112
62940330
63281470
63623532
63966516
64310422
64655250
65001000
65347672
65695266
66043782
66393220
66743580
67094862
67447066
67800192
68154240
68509210
68865102
69221916
69579652
69938310
70297890
70658392
71019816
71382162
71745430
72109620
72474732
72840766
73207722
73575600
73944400
74314122
74684766
75056332
75428820
75802230
76176562
76551816
76927992
77305090
77683110
78062052
78441916
78822702
79204410
79587040
79970592
80355066
80740462
81126780
81514020
81902182
82291266
82681272
83072200
83464050
83856822
84250516
84645132
85040670
85437130
85834512
86232816
86632042
87032190
87433260
87835252
88238166
88642002
89046760
89452440
89859042
90266566
90675012
91084380
91494670
91905882
92318016
92731072
93145050
93559950
93975772
94392516
94810182
95228770
95648280
96068712
96490066
96912342
97335540
97759660
98184702
98610666
99037552
99465360
99894090
100323742
100754316
101185812
101618230
102051570
102485832
102921016
103357122
103794150
104232100
104670972
105110766
105551482
105993120
106435680
106879162
107323566
107768892
108215140
108662310
109110402
109559416
110009352
110460210
110911990
111364692
111818316
112272862
112728330
113184720
113642032
114100266
114559422
115019500
115480500
115942422
116405266
116869032
117333720
117799330
118265862
118733316
119201692
119670990
120141210
120612352
121084416
121557402
122031310
122506140
122981892
123458566
123936162
124414680
124894120
125374482
125855766
126337972
126821100
127305150
127790122
128276016
128762832
129250570
129739230
130228812
130719316
131210742
131703090
132196360
132690552
133185666
133681702
134178660
134676540
135175342
135675066
136175712
136677280
137179770
137683182
138187516
138692772
139198950
139706050
140214072
140723016
141232882
141743670
142255380
142768012
143281566
143796042
144311440
144827760
145345002
145863166
146382252
146902260
147423190
147945042
148467816
148991512
149516130
150041670
150568132
151095516
151623822
152153050
152683200
153214272
153746266
154279182
154813020
155347780
155883462
156420066
156957592
157496040
158035410
158575702
159116916
159659052
160202110
160746090
161290992
161836816
162383562
162931230
163479820
164029332
164579766
165131122
165683400
166236600
166790722
167345766
167901732
168458620
169016430
169575162
170134816
170695392
171256890
171819310
172382652
172946916
173512102
174078210
174645240
175213192
175782066
176351862
176922580
177494220
178066782
178640266
179214672
179790000
180366250
180943422
181521516
182100532
182680470
183261330
183843112
184425816
185009442
185593990
186179460
186765852
187353166
187941402
188530560
189120640
189711642
190303566
190896412
191490180
192084870
192680482
193277016
193874472
194472850
195072150
195672372
196273516
196875582
197478570
198082480
198687312
199293066
199899742
200507340
201115860
201725302
202335666
202946952
203559160
204172290
204786342
205401316
206017212
206634030
207251770
207870432
208490016
209110522
209731950
210354300
210977572
211601766
212226882
212852920
213479880
214107762
214736566
215366292
215996940
216628510
217261002
217894416
218528752
219164010
219800190
220437292
221075316
221714262
222354130
222994920
223636632
224279266
224922822
225567300
226212700
226859022
227506266
228154432
228803520
229453530
230104462
230756316
231409092
232062790
232717410
233372952
234029416
234686802
235345110
236004340
236664492
237325566
237987562
238650480
239314320
239979082
240644766
241311372
241978900
242647350
243316722
243987016
244658232
245330370
246003430
246677412
247352316
248028142
248704890
249382560
250061152
250740666
251421102
252102460
252784740
253467942
254152066
254837112
255523080
256209970
256897782
257586516
258276172
258966750
259658250
260350672
261044016
261738282
262433470
263129580
263826612
264524566
265223442
265923240
266623960
267325602
268028166
268731652
269436060
270141390
270847642
271554816
272262912
272971930
273681870
274392732
275104516
275817222
276530850
277245400
277960872
278677266
279394582
280112820
280831980
281552062
282273066
282994992
283717840
284441610
285166302
285891916
286618452
287345910
288074290
288803592
289533816
290264962
290997030
291730020
292463932
293198766
293934522
294671200
295408800
296147322
296886766
297627132
298368420
299110630
299853762
300597816
301342792
302088690
302835510
303583252
304331916
305081502
305832010
306583440
307335792
308089066
308843262
309598380
310354420
311111382
311869266
312628072
313387800
314148450
314910022
315672516
316435932
317200270
317965530
318731712
319498816
320266842
321035790
321805660
322576452
323348166
324120802
324894360
325668840
326444242
327220566
327997812
328775980
329555070
330335082
331116016
331897872
332680650
333464350
334248972
335034516
335820982
336608370
337396680
338185912
338976066
339767142
340559140
341352060
342145902
342940666
343736352
344532960
345330490
346128942
346928316
347728612
348529830
349331970
350135032
350939016
351743922
352549750
353356500
354164172
354972766
355782282
356592720
357404080
358216362
359029566
359843692
360658740
361474710
362291602
363109416
363928152
364747810
365568390
366389892
367212316
368035662
368859930
369685120
370511232
371338266
372166222
372995100
373824900
374655622
375487266
376319832
377153320
377987730
378823062
379659316
380496492
381334590
382173610
383013552
383854416
384696202
385538910
386382540
387227092
388072566
388918962
389766280
390614520
391463682
392313766
922
2766
5532
9220
13830
19362
25816
33192
41490
50710
60852
71916
83902
96810
110640
125392
141066
157662
175180
193620
212982
233266
254472
276600
299650
323622
348516
374332
401070
428730
457312
486816
517242
548590
580860
614052
648166
683202
719160
756040
793842
832566
872212
912780
954270
996682
1040016
1084272
1129450
1175550
1222572
1270516
1319382
1369170
1419880
1471512
1524066
1577542
1631940
1687260
1743502
1800666
1858752
1917760
1977690
2038542
2100316
2163012
2226630
2291170
2356632
2423016
2490322
2558550
2627700
2697772
2768766
2840682
2913520
2987280
3061962
3137566
3214092
3291540
3369910
3449202
3529416
3610552
3692610
3775590
3859492
3944316
4030062
4116730
4204320
4292832
4382266
4472622
4563900
4656100
4749222
4843266
4938232
5034120
5130930
5228662
5327316
5426892
5527390
5628810
5731152
5834416
5938602
6043710
6149740
6256692
6364566
6473362
6583080
6693720
6805282
6917766
7031172
7145500
7260750
7376922
7494016
7612032
7730970
7850830
7971612
8093316
8215942
8339490
8463960
8589352
8715666
8842902
8971060
9100140
9230142
9361066
9492912
9625680
9759370
9893982
10029516
10165972
10303350
10441650
10580872
10721016
10862082
11004070
11146980
11290812
11435566
11581242
11727840
11875360
12023802
12173166
12323452
12474660
12626790
12779842
12933816
13088712
13244530
13401270
13558932
13717516
13877022
14037450
14198800
14361072
14524266
14688382
14853420
15019380
15186262
15354066
15522792
15692440
15863010
16034502
16206916
16380252
16554510
16729690
16905792
17082816
17260762
17439630
17619420
17800132
17981766
18164322
18347800
18532200
18717522
18903766
19090932
19279020
19468030
19657962
19848816
20040592
20233290
20426910
20621452
20816916
21013302
21210610
21408840
21607992
21808066
22009062
22210980
22413820
22617582
22822266
23027872
23234400
23441850
23650222
23859516
24069732
24280870
24492930
24705912
24919816
25134642
25350390
25567060
25784652
26003166
26222602
26442960
26664240
26886442
27109566
27333612
27558580
27784470
28011282
28239016
28467672
28697250
28927750
29159172
29391516
29624782
29858970
30094080
30330112
30567066
30804942
31043740
31283460
31524102
31765666
32008152
32251560
32495890
32741142
32987316
33234412
33482430
33731370
33981232
34232016
34483722
34736350
34989900
35244372
35499766
35756082
36013320
36271480
36530562
36790566
37051492
37313340
37576110
37839802
38104416
38369952
38636410
38903790
39172092
39441316
39711462
39982530
40254520
40527432
40801266
41076022
41351700
41628300
41905822
42184266
42463632
42743920
43025130
43307262
43590316
43874292
44159190
44445010
44731752
45019416
45308002
45597510
45887940
46179292
46471566
46764762
47058880
47353920
47649882
47946766
48244572
48543300
48842950
49143522
49445016
49747432
50050770
50355030
50660212
50966316
51273342
51581290
51890160
52199952
52510666
52822302
53134860
53448340
53762742
54078066
54394312
54711480
55029570
55348582
55668516
55989372
56311150
56633850
56957472
57282016
57607482
57933870
58261180
58589412
58918566
59248642
59579640
59911560
60244402
60578166
60912852
61248460
61584990
61922442
62260816
62600112
62940330
63281470
63623532
63966516
64310422
64655250
65001000
65347672
65695266
66043782
66393220
66743580
67094862
67447066
67800192
68154240
68509210
68865102
69221916
69579652
69938310
70297890
70658392
71019816
71382162
71745430
72109620
72474732
72840766
73207722
73575600
73944400
74314122
74684766
75056332
75428820
75802230
76176562
76551816
76927992
77305090
77683110
78062052
78441916
78822702
79204410
79587040
79970592
80355066
80740462
81126780
81514020
81902182
82291266
82681272
83072200
83464050
83856822
84250516
84645132
85040670
85437130
85834512
86232816
86632042
87032190
87433260
87835252
88238166
88642002
89046760
89452440
89859042
90266566
90675012
91084380
91494670
91905882
92318016
92731072
93145050
93559950
93975772
94392516
94810182
95228770
95648280
96068712
96490066
96912342
97335540
97759660
98184702
98610666
99037552
99465360
99894090
100323742
100754316
101185812
101618230
102051570
102485832
102921016
103357122
103794150
104232100
104670972
105110766
105551482
105993120
106435680
106879162
107323566
107768892
108215140
108662310
109110402
109559416
110009352
110460210
110911990
111364692
111818316
112272862
112728330
113184720
113642032
114100266
114559422
115019500
115480500
115942422
116405266
116869032
117333720
117799330
118265862
118733316
119201692
119670990
120141210
120612352
121084416
121557402
122031310
122506140
122981892
123458566
123936162
124414680
124894120
125374482
125855766
126337972
126821100
127305150
127790122
128276016
128762832
129250570
129739230
130228812
130719316
131210742
131703090
132196360
132690552
133185666
133681702
134178660
134676540
135175342
135675066
136175712
136677280
137179770
137683182
138187516
138692772
139198950
139706050
140214072
140723016
141232882
141743670
142255380
142768012
143281566
143796042
144311440
144827760
145345002
145863166
146382252
146902260
147423190
147945042
148467816
148991512
149516130
150041670
150568132
151095516
151623822
152153050
152683200
153214272
153746266
154279182
154813020
155347780
155883462
156420066
156957592
157496040
158035410
158575702
159116916
159659052
160202110
160746090
161290992
161836816
162383562
162931230
163479820
164029332
164579766
165131122
165683400
166236600
166790722
167345766
167901732
168458620
169016430
169575162
170134816
170695392
171256890
171819310
172382652
172946916
173512102
174078210
174645240
175213192
175782066
176351862
176922580
177494220
178066782
178640266
179214672
179790000
180366250
180943422
181521516
182100532
182680470
183261330
183843112
184425816
185009442
185593990
186179460
186765852
187353166
187941402
188530560
189120640
189711642
190303566
190896412
191490180
192084870
192680482
193277016
193874472
194472850
195072150
195672372
196273516
196875582
197478570
198082480
198687312
199293066
199899742
200507340
201115860
201725302
202335666
202946952
203559160
204172290
204786342
205401316
206017212
206634030
207251770
207870432
208490016
209110522
209731950
210354300
210977572
211601766
212226882
212852920
213479880
214107762
214736566
215366292
215996940
216628510
217261002
217894416
218528752
219164010
219800190
220437292
221075316
221714262
222354130
222994920
223636632
224279266
224922822
225567300
226212700
226859022
227506266
228154432
228803520
229453530
230104462
230756316
231409092
232062790
232717410
233372952
234029416
234686802
235345110
236004340
236664492
237325566
237987562
238650480
239314320
239979082
240644766
241311372
241978900
242647350
243316722
243987016
244658232
245330370
246003430
246677412
247352316
248028142
248704890
249382560
250061152
250740666
251421102
252102460
252784740
253467942
254152066
254837112
255523080
256209970
256897782
257586516
258276172
258966750
259658250
260350672
261044016
261738282
262433470
263129580
263826612
264524566
265223442
265923240
266623960
267325602
268028166
268731652
269436060
270141390
270847642
271554816
272262912
272971930
273681870
274392732
275104516
275817222
276530850
277245400
277960872
278677266
279394582
280112820
280831980
281552062
282273066
282994992
283717840
284441610
285166302
285891916
286618452
287345910
288074290
288803592
289533816
290264962
290997030
291730020
292463932
293198766
293934522
294671200
295408800
296147322
296886766
297627132
298368420
299110630
299853762
300597816
301342792
302088690
302835510
303583252
304331916
305081502
305832010
306583440
307335792
308089066
308843262
309598380
310354420
311111382
311869266
312628072
313387800
314148450
314910022
315672516
316435932
317200270
317965530
318731712
319498816
320266842
321035790
321805660
322576452
323348166
324120802
324894360
325668840
326444242
327220566
327997812
328775980
329555070
330335082
331116016
331897872
332680650
333464350
334248972
335034516
335820982
336608370
337396680
338185912
338976066
339767142
340559140
341352060
342145902
342940666
343736352
344532960
345330490
346128942
346928316
347728612
348529830
349331970
350135032
350939016
351743922
352549750
353356500
354164172
354972766
355782282
356592720
357404080
358216362
359029566
359843692
360658740
361474710
362291602
363109416
363928152
364747810
365568390
366389892
367212316
368035662
368859930
369685120
370511232
371338266
372166222
372995100
373824900
374655622
375487266
376319832
377153320
377987730
378823062
379659316
380496492
381334590
382173610
383013552
383854416
384696202
385538910
386382540
387227092
388072566
388918962
389766280
390614520
391463682
392313766
784627532
