830
2490
4980
8300
12450
17430
23240
29880
37350
45650
54780
64740
75530
87150
99600
112880
126990
141930
157700
174300
191730
209990
229080
249000
269750
291330
313740
336980
361050
385950
411680
438240
465630
493850
522900
552780
583490
615030
647400
680600
714630
749490
785180
821700
859050
897230
936240
976080
1016750
1058250
1100580
1143740
1187730
1232550
1278200
1324680
1371990
1420130
1469100
1518900
1569530
1620990
1673280
1726400
1780350
1835130
1890740
1947180
2004450
2062550
2121480
2181240
2241830
2303250
2365500
2428580
2492490
2557230
2622800
2689200
2756430
2824490
2893380
2963100
3033650
3105030
3177240
3250280
3324150
3398850
3474380
3550740
3627930
3705950
3784800
3864480
3944990
4026330
4108500
4191500
4275330
4359990
4445480
4531800
4618950
4706930
4795740
4885380
4975850
5067150
5159280
5252240
5346030
5440650
5536100
5632380
5729490
5827430
5926200
6025800
6126230
6227490
6329580
6432500
6536250
6640830
6746240
6852480
6959550
7067450
7176180
7285740
7396130
7507350
7619400
7732280
7845990
7960530
8075900
8192100
8309130
8426990
8545680
8665200
8785550
8906730
9028740
9151580
9275250
9399750
9525080
9651240
9778230
9906050
10034700
10164180
10294490
10425630
10557600
10690400
10824030
10958490
11093780
11229900
11366850
11504630
11643240
11782680
11922950
12064050
12205980
12348740
12492330
12636750
12782000
12928080
13074990
13222730
13371300
13520700
13670930
13821990
13973880
14126600
14280150
14434530
14589740
14745780
14902650
15060350
15218880
15378240
15538430
15699450
15861300
16023980
16187490
16351830
16517000
16683000
16849830
17017490
17185980
17355300
17525450
17696430
17868240
18040880
18214350
18388650
18563780
18739740
18916530
19094150
19272600
19451880
19631990
19812930
19994700
20177300
20360730
20544990
20730080
20916000
21102750
21290330
21478740
21667980
21858050
22048950
22240680
22433240
22626630
22820850
23015900
23211780
23408490
23606030
23804400
24003600
24203630
24404490
24606180
24808700
25012050
25216230
25421240
25627080
25833750
26041250
26249580
26458740
26668730
26879550
27091200
27303680
27516990
27731130
27946100
28161900
28378530
28595990
28814280
29033400
29253350
29474130
29695740
29918180
30141450
30365550
30590480
30816240
31042830
31270250
31498500
31727580
31957490
32188230
32419800
32652200
32885430
33119490
33354380
33590100
33826650
34064030
34302240
34541280
34781150
35021850
35263380
35505740
35748930
35992950
36237800
36483480
36729990
36977330
37225500
37474500
37724330
37974990
38226480
38478800
38731950
38985930
39240740
39496380
39752850
40010150
40268280
40527240
40787030
41047650
41309100
41571380
41834490
42098430
42363200
42628800
42895230
43162490
43430580
43699500
43969250
44239830
44511240
44783480
45056550
45330450
45605180
45880740
46157130
46434350
46712400
46991280
47270990
47551530
47832900
48115100
48398130
48681990
48966680
49252200
49538550
49825730
50113740
50402580
50692250
50982750
51274080
51566240
51859230
52153050
52447700
52743180
53039490
53336630
53634600
53933400
54233030
54533490
54834780
55136900
55439850
55743630
56048240
56353680
56659950
56967050
57274980
57583740
57893330
58203750
58515000
58827080
59139990
59453730
59768300
60083700
60399930
60716990
61034880
61353600
61673150
61993530
62314740
62636780
62959650
63283350
63607880
63933240
64259430
64586450
64914300
65242980
65572490
65902830
66234000
66566000
66898830
67232490
67566980
67902300
68238450
68575430
68913240
69251880
69591350
69931650
70272780
70614740
70957530
71301150
71645600
71990880
72336990
72683930
73031700
73380300
73729730
74079990
74431080
74783000
75135750
75489330
75843740
76198980
76555050
76911950
77269680
77628240
77987630
78347850
78708900
79070780
79433490
79797030
80161400
80526600
80892630
81259490
81627180
81995700
82365050
82735230
83106240
83478080
83850750
84224250
84598580
84973740
85349730
85726550
86104200
86482680
86861990
87242130
87623100
88004900
88387530
88770990
89155280
89540400
89926350
90313130
90700740
91089180
91478450
91868550
92259480
92651240
93043830
93437250
93831500
94226580
94622490
95019230
95416800
95815200
96214430
96614490
97015380
97417100
97819650
98223030
98627240
99032280
99438150
99844850
100252380
100660740
101069930
101479950
101890800
102302480
102714990
103128330
103542500
103957500
104373330
104789990
105207480
105625800
106044950
106464930
106885740
107307380
107729850
108153150
108577280
109002240
109428030
109854650
110282100
110710380
111139490
111569430
112000200
112431800
112864230
113297490
113731580
114166500
114602250
115038830
115476240
115914480
116353550
116793450
117234180
117675740
118118130
118561350
119005400
119450280
119895990
120342530
120789900
121238100
121687130
122136990
122587680
123039200
123491550
123944730
124398740
124853580
125309250
125765750
126223080
126681240
127140230
127600050
128060700
128522180
128984490
129447630
129911600
130376400
130842030
131308490
131775780
132243900
132712850
133182630
133653240
134124680
134596950
135070050
135543980
136018740
136494330
136970750
137448000
137926080
138404990
138884730
139365300
139846700
140328930
140811990
141295880
141780600
142266150
142752530
143239740
143727780
144216650
144706350
145196880
145688240
146180430
146673450
147167300
147661980
148157490
148653830
149151000
149649000
150147830
150647490
151147980
151649300
152151450
152654430
153158240
153662880
154168350
154674650
155181780
155689740
156198530
156708150
157218600
157729880
158241990
158754930
159268700
159783300
160298730
160814990
161332080
161850000
162368750
162888330
163408740
163929980
164452050
164974950
165498680
166023240
166548630
167074850
167601900
168129780
168658490
169188030
169718400
170249600
170781630
171314490
171848180
172382700
172918050
173454230
173991240
174529080
175067750
175607250
176147580
176688740
177230730
177773550
178317200
178861680
179406990
179953130
180500100
181047900
181596530
182145990
182696280
183247400
183799350
184352130
184905740
185460180
186015450
186571550
187128480
187686240
188244830
188804250
189364500
189925580
190487490
191050230
191613800
192178200
192743430
193309490
193876380
194444100
195012650
195582030
196152240
196723280
197295150
197867850
198441380
199015740
199590930
200166950
200743800
201321480
201899990
202479330
203059500
203640500
204222330
204804990
205388480
205972800
206557950
207143930
207730740
208318380
208906850
209496150
210086280
210677240
211269030
211861650
212455100
213049380
213644490
214240430
214837200
215434800
216033230
216632490
217232580
217833500
218435250
219037830
219641240
220245480
220850550
221456450
222063180
222670740
223279130
223888350
224498400
225109280
225720990
226333530
226946900
227561100
228176130
228791990
229408680
230026200
230644550
231263730
231883740
232504580
233126250
233748750
234372080
234996240
235621230
236247050
236873700
237501180
238129490
238758630
239388600
240019400
240651030
241283490
241916780
242550900
243185850
243821630
244458240
245095680
245733950
246373050
247012980
247653740
248295330
248937750
249581000
250225080
250869990
251515730
252162300
252809700
253457930
254106990
254756880
255407600
256059150
256711530
257364740
258018780
258673650
259329350
259985880
260643240
261301430
261960450
262620300
263280980
263942490
264604830
265268000
265932000
266596830
267262490
267928980
268596300
269264450
269933430
270603240
271273880
271945350
272617650
273290780
273964740
274639530
275315150
275991600
276668880
277346990
278025930
278705700
279386300
280067730
280749990
281433080
282117000
282801750
283487330
284173740
284860980
285549050
286237950
830
2490
4980
8300
12450
17430
23240
29880
37350
45650
54780
64740
75530
87150
99600
112880
126990
141930
157700
174300
191730
209990
229080
249000
269750
291330
313740
336980
361050
385950
411680
438240
465630
493850
522900
552780
583490
615030
647400
680600
714630
749490
785180
821700
859050
897230
936240
976080
1016750
1058250
1100580
1143740
1187730
1232550
1278200
1324680
1371990
1420130
1469100
1518900
1569530
1620990
1673280
1726400
1780350
1835130
1890740
1947180
2004450
2062550
2121480
2181240
2241830
2303250
2365500
2428580
2492490
2557230
2622800
2689200
2756430
2824490
2893380
2963100
3033650
3105030
3177240
3250280
3324150
3398850
3474380
3550740
3627930
3705950
3784800
3864480
3944990
4026330
4108500
4191500
4275330
4359990
4445480
4531800
4618950
4706930
4795740
4885380
4975850
5067150
5159280
5252240
5346030
5440650
5536100
5632380
5729490
5827430
5926200
6025800
6126230
6227490
6329580
6432500
6536250
6640830
6746240
6852480
6959550
7067450
7176180
7285740
7396130
7507350
7619400
7732280
7845990
7960530
8075900
8192100
8309130
8426990
8545680
8665200
8785550
8906730
9028740
9151580
9275250
9399750
9525080
9651240
9778230
9906050
10034700
10164180
10294490
10425630
10557600
10690400
10824030
10958490
11093780
11229900
11366850
11504630
11643240
11782680
11922950
12064050
12205980
12348740
12492330
12636750
12782000
12928080
13074990
13222730
13371300
13520700
13670930
13821990
13973880
14126600
14280150
14434530
14589740
14745780
14902650
15060350
15218880
15378240
15538430
15699450
15861300
16023980
16187490
16351830
16517000
16683000
16849830
17017490
17185980
17355300
17525450
17696430
17868240
18040880
18214350
18388650
18563780
18739740
18916530
19094150
19272600
19451880
19631990
19812930
19994700
20177300
20360730
20544990
20730080
20916000
21102750
21290330
21478740
21667980
21858050
22048950
22240680
22433240
22626630
22820850
23015900
23211780
23408490
23606030
23804400
24003600
24203630
24404490
24606180
24808700
25012050
25216230
25421240
25627080
25833750
26041250
26249580
26458740
26668730
26879550
27091200
27303680
27516990
27731130
27946100
28161900
28378530
28595990
28814280
29033400
29253350
29474130
29695740
29918180
30141450
30365550
30590480
30816240
31042830
31270250
31498500
31727580
31957490
32188230
32419800
32652200
32885430
33119490
33354380
33590100
33826650
34064030
34302240
34541280
34781150
35021850
35263380
35505740
35748930
35992950
36237800
36483480
36729990
36977330
37225500
37474500
37724330
37974990
38226480
38478800
38731950
38985930
39240740
39496380
39752850
40010150
40268280
40527240
40787030
41047650
41309100
41571380
41834490
42098430
42363200
42628800
42895230
43162490
43430580
43699500
43969250
44239830
44511240
44783480
45056550
45330450
45605180
45880740
46157130
46434350
46712400
46991280
47270990
47551530
47832900
48115100
48398130
48681990
48966680
49252200
49538550
49825730
50113740
50402580
50692250
50982750
51274080
51566240
51859230
52153050
52447700
52743180
53039490
53336630
53634600
53933400
54233030
54533490
54834780
55136900
55439850
55743630
56048240
56353680
56659950
56967050
57274980
57583740
57893330
58203750
58515000
58827080
59139990
59453730
59768300
60083700
60399930
60716990
61034880
61353600
61673150
61993530
62314740
62636780
62959650
63283350
63607880
63933240
64259430
64586450
64914300
65242980
65572490
65902830
66234000
66566000
66898830
67232490
67566980
67902300
68238450
68575430
68913240
69251880
69591350
69931650
70272780
70614740
70957530
71301150
71645600
71990880
72336990
72683930
73031700
73380300
73729730
74079990
74431080
74783000
75135750
75489330
75843740
76198980
76555050
76911950
77269680
77628240
77987630
78347850
78708900
79070780
79433490
79797030
80161400
80526600
80892630
81259490
81627180
81995700
82365050
82735230
83106240
83478080
83850750
84224250
84598580
84973740
85349730
85726550
86104200
86482680
86861990
87242130
87623100
88004900
88387530
88770990
89155280
89540400
89926350
90313130
90700740
91089180
91478450
91868550
92259480
92651240
93043830
93437250
93831500
94226580
94622490
95019230
95416800
95815200
96214430
96614490
97015380
97417100
97819650
98223030
98627240
99032280
99438150
99844850
100252380
100660740
101069930
101479950
101890800
102302480
102714990
103128330
103542500
103957500
104373330
104789990
105207480
105625800
106044950
106464930
106885740
107307380
107729850
108153150
108577280
109002240
109428030
109854650
110282100
110710380
111139490
111569430
112000200
112431800
112864230
113297490
113731580
114166500
114602250
115038830
115476240
115914480
116353550
116793450
117234180
117675740
118118130
118561350
119005400
119450280
119895990
120342530
120789900
121238100
121687130
122136990
122587680
123039200
123491550
123944730
124398740
124853580
125309250
125765750
126223080
126681240
127140230
127600050
128060700
128522180
128984490
129447630
129911600
130376400
130842030
131308490
131775780
132243900
132712850
133182630
133653240
134124680
134596950
135070050
135543980
136018740
136494330
136970750
137448000
137926080
138404990
138884730
139365300
139846700
140328930
140811990
141295880
141780600
142266150
142752530
143239740
143727780
144216650
144706350
145196880
145688240
146180430
146673450
147167300
147661980
148157490
148653830
149151000
149649000
150147830
150647490
151147980
151649300
152151450
152654430
153158240
153662880
154168350
154674650
155181780
155689740
156198530
156708150
157218600
157729880
158241990
158754930
159268700
159783300
160298730
160814990
161332080
161850000
162368750
162888330
163408740
163929980
164452050
164974950
165498680
166023240
166548630
167074850
167601900
168129780
168658490
169188030
169718400
170249600
170781630
171314490
171848180
172382700
172918050
173454230
173991240
174529080
175067750
175607250
176147580
176688740
177230730
177773550
178317200
178861680
179406990
179953130
180500100
181047900
181596530
182145990
182696280
183247400
183799350
184352130
184905740
185460180
186015450
186571550
187128480
187686240
188244830
188804250
189364500
189925580
190487490
191050230
191613800
192178200
192743430
193309490
193876380
194444100
195012650
195582030
196152240
196723280
197295150
197867850
198441380
199015740
199590930
200166950
200743800
201321480
201899990
202479330
203059500
203640500
204222330
204804990
205388480
205972800
206557950
207143930
207730740
208318380
208906850
209496150
210086280
210677240
211269030
211861650
212455100
213049380
213644490
214240430
214837200
215434800
216033230
216632490
217232580
217833500
218435250
219037830
219641240
220245480
220850550
221456450
222063180
222670740
223279130
223888350
224498400
225109280
225720990
226333530
226946900
227561100
228176130
228791990
229408680
230026200
230644550
231263730
231883740
232504580
233126250
233748750
234372080
234996240
235621230
236247050
236873700
237501180
238129490
238758630
239388600
240019400
240651030
241283490
241916780
242550900
243185850
243821630
244458240
245095680
245733950
246373050
247012980
247653740
248295330
248937750
249581000
250225080
250869990
251515730
252162300
252809700
253457930
254106990
254756880
255407600
256059150
256711530
257364740
258018780
258673650
259329350
259985880
260643240
261301430
261960450
262620300
263280980
263942490
264604830
265268000
265932000
266596830
267262490
267928980
268596300
269264450
269933430
270603240
271273880
271945350
272617650
273290780
273964740
274639530
275315150
275991600
276668880
277346990
278025930
278705700
279386300
280067730
280749990
281433080
282117000
282801750
283487330
284173740
284860980
285549050
286237950
572475900
