82
246
492
820
1230
1722
2296
2952
3690
4510
5412
6396
7462
8610
9840
11152
12546
14022
15580
17220
18942
20746
22632
24600
26650
28782
30996
33292
35670
38130
40672
43296
46002
48790
51660
54612
57646
60762
63960
67240
70602
74046
77572
81180
84870
88642
92496
96432
100450
104550
108732
112996
117342
121770
126280
130872
135546
140302
145140
150060
155062
160146
165312
170560
175890
181302
186796
192372
198030
203770
209592
215496
221482
227550
233700
239932
246246
252642
259120
265680
272322
279046
82
246
492
820
1230
1722
2296
2952
3690
4510
5412
6396
7462
8610
9840
11152
12546
14022
15580
17220
18942
20746
22632
24600
26650
28782
30996
33292
35670
38130
40672
43296
46002
48790
51660
54612
57646
60762
63960
67240
70602
74046
77572
81180
84870
88642
92496
96432
100450
104550
108732
112996
117342
121770
126280
130872
135546
140302
145140
150060
155062
160146
165312
170560
175890
181302
186796
192372
198030
203770
209592
215496
221482
227550
233700
239932
246246
252642
259120
265680
272322
279046
558092
