79
237
474
790
1185
1659
2212
2844
3555
4345
5214
6162
7189
8295
9480
10744
12087
13509
15010
16590
18249
19987
21804
23700
25675
27729
29862
32074
34365
36735
39184
41712
44319
47005
49770
52614
55537
58539
61620
64780
68019
71337
74734
78210
81765
85399
89112
92904
96775
100725
104754
108862
113049
117315
121660
126084
130587
135169
139830
144570
149389
154287
159264
164320
169455
174669
179962
185334
190785
196315
201924
207612
213379
219225
225150
231154
237237
243399
249640
80
240
480
800
1200
1680
2240
2880
3600
4400
5280
6240
7280
8400
9600
10880
12240
13680
15200
16800
18480
20240
22080
24000
26000
28080
30240
32480
34800
37200
39680
42240
44880
47600
50400
53280
56240
59280
62400
65600
68880
72240
75680
79200
82800
86480
90240
94080
98000
102000
106080
110240
114480
118800
123200
127680
132240
136880
141600
146400
151280
156240
161280
166400
171600
176880
182240
187680
193200
198800
204480
210240
216080
222000
228000
234080
240240
246480
252800
259200
508840
