510
1530
3060
5100
7650
10710
14280
18360
22950
28050
33660
39780
46410
53550
61200
69360
78030
87210
96900
107100
117810
129030
140760
153000
165750
179010
192780
207060
221850
237150
252960
269280
286110
303450
321300
339660
358530
377910
397800
418200
439110
460530
482460
504900
527850
551310
575280
599760
624750
650250
676260
702780
729810
757350
785400
813960
843030
872610
902700
933300
964410
996030
1028160
1060800
1093950
1127610
1161780
1196460
1231650
1267350
1303560
1340280
1377510
1415250
1453500
1492260
1531530
1571310
1611600
1652400
1693710
1735530
1777860
1820700
1864050
1907910
1952280
1997160
2042550
2088450
2134860
2181780
2229210
2277150
2325600
2374560
2424030
2474010
2524500
2575500
2627010
2679030
2731560
2784600
2838150
2892210
2946780
3001860
3057450
3113550
3170160
3227280
3284910
3343050
3401700
3460860
3520530
3580710
3641400
3702600
3764310
3826530
3889260
3952500
4016250
4080510
4145280
4210560
4276350
4342650
4409460
4476780
4544610
4612950
4681800
4751160
4821030
4891410
4962300
5033700
5105610
5178030
5250960
5324400
5398350
5472810
5547780
5623260
5699250
5775750
5852760
5930280
6008310
6086850
6165900
6245460
6325530
6406110
6487200
6568800
6650910
6733530
6816660
6900300
6984450
7069110
7154280
7239960
7326150
7412850
7500060
7587780
7676010
7764750
7854000
7943760
8034030
8124810
8216100
8307900
8400210
8493030
8586360
8680200
8774550
8869410
8964780
9060660
9157050
9253950
9351360
9449280
9547710
9646650
9746100
9846060
9946530
10047510
10149000
10251000
10353510
10456530
10560060
10664100
10768650
10873710
10979280
11085360
11191950
11299050
11406660
11514780
11623410
11732550
11842200
11952360
12063030
12174210
12285900
12398100
12510810
12624030
12737760
12852000
12966750
13082010
13197780
13314060
13430850
13548150
13665960
13784280
13903110
14022450
14142300
14262660
14383530
14504910
14626800
14749200
14872110
14995530
15119460
15243900
15368850
15494310
15620280
15746760
15873750
16001250
16129260
16257780
16386810
16516350
16646400
16776960
16908030
17039610
17171700
17304300
17437410
17571030
17705160
17839800
17974950
18110610
18246780
18383460
18520650
18658350
18796560
18935280
19074510
19214250
19354500
19495260
19636530
19778310
19920600
20063400
20206710
20350530
20494860
20639700
20785050
20930910
21077280
21224160
21371550
21519450
21667860
21816780
21966210
22116150
22266600
22417560
22569030
22721010
22873500
23026500
23180010
23334030
23488560
23643600
23799150
23955210
24111780
24268860
24426450
24584550
24743160
24902280
25061910
25222050
25382700
25543860
25705530
25867710
26030400
26193600
26357310
26521530
26686260
26851500
27017250
27183510
27350280
27517560
27685350
27853650
28022460
28191780
28361610
28531950
28702800
28874160
29046030
29218410
29391300
29564700
29738610
29913030
30087960
30263400
30439350
30615810
30792780
30970260
31148250
31326750
31505760
31685280
31865310
32045850
32226900
32408460
32590530
32773110
32956200
33139800
33323910
33508530
33693660
33879300
34065450
34252110
34439280
34626960
34815150
35003850
35193060
35382780
35573010
35763750
35955000
36146760
36339030
36531810
36725100
36918900
37113210
37308030
37503360
37699200
37895550
38092410
38289780
38487660
38686050
38884950
39084360
39284280
39484710
39685650
39887100
40089060
40291530
40494510
40698000
40902000
41106510
41311530
41517060
41723100
41929650
42136710
42344280
42552360
42760950
42970050
43179660
43389780
43600410
43811550
44023200
44235360
44448030
44661210
44874900
45089100
45303810
45519030
45734760
45951000
46167750
46385010
46602780
46821060
47039850
47259150
47478960
47699280
47920110
48141450
48363300
48585660
48808530
49031910
49255800
49480200
49705110
49930530
50156460
50382900
50609850
50837310
51065280
51293760
51522750
51752250
51982260
52212780
52443810
52675350
52907400
53139960
53373030
53606610
53840700
54075300
54310410
54546030
54782160
55018800
55255950
55493610
55731780
55970460
56209650
56449350
56689560
56930280
57171510
57413250
57655500
57898260
58141530
58385310
58629600
58874400
59119710
59365530
59611860
59858700
60106050
60353910
60602280
60851160
61100550
61350450
61600860
61851780
62103210
62355150
62607600
62860560
63114030
63368010
63622500
63877500
64133010
64389030
64645560
64902600
65160150
65418210
65676780
65935860
66195450
66455550
510
1530
3060
5100
7650
10710
14280
18360
22950
28050
33660
39780
46410
53550
61200
69360
78030
87210
96900
107100
117810
129030
140760
153000
165750
179010
192780
207060
221850
237150
252960
269280
286110
303450
321300
339660
358530
377910
397800
418200
439110
460530
482460
504900
527850
551310
575280
599760
624750
650250
676260
702780
729810
757350
785400
813960
843030
872610
902700
933300
964410
996030
1028160
1060800
1093950
1127610
1161780
1196460
1231650
1267350
1303560
1340280
1377510
1415250
1453500
1492260
1531530
1571310
1611600
1652400
1693710
1735530
1777860
1820700
1864050
1907910
1952280
1997160
2042550
2088450
2134860
2181780
2229210
2277150
2325600
2374560
2424030
2474010
2524500
2575500
2627010
2679030
2731560
2784600
2838150
2892210
2946780
3001860
3057450
3113550
3170160
3227280
3284910
3343050
3401700
3460860
3520530
3580710
3641400
3702600
3764310
3826530
3889260
3952500
4016250
4080510
4145280
4210560
4276350
4342650
4409460
4476780
4544610
4612950
4681800
4751160
4821030
4891410
4962300
5033700
5105610
5178030
5250960
5324400
5398350
5472810
5547780
5623260
5699250
5775750
5852760
5930280
6008310
6086850
6165900
6245460
6325530
6406110
6487200
6568800
6650910
6733530
6816660
6900300
6984450
7069110
7154280
7239960
7326150
7412850
7500060
7587780
7676010
7764750
7854000
7943760
8034030
8124810
8216100
8307900
8400210
8493030
8586360
8680200
8774550
8869410
8964780
9060660
9157050
9253950
9351360
9449280
9547710
9646650
9746100
9846060
9946530
10047510
10149000
10251000
10353510
10456530
10560060
10664100
10768650
10873710
10979280
11085360
11191950
11299050
11406660
11514780
11623410
11732550
11842200
11952360
12063030
12174210
12285900
12398100
12510810
12624030
12737760
12852000
12966750
13082010
13197780
13314060
13430850
13548150
13665960
13784280
13903110
14022450
14142300
14262660
14383530
14504910
14626800
14749200
14872110
14995530
15119460
15243900
15368850
15494310
15620280
15746760
15873750
16001250
16129260
16257780
16386810
16516350
16646400
16776960
16908030
17039610
17171700
17304300
17437410
17571030
17705160
17839800
17974950
18110610
18246780
18383460
18520650
18658350
18796560
18935280
19074510
19214250
19354500
19495260
19636530
19778310
19920600
20063400
20206710
20350530
20494860
20639700
20785050
20930910
21077280
21224160
21371550
21519450
21667860
21816780
21966210
22116150
22266600
22417560
22569030
22721010
22873500
23026500
23180010
23334030
23488560
23643600
23799150
23955210
24111780
24268860
24426450
24584550
24743160
24902280
25061910
25222050
25382700
25543860
25705530
25867710
26030400
26193600
26357310
26521530
26686260
26851500
27017250
27183510
27350280
27517560
27685350
27853650
28022460
28191780
28361610
28531950
28702800
28874160
29046030
29218410
29391300
29564700
29738610
29913030
30087960
30263400
30439350
30615810
30792780
30970260
31148250
31326750
31505760
31685280
31865310
32045850
32226900
32408460
32590530
32773110
32956200
33139800
33323910
33508530
33693660
33879300
34065450
34252110
34439280
34626960
34815150
35003850
35193060
35382780
35573010
35763750
35955000
36146760
36339030
36531810
36725100
36918900
37113210
37308030
37503360
37699200
37895550
38092410
38289780
38487660
38686050
38884950
39084360
39284280
39484710
39685650
39887100
40089060
40291530
40494510
40698000
40902000
41106510
41311530
41517060
41723100
41929650
42136710
42344280
42552360
42760950
42970050
43179660
43389780
43600410
43811550
44023200
44235360
44448030
44661210
44874900
45089100
45303810
45519030
45734760
45951000
46167750
46385010
46602780
46821060
47039850
47259150
47478960
47699280
47920110
48141450
48363300
48585660
48808530
49031910
49255800
49480200
49705110
49930530
50156460
50382900
50609850
50837310
51065280
51293760
51522750
51752250
51982260
52212780
52443810
52675350
52907400
53139960
53373030
53606610
53840700
54075300
54310410
54546030
54782160
55018800
55255950
55493610
55731780
55970460
56209650
56449350
56689560
56930280
57171510
57413250
57655500
57898260
58141530
58385310
58629600
58874400
59119710
59365530
59611860
59858700
60106050
60353910
60602280
60851160
61100550
61350450
61600860
61851780
62103210
62355150
62607600
62860560
63114030
63368010
63622500
63877500
64133010
64389030
64645560
64902600
65160150
65418210
65676780
65935860
66195450
66455550
132911100
