85
255
510
850
1275
1785
2380
3060
3825
4675
5610
6630
7735
8925
10200
11560
13005
14535
16150
17850
19635
21505
23460
25500
27625
29835
32130
34510
36975
39525
42160
44880
47685
50575
53550
56610
59755
62985
66300
69700
73185
76755
80410
84150
87975
91885
95880
99960
104125
108375
112710
117130
121635
126225
130900
135660
140505
145435
150450
155550
160735
166005
171360
176800
182325
187935
193630
199410
205275
211225
217260
223380
229585
235875
242250
248710
255255
261885
268600
275400
282285
289255
296310
303450
310675
86
258
516
860
1290
1806
2408
3096
3870
4730
5676
6708
7826
9030
10320
11696
13158
14706
16340
18060
19866
21758
23736
25800
27950
30186
32508
34916
37410
39990
42656
45408
48246
51170
54180
57276
60458
63726
67080
70520
74046
77658
81356
85140
89010
92966
97008
101136
105350
109650
114036
118508
123066
127710
132440
137256
142158
147146
152220
157380
162626
167958
173376
178880
184470
190146
195908
201756
207690
213710
219816
226008
232286
238650
245100
251636
258258
264966
271760
278640
285606
292658
299796
307020
314330
321726
632401
