251
753
1506
2510
3765
5271
7028
9036
11295
13805
16566
19578
22841
26355
30120
34136
38403
42921
47690
52710
57981
63503
69276
75300
81575
88101
94878
101906
109185
116715
124496
132528
140811
149345
158130
167166
176453
185991
195780
205820
216111
226653
237446
248490
259785
271331
283128
295176
307475
320025
332826
345878
359181
372735
386540
400596
414903
429461
444270
459330
474641
490203
506016
522080
538395
554961
571778
588846
606165
623735
641556
659628
677951
696525
715350
734426
753753
773331
793160
813240
833571
854153
874986
896070
917405
938991
960828
982916
1005255
1027845
1050686
1073778
1097121
1120715
1144560
1168656
1193003
1217601
1242450
1267550
1292901
1318503
1344356
1370460
1396815
1423421
1450278
1477386
1504745
1532355
1560216
1588328
1616691
1645305
1674170
1703286
1732653
1762271
1792140
1822260
1852631
1883253
1914126
1945250
1976625
2008251
2040128
2072256
2104635
2137265
2170146
2203278
2236661
2270295
2304180
2338316
2372703
2407341
2442230
2477370
2512761
2548403
2584296
2620440
2656835
2693481
2730378
2767526
2804925
2842575
2880476
2918628
2957031
2995685
3034590
3073746
3113153
3152811
3192720
3232880
3273291
3313953
3354866
3396030
3437445
3479111
3521028
3563196
3605615
3648285
3691206
3734378
3777801
3821475
3865400
3909576
3954003
3998681
4043610
4088790
4134221
4179903
4225836
4272020
4318455
4365141
4412078
4459266
4506705
4554395
4602336
4650528
4698971
4747665
4796610
4845806
4895253
4944951
4994900
5045100
5095551
5146253
5197206
5248410
5299865
5351571
5403528
5455736
5508195
5560905
5613866
5667078
5720541
5774255
5828220
5882436
5936903
5991621
6046590
6101810
6157281
6213003
6268976
6325200
6381675
6438401
6495378
6552606
6610085
6667815
6725796
6784028
6842511
6901245
6960230
7019466
7078953
7138691
7198680
7258920
7319411
7380153
7441146
7502390
7563885
7625631
7687628
7749876
7812375
7875125
7938126
252
756
1512
2520
3780
5292
7056
9072
11340
13860
16632
19656
22932
26460
30240
34272
38556
43092
47880
52920
58212
63756
69552
75600
81900
88452
95256
102312
109620
117180
124992
133056
141372
149940
158760
167832
177156
186732
196560
206640
216972
227556
238392
249480
260820
272412
284256
296352
308700
321300
334152
347256
360612
374220
388080
402192
416556
431172
446040
461160
476532
492156
508032
524160
540540
557172
574056
591192
608580
626220
644112
662256
680652
699300
718200
737352
756756
776412
796320
816480
836892
857556
878472
899640
921060
942732
964656
986832
1009260
1031940
1054872
1078056
1101492
1125180
1149120
1173312
1197756
1222452
1247400
1272600
1298052
1323756
1349712
1375920
1402380
1429092
1456056
1483272
1510740
1538460
1566432
1594656
1623132
1651860
1680840
1710072
1739556
1769292
1799280
1829520
1860012
1890756
1921752
1953000
1984500
2016252
2048256
2080512
2113020
2145780
2178792
2212056
2245572
2279340
2313360
2347632
2382156
2416932
2451960
2487240
2522772
2558556
2594592
2630880
2667420
2704212
2741256
2778552
2816100
2853900
2891952
2930256
2968812
3007620
3046680
3085992
3125556
3165372
3205440
3245760
3286332
3327156
3368232
3409560
3451140
3492972
3535056
3577392
3619980
3662820
3705912
3749256
3792852
3836700
3880800
3925152
3969756
4014612
4059720
4105080
4150692
4196556
4242672
4289040
4335660
4382532
4429656
4477032
4524660
4572540
4620672
4669056
4717692
4766580
4815720
4865112
4914756
4964652
5014800
5065200
5115852
5166756
5217912
5269320
5320980
5372892
5425056
5477472
5530140
5583060
5636232
5689656
5743332
5797260
5851440
5905872
5960556
6015492
6070680
6126120
6181812
6237756
6293952
6350400
6407100
6464052
6521256
6578712
6636420
6694380
6752592
6811056
6869772
6928740
6987960
7047432
7107156
7167132
7227360
7287840
7348572
7409556
7470792
7532280
7594020
7656012
7718256
7780752
7843500
7906500
7969752
8033256
15971382
