177
531
1062
1770
2655
3717
4956
6372
7965
9735
11682
13806
16107
18585
21240
24072
27081
30267
33630
37170
40887
44781
48852
53100
57525
62127
66906
71862
76995
82305
87792
93456
99297
105315
111510
117882
124431
131157
138060
145140
152397
159831
167442
175230
183195
191337
199656
208152
216825
225675
234702
243906
253287
262845
272580
282492
292581
302847
313290
323910
334707
345681
356832
368160
379665
391347
403206
415242
427455
439845
452412
465156
478077
491175
504450
517902
531531
545337
559320
573480
587817
602331
617022
631890
646935
662157
677556
693132
708885
724815
740922
757206
773667
790305
807120
824112
841281
858627
876150
893850
911727
929781
948012
966420
985005
1003767
1022706
1041822
1061115
1080585
1100232
1120056
1140057
1160235
1180590
1201122
1221831
1242717
1263780
1285020
1306437
1328031
1349802
1371750
1393875
1416177
1438656
1461312
1484145
1507155
1530342
1553706
1577247
1600965
1624860
1648932
1673181
1697607
1722210
1746990
1771947
1797081
1822392
1847880
1873545
1899387
1925406
1951602
1977975
2004525
2031252
2058156
2085237
2112495
2139930
2167542
2195331
2223297
2251440
2279760
2308257
2336931
2365782
2394810
2424015
2453397
2482956
2512692
2542605
2572695
2602962
2633406
2664027
2694825
2725800
2756952
2788281
178
534
1068
1780
2670
3738
4984
6408
8010
9790
11748
13884
16198
18690
21360
24208
27234
30438
33820
37380
41118
45034
49128
53400
57850
62478
67284
72268
77430
82770
88288
93984
99858
105910
112140
118548
125134
131898
138840
145960
153258
160734
168388
176220
184230
192418
200784
209328
218050
226950
236028
245284
254718
264330
274120
284088
294234
304558
315060
325740
336598
347634
358848
370240
381810
393558
405484
417588
429870
442330
454968
467784
480778
493950
507300
520828
534534
548418
562480
576720
591138
605734
620508
635460
650590
665898
681384
697048
712890
728910
745108
761484
778038
794770
811680
828768
846034
863478
881100
898900
916878
935034
953368
971880
990570
1009438
1028484
1047708
1067110
1086690
1106448
1126384
1146498
1166790
1187260
1207908
1228734
1249738
1270920
1292280
1313818
1335534
1357428
1379500
1401750
1424178
1446784
1469568
1492530
1515670
1538988
1562484
1586158
1610010
1634040
1658248
1682634
1707198
1731940
1756860
1781958
1807234
1832688
1858320
1884130
1910118
1936284
1962628
1989150
2015850
2042728
2069784
2097018
2124430
2152020
2179788
2207734
2235858
2264160
2292640
2321298
2350134
2379148
2408340
2437710
2467258
2496984
2526888
2556970
2587230
2617668
2648284
2679078
2710050
2741200
2772528
2804034
2835718
5623999
