660
1980
3960
6600
9900
13860
18480
23760
29700
36300
43560
51480
60060
69300
79200
89760
100980
112860
125400
138600
152460
166980
182160
198000
214500
231660
249480
267960
287100
306900
327360
348480
370260
392700
415800
439560
463980
489060
514800
541200
568260
595980
624360
653400
683100
713460
744480
776160
808500
841500
875160
909480
944460
980100
1016400
1053360
1090980
1129260
1168200
1207800
1248060
1288980
1330560
1372800
1415700
1459260
1503480
1548360
1593900
1640100
1686960
1734480
1782660
1831500
1881000
1931160
1981980
2033460
2085600
2138400
2191860
2245980
2300760
2356200
2412300
2469060
2526480
2584560
2643300
2702700
2762760
2823480
2884860
2946900
3009600
3072960
3136980
3201660
3267000
3333000
3399660
3466980
3534960
3603600
3672900
3742860
3813480
3884760
3956700
4029300
4102560
4176480
4251060
4326300
4402200
4478760
4555980
4633860
4712400
4791600
4871460
4951980
5033160
5115000
5197500
5280660
5364480
5448960
5534100
5619900
5706360
5793480
5881260
5969700
6058800
6148560
6238980
6330060
6421800
6514200
6607260
6700980
6795360
6890400
6986100
7082460
7179480
7277160
7375500
7474500
7574160
7674480
7775460
7877100
7979400
8082360
8185980
8290260
8395200
8500800
8607060
8713980
8821560
8929800
9038700
9148260
9258480
9369360
9480900
9593100
9705960
9819480
9933660
10048500
10164000
10280160
10396980
10514460
10632600
10751400
10870860
10990980
11111760
11233200
11355300
11478060
11601480
11725560
11850300
11975700
12101760
12228480
12355860
12483900
12612600
12741960
12871980
13002660
13134000
13266000
13398660
13531980
13665960
13800600
13935900
14071860
14208480
14345760
14483700
14622300
14761560
14901480
15042060
15183300
15325200
15467760
15610980
15754860
15899400
16044600
16190460
16336980
16484160
16632000
16780500
16929660
17079480
17229960
17381100
17532900
17685360
17838480
17992260
18146700
18301800
18457560
18613980
18771060
18928800
19087200
19246260
19405980
19566360
19727400
19889100
20051460
20214480
20378160
20542500
20707500
20873160
21039480
21206460
21374100
21542400
21711360
21880980
22051260
22222200
22393800
22566060
22738980
22912560
23086800
23261700
23437260
23613480
23790360
23967900
24146100
24324960
24504480
24684660
24865500
25047000
25229160
25411980
25595460
25779600
25964400
26149860
26335980
26522760
26710200
26898300
27087060
27276480
27466560
27657300
27848700
28040760
28233480
28426860
28620900
28815600
29010960
29206980
29403660
29601000
29799000
29997660
30196980
30396960
30597600
30798900
31000860
31203480
31406760
31610700
31815300
32020560
32226480
32433060
32640300
32848200
33056760
33265980
33475860
33686400
33897600
34109460
34321980
34535160
34749000
34963500
35178660
35394480
35610960
35828100
36045900
36264360
36483480
36703260
36923700
37144800
37366560
37588980
37812060
38035800
38260200
38485260
38710980
38937360
39164400
39392100
39620460
39849480
40079160
40309500
40540500
40772160
41004480
41237460
41471100
41705400
41940360
42175980
42412260
42649200
42886800
43125060
43363980
43603560
43843800
44084700
44326260
44568480
44811360
45054900
45299100
45543960
45789480
46035660
46282500
46530000
46778160
47026980
47276460
47526600
47777400
48028860
48280980
48533760
48787200
49041300
49296060
49551480
49807560
50064300
50321700
50579760
50838480
51097860
51357900
51618600
51879960
52141980
52404660
52668000
52932000
53196660
53461980
53727960
53994600
54261900
54529860
54798480
55067760
55337700
55608300
55879560
56151480
56424060
56697300
56971200
57245760
57520980
57796860
58073400
58350600
58628460
58906980
59186160
59466000
59746500
60027660
60309480
60591960
60875100
61158900
61443360
61728480
62014260
62300700
62587800
62875560
63163980
63453060
63742800
64033200
64324260
64615980
64908360
65201400
65495100
65789460
66084480
66380160
66676500
66973500
67271160
67569480
67868460
68168100
68468400
68769360
69070980
69373260
69676200
69979800
70284060
70588980
70894560
71200800
71507700
71815260
72123480
72432360
72741900
73052100
73362960
73674480
73986660
74299500
74613000
74927160
75241980
75557460
75873600
76190400
76507860
76825980
77144760
77464200
77784300
78105060
78426480
78748560
79071300
79394700
79718760
80043480
80368860
80694900
81021600
81348960
81676980
82005660
82335000
82665000
82995660
83326980
83658960
83991600
84324900
84658860
84993480
85328760
85664700
86001300
86338560
86676480
87015060
87354300
87694200
88034760
88375980
88717860
89060400
89403600
89747460
90091980
90437160
90783000
91129500
91476660
91824480
92172960
92522100
92871900
93222360
93573480
93925260
94277700
94630800
94984560
95338980
95694060
96049800
96406200
96763260
97120980
97479360
97838400
98198100
98558460
98919480
99281160
99643500
100006500
100370160
100734480
101099460
101465100
101831400
102198360
102565980
102934260
103303200
103672800
104043060
104413980
104785560
105157800
105530700
105904260
106278480
106653360
107028900
107405100
107781960
108159480
108537660
108916500
109296000
109676160
110056980
110438460
110820600
111203400
111586860
111970980
112355760
112741200
113127300
113514060
113901480
114289560
114678300
115067700
115457760
115848480
116239860
116631900
117024600
117417960
117811980
118206660
118602000
118998000
119394660
119791980
120189960
120588600
120987900
121387860
121788480
122189760
122591700
122994300
123397560
123801480
124206060
124611300
125017200
125423760
125830980
126238860
126647400
127056600
127466460
127876980
128288160
128700000
129112500
129525660
129939480
130353960
130769100
131184900
131601360
132018480
132436260
132854700
133273800
133693560
134113980
134535060
134956800
135379200
135802260
136225980
136650360
137075400
137501100
137927460
138354480
138782160
139210500
139639500
140069160
140499480
140930460
141362100
141794400
142227360
142660980
143095260
143530200
143965800
660
1980
3960
6600
9900
13860
18480
23760
29700
36300
43560
51480
60060
69300
79200
89760
100980
112860
125400
138600
152460
166980
182160
198000
214500
231660
249480
267960
287100
306900
327360
348480
370260
392700
415800
439560
463980
489060
514800
541200
568260
595980
624360
653400
683100
713460
744480
776160
808500
841500
875160
909480
944460
980100
1016400
1053360
1090980
1129260
1168200
1207800
1248060
1288980
1330560
1372800
1415700
1459260
1503480
1548360
1593900
1640100
1686960
1734480
1782660
1831500
1881000
1931160
1981980
2033460
2085600
2138400
2191860
2245980
2300760
2356200
2412300
2469060
2526480
2584560
2643300
2702700
2762760
2823480
2884860
2946900
3009600
3072960
3136980
3201660
3267000
3333000
3399660
3466980
3534960
3603600
3672900
3742860
3813480
3884760
3956700
4029300
4102560
4176480
4251060
4326300
4402200
4478760
4555980
4633860
4712400
4791600
4871460
4951980
5033160
5115000
5197500
5280660
5364480
5448960
5534100
5619900
5706360
5793480
5881260
5969700
6058800
6148560
6238980
6330060
6421800
6514200
6607260
6700980
6795360
6890400
6986100
7082460
7179480
7277160
7375500
7474500
7574160
7674480
7775460
7877100
7979400
8082360
8185980
8290260
8395200
8500800
8607060
8713980
8821560
8929800
9038700
9148260
9258480
9369360
9480900
9593100
9705960
9819480
9933660
10048500
10164000
10280160
10396980
10514460
10632600
10751400
10870860
10990980
11111760
11233200
11355300
11478060
11601480
11725560
11850300
11975700
12101760
12228480
12355860
12483900
12612600
12741960
12871980
13002660
13134000
13266000
13398660
13531980
13665960
13800600
13935900
14071860
14208480
14345760
14483700
14622300
14761560
14901480
15042060
15183300
15325200
15467760
15610980
15754860
15899400
16044600
16190460
16336980
16484160
16632000
16780500
16929660
17079480
17229960
17381100
17532900
17685360
17838480
17992260
18146700
18301800
18457560
18613980
18771060
18928800
19087200
19246260
19405980
19566360
19727400
19889100
20051460
20214480
20378160
20542500
20707500
20873160
21039480
21206460
21374100
21542400
21711360
21880980
22051260
22222200
22393800
22566060
22738980
22912560
23086800
23261700
23437260
23613480
23790360
23967900
24146100
24324960
24504480
24684660
24865500
25047000
25229160
25411980
25595460
25779600
25964400
26149860
26335980
26522760
26710200
26898300
27087060
27276480
27466560
27657300
27848700
28040760
28233480
28426860
28620900
28815600
29010960
29206980
29403660
29601000
29799000
29997660
30196980
30396960
30597600
30798900
31000860
31203480
31406760
31610700
31815300
32020560
32226480
32433060
32640300
32848200
33056760
33265980
33475860
33686400
33897600
34109460
34321980
34535160
34749000
34963500
35178660
35394480
35610960
35828100
36045900
36264360
36483480
36703260
36923700
37144800
37366560
37588980
37812060
38035800
38260200
38485260
38710980
38937360
39164400
39392100
39620460
39849480
40079160
40309500
40540500
40772160
41004480
41237460
41471100
41705400
41940360
42175980
42412260
42649200
42886800
43125060
43363980
43603560
43843800
44084700
44326260
44568480
44811360
45054900
45299100
45543960
45789480
46035660
46282500
46530000
46778160
47026980
47276460
47526600
47777400
48028860
48280980
48533760
48787200
49041300
49296060
49551480
49807560
50064300
50321700
50579760
50838480
51097860
51357900
51618600
51879960
52141980
52404660
52668000
52932000
53196660
53461980
53727960
53994600
54261900
54529860
54798480
55067760
55337700
55608300
55879560
56151480
56424060
56697300
56971200
57245760
57520980
57796860
58073400
58350600
58628460
58906980
59186160
59466000
59746500
60027660
60309480
60591960
60875100
61158900
61443360
61728480
62014260
62300700
62587800
62875560
63163980
63453060
63742800
64033200
64324260
64615980
64908360
65201400
65495100
65789460
66084480
66380160
66676500
66973500
67271160
67569480
67868460
68168100
68468400
68769360
69070980
69373260
69676200
69979800
70284060
70588980
70894560
71200800
71507700
71815260
72123480
72432360
72741900
73052100
73362960
73674480
73986660
74299500
74613000
74927160
75241980
75557460
75873600
76190400
76507860
76825980
77144760
77464200
77784300
78105060
78426480
78748560
79071300
79394700
79718760
80043480
80368860
80694900
81021600
81348960
81676980
82005660
82335000
82665000
82995660
83326980
83658960
83991600
84324900
84658860
84993480
85328760
85664700
86001300
86338560
86676480
87015060
87354300
87694200
88034760
88375980
88717860
89060400
89403600
89747460
90091980
90437160
90783000
91129500
91476660
91824480
92172960
92522100
92871900
93222360
93573480
93925260
94277700
94630800
94984560
95338980
95694060
96049800
96406200
96763260
97120980
97479360
97838400
98198100
98558460
98919480
99281160
99643500
100006500
100370160
100734480
101099460
101465100
101831400
102198360
102565980
102934260
103303200
103672800
104043060
104413980
104785560
105157800
105530700
105904260
106278480
106653360
107028900
107405100
107781960
108159480
108537660
108916500
109296000
109676160
110056980
110438460
110820600
111203400
111586860
111970980
112355760
112741200
113127300
113514060
113901480
114289560
114678300
115067700
115457760
115848480
116239860
116631900
117024600
117417960
117811980
118206660
118602000
118998000
119394660
119791980
120189960
120588600
120987900
121387860
121788480
122189760
122591700
122994300
123397560
123801480
124206060
124611300
125017200
125423760
125830980
126238860
126647400
127056600
127466460
127876980
128288160
128700000
129112500
129525660
129939480
130353960
130769100
131184900
131601360
132018480
132436260
132854700
133273800
133693560
134113980
134535060
134956800
135379200
135802260
136225980
136650360
137075400
137501100
137927460
138354480
138782160
139210500
139639500
140069160
140499480
140930460
141362100
141794400
142227360
142660980
143095260
143530200
143965800
287931600
