526
1578
3156
5260
7890
11046
14728
18936
23670
28930
34716
41028
47866
55230
63120
71536
80478
89946
99940
110460
121506
133078
145176
157800
170950
184626
198828
213556
228810
244590
260896
277728
295086
312970
331380
350316
369778
389766
410280
431320
452886
474978
497596
520740
544410
568606
593328
618576
644350
670650
697476
724828
752706
781110
810040
839496
869478
899986
931020
962580
994666
1027278
1060416
1094080
1128270
1162986
1198228
1233996
1270290
1307110
1344456
1382328
1420726
1459650
1499100
1539076
1579578
1620606
1662160
1704240
1746846
1789978
1833636
1877820
1922530
1967766
2013528
2059816
2106630
2153970
2201836
2250228
2299146
2348590
2398560
2449056
2500078
2551626
2603700
2656300
2709426
2763078
2817256
2871960
2927190
2982946
3039228
3096036
3153370
3211230
3269616
3328528
3387966
3447930
3508420
3569436
3630978
3693046
3755640
3818760
3882406
3946578
4011276
4076500
4142250
4208526
4275328
4342656
4410510
4478890
4547796
4617228
4687186
4757670
4828680
4900216
4972278
5044866
5117980
5191620
5265786
5340478
5415696
5491440
5567710
5644506
5721828
5799676
5878050
5956950
6036376
6116328
6196806
6277810
6359340
6441396
6523978
6607086
6690720
6774880
6859566
6944778
7030516
7116780
7203570
7290886
7378728
7467096
7555990
7645410
7735356
7825828
7916826
8008350
8100400
8192976
8286078
8379706
8473860
8568540
8663746
8759478
8855736
8952520
9049830
9147666
9246028
9344916
9444330
9544270
9644736
9745728
9847246
9949290
10051860
10154956
10258578
10362726
10467400
10572600
10678326
10784578
10891356
10998660
11106490
11214846
11323728
11433136
11543070
11653530
11764516
11876028
11988066
12100630
12213720
12327336
12441478
12556146
12671340
12787060
12903306
13020078
13137376
13255200
13373550
13492426
13611828
13731756
13852210
13973190
14094696
14216728
14339286
14462370
14585980
14710116
14834778
14959966
15085680
15211920
15338686
15465978
15593796
15722140
15851010
15980406
16110328
16240776
16371750
16503250
16635276
16767828
16900906
17034510
17168640
17303296
17438478
17574186
17710420
17847180
17984466
18122278
18260616
18399480
18538870
18678786
18819228
18960196
19101690
19243710
19386256
19529328
19672926
19817050
19961700
20106876
20252578
20398806
20545560
20692840
20840646
20988978
21137836
21287220
21437130
21587566
21738528
21890016
22042030
22194570
22347636
22501228
22655346
22809990
22965160
23120856
23277078
23433826
23591100
23748900
23907226
24066078
24225456
24385360
24545790
24706746
24868228
25030236
25192770
25355830
25519416
25683528
25848166
26013330
26179020
26345236
26511978
26679246
26847040
27015360
27184206
27353578
27523476
27693900
27864850
28036326
28208328
28380856
28553910
28727490
28901596
29076228
29251386
29427070
29603280
29780016
29957278
30135066
30313380
30492220
30671586
30851478
31031896
31212840
31394310
31576306
31758828
31941876
32125450
32309550
32494176
32679328
32865006
33051210
33237940
33425196
33612978
33801286
33990120
34179480
34369366
34559778
34750716
34942180
35134170
35326686
35519728
35713296
35907390
36102010
36297156
36492828
36689026
36885750
37083000
37280776
37479078
37677906
37877260
38077140
38277546
38478478
38679936
38881920
39084430
39287466
39491028
39695116
39899730
40104870
40310536
40516728
40723446
40930690
41138460
41346756
41555578
41764926
41974800
42185200
42396126
42607578
42819556
43032060
43245090
43458646
43672728
43887336
44102470
44318130
44534316
44751028
44968266
45186030
45404320
45623136
45842478
46062346
46282740
46503660
46725106
46947078
47169576
47392600
47616150
47840226
48064828
48289956
48515610
48741790
48968496
49195728
49423486
49651770
49880580
50109916
50339778
50570166
50801080
51032520
51264486
51496978
51729996
51963540
52197610
52432206
52667328
52902976
53139150
53375850
53613076
53850828
54089106
54327910
54567240
54807096
55047478
55288386
55529820
55771780
56014266
56257278
56500816
56744880
56989470
57234586
57480228
57726396
57973090
58220310
58468056
58716328
58965126
59214450
59464300
59714676
59965578
60217006
60468960
60721440
60974446
61227978
61482036
61736620
61991730
62247366
62503528
62760216
63017430
63275170
63533436
63792228
64051546
64311390
64571760
64832656
65094078
65356026
65618500
65881500
66145026
66409078
66673656
66938760
67204390
67470546
67737228
68004436
68272170
68540430
68809216
69078528
69348366
69618730
69889620
70161036
70432978
70705446
70978440
71251960
71526006
71800578
72075676
72351300
72627450
72904126
526
1578
3156
5260
7890
11046
14728
18936
23670
28930
34716
41028
47866
55230
63120
71536
80478
89946
99940
110460
121506
133078
145176
157800
170950
184626
198828
213556
228810
244590
260896
277728
295086
312970
331380
350316
369778
389766
410280
431320
452886
474978
497596
520740
544410
568606
593328
618576
644350
670650
697476
724828
752706
781110
810040
839496
869478
899986
931020
962580
994666
1027278
1060416
1094080
1128270
1162986
1198228
1233996
1270290
1307110
1344456
1382328
1420726
1459650
1499100
1539076
1579578
1620606
1662160
1704240
1746846
1789978
1833636
1877820
1922530
1967766
2013528
2059816
2106630
2153970
2201836
2250228
2299146
2348590
2398560
2449056
2500078
2551626
2603700
2656300
2709426
2763078
2817256
2871960
2927190
2982946
3039228
3096036
3153370
3211230
3269616
3328528
3387966
3447930
3508420
3569436
3630978
3693046
3755640
3818760
3882406
3946578
4011276
4076500
4142250
4208526
4275328
4342656
4410510
4478890
4547796
4617228
4687186
4757670
4828680
4900216
4972278
5044866
5117980
5191620
5265786
5340478
5415696
5491440
5567710
5644506
5721828
5799676
5878050
5956950
6036376
6116328
6196806
6277810
6359340
6441396
6523978
6607086
6690720
6774880
6859566
6944778
7030516
7116780
7203570
7290886
7378728
7467096
7555990
7645410
7735356
7825828
7916826
8008350
8100400
8192976
8286078
8379706
8473860
8568540
8663746
8759478
8855736
8952520
9049830
9147666
9246028
9344916
9444330
9544270
9644736
9745728
9847246
9949290
10051860
10154956
10258578
10362726
10467400
10572600
10678326
10784578
10891356
10998660
11106490
11214846
11323728
11433136
11543070
11653530
11764516
11876028
11988066
12100630
12213720
12327336
12441478
12556146
12671340
12787060
12903306
13020078
13137376
13255200
13373550
13492426
13611828
13731756
13852210
13973190
14094696
14216728
14339286
14462370
14585980
14710116
14834778
14959966
15085680
15211920
15338686
15465978
15593796
15722140
15851010
15980406
16110328
16240776
16371750
16503250
16635276
16767828
16900906
17034510
17168640
17303296
17438478
17574186
17710420
17847180
17984466
18122278
18260616
18399480
18538870
18678786
18819228
18960196
19101690
19243710
19386256
19529328
19672926
19817050
19961700
20106876
20252578
20398806
20545560
20692840
20840646
20988978
21137836
21287220
21437130
21587566
21738528
21890016
22042030
22194570
22347636
22501228
22655346
22809990
22965160
23120856
23277078
23433826
23591100
23748900
23907226
24066078
24225456
24385360
24545790
24706746
24868228
25030236
25192770
25355830
25519416
25683528
25848166
26013330
26179020
26345236
26511978
26679246
26847040
27015360
27184206
27353578
27523476
27693900
27864850
28036326
28208328
28380856
28553910
28727490
28901596
29076228
29251386
29427070
29603280
29780016
29957278
30135066
30313380
30492220
30671586
30851478
31031896
31212840
31394310
31576306
31758828
31941876
32125450
32309550
32494176
32679328
32865006
33051210
33237940
33425196
33612978
33801286
33990120
34179480
34369366
34559778
34750716
34942180
35134170
35326686
35519728
35713296
35907390
36102010
36297156
36492828
36689026
36885750
37083000
37280776
37479078
37677906
37877260
38077140
38277546
38478478
38679936
38881920
39084430
39287466
39491028
39695116
39899730
40104870
40310536
40516728
40723446
40930690
41138460
41346756
41555578
41764926
41974800
42185200
42396126
42607578
42819556
43032060
43245090
43458646
43672728
43887336
44102470
44318130
44534316
44751028
44968266
45186030
45404320
45623136
45842478
46062346
46282740
46503660
46725106
46947078
47169576
47392600
47616150
47840226
48064828
48289956
48515610
48741790
48968496
49195728
49423486
49651770
49880580
50109916
50339778
50570166
50801080
51032520
51264486
51496978
51729996
51963540
52197610
52432206
52667328
52902976
53139150
53375850
53613076
53850828
54089106
54327910
54567240
54807096
55047478
55288386
55529820
55771780
56014266
56257278
56500816
56744880
56989470
57234586
57480228
57726396
57973090
58220310
58468056
58716328
58965126
59214450
59464300
59714676
59965578
60217006
60468960
60721440
60974446
61227978
61482036
61736620
61991730
62247366
62503528
62760216
63017430
63275170
63533436
63792228
64051546
64311390
64571760
64832656
65094078
65356026
65618500
65881500
66145026
66409078
66673656
66938760
67204390
67470546
67737228
68004436
68272170
68540430
68809216
69078528
69348366
69618730
69889620
70161036
70432978
70705446
70978440
71251960
71526006
71800578
72075676
72351300
72627450
72904126
145808252
