431
1293
2586
4310
6465
9051
12068
15516
19395
23705
28446
33618
39221
45255
51720
58616
65943
73701
81890
90510
99561
109043
118956
129300
140075
151281
162918
174986
187485
200415
213776
227568
241791
256445
271530
287046
302993
319371
336180
353420
371091
389193
407726
426690
446085
465911
486168
506856
527975
549525
571506
593918
616761
640035
663740
687876
712443
737441
762870
788730
815021
841743
868896
896480
924495
952941
981818
1011126
1040865
1071035
1101636
1132668
1164131
1196025
1228350
1261106
1294293
1327911
1361960
1396440
1431351
1466693
1502466
1538670
1575305
1612371
1649868
1687796
1726155
1764945
1804166
1843818
1883901
1924415
1965360
2006736
2048543
2090781
2133450
2176550
2220081
2264043
2308436
2353260
2398515
2444201
2490318
2536866
2583845
2631255
2679096
2727368
2776071
2825205
2874770
2924766
2975193
3026051
3077340
3129060
3181211
3233793
3286806
3340250
3394125
3448431
3503168
3558336
3613935
3669965
3726426
3783318
3840641
3898395
3956580
4015196
4074243
4133721
4193630
4253970
4314741
4375943
4437576
4499640
4562135
4625061
4688418
4752206
4816425
4881075
4946156
5011668
5077611
5143985
5210790
5278026
5345693
5413791
5482320
5551280
5620671
5690493
5760746
5831430
5902545
5974091
6046068
6118476
6191315
6264585
6338286
6412418
6486981
6561975
6637400
6713256
6789543
6866261
6943410
7020990
7099001
7177443
7256316
7335620
7415355
7495521
7576118
7657146
7738605
7820495
7902816
7985568
8068751
8152365
8236410
8320886
8405793
8491131
8576900
8663100
8749731
8836793
8924286
9012210
9100565
9189351
9278568
9368216
9458295
9548805
9639746
9731118
9822921
9915155
10007820
10100916
10194443
10288401
10382790
10477610
10572861
10668543
10764656
10861200
10958175
11055581
11153418
11251686
11350385
11449515
11549076
11649068
11749491
11850345
11951630
12053346
12155493
12258071
12361080
12464520
12568391
12672693
12777426
12882590
12988185
13094211
13200668
13307556
13414875
13522625
13630806
13739418
13848461
13957935
14067840
14178176
14288943
14400141
14511770
14623830
14736321
14849243
14962596
15076380
15190595
15305241
15420318
15535826
15651765
15768135
15884936
16002168
16119831
16237925
16356450
16475406
16594793
16714611
16834860
16955540
17076651
17198193
17320166
17442570
17565405
17688671
17812368
17936496
18061055
18186045
18311466
18437318
18563601
18690315
18817460
18945036
19073043
19201481
19330350
19459650
19589381
19719543
19850136
19981160
20112615
20244501
20376818
20509566
20642745
20776355
20910396
21044868
21179771
21315105
21450870
21587066
21723693
21860751
21998240
22136160
22274511
22413293
22552506
22692150
22832225
22972731
23113668
23255036
23396835
23539065
23681726
23824818
23968341
24112295
24256680
24401496
24546743
24692421
24838530
24985070
25132041
25279443
25427276
25575540
25724235
25873361
26022918
26172906
26323325
26474175
26625456
26777168
26929311
27081885
27234890
27388326
27542193
27696491
27851220
28006380
28161971
28317993
28474446
28631330
28788645
28946391
29104568
29263176
29422215
29581685
29741586
29901918
30062681
30223875
30385500
30547556
30710043
30872961
31036310
31200090
31364301
31528943
31694016
31859520
32025455
32191821
32358618
32525846
32693505
32861595
33030116
33199068
33368451
33538265
33708510
33879186
34050293
34221831
34393800
34566200
34739031
34912293
35085986
35260110
35434665
35609651
35785068
35960916
36137195
36313905
36491046
36668618
36846621
37025055
37203920
37383216
37562943
37743101
37923690
38104710
38286161
38468043
38650356
38833100
39016275
39199881
39383918
39568386
39753285
39938615
40124376
432
1296
2592
4320
6480
9072
12096
15552
19440
23760
28512
33696
39312
45360
51840
58752
66096
73872
82080
90720
99792
109296
119232
129600
140400
151632
163296
175392
187920
200880
214272
228096
242352
257040
272160
287712
303696
320112
336960
354240
371952
390096
408672
427680
447120
466992
487296
508032
529200
550800
572832
595296
618192
641520
665280
689472
714096
739152
764640
790560
816912
843696
870912
898560
926640
955152
984096
1013472
1043280
1073520
1104192
1135296
1166832
1198800
1231200
1264032
1297296
1330992
1365120
1399680
1434672
1470096
1505952
1542240
1578960
1616112
1653696
1691712
1730160
1769040
1808352
1848096
1888272
1928880
1969920
2011392
2053296
2095632
2138400
2181600
2225232
2269296
2313792
2358720
2404080
2449872
2496096
2542752
2589840
2637360
2685312
2733696
2782512
2831760
2881440
2931552
2982096
3033072
3084480
3136320
3188592
3241296
3294432
3348000
3402000
3456432
3511296
3566592
3622320
3678480
3735072
3792096
3849552
3907440
3965760
4024512
4083696
4143312
4203360
4263840
4324752
4386096
4447872
4510080
4572720
4635792
4699296
4763232
4827600
4892400
4957632
5023296
5089392
5155920
5222880
5290272
5358096
5426352
5495040
5564160
5633712
5703696
5774112
5844960
5916240
5987952
6060096
6132672
6205680
6279120
6352992
6427296
6502032
6577200
6652800
6728832
6805296
6882192
6959520
7037280
7115472
7194096
7273152
7352640
7432560
7512912
7593696
7674912
7756560
7838640
7921152
8004096
8087472
8171280
8255520
8340192
8425296
8510832
8596800
8683200
8770032
8857296
8944992
9033120
9121680
9210672
9300096
9389952
9480240
9570960
9662112
9753696
9845712
9938160
10031040
10124352
10218096
10312272
10406880
10501920
10597392
10693296
10789632
10886400
10983600
11081232
11179296
11277792
11376720
11476080
11575872
11676096
11776752
11877840
11979360
12081312
12183696
12286512
12389760
12493440
12597552
12702096
12807072
12912480
13018320
13124592
13231296
13338432
13446000
13554000
13662432
13771296
13880592
13990320
14100480
14211072
14322096
14433552
14545440
14657760
14770512
14883696
14997312
15111360
15225840
15340752
15456096
15571872
15688080
15804720
15921792
16039296
16157232
16275600
16394400
16513632
16633296
16753392
16873920
16994880
17116272
17238096
17360352
17483040
17606160
17729712
17853696
17978112
18102960
18228240
18353952
18480096
18606672
18733680
18861120
18988992
19117296
19246032
19375200
19504800
19634832
19765296
19896192
20027520
20159280
20291472
20424096
20557152
20690640
20824560
20958912
21093696
21228912
21364560
21500640
21637152
21774096
21911472
22049280
22187520
22326192
22465296
22604832
22744800
22885200
23026032
23167296
23308992
23451120
23593680
23736672
23880096
24023952
24168240
24312960
24458112
24603696
24749712
24896160
25043040
25190352
25338096
25486272
25634880
25783920
25933392
26083296
26233632
26384400
26535600
26687232
26839296
26991792
27144720
27298080
27451872
27606096
27760752
27915840
28071360
28227312
28383696
28540512
28697760
28855440
29013552
29172096
29331072
29490480
29650320
29810592
29971296
30132432
30294000
30456000
30618432
30781296
30944592
31108320
31272480
31437072
31602096
31767552
31933440
32099760
32266512
32433696
32601312
32769360
32937840
33106752
33276096
33445872
33616080
33786720
33957792
34129296
34301232
34473600
34646400
34819632
34993296
35167392
35341920
35516880
35692272
35868096
36044352
36221040
36398160
36575712
36753696
36932112
37110960
37290240
37469952
37650096
37830672
38011680
38193120
38374992
38557296
38740032
38923200
39106800
39290832
39475296
39660192
39845520
40031280
40217472
40404096
80528472
