760
2280
4560
7600
11400
15960
21280
27360
34200
41800
50160
59280
69160
79800
91200
103360
116280
129960
144400
159600
175560
192280
209760
228000
247000
266760
287280
308560
330600
353400
376960
401280
426360
452200
478800
506160
534280
563160
592800
623200
654360
686280
718960
752400
786600
821560
857280
893760
931000
969000
1007760
1047280
1087560
1128600
1170400
1212960
1256280
1300360
1345200
1390800
1437160
1484280
1532160
1580800
1630200
1680360
1731280
1782960
1835400
1888600
1942560
1997280
2052760
2109000
2166000
2223760
2282280
2341560
2401600
2462400
2523960
2586280
2649360
2713200
2777800
2843160
2909280
2976160
3043800
3112200
3181360
3251280
3321960
3393400
3465600
3538560
3612280
3686760
3762000
3838000
3914760
3992280
4070560
4149600
4229400
4309960
4391280
4473360
4556200
4639800
4724160
4809280
4895160
4981800
5069200
5157360
5246280
5335960
5426400
5517600
5609560
5702280
5795760
5890000
5985000
6080760
6177280
6274560
6372600
6471400
6570960
6671280
6772360
6874200
6976800
7080160
7184280
7289160
7394800
7501200
7608360
7716280
7824960
7934400
8044600
8155560
8267280
8379760
8493000
8607000
8721760
8837280
8953560
9070600
9188400
9306960
9426280
9546360
9667200
9788800
9911160
10034280
10158160
10282800
10408200
10534360
10661280
10788960
10917400
11046600
11176560
11307280
11438760
11571000
11704000
11837760
11972280
12107560
12243600
12380400
12517960
12656280
12795360
12935200
13075800
13217160
13359280
13502160
13645800
13790200
13935360
14081280
14227960
14375400
14523600
14672560
14822280
14972760
15124000
15276000
15428760
15582280
15736560
15891600
16047400
16203960
16361280
16519360
16678200
16837800
16998160
17159280
17321160
17483800
17647200
17811360
17976280
18141960
18308400
18475600
18643560
18812280
18981760
19152000
19323000
19494760
19667280
19840560
20014600
20189400
20364960
20541280
20718360
20896200
21074800
21254160
21434280
21615160
21796800
21979200
22162360
22346280
22530960
22716400
22902600
23089560
23277280
23465760
23655000
23845000
24035760
24227280
24419560
24612600
24806400
25000960
25196280
25392360
25589200
25786800
25985160
26184280
26384160
26584800
26786200
26988360
27191280
27394960
27599400
27804600
28010560
28217280
28424760
28633000
28842000
29051760
29262280
29473560
29685600
29898400
30111960
30326280
30541360
30757200
30973800
31191160
31409280
31628160
31847800
32068200
32289360
32511280
32733960
32957400
33181600
33406560
33632280
33858760
34086000
34314000
34542760
34772280
35002560
35233600
35465400
35697960
35931280
36165360
36400200
36635800
36872160
37109280
37347160
37585800
37825200
38065360
38306280
38547960
38790400
39033600
39277560
39522280
39767760
40014000
40261000
40508760
40757280
41006560
41256600
41507400
41758960
42011280
42264360
42518200
42772800
43028160
43284280
43541160
43798800
44057200
44316360
44576280
44836960
45098400
45360600
45623560
45887280
46151760
46417000
46683000
46949760
47217280
47485560
47754600
48024400
48294960
48566280
48838360
49111200
49384800
49659160
49934280
50210160
50486800
50764200
51042360
51321280
51600960
51881400
52162600
52444560
52727280
53010760
53295000
53580000
53865760
54152280
54439560
54727600
55016400
55305960
55596280
55887360
56179200
56471800
56765160
57059280
57354160
57649800
57946200
58243360
58541280
58839960
59139400
59439600
59740560
60042280
60344760
60648000
60952000
61256760
61562280
61868560
62175600
62483400
62791960
63101280
63411360
63722200
64033800
64346160
64659280
64973160
65287800
65603200
65919360
66236280
66553960
66872400
67191600
67511560
67832280
68153760
68476000
68799000
69122760
69447280
69772560
70098600
70425400
70752960
71081280
71410360
71740200
72070800
72402160
72734280
73067160
73400800
73735200
74070360
74406280
74742960
75080400
75418600
75757560
76097280
76437760
76779000
77121000
77463760
77807280
78151560
78496600
78842400
79188960
79536280
79884360
80233200
80582800
80933160
81284280
81636160
81988800
82342200
82696360
83051280
83406960
83763400
84120600
84478560
84837280
85196760
85557000
85918000
86279760
86642280
87005560
87369600
87734400
88099960
88466280
88833360
89201200
89569800
89939160
90309280
90680160
91051800
91424200
91797360
92171280
92545960
92921400
93297600
93674560
94052280
94430760
94810000
95190000
95570760
95952280
96334560
96717600
97101400
97485960
97871280
98257360
98644200
99031800
99420160
99809280
100199160
100589800
100981200
101373360
101766280
102159960
102554400
102949600
103345560
103742280
104139760
104538000
104937000
105336760
105737280
106138560
106540600
106943400
107346960
107751280
108156360
108562200
108968800
109376160
109784280
110193160
110602800
111013200
111424360
111836280
112248960
112662400
113076600
113491560
113907280
114323760
114741000
115159000
115577760
115997280
116417560
116838600
117260400
117682960
118106280
118530360
118955200
119380800
119807160
120234280
120662160
121090800
121520200
121950360
122381280
122812960
123245400
123678600
124112560
124547280
124982760
125419000
125856000
126293760
126732280
127171560
127611600
128052400
128493960
128936280
129379360
129823200
130267800
130713160
131159280
131606160
132053800
132502200
132951360
133401280
133851960
134303400
134755600
135208560
135662280
136116760
136572000
137028000
137484760
137942280
138400560
138859600
139319400
139779960
140241280
140703360
141166200
141629800
142094160
142559280
143025160
143491800
143959200
144427360
144896280
145365960
145836400
146307600
146779560
147252280
147725760
148200000
148675000
149150760
149627280
150104560
150582600
151061400
151540960
152021280
152502360
152984200
153466800
153950160
154434280
154919160
155404800
155891200
156378360
156866280
157354960
157844400
158334600
158825560
159317280
159809760
160303000
160797000
161291760
161787280
162283560
162780600
163278400
163776960
164276280
164776360
165277200
165778800
166281160
166784280
167288160
167792800
168298200
168804360
169311280
169818960
170327400
170836600
171346560
171857280
172368760
172881000
173394000
173907760
174422280
174937560
175453600
175970400
176487960
177006280
177525360
178045200
178565800
179087160
179609280
180132160
180655800
181180200
181705360
182231280
182757960
183285400
183813600
184342560
184872280
185402760
185934000
186466000
186998760
187532280
188066560
188601600
189137400
189673960
190211280
190749360
191288200
191827800
192368160
192909280
193451160
193993800
194537200
195081360
195626280
196171960
196718400
197265600
197813560
198362280
198911760
199462000
200013000
200564760
201117280
201670560
202224600
202779400
203334960
203891280
204448360
205006200
205564800
206124160
206684280
207245160
207806800
208369200
208932360
209496280
210060960
210626400
211192600
211759560
212327280
212895760
213465000
214035000
214605760
215177280
215749560
216322600
216896400
217470960
218046280
218622360
219199200
219776800
760
2280
4560
7600
11400
15960
21280
27360
34200
41800
50160
59280
69160
79800
91200
103360
116280
129960
144400
159600
175560
192280
209760
228000
247000
266760
287280
308560
330600
353400
376960
401280
426360
452200
478800
506160
534280
563160
592800
623200
654360
686280
718960
752400
786600
821560
857280
893760
931000
969000
1007760
1047280
1087560
1128600
1170400
1212960
1256280
1300360
1345200
1390800
1437160
1484280
1532160
1580800
1630200
1680360
1731280
1782960
1835400
1888600
1942560
1997280
2052760
2109000
2166000
2223760
2282280
2341560
2401600
2462400
2523960
2586280
2649360
2713200
2777800
2843160
2909280
2976160
3043800
3112200
3181360
3251280
3321960
3393400
3465600
3538560
3612280
3686760
3762000
3838000
3914760
3992280
4070560
4149600
4229400
4309960
4391280
4473360
4556200
4639800
4724160
4809280
4895160
4981800
5069200
5157360
5246280
5335960
5426400
5517600
5609560
5702280
5795760
5890000
5985000
6080760
6177280
6274560
6372600
6471400
6570960
6671280
6772360
6874200
6976800
7080160
7184280
7289160
7394800
7501200
7608360
7716280
7824960
7934400
8044600
8155560
8267280
8379760
8493000
8607000
8721760
8837280
8953560
9070600
9188400
9306960
9426280
9546360
9667200
9788800
9911160
10034280
10158160
10282800
10408200
10534360
10661280
10788960
10917400
11046600
11176560
11307280
11438760
11571000
11704000
11837760
11972280
12107560
12243600
12380400
12517960
12656280
12795360
12935200
13075800
13217160
13359280
13502160
13645800
13790200
13935360
14081280
14227960
14375400
14523600
14672560
14822280
14972760
15124000
15276000
15428760
15582280
15736560
15891600
16047400
16203960
16361280
16519360
16678200
16837800
16998160
17159280
17321160
17483800
17647200
17811360
17976280
18141960
18308400
18475600
18643560
18812280
18981760
19152000
19323000
19494760
19667280
19840560
20014600
20189400
20364960
20541280
20718360
20896200
21074800
21254160
21434280
21615160
21796800
21979200
22162360
22346280
22530960
22716400
22902600
23089560
23277280
23465760
23655000
23845000
24035760
24227280
24419560
24612600
24806400
25000960
25196280
25392360
25589200
25786800
25985160
26184280
26384160
26584800
26786200
26988360
27191280
27394960
27599400
27804600
28010560
28217280
28424760
28633000
28842000
29051760
29262280
29473560
29685600
29898400
30111960
30326280
30541360
30757200
30973800
31191160
31409280
31628160
31847800
32068200
32289360
32511280
32733960
32957400
33181600
33406560
33632280
33858760
34086000
34314000
34542760
34772280
35002560
35233600
35465400
35697960
35931280
36165360
36400200
36635800
36872160
37109280
37347160
37585800
37825200
38065360
38306280
38547960
38790400
39033600
39277560
39522280
39767760
40014000
40261000
40508760
40757280
41006560
41256600
41507400
41758960
42011280
42264360
42518200
42772800
43028160
43284280
43541160
43798800
44057200
44316360
44576280
44836960
45098400
45360600
45623560
45887280
46151760
46417000
46683000
46949760
47217280
47485560
47754600
48024400
48294960
48566280
48838360
49111200
49384800
49659160
49934280
50210160
50486800
50764200
51042360
51321280
51600960
51881400
52162600
52444560
52727280
53010760
53295000
53580000
53865760
54152280
54439560
54727600
55016400
55305960
55596280
55887360
56179200
56471800
56765160
57059280
57354160
57649800
57946200
58243360
58541280
58839960
59139400
59439600
59740560
60042280
60344760
60648000
60952000
61256760
61562280
61868560
62175600
62483400
62791960
63101280
63411360
63722200
64033800
64346160
64659280
64973160
65287800
65603200
65919360
66236280
66553960
66872400
67191600
67511560
67832280
68153760
68476000
68799000
69122760
69447280
69772560
70098600
70425400
70752960
71081280
71410360
71740200
72070800
72402160
72734280
73067160
73400800
73735200
74070360
74406280
74742960
75080400
75418600
75757560
76097280
76437760
76779000
77121000
77463760
77807280
78151560
78496600
78842400
79188960
79536280
79884360
80233200
80582800
80933160
81284280
81636160
81988800
82342200
82696360
83051280
83406960
83763400
84120600
84478560
84837280
85196760
85557000
85918000
86279760
86642280
87005560
87369600
87734400
88099960
88466280
88833360
89201200
89569800
89939160
90309280
90680160
91051800
91424200
91797360
92171280
92545960
92921400
93297600
93674560
94052280
94430760
94810000
95190000
95570760
95952280
96334560
96717600
97101400
97485960
97871280
98257360
98644200
99031800
99420160
99809280
100199160
100589800
100981200
101373360
101766280
102159960
102554400
102949600
103345560
103742280
104139760
104538000
104937000
105336760
105737280
106138560
106540600
106943400
107346960
107751280
108156360
108562200
108968800
109376160
109784280
110193160
110602800
111013200
111424360
111836280
112248960
112662400
113076600
113491560
113907280
114323760
114741000
115159000
115577760
115997280
116417560
116838600
117260400
117682960
118106280
118530360
118955200
119380800
119807160
120234280
120662160
121090800
121520200
121950360
122381280
122812960
123245400
123678600
124112560
124547280
124982760
125419000
125856000
126293760
126732280
127171560
127611600
128052400
128493960
128936280
129379360
129823200
130267800
130713160
131159280
131606160
132053800
132502200
132951360
133401280
133851960
134303400
134755600
135208560
135662280
136116760
136572000
137028000
137484760
137942280
138400560
138859600
139319400
139779960
140241280
140703360
141166200
141629800
142094160
142559280
143025160
143491800
143959200
144427360
144896280
145365960
145836400
146307600
146779560
147252280
147725760
148200000
148675000
149150760
149627280
150104560
150582600
151061400
151540960
152021280
152502360
152984200
153466800
153950160
154434280
154919160
155404800
155891200
156378360
156866280
157354960
157844400
158334600
158825560
159317280
159809760
160303000
160797000
161291760
161787280
162283560
162780600
163278400
163776960
164276280
164776360
165277200
165778800
166281160
166784280
167288160
167792800
168298200
168804360
169311280
169818960
170327400
170836600
171346560
171857280
172368760
172881000
173394000
173907760
174422280
174937560
175453600
175970400
176487960
177006280
177525360
178045200
178565800
179087160
179609280
180132160
180655800
181180200
181705360
182231280
182757960
183285400
183813600
184342560
184872280
185402760
185934000
186466000
186998760
187532280
188066560
188601600
189137400
189673960
190211280
190749360
191288200
191827800
192368160
192909280
193451160
193993800
194537200
195081360
195626280
196171960
196718400
197265600
197813560
198362280
198911760
199462000
200013000
200564760
201117280
201670560
202224600
202779400
203334960
203891280
204448360
205006200
205564800
206124160
206684280
207245160
207806800
208369200
208932360
209496280
210060960
210626400
211192600
211759560
212327280
212895760
213465000
214035000
214605760
215177280
215749560
216322600
216896400
217470960
218046280
218622360
219199200
219776800
439553600
