537
1611
3222
5370
8055
11277
15036
19332
24165
29535
35442
41886
48867
56385
64440
73032
82161
91827
102030
112770
124047
135861
148212
161100
174525
188487
202986
218022
233595
249705
266352
283536
301257
319515
338310
357642
377511
397917
418860
440340
462357
484911
508002
531630
555795
580497
605736
631512
657825
684675
712062
739986
768447
797445
826980
857052
887661
918807
950490
982710
1015467
1048761
1082592
1116960
1151865
1187307
1223286
1259802
1296855
1334445
1372572
1411236
1450437
1490175
1530450
1571262
1612611
1654497
1696920
1739880
1783377
1827411
1871982
1917090
1962735
2008917
2055636
2102892
2150685
2199015
2247882
2297286
2347227
2397705
2448720
2500272
2552361
2604987
2658150
2711850
2766087
2820861
2876172
2932020
2988405
3045327
3102786
3160782
3219315
3278385
3337992
3398136
3458817
3520035
3581790
3644082
3706911
3770277
3834180
3898620
3963597
4029111
4095162
4161750
4228875
4296537
4364736
4433472
4502745
4572555
4642902
4713786
4785207
4857165
4929660
5002692
5076261
5150367
5225010
5300190
5375907
5452161
5528952
5606280
5684145
5762547
5841486
5920962
6000975
6081525
6162612
6244236
6326397
6409095
6492330
6576102
6660411
6745257
6830640
6916560
7003017
7090011
7177542
7265610
7354215
7443357
7533036
7623252
7714005
7805295
7897122
7989486
8082387
8175825
8269800
8364312
8459361
8554947
8651070
8747730
8844927
8942661
9040932
9139740
9239085
9338967
9439386
9540342
9641835
9743865
9846432
9949536
10053177
10157355
10262070
10367322
10473111
10579437
10686300
10793700
10901637
11010111
11119122
11228670
11338755
11449377
11560536
11672232
11784465
11897235
12010542
12124386
12238767
12353685
12469140
12585132
12701661
12818727
12936330
13054470
13173147
13292361
13412112
13532400
13653225
13774587
13896486
14018922
14141895
14265405
14389452
14514036
14639157
14764815
14891010
15017742
15145011
15272817
15401160
15530040
15659457
15789411
15919902
16050930
16182495
16314597
16447236
16580412
16714125
16848375
16983162
17118486
17254347
17390745
17527680
17665152
17803161
17941707
18080790
18220410
18360567
18501261
18642492
18784260
18926565
19069407
19212786
19356702
19501155
19646145
19791672
19937736
20084337
20231475
20379150
20527362
20676111
20825397
20975220
21125580
21276477
21427911
21579882
21732390
21885435
22039017
22193136
22347792
22502985
22658715
22814982
22971786
23129127
23287005
23445420
23604372
23763861
23923887
24084450
24245550
24407187
24569361
24732072
24895320
25059105
25223427
25388286
25553682
25719615
25886085
26053092
26220636
26388717
26557335
26726490
26896182
27066411
27237177
27408480
27580320
27752697
27925611
28099062
28273050
28447575
28622637
28798236
28974372
29151045
29328255
29506002
29684286
29863107
30042465
30222360
30402792
30583761
30765267
30947310
31129890
31313007
31496661
31680852
31865580
32050845
32236647
32422986
32609862
32797275
32985225
33173712
33362736
33552297
33742395
33933030
34124202
34315911
34508157
34700940
34894260
35088117
35282511
35477442
35672910
35868915
36065457
36262536
36460152
36658305
36856995
37056222
37255986
37456287
37657125
37858500
38060412
38262861
38465847
38669370
38873430
39078027
39283161
39488832
39695040
39901785
40109067
40316886
40525242
40734135
40943565
41153532
41364036
41575077
41786655
41998770
42211422
42424611
42638337
42852600
43067400
43282737
43498611
43715022
43931970
44149455
44367477
44586036
44805132
45024765
45244935
45465642
45686886
45908667
46130985
46353840
46577232
46801161
47025627
47250630
47476170
47702247
47928861
48156012
48383700
48611925
48840687
49069986
49299822
49530195
49761105
49992552
50224536
50457057
50690115
50923710
51157842
51392511
51627717
51863460
52099740
52336557
52573911
52811802
53050230
53289195
53528697
53768736
54009312
54250425
54492075
54734262
54976986
55220247
55464045
55708380
55953252
56198661
56444607
56691090
56938110
57185667
57433761
57682392
57931560
58181265
58431507
58682286
58933602
59185455
59437845
59690772
59944236
60198237
60452775
60707850
60963462
61219611
61476297
61733520
61991280
62249577
62508411
62767782
63027690
63288135
63549117
63810636
64072692
64335285
64598415
64862082
65126286
65391027
65656305
65922120
66188472
66455361
66722787
66990750
67259250
67528287
67797861
68067972
68338620
68609805
68881527
69153786
69426582
69699915
69973785
70248192
70523136
70798617
71074635
71351190
71628282
71905911
72184077
72462780
72742020
73021797
73302111
73582962
73864350
74146275
74428737
74711736
74995272
75279345
75563955
75849102
76134786
76421007
76707765
76995060
77282892
77571261
538
1614
3228
5380
8070
11298
15064
19368
24210
29590
35508
41964
48958
56490
64560
73168
82314
91998
102220
112980
124278
136114
148488
161400
174850
188838
203364
218428
234030
250170
266848
284064
301818
320110
338940
358308
378214
398658
419640
441160
463218
485814
508948
532620
556830
581578
606864
632688
659050
685950
713388
741364
769878
798930
828520
858648
889314
920518
952260
984540
1017358
1050714
1084608
1119040
1154010
1189518
1225564
1262148
1299270
1336930
1375128
1413864
1453138
1492950
1533300
1574188
1615614
1657578
1700080
1743120
1786698
1830814
1875468
1920660
1966390
2012658
2059464
2106808
2154690
2203110
2252068
2301564
2351598
2402170
2453280
2504928
2557114
2609838
2663100
2716900
2771238
2826114
2881528
2937480
2993970
3050998
3108564
3166668
3225310
3284490
3344208
3404464
3465258
3526590
3588460
3650868
3713814
3777298
3841320
3905880
3970978
4036614
4102788
4169500
4236750
4304538
4372864
4441728
4511130
4581070
4651548
4722564
4794118
4866210
4938840
5012008
5085714
5159958
5234740
5310060
5385918
5462314
5539248
5616720
5694730
5773278
5852364
5931988
6012150
6092850
6174088
6255864
6338178
6421030
6504420
6588348
6672814
6757818
6843360
6929440
7016058
7103214
7190908
7279140
7367910
7457218
7547064
7637448
7728370
7819830
7911828
8004364
8097438
8191050
8285200
8379888
8475114
8570878
8667180
8764020
8861398
8959314
9057768
9156760
9256290
9356358
9456964
9558108
9659790
9762010
9864768
9968064
10071898
10176270
10281180
10386628
10492614
10599138
10706200
10813800
10921938
11030614
11139828
11249580
11359870
11470698
11582064
11693968
11806410
11919390
12032908
12146964
12261558
12376690
12492360
12608568
12725314
12842598
12960420
13078780
13197678
13317114
13437088
13557600
13678650
13800238
13922364
14045028
14168230
14291970
14416248
14541064
14666418
14792310
14918740
15045708
15173214
15301258
15429840
15558960
15688618
15818814
15949548
16080820
16212630
16344978
16477864
16611288
16745250
16879750
17014788
17150364
17286478
17423130
17560320
17698048
17836314
17975118
18114460
18254340
18394758
18535714
18677208
18819240
18961810
19104918
19248564
19392748
19537470
19682730
19828528
19974864
20121738
20269150
20417100
20565588
20714614
20864178
21014280
21164920
21316098
21467814
21620068
21772860
21926190
22080058
22234464
22389408
22544890
22700910
22857468
23014564
23172198
23330370
23489080
23648328
23808114
23968438
24129300
24290700
24452638
24615114
24778128
24941680
25105770
25270398
25435564
25601268
25767510
25934290
26101608
26269464
26437858
26606790
26776260
26946268
27116814
27287898
27459520
27631680
27804378
27977614
28151388
28325700
28500550
28675938
28851864
29028328
29205330
29382870
29560948
29739564
29918718
30098410
30278640
30459408
30640714
30822558
31004940
31187860
31371318
31555314
31739848
31924920
32110530
32296678
32483364
32670588
32858350
33046650
33235488
33424864
33614778
33805230
33996220
34187748
34379814
34572418
34765560
34959240
35153458
35348214
35543508
35739340
35935710
36132618
36330064
36528048
36726570
36925630
37125228
37325364
37526038
37727250
37929000
38131288
38334114
38537478
38741380
38945820
39150798
39356314
39562368
39768960
39976090
40183758
40391964
40600708
40809990
41019810
41230168
41441064
41652498
41864470
42076980
42290028
42503614
42717738
42932400
43147600
43363338
43579614
43796428
44013780
44231670
44450098
44669064
44888568
45108610
45329190
45550308
45771964
45994158
46216890
46440160
46663968
46888314
47113198
47338620
47564580
47791078
48018114
48245688
48473800
48702450
48931638
49161364
49391628
49622430
49853770
50085648
50318064
50551018
50784510
51018540
51253108
51488214
51723858
51960040
52196760
52434018
52671814
52910148
53149020
53388430
53628378
53868864
54109888
54351450
54593550
54836188
55079364
55323078
55567330
55812120
56057448
56303314
56549718
56796660
57044140
57292158
57540714
57789808
58039440
58289610
58540318
58791564
59043348
59295670
59548530
59801928
60055864
60310338
60565350
60820900
61076988
61333614
61590778
61848480
62106720
62365498
62624814
62884668
63145060
63405990
63667458
63929464
64192008
64455090
64718710
64982868
65247564
65512798
65778570
66044880
66311728
66579114
66847038
67115500
67384500
67654038
67924114
68194728
68465880
68737570
69009798
69282564
69555868
69829710
70104090
70379008
70654464
70930458
71206990
71484060
71761668
72039814
72318498
72597720
72877480
73157778
73438614
73719988
74001900
74284350
74567338
74850864
75134928
75419530
75704670
75990348
76276564
76563318
76850610
77138440
77426808
77715714
78005158
155576419
