568
1704
3408
5680
8520
11928
15904
20448
25560
31240
37488
44304
51688
59640
68160
77248
86904
97128
107920
119280
131208
143704
156768
170400
184600
199368
214704
230608
247080
264120
281728
299904
318648
337960
357840
378288
399304
420888
443040
465760
489048
512904
537328
562320
587880
614008
640704
667968
695800
724200
753168
782704
812808
843480
874720
906528
938904
971848
1005360
1039440
1074088
1109304
1145088
1181440
1218360
1255848
1293904
1332528
1371720
1411480
1451808
1492704
1534168
1576200
1618800
1661968
1705704
1750008
1794880
1840320
1886328
1932904
1980048
2027760
2076040
2124888
2174304
2224288
2274840
2325960
2377648
2429904
2482728
2536120
2590080
2644608
2699704
2755368
2811600
2868400
2925768
2983704
3042208
3101280
3160920
3221128
3281904
3343248
3405160
3467640
3530688
3594304
3658488
3723240
3788560
3854448
3920904
3987928
4055520
4123680
4192408
4261704
4331568
4402000
4473000
4544568
4616704
4689408
4762680
4836520
4910928
4985904
5061448
5137560
5214240
5291488
5369304
5447688
5526640
5606160
5686248
5766904
5848128
5929920
6012280
6095208
6178704
6262768
6347400
6432600
6518368
6604704
6691608
6779080
6867120
6955728
7044904
7134648
7224960
7315840
7407288
7499304
7591888
7685040
7778760
7873048
7967904
8063328
8159320
8255880
8353008
8450704
8548968
8647800
8747200
8847168
8947704
9048808
9150480
9252720
9355528
9458904
9562848
9667360
9772440
9878088
9984304
10091088
10198440
10306360
10414848
10523904
10633528
10743720
10854480
10965808
11077704
11190168
11303200
11416800
11530968
11645704
11761008
11876880
11993320
12110328
12227904
12346048
12464760
12584040
12703888
12824304
12945288
13066840
13188960
13311648
13434904
13558728
13683120
13808080
13933608
14059704
14186368
14313600
14441400
14569768
14698704
14828208
14958280
15088920
15220128
15351904
15484248
15617160
15750640
15884688
16019304
16154488
16290240
16426560
16563448
16700904
16838928
16977520
17116680
17256408
17396704
17537568
17679000
17821000
17963568
18106704
18250408
18394680
18539520
18684928
18830904
18977448
19124560
19272240
19420488
19569304
19718688
19868640
20019160
20170248
20321904
20474128
20626920
20780280
20934208
21088704
21243768
21399400
21555600
21712368
21869704
22027608
22186080
22345120
22504728
22664904
22825648
22986960
23148840
23311288
23474304
23637888
23802040
23966760
24132048
24297904
24464328
24631320
24798880
24967008
25135704
25304968
25474800
25645200
25816168
25987704
26159808
26332480
26505720
26679528
26853904
27028848
27204360
27380440
27557088
27734304
27912088
28090440
28269360
28448848
28628904
28809528
28990720
29172480
29354808
29537704
29721168
29905200
30089800
30274968
30460704
30647008
30833880
31021320
31209328
31397904
31587048
31776760
31967040
32157888
32349304
32541288
32733840
32926960
33120648
33314904
33509728
33705120
33901080
34097608
34294704
34492368
34690600
34889400
35088768
35288704
35489208
35690280
35891920
36094128
36296904
36500248
36704160
36908640
37113688
37319304
37525488
37732240
37939560
38147448
38355904
38564928
38774520
38984680
39195408
39406704
39618568
39831000
40044000
40257568
40471704
40686408
40901680
41117520
41333928
41550904
41768448
41986560
42205240
42424488
42644304
42864688
43085640
43307160
43529248
43751904
43975128
44198920
44423280
44648208
44873704
45099768
45326400
45553600
45781368
46009704
46238608
46468080
46698120
46928728
47159904
47391648
47623960
47856840
48090288
48324304
48558888
48794040
49029760
49266048
49502904
49740328
49978320
50216880
50456008
50695704
50935968
51176800
51418200
51660168
51902704
52145808
52389480
52633720
52878528
53123904
53369848
53616360
53863440
54111088
54359304
54608088
54857440
55107360
55357848
55608904
55860528
56112720
56365480
56618808
56872704
57127168
57382200
57637800
57893968
58150704
58408008
58665880
58924320
59183328
59442904
59703048
59963760
60225040
60486888
60749304
61012288
61275840
61539960
61804648
62069904
62335728
62602120
62869080
63136608
63404704
63673368
63942600
64212400
64482768
64753704
65025208
65297280
65569920
65843128
66116904
66391248
66666160
66941640
67217688
67494304
67771488
68049240
68327560
68606448
68885904
69165928
69446520
69727680
70009408
70291704
70574568
70858000
71142000
71426568
71711704
71997408
72283680
72570520
72857928
73145904
73434448
73723560
74013240
74303488
74594304
74885688
75177640
75470160
75763248
76056904
76351128
76645920
76941280
77237208
77533704
77830768
78128400
78426600
78725368
79024704
79324608
79625080
79926120
80227728
80529904
80832648
81135960
81439840
81744288
82049304
82354888
82661040
82967760
83275048
83582904
83891328
84200320
84509880
84820008
85130704
85441968
85753800
86066200
86379168
86692704
87006808
87321480
87636720
87952528
88268904
88585848
88903360
89221440
89540088
89859304
90179088
90499440
90820360
91141848
91463904
91786528
568
1704
3408
5680
8520
11928
15904
20448
25560
31240
37488
44304
51688
59640
68160
77248
86904
97128
107920
119280
131208
143704
156768
170400
184600
199368
214704
230608
247080
264120
281728
299904
318648
337960
357840
378288
399304
420888
443040
465760
489048
512904
537328
562320
587880
614008
640704
667968
695800
724200
753168
782704
812808
843480
874720
906528
938904
971848
1005360
1039440
1074088
1109304
1145088
1181440
1218360
1255848
1293904
1332528
1371720
1411480
1451808
1492704
1534168
1576200
1618800
1661968
1705704
1750008
1794880
1840320
1886328
1932904
1980048
2027760
2076040
2124888
2174304
2224288
2274840
2325960
2377648
2429904
2482728
2536120
2590080
2644608
2699704
2755368
2811600
2868400
2925768
2983704
3042208
3101280
3160920
3221128
3281904
3343248
3405160
3467640
3530688
3594304
3658488
3723240
3788560
3854448
3920904
3987928
4055520
4123680
4192408
4261704
4331568
4402000
4473000
4544568
4616704
4689408
4762680
4836520
4910928
4985904
5061448
5137560
5214240
5291488
5369304
5447688
5526640
5606160
5686248
5766904
5848128
5929920
6012280
6095208
6178704
6262768
6347400
6432600
6518368
6604704
6691608
6779080
6867120
6955728
7044904
7134648
7224960
7315840
7407288
7499304
7591888
7685040
7778760
7873048
7967904
8063328
8159320
8255880
8353008
8450704
8548968
8647800
8747200
8847168
8947704
9048808
9150480
9252720
9355528
9458904
9562848
9667360
9772440
9878088
9984304
10091088
10198440
10306360
10414848
10523904
10633528
10743720
10854480
10965808
11077704
11190168
11303200
11416800
11530968
11645704
11761008
11876880
11993320
12110328
12227904
12346048
12464760
12584040
12703888
12824304
12945288
13066840
13188960
13311648
13434904
13558728
13683120
13808080
13933608
14059704
14186368
14313600
14441400
14569768
14698704
14828208
14958280
15088920
15220128
15351904
15484248
15617160
15750640
15884688
16019304
16154488
16290240
16426560
16563448
16700904
16838928
16977520
17116680
17256408
17396704
17537568
17679000
17821000
17963568
18106704
18250408
18394680
18539520
18684928
18830904
18977448
19124560
19272240
19420488
19569304
19718688
19868640
20019160
20170248
20321904
20474128
20626920
20780280
20934208
21088704
21243768
21399400
21555600
21712368
21869704
22027608
22186080
22345120
22504728
22664904
22825648
22986960
23148840
23311288
23474304
23637888
23802040
23966760
24132048
24297904
24464328
24631320
24798880
24967008
25135704
25304968
25474800
25645200
25816168
25987704
26159808
26332480
26505720
26679528
26853904
27028848
27204360
27380440
27557088
27734304
27912088
28090440
28269360
28448848
28628904
28809528
28990720
29172480
29354808
29537704
29721168
29905200
30089800
30274968
30460704
30647008
30833880
31021320
31209328
31397904
31587048
31776760
31967040
32157888
32349304
32541288
32733840
32926960
33120648
33314904
33509728
33705120
33901080
34097608
34294704
34492368
34690600
34889400
35088768
35288704
35489208
35690280
35891920
36094128
36296904
36500248
36704160
36908640
37113688
37319304
37525488
37732240
37939560
38147448
38355904
38564928
38774520
38984680
39195408
39406704
39618568
39831000
40044000
40257568
40471704
40686408
40901680
41117520
41333928
41550904
41768448
41986560
42205240
42424488
42644304
42864688
43085640
43307160
43529248
43751904
43975128
44198920
44423280
44648208
44873704
45099768
45326400
45553600
45781368
46009704
46238608
46468080
46698120
46928728
47159904
47391648
47623960
47856840
48090288
48324304
48558888
48794040
49029760
49266048
49502904
49740328
49978320
50216880
50456008
50695704
50935968
51176800
51418200
51660168
51902704
52145808
52389480
52633720
52878528
53123904
53369848
53616360
53863440
54111088
54359304
54608088
54857440
55107360
55357848
55608904
55860528
56112720
56365480
56618808
56872704
57127168
57382200
57637800
57893968
58150704
58408008
58665880
58924320
59183328
59442904
59703048
59963760
60225040
60486888
60749304
61012288
61275840
61539960
61804648
62069904
62335728
62602120
62869080
63136608
63404704
63673368
63942600
64212400
64482768
64753704
65025208
65297280
65569920
65843128
66116904
66391248
66666160
66941640
67217688
67494304
67771488
68049240
68327560
68606448
68885904
69165928
69446520
69727680
70009408
70291704
70574568
70858000
71142000
71426568
71711704
71997408
72283680
72570520
72857928
73145904
73434448
73723560
74013240
74303488
74594304
74885688
75177640
75470160
75763248
76056904
76351128
76645920
76941280
77237208
77533704
77830768
78128400
78426600
78725368
79024704
79324608
79625080
79926120
80227728
80529904
80832648
81135960
81439840
81744288
82049304
82354888
82661040
82967760
83275048
83582904
83891328
84200320
84509880
84820008
85130704
85441968
85753800
86066200
86379168
86692704
87006808
87321480
87636720
87952528
88268904
88585848
88903360
89221440
89540088
89859304
90179088
90499440
90820360
91141848
91463904
91786528
183573056
