912
2736
5472
9120
13680
19152
25536
32832
41040
50160
60192
71136
82992
95760
109440
124032
139536
155952
173280
191520
210672
230736
251712
273600
296400
320112
344736
370272
396720
424080
452352
481536
511632
542640
574560
607392
641136
675792
711360
747840
785232
823536
862752
902880
943920
985872
1028736
1072512
1117200
1162800
1209312
1256736
1305072
1354320
1404480
1455552
1507536
1560432
1614240
1668960
1724592
1781136
1838592
1896960
1956240
2016432
2077536
2139552
2202480
2266320
2331072
2396736
2463312
2530800
2599200
2668512
2738736
2809872
2881920
2954880
3028752
3103536
3179232
3255840
3333360
3411792
3491136
3571392
3652560
3734640
3817632
3901536
3986352
4072080
4158720
4246272
4334736
4424112
4514400
4605600
4697712
4790736
4884672
4979520
5075280
5171952
5269536
5368032
5467440
5567760
5668992
5771136
5874192
5978160
6083040
6188832
6295536
6403152
6511680
6621120
6731472
6842736
6954912
7068000
7182000
7296912
7412736
7529472
7647120
7765680
7885152
8005536
8126832
8249040
8372160
8496192
8621136
8746992
8873760
9001440
9130032
9259536
9389952
9521280
9653520
9786672
9920736
10055712
10191600
10328400
10466112
10604736
10744272
10884720
11026080
11168352
11311536
11455632
11600640
11746560
11893392
12041136
12189792
12339360
12489840
12641232
12793536
12946752
13100880
13255920
13411872
13568736
13726512
13885200
14044800
14205312
14366736
14529072
14692320
14856480
15021552
15187536
15354432
15522240
15690960
15860592
16031136
16202592
16374960
16548240
16722432
16897536
17073552
17250480
17428320
17607072
17786736
17967312
18148800
18331200
18514512
18698736
18883872
19069920
19256880
19444752
19633536
19823232
20013840
20205360
20397792
20591136
20785392
20980560
21176640
21373632
21571536
21770352
21970080
22170720
22372272
22574736
22778112
22982400
23187600
23393712
23600736
23808672
24017520
24227280
24437952
24649536
24862032
25075440
25289760
25504992
25721136
25938192
26156160
26375040
26594832
26815536
27037152
27259680
27483120
27707472
27932736
28158912
28386000
28614000
28842912
29072736
29303472
29535120
29767680
30001152
30235536
30470832
30707040
30944160
31182192
31421136
31660992
31901760
32143440
32386032
32629536
32873952
33119280
33365520
33612672
33860736
34109712
34359600
34610400
34862112
35114736
35368272
35622720
35878080
36134352
36391536
36649632
36908640
37168560
37429392
37691136
37953792
38217360
38481840
38747232
39013536
39280752
39548880
39817920
40087872
40358736
40630512
40903200
41176800
41451312
41726736
42003072
42280320
42558480
42837552
43117536
43398432
43680240
43962960
44246592
44531136
44816592
45102960
45390240
45678432
45967536
46257552
46548480
46840320
47133072
47426736
47721312
48016800
48313200
48610512
48908736
49207872
49507920
49808880
50110752
50413536
50717232
51021840
51327360
51633792
51941136
52249392
52558560
52868640
53179632
53491536
53804352
54118080
54432720
54748272
55064736
55382112
55700400
56019600
56339712
56660736
56982672
57305520
57629280
57953952
58279536
58606032
58933440
59261760
59590992
59921136
60252192
60584160
60917040
61250832
61585536
61921152
62257680
62595120
62933472
63272736
63612912
63954000
64296000
64638912
64982736
65327472
65673120
66019680
66367152
66715536
67064832
67415040
67766160
68118192
68471136
68824992
69179760
69535440
69892032
70249536
70607952
70967280
71327520
71688672
72050736
72413712
72777600
73142400
73508112
73874736
74242272
74610720
74980080
75350352
75721536
76093632
76466640
76840560
77215392
77591136
77967792
78345360
78723840
79103232
79483536
79864752
80246880
80629920
81013872
81398736
81784512
82171200
82558800
82947312
83336736
83727072
84118320
84510480
84903552
85297536
85692432
86088240
86484960
86882592
87281136
87680592
88080960
88482240
88884432
89287536
89691552
90096480
90502320
90909072
91316736
91725312
92134800
92545200
92956512
93368736
93781872
94195920
94610880
95026752
95443536
95861232
96279840
96699360
97119792
97541136
97963392
98386560
98810640
99235632
99661536
100088352
100516080
100944720
101374272
101804736
102236112
102668400
103101600
103535712
103970736
104406672
104843520
105281280
105719952
106159536
106600032
107041440
107483760
107926992
108371136
108816192
109262160
109709040
110156832
110605536
111055152
111505680
111957120
112409472
112862736
113316912
113772000
114228000
114684912
115142736
115601472
116061120
116521680
116983152
117445536
117908832
118373040
118838160
119304192
119771136
120238992
120707760
121177440
121648032
122119536
122591952
123065280
123539520
124014672
124490736
124967712
125445600
125924400
126404112
126884736
127366272
127848720
128332080
128816352
129301536
129787632
130274640
130762560
131251392
131741136
132231792
132723360
133215840
133709232
134203536
134698752
135194880
135691920
136189872
136688736
137188512
137689200
138190800
138693312
139196736
139701072
140206320
140712480
141219552
141727536
142236432
142746240
143256960
143768592
144281136
144794592
145308960
145824240
146340432
146857536
147375552
147894480
148414320
148935072
149456736
149979312
150502800
151027200
151552512
152078736
152605872
153133920
153662880
154192752
154723536
155255232
155787840
156321360
156855792
157391136
157927392
158464560
159002640
159541632
160081536
160622352
161164080
161706720
162250272
162794736
163340112
163886400
164433600
164981712
165530736
166080672
166631520
167183280
167735952
168289536
168844032
169399440
169955760
170512992
171071136
171630192
172190160
172751040
173312832
173875536
174439152
175003680
175569120
176135472
176702736
177270912
177840000
178410000
178980912
179552736
180125472
180699120
181273680
181849152
182425536
183002832
183581040
184160160
184740192
185321136
185902992
186485760
187069440
187654032
188239536
188825952
189413280
190001520
190590672
191180736
191771712
192363600
192956400
193550112
194144736
194740272
195336720
195934080
196532352
197131536
197731632
198332640
198934560
199537392
200141136
200745792
201351360
201957840
202565232
203173536
203782752
204392880
205003920
205615872
206228736
206842512
207457200
208072800
208689312
209306736
209925072
210544320
211164480
211785552
212407536
213030432
213654240
214278960
214904592
215531136
216158592
216786960
217416240
218046432
218677536
219309552
219942480
220576320
221211072
221846736
222483312
223120800
223759200
224398512
225038736
225679872
226321920
226964880
227608752
228253536
228899232
229545840
230193360
230841792
231491136
232141392
232792560
233444640
234097632
234751536
235406352
236062080
236718720
237376272
238034736
238694112
239354400
240015600
240677712
241340736
242004672
242669520
243335280
244001952
244669536
245338032
246007440
246677760
247348992
248021136
248694192
249368160
250043040
250718832
251395536
252073152
252751680
253431120
254111472
254792736
255474912
256158000
256842000
257526912
258212736
258899472
259587120
260275680
260965152
261655536
262346832
263039040
263732160
264426192
265121136
265816992
266513760
267211440
267910032
268609536
269309952
270011280
270713520
271416672
272120736
272825712
273531600
274238400
274946112
275654736
276364272
277074720
277786080
278498352
279211536
279925632
280640640
281356560
282073392
282791136
283509792
284229360
284949840
285671232
286393536
287116752
287840880
288565920
289291872
290018736
290746512
291475200
292204800
292935312
293666736
294399072
295132320
295866480
296601552
297337536
298074432
298812240
299550960
300290592
301031136
301772592
302514960
303258240
304002432
304747536
305493552
306240480
306988320
307737072
308486736
309237312
309988800
310741200
311494512
312248736
313003872
313759920
314516880
315274752
316033536
316793232
317553840
318315360
319077792
319841136
320605392
321370560
322136640
322903632
323671536
324440352
325210080
325980720
326752272
327524736
328298112
329072400
329847600
330623712
331400736
332178672
332957520
333737280
334517952
335299536
336082032
336865440
337649760
338434992
339221136
340008192
340796160
341585040
342374832
343165536
343957152
344749680
345543120
346337472
347132736
347928912
348726000
349524000
350322912
351122736
351923472
352725120
353527680
354331152
355135536
355940832
356747040
357554160
358362192
359171136
359980992
360791760
361603440
362416032
363229536
364043952
364859280
365675520
366492672
367310736
368129712
368949600
369770400
370592112
371414736
372238272
373062720
373888080
374714352
375541536
376369632
377198640
378028560
378859392
379691136
912
2736
5472
9120
13680
19152
25536
32832
41040
50160
60192
71136
82992
95760
109440
124032
139536
155952
173280
191520
210672
230736
251712
273600
296400
320112
344736
370272
396720
424080
452352
481536
511632
542640
574560
607392
641136
675792
711360
747840
785232
823536
862752
902880
943920
985872
1028736
1072512
1117200
1162800
1209312
1256736
1305072
1354320
1404480
1455552
1507536
1560432
1614240
1668960
1724592
1781136
1838592
1896960
1956240
2016432
2077536
2139552
2202480
2266320
2331072
2396736
2463312
2530800
2599200
2668512
2738736
2809872
2881920
2954880
3028752
3103536
3179232
3255840
3333360
3411792
3491136
3571392
3652560
3734640
3817632
3901536
3986352
4072080
4158720
4246272
4334736
4424112
4514400
4605600
4697712
4790736
4884672
4979520
5075280
5171952
5269536
5368032
5467440
5567760
5668992
5771136
5874192
5978160
6083040
6188832
6295536
6403152
6511680
6621120
6731472
6842736
6954912
7068000
7182000
7296912
7412736
7529472
7647120
7765680
7885152
8005536
8126832
8249040
8372160
8496192
8621136
8746992
8873760
9001440
9130032
9259536
9389952
9521280
9653520
9786672
9920736
10055712
10191600
10328400
10466112
10604736
10744272
10884720
11026080
11168352
11311536
11455632
11600640
11746560
11893392
12041136
12189792
12339360
12489840
12641232
12793536
12946752
13100880
13255920
13411872
13568736
13726512
13885200
14044800
14205312
14366736
14529072
14692320
14856480
15021552
15187536
15354432
15522240
15690960
15860592
16031136
16202592
16374960
16548240
16722432
16897536
17073552
17250480
17428320
17607072
17786736
17967312
18148800
18331200
18514512
18698736
18883872
19069920
19256880
19444752
19633536
19823232
20013840
20205360
20397792
20591136
20785392
20980560
21176640
21373632
21571536
21770352
21970080
22170720
22372272
22574736
22778112
22982400
23187600
23393712
23600736
23808672
24017520
24227280
24437952
24649536
24862032
25075440
25289760
25504992
25721136
25938192
26156160
26375040
26594832
26815536
27037152
27259680
27483120
27707472
27932736
28158912
28386000
28614000
28842912
29072736
29303472
29535120
29767680
30001152
30235536
30470832
30707040
30944160
31182192
31421136
31660992
31901760
32143440
32386032
32629536
32873952
33119280
33365520
33612672
33860736
34109712
34359600
34610400
34862112
35114736
35368272
35622720
35878080
36134352
36391536
36649632
36908640
37168560
37429392
37691136
37953792
38217360
38481840
38747232
39013536
39280752
39548880
39817920
40087872
40358736
40630512
40903200
41176800
41451312
41726736
42003072
42280320
42558480
42837552
43117536
43398432
43680240
43962960
44246592
44531136
44816592
45102960
45390240
45678432
45967536
46257552
46548480
46840320
47133072
47426736
47721312
48016800
48313200
48610512
48908736
49207872
49507920
49808880
50110752
50413536
50717232
51021840
51327360
51633792
51941136
52249392
52558560
52868640
53179632
53491536
53804352
54118080
54432720
54748272
55064736
55382112
55700400
56019600
56339712
56660736
56982672
57305520
57629280
57953952
58279536
58606032
58933440
59261760
59590992
59921136
60252192
60584160
60917040
61250832
61585536
61921152
62257680
62595120
62933472
63272736
63612912
63954000
64296000
64638912
64982736
65327472
65673120
66019680
66367152
66715536
67064832
67415040
67766160
68118192
68471136
68824992
69179760
69535440
69892032
70249536
70607952
70967280
71327520
71688672
72050736
72413712
72777600
73142400
73508112
73874736
74242272
74610720
74980080
75350352
75721536
76093632
76466640
76840560
77215392
77591136
77967792
78345360
78723840
79103232
79483536
79864752
80246880
80629920
81013872
81398736
81784512
82171200
82558800
82947312
83336736
83727072
84118320
84510480
84903552
85297536
85692432
86088240
86484960
86882592
87281136
87680592
88080960
88482240
88884432
89287536
89691552
90096480
90502320
90909072
91316736
91725312
92134800
92545200
92956512
93368736
93781872
94195920
94610880
95026752
95443536
95861232
96279840
96699360
97119792
97541136
97963392
98386560
98810640
99235632
99661536
100088352
100516080
100944720
101374272
101804736
102236112
102668400
103101600
103535712
103970736
104406672
104843520
105281280
105719952
106159536
106600032
107041440
107483760
107926992
108371136
108816192
109262160
109709040
110156832
110605536
111055152
111505680
111957120
112409472
112862736
113316912
113772000
114228000
114684912
115142736
115601472
116061120
116521680
116983152
117445536
117908832
118373040
118838160
119304192
119771136
120238992
120707760
121177440
121648032
122119536
122591952
123065280
123539520
124014672
124490736
124967712
125445600
125924400
126404112
126884736
127366272
127848720
128332080
128816352
129301536
129787632
130274640
130762560
131251392
131741136
132231792
132723360
133215840
133709232
134203536
134698752
135194880
135691920
136189872
136688736
137188512
137689200
138190800
138693312
139196736
139701072
140206320
140712480
141219552
141727536
142236432
142746240
143256960
143768592
144281136
144794592
145308960
145824240
146340432
146857536
147375552
147894480
148414320
148935072
149456736
149979312
150502800
151027200
151552512
152078736
152605872
153133920
153662880
154192752
154723536
155255232
155787840
156321360
156855792
157391136
157927392
158464560
159002640
159541632
160081536
160622352
161164080
161706720
162250272
162794736
163340112
163886400
164433600
164981712
165530736
166080672
166631520
167183280
167735952
168289536
168844032
169399440
169955760
170512992
171071136
171630192
172190160
172751040
173312832
173875536
174439152
175003680
175569120
176135472
176702736
177270912
177840000
178410000
178980912
179552736
180125472
180699120
181273680
181849152
182425536
183002832
183581040
184160160
184740192
185321136
185902992
186485760
187069440
187654032
188239536
188825952
189413280
190001520
190590672
191180736
191771712
192363600
192956400
193550112
194144736
194740272
195336720
195934080
196532352
197131536
197731632
198332640
198934560
199537392
200141136
200745792
201351360
201957840
202565232
203173536
203782752
204392880
205003920
205615872
206228736
206842512
207457200
208072800
208689312
209306736
209925072
210544320
211164480
211785552
212407536
213030432
213654240
214278960
214904592
215531136
216158592
216786960
217416240
218046432
218677536
219309552
219942480
220576320
221211072
221846736
222483312
223120800
223759200
224398512
225038736
225679872
226321920
226964880
227608752
228253536
228899232
229545840
230193360
230841792
231491136
232141392
232792560
233444640
234097632
234751536
235406352
236062080
236718720
237376272
238034736
238694112
239354400
240015600
240677712
241340736
242004672
242669520
243335280
244001952
244669536
245338032
246007440
246677760
247348992
248021136
248694192
249368160
250043040
250718832
251395536
252073152
252751680
253431120
254111472
254792736
255474912
256158000
256842000
257526912
258212736
258899472
259587120
260275680
260965152
261655536
262346832
263039040
263732160
264426192
265121136
265816992
266513760
267211440
267910032
268609536
269309952
270011280
270713520
271416672
272120736
272825712
273531600
274238400
274946112
275654736
276364272
277074720
277786080
278498352
279211536
279925632
280640640
281356560
282073392
282791136
283509792
284229360
284949840
285671232
286393536
287116752
287840880
288565920
289291872
290018736
290746512
291475200
292204800
292935312
293666736
294399072
295132320
295866480
296601552
297337536
298074432
298812240
299550960
300290592
301031136
301772592
302514960
303258240
304002432
304747536
305493552
306240480
306988320
307737072
308486736
309237312
309988800
310741200
311494512
312248736
313003872
313759920
314516880
315274752
316033536
316793232
317553840
318315360
319077792
319841136
320605392
321370560
322136640
322903632
323671536
324440352
325210080
325980720
326752272
327524736
328298112
329072400
329847600
330623712
331400736
332178672
332957520
333737280
334517952
335299536
336082032
336865440
337649760
338434992
339221136
340008192
340796160
341585040
342374832
343165536
343957152
344749680
345543120
346337472
347132736
347928912
348726000
349524000
350322912
351122736
351923472
352725120
353527680
354331152
355135536
355940832
356747040
357554160
358362192
359171136
359980992
360791760
361603440
362416032
363229536
364043952
364859280
365675520
366492672
367310736
368129712
368949600
369770400
370592112
371414736
372238272
373062720
373888080
374714352
375541536
376369632
377198640
378028560
378859392
379691136
759382272
