668
2004
4008
6680
10020
14028
18704
24048
30060
36740
44088
52104
60788
70140
80160
90848
102204
114228
126920
140280
154308
169004
184368
200400
217100
234468
252504
271208
290580
310620
331328
352704
374748
397460
420840
444888
469604
494988
521040
547760
575148
603204
631928
661320
691380
722108
753504
785568
818300
851700
885768
920504
955908
991980
1028720
1066128
1104204
1142948
1182360
1222440
1263188
1304604
1346688
1389440
1432860
1476948
1521704
1567128
1613220
1659980
1707408
1755504
1804268
1853700
1903800
1954568
2006004
2058108
2110880
2164320
2218428
2273204
2328648
2384760
2441540
2498988
2557104
2615888
2675340
2735460
2796248
2857704
2919828
2982620
3046080
3110208
3175004
3240468
3306600
3373400
3440868
3509004
3577808
3647280
3717420
3788228
3859704
3931848
4004660
4078140
4152288
4227104
4302588
4378740
4455560
4533048
4611204
4690028
4769520
4849680
4930508
5012004
5094168
5177000
5260500
5344668
5429504
5515008
5601180
5688020
5775528
5863704
5952548
6042060
6132240
6223088
6314604
6406788
6499640
6593160
6687348
6782204
6877728
6973920
7070780
7168308
7266504
7365368
7464900
7565100
7665968
7767504
7869708
7972580
8076120
8180328
8285204
8390748
8496960
8603840
8711388
8819604
8928488
9038040
9148260
9259148
9370704
9482928
9595820
9709380
9823608
9938504
10054068
10170300
10287200
10404768
10523004
10641908
10761480
10881720
11002628
11124204
11246448
11369360
11492940
11617188
11742104
11867688
11993940
12120860
12248448
12376704
12505628
12635220
12765480
12896408
13028004
13160268
13293200
13426800
13561068
13696004
13831608
13967880
14104820
14242428
14380704
14519648
14659260
14799540
14940488
15082104
15224388
15367340
15510960
15655248
15800204
15945828
16092120
16239080
16386708
16535004
16683968
16833600
16983900
17134868
17286504
17438808
17591780
17745420
17899728
18054704
18210348
18366660
18523640
18681288
18839604
18998588
19158240
19318560
19479548
19641204
19803528
19966520
20130180
20294508
20459504
20625168
20791500
20958500
21126168
21294504
21463508
21633180
21803520
21974528
22146204
22318548
22491560
22665240
22839588
23014604
23190288
23366640
23543660
23721348
23899704
24078728
24258420
24438780
24619808
24801504
24983868
25166900
25350600
25534968
25720004
25905708
26092080
26279120
26466828
26655204
26844248
27033960
27224340
27415388
27607104
27799488
27992540
28186260
28380648
28575704
28771428
28967820
29164880
29362608
29561004
29760068
29959800
30160200
30361268
30563004
30765408
30968480
31172220
31376628
31581704
31787448
31993860
32200940
32408688
32617104
32826188
33035940
33246360
33457448
33669204
33881628
34094720
34308480
34522908
34738004
34953768
35170200
35387300
35605068
35823504
36042608
36262380
36482820
36703928
36925704
37148148
37371260
37595040
37819488
38044604
38270388
38496840
38723960
38951748
39180204
39409328
39639120
39869580
40100708
40332504
40564968
40798100
41031900
41266368
41501504
41737308
41973780
42210920
42448728
42687204
42926348
43166160
43406640
43647788
43889604
44132088
44375240
44619060
44863548
45108704
45354528
45601020
45848180
46096008
46344504
46593668
46843500
47094000
47345168
47597004
47849508
48102680
48356520
48611028
48866204
49122048
49378560
49635740
49893588
50152104
50411288
50671140
50931660
51192848
51454704
51717228
51980420
52244280
52508808
52774004
53039868
53306400
53573600
53841468
54110004
54379208
54649080
54919620
55190828
55462704
55735248
56008460
56282340
56556888
56832104
57107988
57384540
57661760
57939648
58218204
58497428
58777320
59057880
59339108
59621004
59903568
60186800
60470700
60755268
61040504
61326408
61612980
61900220
62188128
62476704
62765948
63055860
63346440
63637688
63929604
64222188
64515440
64809360
65103948
65399204
65695128
65991720
66288980
66586908
66885504
67184768
67484700
67785300
68086568
68388504
68691108
68994380
69298320
69602928
69908204
70214148
70520760
70828040
71135988
71444604
71753888
72063840
72374460
72685748
72997704
73310328
73623620
73937580
74252208
74567504
74883468
75200100
75517400
75835368
76154004
76473308
76793280
77113920
77435228
77757204
78079848
78403160
78727140
79051788
79377104
79703088
80029740
80357060
80685048
81013704
81343028
81673020
82003680
82335008
82667004
82999668
83333000
83667000
84001668
84337004
84673008
85009680
85347020
85685028
86023704
86363048
86703060
87043740
87385088
87727104
88069788
88413140
88757160
89101848
89447204
89793228
90139920
90487280
90835308
91184004
91533368
91883400
92234100
92585468
92937504
93290208
93643580
93997620
94352328
94707704
95063748
95420460
95777840
96135888
96494604
96853988
97214040
97574760
97936148
98298204
98660928
99024320
99388380
99753108
100118504
100484568
100851300
101218700
101586768
101955504
102324908
102694980
103065720
103437128
103809204
104181948
104555360
104929440
105304188
105679604
106055688
106432440
106809860
107187948
107566704
107946128
108326220
108706980
109088408
109470504
109853268
110236700
110620800
111005568
111391004
111777108
112163880
112551320
112939428
113328204
113717648
114107760
114498540
114889988
115282104
115674888
116068340
116462460
116857248
117252704
117648828
118045620
118443080
118841208
119240004
119639468
120039600
120440400
120841868
121244004
121646808
122050280
122454420
122859228
123264704
123670848
124077660
124485140
124893288
125302104
125711588
126121740
126532560
126944048
127356204
127769028
128182520
128596680
129011508
129427004
129843168
130260000
130677500
131095668
131514504
131934008
132354180
132775020
133196528
133618704
134041548
134465060
134889240
135314088
135739604
136165788
136592640
137020160
137448348
137877204
138306728
138736920
139167780
139599308
140031504
140464368
140897900
141332100
141766968
142202504
142638708
143075580
143513120
143951328
144390204
144829748
145269960
145710840
146152388
146594604
147037488
147481040
147925260
148370148
148815704
149261928
668
2004
4008
6680
10020
14028
18704
24048
30060
36740
44088
52104
60788
70140
80160
90848
102204
114228
126920
140280
154308
169004
184368
200400
217100
234468
252504
271208
290580
310620
331328
352704
374748
397460
420840
444888
469604
494988
521040
547760
575148
603204
631928
661320
691380
722108
753504
785568
818300
851700
885768
920504
955908
991980
1028720
1066128
1104204
1142948
1182360
1222440
1263188
1304604
1346688
1389440
1432860
1476948
1521704
1567128
1613220
1659980
1707408
1755504
1804268
1853700
1903800
1954568
2006004
2058108
2110880
2164320
2218428
2273204
2328648
2384760
2441540
2498988
2557104
2615888
2675340
2735460
2796248
2857704
2919828
2982620
3046080
3110208
3175004
3240468
3306600
3373400
3440868
3509004
3577808
3647280
3717420
3788228
3859704
3931848
4004660
4078140
4152288
4227104
4302588
4378740
4455560
4533048
4611204
4690028
4769520
4849680
4930508
5012004
5094168
5177000
5260500
5344668
5429504
5515008
5601180
5688020
5775528
5863704
5952548
6042060
6132240
6223088
6314604
6406788
6499640
6593160
6687348
6782204
6877728
6973920
7070780
7168308
7266504
7365368
7464900
7565100
7665968
7767504
7869708
7972580
8076120
8180328
8285204
8390748
8496960
8603840
8711388
8819604
8928488
9038040
9148260
9259148
9370704
9482928
9595820
9709380
9823608
9938504
10054068
10170300
10287200
10404768
10523004
10641908
10761480
10881720
11002628
11124204
11246448
11369360
11492940
11617188
11742104
11867688
11993940
12120860
12248448
12376704
12505628
12635220
12765480
12896408
13028004
13160268
13293200
13426800
13561068
13696004
13831608
13967880
14104820
14242428
14380704
14519648
14659260
14799540
14940488
15082104
15224388
15367340
15510960
15655248
15800204
15945828
16092120
16239080
16386708
16535004
16683968
16833600
16983900
17134868
17286504
17438808
17591780
17745420
17899728
18054704
18210348
18366660
18523640
18681288
18839604
18998588
19158240
19318560
19479548
19641204
19803528
19966520
20130180
20294508
20459504
20625168
20791500
20958500
21126168
21294504
21463508
21633180
21803520
21974528
22146204
22318548
22491560
22665240
22839588
23014604
23190288
23366640
23543660
23721348
23899704
24078728
24258420
24438780
24619808
24801504
24983868
25166900
25350600
25534968
25720004
25905708
26092080
26279120
26466828
26655204
26844248
27033960
27224340
27415388
27607104
27799488
27992540
28186260
28380648
28575704
28771428
28967820
29164880
29362608
29561004
29760068
29959800
30160200
30361268
30563004
30765408
30968480
31172220
31376628
31581704
31787448
31993860
32200940
32408688
32617104
32826188
33035940
33246360
33457448
33669204
33881628
34094720
34308480
34522908
34738004
34953768
35170200
35387300
35605068
35823504
36042608
36262380
36482820
36703928
36925704
37148148
37371260
37595040
37819488
38044604
38270388
38496840
38723960
38951748
39180204
39409328
39639120
39869580
40100708
40332504
40564968
40798100
41031900
41266368
41501504
41737308
41973780
42210920
42448728
42687204
42926348
43166160
43406640
43647788
43889604
44132088
44375240
44619060
44863548
45108704
45354528
45601020
45848180
46096008
46344504
46593668
46843500
47094000
47345168
47597004
47849508
48102680
48356520
48611028
48866204
49122048
49378560
49635740
49893588
50152104
50411288
50671140
50931660
51192848
51454704
51717228
51980420
52244280
52508808
52774004
53039868
53306400
53573600
53841468
54110004
54379208
54649080
54919620
55190828
55462704
55735248
56008460
56282340
56556888
56832104
57107988
57384540
57661760
57939648
58218204
58497428
58777320
59057880
59339108
59621004
59903568
60186800
60470700
60755268
61040504
61326408
61612980
61900220
62188128
62476704
62765948
63055860
63346440
63637688
63929604
64222188
64515440
64809360
65103948
65399204
65695128
65991720
66288980
66586908
66885504
67184768
67484700
67785300
68086568
68388504
68691108
68994380
69298320
69602928
69908204
70214148
70520760
70828040
71135988
71444604
71753888
72063840
72374460
72685748
72997704
73310328
73623620
73937580
74252208
74567504
74883468
75200100
75517400
75835368
76154004
76473308
76793280
77113920
77435228
77757204
78079848
78403160
78727140
79051788
79377104
79703088
80029740
80357060
80685048
81013704
81343028
81673020
82003680
82335008
82667004
82999668
83333000
83667000
84001668
84337004
84673008
85009680
85347020
85685028
86023704
86363048
86703060
87043740
87385088
87727104
88069788
88413140
88757160
89101848
89447204
89793228
90139920
90487280
90835308
91184004
91533368
91883400
92234100
92585468
92937504
93290208
93643580
93997620
94352328
94707704
95063748
95420460
95777840
96135888
96494604
96853988
97214040
97574760
97936148
98298204
98660928
99024320
99388380
99753108
100118504
100484568
100851300
101218700
101586768
101955504
102324908
102694980
103065720
103437128
103809204
104181948
104555360
104929440
105304188
105679604
106055688
106432440
106809860
107187948
107566704
107946128
108326220
108706980
109088408
109470504
109853268
110236700
110620800
111005568
111391004
111777108
112163880
112551320
112939428
113328204
113717648
114107760
114498540
114889988
115282104
115674888
116068340
116462460
116857248
117252704
117648828
118045620
118443080
118841208
119240004
119639468
120039600
120440400
120841868
121244004
121646808
122050280
122454420
122859228
123264704
123670848
124077660
124485140
124893288
125302104
125711588
126121740
126532560
126944048
127356204
127769028
128182520
128596680
129011508
129427004
129843168
130260000
130677500
131095668
131514504
131934008
132354180
132775020
133196528
133618704
134041548
134465060
134889240
135314088
135739604
136165788
136592640
137020160
137448348
137877204
138306728
138736920
139167780
139599308
140031504
140464368
140897900
141332100
141766968
142202504
142638708
143075580
143513120
143951328
144390204
144829748
145269960
145710840
146152388
146594604
147037488
147481040
147925260
148370148
148815704
149261928
298523856
