286
858
1716
2860
4290
6006
8008
10296
12870
15730
18876
22308
26026
30030
34320
38896
43758
48906
54340
60060
66066
72358
78936
85800
92950
100386
108108
116116
124410
132990
141856
151008
160446
170170
180180
190476
201058
211926
223080
234520
246246
258258
270556
283140
296010
309166
322608
336336
350350
364650
379236
394108
409266
424710
440440
456456
472758
489346
506220
523380
540826
558558
576576
594880
613470
632346
651508
670956
690690
710710
731016
751608
772486
793650
815100
836836
858858
881166
903760
926640
949806
973258
996996
1021020
1045330
1069926
1094808
1119976
1145430
1171170
1197196
1223508
1250106
1276990
1304160
1331616
1359358
1387386
1415700
1444300
1473186
1502358
1531816
1561560
1591590
1621906
1652508
1683396
1714570
1746030
1777776
1809808
1842126
1874730
1907620
1940796
1974258
2008006
2042040
2076360
2110966
2145858
2181036
2216500
2252250
2288286
2324608
2361216
2398110
2435290
2472756
2510508
2548546
2586870
2625480
2664376
2703558
2743026
2782780
2822820
2863146
2903758
2944656
2985840
3027310
3069066
3111108
3153436
3196050
3238950
3282136
3325608
3369366
3413410
3457740
3502356
3547258
3592446
3637920
3683680
3729726
3776058
3822676
3869580
3916770
3964246
4012008
4060056
4108390
4157010
4205916
4255108
4304586
4354350
4404400
4454736
4505358
4556266
4607460
4658940
4710706
4762758
4815096
4867720
4920630
4973826
5027308
5081076
5135130
5189470
5244096
5299008
5354206
5409690
5465460
5521516
5577858
5634486
5691400
5748600
5806086
5863858
5921916
5980260
6038890
6097806
6157008
6216496
6276270
6336330
6396676
6457308
6518226
6579430
6640920
6702696
6764758
6827106
6889740
6952660
7015866
7079358
7143136
7207200
7271550
7336186
7401108
7466316
7531810
7597590
7663656
7730008
7796646
7863570
7930780
7998276
8066058
8134126
8202480
8271120
8340046
8409258
8478756
8548540
8618610
8688966
8759608
8830536
8901750
8973250
9045036
9117108
9189466
9262110
9335040
9408256
9481758
9555546
9629620
9703980
9778626
9853558
9928776
10004280
10080070
10156146
10232508
10309156
10386090
10463310
10540816
10618608
10696686
10775050
10853700
10932636
11011858
11091366
11171160
11251240
11331606
11412258
11493196
11574420
11655930
11737726
286
858
1716
2860
4290
6006
8008
10296
12870
15730
18876
22308
26026
30030
34320
38896
43758
48906
54340
60060
66066
72358
78936
85800
92950
100386
108108
116116
124410
132990
141856
151008
160446
170170
180180
190476
201058
211926
223080
234520
246246
258258
270556
283140
296010
309166
322608
336336
350350
364650
379236
394108
409266
424710
440440
456456
472758
489346
506220
523380
540826
558558
576576
594880
613470
632346
651508
670956
690690
710710
731016
751608
772486
793650
815100
836836
858858
881166
903760
926640
949806
973258
996996
1021020
1045330
1069926
1094808
1119976
1145430
1171170
1197196
1223508
1250106
1276990
1304160
1331616
1359358
1387386
1415700
1444300
1473186
1502358
1531816
1561560
1591590
1621906
1652508
1683396
1714570
1746030
1777776
1809808
1842126
1874730
1907620
1940796
1974258
2008006
2042040
2076360
2110966
2145858
2181036
2216500
2252250
2288286
2324608
2361216
2398110
2435290
2472756
2510508
2548546
2586870
2625480
2664376
2703558
2743026
2782780
2822820
2863146
2903758
2944656
2985840
3027310
3069066
3111108
3153436
3196050
3238950
3282136
3325608
3369366
3413410
3457740
3502356
3547258
3592446
3637920
3683680
3729726
3776058
3822676
3869580
3916770
3964246
4012008
4060056
4108390
4157010
4205916
4255108
4304586
4354350
4404400
4454736
4505358
4556266
4607460
4658940
4710706
4762758
4815096
4867720
4920630
4973826
5027308
5081076
5135130
5189470
5244096
5299008
5354206
5409690
5465460
5521516
5577858
5634486
5691400
5748600
5806086
5863858
5921916
5980260
6038890
6097806
6157008
6216496
6276270
6336330
6396676
6457308
6518226
6579430
6640920
6702696
6764758
6827106
6889740
6952660
7015866
7079358
7143136
7207200
7271550
7336186
7401108
7466316
7531810
7597590
7663656
7730008
7796646
7863570
7930780
7998276
8066058
8134126
8202480
8271120
8340046
8409258
8478756
8548540
8618610
8688966
8759608
8830536
8901750
8973250
9045036
9117108
9189466
9262110
9335040
9408256
9481758
9555546
9629620
9703980
9778626
9853558
9928776
10004280
10080070
10156146
10232508
10309156
10386090
10463310
10540816
10618608
10696686
10775050
10853700
10932636
11011858
11091366
11171160
11251240
11331606
11412258
11493196
11574420
11655930
11737726
23475452
