755
2265
4530
7550
11325
15855
21140
27180
33975
41525
49830
58890
68705
79275
90600
102680
115515
129105
143450
158550
174405
191015
208380
226500
245375
265005
285390
306530
328425
351075
374480
398640
423555
449225
475650
502830
530765
559455
588900
619100
650055
681765
714230
747450
781425
816155
851640
887880
924875
962625
1001130
1040390
1080405
1121175
1162700
1204980
1248015
1291805
1336350
1381650
1427705
1474515
1522080
1570400
1619475
1669305
1719890
1771230
1823325
1876175
1929780
1984140
2039255
2095125
2151750
2209130
2267265
2326155
2385800
2446200
2507355
2569265
2631930
2695350
2759525
2824455
2890140
2956580
3023775
3091725
3160430
3229890
3300105
3371075
3442800
3515280
3588515
3662505
3737250
3812750
3889005
3966015
4043780
4122300
4201575
4281605
4362390
4443930
4526225
4609275
4693080
4777640
4862955
4949025
5035850
5123430
5211765
5300855
5390700
5481300
5572655
5664765
5757630
5851250
5945625
6040755
6136640
6233280
6330675
6428825
6527730
6627390
6727805
6828975
6930900
7033580
7137015
7241205
7346150
7451850
7558305
7665515
7773480
7882200
7991675
8101905
8212890
8324630
8437125
8550375
8664380
8779140
8894655
9010925
9127950
9245730
9364265
9483555
9603600
9724400
9845955
9968265
10091330
10215150
10339725
10465055
10591140
10717980
10845575
10973925
11103030
11232890
11363505
11494875
11627000
11759880
11893515
12027905
12163050
12298950
12435605
12573015
12711180
12850100
12989775
13130205
13271390
13413330
13556025
13699475
13843680
13988640
14134355
14280825
14428050
14576030
14724765
14874255
15024500
15175500
15327255
15479765
15633030
15787050
15941825
16097355
16253640
16410680
16568475
16727025
16886330
17046390
17207205
17368775
17531100
17694180
17858015
18022605
18187950
18354050
18520905
18688515
18856880
19026000
19195875
19366505
19537890
19710030
19882925
20056575
20230980
20406140
20582055
20758725
20936150
21114330
21293265
21472955
21653400
21834600
22016555
22199265
22382730
22566950
22751925
22937655
23124140
23311380
23499375
23688125
23877630
24067890
24258905
24450675
24643200
24836480
25030515
25225305
25420850
25617150
25814205
26012015
26210580
26409900
26609975
26810805
27012390
27214730
27417825
27621675
27826280
28031640
28237755
28444625
28652250
28860630
29069765
29279655
29490300
29701700
29913855
30126765
30340430
30554850
30770025
30985955
31202640
31420080
31638275
31857225
32076930
32297390
32518605
32740575
32963300
33186780
33411015
33636005
33861750
34088250
34315505
34543515
34772280
35001800
35232075
35463105
35694890
35927430
36160725
36394775
36629580
36865140
37101455
37338525
37576350
37814930
38054265
38294355
38535200
38776800
39019155
39262265
39506130
39750750
39996125
40242255
40489140
40736780
40985175
41234325
41484230
41734890
41986305
42238475
42491400
42745080
42999515
43254705
43510650
43767350
44024805
44283015
44541980
44801700
45062175
45323405
45585390
45848130
46111625
46375875
46640880
46906640
47173155
47440425
47708450
47977230
48246765
48517055
48788100
49059900
49332455
49605765
49879830
50154650
50430225
50706555
50983640
51261480
51540075
51819425
52099530
52380390
52662005
52944375
53227500
53511380
53796015
54081405
54367550
54654450
54942105
55230515
55519680
55809600
56100275
56391705
56683890
56976830
57270525
57564975
57860180
58156140
58452855
58750325
59048550
59347530
59647265
59947755
60249000
60551000
60853755
61157265
61461530
61766550
62072325
62378855
62686140
62994180
63302975
63612525
63922830
64233890
64545705
64858275
65171600
65485680
65800515
66116105
66432450
66749550
67067405
67386015
67705380
68025500
68346375
68668005
68990390
69313530
69637425
69962075
70287480
70613640
70940555
71268225
71596650
71925830
72255765
72586455
72917900
73250100
73583055
73916765
74251230
74586450
74922425
75259155
75596640
75934880
76273875
76613625
76954130
77295390
77637405
77980175
78323700
78667980
79013015
79358805
79705350
80052650
80400705
80749515
81099080
81449400
81800475
82152305
82504890
82858230
83212325
83567175
83922780
84279140
84636255
84994125
85352750
85712130
86072265
86433155
86794800
87157200
87520355
87884265
88248930
88614350
88980525
89347455
89715140
90083580
90452775
90822725
91193430
91564890
91937105
92310075
92683800
93058280
93433515
93809505
94186250
94563750
94942005
95321015
95700780
96081300
96462575
96844605
97227390
97610930
97995225
98380275
98766080
99152640
99539955
99928025
100316850
100706430
101096765
101487855
101879700
102272300
102665655
103059765
103454630
103850250
104246625
104643755
105041640
105440280
105839675
106239825
106640730
107042390
107444805
107847975
108251900
108656580
109062015
109468205
109875150
110282850
110691305
111100515
111510480
111921200
112332675
112744905
113157890
113571630
113986125
114401375
114817380
115234140
115651655
116069925
116488950
116908730
117329265
117750555
118172600
118595400
119018955
119443265
119868330
120294150
120720725
121148055
121576140
122004980
122434575
122864925
123296030
123727890
124160505
124593875
125028000
125462880
125898515
126334905
126772050
127209950
127648605
128088015
128528180
128969100
129410775
129853205
130296390
130740330
131185025
131630475
132076680
132523640
132971355
133419825
133869050
134319030
134769765
135221255
135673500
136126500
136580255
137034765
137490030
137946050
138402825
138860355
139318640
139777680
140237475
140698025
141159330
141621390
142084205
142547775
143012100
143477180
143943015
144409605
144876950
145345050
145813905
146283515
146753880
147225000
147696875
148169505
148642890
149117030
149591925
150067575
150543980
151021140
151499055
151977725
152457150
152937330
153418265
153899955
154382400
154865600
155349555
155834265
156319730
156805950
157292925
157780655
158269140
158758380
159248375
159739125
160230630
160722890
161215905
161709675
162204200
162699480
163195515
163692305
164189850
164688150
165187205
165687015
166187580
166688900
167190975
167693805
168197390
168701730
169206825
169712675
170219280
170726640
171234755
171743625
172253250
172763630
173274765
173786655
174299300
174812700
175326855
175841765
176357430
176873850
177391025
177908955
178427640
178947080
179467275
179988225
180509930
181032390
181555605
182079575
182604300
183129780
183656015
184183005
184710750
185239250
185768505
186298515
186829280
187360800
187893075
188426105
188959890
189494430
190029725
190565775
191102580
191640140
192178455
192717525
193257350
193797930
194339265
194881355
195424200
195967800
196512155
197057265
197603130
198149750
198697125
199245255
199794140
200343780
200894175
201445325
201997230
202549890
203103305
203657475
204212400
204768080
205324515
205881705
206439650
206998350
207557805
208118015
208678980
209240700
209803175
210366405
210930390
211495130
212060625
212626875
213193880
213761640
214330155
214899425
215469450
756
2268
4536
7560
11340
15876
21168
27216
34020
41580
49896
58968
68796
79380
90720
102816
115668
129276
143640
158760
174636
191268
208656
226800
245700
265356
285768
306936
328860
351540
374976
399168
424116
449820
476280
503496
531468
560196
589680
619920
650916
682668
715176
748440
782460
817236
852768
889056
926100
963900
1002456
1041768
1081836
1122660
1164240
1206576
1249668
1293516
1338120
1383480
1429596
1476468
1524096
1572480
1621620
1671516
1722168
1773576
1825740
1878660
1932336
1986768
2041956
2097900
2154600
2212056
2270268
2329236
2388960
2449440
2510676
2572668
2635416
2698920
2763180
2828196
2893968
2960496
3027780
3095820
3164616
3234168
3304476
3375540
3447360
3519936
3593268
3667356
3742200
3817800
3894156
3971268
4049136
4127760
4207140
4287276
4368168
4449816
4532220
4615380
4699296
4783968
4869396
4955580
5042520
5130216
5218668
5307876
5397840
5488560
5580036
5672268
5765256
5859000
5953500
6048756
6144768
6241536
6339060
6437340
6536376
6636168
6736716
6838020
6940080
7042896
7146468
7250796
7355880
7461720
7568316
7675668
7783776
7892640
8002260
8112636
8223768
8335656
8448300
8561700
8675856
8790768
8906436
9022860
9140040
9257976
9376668
9496116
9616320
9737280
9858996
9981468
10104696
10228680
10353420
10478916
10605168
10732176
10859940
10988460
11117736
11247768
11378556
11510100
11642400
11775456
11909268
12043836
12179160
12315240
12452076
12589668
12728016
12867120
13006980
13147596
13288968
13431096
13573980
13717620
13862016
14007168
14153076
14299740
14447160
14595336
14744268
14893956
15044400
15195600
15347556
15500268
15653736
15807960
15962940
16118676
16275168
16432416
16590420
16749180
16908696
17068968
17229996
17391780
17554320
17717616
17881668
18046476
18212040
18378360
18545436
18713268
18881856
19051200
19221300
19392156
19563768
19736136
19909260
20083140
20257776
20433168
20609316
20786220
20963880
21142296
21321468
21501396
21682080
21863520
22045716
22228668
22412376
22596840
22782060
22968036
23154768
23342256
23530500
23719500
23909256
24099768
24291036
24483060
24675840
24869376
25063668
25258716
25454520
25651080
25848396
26046468
26245296
26444880
26645220
26846316
27048168
27250776
27454140
27658260
27863136
28068768
28275156
28482300
28690200
28898856
29108268
29318436
29529360
29741040
29953476
30166668
30380616
30595320
30810780
31026996
31243968
31461696
31680180
31899420
32119416
32340168
32561676
32783940
33006960
33230736
33455268
33680556
33906600
34133400
34360956
34589268
34818336
35048160
35278740
35510076
35742168
35975016
36208620
36442980
36678096
36913968
37150596
37387980
37626120
37865016
38104668
38345076
38586240
38828160
39070836
39314268
39558456
39803400
40049100
40295556
40542768
40790736
41039460
41288940
41539176
41790168
42041916
42294420
42547680
42801696
43056468
43311996
43568280
43825320
44083116
44341668
44600976
44861040
45121860
45383436
45645768
45908856
46172700
46437300
46702656
46968768
47235636
47503260
47771640
48040776
48310668
48581316
48852720
49124880
49397796
49671468
49945896
50221080
50497020
50773716
51051168
51329376
51608340
51888060
52168536
52449768
52731756
53014500
53298000
53582256
53867268
54153036
54439560
54726840
55014876
55303668
55593216
55883520
56174580
56466396
56758968
57052296
57346380
57641220
57936816
58233168
58530276
58828140
59126760
59426136
59726268
60027156
60328800
60631200
60934356
61238268
61542936
61848360
62154540
62461476
62769168
63077616
63386820
63696780
64007496
64318968
64631196
64944180
65257920
65572416
65887668
66203676
66520440
66837960
67156236
67475268
67795056
68115600
68436900
68758956
69081768
69405336
69729660
70054740
70380576
70707168
71034516
71362620
71691480
72021096
72351468
72682596
73014480
73347120
73680516
74014668
74349576
74685240
75021660
75358836
75696768
76035456
76374900
76715100
77056056
77397768
77740236
78083460
78427440
78772176
79117668
79463916
79810920
80158680
80507196
80856468
81206496
81557280
81908820
82261116
82614168
82967976
83322540
83677860
84033936
84390768
84748356
85106700
85465800
85825656
86186268
86547636
86909760
87272640
87636276
88000668
88365816
88731720
89098380
89465796
89833968
90202896
90572580
90943020
91314216
91686168
92058876
92432340
92806560
93181536
93557268
93933756
94311000
94689000
95067756
95447268
95827536
96208560
96590340
96972876
97356168
97740216
98125020
98510580
98896896
99283968
99671796
100060380
100449720
100839816
101230668
101622276
102014640
102407760
102801636
103196268
103591656
103987800
104384700
104782356
105180768
105579936
105979860
106380540
106781976
107184168
107587116
107990820
108395280
108800496
109206468
109613196
110020680
110428920
110837916
111247668
111658176
112069440
112481460
112894236
113307768
113722056
114137100
114552900
114969456
115386768
115804836
116223660
116643240
117063576
117484668
117906516
118329120
118752480
119176596
119601468
120027096
120453480
120880620
121308516
121737168
122166576
122596740
123027660
123459336
123891768
124324956
124758900
125193600
125629056
126065268
126502236
126939960
127378440
127817676
128257668
128698416
129139920
129582180
130025196
130468968
130913496
131358780
131804820
132251616
132699168
133147476
133596540
134046360
134496936
134948268
135400356
135853200
136306800
136761156
137216268
137672136
138128760
138586140
139044276
139503168
139962816
140423220
140884380
141346296
141808968
142272396
142736580
143201520
143667216
144133668
144600876
145068840
145537560
146007036
146477268
146948256
147420000
147892500
148365756
148839768
149314536
149790060
150266340
150743376
151221168
151699716
152179020
152659080
153139896
153621468
154103796
154586880
155070720
155555316
156040668
156526776
157013640
157501260
157989636
158478768
158968656
159459300
159950700
160442856
160935768
161429436
161923860
162419040
162914976
163411668
163909116
164407320
164906280
165405996
165906468
166407696
166909680
167412420
167915916
168420168
168925176
169430940
169937460
170444736
170952768
171461556
171971100
172481400
172992456
173504268
174016836
174530160
175044240
175559076
176074668
176591016
177108120
177625980
178144596
178663968
179184096
179704980
180226620
180749016
181272168
181796076
182320740
182846160
183372336
183899268
184426956
184955400
185484600
186014556
186545268
187076736
187608960
188141940
188675676
189210168
189745416
190281420
190818180
191355696
191893968
192432996
192972780
193513320
194054616
194596668
195139476
195683040
196227360
196772436
197318268
197864856
198412200
198960300
199509156
200058768
200609136
201160260
201712140
202264776
202818168
203372316
203927220
204482880
205039296
205596468
206154396
206713080
207272520
207832716
208393668
208955376
209517840
210081060
210645036
211209768
211775256
212341500
212908500
213476256
214044768
214614036
215184060
215754840
216326376
431795826
