779
2337
4674
7790
11685
16359
21812
28044
35055
42845
51414
60762
70889
81795
93480
105944
119187
133209
148010
163590
179949
197087
215004
233700
253175
273429
294462
316274
338865
362235
386384
411312
437019
463505
490770
518814
547637
577239
607620
638780
670719
703437
736934
771210
806265
842099
878712
916104
954275
993225
1032954
1073462
1114749
1156815
1199660
1243284
1287687
1332869
1378830
1425570
1473089
1521387
1570464
1620320
1670955
1722369
1774562
1827534
1881285
1935815
1991124
2047212
2104079
2161725
2220150
2279354
2339337
2400099
2461640
2523960
2587059
2650937
2715594
2781030
2847245
2914239
2982012
3050564
3119895
3190005
3260894
3332562
3405009
3478235
3552240
3627024
3702587
3778929
3856050
3933950
4012629
4092087
4172324
4253340
4335135
4417709
4501062
4585194
4670105
4755795
4842264
4929512
5017539
5106345
5195930
5286294
5377437
5469359
5562060
5655540
5749799
5844837
5940654
6037250
6134625
6232779
6331712
6431424
6531915
6633185
6735234
6838062
6941669
7046055
7151220
7257164
7363887
7471389
7579670
7688730
7798569
7909187
8020584
8132760
8245715
8359449
8473962
8589254
8705325
8822175
8939804
9058212
9177399
9297365
9418110
9539634
9661937
9785019
9908880
10033520
10158939
10285137
10412114
10539870
10668405
10797719
10927812
11058684
11190335
11322765
11455974
11589962
11724729
11860275
11996600
12133704
12271587
12410249
12549690
12689910
12830909
12972687
13115244
13258580
13402695
13547589
13693262
13839714
13986945
14134955
14283744
14433312
14583659
14734785
14886690
15039374
15192837
15347079
15502100
15657900
15814479
15971837
16129974
16288890
16448585
16609059
16770312
16932344
17095155
17258745
17423114
17588262
17754189
17920895
18088380
18256644
18425687
18595509
18766110
18937490
19109649
19282587
19456304
19630800
19806075
19982129
20158962
20336574
20514965
20694135
20874084
21054812
21236319
21418605
21601670
21785514
21970137
22155539
22341720
22528680
22716419
22904937
23094234
23284310
23475165
23666799
23859212
24052404
24246375
24441125
24636654
24832962
25030049
25227915
25426560
25625984
25826187
26027169
26228930
26431470
26634789
26838887
27043764
27249420
27455855
27663069
27871062
28079834
28289385
28499715
28710824
28922712
29135379
29348825
29563050
29778054
29993837
30210399
30427740
30645860
30864759
31084437
31304894
31526130
31748145
31970939
32194512
32418864
32643995
32869905
33096594
33324062
33552309
33781335
34011140
34241724
34473087
34705229
34938150
35171850
35406329
35641587
35877624
36114440
36352035
36590409
36829562
37069494
37310205
37551695
37793964
38037012
38280839
38525445
38770830
39016994
39263937
39511659
39760160
40009440
40259499
40510337
40761954
41014350
41267525
41521479
41776212
42031724
42288015
42545085
42802934
43061562
43320969
43581155
43842120
44103864
44366387
44629689
44893770
45158630
45424269
45690687
45957884
46225860
46494615
46764149
47034462
47305554
47577425
47850075
48123504
48397712
48672699
48948465
49225010
49502334
49780437
50059319
50338980
50619420
50900639
51182637
51465414
51748970
52033305
52318419
52604312
52890984
53178435
53466665
53755674
54045462
54336029
54627375
54919500
55212404
55506087
55800549
56095790
56391810
56688609
56986187
57284544
57583680
57883595
58184289
58485762
58788014
59091045
59394855
59699444
60004812
60310959
60617885
60925590
61234074
61543337
61853379
62164200
62475800
62788179
63101337
63415274
63729990
64045485
64361759
64678812
64996644
65315255
65634645
65954814
66275762
66597489
66919995
67243280
67567344
67892187
68217809
68544210
68871390
69199349
69528087
69857604
70187900
70518975
70850829
71183462
71516874
71851065
72186035
72521784
72858312
73195619
73533705
73872570
74212214
74552637
74893839
75235820
75578580
75922119
76266437
76611534
76957410
77304065
77651499
77999712
78348704
78698475
79049025
79400354
79752462
80105349
80459015
80813460
81168684
81524687
81881469
82239030
82597370
82956489
83316387
83677064
84038520
84400755
84763769
85127562
85492134
85857485
86223615
86590524
86958212
87326679
87695925
88065950
88436754
88808337
89180699
89553840
89927760
90302459
90677937
91054194
91431230
91809045
92187639
92567012
92947164
93328095
93709805
94092294
94475562
94859609
95244435
95630040
96016424
96403587
96791529
97180250
97569750
97960029
98351087
98742924
99135540
99528935
99923109
100318062
100713794
101110305
101507595
101905664
102304512
102704139
103104545
103505730
103907694
104310437
104713959
105118260
105523340
105929199
106335837
106743254
107151450
107560425
107970179
108380712
108792024
109204115
109616985
110030634
110445062
110860269
111276255
111693020
112110564
112528887
112947989
113367870
113788530
114209969
114632187
115055184
115478960
115903515
116328849
116754962
117181854
117609525
118037975
118467204
118897212
119327999
119759565
120191910
120625034
121058937
121493619
121929080
122365320
122802339
123240137
123678714
124118070
124558205
124999119
125440812
125883284
126326535
126770565
127215374
127660962
128107329
128554475
129002400
129451104
129900587
130350849
130801890
131253710
131706309
132159687
132613844
133068780
133524495
133980989
134438262
134896314
135355145
135814755
136275144
136736312
137198259
137660985
138124490
138588774
139053837
139519679
139986300
140453700
140921879
141390837
141860574
142331090
142802385
143274459
143747312
144220944
144695355
145170545
145646514
146123262
146600789
147079095
147558180
148038044
148518687
149000109
149482310
149965290
150449049
150933587
151418904
151905000
152391875
152879529
153367962
153857174
154347165
154837935
155329484
155821812
156314919
156808805
157303470
157798914
158295137
158792139
159289920
159788480
160287819
160787937
161288834
161790510
162292965
162796199
163300212
163805004
164310575
164816925
165324054
165831962
166340649
166850115
167360360
167871384
168383187
168895769
169409130
169923270
170438189
170953887
171470364
171987620
172505655
173024469
173544062
174064434
174585585
175107515
175630224
176153712
176677979
177203025
177728850
178255454
178782837
179310999
179839940
180369660
180900159
181431437
181963494
182496330
183029945
183564339
184099512
184635464
185172195
185709705
186247994
186787062
187326909
187867535
188408940
188951124
189494087
190037829
190582350
191127650
191673729
192220587
192768224
193316640
193865835
194415809
194966562
195518094
196070405
196623495
197177364
197732012
198287439
198843645
199400630
199958394
200516937
201076259
201636360
202197240
202758899
203321337
203884554
204448550
205013325
205578879
206145212
206712324
207280215
207848885
208418334
208988562
209559569
210131355
210703920
211277264
211851387
212426289
213001970
213578430
214155669
214733687
215312484
215892060
216472415
217053549
217635462
218218154
218801625
219385875
219970904
220556712
221143299
221730665
222318810
222907734
223497437
224087919
224679180
225271220
225864039
226457637
227052014
227647170
228243105
228839819
229437312
230035584
230634635
231234465
231835074
232436462
233038629
233641575
234245300
234849804
235455087
236061149
236667990
780
2340
4680
7800
11700
16380
21840
28080
35100
42900
51480
60840
70980
81900
93600
106080
119340
133380
148200
163800
180180
197340
215280
234000
253500
273780
294840
316680
339300
362700
386880
411840
437580
464100
491400
519480
548340
577980
608400
639600
671580
704340
737880
772200
807300
843180
879840
917280
955500
994500
1034280
1074840
1116180
1158300
1201200
1244880
1289340
1334580
1380600
1427400
1474980
1523340
1572480
1622400
1673100
1724580
1776840
1829880
1883700
1938300
1993680
2049840
2106780
2164500
2223000
2282280
2342340
2403180
2464800
2527200
2590380
2654340
2719080
2784600
2850900
2917980
2985840
3054480
3123900
3194100
3265080
3336840
3409380
3482700
3556800
3631680
3707340
3783780
3861000
3939000
4017780
4097340
4177680
4258800
4340700
4423380
4506840
4591080
4676100
4761900
4848480
4935840
5023980
5112900
5202600
5293080
5384340
5476380
5569200
5662800
5757180
5852340
5948280
6045000
6142500
6240780
6339840
6439680
6540300
6641700
6743880
6846840
6950580
7055100
7160400
7266480
7373340
7480980
7589400
7698600
7808580
7919340
8030880
8143200
8256300
8370180
8484840
8600280
8716500
8833500
8951280
9069840
9189180
9309300
9430200
9551880
9674340
9797580
9921600
10046400
10171980
10298340
10425480
10553400
10682100
10811580
10941840
11072880
11204700
11337300
11470680
11604840
11739780
11875500
12012000
12149280
12287340
12426180
12565800
12706200
12847380
12989340
13132080
13275600
13419900
13564980
13710840
13857480
14004900
14153100
14302080
14451840
14602380
14753700
14905800
15058680
15212340
15366780
15522000
15678000
15834780
15992340
16150680
16309800
16469700
16630380
16791840
16954080
17117100
17280900
17445480
17610840
17776980
17943900
18111600
18280080
18449340
18619380
18790200
18961800
19134180
19307340
19481280
19656000
19831500
20007780
20184840
20362680
20541300
20720700
20900880
21081840
21263580
21446100
21629400
21813480
21998340
22183980
22370400
22557600
22745580
22934340
23123880
23314200
23505300
23697180
23889840
24083280
24277500
24472500
24668280
24864840
25062180
25260300
25459200
25658880
25859340
26060580
26262600
26465400
26668980
26873340
27078480
27284400
27491100
27698580
27906840
28115880
28325700
28536300
28747680
28959840
29172780
29386500
29601000
29816280
30032340
30249180
30466800
30685200
30904380
31124340
31345080
31566600
31788900
32011980
32235840
32460480
32685900
32912100
33139080
33366840
33595380
33824700
34054800
34285680
34517340
34749780
34983000
35217000
35451780
35687340
35923680
36160800
36398700
36637380
36876840
37117080
37358100
37599900
37842480
38085840
38329980
38574900
38820600
39067080
39314340
39562380
39811200
40060800
40311180
40562340
40814280
41067000
41320500
41574780
41829840
42085680
42342300
42599700
42857880
43116840
43376580
43637100
43898400
44160480
44423340
44686980
44951400
45216600
45482580
45749340
46016880
46285200
46554300
46824180
47094840
47366280
47638500
47911500
48185280
48459840
48735180
49011300
49288200
49565880
49844340
50123580
50403600
50684400
50965980
51248340
51531480
51815400
52100100
52385580
52671840
52958880
53246700
53535300
53824680
54114840
54405780
54697500
54990000
55283280
55577340
55872180
56167800
56464200
56761380
57059340
57358080
57657600
57957900
58258980
58560840
58863480
59166900
59471100
59776080
60081840
60388380
60695700
61003800
61312680
61622340
61932780
62244000
62556000
62868780
63182340
63496680
63811800
64127700
64444380
64761840
65080080
65399100
65718900
66039480
66360840
66682980
67005900
67329600
67654080
67979340
68305380
68632200
68959800
69288180
69617340
69947280
70278000
70609500
70941780
71274840
71608680
71943300
72278700
72614880
72951840
73289580
73628100
73967400
74307480
74648340
74989980
75332400
75675600
76019580
76364340
76709880
77056200
77403300
77751180
78099840
78449280
78799500
79150500
79502280
79854840
80208180
80562300
80917200
81272880
81629340
81986580
82344600
82703400
83062980
83423340
83784480
84146400
84509100
84872580
85236840
85601880
85967700
86334300
86701680
87069840
87438780
87808500
88179000
88550280
88922340
89295180
89668800
90043200
90418380
90794340
91171080
91548600
91926900
92305980
92685840
93066480
93447900
93830100
94213080
94596840
94981380
95366700
95752800
96139680
96527340
96915780
97305000
97695000
98085780
98477340
98869680
99262800
99656700
100051380
100446840
100843080
101240100
101637900
102036480
102435840
102835980
103236900
103638600
104041080
104444340
104848380
105253200
105658800
106065180
106472340
106880280
107289000
107698500
108108780
108519840
108931680
109344300
109757700
110171880
110586840
111002580
111419100
111836400
112254480
112673340
113092980
113513400
113934600
114356580
114779340
115202880
115627200
116052300
116478180
116904840
117332280
117760500
118189500
118619280
119049840
119481180
119913300
120346200
120779880
121214340
121649580
122085600
122522400
122959980
123398340
123837480
124277400
124718100
125159580
125601840
126044880
126488700
126933300
127378680
127824840
128271780
128719500
129168000
129617280
130067340
130518180
130969800
131422200
131875380
132329340
132784080
133239600
133695900
134152980
134610840
135069480
135528900
135989100
136450080
136911840
137374380
137837700
138301800
138766680
139232340
139698780
140166000
140634000
141102780
141572340
142042680
142513800
142985700
143458380
143931840
144406080
144881100
145356900
145833480
146310840
146788980
147267900
147747600
148228080
148709340
149191380
149674200
150157800
150642180
151127340
151613280
152100000
152587500
153075780
153564840
154054680
154545300
155036700
155528880
156021840
156515580
157010100
157505400
158001480
158498340
158995980
159494400
159993600
160493580
160994340
161495880
161998200
162501300
163005180
163509840
164015280
164521500
165028500
165536280
166044840
166554180
167064300
167575200
168086880
168599340
169112580
169626600
170141400
170656980
171173340
171690480
172208400
172727100
173246580
173766840
174287880
174809700
175332300
175855680
176379840
176904780
177430500
177957000
178484280
179012340
179541180
180070800
180601200
181132380
181664340
182197080
182730600
183264900
183799980
184335840
184872480
185409900
185948100
186487080
187026840
187567380
188108700
188650800
189193680
189737340
190281780
190827000
191373000
191919780
192467340
193015680
193564800
194114700
194665380
195216840
195769080
196322100
196875900
197430480
197985840
198541980
199098900
199656600
200215080
200774340
201334380
201895200
202456800
203019180
203582340
204146280
204711000
205276500
205842780
206409840
206977680
207546300
208115700
208685880
209256840
209828580
210401100
210974400
211548480
212123340
212698980
213275400
213852600
214430580
215009340
215588880
216169200
216750300
217332180
217914840
218498280
219082500
219667500
220253280
220839840
221427180
222015300
222604200
223193880
223784340
224375580
224967600
225560400
226153980
226748340
227343480
227939400
228536100
229133580
229731840
230330880
230930700
231531300
232132680
232734840
233337780
233941500
234546000
235151280
235757340
236364180
236971800
237580200
474248190
