181
543
1086
1810
2715
3801
5068
6516
8145
9955
11946
14118
16471
19005
21720
24616
27693
30951
34390
38010
41811
45793
49956
54300
58825
63531
68418
73486
78735
84165
89776
95568
101541
107695
114030
120546
127243
134121
141180
148420
155841
163443
171226
179190
187335
195661
204168
212856
221725
230775
240006
249418
259011
268785
278740
288876
299193
309691
320370
331230
342271
353493
364896
376480
388245
400191
412318
424626
437115
449785
462636
475668
488881
502275
515850
529606
543543
557661
571960
586440
601101
615943
630966
646170
661555
677121
692868
708796
724905
741195
757666
774318
791151
808165
825360
842736
860293
878031
895950
914050
932331
950793
969436
988260
1007265
1026451
1045818
1065366
1085095
1105005
1125096
1145368
1165821
1186455
1207270
1228266
1249443
1270801
1292340
1314060
1335961
1358043
1380306
1402750
1425375
1448181
1471168
1494336
1517685
1541215
1564926
1588818
1612891
1637145
1661580
1686196
1710993
1735971
1761130
1786470
1811991
1837693
1863576
1889640
1915885
1942311
1968918
1995706
2022675
2049825
2077156
2104668
2132361
2160235
2188290
2216526
2244943
2273541
2302320
2331280
2360421
2389743
2419246
2448930
2478795
2508841
2539068
2569476
2600065
2630835
2661786
2692918
2724231
2755725
2787400
2819256
2851293
2883511
2915910
2948490
2981251
182
546
1092
1820
2730
3822
5096
6552
8190
10010
12012
14196
16562
19110
21840
24752
27846
31122
34580
38220
42042
46046
50232
54600
59150
63882
68796
73892
79170
84630
90272
96096
102102
108290
114660
121212
127946
134862
141960
149240
156702
164346
172172
180180
188370
196742
205296
214032
222950
232050
241332
250796
260442
270270
280280
290472
300846
311402
322140
333060
344162
355446
366912
378560
390390
402402
414596
426972
439530
452270
465192
478296
491582
505050
518700
532532
546546
560742
575120
589680
604422
619346
634452
649740
665210
680862
696696
712712
728910
745290
761852
778596
795522
812630
829920
847392
865046
882882
900900
919100
937482
956046
974792
993720
1012830
1032122
1051596
1071252
1091090
1111110
1131312
1151696
1172262
1193010
1213940
1235052
1256346
1277822
1299480
1321320
1343342
1365546
1387932
1410500
1433250
1456182
1479296
1502592
1526070
1549730
1573572
1597596
1621802
1646190
1670760
1695512
1720446
1745562
1770860
1796340
1822002
1847846
1873872
1900080
1926470
1953042
1979796
2006732
2033850
2061150
2088632
2116296
2144142
2172170
2200380
2228772
2257346
2286102
2315040
2344160
2373462
2402946
2432612
2462460
2492490
2522702
2553096
2583672
2614430
2645370
2676492
2707796
2739282
2770950
2802800
2834832
2867046
2899442
2932020
2964780
2997722
3030846
6012097
