597
1791
3582
5970
8955
12537
16716
21492
26865
32835
39402
46566
54327
62685
71640
81192
91341
102087
113430
125370
137907
151041
164772
179100
194025
209547
225666
242382
259695
277605
296112
315216
334917
355215
376110
397602
419691
442377
465660
489540
514017
539091
564762
591030
617895
645357
673416
702072
731325
761175
791622
822666
854307
886545
919380
952812
986841
1021467
1056690
1092510
1128927
1165941
1203552
1241760
1280565
1319967
1359966
1400562
1441755
1483545
1525932
1568916
1612497
1656675
1701450
1746822
1792791
1839357
1886520
1934280
1982637
2031591
2081142
2131290
2182035
2233377
2285316
2337852
2390985
2444715
2499042
2553966
2609487
2665605
2722320
2779632
2837541
2896047
2955150
3014850
3075147
3136041
3197532
3259620
3322305
3385587
3449466
3513942
3579015
3644685
3710952
3777816
3845277
3913335
3981990
4051242
4121091
4191537
4262580
4334220
4406457
4479291
4552722
4626750
4701375
4776597
4852416
4928832
5005845
5083455
5161662
5240466
5319867
5399865
5480460
5561652
5643441
5725827
5808810
5892390
5976567
6061341
6146712
6232680
6319245
6406407
6494166
6582522
6671475
6761025
6851172
6941916
7033257
7125195
7217730
7310862
7404591
7498917
7593840
7689360
7785477
7882191
7979502
8077410
8175915
8275017
8374716
8475012
8575905
8677395
8779482
8882166
8985447
9089325
9193800
9298872
9404541
9510807
9617670
9725130
9833187
9941841
10051092
10160940
10271385
10382427
10494066
10606302
10719135
10832565
10946592
11061216
11176437
11292255
11408670
11525682
11643291
11761497
11880300
11999700
12119697
12240291
12361482
12483270
12605655
12728637
12852216
12976392
13101165
13226535
13352502
13479066
13606227
13733985
13862340
13991292
14120841
14250987
14381730
14513070
14645007
14777541
14910672
15044400
15178725
15313647
15449166
15585282
15721995
15859305
15997212
16135716
16274817
16414515
16554810
16695702
16837191
16979277
17121960
17265240
17409117
17553591
17698662
17844330
17990595
18137457
18284916
18432972
18581625
18730875
18880722
19031166
19182207
19333845
19486080
19638912
19792341
19946367
20100990
20256210
20412027
20568441
20725452
20883060
21041265
21200067
21359466
21519462
21680055
21841245
22003032
22165416
22328397
22491975
22656150
22820922
22986291
23152257
23318820
23485980
23653737
23822091
23991042
24160590
24330735
24501477
24672816
24844752
25017285
25190415
25364142
25538466
25713387
25888905
26065020
26241732
26419041
26596947
26775450
26954550
27134247
27314541
27495432
27676920
27859005
28041687
28224966
28408842
28593315
28778385
28964052
29150316
29337177
29524635
29712690
29901342
30090591
30280437
30470880
30661920
30853557
31045791
31238622
31432050
31626075
31820697
32015916
32211732
32408145
32605155
32802762
33000966
33199767
33399165
33599160
33799752
34000941
34202727
34405110
34608090
34811667
35015841
35220612
35425980
35631945
35838507
36045666
36253422
36461775
36670725
36880272
37090416
37301157
37512495
37724430
37936962
38150091
38363817
38578140
38793060
39008577
39224691
39441402
39658710
39876615
40095117
40314216
40533912
40754205
40975095
41196582
41418666
41641347
41864625
42088500
42312972
42538041
42763707
42989970
43216830
43444287
43672341
43900992
44130240
44360085
44590527
44821566
45053202
45285435
45518265
45751692
45985716
46220337
46455555
46691370
46927782
47164791
47402397
47640600
47879400
48118797
48358791
48599382
48840570
49082355
49324737
49567716
49811292
50055465
50300235
50545602
50791566
51038127
51285285
51533040
51781392
52030341
52279887
52530030
52780770
53032107
53284041
53536572
53789700
54043425
54297747
54552666
54808182
55064295
55321005
55578312
55836216
56094717
56353815
56613510
56873802
57134691
57396177
57658260
57920940
58184217
58448091
58712562
58977630
59243295
59509557
59776416
60043872
60311925
60580575
60849822
61119666
61390107
61661145
61932780
62205012
62477841
62751267
63025290
63299910
63575127
63850941
64127352
64404360
64681965
64960167
65238966
65518362
65798355
66078945
66360132
66641916
66924297
67207275
67490850
67775022
68059791
68345157
68631120
68917680
69204837
69492591
69780942
70069890
70359435
70649577
70940316
71231652
71523585
71816115
72109242
72402966
72697287
72992205
73287720
73583832
73880541
74177847
74475750
74774250
75073347
75373041
75673332
75974220
76275705
76577787
76880466
77183742
77487615
77792085
78097152
78402816
78709077
79015935
79323390
79631442
79940091
80249337
80559180
80869620
81180657
81492291
81804522
82117350
82430775
82744797
83059416
83374632
83690445
84006855
84323862
84641466
84959667
85278465
85597860
85917852
86238441
86559627
86881410
87203790
87526767
87850341
88174512
88499280
88824645
89150607
89477166
89804322
90132075
90460425
90789372
91118916
91449057
91779795
92111130
92443062
92775591
93108717
93442440
93776760
94111677
94447191
94783302
95120010
95457315
95795217
96133716
96472812
96812505
97152795
97493682
97835166
98177247
98519925
98863200
99207072
99551541
99896607
100242270
100588530
100935387
101282841
101630892
101979540
102328785
102678627
103029066
103380102
103731735
104083965
104436792
104790216
105144237
105498855
105854070
106209882
106566291
598
1794
3588
5980
8970
12558
16744
21528
26910
32890
39468
46644
54418
62790
71760
81328
91494
102258
113620
125580
138138
151294
165048
179400
194350
209898
226044
242788
260130
278070
296608
315744
335478
355810
376740
398268
420394
443118
466440
490360
514878
539994
565708
592020
618930
646438
674544
703248
732550
762450
792948
824044
855738
888030
920920
954408
988494
1023178
1058460
1094340
1130818
1167894
1205568
1243840
1282710
1322178
1362244
1402908
1444170
1486030
1528488
1571544
1615198
1659450
1704300
1749748
1795794
1842438
1889680
1937520
1985958
2034994
2084628
2134860
2185690
2237118
2289144
2341768
2394990
2448810
2503228
2558244
2613858
2670070
2726880
2784288
2842294
2900898
2960100
3019900
3080298
3141294
3202888
3265080
3327870
3391258
3455244
3519828
3585010
3650790
3717168
3784144
3851718
3919890
3988660
4058028
4127994
4198558
4269720
4341480
4413838
4486794
4560348
4634500
4709250
4784598
4860544
4937088
5014230
5091970
5170308
5249244
5328778
5408910
5489640
5570968
5652894
5735418
5818540
5902260
5986578
6071494
6157008
6243120
6329830
6417138
6505044
6593548
6682650
6772350
6862648
6953544
7045038
7137130
7229820
7323108
7416994
7511478
7606560
7702240
7798518
7895394
7992868
8090940
8189610
8288878
8388744
8489208
8590270
8691930
8794188
8897044
9000498
9104550
9209200
9314448
9420294
9526738
9633780
9741420
9849658
9958494
10067928
10177960
10288590
10399818
10511644
10624068
10737090
10850710
10964928
11079744
11195158
11311170
11427780
11544988
11662794
11781198
11900200
12019800
12139998
12260794
12382188
12504180
12626770
12749958
12873744
12998128
13123110
13248690
13374868
13501644
13629018
13756990
13885560
14014728
14144494
14274858
14405820
14537380
14669538
14802294
14935648
15069600
15204150
15339298
15475044
15611388
15748330
15885870
16024008
16162744
16302078
16442010
16582540
16723668
16865394
17007718
17150640
17294160
17438278
17582994
17728308
17874220
18020730
18167838
18315544
18463848
18612750
18762250
18912348
19063044
19214338
19366230
19518720
19671808
19825494
19979778
20134660
20290140
20446218
20602894
20760168
20918040
21076510
21235578
21395244
21555508
21716370
21877830
22039888
22202544
22365798
22529650
22694100
22859148
23024794
23191038
23357880
23525320
23693358
23861994
24031228
24201060
24371490
24542518
24714144
24886368
25059190
25232610
25406628
25581244
25756458
25932270
26108680
26285688
26463294
26641498
26820300
26999700
27179698
27360294
27541488
27723280
27905670
28088658
28272244
28456428
28641210
28826590
29012568
29199144
29386318
29574090
29762460
29951428
30140994
30331158
30521920
30713280
30905238
31097794
31290948
31484700
31679050
31873998
32069544
32265688
32462430
32659770
32857708
33056244
33255378
33455110
33655440
33856368
34057894
34260018
34462740
34666060
34869978
35074494
35279608
35485320
35691630
35898538
36106044
36314148
36522850
36732150
36942048
37152544
37363638
37575330
37787620
38000508
38213994
38428078
38642760
38858040
39073918
39290394
39507468
39725140
39943410
40162278
40381744
40601808
40822470
41043730
41265588
41488044
41711098
41934750
42159000
42383848
42609294
42835338
43061980
43289220
43517058
43745494
43974528
44204160
44434390
44665218
44896644
45128668
45361290
45594510
45828328
46062744
46297758
46533370
46769580
47006388
47243794
47481798
47720400
47959600
48199398
48439794
48680788
48922380
49164570
49407358
49650744
49894728
50139310
50384490
50630268
50876644
51123618
51371190
51619360
51868128
52117494
52367458
52618020
52869180
53120938
53373294
53626248
53879800
54133950
54388698
54644044
54899988
55156530
55413670
55671408
55929744
56188678
56448210
56708340
56969068
57230394
57492318
57754840
58017960
58281678
58545994
58810908
59076420
59342530
59609238
59876544
60144448
60412950
60682050
60951748
61222044
61492938
61764430
62036520
62309208
62582494
62856378
63130860
63405940
63681618
63957894
64234768
64512240
64790310
65068978
65348244
65628108
65908570
66189630
66471288
66753544
67036398
67319850
67603900
67888548
68173794
68459638
68746080
69033120
69320758
69608994
69897828
70187260
70477290
70767918
71059144
71350968
71643390
71936410
72230028
72524244
72819058
73114470
73410480
73707088
74004294
74302098
74600500
74899500
75199098
75499294
75800088
76101480
76403470
76706058
77009244
77313028
77617410
77922390
78227968
78534144
78840918
79148290
79456260
79764828
80073994
80383758
80694120
81005080
81316638
81628794
81941548
82254900
82568850
82883398
83198544
83514288
83830630
84147570
84465108
84783244
85101978
85421310
85741240
86061768
86382894
86704618
87026940
87349860
87673378
87997494
88322208
88647520
88973430
89299938
89627044
89954748
90283050
90611950
90941448
91271544
91602238
91933530
92265420
92597908
92930994
93264678
93598960
93933840
94269318
94605394
94942068
95279340
95617210
95955678
96294744
96634408
96974670
97315530
97656988
97999044
98341698
98684950
99028800
99373248
99718294
100063938
100410180
100757020
101104458
101452494
101801128
102150360
102500190
102850618
103201644
103553268
103905490
104258310
104611728
104965744
105320358
105675570
106031380
106387788
106744794
107102398
213668689
