717
2151
4302
7170
10755
15057
20076
25812
32265
39435
47322
55926
65247
75285
86040
97512
109701
122607
136230
150570
165627
181401
197892
215100
233025
251667
271026
291102
311895
333405
355632
378576
402237
426615
451710
477522
504051
531297
559260
587940
617337
647451
678282
709830
742095
775077
808776
843192
878325
914175
950742
988026
1026027
1064745
1104180
1144332
1185201
1226787
1269090
1312110
1355847
1400301
1445472
1491360
1537965
1585287
1633326
1682082
1731555
1781745
1832652
1884276
1936617
1989675
2043450
2097942
2153151
2209077
2265720
2323080
2381157
2439951
2499462
2559690
2620635
2682297
2744676
2807772
2871585
2936115
3001362
3067326
3134007
3201405
3269520
3338352
3407901
3478167
3549150
3620850
3693267
3766401
3840252
3914820
3990105
4066107
4142826
4220262
4298415
4377285
4456872
4537176
4618197
4699935
4782390
4865562
4949451
5034057
5119380
5205420
5292177
5379651
5467842
5556750
5646375
5736717
5827776
5919552
6012045
6105255
6199182
6293826
6389187
6485265
6582060
6679572
6777801
6876747
6976410
7076790
7177887
7279701
7382232
7485480
7589445
7694127
7799526
7905642
8012475
8120025
8228292
8337276
8446977
8557395
8668530
8780382
8892951
9006237
9120240
9234960
9350397
9466551
9583422
9701010
9819315
9938337
10058076
10178532
10299705
10421595
10544202
10667526
10791567
10916325
11041800
11167992
11294901
11422527
11550870
11679930
11809707
11940201
12071412
12203340
12335985
12469347
12603426
12738222
12873735
13009965
13146912
13284576
13422957
13562055
13701870
13842402
13983651
14125617
14268300
14411700
14555817
14700651
14846202
14992470
15139455
15287157
15435576
15584712
15734565
15885135
16036422
16188426
16341147
16494585
16648740
16803612
16959201
17115507
17272530
17430270
17588727
17747901
17907792
18068400
18229725
18391767
18554526
18718002
18882195
19047105
19212732
19379076
19546137
19713915
19882410
20051622
20221551
20392197
20563560
20735640
20908437
21081951
21256182
21431130
21606795
21783177
21960276
22138092
22316625
22495875
22675842
22856526
23037927
23220045
23402880
23586432
23770701
23955687
24141390
24327810
24514947
24702801
24891372
25080660
25270665
25461387
25652826
25844982
26037855
26231445
26425752
26620776
26816517
27012975
27210150
27408042
27606651
27805977
28006020
28206780
28408257
28610451
28813362
29016990
29221335
29426397
29632176
29838672
30045885
30253815
30462462
30671826
30881907
31092705
31304220
31516452
31729401
31943067
32157450
32372550
32588367
32804901
33022152
33240120
33458805
33678207
33898326
34119162
34340715
34562985
34785972
35009676
35234097
35459235
35685090
35911662
36138951
36366957
36595680
36825120
37055277
37286151
37517742
37750050
37983075
38216817
38451276
38686452
38922345
39158955
39396282
39634326
39873087
40112565
40352760
40593672
40835301
41077647
41320710
41564490
41808987
42054201
42300132
42546780
42794145
43042227
43291026
43540542
43790775
44041725
44293392
44545776
44798877
45052695
45307230
45562482
45818451
46075137
46332540
46590660
46849497
47109051
47369322
47630310
47892015
48154437
48417576
48681432
48946005
49211295
49477302
49744026
50011467
50279625
50548500
50818092
51088401
51359427
51631170
51903630
52176807
52450701
52725312
53000640
53276685
53553447
53830926
54109122
54388035
54667665
54948012
55229076
55510857
55793355
56076570
56360502
56645151
56930517
57216600
57503400
57790917
58079151
58368102
58657770
58948155
59239257
59531076
59823612
60116865
60410835
60705522
61000926
61297047
61593885
61891440
62189712
62488701
62788407
63088830
63389970
63691827
63994401
64297692
64601700
64906425
65211867
65518026
65824902
66132495
66440805
66749832
67059576
67370037
67681215
67993110
68305722
68619051
68933097
69247860
69563340
69879537
70196451
70514082
70832430
71151495
71471277
71791776
72112992
72434925
72757575
73080942
73405026
73729827
74055345
74381580
74708532
75036201
75364587
75693690
76023510
76354047
76685301
77017272
77349960
77683365
78017487
78352326
78687882
79024155
79361145
79698852
80037276
80376417
80716275
81056850
81398142
81740151
82082877
82426320
82770480
83115357
83460951
83807262
84154290
84502035
84850497
85199676
85549572
85900185
86251515
86603562
86956326
87309807
87664005
88018920
88374552
88730901
89087967
89445750
89804250
90163467
90523401
90884052
91245420
91607505
91970307
92333826
92698062
93063015
93428685
93795072
94162176
94529997
94898535
95267790
95637762
96008451
96379857
96751980
97124820
97498377
97872651
98247642
98623350
98999775
99376917
99754776
100133352
100512645
100892655
101273382
101654826
102036987
102419865
102803460
103187772
103572801
103958547
104345010
104732190
105120087
105508701
105898032
106288080
106678845
107070327
107462526
107855442
108249075
108643425
109038492
109434276
109830777
110227995
110625930
111024582
111423951
111824037
112224840
112626360
113028597
113431551
113835222
114239610
114644715
115050537
115457076
115864332
116272305
116680995
117090402
117500526
117911367
118322925
118735200
119148192
119561901
119976327
120391470
120807330
121223907
121641201
122059212
122477940
122897385
123317547
123738426
124160022
124582335
125005365
125429112
125853576
126278757
126704655
127131270
127558602
127986651
128415417
128844900
129275100
129706017
130137651
130570002
131003070
131436855
131871357
132306576
132742512
133179165
133616535
134054622
134493426
134932947
135373185
135814140
136255812
136698201
137141307
137585130
138029670
138474927
138920901
139367592
139815000
140263125
140711967
141161526
141611802
142062795
142514505
142966932
143420076
143873937
144328515
144783810
145239822
145696551
146153997
146612160
147071040
147530637
147990951
148451982
148913730
149376195
149839377
150303276
150767892
151233225
151699275
152166042
152633526
153101727
153570645
154040280
154510632
154981701
155453487
155925990
156399210
156873147
157347801
157823172
158299260
158776065
159253587
159731826
160210782
160690455
161170845
161651952
162133776
162616317
163099575
163583550
164068242
164553651
165039777
165526620
166014180
166502457
166991451
167481162
167971590
168462735
168954597
169447176
169940472
170434485
170929215
171424662
171920826
172417707
172915305
173413620
173912652
174412401
174912867
175414050
175915950
176418567
176921901
177425952
177930720
178436205
178942407
179449326
179956962
180465315
180974385
181484172
181994676
182505897
183017835
183530490
184043862
184557951
718
2154
4308
7180
10770
15078
20104
25848
32310
39490
47388
56004
65338
75390
86160
97648
109854
122778
136420
150780
165858
181654
198168
215400
233350
252018
271404
291508
312330
333870
356128
379104
402798
427210
452340
478188
504754
532038
560040
588760
618198
648354
679228
710820
743130
776158
809904
844368
879550
915450
952068
989404
1027458
1066230
1105720
1145928
1186854
1228498
1270860
1313940
1357738
1402254
1447488
1493440
1540110
1587498
1635604
1684428
1733970
1784230
1835208
1886904
1939318
1992450
2046300
2100868
2156154
2212158
2268880
2326320
2384478
2443354
2502948
2563260
2624290
2686038
2748504
2811688
2875590
2940210
3005548
3071604
3138378
3205870
3274080
3343008
3412654
3483018
3554100
3625900
3698418
3771654
3845608
3920280
3995670
4071778
4148604
4226148
4304410
4383390
4463088
4543504
4624638
4706490
4789060
4872348
4956354
5041078
5126520
5212680
5299558
5387154
5475468
5564500
5654250
5744718
5835904
5927808
6020430
6113770
6207828
6302604
6398098
6494310
6591240
6688888
6787254
6886338
6986140
7086660
7187898
7289854
7392528
7495920
7600030
7704858
7810404
7916668
8023650
8131350
8239768
8348904
8458758
8569330
8680620
8792628
8905354
9018798
9132960
9247840
9363438
9479754
9596788
9714540
9833010
9952198
10072104
10192728
10314070
10436130
10558908
10682404
10806618
10931550
11057200
11183568
11310654
11438458
11566980
11696220
11826178
11956854
12088248
12220360
12353190
12486738
12621004
12755988
12891690
13028110
13165248
13303104
13441678
13580970
13720980
13861708
14003154
14145318
14288200
14431800
14576118
14721154
14866908
15013380
15160570
15308478
15457104
15606448
15756510
15907290
16058788
16211004
16363938
16517590
16671960
16827048
16982854
17139378
17296620
17454580
17613258
17772654
17932768
18093600
18255150
18417418
18580404
18744108
18908530
19073670
19239528
19406104
19573398
19741410
19910140
20079588
20249754
20420638
20592240
20764560
20937598
21111354
21285828
21461020
21636930
21813558
21990904
22168968
22347750
22527250
22707468
22888404
23070058
23252430
23435520
23619328
23803854
23989098
24175060
24361740
24549138
24737254
24926088
25115640
25305910
25496898
25688604
25881028
26074170
26268030
26462608
26657904
26853918
27050650
27248100
27446268
27645154
27844758
28045080
28246120
28447878
28650354
28853548
29057460
29262090
29467438
29673504
29880288
30087790
30296010
30504948
30714604
30924978
31136070
31347880
31560408
31773654
31987618
32202300
32417700
32633818
32850654
33068208
33286480
33505470
33725178
33945604
34166748
34388610
34611190
34834488
35058504
35283238
35508690
35734860
35961748
36189354
36417678
36646720
36876480
37106958
37338154
37570068
37802700
38036050
38270118
38504904
38740408
38976630
39213570
39451228
39689604
39928698
40168510
40409040
40650288
40892254
41134938
41378340
41622460
41867298
42112854
42359128
42606120
42853830
43102258
43351404
43601268
43851850
44103150
44355168
44607904
44861358
45115530
45370420
45626028
45882354
46139398
46397160
46655640
46914838
47174754
47435388
47696740
47958810
48221598
48485104
48749328
49014270
49279930
49546308
49813404
50081218
50349750
50619000
50888968
51159654
51431058
51703180
51976020
52249578
52523854
52798848
53074560
53350990
53628138
53906004
54184588
54463890
54743910
55024648
55306104
55588278
55871170
56154780
56439108
56724154
57009918
57296400
57583600
57871518
58160154
58449508
58739580
59030370
59321878
59614104
59907048
60200710
60495090
60790188
61086004
61382538
61679790
61977760
62276448
62575854
62875978
63176820
63478380
63780658
64083654
64387368
64691800
64996950
65302818
65609404
65916708
66224730
66533470
66842928
67153104
67463998
67775610
68087940
68400988
68714754
69029238
69344440
69660360
69976998
70294354
70612428
70931220
71250730
71570958
71891904
72213568
72535950
72859050
73182868
73507404
73832658
74158630
74485320
74812728
75140854
75469698
75799260
76129540
76460538
76792254
77124688
77457840
77791710
78126298
78461604
78797628
79134370
79471830
79810008
80148904
80488518
80828850
81169900
81511668
81854154
82197358
82541280
82885920
83231278
83577354
83924148
84271660
84619890
84968838
85318504
85668888
86019990
86371810
86724348
87077604
87431578
87786270
88141680
88497808
88854654
89212218
89570500
89929500
90289218
90649654
91010808
91372680
91735270
92098578
92462604
92827348
93192810
93558990
93925888
94293504
94661838
95030890
95400660
95771148
96142354
96514278
96886920
97260280
97634358
98009154
98384668
98760900
99137850
99515518
99893904
100273008
100652830
101033370
101414628
101796604
102179298
102562710
102946840
103331688
103717254
104103538
104490540
104878260
105266698
105655854
106045728
106436320
106827630
107219658
107612404
108005868
108400050
108794950
109190568
109586904
109983958
110381730
110780220
111179428
111579354
111979998
112381360
112783440
113186238
113589754
113993988
114398940
114804610
115210998
115618104
116025928
116434470
116843730
117253708
117664404
118075818
118487950
118900800
119314368
119728654
120143658
120559380
120975820
121392978
121810854
122229448
122648760
123068790
123489538
123911004
124333188
124756090
125179710
125604048
126029104
126454878
126881370
127308580
127736508
128165154
128594518
129024600
129455400
129886918
130319154
130752108
131185780
131620170
132055278
132491104
132927648
133364910
133802890
134241588
134681004
135121138
135561990
136003560
136445848
136888854
137332578
137777020
138222180
138668058
139114654
139561968
140010000
140458750
140908218
141358404
141809308
142260930
142713270
143166328
143620104
144074598
144529810
144985740
145442388
145899754
146357838
146816640
147276160
147736398
148197354
148659028
149121420
149584530
150048358
150512904
150978168
151444150
151910850
152378268
152846404
153315258
153784830
154255120
154726128
155197854
155670298
156143460
156617340
157091938
157567254
158043288
158520040
158997510
159475698
159954604
160434228
160914570
161395630
161877408
162359904
162843118
163327050
163811700
164297068
164783154
165269958
165757480
166245720
166734678
167224354
167714748
168205860
168697690
169190238
169683504
170177488
170672190
171167610
171663748
172160604
172658178
173156470
173655480
174155208
174655654
175156818
175658700
176161300
176664618
177168654
177673408
178178880
178685070
179191978
179699604
180207948
180717010
181226790
181737288
182248504
182760438
183273090
183786460
184300548
184815354
185330878
369888829
