754
2262
4524
7540
11310
15834
21112
27144
33930
41470
49764
58812
68614
79170
90480
102544
115362
128934
143260
158340
174174
190762
208104
226200
245050
264654
285012
306124
327990
350610
373984
398112
422994
448630
475020
502164
530062
558714
588120
618280
649194
680862
713284
746460
780390
815074
850512
886704
923650
961350
999804
1039012
1078974
1119690
1161160
1203384
1246362
1290094
1334580
1379820
1425814
1472562
1520064
1568320
1617330
1667094
1717612
1768884
1820910
1873690
1927224
1981512
2036554
2092350
2148900
2206204
2264262
2323074
2382640
2442960
2504034
2565862
2628444
2691780
2755870
2820714
2886312
2952664
3019770
3087630
3156244
3225612
3295734
3366610
3438240
3510624
3583762
3657654
3732300
3807700
3883854
3960762
4038424
4116840
4196010
4275934
4356612
4438044
4520230
4603170
4686864
4771312
4856514
4942470
5029180
5116644
5204862
5293834
5383560
5474040
5565274
5657262
5750004
5843500
5937750
6032754
6128512
6225024
6322290
6420310
6519084
6618612
6718894
6819930
6921720
7024264
7127562
7231614
7336420
7441980
7548294
7655362
7763184
7871760
7981090
8091174
8202012
8313604
8425950
8539050
8652904
8767512
8882874
8998990
9115860
9233484
9351862
9470994
9590880
9711520
9832914
9955062
10077964
10201620
10326030
10451194
10577112
10703784
10831210
10959390
11088324
11218012
11348454
11479650
11611600
11744304
11877762
12011974
12146940
12282660
12419134
12556362
12694344
12833080
12972570
13112814
13253812
13395564
13538070
13681330
13825344
13970112
14115634
14261910
14408940
14556724
14705262
14854554
15004600
15155400
15306954
15459262
15612324
15766140
15920710
16076034
16232112
16388944
16546530
16704870
16863964
17023812
17184414
17345770
17507880
17670744
17834362
17998734
18163860
18329740
18496374
18663762
18831904
19000800
19170450
19340854
19512012
19683924
19856590
20030010
20204184
20379112
20554794
20731230
20908420
21086364
21265062
21444514
21624720
21805680
21987394
22169862
22353084
22537060
22721790
22907274
23093512
23280504
23468250
23656750
23846004
24036012
24226774
24418290
24610560
24803584
24997362
25191894
25387180
25583220
25780014
25977562
26175864
26374920
26574730
26775294
26976612
27178684
27381510
27585090
27789424
27994512
28200354
28406950
28614300
28822404
29031262
29240874
29451240
29662360
29874234
30086862
30300244
30514380
30729270
30944914
31161312
31378464
31596370
31815030
32034444
32254612
32475534
32697210
32919640
33142824
33366762
33591454
33816900
34043100
34270054
34497762
34726224
34955440
35185410
35416134
35647612
35879844
36112830
36346570
36581064
36816312
37052314
37289070
37526580
37764844
38003862
38243634
38484160
38725440
38967474
39210262
39453804
39698100
39943150
40188954
40435512
40682824
40930890
41179710
41429284
41679612
41930694
42182530
42435120
42688464
42942562
43197414
43453020
43709380
43966494
44224362
44482984
44742360
45002490
45263374
45525012
45787404
46050550
46314450
46579104
46844512
47110674
47377590
47645260
47913684
48182862
48452794
48723480
48994920
49267114
49540062
49813764
50088220
50363430
50639394
50916112
51193584
51471810
51750790
52030524
52311012
52592254
52874250
53157000
53440504
53724762
54009774
54295540
54582060
54869334
55157362
55446144
55735680
56025970
56317014
56608812
56901364
57194670
57488730
57783544
58079112
58375434
58672510
58970340
59268924
59568262
59868354
60169200
60470800
60773154
61076262
61380124
61684740
61990110
62296234
62603112
62910744
63219130
63528270
63838164
64148812
64460214
64772370
65085280
65398944
65713362
66028534
66344460
66661140
66978574
67296762
67615704
67935400
68255850
68577054
68899012
69221724
69545190
69869410
70194384
70520112
70846594
71173830
71501820
71830564
72160062
72490314
72821320
73153080
73485594
73818862
74152884
74487660
74823190
75159474
75496512
75834304
76172850
76512150
76852204
77193012
77534574
77876890
78219960
78563784
78908362
79253694
79599780
79946620
80294214
80642562
80991664
81341520
81692130
82043494
82395612
82748484
83102110
83456490
83811624
84167512
84524154
84881550
85239700
85598604
85958262
86318674
86679840
87041760
87404434
87767862
88132044
88496980
88862670
89229114
89596312
89964264
90332970
90702430
91072644
91443612
91815334
92187810
92561040
92935024
93309762
93685254
94061500
94438500
94816254
95194762
95574024
95954040
96334810
96716334
97098612
97481644
97865430
98249970
98635264
99021312
99408114
99795670
100183980
100573044
100962862
101353434
101744760
102136840
102529674
102923262
103317604
103712700
104108550
104505154
104902512
105300624
105699490
106099110
106499484
106900612
107302494
107705130
108108520
108512664
108917562
109323214
109729620
110136780
110544694
110953362
111362784
111772960
112183890
112595574
113008012
113421204
113835150
114249850
114665304
115081512
115498474
115916190
116334660
116753884
117173862
117594594
118016080
118438320
118861314
119285062
119709564
120134820
120560830
120987594
121415112
121843384
122272410
122702190
123132724
123564012
123996054
124428850
124862400
125296704
125731762
126167574
126604140
127041460
127479534
127918362
128357944
128798280
129239370
129681214
130123812
130567164
131011270
131456130
131901744
132348112
132795234
133243110
133691740
134141124
134591262
135042154
135493800
135946200
136399354
136853262
137307924
137763340
138219510
138676434
139134112
139592544
140051730
140511670
140972364
141433812
141896014
142358970
142822680
143287144
143752362
144218334
144685060
145152540
145620774
146089762
146559504
147030000
147501250
147973254
148446012
148919524
149393790
149868810
150344584
150821112
151298394
151776430
152255220
152734764
153215062
153696114
154177920
154660480
155143794
155627862
156112684
156598260
157084590
157571674
158059512
158548104
159037450
159527550
160018404
160510012
161002374
161495490
161989360
162483984
162979362
163475494
163972380
164470020
164968414
165467562
165967464
166468120
166969530
167471694
167974612
168478284
168982710
169487890
169993824
170500512
171007954
171516150
172025100
172534804
173045262
173556474
174068440
174581160
175094634
175608862
176123844
176639580
177156070
177673314
178191312
178710064
179229570
179749830
180270844
180792612
181315134
181838410
182362440
182887224
183412762
183939054
184466100
184993900
185522454
186051762
186581824
187112640
187644210
188176534
188709612
189243444
189778030
190313370
190849464
191386312
191923914
192462270
193001380
193541244
194081862
194623234
195165360
195708240
196251874
196796262
197341404
197887300
198433950
198981354
199529512
200078424
200628090
201178510
201729684
202281612
202834294
203387730
203941920
204496864
205052562
205609014
206166220
206724180
207282894
207842362
208402584
208963560
209525290
210087774
210651012
211215004
211779750
212345250
212911504
213478512
214046274
214614790
754
2262
4524
7540
11310
15834
21112
27144
33930
41470
49764
58812
68614
79170
90480
102544
115362
128934
143260
158340
174174
190762
208104
226200
245050
264654
285012
306124
327990
350610
373984
398112
422994
448630
475020
502164
530062
558714
588120
618280
649194
680862
713284
746460
780390
815074
850512
886704
923650
961350
999804
1039012
1078974
1119690
1161160
1203384
1246362
1290094
1334580
1379820
1425814
1472562
1520064
1568320
1617330
1667094
1717612
1768884
1820910
1873690
1927224
1981512
2036554
2092350
2148900
2206204
2264262
2323074
2382640
2442960
2504034
2565862
2628444
2691780
2755870
2820714
2886312
2952664
3019770
3087630
3156244
3225612
3295734
3366610
3438240
3510624
3583762
3657654
3732300
3807700
3883854
3960762
4038424
4116840
4196010
4275934
4356612
4438044
4520230
4603170
4686864
4771312
4856514
4942470
5029180
5116644
5204862
5293834
5383560
5474040
5565274
5657262
5750004
5843500
5937750
6032754
6128512
6225024
6322290
6420310
6519084
6618612
6718894
6819930
6921720
7024264
7127562
7231614
7336420
7441980
7548294
7655362
7763184
7871760
7981090
8091174
8202012
8313604
8425950
8539050
8652904
8767512
8882874
8998990
9115860
9233484
9351862
9470994
9590880
9711520
9832914
9955062
10077964
10201620
10326030
10451194
10577112
10703784
10831210
10959390
11088324
11218012
11348454
11479650
11611600
11744304
11877762
12011974
12146940
12282660
12419134
12556362
12694344
12833080
12972570
13112814
13253812
13395564
13538070
13681330
13825344
13970112
14115634
14261910
14408940
14556724
14705262
14854554
15004600
15155400
15306954
15459262
15612324
15766140
15920710
16076034
16232112
16388944
16546530
16704870
16863964
17023812
17184414
17345770
17507880
17670744
17834362
17998734
18163860
18329740
18496374
18663762
18831904
19000800
19170450
19340854
19512012
19683924
19856590
20030010
20204184
20379112
20554794
20731230
20908420
21086364
21265062
21444514
21624720
21805680
21987394
22169862
22353084
22537060
22721790
22907274
23093512
23280504
23468250
23656750
23846004
24036012
24226774
24418290
24610560
24803584
24997362
25191894
25387180
25583220
25780014
25977562
26175864
26374920
26574730
26775294
26976612
27178684
27381510
27585090
27789424
27994512
28200354
28406950
28614300
28822404
29031262
29240874
29451240
29662360
29874234
30086862
30300244
30514380
30729270
30944914
31161312
31378464
31596370
31815030
32034444
32254612
32475534
32697210
32919640
33142824
33366762
33591454
33816900
34043100
34270054
34497762
34726224
34955440
35185410
35416134
35647612
35879844
36112830
36346570
36581064
36816312
37052314
37289070
37526580
37764844
38003862
38243634
38484160
38725440
38967474
39210262
39453804
39698100
39943150
40188954
40435512
40682824
40930890
41179710
41429284
41679612
41930694
42182530
42435120
42688464
42942562
43197414
43453020
43709380
43966494
44224362
44482984
44742360
45002490
45263374
45525012
45787404
46050550
46314450
46579104
46844512
47110674
47377590
47645260
47913684
48182862
48452794
48723480
48994920
49267114
49540062
49813764
50088220
50363430
50639394
50916112
51193584
51471810
51750790
52030524
52311012
52592254
52874250
53157000
53440504
53724762
54009774
54295540
54582060
54869334
55157362
55446144
55735680
56025970
56317014
56608812
56901364
57194670
57488730
57783544
58079112
58375434
58672510
58970340
59268924
59568262
59868354
60169200
60470800
60773154
61076262
61380124
61684740
61990110
62296234
62603112
62910744
63219130
63528270
63838164
64148812
64460214
64772370
65085280
65398944
65713362
66028534
66344460
66661140
66978574
67296762
67615704
67935400
68255850
68577054
68899012
69221724
69545190
69869410
70194384
70520112
70846594
71173830
71501820
71830564
72160062
72490314
72821320
73153080
73485594
73818862
74152884
74487660
74823190
75159474
75496512
75834304
76172850
76512150
76852204
77193012
77534574
77876890
78219960
78563784
78908362
79253694
79599780
79946620
80294214
80642562
80991664
81341520
81692130
82043494
82395612
82748484
83102110
83456490
83811624
84167512
84524154
84881550
85239700
85598604
85958262
86318674
86679840
87041760
87404434
87767862
88132044
88496980
88862670
89229114
89596312
89964264
90332970
90702430
91072644
91443612
91815334
92187810
92561040
92935024
93309762
93685254
94061500
94438500
94816254
95194762
95574024
95954040
96334810
96716334
97098612
97481644
97865430
98249970
98635264
99021312
99408114
99795670
100183980
100573044
100962862
101353434
101744760
102136840
102529674
102923262
103317604
103712700
104108550
104505154
104902512
105300624
105699490
106099110
106499484
106900612
107302494
107705130
108108520
108512664
108917562
109323214
109729620
110136780
110544694
110953362
111362784
111772960
112183890
112595574
113008012
113421204
113835150
114249850
114665304
115081512
115498474
115916190
116334660
116753884
117173862
117594594
118016080
118438320
118861314
119285062
119709564
120134820
120560830
120987594
121415112
121843384
122272410
122702190
123132724
123564012
123996054
124428850
124862400
125296704
125731762
126167574
126604140
127041460
127479534
127918362
128357944
128798280
129239370
129681214
130123812
130567164
131011270
131456130
131901744
132348112
132795234
133243110
133691740
134141124
134591262
135042154
135493800
135946200
136399354
136853262
137307924
137763340
138219510
138676434
139134112
139592544
140051730
140511670
140972364
141433812
141896014
142358970
142822680
143287144
143752362
144218334
144685060
145152540
145620774
146089762
146559504
147030000
147501250
147973254
148446012
148919524
149393790
149868810
150344584
150821112
151298394
151776430
152255220
152734764
153215062
153696114
154177920
154660480
155143794
155627862
156112684
156598260
157084590
157571674
158059512
158548104
159037450
159527550
160018404
160510012
161002374
161495490
161989360
162483984
162979362
163475494
163972380
164470020
164968414
165467562
165967464
166468120
166969530
167471694
167974612
168478284
168982710
169487890
169993824
170500512
171007954
171516150
172025100
172534804
173045262
173556474
174068440
174581160
175094634
175608862
176123844
176639580
177156070
177673314
178191312
178710064
179229570
179749830
180270844
180792612
181315134
181838410
182362440
182887224
183412762
183939054
184466100
184993900
185522454
186051762
186581824
187112640
187644210
188176534
188709612
189243444
189778030
190313370
190849464
191386312
191923914
192462270
193001380
193541244
194081862
194623234
195165360
195708240
196251874
196796262
197341404
197887300
198433950
198981354
199529512
200078424
200628090
201178510
201729684
202281612
202834294
203387730
203941920
204496864
205052562
205609014
206166220
206724180
207282894
207842362
208402584
208963560
209525290
210087774
210651012
211215004
211779750
212345250
212911504
213478512
214046274
214614790
429229580
