219
657
1314
2190
3285
4599
6132
7884
9855
12045
14454
17082
19929
22995
26280
29784
33507
37449
41610
45990
50589
55407
60444
65700
71175
76869
82782
88914
95265
101835
108624
115632
122859
130305
137970
145854
153957
162279
170820
179580
188559
197757
207174
216810
226665
236739
247032
257544
268275
279225
290394
301782
313389
325215
337260
349524
362007
374709
387630
400770
414129
427707
441504
455520
469755
484209
498882
513774
528885
544215
559764
575532
591519
607725
624150
640794
657657
674739
692040
709560
727299
745257
763434
781830
800445
819279
838332
857604
877095
896805
916734
936882
957249
977835
998640
1019664
1040907
1062369
1084050
1105950
1128069
1150407
1172964
1195740
1218735
1241949
1265382
1289034
1312905
1336995
1361304
1385832
1410579
1435545
1460730
1486134
1511757
1537599
1563660
1589940
1616439
1643157
1670094
1697250
1724625
1752219
1780032
1808064
1836315
1864785
1893474
1922382
1951509
1980855
2010420
2040204
2070207
2100429
2130870
2161530
2192409
2223507
2254824
2286360
2318115
2350089
2382282
2414694
2447325
2480175
2513244
2546532
2580039
2613765
2647710
2681874
2716257
2750859
2785680
2820720
2855979
2891457
2927154
2963070
2999205
3035559
3072132
3108924
3145935
3183165
3220614
3258282
3296169
3334275
3372600
3411144
3449907
3488889
3528090
3567510
3607149
3647007
3687084
3727380
3767895
3808629
3849582
3890754
3932145
3973755
4015584
4057632
4099899
4142385
4185090
4228014
4271157
4314519
4358100
4401900
4445919
4490157
4534614
4579290
4624185
4669299
4714632
4760184
4805955
4851945
4898154
4944582
4991229
5038095
5085180
5132484
5180007
5227749
5275710
220
660
1320
2200
3300
4620
6160
7920
9900
12100
14520
17160
20020
23100
26400
29920
33660
37620
41800
46200
50820
55660
60720
66000
71500
77220
83160
89320
95700
102300
109120
116160
123420
130900
138600
146520
154660
163020
171600
180400
189420
198660
208120
217800
227700
237820
248160
258720
269500
280500
291720
303160
314820
326700
338800
351120
363660
376420
389400
402600
416020
429660
443520
457600
471900
486420
501160
516120
531300
546700
562320
578160
594220
610500
627000
643720
660660
677820
695200
712800
730620
748660
766920
785400
804100
823020
842160
861520
881100
900900
920920
941160
961620
982300
1003200
1024320
1045660
1067220
1089000
1111000
1133220
1155660
1178320
1201200
1224300
1247620
1271160
1294920
1318900
1343100
1367520
1392160
1417020
1442100
1467400
1492920
1518660
1544620
1570800
1597200
1623820
1650660
1677720
1705000
1732500
1760220
1788160
1816320
1844700
1873300
1902120
1931160
1960420
1989900
2019600
2049520
2079660
2110020
2140600
2171400
2202420
2233660
2265120
2296800
2328700
2360820
2393160
2425720
2458500
2491500
2524720
2558160
2591820
2625700
2659800
2694120
2728660
2763420
2798400
2833600
2869020
2904660
2940520
2976600
3012900
3049420
3086160
3123120
3160300
3197700
3235320
3273160
3311220
3349500
3388000
3426720
3465660
3504820
3544200
3583800
3623620
3663660
3703920
3744400
3785100
3826020
3867160
3908520
3950100
3991900
4033920
4076160
4118620
4161300
4204200
4247320
4290660
4334220
4378000
4422000
4466220
4510660
4555320
4600200
4645300
4690620
4736160
4781920
4827900
4874100
4920520
4967160
5014020
5061100
5108400
5155920
5203660
5251620
5299800
5348200
10623910
