674
2022
4044
6740
10110
14154
18872
24264
30330
37070
44484
52572
61334
70770
80880
91664
103122
115254
128060
141540
155694
170522
186024
202200
219050
236574
254772
273644
293190
313410
334304
355872
378114
401030
424620
448884
473822
499434
525720
552680
580314
608622
637604
667260
697590
728594
760272
792624
825650
859350
893724
928772
964494
1000890
1037960
1075704
1114122
1153214
1192980
1233420
1274534
1316322
1358784
1401920
1445730
1490214
1535372
1581204
1627710
1674890
1722744
1771272
1820474
1870350
1920900
1972124
2024022
2076594
2129840
2183760
2238354
2293622
2349564
2406180
2463470
2521434
2580072
2639384
2699370
2760030
2821364
2883372
2946054
3009410
3073440
3138144
3203522
3269574
3336300
3403700
3471774
3540522
3609944
3680040
3750810
3822254
3894372
3967164
4040630
4114770
4189584
4265072
4341234
4418070
4495580
4573764
4652622
4732154
4812360
4893240
4974794
5057022
5139924
5223500
5307750
5392674
5478272
5564544
5651490
5739110
5827404
5916372
6006014
6096330
6187320
6278984
6371322
6464334
6558020
6652380
6747414
6843122
6939504
7036560
7134290
7232694
7331772
7431524
7531950
7633050
7734824
7837272
7940394
8044190
8148660
8253804
8359622
8466114
8573280
8681120
8789634
8898822
9008684
9119220
9230430
9342314
9454872
9568104
9682010
9796590
9911844
10027772
10144374
10261650
10379600
10498224
10617522
10737494
10858140
10979460
11101454
11224122
11347464
11471480
11596170
11721534
11847572
11974284
12101670
12229730
12358464
12487872
12617954
12748710
12880140
13012244
13145022
13278474
13412600
13547400
13682874
13819022
13955844
14093340
14231510
14370354
14509872
14650064
14790930
14932470
15074684
15217572
15361134
15505370
15650280
15795864
15942122
16089054
16236660
16384940
16533894
16683522
16833824
16984800
17136450
17288774
17441772
17595444
17749790
17904810
18060504
18216872
18373914
18531630
18690020
18849084
19008822
19169234
19330320
19492080
19654514
19817622
19981404
20145860
20310990
20476794
20643272
20810424
20978250
21146750
21315924
21485772
21656294
21827490
21999360
22171904
22345122
22519014
22693580
22868820
23044734
23221322
23398584
23576520
23755130
23934414
24114372
24295004
24476310
24658290
24840944
25024272
25208274
25392950
25578300
25764324
25951022
26138394
26326440
26515160
26704554
26894622
27085364
27276780
27468870
27661634
27855072
28049184
28243970
28439430
28635564
28832372
29029854
29228010
29426840
29626344
29826522
30027374
30228900
30431100
30633974
30837522
31041744
31246640
31452210
31658454
31865372
32072964
32281230
32490170
32699784
32910072
33121034
33332670
33544980
33757964
33971622
34185954
34400960
34616640
34832994
35050022
35267724
35486100
35705150
35924874
36145272
36366344
36588090
36810510
37033604
37257372
37481814
37706930
37932720
38159184
38386322
38614134
38842620
39071780
39301614
39532122
39763304
39995160
40227690
40460894
40694772
40929324
41164550
41400450
41637024
41874272
42112194
42350790
42590060
42830004
43070622
43311914
43553880
43796520
44039834
44283822
44528484
44773820
45019830
45266514
45513872
45761904
46010610
46259990
46510044
46760772
47012174
47264250
47517000
47770424
48024522
48279294
48534740
48790860
49047654
49305122
49563264
49822080
50081570
50341734
50602572
50864084
51126270
51389130
51652664
51916872
52181754
52447310
52713540
52980444
53248022
53516274
53785200
54054800
54325074
54596022
54867644
55139940
55412910
55686554
55960872
56235864
56511530
56787870
57064884
57342572
57620934
57899970
58179680
58460064
58741122
59022854
59305260
59588340
59872094
60156522
60441624
60727400
61013850
61300974
61588772
61877244
62166390
62456210
62746704
63037872
63329714
63622230
63915420
64209284
64503822
64799034
65094920
65391480
65688714
65986622
66285204
66584460
66884390
67184994
67486272
67788224
68090850
68394150
68698124
69002772
69308094
69614090
69920760
70228104
70536122
70844814
71154180
71464220
71774934
72086322
72398384
72711120
73024530
73338614
73653372
73968804
74284910
74601690
74919144
75237272
75556074
75875550
76195700
76516524
76838022
77160194
77483040
77806560
78130754
78455622
78781164
79107380
79434270
79761834
80090072
80418984
80748570
81078830
81409764
81741372
82073654
82406610
82740240
83074544
83409522
83745174
84081500
84418500
84756174
85094522
85433544
85773240
86113610
86454654
86796372
87138764
87481830
87825570
88169984
88515072
88860834
89207270
89554380
89902164
90250622
90599754
90949560
91300040
91651194
92003022
92355524
92708700
93062550
93417074
93772272
94128144
94484690
94841910
95199804
95558372
95917614
96277530
96638120
96999384
97361322
97723934
98087220
98451180
98815814
99181122
99547104
99913760
100281090
100649094
101017772
101387124
101757150
102127850
102499224
102871272
103243994
103617390
103991460
104366204
104741622
105117714
105494480
105871920
106250034
106628822
107008284
107388420
107769230
108150714
108532872
108915704
109299210
109683390
110068244
110453772
110839974
111226850
111614400
112002624
112391522
112781094
113171340
113562260
113953854
114346122
114739064
115132680
115526970
115921934
116317572
116713884
117110870
117508530
117906864
118305872
118705554
119105910
119506940
119908644
120311022
120714074
121117800
121522200
121927274
122333022
122739444
123146540
123554310
123962754
124371872
124781664
125192130
125603270
126015084
126427572
126840734
127254570
127669080
128084264
128500122
128916654
129333860
129751740
130170294
130589522
131009424
131430000
131851250
132273174
132695772
133119044
133542990
133967610
134392904
134818872
135245514
135672830
136100820
136529484
136958822
137388834
137819520
138250880
138682914
139115622
139549004
139983060
140417790
140853194
141289272
141726024
142163450
142601550
143040324
143479772
143919894
144360690
144802160
145244304
145687122
146130614
146574780
147019620
147465134
147911322
148358184
148805720
149253930
149702814
150152372
150602604
151053510
151505090
151957344
152410272
152863874
153318150
674
2022
4044
6740
10110
14154
18872
24264
30330
37070
44484
52572
61334
70770
80880
91664
103122
115254
128060
141540
155694
170522
186024
202200
219050
236574
254772
273644
293190
313410
334304
355872
378114
401030
424620
448884
473822
499434
525720
552680
580314
608622
637604
667260
697590
728594
760272
792624
825650
859350
893724
928772
964494
1000890
1037960
1075704
1114122
1153214
1192980
1233420
1274534
1316322
1358784
1401920
1445730
1490214
1535372
1581204
1627710
1674890
1722744
1771272
1820474
1870350
1920900
1972124
2024022
2076594
2129840
2183760
2238354
2293622
2349564
2406180
2463470
2521434
2580072
2639384
2699370
2760030
2821364
2883372
2946054
3009410
3073440
3138144
3203522
3269574
3336300
3403700
3471774
3540522
3609944
3680040
3750810
3822254
3894372
3967164
4040630
4114770
4189584
4265072
4341234
4418070
4495580
4573764
4652622
4732154
4812360
4893240
4974794
5057022
5139924
5223500
5307750
5392674
5478272
5564544
5651490
5739110
5827404
5916372
6006014
6096330
6187320
6278984
6371322
6464334
6558020
6652380
6747414
6843122
6939504
7036560
7134290
7232694
7331772
7431524
7531950
7633050
7734824
7837272
7940394
8044190
8148660
8253804
8359622
8466114
8573280
8681120
8789634
8898822
9008684
9119220
9230430
9342314
9454872
9568104
9682010
9796590
9911844
10027772
10144374
10261650
10379600
10498224
10617522
10737494
10858140
10979460
11101454
11224122
11347464
11471480
11596170
11721534
11847572
11974284
12101670
12229730
12358464
12487872
12617954
12748710
12880140
13012244
13145022
13278474
13412600
13547400
13682874
13819022
13955844
14093340
14231510
14370354
14509872
14650064
14790930
14932470
15074684
15217572
15361134
15505370
15650280
15795864
15942122
16089054
16236660
16384940
16533894
16683522
16833824
16984800
17136450
17288774
17441772
17595444
17749790
17904810
18060504
18216872
18373914
18531630
18690020
18849084
19008822
19169234
19330320
19492080
19654514
19817622
19981404
20145860
20310990
20476794
20643272
20810424
20978250
21146750
21315924
21485772
21656294
21827490
21999360
22171904
22345122
22519014
22693580
22868820
23044734
23221322
23398584
23576520
23755130
23934414
24114372
24295004
24476310
24658290
24840944
25024272
25208274
25392950
25578300
25764324
25951022
26138394
26326440
26515160
26704554
26894622
27085364
27276780
27468870
27661634
27855072
28049184
28243970
28439430
28635564
28832372
29029854
29228010
29426840
29626344
29826522
30027374
30228900
30431100
30633974
30837522
31041744
31246640
31452210
31658454
31865372
32072964
32281230
32490170
32699784
32910072
33121034
33332670
33544980
33757964
33971622
34185954
34400960
34616640
34832994
35050022
35267724
35486100
35705150
35924874
36145272
36366344
36588090
36810510
37033604
37257372
37481814
37706930
37932720
38159184
38386322
38614134
38842620
39071780
39301614
39532122
39763304
39995160
40227690
40460894
40694772
40929324
41164550
41400450
41637024
41874272
42112194
42350790
42590060
42830004
43070622
43311914
43553880
43796520
44039834
44283822
44528484
44773820
45019830
45266514
45513872
45761904
46010610
46259990
46510044
46760772
47012174
47264250
47517000
47770424
48024522
48279294
48534740
48790860
49047654
49305122
49563264
49822080
50081570
50341734
50602572
50864084
51126270
51389130
51652664
51916872
52181754
52447310
52713540
52980444
53248022
53516274
53785200
54054800
54325074
54596022
54867644
55139940
55412910
55686554
55960872
56235864
56511530
56787870
57064884
57342572
57620934
57899970
58179680
58460064
58741122
59022854
59305260
59588340
59872094
60156522
60441624
60727400
61013850
61300974
61588772
61877244
62166390
62456210
62746704
63037872
63329714
63622230
63915420
64209284
64503822
64799034
65094920
65391480
65688714
65986622
66285204
66584460
66884390
67184994
67486272
67788224
68090850
68394150
68698124
69002772
69308094
69614090
69920760
70228104
70536122
70844814
71154180
71464220
71774934
72086322
72398384
72711120
73024530
73338614
73653372
73968804
74284910
74601690
74919144
75237272
75556074
75875550
76195700
76516524
76838022
77160194
77483040
77806560
78130754
78455622
78781164
79107380
79434270
79761834
80090072
80418984
80748570
81078830
81409764
81741372
82073654
82406610
82740240
83074544
83409522
83745174
84081500
84418500
84756174
85094522
85433544
85773240
86113610
86454654
86796372
87138764
87481830
87825570
88169984
88515072
88860834
89207270
89554380
89902164
90250622
90599754
90949560
91300040
91651194
92003022
92355524
92708700
93062550
93417074
93772272
94128144
94484690
94841910
95199804
95558372
95917614
96277530
96638120
96999384
97361322
97723934
98087220
98451180
98815814
99181122
99547104
99913760
100281090
100649094
101017772
101387124
101757150
102127850
102499224
102871272
103243994
103617390
103991460
104366204
104741622
105117714
105494480
105871920
106250034
106628822
107008284
107388420
107769230
108150714
108532872
108915704
109299210
109683390
110068244
110453772
110839974
111226850
111614400
112002624
112391522
112781094
113171340
113562260
113953854
114346122
114739064
115132680
115526970
115921934
116317572
116713884
117110870
117508530
117906864
118305872
118705554
119105910
119506940
119908644
120311022
120714074
121117800
121522200
121927274
122333022
122739444
123146540
123554310
123962754
124371872
124781664
125192130
125603270
126015084
126427572
126840734
127254570
127669080
128084264
128500122
128916654
129333860
129751740
130170294
130589522
131009424
131430000
131851250
132273174
132695772
133119044
133542990
133967610
134392904
134818872
135245514
135672830
136100820
136529484
136958822
137388834
137819520
138250880
138682914
139115622
139549004
139983060
140417790
140853194
141289272
141726024
142163450
142601550
143040324
143479772
143919894
144360690
144802160
145244304
145687122
146130614
146574780
147019620
147465134
147911322
148358184
148805720
149253930
149702814
150152372
150602604
151053510
151505090
151957344
152410272
152863874
153318150
306636300
