859
2577
5154
8590
12885
18039
24052
30924
38655
47245
56694
67002
78169
90195
103080
116824
131427
146889
163210
180390
198429
217327
237084
257700
279175
301509
324702
348754
373665
399435
426064
453552
481899
511105
541170
572094
603877
636519
670020
704380
739599
775677
812614
850410
889065
928579
968952
1010184
1052275
1095225
1139034
1183702
1229229
1275615
1322860
1370964
1419927
1469749
1520430
1571970
1624369
1677627
1731744
1786720
1842555
1899249
1956802
2015214
2074485
2134615
2195604
2257452
2320159
2383725
2448150
2513434
2579577
2646579
2714440
2783160
2852739
2923177
2994474
3066630
3139645
3213519
3288252
3363844
3440295
3517605
3595774
3674802
3754689
3835435
3917040
3999504
4082827
4167009
4252050
4337950
4424709
4512327
4600804
4690140
4780335
4871389
4963302
5056074
5149705
5244195
5339544
5435752
5532819
5630745
5729530
5829174
5929677
6031039
6133260
6236340
6340279
6445077
6550734
6657250
6764625
6872859
6981952
7091904
7202715
7314385
7426914
7540302
7654549
7769655
7885620
8002444
8120127
8238669
8358070
8478330
8599449
8721427
8844264
8967960
9092515
9217929
9344202
9471334
9599325
9728175
9857884
9988452
10119879
10252165
10385310
10519314
10654177
10789899
10926480
11063920
11202219
11341377
11481394
11622270
11764005
11906599
12050052
12194364
12339535
12485565
12632454
12780202
12928809
13078275
13228600
13379784
13531827
13684729
13838490
13993110
14148589
14304927
14462124
14620180
14779095
14938869
15099502
15260994
15423345
15586555
15750624
15915552
16081339
16247985
16415490
16583854
16753077
16923159
17094100
17265900
17438559
17612077
17786454
17961690
18137785
18314739
18492552
18671224
18850755
19031145
19212394
19394502
19577469
19761295
19945980
20131524
20317927
20505189
20693310
20882290
21072129
21262827
21454384
21646800
21840075
22034209
22229202
22425054
22621765
22819335
23017764
23217052
23417199
23618205
23820070
24022794
24226377
24430819
24636120
24842280
25049299
25257177
25465914
25675510
25885965
26097279
26309452
26522484
26736375
26951125
27166734
27383202
27600529
27818715
28037760
28257664
28478427
28700049
28922530
29145870
29370069
29595127
29821044
30047820
30275455
30503949
30733302
30963514
31194585
31426515
31659304
31892952
32127459
32362825
32599050
32836134
33074077
33312879
33552540
33793060
34034439
34276677
34519774
34763730
35008545
35254219
35500752
35748144
35996395
36245505
36495474
36746302
36997989
37250535
37503940
37758204
38013327
38269309
38526150
38783850
39042409
39301827
39562104
39823240
40085235
40348089
40611802
40876374
41141805
41408095
41675244
41943252
42212119
42481845
42752430
43023874
43296177
43569339
43843360
44118240
44393979
44670577
44948034
45226350
45505525
45785559
46066452
46348204
46630815
46914285
47198614
47483802
47769849
48056755
48344520
48633144
48922627
49212969
49504170
49796230
50089149
50382927
50677564
50973060
51269415
51566629
51864702
52163634
52463425
52764075
53065584
53367952
53671179
53975265
54280210
54586014
54892677
55200199
55508580
55817820
56127919
56438877
56750694
57063370
57376905
57691299
58006552
58322664
58639635
58957465
59276154
59595702
59916109
60237375
60559500
60882484
61206327
61531029
61856590
62183010
62510289
62838427
63167424
63497280
63827995
64159569
64492002
64825294
65159445
65494455
65830324
66167052
66504639
66843085
67182390
67522554
67863577
68205459
68548200
68891800
69236259
69581577
69927754
70274790
70622685
70971439
71321052
71671524
72022855
72375045
72728094
73082002
73436769
73792395
74148880
74506224
74864427
75223489
75583410
75944190
76305829
76668327
77031684
77395900
77760975
78126909
78493702
78861354
79229865
79599235
79969464
80340552
80712499
81085305
81458970
81833494
82208877
82585119
82962220
83340180
83718999
84098677
84479214
84860610
85242865
85625979
86009952
86394784
86780475
87167025
87554434
87942702
88331829
88721815
89112660
89504364
89896927
90290349
90684630
91079770
91475769
91872627
92270344
92668920
93068355
93468649
93869802
94271814
94674685
95078415
95483004
95888452
96294759
96701925
97109950
97518834
97928577
98339179
98750640
99162960
99576139
99990177
100405074
100820830
101237445
101654919
102073252
102492444
102912495
103333405
103755174
104177802
104601289
105025635
105450840
105876904
106303827
106731609
107160250
107589750
108020109
108451327
108883404
109316340
109750135
110184789
110620302
111056674
111493905
111931995
112370944
112810752
113251419
113692945
114135330
114578574
115022677
115467639
115913460
116360140
116807679
117256077
117705334
118155450
118606425
119058259
119510952
119964504
120418915
120874185
121330314
121787302
122245149
122703855
123163420
123623844
124085127
124547269
125010270
125474130
125938849
126404427
126870864
127338160
127806315
128275329
128745202
129215934
129687525
130159975
130633284
131107452
131582479
132058365
132535110
133012714
133491177
133970499
134450680
134931720
135413619
135896377
136379994
136864470
137349805
137835999
138323052
138810964
139299735
139789365
140279854
140771202
141263409
141756475
142250400
142745184
143240827
143737329
144234690
144732910
145231989
145731927
146232724
146734380
147236895
147740269
148244502
148749594
149255545
149762355
150270024
150778552
151287939
151798185
152309290
152821254
153334077
153847759
154362300
154877700
155393959
155911077
156429054
156947890
157467585
157988139
158509552
159031824
159554955
160078945
160603794
161129502
161656069
162183495
162711780
163240924
163770927
164301789
164833510
165366090
165899529
166433827
166968984
167505000
168041875
168579609
169118202
169657654
170197965
170739135
171281164
171824052
172367799
172912405
173457870
174004194
174551377
175099419
175648320
176198080
176748699
177300177
177852514
178405710
178959765
179514679
180070452
180627084
181184575
181742925
182302134
182862202
183423129
183984915
184547560
185111064
185675427
186240649
186806730
187373670
187941469
188510127
189079644
189650020
190221255
190793349
191366302
191940114
192514785
193090315
193666704
194243952
194822059
195401025
195980850
196561534
197143077
197725479
198308740
198892860
199477839
200063677
200650374
201237930
201826345
202415619
203005752
203596744
204188595
204781305
205374874
205969302
206564589
207160735
207757740
208355604
208954327
209553909
210154350
210755650
211357809
211960827
212564704
213169440
213775035
214381489
214988802
215596974
216206005
216815895
217426644
218038252
218650719
219264045
219878230
220493274
221109177
221725939
222343560
222962040
223581379
224201577
224822634
225444550
226067325
226690959
227315452
227940804
228567015
229194085
229822014
230450802
231080449
231710955
232342320
232974544
233607627
234241569
234876370
235512030
236148549
236785927
237424164
238063260
238703215
239344029
239985702
240628234
241271625
241915875
242560984
243206952
243853779
244501465
245150010
245799414
246449677
247100799
247752780
248405620
249059319
249713877
250369294
251025570
251682705
252340699
252999552
253659264
254319835
254981265
255643554
256306702
256970709
257635575
258301300
258967884
259635327
260303629
260972790
261642810
262313689
262985427
263658024
264331480
265005795
265680969
266357002
267033894
267711645
268390255
269069724
269750052
270431239
271113285
271796190
272479954
273164577
273850059
274536400
275223600
275911659
276600577
277290354
277980990
278672485
279364839
280058052
280752124
281447055
282142845
282839494
283537002
284235369
284934595
285634680
286335624
287037427
287740089
288443610
289147990
289853229
290559327
291266284
291974100
292682775
293392309
294102702
294813954
295526065
296239035
296952864
297667552
298383099
299099505
299816770
300534894
301253877
301973719
302694420
303415980
304138399
304861677
305585814
306310810
307036665
307763379
308490952
309219384
309948675
310678825
311409834
312141702
312874429
313608015
314342460
315077764
315813927
316550949
317288830
860
2580
5160
8600
12900
18060
24080
30960
38700
47300
56760
67080
78260
90300
103200
116960
131580
147060
163400
180600
198660
217580
237360
258000
279500
301860
325080
349160
374100
399900
426560
454080
482460
511700
541800
572760
604580
637260
670800
705200
740460
776580
813560
851400
890100
929660
970080
1011360
1053500
1096500
1140360
1185080
1230660
1277100
1324400
1372560
1421580
1471460
1522200
1573800
1626260
1679580
1733760
1788800
1844700
1901460
1959080
2017560
2076900
2137100
2198160
2260080
2322860
2386500
2451000
2516360
2582580
2649660
2717600
2786400
2856060
2926580
2997960
3070200
3143300
3217260
3292080
3367760
3444300
3521700
3599960
3679080
3759060
3839900
3921600
4004160
4087580
4171860
4257000
4343000
4429860
4517580
4606160
4695600
4785900
4877060
4969080
5061960
5155700
5250300
5345760
5442080
5539260
5637300
5736200
5835960
5936580
6038060
6140400
6243600
6347660
6452580
6558360
6665000
6772500
6880860
6990080
7100160
7211100
7322900
7435560
7549080
7663460
7778700
7894800
8011760
8129580
8248260
8367800
8488200
8609460
8731580
8854560
8978400
9103100
9228660
9355080
9482360
9610500
9739500
9869360
10000080
10131660
10264100
10397400
10531560
10666580
10802460
10939200
11076800
11215260
11354580
11494760
11635800
11777700
11920460
12064080
12208560
12353900
12500100
12647160
12795080
12943860
13093500
13244000
13395360
13547580
13700660
13854600
14009400
14165060
14321580
14478960
14637200
14796300
14956260
15117080
15278760
15441300
15604700
15768960
15934080
16100060
16266900
16434600
16603160
16772580
16942860
17114000
17286000
17458860
17632580
17807160
17982600
18158900
18336060
18514080
18692960
18872700
19053300
19234760
19417080
19600260
19784300
19969200
20154960
20341580
20529060
20717400
20906600
21096660
21287580
21479360
21672000
21865500
22059860
22255080
22451160
22648100
22845900
23044560
23244080
23444460
23645700
23847800
24050760
24254580
24459260
24664800
24871200
25078460
25286580
25495560
25705400
25916100
26127660
26340080
26553360
26767500
26982500
27198360
27415080
27632660
27851100
28070400
28290560
28511580
28733460
28956200
29179800
29404260
29629580
29855760
30082800
30310700
30539460
30769080
30999560
31230900
31463100
31696160
31930080
32164860
32400500
32637000
32874360
33112580
33351660
33591600
33832400
34074060
34316580
34559960
34804200
35049300
35295260
35542080
35789760
36038300
36287700
36537960
36789080
37041060
37293900
37547600
37802160
38057580
38313860
38571000
38829000
39087860
39347580
39608160
39869600
40131900
40395060
40659080
40923960
41189700
41456300
41723760
41992080
42261260
42531300
42802200
43073960
43346580
43620060
43894400
44169600
44445660
44722580
45000360
45279000
45558500
45838860
46120080
46402160
46685100
46968900
47253560
47539080
47825460
48112700
48400800
48689760
48979580
49270260
49561800
49854200
50147460
50441580
50736560
51032400
51329100
51626660
51925080
52224360
52524500
52825500
53127360
53430080
53733660
54038100
54343400
54649560
54956580
55264460
55573200
55882800
56193260
56504580
56816760
57129800
57443700
57758460
58074080
58390560
58707900
59026100
59345160
59665080
59985860
60307500
60630000
60953360
61277580
61602660
61928600
62255400
62583060
62911580
63240960
63571200
63902300
64234260
64567080
64900760
65235300
65570700
65906960
66244080
66582060
66920900
67260600
67601160
67942580
68284860
68628000
68972000
69316860
69662580
70009160
70356600
70704900
71054060
71404080
71754960
72106700
72459300
72812760
73167080
73522260
73878300
74235200
74592960
74951580
75311060
75671400
76032600
76394660
76757580
77121360
77486000
77851500
78217860
78585080
78953160
79322100
79691900
80062560
80434080
80806460
81179700
81553800
81928760
82304580
82681260
83058800
83437200
83816460
84196580
84577560
84959400
85342100
85725660
86110080
86495360
86881500
87268500
87656360
88045080
88434660
88825100
89216400
89608560
90001580
90395460
90790200
91185800
91582260
91979580
92377760
92776800
93176700
93577460
93979080
94381560
94784900
95189100
95594160
96000080
96406860
96814500
97223000
97632360
98042580
98453660
98865600
99278400
99692060
100106580
100521960
100938200
101355300
101773260
102192080
102611760
103032300
103453700
103875960
104299080
104723060
105147900
105573600
106000160
106427580
106855860
107285000
107715000
108145860
108577580
109010160
109443600
109877900
110313060
110749080
111185960
111623700
112062300
112501760
112942080
113383260
113825300
114268200
114711960
115156580
115602060
116048400
116495600
116943660
117392580
117842360
118293000
118744500
119196860
119650080
120104160
120559100
121014900
121471560
121929080
122387460
122846700
123306800
123767760
124229580
124692260
125155800
125620200
126085460
126551580
127018560
127486400
127955100
128424660
128895080
129366360
129838500
130311500
130785360
131260080
131735660
132212100
132689400
133167560
133646580
134126460
134607200
135088800
135571260
136054580
136538760
137023800
137509700
137996460
138484080
138972560
139461900
139952100
140443160
140935080
141427860
141921500
142416000
142911360
143407580
143904660
144402600
144901400
145401060
145901580
146402960
146905200
147408300
147912260
148417080
148922760
149429300
149936700
150444960
150954080
151464060
151974900
152486600
152999160
153512580
154026860
154542000
155058000
155574860
156092580
156611160
157130600
157650900
158172060
158694080
159216960
159740700
160265300
160790760
161317080
161844260
162372300
162901200
163430960
163961580
164493060
165025400
165558600
166092660
166627580
167163360
167700000
168237500
168775860
169315080
169855160
170396100
170937900
171480560
172024080
172568460
173113700
173659800
174206760
174754580
175303260
175852800
176403200
176954460
177506580
178059560
178613400
179168100
179723660
180280080
180837360
181395500
181954500
182514360
183075080
183636660
184199100
184762400
185326560
185891580
186457460
187024200
187591800
188160260
188729580
189299760
189870800
190442700
191015460
191589080
192163560
192738900
193315100
193892160
194470080
195048860
195628500
196209000
196790360
197372580
197955660
198539600
199124400
199710060
200296580
200883960
201472200
202061300
202651260
203242080
203833760
204426300
205019700
205613960
206209080
206805060
207401900
207999600
208598160
209197580
209797860
210399000
211001000
211603860
212207580
212812160
213417600
214023900
214631060
215239080
215847960
216457700
217068300
217679760
218292080
218905260
219519300
220134200
220749960
221366580
221984060
222602400
223221600
223841660
224462580
225084360
225707000
226330500
226954860
227580080
228206160
228833100
229460900
230089560
230719080
231349460
231980700
232612800
233245760
233879580
234514260
235149800
235786200
236423460
237061580
237700560
238340400
238981100
239622660
240265080
240908360
241552500
242197500
242843360
243490080
244137660
244786100
245435400
246085560
246736580
247388460
248041200
248694800
249349260
250004580
250660760
251317800
251975700
252634460
253294080
253954560
254615900
255278100
255941160
256605080
257269860
257935500
258602000
259269360
259937580
260606660
261276600
261947400
262619060
263291580
263964960
264639200
265314300
265990260
266667080
267344760
268023300
268702700
269382960
270064080
270746060
271428900
272112600
272797160
273482580
274168860
274856000
275544000
276232860
276922580
277613160
278304600
278996900
279690060
280384080
281078960
281774700
282471300
283168760
283867080
284566260
285266300
285967200
286668960
287371580
288075060
288779400
289484600
290190660
290897580
291605360
292314000
293023500
293733860
294445080
295157160
295870100
296583900
297298560
298014080
298730460
299447700
300165800
300884760
301604580
302325260
303046800
303769200
304492460
305216580
305941560
306667400
307394100
308121660
308850080
309579360
310309500
311040500
311772360
312505080
313238660
313973100
314708400
315444560
316181580
316919460
317658200
318397800
635686630
