656
1968
3936
6560
9840
13776
18368
23616
29520
36080
43296
51168
59696
68880
78720
89216
100368
112176
124640
137760
151536
165968
181056
196800
213200
230256
247968
266336
285360
305040
325376
346368
368016
390320
413280
436896
461168
486096
511680
537920
564816
592368
620576
649440
678960
709136
739968
771456
803600
836400
869856
903968
938736
974160
1010240
1046976
1084368
1122416
1161120
1200480
1240496
1281168
1322496
1364480
1407120
1450416
1494368
1538976
1584240
1630160
1676736
1723968
1771856
1820400
1869600
1919456
1969968
2021136
2072960
2125440
2178576
2232368
2286816
2341920
2397680
2454096
2511168
2568896
2627280
2686320
2746016
2806368
2867376
2929040
2991360
3054336
3117968
3182256
3247200
3312800
3379056
3445968
3513536
3581760
3650640
3720176
3790368
3861216
3932720
4004880
4077696
4151168
4225296
4300080
4375520
4451616
4528368
4605776
4683840
4762560
4841936
4921968
5002656
5084000
5166000
5248656
5331968
5415936
5500560
5585840
5671776
5758368
5845616
5933520
6022080
6111296
6201168
6291696
6382880
6474720
6567216
6660368
6754176
6848640
6943760
7039536
7135968
7233056
7330800
7429200
7528256
7627968
7728336
7829360
7931040
8033376
8136368
8240016
8344320
8449280
8554896
8661168
8768096
8875680
8983920
9092816
9202368
9312576
9423440
9534960
9647136
9759968
9873456
9987600
10102400
10217856
10333968
10450736
10568160
10686240
10804976
10924368
11044416
11165120
11286480
11408496
11531168
11654496
11778480
11903120
12028416
12154368
12280976
12408240
12536160
12664736
12793968
12923856
13054400
13185600
13317456
13449968
13583136
13716960
13851440
13986576
14122368
14258816
14395920
14533680
14672096
14811168
14950896
15091280
15232320
15374016
15516368
15659376
15803040
15947360
16092336
16237968
16384256
16531200
16678800
16827056
16975968
17125536
17275760
17426640
17578176
17730368
17883216
18036720
18190880
18345696
18501168
18657296
18814080
18971520
19129616
19288368
19447776
19607840
19768560
19929936
20091968
20254656
20418000
20582000
20746656
20911968
21077936
21244560
21411840
21579776
21748368
21917616
22087520
22258080
22429296
22601168
22773696
22946880
23120720
23295216
23470368
23646176
23822640
23999760
24177536
24355968
24535056
24714800
24895200
25076256
25257968
25440336
25623360
25807040
25991376
26176368
26362016
26548320
26735280
26922896
27111168
27300096
27489680
27679920
27870816
28062368
28254576
28447440
28640960
28835136
29029968
29225456
29421600
29618400
29815856
30013968
30212736
30412160
30612240
30812976
31014368
31216416
31419120
31622480
31826496
32031168
32236496
32442480
32649120
32856416
33064368
33272976
33482240
33692160
33902736
34113968
34325856
34538400
34751600
34965456
35179968
35395136
35610960
35827440
36044576
36262368
36480816
36699920
36919680
37140096
37361168
37582896
37805280
38028320
38252016
38476368
38701376
38927040
39153360
39380336
39607968
39836256
40065200
40294800
40525056
40755968
40987536
41219760
41452640
41686176
41920368
42155216
42390720
42626880
42863696
43101168
43339296
43578080
43817520
44057616
44298368
44539776
44781840
45024560
45267936
45511968
45756656
46002000
46248000
46494656
46741968
46989936
47238560
47487840
47737776
47988368
48239616
48491520
48744080
48997296
49251168
49505696
49760880
50016720
50273216
50530368
50788176
51046640
51305760
51565536
51825968
52087056
52348800
52611200
52874256
53137968
53402336
53667360
53933040
54199376
54466368
54734016
55002320
55271280
55540896
55811168
56082096
56353680
56625920
56898816
57172368
57446576
57721440
57996960
58273136
58549968
58827456
59105600
59384400
59663856
59943968
60224736
60506160
60788240
61070976
61354368
61638416
61923120
62208480
62494496
62781168
63068496
63356480
63645120
63934416
64224368
64514976
64806240
65098160
65390736
65683968
65977856
66272400
66567600
66863456
67159968
67457136
67754960
68053440
68352576
68652368
68952816
69253920
69555680
69858096
70161168
70464896
70769280
71074320
71380016
71686368
71993376
72301040
72609360
72918336
73227968
73538256
73849200
74160800
74473056
74785968
75099536
75413760
75728640
76044176
76360368
76677216
76994720
77312880
77631696
77951168
78271296
78592080
78913520
79235616
79558368
79881776
80205840
80530560
80855936
81181968
81508656
81836000
82164000
82492656
82821968
83151936
83482560
83813840
84145776
84478368
84811616
85145520
85480080
85815296
86151168
86487696
86824880
87162720
87501216
87840368
88180176
88520640
88861760
89203536
89545968
89889056
90232800
90577200
90922256
91267968
91614336
91961360
92309040
92657376
93006368
93356016
93706320
94057280
94408896
94761168
95114096
95467680
95821920
96176816
96532368
96888576
97245440
97602960
97961136
98319968
98679456
99039600
99400400
99761856
100123968
100486736
100850160
101214240
101578976
101944368
102310416
102677120
103044480
103412496
103781168
104150496
104520480
104891120
105262416
105634368
106006976
106380240
106754160
107128736
107503968
107879856
108256400
108633600
109011456
109389968
109769136
110148960
110529440
110910576
111292368
111674816
112057920
112441680
112826096
113211168
113596896
113983280
114370320
114758016
115146368
115535376
115925040
116315360
116706336
117097968
117490256
117883200
118276800
118671056
119065968
119461536
119857760
120254640
120652176
121050368
121449216
121848720
122248880
122649696
123051168
123453296
123856080
124259520
124663616
125068368
125473776
125879840
126286560
126693936
127101968
127510656
127920000
128330000
128740656
129151968
129563936
129976560
130389840
130803776
131218368
131633616
132049520
132466080
132883296
133301168
133719696
134138880
134558720
134979216
135400368
135822176
136244640
136667760
137091536
137515968
137941056
138366800
138793200
139220256
139647968
140076336
140505360
140935040
141365376
656
1968
3936
6560
9840
13776
18368
23616
29520
36080
43296
51168
59696
68880
78720
89216
100368
112176
124640
137760
151536
165968
181056
196800
213200
230256
247968
266336
285360
305040
325376
346368
368016
390320
413280
436896
461168
486096
511680
537920
564816
592368
620576
649440
678960
709136
739968
771456
803600
836400
869856
903968
938736
974160
1010240
1046976
1084368
1122416
1161120
1200480
1240496
1281168
1322496
1364480
1407120
1450416
1494368
1538976
1584240
1630160
1676736
1723968
1771856
1820400
1869600
1919456
1969968
2021136
2072960
2125440
2178576
2232368
2286816
2341920
2397680
2454096
2511168
2568896
2627280
2686320
2746016
2806368
2867376
2929040
2991360
3054336
3117968
3182256
3247200
3312800
3379056
3445968
3513536
3581760
3650640
3720176
3790368
3861216
3932720
4004880
4077696
4151168
4225296
4300080
4375520
4451616
4528368
4605776
4683840
4762560
4841936
4921968
5002656
5084000
5166000
5248656
5331968
5415936
5500560
5585840
5671776
5758368
5845616
5933520
6022080
6111296
6201168
6291696
6382880
6474720
6567216
6660368
6754176
6848640
6943760
7039536
7135968
7233056
7330800
7429200
7528256
7627968
7728336
7829360
7931040
8033376
8136368
8240016
8344320
8449280
8554896
8661168
8768096
8875680
8983920
9092816
9202368
9312576
9423440
9534960
9647136
9759968
9873456
9987600
10102400
10217856
10333968
10450736
10568160
10686240
10804976
10924368
11044416
11165120
11286480
11408496
11531168
11654496
11778480
11903120
12028416
12154368
12280976
12408240
12536160
12664736
12793968
12923856
13054400
13185600
13317456
13449968
13583136
13716960
13851440
13986576
14122368
14258816
14395920
14533680
14672096
14811168
14950896
15091280
15232320
15374016
15516368
15659376
15803040
15947360
16092336
16237968
16384256
16531200
16678800
16827056
16975968
17125536
17275760
17426640
17578176
17730368
17883216
18036720
18190880
18345696
18501168
18657296
18814080
18971520
19129616
19288368
19447776
19607840
19768560
19929936
20091968
20254656
20418000
20582000
20746656
20911968
21077936
21244560
21411840
21579776
21748368
21917616
22087520
22258080
22429296
22601168
22773696
22946880
23120720
23295216
23470368
23646176
23822640
23999760
24177536
24355968
24535056
24714800
24895200
25076256
25257968
25440336
25623360
25807040
25991376
26176368
26362016
26548320
26735280
26922896
27111168
27300096
27489680
27679920
27870816
28062368
28254576
28447440
28640960
28835136
29029968
29225456
29421600
29618400
29815856
30013968
30212736
30412160
30612240
30812976
31014368
31216416
31419120
31622480
31826496
32031168
32236496
32442480
32649120
32856416
33064368
33272976
33482240
33692160
33902736
34113968
34325856
34538400
34751600
34965456
35179968
35395136
35610960
35827440
36044576
36262368
36480816
36699920
36919680
37140096
37361168
37582896
37805280
38028320
38252016
38476368
38701376
38927040
39153360
39380336
39607968
39836256
40065200
40294800
40525056
40755968
40987536
41219760
41452640
41686176
41920368
42155216
42390720
42626880
42863696
43101168
43339296
43578080
43817520
44057616
44298368
44539776
44781840
45024560
45267936
45511968
45756656
46002000
46248000
46494656
46741968
46989936
47238560
47487840
47737776
47988368
48239616
48491520
48744080
48997296
49251168
49505696
49760880
50016720
50273216
50530368
50788176
51046640
51305760
51565536
51825968
52087056
52348800
52611200
52874256
53137968
53402336
53667360
53933040
54199376
54466368
54734016
55002320
55271280
55540896
55811168
56082096
56353680
56625920
56898816
57172368
57446576
57721440
57996960
58273136
58549968
58827456
59105600
59384400
59663856
59943968
60224736
60506160
60788240
61070976
61354368
61638416
61923120
62208480
62494496
62781168
63068496
63356480
63645120
63934416
64224368
64514976
64806240
65098160
65390736
65683968
65977856
66272400
66567600
66863456
67159968
67457136
67754960
68053440
68352576
68652368
68952816
69253920
69555680
69858096
70161168
70464896
70769280
71074320
71380016
71686368
71993376
72301040
72609360
72918336
73227968
73538256
73849200
74160800
74473056
74785968
75099536
75413760
75728640
76044176
76360368
76677216
76994720
77312880
77631696
77951168
78271296
78592080
78913520
79235616
79558368
79881776
80205840
80530560
80855936
81181968
81508656
81836000
82164000
82492656
82821968
83151936
83482560
83813840
84145776
84478368
84811616
85145520
85480080
85815296
86151168
86487696
86824880
87162720
87501216
87840368
88180176
88520640
88861760
89203536
89545968
89889056
90232800
90577200
90922256
91267968
91614336
91961360
92309040
92657376
93006368
93356016
93706320
94057280
94408896
94761168
95114096
95467680
95821920
96176816
96532368
96888576
97245440
97602960
97961136
98319968
98679456
99039600
99400400
99761856
100123968
100486736
100850160
101214240
101578976
101944368
102310416
102677120
103044480
103412496
103781168
104150496
104520480
104891120
105262416
105634368
106006976
106380240
106754160
107128736
107503968
107879856
108256400
108633600
109011456
109389968
109769136
110148960
110529440
110910576
111292368
111674816
112057920
112441680
112826096
113211168
113596896
113983280
114370320
114758016
115146368
115535376
115925040
116315360
116706336
117097968
117490256
117883200
118276800
118671056
119065968
119461536
119857760
120254640
120652176
121050368
121449216
121848720
122248880
122649696
123051168
123453296
123856080
124259520
124663616
125068368
125473776
125879840
126286560
126693936
127101968
127510656
127920000
128330000
128740656
129151968
129563936
129976560
130389840
130803776
131218368
131633616
132049520
132466080
132883296
133301168
133719696
134138880
134558720
134979216
135400368
135822176
136244640
136667760
137091536
137515968
137941056
138366800
138793200
139220256
139647968
140076336
140505360
140935040
141365376
282730752
