428
1284
2568
4280
6420
8988
11984
15408
19260
23540
28248
33384
38948
44940
51360
58208
65484
73188
81320
89880
98868
108284
118128
128400
139100
150228
161784
173768
186180
199020
212288
225984
240108
254660
269640
285048
300884
317148
333840
350960
368508
386484
404888
423720
442980
462668
482784
503328
524300
545700
567528
589784
612468
635580
659120
683088
707484
732308
757560
783240
809348
835884
862848
890240
918060
946308
974984
1004088
1033620
1063580
1093968
1124784
1156028
1187700
1219800
1252328
1285284
1318668
1352480
1386720
1421388
1456484
1492008
1527960
1564340
1601148
1638384
1676048
1714140
1752660
1791608
1830984
1870788
1911020
1951680
1992768
2034284
2076228
2118600
2161400
2204628
2248284
2292368
2336880
2381820
2427188
2472984
2519208
2565860
2612940
2660448
2708384
2756748
2805540
2854760
2904408
2954484
3004988
3055920
3107280
3159068
3211284
3263928
3317000
3370500
3424428
3478784
3533568
3588780
3644420
3700488
3756984
3813908
3871260
3929040
3987248
4045884
4104948
4164440
4224360
4284708
4345484
4406688
4468320
4530380
4592868
4655784
4719128
4782900
4847100
4911728
4976784
5042268
5108180
5174520
5241288
5308484
5376108
5444160
5512640
5581548
5650884
5720648
5790840
5861460
5932508
6003984
6075888
6148220
6220980
6294168
6367784
6441828
6516300
6591200
6666528
6742284
6818468
6895080
6972120
7049588
7127484
7205808
7284560
7363740
7443348
7523384
7603848
7684740
7766060
7847808
7929984
8012588
8095620
8179080
8262968
8347284
8432028
8517200
8602800
8688828
8775284
8862168
8949480
9037220
9125388
9213984
9303008
9392460
9482340
9572648
9663384
9754548
9846140
9938160
10030608
10123484
10216788
10310520
10404680
10499268
10594284
10689728
10785600
10881900
10978628
11075784
11173368
11271380
11369820
11468688
11567984
11667708
11767860
11868440
11969448
12070884
12172748
12275040
12377760
12480908
12584484
12688488
12792920
12897780
13003068
13108784
13214928
13321500
13428500
13535928
13643784
13752068
13860780
13969920
14079488
14189484
14299908
14410760
14522040
14633748
14745884
14858448
14971440
15084860
15198708
15312984
15427688
15542820
15658380
15774368
15890784
16007628
16124900
16242600
16360728
16479284
16598268
16717680
16837520
16957788
17078484
17199608
17321160
17443140
17565548
17688384
17811648
17935340
18059460
18184008
18308984
18434388
18560220
18686480
18813168
18940284
19067828
19195800
19324200
19453028
19582284
19711968
19842080
19972620
20103588
20234984
20366808
20499060
20631740
20764848
20898384
21032348
21166740
21301560
21436808
21572484
21708588
21845120
21982080
22119468
22257284
22395528
22534200
22673300
22812828
22952784
23093168
23233980
23375220
23516888
23658984
23801508
23944460
24087840
24231648
24375884
24520548
24665640
24811160
24957108
25103484
25250288
25397520
25545180
25693268
25841784
25990728
26140100
26289900
26440128
26590784
26741868
26893380
27045320
27197688
27350484
27503708
27657360
27811440
27965948
28120884
28276248
28432040
28588260
28744908
28901984
29059488
29217420
29375780
29534568
29693784
29853428
30013500
30174000
30334928
30496284
30658068
30820280
30982920
31145988
31309484
31473408
31637760
31802540
31967748
32133384
32299448
32465940
32632860
32800208
32967984
33136188
33304820
33473880
33643368
33813284
33983628
34154400
34325600
34497228
34669284
34841768
35014680
35188020
35361788
35535984
35710608
35885660
36061140
36237048
36413384
36590148
36767340
36944960
37123008
37301484
37480388
37659720
37839480
38019668
38200284
38381328
38562800
38744700
38927028
39109784
39292968
428
1284
2568
4280
6420
8988
11984
15408
19260
23540
28248
33384
38948
44940
51360
58208
65484
73188
81320
89880
98868
108284
118128
128400
139100
150228
161784
173768
186180
199020
212288
225984
240108
254660
269640
285048
300884
317148
333840
350960
368508
386484
404888
423720
442980
462668
482784
503328
524300
545700
567528
589784
612468
635580
659120
683088
707484
732308
757560
783240
809348
835884
862848
890240
918060
946308
974984
1004088
1033620
1063580
1093968
1124784
1156028
1187700
1219800
1252328
1285284
1318668
1352480
1386720
1421388
1456484
1492008
1527960
1564340
1601148
1638384
1676048
1714140
1752660
1791608
1830984
1870788
1911020
1951680
1992768
2034284
2076228
2118600
2161400
2204628
2248284
2292368
2336880
2381820
2427188
2472984
2519208
2565860
2612940
2660448
2708384
2756748
2805540
2854760
2904408
2954484
3004988
3055920
3107280
3159068
3211284
3263928
3317000
3370500
3424428
3478784
3533568
3588780
3644420
3700488
3756984
3813908
3871260
3929040
3987248
4045884
4104948
4164440
4224360
4284708
4345484
4406688
4468320
4530380
4592868
4655784
4719128
4782900
4847100
4911728
4976784
5042268
5108180
5174520
5241288
5308484
5376108
5444160
5512640
5581548
5650884
5720648
5790840
5861460
5932508
6003984
6075888
6148220
6220980
6294168
6367784
6441828
6516300
6591200
6666528
6742284
6818468
6895080
6972120
7049588
7127484
7205808
7284560
7363740
7443348
7523384
7603848
7684740
7766060
7847808
7929984
8012588
8095620
8179080
8262968
8347284
8432028
8517200
8602800
8688828
8775284
8862168
8949480
9037220
9125388
9213984
9303008
9392460
9482340
9572648
9663384
9754548
9846140
9938160
10030608
10123484
10216788
10310520
10404680
10499268
10594284
10689728
10785600
10881900
10978628
11075784
11173368
11271380
11369820
11468688
11567984
11667708
11767860
11868440
11969448
12070884
12172748
12275040
12377760
12480908
12584484
12688488
12792920
12897780
13003068
13108784
13214928
13321500
13428500
13535928
13643784
13752068
13860780
13969920
14079488
14189484
14299908
14410760
14522040
14633748
14745884
14858448
14971440
15084860
15198708
15312984
15427688
15542820
15658380
15774368
15890784
16007628
16124900
16242600
16360728
16479284
16598268
16717680
16837520
16957788
17078484
17199608
17321160
17443140
17565548
17688384
17811648
17935340
18059460
18184008
18308984
18434388
18560220
18686480
18813168
18940284
19067828
19195800
19324200
19453028
19582284
19711968
19842080
19972620
20103588
20234984
20366808
20499060
20631740
20764848
20898384
21032348
21166740
21301560
21436808
21572484
21708588
21845120
21982080
22119468
22257284
22395528
22534200
22673300
22812828
22952784
23093168
23233980
23375220
23516888
23658984
23801508
23944460
24087840
24231648
24375884
24520548
24665640
24811160
24957108
25103484
25250288
25397520
25545180
25693268
25841784
25990728
26140100
26289900
26440128
26590784
26741868
26893380
27045320
27197688
27350484
27503708
27657360
27811440
27965948
28120884
28276248
28432040
28588260
28744908
28901984
29059488
29217420
29375780
29534568
29693784
29853428
30013500
30174000
30334928
30496284
30658068
30820280
30982920
31145988
31309484
31473408
31637760
31802540
31967748
32133384
32299448
32465940
32632860
32800208
32967984
33136188
33304820
33473880
33643368
33813284
33983628
34154400
34325600
34497228
34669284
34841768
35014680
35188020
35361788
35535984
35710608
35885660
36061140
36237048
36413384
36590148
36767340
36944960
37123008
37301484
37480388
37659720
37839480
38019668
38200284
38381328
38562800
38744700
38927028
39109784
39292968
78585936
