243
729
1458
2430
3645
5103
6804
8748
10935
13365
16038
18954
22113
25515
29160
33048
37179
41553
46170
51030
56133
61479
67068
72900
78975
85293
91854
98658
105705
112995
120528
128304
136323
144585
153090
161838
170829
180063
189540
199260
209223
219429
229878
240570
251505
262683
274104
285768
297675
309825
322218
334854
347733
360855
374220
387828
401679
415773
430110
444690
459513
474579
489888
505440
521235
537273
553554
570078
586845
603855
621108
638604
656343
674325
692550
711018
729729
748683
767880
787320
807003
826929
847098
867510
888165
909063
930204
951588
973215
995085
1017198
1039554
1062153
1084995
1108080
1131408
1154979
1178793
1202850
1227150
1251693
1276479
1301508
1326780
1352295
1378053
1404054
1430298
1456785
1483515
1510488
1537704
1565163
1592865
1620810
1648998
1677429
1706103
1735020
1764180
1793583
1823229
1853118
1883250
1913625
1944243
1975104
2006208
2037555
2069145
2100978
2133054
2165373
2197935
2230740
2263788
2297079
2330613
2364390
2398410
2432673
2467179
2501928
2536920
2572155
2607633
2643354
2679318
2715525
2751975
2788668
2825604
2862783
2900205
2937870
2975778
3013929
3052323
3090960
3129840
3168963
3208329
3247938
3287790
3327885
3368223
3408804
3449628
3490695
3532005
3573558
3615354
3657393
3699675
3742200
3784968
3827979
3871233
3914730
3958470
4002453
4046679
4091148
4135860
4180815
4226013
4271454
4317138
4363065
4409235
4455648
4502304
4549203
4596345
4643730
4691358
4739229
4787343
4835700
4884300
4933143
4982229
5031558
5081130
5130945
5181003
5231304
5281848
5332635
5383665
5434938
5486454
5538213
5590215
5642460
5694948
5747679
5800653
5853870
5907330
5961033
6014979
6069168
6123600
6178275
6233193
6288354
6343758
6399405
6455295
6511428
6567804
6624423
6681285
6738390
6795738
6853329
6911163
6969240
7027560
7086123
7144929
7203978
244
732
1464
2440
3660
5124
6832
8784
10980
13420
16104
19032
22204
25620
29280
33184
37332
41724
46360
51240
56364
61732
67344
73200
79300
85644
92232
99064
106140
113460
121024
128832
136884
145180
153720
162504
171532
180804
190320
200080
210084
220332
230824
241560
252540
263764
275232
286944
298900
311100
323544
336232
349164
362340
375760
389424
403332
417484
431880
446520
461404
476532
491904
507520
523380
539484
555832
572424
589260
606340
623664
641232
659044
677100
695400
713944
732732
751764
771040
790560
810324
830332
850584
871080
891820
912804
934032
955504
977220
999180
1021384
1043832
1066524
1089460
1112640
1136064
1159732
1183644
1207800
1232200
1256844
1281732
1306864
1332240
1357860
1383724
1409832
1436184
1462780
1489620
1516704
1544032
1571604
1599420
1627480
1655784
1684332
1713124
1742160
1771440
1800964
1830732
1860744
1891000
1921500
1952244
1983232
2014464
2045940
2077660
2109624
2141832
2174284
2206980
2239920
2273104
2306532
2340204
2374120
2408280
2442684
2477332
2512224
2547360
2582740
2618364
2654232
2690344
2726700
2763300
2800144
2837232
2874564
2912140
2949960
2988024
3026332
3064884
3103680
3142720
3182004
3221532
3261304
3301320
3341580
3382084
3422832
3463824
3505060
3546540
3588264
3630232
3672444
3714900
3757600
3800544
3843732
3887164
3930840
3974760
4018924
4063332
4107984
4152880
4198020
4243404
4289032
4334904
4381020
4427380
4473984
4520832
4567924
4615260
4662840
4710664
4758732
4807044
4855600
4904400
4953444
5002732
5052264
5102040
5152060
5202324
5252832
5303584
5354580
5405820
5457304
5509032
5561004
5613220
5665680
5718384
5771332
5824524
5877960
5931640
5985564
6039732
6094144
6148800
6203700
6258844
6314232
6369864
6425740
6481860
6538224
6594832
6651684
6708780
6766120
6823704
6881532
6939604
6997920
7056480
7115284
7174332
7233624
7293160
14497138
