991
2973
5946
9910
14865
20811
27748
35676
44595
54505
65406
77298
90181
104055
118920
134776
151623
169461
188290
208110
228921
250723
273516
297300
322075
347841
374598
402346
431085
460815
491536
523248
555951
589645
624330
660006
696673
734331
772980
812620
853251
894873
937486
981090
1025685
1071271
1117848
1165416
1213975
1263525
1314066
1365598
1418121
1471635
1526140
1581636
1638123
1695601
1754070
1813530
1873981
1935423
1997856
2061280
2125695
2191101
2257498
2324886
2393265
2462635
2532996
2604348
2676691
2750025
2824350
2899666
2975973
3053271
3131560
3210840
3291111
3372373
3454626
3537870
3622105
3707331
3793548
3880756
3968955
4058145
4148326
4239498
4331661
4424815
4518960
4614096
4710223
4807341
4905450
5004550
5104641
5205723
5307796
5410860
5514915
5619961
5725998
5833026
5941045
6050055
6160056
6271048
6383031
6496005
6609970
6724926
6840873
6957811
7075740
7194660
7314571
7435473
7557366
7680250
7804125
7928991
8054848
8181696
8309535
8438365
8568186
8698998
8830801
8963595
9097380
9232156
9367923
9504681
9642430
9781170
9920901
10061623
10203336
10346040
10489735
10634421
10780098
10926766
11074425
11223075
11372716
11523348
11674971
11827585
11981190
12135786
12291373
12447951
12605520
12764080
12923631
13084173
13245706
13408230
13571745
13736251
13901748
14068236
14235715
14404185
14573646
14744098
14915541
15087975
15261400
15435816
15611223
15787621
15965010
16143390
16322761
16503123
16684476
16866820
17050155
17234481
17419798
17606106
17793405
17981695
18170976
18361248
18552511
18744765
18938010
19132246
19327473
19523691
19720900
19919100
20118291
20318473
20519646
20721810
20924965
21129111
21334248
21540376
21747495
21955605
22164706
22374798
22585881
22797955
23011020
23225076
23440123
23656161
23873190
24091210
24310221
24530223
24751216
24973200
25196175
25420141
25645098
25871046
26097985
26325915
26554836
26784748
27015651
27247545
27480430
27714306
27949173
28185031
28421880
28659720
28898551
29138373
29379186
29620990
29863785
30107571
30352348
30598116
30844875
31092625
31341366
31591098
31841821
32093535
32346240
32599936
32854623
33110301
33366970
33624630
33883281
34142923
34403556
34665180
34927795
35191401
35455998
35721586
35988165
36255735
36524296
36793848
37064391
37335925
37608450
37881966
38156473
38431971
38708460
38985940
39264411
39543873
39824326
40105770
40388205
40671631
40956048
41241456
41527855
41815245
42103626
42392998
42683361
42974715
43267060
43560396
43854723
44150041
44446350
44743650
45041941
45341223
45641496
45942760
46245015
46548261
46852498
47157726
47463945
47771155
48079356
48388548
48698731
49009905
49322070
49635226
49949373
50264511
50580640
50897760
51215871
51534973
51855066
52176150
52498225
52821291
53145348
53470396
53796435
54123465
54451486
54780498
55110501
55441495
55773480
56106456
56440423
56775381
57111330
57448270
57786201
58125123
58465036
58805940
59147835
59490721
59834598
60179466
60525325
60872175
61220016
61568848
61918671
62269485
62621290
62974086
63327873
63682651
64038420
64395180
64752931
65111673
65471406
65832130
66193845
66556551
66920248
67284936
67650615
68017285
68384946
68753598
69123241
69493875
69865500
70238116
70611723
70986321
71361910
71738490
72116061
72494623
72874176
73254720
73636255
74018781
74402298
74786806
75172305
75558795
75946276
76334748
76724211
77114665
77506110
77898546
78291973
78686391
79081800
79478200
79875591
80273973
80673346
81073710
81475065
81877411
82280748
82685076
83090395
83496705
83904006
84312298
84721581
85131855
85543120
85955376
86368623
86782861
87198090
87614310
88031521
88449723
88868916
89289100
89710275
90132441
90555598
90979746
91404885
91831015
92258136
92686248
93115351
93545445
93976530
94408606
94841673
95275731
95710780
96146820
96583851
97021873
97460886
97900890
98341885
98783871
99226848
99670816
100115775
100561725
101008666
101456598
101905521
102355435
102806340
103258236
103711123
104165001
104619870
105075730
105532581
105990423
106449256
106909080
107369895
107831701
108294498
108758286
109223065
109688835
110155596
110623348
111092091
111561825
112032550
112504266
112976973
113450671
113925360
114401040
114877711
115355373
115834026
116313670
116794305
117275931
117758548
118242156
118726755
119212345
119698926
120186498
120675061
121164615
121655160
122146696
122639223
123132741
123627250
124122750
124619241
125116723
125615196
126114660
126615115
127116561
127618998
128122426
128626845
129132255
129638656
130146048
130654431
131163805
131674170
132185526
132697873
133211211
133725540
134240860
134757171
135274473
135792766
136312050
136832325
137353591
137875848
138399096
138923335
139448565
139974786
140501998
141030201
141559395
142089580
142620756
143152923
143686081
144220230
144755370
145291501
145828623
146366736
146905840
147445935
147987021
148529098
149072166
149616225
150161275
150707316
151254348
151802371
152351385
152901390
153452386
154004373
154557351
155111320
155666280
156222231
156779173
157337106
157896030
158455945
159016851
159578748
160141636
160705515
161270385
161836246
162403098
162970941
163539775
164109600
164680416
165252223
165825021
166398810
166973590
167549361
168126123
168703876
169282620
169862355
170443081
171024798
171607506
172191205
172775895
173361576
173948248
174535911
175124565
175714210
176304846
176896473
177489091
178082700
178677300
179272891
179869473
180467046
181065610
181665165
182265711
182867248
183469776
184073295
184677805
185283306
185889798
186497281
187105755
187715220
188325676
188937123
189549561
190162990
190777410
191392821
192009223
192626616
193245000
193864375
194484741
195106098
195728446
196351785
196976115
197601436
198227748
198855051
199483345
200112630
200742906
201374173
202006431
202639680
203273920
203909151
204545373
205182586
205820790
206459985
207100171
207741348
208383516
209026675
209670825
210315966
210962098
211609221
212257335
212906440
213556536
214207623
214859701
215512770
216166830
216821881
217477923
218134956
218792980
219451995
220112001
220772998
221434986
222097965
222761935
223426896
224092848
224759791
225427725
226096650
226766566
227437473
228109371
228782260
229456140
230131011
230806873
231483726
232161570
232840405
233520231
234201048
234882856
235565655
236249445
236934226
237619998
238306761
238994515
239683260
240372996
241063723
241755441
242448150
243141850
243836541
244532223
245228896
245926560
246625215
247324861
248025498
248727126
249429745
250133355
250837956
251543548
252250131
252957705
253666270
254375826
255086373
255797911
256510440
257223960
257938471
258653973
259370466
260087950
260806425
261525891
262246348
262967796
263690235
264413665
265138086
265863498
266589901
267317295
268045680
268775056
269505423
270236781
270969130
271702470
272436801
273172123
273908436
274645740
275384035
276123321
276863598
277604866
278347125
279090375
279834616
280579848
281326071
282073285
282821490
283570686
284320873
285072051
285824220
286577380
287331531
288086673
288842806
289599930
290358045
291117151
291877248
292638336
293400415
294163485
294927546
295692598
296458641
297225675
297993700
298762716
299532723
300303721
301075710
301848690
302622661
303397623
304173576
304950520
305728455
306507381
307287298
308068206
308850105
309632995
310416876
311201748
311987611
312774465
313562310
314351146
315140973
315931791
316723600
317516400
318310191
319104973
319900746
320697510
321495265
322294011
323093748
323894476
324696195
325498905
326302606
327107298
327912981
328719655
329527320
330335976
331145623
331956261
332767890
333580510
334394121
335208723
336024316
336840900
337658475
338477041
339296598
340117146
340938685
341761215
342584736
343409248
344234751
345061245
345888730
346717206
347546673
348377131
349208580
350041020
350874451
351708873
352544286
353380690
354218085
355056471
355895848
356736216
357577575
358419925
359263266
360107598
360952921
361799235
362646540
363494836
364344123
365194401
366045670
366897930
367751181
368605423
369460656
370316880
371174095
372032301
372891498
373751686
374612865
375475035
376338196
377202348
378067491
378933625
379800750
380668866
381537973
382408071
383279160
384151240
385024311
385898373
386773426
387649470
388526505
389404531
390283548
391163556
392044555
392926545
393809526
394693498
395578461
396464415
397351360
398239296
399128223
400018141
400909050
401800950
402693841
403587723
404482596
405378460
406275315
407173161
408071998
408971826
409872645
410774455
411677256
412581048
413485831
414391605
415298370
416206126
417114873
418024611
418935340
419847060
420759771
421673473
422588166
423503850
424420525
425338191
426256848
427176496
428097135
429018765
429941386
430864998
431789601
432715195
433641780
434569356
435497923
436427481
437358030
438289570
439222101
440155623
441090136
442025640
442962135
443899621
444838098
445777566
446718025
447659475
448601916
449545348
450489771
451435185
452381590
453328986
454277373
455226751
456177120
457128480
458080831
459034173
459988506
460943830
461900145
462857451
463815748
464775036
465735315
466696585
467658846
468622098
469586341
470551575
471517800
472485016
473453223
474422421
475392610
476363790
477335961
478309123
479283276
480258420
481234555
482211681
483189798
484168906
485149005
486130095
487112176
992
2976
5952
9920
14880
20832
27776
35712
44640
54560
65472
77376
90272
104160
119040
134912
151776
169632
188480
208320
229152
250976
273792
297600
322400
348192
374976
402752
431520
461280
492032
523776
556512
590240
624960
660672
697376
735072
773760
813440
854112
895776
938432
982080
1026720
1072352
1118976
1166592
1215200
1264800
1315392
1366976
1419552
1473120
1527680
1583232
1639776
1697312
1755840
1815360
1875872
1937376
1999872
2063360
2127840
2193312
2259776
2327232
2395680
2465120
2535552
2606976
2679392
2752800
2827200
2902592
2978976
3056352
3134720
3214080
3294432
3375776
3458112
3541440
3625760
3711072
3797376
3884672
3972960
4062240
4152512
4243776
4336032
4429280
4523520
4618752
4714976
4812192
4910400
5009600
5109792
5210976
5313152
5416320
5520480
5625632
5731776
5838912
5947040
6056160
6166272
6277376
6389472
6502560
6616640
6731712
6847776
6964832
7082880
7201920
7321952
7442976
7564992
7688000
7812000
7936992
8062976
8189952
8317920
8446880
8576832
8707776
8839712
8972640
9106560
9241472
9377376
9514272
9652160
9791040
9930912
10071776
10213632
10356480
10500320
10645152
10790976
10937792
11085600
11234400
11384192
11534976
11686752
11839520
11993280
12148032
12303776
12460512
12618240
12776960
12936672
13097376
13259072
13421760
13585440
13750112
13915776
14082432
14250080
14418720
14588352
14758976
14930592
15103200
15276800
15451392
15626976
15803552
15981120
16159680
16339232
16519776
16701312
16883840
17067360
17251872
17437376
17623872
17811360
17999840
18189312
18379776
18571232
18763680
18957120
19151552
19346976
19543392
19740800
19939200
20138592
20338976
20540352
20742720
20946080
21150432
21355776
21562112
21769440
21977760
22187072
22397376
22608672
22820960
23034240
23248512
23463776
23680032
23897280
24115520
24334752
24554976
24776192
24998400
25221600
25445792
25670976
25897152
26124320
26352480
26581632
26811776
27042912
27275040
27508160
27742272
27977376
28213472
28450560
28688640
28927712
29167776
29408832
29650880
29893920
30137952
30382976
30628992
30876000
31124000
31372992
31622976
31873952
32125920
32378880
32632832
32887776
33143712
33400640
33658560
33917472
34177376
34438272
34700160
34963040
35226912
35491776
35757632
36024480
36292320
36561152
36830976
37101792
37373600
37646400
37920192
38194976
38470752
38747520
39025280
39304032
39583776
39864512
40146240
40428960
40712672
40997376
41283072
41569760
41857440
42146112
42435776
42726432
43018080
43310720
43604352
43898976
44194592
44491200
44788800
45087392
45386976
45687552
45989120
46291680
46595232
46899776
47205312
47511840
47819360
48127872
48437376
48747872
49059360
49371840
49685312
49999776
50315232
50631680
50949120
51267552
51586976
51907392
52228800
52551200
52874592
53198976
53524352
53850720
54178080
54506432
54835776
55166112
55497440
55829760
56163072
56497376
56832672
57168960
57506240
57844512
58183776
58524032
58865280
59207520
59550752
59894976
60240192
60586400
60933600
61281792
61630976
61981152
62332320
62684480
63037632
63391776
63746912
64103040
64460160
64818272
65177376
65537472
65898560
66260640
66623712
66987776
67352832
67718880
68085920
68453952
68822976
69192992
69564000
69936000
70308992
70682976
71057952
71433920
71810880
72188832
72567776
72947712
73328640
73710560
74093472
74477376
74862272
75248160
75635040
76022912
76411776
76801632
77192480
77584320
77977152
78370976
78765792
79161600
79558400
79956192
80354976
80754752
81155520
81557280
81960032
82363776
82768512
83174240
83580960
83988672
84397376
84807072
85217760
85629440
86042112
86455776
86870432
87286080
87702720
88120352
88538976
88958592
89379200
89800800
90223392
90646976
91071552
91497120
91923680
92351232
92779776
93209312
93639840
94071360
94503872
94937376
95371872
95807360
96243840
96681312
97119776
97559232
97999680
98441120
98883552
99326976
99771392
100216800
100663200
101110592
101558976
102008352
102458720
102910080
103362432
103815776
104270112
104725440
105181760
105639072
106097376
106556672
107016960
107478240
107940512
108403776
108868032
109333280
109799520
110266752
110734976
111204192
111674400
112145600
112617792
113090976
113565152
114040320
114516480
114993632
115471776
115950912
116431040
116912160
117394272
117877376
118361472
118846560
119332640
119819712
120307776
120796832
121286880
121777920
122269952
122762976
123256992
123752000
124248000
124744992
125242976
125741952
126241920
126742880
127244832
127747776
128251712
128756640
129262560
129769472
130277376
130786272
131296160
131807040
132318912
132831776
133345632
133860480
134376320
134893152
135410976
135929792
136449600
136970400
137492192
138014976
138538752
139063520
139589280
140116032
140643776
141172512
141702240
142232960
142764672
143297376
143831072
144365760
144901440
145438112
145975776
146514432
147054080
147594720
148136352
148678976
149222592
149767200
150312800
150859392
151406976
151955552
152505120
153055680
153607232
154159776
154713312
155267840
155823360
156379872
156937376
157495872
158055360
158615840
159177312
159739776
160303232
160867680
161433120
161999552
162566976
163135392
163704800
164275200
164846592
165418976
165992352
166566720
167142080
167718432
168295776
168874112
169453440
170033760
170615072
171197376
171780672
172364960
172950240
173536512
174123776
174712032
175301280
175891520
176482752
177074976
177668192
178262400
178857600
179453792
180050976
180649152
181248320
181848480
182449632
183051776
183654912
184259040
184864160
185470272
186077376
186685472
187294560
187904640
188515712
189127776
189740832
190354880
190969920
191585952
192202976
192820992
193440000
194060000
194680992
195302976
195925952
196549920
197174880
197800832
198427776
199055712
199684640
200314560
200945472
201577376
202210272
202844160
203479040
204114912
204751776
205389632
206028480
206668320
207309152
207950976
208593792
209237600
209882400
210528192
211174976
211822752
212471520
213121280
213772032
214423776
215076512
215730240
216384960
217040672
217697376
218355072
219013760
219673440
220334112
220995776
221658432
222322080
222986720
223652352
224318976
224986592
225655200
226324800
226995392
227666976
228339552
229013120
229687680
230363232
231039776
231717312
232395840
233075360
233755872
234437376
235119872
235803360
236487840
237173312
237859776
238547232
239235680
239925120
240615552
241306976
241999392
242692800
243387200
244082592
244778976
245476352
246174720
246874080
247574432
248275776
248978112
249681440
250385760
251091072
251797376
252504672
253212960
253922240
254632512
255343776
256056032
256769280
257483520
258198752
258914976
259632192
260350400
261069600
261789792
262510976
263233152
263956320
264680480
265405632
266131776
266858912
267587040
268316160
269046272
269777376
270509472
271242560
271976640
272711712
273447776
274184832
274922880
275661920
276401952
277142976
277884992
278628000
279372000
280116992
280862976
281609952
282357920
283106880
283856832
284607776
285359712
286112640
286866560
287621472
288377376
289134272
289892160
290651040
291410912
292171776
292933632
293696480
294460320
295225152
295990976
296757792
297525600
298294400
299064192
299834976
300606752
301379520
302153280
302928032
303703776
304480512
305258240
306036960
306816672
307597376
308379072
309161760
309945440
310730112
311515776
312302432
313090080
313878720
314668352
315458976
316250592
317043200
317836800
318631392
319426976
320223552
321021120
321819680
322619232
323419776
324221312
325023840
325827360
326631872
327437376
328243872
329051360
329859840
330669312
331479776
332291232
333103680
333917120
334731552
335546976
336363392
337180800
337999200
338818592
339638976
340460352
341282720
342106080
342930432
343755776
344582112
345409440
346237760
347067072
347897376
348728672
349560960
350394240
351228512
352063776
352900032
353737280
354575520
355414752
356254976
357096192
357938400
358781600
359625792
360470976
361317152
362164320
363012480
363861632
364711776
365562912
366415040
367268160
368122272
368977376
369833472
370690560
371548640
372407712
373267776
374128832
374990880
375853920
376717952
377582976
378448992
379316000
380184000
381052992
381922976
382793952
383665920
384538880
385412832
386287776
387163712
388040640
388918560
389797472
390677376
391558272
392440160
393323040
394206912
395091776
395977632
396864480
397752320
398641152
399530976
400421792
401313600
402206400
403100192
403994976
404890752
405787520
406685280
407584032
408483776
409384512
410286240
411188960
412092672
412997376
413903072
414809760
415717440
416626112
417535776
418446432
419358080
420270720
421184352
422098976
423014592
423931200
424848800
425767392
426686976
427607552
428529120
429451680
430375232
431299776
432225312
433151840
434079360
435007872
435937376
436867872
437799360
438731840
439665312
440599776
441535232
442471680
443409120
444347552
445286976
446227392
447168800
448111200
449054592
449998976
450944352
451890720
452838080
453786432
454735776
455686112
456637440
457589760
458543072
459497376
460452672
461408960
462366240
463324512
464283776
465244032
466205280
467167520
468130752
469094976
470060192
471026400
471993600
472961792
473930976
474901152
475872320
476844480
477817632
478791776
479766912
480743040
481720160
482698272
483677376
484657472
485638560
486620640
487603712
488587776
975699952
