683
2049
4098
6830
10245
14343
19124
24588
30735
37565
45078
53274
62153
71715
81960
92888
104499
116793
129770
143430
157773
172799
188508
204900
221975
239733
258174
277298
297105
317595
338768
360624
383163
406385
430290
454878
480149
506103
532740
560060
588063
616749
646118
676170
706905
738323
770424
803208
836675
870825
905658
941174
977373
1014255
1051820
1090068
1128999
1168613
1208910
1249890
1291553
1333899
1376928
1420640
1465035
1510113
1555874
1602318
1649445
1697255
1745748
1794924
1844783
1895325
1946550
1998458
2051049
2104323
2158280
2212920
2268243
2324249
2380938
2438310
2496365
2555103
2614524
2674628
2735415
2796885
2859038
2921874
2985393
3049595
3114480
3180048
3246299
3313233
3380850
3449150
3518133
3587799
3658148
3729180
3800895
3873293
3946374
4020138
4094585
4169715
4245528
4322024
4399203
4477065
4555610
4634838
4714749
4795343
4876620
4958580
5041223
5124549
5208558
5293250
5378625
5464683
5551424
5638848
5726955
5815745
5905218
5995374
6086213
6177735
6269940
6362828
6456399
6550653
6645590
6741210
6837513
6934499
7032168
7130520
7229555
7329273
7429674
7530758
7632525
7734975
7838108
7941924
8046423
8151605
8257470
8364018
8471249
8579163
8687760
8797040
8907003
9017649
9128978
9240990
9353685
9467063
9581124
9695868
9811295
9927405
10044198
10161674
10279833
10398675
10518200
10638408
10759299
10880873
11003130
11126070
11249693
11373999
11498988
11624660
11751015
11878053
12005774
12134178
12263265
12393035
12523488
12654624
12786443
12918945
13052130
13185998
13320549
13455783
13591700
13728300
13865583
14003549
14142198
14281530
14421545
14562243
14703624
14845688
14988435
15131865
15275978
15420774
15566253
15712415
15859260
16006788
16154999
16303893
16453470
16603730
16754673
16906299
17058608
17211600
17365275
17519633
17674674
17830398
17986805
18143895
18301668
18460124
18619263
18779085
18939590
19100778
19262649
19425203
19588440
19752360
19916963
20082249
20248218
20414870
20582205
20750223
20918924
21088308
21258375
21429125
21600558
21772674
21945473
22118955
22293120
22467968
22643499
22819713
22996610
23174190
23352453
23531399
23711028
23891340
24072335
24254013
24436374
24619418
24803145
24987555
25172648
25358424
25544883
25732025
25919850
26108358
26297549
26487423
26677980
26869220
27061143
27253749
27447038
27641010
27835665
28031003
28227024
28423728
28621115
28819185
29017938
29217374
29417493
29618295
29819780
30021948
30224799
30428333
30632550
30837450
31043033
31249299
31456248
31663880
31872195
32081193
32290874
32501238
32712285
32924015
33136428
33349524
33563303
33777765
33992910
34208738
34425249
34642443
34860320
35078880
35298123
35518049
35738658
35959950
36181925
36404583
36627924
36851948
37076655
37302045
37528118
37754874
37982313
38210435
38439240
38668728
38898899
39129753
39361290
39593510
39826413
40059999
40294268
40529220
40764855
41001173
41238174
41475858
41714225
41953275
42193008
42433424
42674523
42916305
43158770
43401918
43645749
43890263
44135460
44381340
44627903
44875149
45123078
45371690
45620985
45870963
46121624
46372968
46624995
46877705
47131098
47385174
47639933
47895375
48151500
48408308
48665799
48923973
49182830
49442370
49702593
49963499
50225088
50487360
50750315
51013953
51278274
51543278
51808965
52075335
52342388
52610124
52878543
53147645
53417430
53687898
53959049
54230883
54503400
54776600
55050483
55325049
55600298
55876230
56152845
56430143
56708124
56986788
57266135
57546165
57826878
58108274
58390353
58673115
58956560
59240688
59525499
59810993
60097170
60384030
60671573
60959799
61248708
61538300
61828575
62119533
62411174
62703498
62996505
63290195
63584568
63879624
64175363
64471785
64768890
65066678
65365149
65664303
65964140
66264660
66565863
66867749
67170318
67473570
67777505
68082123
68387424
68693408
69000075
69307425
69615458
69924174
70233573
70543655
70854420
71165868
71477999
71790813
72104310
72418490
72733353
73048899
73365128
73682040
73999635
74317913
74636874
74956518
75276845
75597855
75919548
76241924
76564983
76888725
77213150
77538258
77864049
78190523
78517680
78845520
79174043
79503249
79833138
80163710
80494965
80826903
81159524
81492828
81826815
82161485
82496838
82832874
83169593
83506995
83845080
84183848
84523299
84863433
85204250
85545750
85887933
86230799
86574348
86918580
87263495
87609093
87955374
88302338
88649985
88998315
89347328
89697024
90047403
90398465
90750210
91102638
91455749
91809543
92164020
92519180
92875023
93231549
93588758
93946650
94305225
94664483
95024424
95385048
95746355
96108345
96471018
96834374
97198413
97563135
97928540
98294628
98661399
99028853
99396990
99765810
100135313
100505499
100876368
101247920
101620155
101993073
102366674
102740958
103115925
103491575
103867908
104244924
104622623
105001005
105380070
105759818
106140249
106521363
106903160
107285640
107668803
108052649
108437178
108822390
109208285
109594863
109982124
110370068
110758695
111148005
111537998
111928674
112320033
112712075
113104800
113498208
113892299
114287073
114682530
115078670
115475493
115872999
116271188
116670060
117069615
117469853
117870774
118272378
118674665
119077635
119481288
119885624
120290643
120696345
121102730
121509798
121917549
122325983
122735100
123144900
123555383
123966549
124378398
124790930
125204145
125618043
126032624
126447888
126863835
127280465
127697778
128115774
128534453
128953815
129373860
129794588
130215999
130638093
131060870
131484330
131908473
132333299
132758808
133185000
133611875
134039433
134467674
134896598
135326205
135756495
136187468
136619124
137051463
137484485
137918190
138352578
138787649
139223403
139659840
140096960
140534763
140973249
141412418
141852270
142292805
142734023
143175924
143618508
144061775
144505725
144950358
145395674
145841673
146288355
146735720
147183768
147632499
148081913
148532010
148982790
149434253
149886399
150339228
150792740
151246935
151701813
152157374
152613618
153070545
153528155
153986448
154445424
154905083
155365425
155826450
156288158
156750549
157213623
157677380
158141820
158606943
159072749
159539238
684
2052
4104
6840
10260
14364
19152
24624
30780
37620
45144
53352
62244
71820
82080
93024
104652
116964
129960
143640
158004
173052
188784
205200
222300
240084
258552
277704
297540
318060
339264
361152
383724
406980
430920
455544
480852
506844
533520
560880
588924
617652
647064
677160
707940
739404
771552
804384
837900
872100
906984
942552
978804
1015740
1053360
1091664
1130652
1170324
1210680
1251720
1293444
1335852
1378944
1422720
1467180
1512324
1558152
1604664
1651860
1699740
1748304
1797552
1847484
1898100
1949400
2001384
2054052
2107404
2161440
2216160
2271564
2327652
2384424
2441880
2500020
2558844
2618352
2678544
2739420
2800980
2863224
2926152
2989764
3054060
3119040
3184704
3251052
3318084
3385800
3454200
3523284
3593052
3663504
3734640
3806460
3878964
3952152
4026024
4100580
4175820
4251744
4328352
4405644
4483620
4562280
4641624
4721652
4802364
4883760
4965840
5048604
5132052
5216184
5301000
5386500
5472684
5559552
5647104
5735340
5824260
5913864
6004152
6095124
6186780
6279120
6372144
6465852
6560244
6655320
6751080
6847524
6944652
7042464
7140960
7240140
7340004
7440552
7541784
7643700
7746300
7849584
7953552
8058204
8163540
8269560
8376264
8483652
8591724
8700480
8809920
8920044
9030852
9142344
9254520
9367380
9480924
9595152
9710064
9825660
9941940
10058904
10176552
10294884
10413900
10533600
10653984
10775052
10896804
11019240
11142360
11266164
11390652
11515824
11641680
11768220
11895444
12023352
12151944
12281220
12411180
12541824
12673152
12805164
12937860
13071240
13205304
13340052
13475484
13611600
13748400
13885884
14024052
14162904
14302440
14442660
14583564
14725152
14867424
15010380
15154020
15298344
15443352
15589044
15735420
15882480
16030224
16178652
16327764
16477560
16628040
16779204
16931052
17083584
17236800
17390700
17545284
17700552
17856504
18013140
18170460
18328464
18487152
18646524
18806580
18967320
19128744
19290852
19453644
19617120
19781280
19946124
20111652
20277864
20444760
20612340
20780604
20949552
21119184
21289500
21460500
21632184
21804552
21977604
22151340
22325760
22500864
22676652
22853124
23030280
23208120
23386644
23565852
23745744
23926320
24107580
24289524
24472152
24655464
24839460
25024140
25209504
25395552
25582284
25769700
25957800
26146584
26336052
26526204
26717040
26908560
27100764
27293652
27487224
27681480
27876420
28072044
28268352
28465344
28663020
28861380
29060424
29260152
29460564
29661660
29863440
30065904
30269052
30472884
30677400
30882600
31088484
31295052
31502304
31710240
31918860
32128164
32338152
32548824
32760180
32972220
33184944
33398352
33612444
33827220
34042680
34258824
34475652
34693164
34911360
35130240
35349804
35570052
35790984
36012600
36234900
36457884
36681552
36905904
37130940
37356660
37583064
37810152
38037924
38266380
38495520
38725344
38955852
39187044
39418920
39651480
39884724
40118652
40353264
40588560
40824540
41061204
41298552
41536584
41775300
42014700
42254784
42495552
42737004
42979140
43221960
43465464
43709652
43954524
44200080
44446320
44693244
44940852
45189144
45438120
45687780
45938124
46189152
46440864
46693260
46946340
47200104
47454552
47709684
47965500
48222000
48479184
48737052
48995604
49254840
49514760
49775364
50036652
50298624
50561280
50824620
51088644
51353352
51618744
51884820
52151580
52419024
52687152
52955964
53225460
53495640
53766504
54038052
54310284
54583200
54856800
55131084
55406052
55681704
55958040
56235060
56512764
56791152
57070224
57349980
57630420
57911544
58193352
58475844
58759020
59042880
59327424
59612652
59898564
60185160
60472440
60760404
61049052
61338384
61628400
61919100
62210484
62502552
62795304
63088740
63382860
63677664
63973152
64269324
64566180
64863720
65161944
65460852
65760444
66060720
66361680
66663324
66965652
67268664
67572360
67876740
68181804
68487552
68793984
69101100
69408900
69717384
70026552
70336404
70646940
70958160
71270064
71582652
71895924
72209880
72524520
72839844
73155852
73472544
73789920
74107980
74426724
74746152
75066264
75387060
75708540
76030704
76353552
76677084
77001300
77326200
77651784
77978052
78305004
78632640
78960960
79289964
79619652
79950024
80281080
80612820
80945244
81278352
81612144
81946620
82281780
82617624
82954152
83291364
83629260
83967840
84307104
84647052
84987684
85329000
85671000
86013684
86357052
86701104
87045840
87391260
87737364
88084152
88431624
88779780
89128620
89478144
89828352
90179244
90530820
90883080
91236024
91589652
91943964
92298960
92654640
93011004
93368052
93725784
94084200
94443300
94803084
95163552
95524704
95886540
96249060
96612264
96976152
97340724
97705980
98071920
98438544
98805852
99173844
99542520
99911880
100281924
100652652
101024064
101396160
101768940
102142404
102516552
102891384
103266900
103643100
104019984
104397552
104775804
105154740
105534360
105914664
106295652
106677324
107059680
107442720
107826444
108210852
108595944
108981720
109368180
109755324
110143152
110531664
110920860
111310740
111701304
112092552
112484484
112877100
113270400
113664384
114059052
114454404
114850440
115247160
115644564
116042652
116441424
116840880
117241020
117641844
118043352
118445544
118848420
119251980
119656224
120061152
120466764
120873060
121280040
121687704
122096052
122505084
122914800
123325200
123736284
124148052
124560504
124973640
125387460
125801964
126217152
126633024
127049580
127466820
127884744
128303352
128722644
129142620
129563280
129984624
130406652
130829364
131252760
131676840
132101604
132527052
132953184
133380000
133807500
134235684
134664552
135094104
135524340
135955260
136386864
136819152
137252124
137685780
138120120
138555144
138990852
139427244
139864320
140302080
140740524
141179652
141619464
142059960
142501140
142943004
143385552
143828784
144272700
144717300
145162584
145608552
146055204
146502540
146950560
147399264
147848652
148298724
148749480
149200920
149653044
150105852
150559344
151013520
151468380
151923924
152380152
152837064
153294660
153752940
154211904
154671552
155131884
155592900
156054600
156516984
156980052
157443804
157908240
158373360
158839164
159305652
159772824
160240680
319779918
