528
1584
3168
5280
7920
11088
14784
19008
23760
29040
34848
41184
48048
55440
63360
71808
80784
90288
100320
110880
121968
133584
145728
158400
171600
185328
199584
214368
229680
245520
261888
278784
296208
314160
332640
351648
371184
391248
411840
432960
454608
476784
499488
522720
546480
570768
595584
620928
646800
673200
700128
727584
755568
784080
813120
842688
872784
903408
934560
966240
998448
1031184
1064448
1098240
1132560
1167408
1202784
1238688
1275120
1312080
1349568
1387584
1426128
1465200
1504800
1544928
1585584
1626768
1668480
1710720
1753488
1796784
1840608
1884960
1929840
1975248
2021184
2067648
2114640
2162160
2210208
2258784
2307888
2357520
2407680
2458368
2509584
2561328
2613600
2666400
2719728
2773584
2827968
2882880
2938320
2994288
3050784
3107808
3165360
3223440
3282048
3341184
3400848
3461040
3521760
3583008
3644784
3707088
3769920
3833280
3897168
3961584
4026528
4092000
4158000
4224528
4291584
4359168
4427280
4495920
4565088
4634784
4705008
4775760
4847040
4918848
4991184
5064048
5137440
5211360
5285808
5360784
5436288
5512320
5588880
5665968
5743584
5821728
5900400
5979600
6059328
6139584
6220368
6301680
6383520
6465888
6548784
6632208
6716160
6800640
6885648
6971184
7057248
7143840
7230960
7318608
7406784
7495488
7584720
7674480
7764768
7855584
7946928
8038800
8131200
8224128
8317584
8411568
8506080
8601120
8696688
8792784
8889408
8986560
9084240
9182448
9281184
9380448
9480240
9580560
9681408
9782784
9884688
9987120
10090080
10193568
10297584
10402128
10507200
10612800
10718928
10825584
10932768
11040480
11148720
11257488
11366784
11476608
11586960
11697840
11809248
11921184
12033648
12146640
12260160
12374208
12488784
12603888
12719520
12835680
12952368
13069584
13187328
13305600
13424400
13543728
13663584
13783968
13904880
14026320
14148288
14270784
14393808
14517360
14641440
14766048
14891184
15016848
15143040
15269760
15397008
15524784
15653088
15781920
15911280
16041168
16171584
16302528
16434000
16566000
16698528
16831584
16965168
17099280
17233920
17369088
17504784
17641008
17777760
17915040
18052848
18191184
18330048
18469440
18609360
18749808
18890784
19032288
19174320
19316880
19459968
19603584
19747728
19892400
20037600
20183328
20329584
20476368
20623680
20771520
20919888
21068784
21218208
21368160
21518640
21669648
21821184
21973248
22125840
22278960
22432608
22586784
22741488
22896720
23052480
23208768
23365584
23522928
23680800
23839200
23998128
24157584
24317568
24478080
24639120
24800688
24962784
25125408
25288560
25452240
25616448
25781184
25946448
26112240
26278560
26445408
26612784
26780688
26949120
27118080
27287568
27457584
27628128
27799200
27970800
28142928
28315584
28488768
28662480
28836720
29011488
29186784
29362608
29538960
29715840
29893248
30071184
30249648
30428640
30608160
30788208
30968784
31149888
31331520
31513680
31696368
31879584
32063328
32247600
32432400
32617728
32803584
32989968
33176880
33364320
33552288
33740784
33929808
34119360
34309440
34500048
34691184
34882848
35075040
35267760
35461008
35654784
35849088
36043920
36239280
36435168
36631584
36828528
37026000
37224000
37422528
37621584
37821168
38021280
38221920
38423088
38624784
38827008
39029760
39233040
39436848
39641184
39846048
40051440
40257360
40463808
40670784
40878288
41086320
41294880
41503968
41713584
41923728
42134400
42345600
42557328
42769584
42982368
43195680
43409520
43623888
43838784
44054208
44270160
44486640
44703648
44921184
45139248
45357840
45576960
45796608
46016784
46237488
46458720
46680480
46902768
47125584
47348928
47572800
47797200
48022128
48247584
48473568
48700080
48927120
49154688
49382784
49611408
49840560
50070240
50300448
50531184
50762448
50994240
51226560
51459408
51692784
51926688
52161120
52396080
52631568
52867584
53104128
53341200
53578800
53816928
54055584
54294768
54534480
54774720
55015488
55256784
55498608
55740960
55983840
56227248
56471184
56715648
56960640
57206160
57452208
57698784
57945888
58193520
58441680
58690368
58939584
59189328
59439600
59690400
59941728
60193584
60445968
60698880
60952320
61206288
61460784
61715808
61971360
62227440
62484048
62741184
62998848
63257040
63515760
63775008
64034784
64295088
64555920
64817280
65079168
65341584
65604528
65868000
66132000
66396528
66661584
66927168
67193280
67459920
67727088
67994784
68263008
68531760
68801040
69070848
69341184
69612048
69883440
70155360
70427808
70700784
70974288
71248320
71522880
71797968
72073584
72349728
72626400
72903600
73181328
73459584
73738368
528
1584
3168
5280
7920
11088
14784
19008
23760
29040
34848
41184
48048
55440
63360
71808
80784
90288
100320
110880
121968
133584
145728
158400
171600
185328
199584
214368
229680
245520
261888
278784
296208
314160
332640
351648
371184
391248
411840
432960
454608
476784
499488
522720
546480
570768
595584
620928
646800
673200
700128
727584
755568
784080
813120
842688
872784
903408
934560
966240
998448
1031184
1064448
1098240
1132560
1167408
1202784
1238688
1275120
1312080
1349568
1387584
1426128
1465200
1504800
1544928
1585584
1626768
1668480
1710720
1753488
1796784
1840608
1884960
1929840
1975248
2021184
2067648
2114640
2162160
2210208
2258784
2307888
2357520
2407680
2458368
2509584
2561328
2613600
2666400
2719728
2773584
2827968
2882880
2938320
2994288
3050784
3107808
3165360
3223440
3282048
3341184
3400848
3461040
3521760
3583008
3644784
3707088
3769920
3833280
3897168
3961584
4026528
4092000
4158000
4224528
4291584
4359168
4427280
4495920
4565088
4634784
4705008
4775760
4847040
4918848
4991184
5064048
5137440
5211360
5285808
5360784
5436288
5512320
5588880
5665968
5743584
5821728
5900400
5979600
6059328
6139584
6220368
6301680
6383520
6465888
6548784
6632208
6716160
6800640
6885648
6971184
7057248
7143840
7230960
7318608
7406784
7495488
7584720
7674480
7764768
7855584
7946928
8038800
8131200
8224128
8317584
8411568
8506080
8601120
8696688
8792784
8889408
8986560
9084240
9182448
9281184
9380448
9480240
9580560
9681408
9782784
9884688
9987120
10090080
10193568
10297584
10402128
10507200
10612800
10718928
10825584
10932768
11040480
11148720
11257488
11366784
11476608
11586960
11697840
11809248
11921184
12033648
12146640
12260160
12374208
12488784
12603888
12719520
12835680
12952368
13069584
13187328
13305600
13424400
13543728
13663584
13783968
13904880
14026320
14148288
14270784
14393808
14517360
14641440
14766048
14891184
15016848
15143040
15269760
15397008
15524784
15653088
15781920
15911280
16041168
16171584
16302528
16434000
16566000
16698528
16831584
16965168
17099280
17233920
17369088
17504784
17641008
17777760
17915040
18052848
18191184
18330048
18469440
18609360
18749808
18890784
19032288
19174320
19316880
19459968
19603584
19747728
19892400
20037600
20183328
20329584
20476368
20623680
20771520
20919888
21068784
21218208
21368160
21518640
21669648
21821184
21973248
22125840
22278960
22432608
22586784
22741488
22896720
23052480
23208768
23365584
23522928
23680800
23839200
23998128
24157584
24317568
24478080
24639120
24800688
24962784
25125408
25288560
25452240
25616448
25781184
25946448
26112240
26278560
26445408
26612784
26780688
26949120
27118080
27287568
27457584
27628128
27799200
27970800
28142928
28315584
28488768
28662480
28836720
29011488
29186784
29362608
29538960
29715840
29893248
30071184
30249648
30428640
30608160
30788208
30968784
31149888
31331520
31513680
31696368
31879584
32063328
32247600
32432400
32617728
32803584
32989968
33176880
33364320
33552288
33740784
33929808
34119360
34309440
34500048
34691184
34882848
35075040
35267760
35461008
35654784
35849088
36043920
36239280
36435168
36631584
36828528
37026000
37224000
37422528
37621584
37821168
38021280
38221920
38423088
38624784
38827008
39029760
39233040
39436848
39641184
39846048
40051440
40257360
40463808
40670784
40878288
41086320
41294880
41503968
41713584
41923728
42134400
42345600
42557328
42769584
42982368
43195680
43409520
43623888
43838784
44054208
44270160
44486640
44703648
44921184
45139248
45357840
45576960
45796608
46016784
46237488
46458720
46680480
46902768
47125584
47348928
47572800
47797200
48022128
48247584
48473568
48700080
48927120
49154688
49382784
49611408
49840560
50070240
50300448
50531184
50762448
50994240
51226560
51459408
51692784
51926688
52161120
52396080
52631568
52867584
53104128
53341200
53578800
53816928
54055584
54294768
54534480
54774720
55015488
55256784
55498608
55740960
55983840
56227248
56471184
56715648
56960640
57206160
57452208
57698784
57945888
58193520
58441680
58690368
58939584
59189328
59439600
59690400
59941728
60193584
60445968
60698880
60952320
61206288
61460784
61715808
61971360
62227440
62484048
62741184
62998848
63257040
63515760
63775008
64034784
64295088
64555920
64817280
65079168
65341584
65604528
65868000
66132000
66396528
66661584
66927168
67193280
67459920
67727088
67994784
68263008
68531760
68801040
69070848
69341184
69612048
69883440
70155360
70427808
70700784
70974288
71248320
71522880
71797968
72073584
72349728
72626400
72903600
73181328
73459584
73738368
147476736
