980
2940
5880
9800
14700
20580
27440
35280
44100
53900
64680
76440
89180
102900
117600
133280
149940
167580
186200
205800
226380
247940
270480
294000
318500
343980
370440
397880
426300
455700
486080
517440
549780
583100
617400
652680
688940
726180
764400
803600
843780
884940
927080
970200
1014300
1059380
1105440
1152480
1200500
1249500
1299480
1350440
1402380
1455300
1509200
1564080
1619940
1676780
1734600
1793400
1853180
1913940
1975680
2038400
2102100
2166780
2232440
2299080
2366700
2435300
2504880
2575440
2646980
2719500
2793000
2867480
2942940
3019380
3096800
3175200
3254580
3334940
3416280
3498600
3581900
3666180
3751440
3837680
3924900
4013100
4102280
4192440
4283580
4375700
4468800
4562880
4657940
4753980
4851000
4949000
5047980
5147940
5248880
5350800
5453700
5557580
5662440
5768280
5875100
5982900
6091680
6201440
6312180
6423900
6536600
6650280
6764940
6880580
6997200
7114800
7233380
7352940
7473480
7595000
7717500
7840980
7965440
8090880
8217300
8344700
8473080
8602440
8732780
8864100
8996400
9129680
9263940
9399180
9535400
9672600
9810780
9949940
10090080
10231200
10373300
10516380
10660440
10805480
10951500
11098500
11246480
11395440
11545380
11696300
11848200
12001080
12154940
12309780
12465600
12622400
12780180
12938940
13098680
13259400
13421100
13583780
13747440
13912080
14077700
14244300
14411880
14580440
14749980
14920500
15092000
15264480
15437940
15612380
15787800
15964200
16141580
16319940
16499280
16679600
16860900
17043180
17226440
17410680
17595900
17782100
17969280
18157440
18346580
18536700
18727800
18919880
19112940
19306980
19502000
19698000
19894980
20092940
20291880
20491800
20692700
20894580
21097440
21301280
21506100
21711900
21918680
22126440
22335180
22544900
22755600
22967280
23179940
23393580
23608200
23823800
24040380
24257940
24476480
24696000
24916500
25137980
25360440
25583880
25808300
26033700
26260080
26487440
26715780
26945100
27175400
27406680
27638940
27872180
28106400
28341600
28577780
28814940
29053080
29292200
29532300
29773380
30015440
30258480
30502500
30747500
30993480
31240440
31488380
31737300
31987200
32238080
32489940
32742780
32996600
33251400
33507180
33763940
34021680
34280400
34540100
34800780
35062440
35325080
35588700
35853300
36118880
36385440
36652980
36921500
37191000
37461480
37732940
38005380
38278800
38553200
38828580
39104940
39382280
39660600
39939900
40220180
40501440
40783680
41066900
41351100
41636280
41922440
42209580
42497700
42786800
43076880
43367940
43659980
43953000
44247000
44541980
44837940
45134880
45432800
45731700
46031580
46332440
46634280
46937100
47240900
47545680
47851440
48158180
48465900
48774600
49084280
49394940
49706580
50019200
50332800
50647380
50962940
51279480
51597000
51915500
52234980
52555440
52876880
53199300
53522700
53847080
54172440
54498780
54826100
55154400
55483680
55813940
56145180
56477400
56810600
57144780
57479940
57816080
58153200
58491300
58830380
59170440
59511480
59853500
60196500
60540480
60885440
61231380
61578300
61926200
62275080
62624940
62975780
63327600
63680400
64034180
64388940
64744680
65101400
65459100
65817780
66177440
66538080
66899700
67262300
67625880
67990440
68355980
68722500
69090000
69458480
69827940
70198380
70569800
70942200
71315580
71689940
72065280
72441600
72818900
73197180
73576440
73956680
74337900
74720100
75103280
75487440
75872580
76258700
76645800
77033880
77422940
77812980
78204000
78596000
78988980
79382940
79777880
80173800
80570700
80968580
81367440
81767280
82168100
82569900
82972680
83376440
83781180
84186900
84593600
85001280
85409940
85819580
86230200
86641800
87054380
87467940
87882480
88298000
88714500
89131980
89550440
89969880
90390300
90811700
91234080
91657440
92081780
92507100
92933400
93360680
93788940
94218180
94648400
95079600
95511780
95944940
96379080
96814200
97250300
97687380
98125440
98564480
99004500
99445500
99887480
100330440
100774380
101219300
101665200
102112080
102559940
103008780
103458600
103909400
104361180
104813940
105267680
105722400
106178100
106634780
107092440
107551080
108010700
108471300
108932880
109395440
109858980
110323500
110789000
111255480
111722940
112191380
112660800
113131200
113602580
114074940
114548280
115022600
115497900
115974180
116451440
116929680
117408900
117889100
118370280
118852440
119335580
119819700
120304800
120790880
121277940
121765980
122255000
122745000
123235980
123727940
124220880
124714800
125209700
125705580
126202440
126700280
127199100
127698900
128199680
128701440
129204180
129707900
130212600
130718280
131224940
131732580
132241200
132750800
133261380
133772940
134285480
134799000
135313500
135828980
136345440
136862880
137381300
137900700
138421080
138942440
139464780
139988100
140512400
141037680
141563940
142091180
142619400
143148600
143678780
144209940
144742080
145275200
145809300
146344380
146880440
147417480
147955500
148494500
149034480
149575440
150117380
150660300
151204200
151749080
152294940
152841780
153389600
153938400
154488180
155038940
155590680
156143400
156697100
157251780
157807440
158364080
158921700
159480300
160039880
160600440
161161980
161724500
162288000
162852480
163417940
163984380
164551800
165120200
165689580
166259940
166831280
167403600
167976900
168551180
169126440
169702680
170279900
170858100
171437280
172017440
172598580
173180700
173763800
174347880
174932940
175518980
176106000
176694000
177282980
177872940
178463880
179055800
179648700
180242580
180837440
181433280
182030100
182627900
183226680
183826440
184427180
185028900
185631600
186235280
186839940
187445580
188052200
188659800
189268380
189877940
190488480
191100000
191712500
192325980
192940440
193555880
194172300
194789700
195408080
196027440
196647780
197269100
197891400
198514680
199138940
199764180
200390400
201017600
201645780
202274940
202905080
203536200
204168300
204801380
205435440
206070480
206706500
207343500
207981480
208620440
209260380
209901300
210543200
211186080
211829940
212474780
213120600
213767400
214415180
215063940
215713680
216364400
217016100
217668780
218322440
218977080
219632700
220289300
220946880
221605440
222264980
222925500
223587000
224249480
224912940
225577380
226242800
226909200
227576580
228244940
228914280
229584600
230255900
230928180
231601440
232275680
232950900
233627100
234304280
234982440
235661580
236341700
237022800
237704880
238387940
239071980
239757000
240443000
241129980
241817940
242506880
243196800
243887700
244579580
245272440
245966280
246661100
247356900
248053680
248751440
249450180
250149900
250850600
251552280
252254940
252958580
253663200
254368800
255075380
255782940
256491480
257201000
257911500
258622980
259335440
260048880
260763300
261478700
262195080
262912440
263630780
264350100
265070400
265791680
266513940
267237180
267961400
268686600
269412780
270139940
270868080
271597200
272327300
273058380
273790440
274523480
275257500
275992500
276728480
277465440
278203380
278942300
279682200
280423080
281164940
281907780
282651600
283396400
284142180
284888940
285636680
286385400
287135100
287885780
288637440
289390080
290143700
290898300
291653880
292410440
293167980
293926500
294686000
295446480
296207940
296970380
297733800
298498200
299263580
300029940
300797280
301565600
302334900
303105180
303876440
304648680
305421900
306196100
306971280
307747440
308524580
309302700
310081800
310861880
311642940
312424980
313208000
313992000
314776980
315562940
316349880
317137800
317926700
318716580
319507440
320299280
321092100
321885900
322680680
323476440
324273180
325070900
325869600
326669280
327469940
328271580
329074200
329877800
330682380
331487940
332294480
333102000
333910500
334719980
335530440
336341880
337154300
337967700
338782080
339597440
340413780
341231100
342049400
342868680
343688940
344510180
345332400
346155600
346979780
347804940
348631080
349458200
350286300
351115380
351945440
352776480
353608500
354441500
355275480
356110440
356946380
357783300
358621200
359460080
360299940
361140780
361982600
362825400
363669180
364513940
365359680
366206400
367054100
367902780
368752440
369603080
370454700
371307300
372160880
373015440
373870980
374727500
375585000
376443480
377302940
378163380
379024800
379887200
380750580
381614940
382480280
383346600
384213900
385082180
385951440
386821680
387692900
388565100
389438280
390312440
391187580
392063700
392940800
393818880
394697940
395577980
396459000
397341000
398223980
399107940
399992880
400878800
401765700
402653580
403542440
404432280
405323100
406214900
407107680
408001440
408896180
409791900
410688600
411586280
412484940
413384580
414285200
415186800
416089380
416992940
417897480
418803000
419709500
420616980
421525440
422434880
423345300
424256700
425169080
426082440
426996780
427912100
428828400
429745680
430663940
431583180
432503400
433424600
434346780
435269940
436194080
437119200
438045300
438972380
439900440
440829480
441759500
442690500
443622480
444555440
445489380
446424300
447360200
448297080
449234940
450173780
451113600
452054400
452996180
453938940
454882680
455827400
456773100
457719780
458667440
459616080
460565700
461516300
462467880
463420440
464373980
465328500
466284000
467240480
468197940
469156380
470115800
471076200
980
2940
5880
9800
14700
20580
27440
35280
44100
53900
64680
76440
89180
102900
117600
133280
149940
167580
186200
205800
226380
247940
270480
294000
318500
343980
370440
397880
426300
455700
486080
517440
549780
583100
617400
652680
688940
726180
764400
803600
843780
884940
927080
970200
1014300
1059380
1105440
1152480
1200500
1249500
1299480
1350440
1402380
1455300
1509200
1564080
1619940
1676780
1734600
1793400
1853180
1913940
1975680
2038400
2102100
2166780
2232440
2299080
2366700
2435300
2504880
2575440
2646980
2719500
2793000
2867480
2942940
3019380
3096800
3175200
3254580
3334940
3416280
3498600
3581900
3666180
3751440
3837680
3924900
4013100
4102280
4192440
4283580
4375700
4468800
4562880
4657940
4753980
4851000
4949000
5047980
5147940
5248880
5350800
5453700
5557580
5662440
5768280
5875100
5982900
6091680
6201440
6312180
6423900
6536600
6650280
6764940
6880580
6997200
7114800
7233380
7352940
7473480
7595000
7717500
7840980
7965440
8090880
8217300
8344700
8473080
8602440
8732780
8864100
8996400
9129680
9263940
9399180
9535400
9672600
9810780
9949940
10090080
10231200
10373300
10516380
10660440
10805480
10951500
11098500
11246480
11395440
11545380
11696300
11848200
12001080
12154940
12309780
12465600
12622400
12780180
12938940
13098680
13259400
13421100
13583780
13747440
13912080
14077700
14244300
14411880
14580440
14749980
14920500
15092000
15264480
15437940
15612380
15787800
15964200
16141580
16319940
16499280
16679600
16860900
17043180
17226440
17410680
17595900
17782100
17969280
18157440
18346580
18536700
18727800
18919880
19112940
19306980
19502000
19698000
19894980
20092940
20291880
20491800
20692700
20894580
21097440
21301280
21506100
21711900
21918680
22126440
22335180
22544900
22755600
22967280
23179940
23393580
23608200
23823800
24040380
24257940
24476480
24696000
24916500
25137980
25360440
25583880
25808300
26033700
26260080
26487440
26715780
26945100
27175400
27406680
27638940
27872180
28106400
28341600
28577780
28814940
29053080
29292200
29532300
29773380
30015440
30258480
30502500
30747500
30993480
31240440
31488380
31737300
31987200
32238080
32489940
32742780
32996600
33251400
33507180
33763940
34021680
34280400
34540100
34800780
35062440
35325080
35588700
35853300
36118880
36385440
36652980
36921500
37191000
37461480
37732940
38005380
38278800
38553200
38828580
39104940
39382280
39660600
39939900
40220180
40501440
40783680
41066900
41351100
41636280
41922440
42209580
42497700
42786800
43076880
43367940
43659980
43953000
44247000
44541980
44837940
45134880
45432800
45731700
46031580
46332440
46634280
46937100
47240900
47545680
47851440
48158180
48465900
48774600
49084280
49394940
49706580
50019200
50332800
50647380
50962940
51279480
51597000
51915500
52234980
52555440
52876880
53199300
53522700
53847080
54172440
54498780
54826100
55154400
55483680
55813940
56145180
56477400
56810600
57144780
57479940
57816080
58153200
58491300
58830380
59170440
59511480
59853500
60196500
60540480
60885440
61231380
61578300
61926200
62275080
62624940
62975780
63327600
63680400
64034180
64388940
64744680
65101400
65459100
65817780
66177440
66538080
66899700
67262300
67625880
67990440
68355980
68722500
69090000
69458480
69827940
70198380
70569800
70942200
71315580
71689940
72065280
72441600
72818900
73197180
73576440
73956680
74337900
74720100
75103280
75487440
75872580
76258700
76645800
77033880
77422940
77812980
78204000
78596000
78988980
79382940
79777880
80173800
80570700
80968580
81367440
81767280
82168100
82569900
82972680
83376440
83781180
84186900
84593600
85001280
85409940
85819580
86230200
86641800
87054380
87467940
87882480
88298000
88714500
89131980
89550440
89969880
90390300
90811700
91234080
91657440
92081780
92507100
92933400
93360680
93788940
94218180
94648400
95079600
95511780
95944940
96379080
96814200
97250300
97687380
98125440
98564480
99004500
99445500
99887480
100330440
100774380
101219300
101665200
102112080
102559940
103008780
103458600
103909400
104361180
104813940
105267680
105722400
106178100
106634780
107092440
107551080
108010700
108471300
108932880
109395440
109858980
110323500
110789000
111255480
111722940
112191380
112660800
113131200
113602580
114074940
114548280
115022600
115497900
115974180
116451440
116929680
117408900
117889100
118370280
118852440
119335580
119819700
120304800
120790880
121277940
121765980
122255000
122745000
123235980
123727940
124220880
124714800
125209700
125705580
126202440
126700280
127199100
127698900
128199680
128701440
129204180
129707900
130212600
130718280
131224940
131732580
132241200
132750800
133261380
133772940
134285480
134799000
135313500
135828980
136345440
136862880
137381300
137900700
138421080
138942440
139464780
139988100
140512400
141037680
141563940
142091180
142619400
143148600
143678780
144209940
144742080
145275200
145809300
146344380
146880440
147417480
147955500
148494500
149034480
149575440
150117380
150660300
151204200
151749080
152294940
152841780
153389600
153938400
154488180
155038940
155590680
156143400
156697100
157251780
157807440
158364080
158921700
159480300
160039880
160600440
161161980
161724500
162288000
162852480
163417940
163984380
164551800
165120200
165689580
166259940
166831280
167403600
167976900
168551180
169126440
169702680
170279900
170858100
171437280
172017440
172598580
173180700
173763800
174347880
174932940
175518980
176106000
176694000
177282980
177872940
178463880
179055800
179648700
180242580
180837440
181433280
182030100
182627900
183226680
183826440
184427180
185028900
185631600
186235280
186839940
187445580
188052200
188659800
189268380
189877940
190488480
191100000
191712500
192325980
192940440
193555880
194172300
194789700
195408080
196027440
196647780
197269100
197891400
198514680
199138940
199764180
200390400
201017600
201645780
202274940
202905080
203536200
204168300
204801380
205435440
206070480
206706500
207343500
207981480
208620440
209260380
209901300
210543200
211186080
211829940
212474780
213120600
213767400
214415180
215063940
215713680
216364400
217016100
217668780
218322440
218977080
219632700
220289300
220946880
221605440
222264980
222925500
223587000
224249480
224912940
225577380
226242800
226909200
227576580
228244940
228914280
229584600
230255900
230928180
231601440
232275680
232950900
233627100
234304280
234982440
235661580
236341700
237022800
237704880
238387940
239071980
239757000
240443000
241129980
241817940
242506880
243196800
243887700
244579580
245272440
245966280
246661100
247356900
248053680
248751440
249450180
250149900
250850600
251552280
252254940
252958580
253663200
254368800
255075380
255782940
256491480
257201000
257911500
258622980
259335440
260048880
260763300
261478700
262195080
262912440
263630780
264350100
265070400
265791680
266513940
267237180
267961400
268686600
269412780
270139940
270868080
271597200
272327300
273058380
273790440
274523480
275257500
275992500
276728480
277465440
278203380
278942300
279682200
280423080
281164940
281907780
282651600
283396400
284142180
284888940
285636680
286385400
287135100
287885780
288637440
289390080
290143700
290898300
291653880
292410440
293167980
293926500
294686000
295446480
296207940
296970380
297733800
298498200
299263580
300029940
300797280
301565600
302334900
303105180
303876440
304648680
305421900
306196100
306971280
307747440
308524580
309302700
310081800
310861880
311642940
312424980
313208000
313992000
314776980
315562940
316349880
317137800
317926700
318716580
319507440
320299280
321092100
321885900
322680680
323476440
324273180
325070900
325869600
326669280
327469940
328271580
329074200
329877800
330682380
331487940
332294480
333102000
333910500
334719980
335530440
336341880
337154300
337967700
338782080
339597440
340413780
341231100
342049400
342868680
343688940
344510180
345332400
346155600
346979780
347804940
348631080
349458200
350286300
351115380
351945440
352776480
353608500
354441500
355275480
356110440
356946380
357783300
358621200
359460080
360299940
361140780
361982600
362825400
363669180
364513940
365359680
366206400
367054100
367902780
368752440
369603080
370454700
371307300
372160880
373015440
373870980
374727500
375585000
376443480
377302940
378163380
379024800
379887200
380750580
381614940
382480280
383346600
384213900
385082180
385951440
386821680
387692900
388565100
389438280
390312440
391187580
392063700
392940800
393818880
394697940
395577980
396459000
397341000
398223980
399107940
399992880
400878800
401765700
402653580
403542440
404432280
405323100
406214900
407107680
408001440
408896180
409791900
410688600
411586280
412484940
413384580
414285200
415186800
416089380
416992940
417897480
418803000
419709500
420616980
421525440
422434880
423345300
424256700
425169080
426082440
426996780
427912100
428828400
429745680
430663940
431583180
432503400
433424600
434346780
435269940
436194080
437119200
438045300
438972380
439900440
440829480
441759500
442690500
443622480
444555440
445489380
446424300
447360200
448297080
449234940
450173780
451113600
452054400
452996180
453938940
454882680
455827400
456773100
457719780
458667440
459616080
460565700
461516300
462467880
463420440
464373980
465328500
466284000
467240480
468197940
469156380
470115800
471076200
942152400
