879
2637
5274
8790
13185
18459
24612
31644
39555
48345
58014
68562
79989
92295
105480
119544
134487
150309
167010
184590
203049
222387
242604
263700
285675
308529
332262
356874
382365
408735
435984
464112
493119
523005
553770
585414
617937
651339
685620
720780
756819
793737
831534
870210
909765
950199
991512
1033704
1076775
1120725
1165554
1211262
1257849
1305315
1353660
1402884
1452987
1503969
1555830
1608570
1662189
1716687
1772064
1828320
1885455
1943469
2002362
2062134
2122785
2184315
2246724
2310012
2374179
2439225
2505150
2571954
2639637
2708199
2777640
2847960
2919159
2991237
3064194
3138030
3212745
3288339
3364812
3442164
3520395
3599505
3679494
3760362
3842109
3924735
4008240
4092624
4177887
4264029
4351050
4438950
4527729
4617387
4707924
4799340
4891635
4984809
5078862
5173794
5269605
5366295
5463864
5562312
5661639
5761845
5862930
5964894
6067737
6171459
6276060
6381540
6487899
6595137
6703254
6812250
6922125
7032879
7144512
7257024
7370415
7484685
7599834
7715862
7832769
7950555
8069220
8188764
8309187
8430489
8552670
8675730
8799669
8924487
9050184
9176760
9304215
9432549
9561762
9691854
9822825
9954675
10087404
10221012
10355499
10490865
10627110
10764234
10902237
11041119
11180880
11321520
11463039
11605437
11748714
11892870
12037905
12183819
12330612
12478284
12626835
12776265
12926574
13077762
13229829
13382775
13536600
13691304
13846887
14003349
14160690
14318910
14478009
14637987
14798844
14960580
15123195
15286689
15451062
15616314
15782445
15949455
16117344
16286112
16455759
16626285
16797690
16969974
17143137
17317179
17492100
17667900
17844579
18022137
18200574
18379890
18560085
18741159
18923112
19105944
19289655
19474245
19659714
19846062
20033289
20221395
20410380
20600244
20790987
20982609
21175110
21368490
21562749
21757887
21953904
22150800
22348575
22547229
22746762
22947174
23148465
23350635
23553684
23757612
23962419
24168105
24374670
24582114
24790437
24999639
25209720
25420680
25632519
25845237
26058834
26273310
26488665
26704899
26922012
27140004
27358875
27578625
27799254
28020762
28243149
28466415
28690560
28915584
29141487
29368269
29595930
29824470
30053889
30284187
30515364
30747420
30980355
31214169
31448862
31684434
31920885
32158215
32396424
32635512
32875479
33116325
33358050
33600654
33844137
34088499
34333740
34579860
34826859
35074737
35323494
35573130
35823645
36075039
36327312
36580464
36834495
37089405
37345194
37601862
37859409
38117835
38377140
38637324
38898387
39160329
39423150
39686850
39951429
40216887
40483224
40750440
41018535
41287509
41557362
41828094
42099705
42372195
42645564
42919812
43194939
43470945
43747830
44025594
44304237
44583759
44864160
45145440
45427599
45710637
45994554
46279350
46565025
46851579
47139012
47427324
47716515
48006585
48297534
48589362
48882069
49175655
49470120
49765464
50061687
50358789
50656770
50955630
51255369
51555987
51857484
52159860
52463115
52767249
53072262
53378154
53684925
53992575
54301104
54610512
54920799
55231965
55544010
55856934
56170737
56485419
56800980
57117420
57434739
57752937
58072014
58391970
58712805
59034519
59357112
59680584
60004935
60330165
60656274
60983262
61311129
61639875
61969500
62300004
62631387
62963649
63296790
63630810
63965709
64301487
64638144
64975680
65314095
65653389
65993562
66334614
66676545
67019355
67363044
67707612
68053059
68399385
68746590
69094674
69443637
69793479
70144200
70495800
70848279
71201637
71555874
71910990
72266985
72623859
72981612
73340244
73699755
74060145
74421414
74783562
75146589
75510495
75875280
76240944
76607487
76974909
77343210
77712390
78082449
78453387
78825204
79197900
79571475
79945929
80321262
80697474
81074565
81452535
81831384
82211112
82591719
82973205
83355570
83738814
84122937
84507939
84893820
85280580
85668219
86056737
86446134
86836410
87227565
87619599
88012512
88406304
88800975
89196525
89592954
89990262
90388449
90787515
91187460
91588284
91989987
92392569
92796030
93200370
93605589
94011687
94418664
94826520
95235255
95644869
96055362
96466734
96878985
97292115
97706124
98121012
98536779
98953425
99370950
99789354
100208637
100628799
101049840
101471760
101894559
102318237
102742794
103168230
103594545
104021739
104449812
104878764
105308595
105739305
106170894
106603362
107036709
107470935
107906040
108342024
108778887
109216629
109655250
110094750
110535129
110976387
111418524
111861540
112305435
112750209
113195862
113642394
114089805
114538095
114987264
115437312
115888239
116340045
116792730
117246294
117700737
118156059
118612260
119069340
119527299
119986137
120445854
120906450
121367925
121830279
122293512
122757624
123222615
123688485
124155234
124622862
125091369
125560755
126031020
126502164
126974187
127447089
127920870
128395530
128871069
129347487
129824784
130302960
130782015
131261949
131742762
132224454
132707025
133190475
133674804
134160012
134646099
135133065
135620910
136109634
136599237
137089719
137581080
138073320
138566439
139060437
139555314
140051070
140547705
141045219
141543612
142042884
142543035
143044065
143545974
144048762
144552429
145056975
145562400
146068704
146575887
147083949
147592890
148102710
148613409
149124987
149637444
150150780
150664995
151180089
151696062
152212914
152730645
153249255
153768744
154289112
154810359
155332485
155855490
156379374
156904137
157429779
157956300
158483700
159011979
159541137
160071174
160602090
161133885
161666559
162200112
162734544
163269855
163806045
164343114
164881062
165419889
165959595
166500180
167041644
167583987
168127209
168671310
169216290
169762149
170308887
170856504
171405000
171954375
172504629
173055762
173607774
174160665
174714435
175269084
175824612
176381019
176938305
177496470
178055514
178615437
179176239
179737920
180300480
180863919
181428237
181993434
182559510
183126465
183694299
184263012
184832604
185403075
185974425
186546654
187119762
187693749
188268615
188844360
189420984
189998487
190576869
191156130
191736270
192317289
192899187
193481964
194065620
194650155
195235569
195821862
196409034
196997085
197586015
198175824
198766512
199358079
199950525
200543850
201138054
201733137
202329099
202925940
203523660
204122259
204721737
205322094
205923330
206525445
207128439
207732312
208337064
208942695
209549205
210156594
210764862
211374009
211984035
212594940
213206724
213819387
214432929
215047350
215662650
216278829
216895887
217513824
218132640
218752335
219372909
219994362
220616694
221239905
221863995
222488964
223114812
223741539
224369145
224997630
225626994
226257237
226888359
227520360
228153240
228786999
229421637
230057154
230693550
231330825
231968979
232608012
233247924
233888715
234530385
235172934
235816362
236460669
237105855
237751920
238398864
239046687
239695389
240344970
240995430
241646769
242298987
242952084
243606060
244260915
244916649
245573262
246230754
246889125
247548375
248208504
248869512
249531399
250194165
250857810
251522334
252187737
252854019
253521180
254189220
254858139
255527937
256198614
256870170
257542605
258215919
258890112
259565184
260241135
260917965
261595674
262274262
262953729
263634075
264315300
264997404
265680387
266364249
267048990
267734610
268421109
269108487
269796744
270485880
271175895
271866789
272558562
273251214
273944745
274639155
275334444
276030612
276727659
277425585
278124390
278824074
279524637
280226079
280928400
281631600
282335679
283040637
283746474
284453190
285160785
285869259
286578612
287288844
287999955
288711945
289424814
290138562
290853189
291568695
292285080
293002344
293720487
294439509
295159410
295880190
296601849
297324387
298047804
298772100
299497275
300223329
300950262
301678074
302406765
303136335
303866784
304598112
305330319
306063405
306797370
307532214
308267937
309004539
309742020
310480380
311219619
311959737
312700734
313442610
314185365
314928999
315673512
316418904
317165175
317912325
318660354
319409262
320159049
320909715
321661260
322413684
323166987
323921169
324676230
325432170
326188989
326946687
327705264
328464720
329225055
329986269
330748362
331511334
332275185
333039915
333805524
334572012
335339379
336107625
336876750
337646754
338417637
339189399
339962040
880
2640
5280
8800
13200
18480
24640
31680
39600
48400
58080
68640
80080
92400
105600
119680
134640
150480
167200
184800
203280
222640
242880
264000
286000
308880
332640
357280
382800
409200
436480
464640
493680
523600
554400
586080
618640
652080
686400
721600
757680
794640
832480
871200
910800
951280
992640
1034880
1078000
1122000
1166880
1212640
1259280
1306800
1355200
1404480
1454640
1505680
1557600
1610400
1664080
1718640
1774080
1830400
1887600
1945680
2004640
2064480
2125200
2186800
2249280
2312640
2376880
2442000
2508000
2574880
2642640
2711280
2780800
2851200
2922480
2994640
3067680
3141600
3216400
3292080
3368640
3446080
3524400
3603600
3683680
3764640
3846480
3929200
4012800
4097280
4182640
4268880
4356000
4444000
4532880
4622640
4713280
4804800
4897200
4990480
5084640
5179680
5275600
5372400
5470080
5568640
5668080
5768400
5869600
5971680
6074640
6178480
6283200
6388800
6495280
6602640
6710880
6820000
6930000
7040880
7152640
7265280
7378800
7493200
7608480
7724640
7841680
7959600
8078400
8198080
8318640
8440080
8562400
8685600
8809680
8934640
9060480
9187200
9314800
9443280
9572640
9702880
9834000
9966000
10098880
10232640
10367280
10502800
10639200
10776480
10914640
11053680
11193600
11334400
11476080
11618640
11762080
11906400
12051600
12197680
12344640
12492480
12641200
12790800
12941280
13092640
13244880
13398000
13552000
13706880
13862640
14019280
14176800
14335200
14494480
14654640
14815680
14977600
15140400
15304080
15468640
15634080
15800400
15967600
16135680
16304640
16474480
16645200
16816800
16989280
17162640
17336880
17512000
17688000
17864880
18042640
18221280
18400800
18581200
18762480
18944640
19127680
19311600
19496400
19682080
19868640
20056080
20244400
20433600
20623680
20814640
21006480
21199200
21392800
21587280
21782640
21978880
22176000
22374000
22572880
22772640
22973280
23174800
23377200
23580480
23784640
23989680
24195600
24402400
24610080
24818640
25028080
25238400
25449600
25661680
25874640
26088480
26303200
26518800
26735280
26952640
27170880
27390000
27610000
27830880
28052640
28275280
28498800
28723200
28948480
29174640
29401680
29629600
29858400
30088080
30318640
30550080
30782400
31015600
31249680
31484640
31720480
31957200
32194800
32433280
32672640
32912880
33154000
33396000
33638880
33882640
34127280
34372800
34619200
34866480
35114640
35363680
35613600
35864400
36116080
36368640
36622080
36876400
37131600
37387680
37644640
37902480
38161200
38420800
38681280
38942640
39204880
39468000
39732000
39996880
40262640
40529280
40796800
41065200
41334480
41604640
41875680
42147600
42420400
42694080
42968640
43244080
43520400
43797600
44075680
44354640
44634480
44915200
45196800
45479280
45762640
46046880
46332000
46618000
46904880
47192640
47481280
47770800
48061200
48352480
48644640
48937680
49231600
49526400
49822080
50118640
50416080
50714400
51013600
51313680
51614640
51916480
52219200
52522800
52827280
53132640
53438880
53746000
54054000
54362880
54672640
54983280
55294800
55607200
55920480
56234640
56549680
56865600
57182400
57500080
57818640
58138080
58458400
58779600
59101680
59424640
59748480
60073200
60398800
60725280
61052640
61380880
61710000
62040000
62370880
62702640
63035280
63368800
63703200
64038480
64374640
64711680
65049600
65388400
65728080
66068640
66410080
66752400
67095600
67439680
67784640
68130480
68477200
68824800
69173280
69522640
69872880
70224000
70576000
70928880
71282640
71637280
71992800
72349200
72706480
73064640
73423680
73783600
74144400
74506080
74868640
75232080
75596400
75961600
76327680
76694640
77062480
77431200
77800800
78171280
78542640
78914880
79288000
79662000
80036880
80412640
80789280
81166800
81545200
81924480
82304640
82685680
83067600
83450400
83834080
84218640
84604080
84990400
85377600
85765680
86154640
86544480
86935200
87326800
87719280
88112640
88506880
88902000
89298000
89694880
90092640
90491280
90890800
91291200
91692480
92094640
92497680
92901600
93306400
93712080
94118640
94526080
94934400
95343600
95753680
96164640
96576480
96989200
97402800
97817280
98232640
98648880
99066000
99484000
99902880
100322640
100743280
101164800
101587200
102010480
102434640
102859680
103285600
103712400
104140080
104568640
104998080
105428400
105859600
106291680
106724640
107158480
107593200
108028800
108465280
108902640
109340880
109780000
110220000
110660880
111102640
111545280
111988800
112433200
112878480
113324640
113771680
114219600
114668400
115118080
115568640
116020080
116472400
116925600
117379680
117834640
118290480
118747200
119204800
119663280
120122640
120582880
121044000
121506000
121968880
122432640
122897280
123362800
123829200
124296480
124764640
125233680
125703600
126174400
126646080
127118640
127592080
128066400
128541600
129017680
129494640
129972480
130451200
130930800
131411280
131892640
132374880
132858000
133342000
133826880
134312640
134799280
135286800
135775200
136264480
136754640
137245680
137737600
138230400
138724080
139218640
139714080
140210400
140707600
141205680
141704640
142204480
142705200
143206800
143709280
144212640
144716880
145222000
145728000
146234880
146742640
147251280
147760800
148271200
148782480
149294640
149807680
150321600
150836400
151352080
151868640
152386080
152904400
153423600
153943680
154464640
154986480
155509200
156032800
156557280
157082640
157608880
158136000
158664000
159192880
159722640
160253280
160784800
161317200
161850480
162384640
162919680
163455600
163992400
164530080
165068640
165608080
166148400
166689600
167231680
167774640
168318480
168863200
169408800
169955280
170502640
171050880
171600000
172150000
172700880
173252640
173805280
174358800
174913200
175468480
176024640
176581680
177139600
177698400
178258080
178818640
179380080
179942400
180505600
181069680
181634640
182200480
182767200
183334800
183903280
184472640
185042880
185614000
186186000
186758880
187332640
187907280
188482800
189059200
189636480
190214640
190793680
191373600
191954400
192536080
193118640
193702080
194286400
194871600
195457680
196044640
196632480
197221200
197810800
198401280
198992640
199584880
200178000
200772000
201366880
201962640
202559280
203156800
203755200
204354480
204954640
205555680
206157600
206760400
207364080
207968640
208574080
209180400
209787600
210395680
211004640
211614480
212225200
212836800
213449280
214062640
214676880
215292000
215908000
216524880
217142640
217761280
218380800
219001200
219622480
220244640
220867680
221491600
222116400
222742080
223368640
223996080
224624400
225253600
225883680
226514640
227146480
227779200
228412800
229047280
229682640
230318880
230956000
231594000
232232880
232872640
233513280
234154800
234797200
235440480
236084640
236729680
237375600
238022400
238670080
239318640
239968080
240618400
241269600
241921680
242574640
243228480
243883200
244538800
245195280
245852640
246510880
247170000
247830000
248490880
249152640
249815280
250478800
251143200
251808480
252474640
253141680
253809600
254478400
255148080
255818640
256490080
257162400
257835600
258509680
259184640
259860480
260537200
261214800
261893280
262572640
263252880
263934000
264616000
265298880
265982640
266667280
267352800
268039200
268726480
269414640
270103680
270793600
271484400
272176080
272868640
273562080
274256400
274951600
275647680
276344640
277042480
277741200
278440800
279141280
279842640
280544880
281248000
281952000
282656880
283362640
284069280
284776800
285485200
286194480
286904640
287615680
288327600
289040400
289754080
290468640
291184080
291900400
292617600
293335680
294054640
294774480
295495200
296216800
296939280
297662640
298386880
299112000
299838000
300564880
301292640
302021280
302750800
303481200
304212480
304944640
305677680
306411600
307146400
307882080
308618640
309356080
310094400
310833600
311573680
312314640
313056480
313799200
314542800
315287280
316032640
316778880
317526000
318274000
319022880
319772640
320523280
321274800
322027200
322780480
323534640
324289680
325045600
325802400
326560080
327318640
328078080
328838400
329599600
330361680
331124640
331888480
332653200
333418800
334185280
334952640
335720880
336490000
337260000
338030880
338802640
339575280
340348800
341123200
681085240
