53
159
318
530
795
1113
1484
1908
2385
2915
3498
4134
4823
5565
6360
7208
8109
9063
10070
11130
12243
13409
14628
15900
17225
18603
20034
21518
23055
24645
26288
27984
29733
31535
33390
35298
37259
39273
41340
43460
45633
47859
50138
52470
54855
57293
59784
62328
64925
67575
70278
73034
75843
54
162
324
540
810
1134
1512
1944
2430
2970
3564
4212
4914
5670
6480
7344
8262
9234
10260
11340
12474
13662
14904
16200
17550
18954
20412
21924
23490
25110
26784
28512
30294
32130
34020
35964
37962
40014
42120
44280
46494
48762
51084
53460
55890
58374
60912
63504
66150
68850
71604
74412
77274
80190
156033
