881
2643
5286
8810
13215
18501
24668
31716
39645
48455
58146
68718
80171
92505
105720
119816
134793
150651
167390
185010
203511
222893
243156
264300
286325
309231
333018
357686
383235
409665
436976
465168
494241
524195
555030
586746
619343
652821
687180
722420
758541
795543
833426
872190
911835
952361
993768
1036056
1079225
1123275
1168206
1214018
1260711
1308285
1356740
1406076
1456293
1507391
1559370
1612230
1665971
1720593
1776096
1832480
1889745
1947891
2006918
2066826
2127615
2189285
2251836
2315268
2379581
2444775
2510850
2577806
2645643
2714361
2783960
2854440
2925801
2998043
3071166
3145170
3220055
3295821
3372468
3449996
3528405
3607695
3687866
3768918
3850851
3933665
4017360
4101936
4187393
4273731
4360950
4449050
4538031
4627893
4718636
4810260
4902765
4996151
5090418
5185566
5281595
5378505
5476296
5574968
5674521
5774955
5876270
5978466
6081543
6185501
6290340
6396060
6502661
6610143
6718506
6827750
6937875
7048881
7160768
7273536
7387185
7501715
7617126
7733418
7850591
7968645
8087580
8207396
8328093
8449671
8572130
8695470
8819691
8944793
9070776
9197640
9325385
9454011
9583518
9713906
9845175
9977325
10110356
10244268
10379061
10514735
10651290
10788726
10927043
11066241
11206320
11347280
11489121
11631843
11775446
11919930
12065295
12211541
12358668
12506676
12655565
12805335
12955986
13107518
13259931
13413225
13567400
13722456
13878393
14035211
14192910
14351490
14510951
14671293
14832516
14994620
15157605
15321471
15486218
15651846
15818355
15985745
16154016
16323168
16493201
16664115
16835910
17008586
17182143
17356581
17531900
17708100
17885181
18063143
18241986
18421710
18602315
18783801
18966168
19149416
19333545
19518555
19704446
19891218
20078871
20267405
20456820
20647116
20838293
21030351
21223290
21417110
21611811
21807393
22003856
22201200
22399425
22598531
22798518
22999386
23201135
23403765
23607276
23811668
24016941
24223095
24430130
24638046
24846843
25056521
25267080
25478520
25690841
25904043
26118126
26333090
26548935
26765661
26983268
27201756
27421125
27641375
27862506
28084518
28307411
28531185
28755840
28981376
29207793
29435091
29663270
29892330
30122271
30353093
30584796
30817380
31050845
31285191
31520418
31756526
31993515
32231385
32470136
32709768
32950281
33191675
33433950
33677106
33921143
34166061
34411860
34658540
34906101
35154543
35403866
35654070
35905155
36157121
36409968
36663696
36918305
37173795
37430166
37687418
37945551
38204565
38464460
38725236
38986893
39249431
39512850
39777150
40042331
40308393
40575336
40843160
41111865
41381451
41651918
41923266
42195495
42468605
42742596
43017468
43293221
43569855
43847370
44125766
44405043
44685201
44966240
45248160
45530961
45814643
46099206
46384650
46670975
46958181
47246268
47535236
47825085
48115815
48407426
48699918
48993291
49287545
49582680
49878696
50175593
50473371
50772030
51071570
51371991
51673293
51975476
52278540
52582485
52887311
53193018
53499606
53807075
54115425
54424656
54734768
55045761
55357635
55670390
55984026
56298543
56613941
56930220
57247380
57565421
57884343
58204146
58524830
58846395
59168841
59492168
59816376
60141465
60467435
60794286
61122018
61450631
61780125
62110500
62441756
62773893
63106911
63440810
63775590
64111251
64447793
64785216
65123520
65462705
65802771
66143718
66485546
66828255
67171845
67516316
67861668
68207901
68555015
68903010
69251886
69601643
69952281
70303800
70656200
71009481
71363643
71718686
72074610
72431415
72789101
73147668
73507116
73867445
74228655
74590746
74953718
75317571
75682305
76047920
76414416
76781793
77150051
77519190
77889210
78260111
78631893
79004556
79378100
79752525
80127831
80504018
80881086
81259035
81637865
82017576
82398168
82779641
83161995
83545230
83929346
84314343
84700221
85086980
85474620
85863141
86252543
86642826
87033990
87426035
87818961
88212768
88607456
89003025
89399475
89796806
90195018
90594111
90994085
91394940
91796676
92199293
92602791
93007170
93412430
93818571
94225593
94633496
95042280
95451945
95862491
96273918
96686226
97099415
97513485
97928436
98344268
98760981
99178575
99597050
100016406
100436643
100857761
101279760
101702640
102126401
102551043
102976566
103402970
103830255
104258421
104687468
105117396
105548205
105979895
106412466
106845918
107280251
107715465
108151560
108588536
109026393
109465131
109904750
110345250
110786631
111228893
111672036
112116060
112560965
113006751
113453418
113900966
114349395
114798705
115248896
115699968
116151921
116604755
117058470
117513066
117968543
118424901
118882140
119340260
119799261
120259143
120719906
121181550
121644075
122107481
122571768
123036936
123502985
123969915
124437726
124906418
125375991
125846445
126317780
126789996
127263093
127737071
128211930
128687670
129164291
129641793
130120176
130599440
131079585
131560611
132042518
132525306
133008975
133493525
133978956
134465268
134952461
135440535
135929490
136419326
136910043
137401641
137894120
138387480
138881721
139376843
139872846
140369730
140867495
141366141
141865668
142366076
142867365
143369535
143872586
144376518
144881331
145387025
145893600
146401056
146909393
147418611
147928710
148439690
148951551
149464293
149977916
150492420
151007805
151524071
152041218
152559246
153078155
153597945
154118616
154640168
155162601
155685915
156210110
156735186
157261143
157787981
158315700
158844300
159373781
159904143
160435386
160967510
161500515
162034401
162569168
163104816
163641345
164178755
164717046
165256218
165796271
166337205
166879020
167421716
167965293
168509751
169055090
169601310
170148411
170696393
171245256
171795000
172345625
172897131
173449518
174002786
174556935
175111965
175667876
176224668
176782341
177340895
177900330
178460646
179021843
179583921
180146880
180710720
181275441
181841043
182407526
182974890
183543135
184112261
184682268
185253156
185824925
186397575
186971106
187545518
188120811
188696985
189274040
189851976
190430793
191010491
191591070
192172530
192754871
193338093
193922196
194507180
195093045
195679791
196267418
196855926
197445315
198035585
198626736
199218768
199811681
200405475
201000150
201595706
202192143
202789461
203387660
203986740
204586701
205187543
205789266
206391870
206995355
207599721
208204968
208811096
209418105
210025995
210634766
211244418
211854951
212466365
213078660
213691836
214305893
214920831
215536650
216153350
216770931
217389393
218008736
218628960
219250065
219872051
220494918
221118666
221743295
222368805
222995196
223622468
224250621
224879655
225509570
226140366
226772043
227404601
228038040
228672360
229307561
229943643
230580606
231218450
231857175
232496781
233137268
233778636
234420885
235064015
235708026
236352918
236998691
237645345
238292880
238941296
239590593
240240771
240891830
241543770
242196591
242850293
243504876
244160340
244816685
245473911
246132018
246791006
247450875
248111625
248773256
249435768
250099161
250763435
251428590
252094626
252761543
253429341
254098020
254767580
255438021
256109343
256781546
257454630
258128595
258803441
259479168
260155776
260833265
261511635
262190886
262871018
263552031
264233925
264916700
265600356
266284893
266970311
267656610
268343790
269031851
269720793
270410616
271101320
271792905
272485371
273178718
273872946
274568055
275264045
275960916
276658668
277357301
278056815
278757210
279458486
280160643
280863681
281567600
282272400
282978081
283684643
284392086
285100410
285809615
286519701
287230668
287942516
288655245
289368855
290083346
290798718
291514971
292232105
292950120
293669016
294388793
295109451
295830990
296553410
297276711
298000893
298725956
299451900
300178725
300906431
301635018
302364486
303094835
303826065
304558176
305291168
306025041
306759795
307495430
308231946
308969343
309707621
310446780
311186820
311927741
312669543
313412226
314155790
314900235
315645561
316391768
317138856
317886825
318635675
319385406
320136018
320887511
321639885
322393140
323147276
323902293
324658191
325414970
326172630
326931171
327690593
328450896
329212080
329974145
330737091
331500918
332265626
333031215
333797685
334565036
335333268
336102381
336872375
337643250
338415006
339187643
339961161
340735560
341510840
342287001
882
2646
5292
8820
13230
18522
24696
31752
39690
48510
58212
68796
80262
92610
105840
119952
134946
150822
167580
185220
203742
223146
243432
264600
286650
309582
333396
358092
383670
410130
437472
465696
494802
524790
555660
587412
620046
653562
687960
723240
759402
796446
834372
873180
912870
953442
994896
1037232
1080450
1124550
1169532
1215396
1262142
1309770
1358280
1407672
1457946
1509102
1561140
1614060
1667862
1722546
1778112
1834560
1891890
1950102
2009196
2069172
2130030
2191770
2254392
2317896
2382282
2447550
2513700
2580732
2648646
2717442
2787120
2857680
2929122
3001446
3074652
3148740
3223710
3299562
3376296
3453912
3532410
3611790
3692052
3773196
3855222
3938130
4021920
4106592
4192146
4278582
4365900
4454100
4543182
4633146
4723992
4815720
4908330
5001822
5096196
5191452
5287590
5384610
5482512
5581296
5680962
5781510
5882940
5985252
6088446
6192522
6297480
6403320
6510042
6617646
6726132
6835500
6945750
7056882
7168896
7281792
7395570
7510230
7625772
7742196
7859502
7977690
8096760
8216712
8337546
8459262
8581860
8705340
8829702
8954946
9081072
9208080
9335970
9464742
9594396
9724932
9856350
9988650
10121832
10255896
10390842
10526670
10663380
10800972
10939446
11078802
11219040
11360160
11502162
11645046
11788812
11933460
12078990
12225402
12372696
12520872
12669930
12819870
12970692
13122396
13274982
13428450
13582800
13738032
13894146
14051142
14209020
14367780
14527422
14687946
14849352
15011640
15174810
15338862
15503796
15669612
15836310
16003890
16172352
16341696
16511922
16683030
16855020
17027892
17201646
17376282
17551800
17728200
17905482
18083646
18262692
18442620
18623430
18805122
18987696
19171152
19355490
19540710
19726812
19913796
20101662
20290410
20480040
20670552
20861946
21054222
21247380
21441420
21636342
21832146
22028832
22226400
22424850
22624182
22824396
23025492
23227470
23430330
23634072
23838696
24044202
24250590
24457860
24666012
24875046
25084962
25295760
25507440
25720002
25933446
26147772
26362980
26579070
26796042
27013896
27232632
27452250
27672750
27894132
28116396
28339542
28563570
28788480
29014272
29240946
29468502
29696940
29926260
30156462
30387546
30619512
30852360
31086090
31320702
31556196
31792572
32029830
32267970
32506992
32746896
32987682
33229350
33471900
33715332
33959646
34204842
34450920
34697880
34945722
35194446
35444052
35694540
35945910
36198162
36451296
36705312
36960210
37215990
37472652
37730196
37988622
38247930
38508120
38769192
39031146
39293982
39557700
39822300
40087782
40354146
40621392
40889520
41158530
41428422
41699196
41970852
42243390
42516810
42791112
43066296
43342362
43619310
43897140
44175852
44455446
44735922
45017280
45299520
45582642
45866646
46151532
46437300
46723950
47011482
47299896
47589192
47879370
48170430
48462372
48755196
49048902
49343490
49638960
49935312
50232546
50530662
50829660
51129540
51430302
51731946
52034472
52337880
52642170
52947342
53253396
53560332
53868150
54176850
54486432
54796896
55108242
55420470
55733580
56047572
56362446
56678202
56994840
57312360
57630762
57950046
58270212
58591260
58913190
59236002
59559696
59884272
60209730
60536070
60863292
61191396
61520382
61850250
62181000
62512632
62845146
63178542
63512820
63847980
64184022
64520946
64858752
65197440
65537010
65877462
66218796
66561012
66904110
67248090
67592952
67938696
68285322
68632830
68981220
69330492
69680646
70031682
70383600
70736400
71090082
71444646
71800092
72156420
72513630
72871722
73230696
73590552
73951290
74312910
74675412
75038796
75403062
75768210
76134240
76501152
76868946
77237622
77607180
77977620
78348942
78721146
79094232
79468200
79843050
80218782
80595396
80972892
81351270
81730530
82110672
82491696
82873602
83256390
83640060
84024612
84410046
84796362
85183560
85571640
85960602
86350446
86741172
87132780
87525270
87918642
88312896
88708032
89104050
89500950
89898732
90297396
90696942
91097370
91498680
91900872
92303946
92707902
93112740
93518460
93925062
94332546
94740912
95150160
95560290
95971302
96383196
96795972
97209630
97624170
98039592
98455896
98873082
99291150
99710100
100129932
100550646
100972242
101394720
101818080
102242322
102667446
103093452
103520340
103948110
104376762
104806296
105236712
105668010
106100190
106533252
106967196
107402022
107837730
108274320
108711792
109150146
109589382
110029500
110470500
110912382
111355146
111798792
112243320
112688730
113135022
113582196
114030252
114479190
114929010
115379712
115831296
116283762
116737110
117191340
117646452
118102446
118559322
119017080
119475720
119935242
120395646
120856932
121319100
121782150
122246082
122710896
123176592
123643170
124110630
124578972
125048196
125518302
125989290
126461160
126933912
127407546
127882062
128357460
128833740
129310902
129788946
130267872
130747680
131228370
131709942
132192396
132675732
133159950
133645050
134131032
134617896
135105642
135594270
136083780
136574172
137065446
137557602
138050640
138544560
139039362
139535046
140031612
140529060
141027390
141526602
142026696
142527672
143029530
143532270
144035892
144540396
145045782
145552050
146059200
146567232
147076146
147585942
148096620
148608180
149120622
149633946
150148152
150663240
151179210
151696062
152213796
152732412
153251910
153772290
154293552
154815696
155338722
155862630
156387420
156913092
157439646
157967082
158495400
159024600
159554682
160085646
160617492
161150220
161683830
162218322
162753696
163289952
163827090
164365110
164904012
165443796
165984462
166526010
167068440
167611752
168155946
168701022
169246980
169793820
170341542
170890146
171439632
171990000
172541250
173093382
173646396
174200292
174755070
175310730
175867272
176424696
176983002
177542190
178102260
178663212
179225046
179787762
180351360
180915840
181481202
182047446
182614572
183182580
183751470
184321242
184891896
185463432
186035850
186609150
187183332
187758396
188334342
188911170
189488880
190067472
190646946
191227302
191808540
192390660
192973662
193557546
194142312
194727960
195314490
195901902
196490196
197079372
197669430
198260370
198852192
199444896
200038482
200632950
201228300
201824532
202421646
203019642
203618520
204218280
204818922
205420446
206022852
206626140
207230310
207835362
208441296
209048112
209655810
210264390
210873852
211484196
212095422
212707530
213320520
213934392
214549146
215164782
215781300
216398700
217016982
217636146
218256192
218877120
219498930
220121622
220745196
221369652
221994990
222621210
223248312
223876296
224505162
225134910
225765540
226397052
227029446
227662722
228296880
228931920
229567842
230204646
230842332
231480900
232120350
232760682
233401896
234043992
234686970
235330830
235975572
236621196
237267702
237915090
238563360
239212512
239862546
240513462
241165260
241817940
242471502
243125946
243781272
244437480
245094570
245752542
246411396
247071132
247731750
248393250
249055632
249718896
250383042
251048070
251713980
252380772
253048446
253717002
254386440
255056760
255727962
256400046
257073012
257746860
258421590
259097202
259773696
260451072
261129330
261808470
262488492
263169396
263851182
264533850
265217400
265901832
266587146
267273342
267960420
268648380
269337222
270026946
270717552
271409040
272101410
272794662
273488796
274183812
274879710
275576490
276274152
276972696
277672122
278372430
279073620
279775692
280478646
281182482
281887200
282592800
283299282
284006646
284714892
285424020
286134030
286844922
287556696
288269352
288982890
289697310
290412612
291128796
291845862
292563810
293282640
294002352
294722946
295444422
296166780
296890020
297614142
298339146
299065032
299791800
300519450
301247982
301977396
302707692
303438870
304170930
304903872
305637696
306372402
307107990
307844460
308581812
309320046
310059162
310799160
311540040
312281802
313024446
313767972
314512380
315257670
316003842
316750896
317498832
318247650
318997350
319747932
320499396
321251742
322004970
322759080
323514072
324269946
325026702
325784340
326542860
327302262
328062546
328823712
329585760
330348690
331112502
331877196
332642772
333409230
334176570
334944792
335713896
336483882
337254750
338026500
338799132
339572646
340347042
341122320
341898480
342675522
343453446
685740447
