962
2886
5772
9620
14430
20202
26936
34632
43290
52910
63492
75036
87542
101010
115440
130832
147186
164502
182780
202020
222222
243386
265512
288600
312650
337662
363636
390572
418470
447330
477152
507936
539682
572390
606060
640692
676286
712842
750360
788840
828282
868686
910052
952380
995670
1039922
1085136
1131312
1178450
1226550
1275612
1325636
1376622
1428570
1481480
1535352
1590186
1645982
1702740
1760460
1819142
1878786
1939392
2000960
2063490
2126982
2191436
2256852
2323230
2390570
2458872
2528136
2598362
2669550
2741700
2814812
2888886
2963922
3039920
3116880
3194802
3273686
3353532
3434340
3516110
3598842
3682536
3767192
3852810
3939390
4026932
4115436
4204902
4295330
4386720
4479072
4572386
4666662
4761900
4858100
4955262
5053386
5152472
5252520
5353530
5455502
5558436
5662332
5767190
5873010
5979792
6087536
6196242
6305910
6416540
6528132
6640686
6754202
6868680
6984120
7100522
7217886
7336212
7455500
7575750
7696962
7819136
7942272
8066370
8191430
8317452
8444436
8572382
8701290
8831160
8961992
9093786
9226542
9360260
9494940
9630582
9767186
9904752
10043280
10182770
10323222
10464636
10607012
10750350
10894650
11039912
11186136
11333322
11481470
11630580
11780652
11931686
12083682
12236640
12390560
12545442
12701286
12858092
13015860
13174590
13334282
13494936
13656552
13819130
13982670
14147172
14312636
14479062
14646450
14814800
14984112
15154386
15325622
15497820
15670980
15845102
16020186
16196232
16373240
16551210
16730142
16910036
17090892
17272710
17455490
17639232
17823936
18009602
18196230
18383820
18572372
18761886
18952362
19143800
19336200
19529562
19723886
19919172
20115420
20312630
20510802
20709936
20910032
21111090
21313110
21516092
21720036
21924942
22130810
22337640
22545432
22754186
22963902
23174580
23386220
23598822
23812386
24026912
24242400
24458850
24676262
24894636
25113972
25334270
25555530
25777752
26000936
26225082
26450190
26676260
26903292
27131286
27360242
27590160
27821040
28052882
28285686
28519452
28754180
28989870
29226522
29464136
29702712
29942250
30182750
30424212
30666636
30910022
31154370
31399680
31645952
31893186
32141382
32390540
32640660
32891742
33143786
33396792
33650760
33905690
34161582
34418436
34676252
34935030
35194770
35455472
35717136
35979762
36243350
36507900
36773412
37039886
37307322
37575720
37845080
38115402
38386686
38658932
38932140
39206310
39481442
39757536
40034592
40312610
40591590
40871532
41152436
41434302
41717130
42000920
42285672
42571386
42858062
43145700
43434300
43723862
44014386
44305872
44598320
44891730
45186102
45481436
45777732
46074990
46373210
46672392
46972536
47273642
47575710
47878740
48182732
48487686
48793602
49100480
49408320
49717122
50026886
50337612
50649300
50961950
51275562
51590136
51905672
52222170
52539630
52858052
53177436
53497782
53819090
54141360
54464592
54788786
55113942
55440060
55767140
56095182
56424186
56754152
57085080
57416970
57749822
58083636
58418412
58754150
59090850
59428512
59767136
60106722
60447270
60788780
61131252
61474686
61819082
62164440
62510760
62858042
63206286
63555492
63905660
64256790
64608882
64961936
65315952
65670930
66026870
66383772
66741636
67100462
67460250
67821000
68182712
68545386
68909022
69273620
69639180
70005702
70373186
70741632
71111040
71481410
71852742
72225036
72598292
72972510
73347690
73723832
74100936
74479002
74858030
75238020
75618972
76000886
76383762
76767600
77152400
77538162
77924886
78312572
78701220
79090830
79481402
79872936
80265432
80658890
81053310
81448692
81845036
82242342
82640610
83039840
83440032
83841186
84243302
84646380
85050420
85455422
85861386
86268312
86676200
87085050
87494862
87905636
88317372
88730070
89143730
89558352
89973936
90390482
90807990
91226460
91645892
92066286
92487642
92909960
93333240
93757482
94182686
94608852
95035980
95464070
95893122
96323136
96754112
97186050
97618950
98052812
98487636
98923422
99360170
99797880
100236552
100676186
101116782
101558340
102000860
102444342
102888786
103334192
103780560
104227890
104676182
105125436
105575652
106026830
106478970
106932072
107386136
107841162
108297150
108754100
109212012
109670886
110130722
110591520
111053280
111516002
111979686
112444332
112909940
113376510
113844042
114312536
114781992
115252410
115723790
116196132
116669436
117143702
117618930
118095120
118572272
119050386
119529462
120009500
120490500
120972462
121455386
121939272
122424120
122909930
123396702
123884436
124373132
124862790
125353410
125844992
126337536
126831042
127325510
127820940
128317332
128814686
129313002
129812280
130312520
130813722
131315886
131819012
132323100
132828150
133334162
133841136
134349072
134857970
135367830
135878652
136390436
136903182
137416890
137931560
138447192
138963786
139481342
139999860
140519340
141039782
141561186
142083552
142606880
143131170
143656422
144182636
144709812
145237950
145767050
146297112
146828136
147360122
147893070
148426980
148961852
149497686
150034482
150572240
151110960
151650642
152191286
152732892
153275460
153818990
154363482
154908936
155455352
156002730
156551070
157100372
157650636
158201862
158754050
159307200
159861312
160416386
160972422
161529420
162087380
162646302
163206186
163767032
164328840
164891610
165455342
166020036
166585692
167152310
167719890
168288432
168857936
169428402
169999830
170572220
171145572
171719886
172295162
172871400
173448600
174026762
174605886
175185972
175767020
176349030
176932002
177515936
178100832
178686690
179273510
179861292
180450036
181039742
181630410
182222040
182814632
183408186
184002702
184598180
185194620
185792022
186390386
186989712
187590000
188191250
188793462
189396636
190000772
190605870
191211930
191818952
192426936
193035882
193645790
194256660
194868492
195481286
196095042
196709760
197325440
197942082
198559686
199178252
199797780
200418270
201039722
201662136
202285512
202909850
203535150
204161412
204788636
205416822
206045970
206676080
207307152
207939186
208572182
209206140
209841060
210476942
211113786
211751592
212390360
213030090
213670782
214312436
214955052
215598630
216243170
216888672
217535136
218182562
218830950
219480300
220130612
220781886
221434122
222087320
222741480
223396602
224052686
224709732
225367740
226026710
226686642
227347536
228009392
228672210
229335990
230000732
230666436
231333102
232000730
232669320
233338872
234009386
234680862
235353300
236026700
236701062
237376386
238052672
238729920
239408130
240087302
240767436
241448532
242130590
242813610
243497592
244182536
244868442
245555310
246243140
246931932
247621686
248312402
249004080
249696720
250390322
251084886
251780412
252476900
253174350
253872762
254572136
255272472
255973770
256676030
257379252
258083436
258788582
259494690
260201760
260909792
261618786
262328742
263039660
263751540
264464382
265178186
265892952
266608680
267325370
268043022
268761636
269481212
270201750
270923250
271645712
272369136
273093522
273818870
274545180
275272452
276000686
276729882
277460040
278191160
278923242
279656286
280390292
281125260
281861190
282598082
283335936
284074752
284814530
285555270
286296972
287039636
287783262
288527850
289273400
290019912
290767386
291515822
292265220
293015580
293766902
294519186
295272432
296026640
296781810
297537942
298295036
299053092
299812110
300572090
301333032
302094936
302857802
303621630
304386420
305152172
305918886
306686562
307455200
308224800
308995362
309766886
310539372
311312820
312087230
312862602
313638936
314416232
315194490
315973710
316753892
317535036
318317142
319100210
319884240
320669232
321455186
322242102
323029980
323818820
324608622
325399386
326191112
326983800
327777450
328572062
329367636
330164172
330961670
331760130
332559552
333359936
334161282
334963590
335766860
336571092
337376286
338182442
338989560
339797640
340606682
341416686
342227652
343039580
343852470
344666322
345481136
346296912
347113650
347931350
348750012
349569636
350390222
351211770
352034280
352857752
353682186
354507582
355333940
356161260
356989542
357818786
358648992
359480160
360312290
361145382
361979436
362814452
363650430
364487370
365325272
366164136
367003962
367844750
368686500
369529212
370372886
371217522
372063120
372909680
373757202
374605686
375455132
376305540
377156910
378009242
378862536
379716792
380572010
381428190
382285332
383143436
384002502
384862530
385723520
386585472
387448386
388312262
389177100
390042900
390909662
391777386
392646072
393515720
394386330
395257902
396130436
397003932
397878390
398753810
399630192
400507536
401385842
402265110
403145340
404026532
404908686
405791802
406675880
407560920
408446922
409333886
410221812
411110700
412000550
412891362
413783136
414675872
415569570
416464230
417359852
418256436
419153982
420052490
420951960
421852392
422753786
423656142
424559460
425463740
426368982
427275186
428182352
429090480
429999570
430909622
431820636
432732612
433645550
434559450
435474312
436390136
437306922
438224670
439143380
440063052
440983686
441905282
442827840
443751360
444675842
445601286
962
2886
5772
9620
14430
20202
26936
34632
43290
52910
63492
75036
87542
101010
115440
130832
147186
164502
182780
202020
222222
243386
265512
288600
312650
337662
363636
390572
418470
447330
477152
507936
539682
572390
606060
640692
676286
712842
750360
788840
828282
868686
910052
952380
995670
1039922
1085136
1131312
1178450
1226550
1275612
1325636
1376622
1428570
1481480
1535352
1590186
1645982
1702740
1760460
1819142
1878786
1939392
2000960
2063490
2126982
2191436
2256852
2323230
2390570
2458872
2528136
2598362
2669550
2741700
2814812
2888886
2963922
3039920
3116880
3194802
3273686
3353532
3434340
3516110
3598842
3682536
3767192
3852810
3939390
4026932
4115436
4204902
4295330
4386720
4479072
4572386
4666662
4761900
4858100
4955262
5053386
5152472
5252520
5353530
5455502
5558436
5662332
5767190
5873010
5979792
6087536
6196242
6305910
6416540
6528132
6640686
6754202
6868680
6984120
7100522
7217886
7336212
7455500
7575750
7696962
7819136
7942272
8066370
8191430
8317452
8444436
8572382
8701290
8831160
8961992
9093786
9226542
9360260
9494940
9630582
9767186
9904752
10043280
10182770
10323222
10464636
10607012
10750350
10894650
11039912
11186136
11333322
11481470
11630580
11780652
11931686
12083682
12236640
12390560
12545442
12701286
12858092
13015860
13174590
13334282
13494936
13656552
13819130
13982670
14147172
14312636
14479062
14646450
14814800
14984112
15154386
15325622
15497820
15670980
15845102
16020186
16196232
16373240
16551210
16730142
16910036
17090892
17272710
17455490
17639232
17823936
18009602
18196230
18383820
18572372
18761886
18952362
19143800
19336200
19529562
19723886
19919172
20115420
20312630
20510802
20709936
20910032
21111090
21313110
21516092
21720036
21924942
22130810
22337640
22545432
22754186
22963902
23174580
23386220
23598822
23812386
24026912
24242400
24458850
24676262
24894636
25113972
25334270
25555530
25777752
26000936
26225082
26450190
26676260
26903292
27131286
27360242
27590160
27821040
28052882
28285686
28519452
28754180
28989870
29226522
29464136
29702712
29942250
30182750
30424212
30666636
30910022
31154370
31399680
31645952
31893186
32141382
32390540
32640660
32891742
33143786
33396792
33650760
33905690
34161582
34418436
34676252
34935030
35194770
35455472
35717136
35979762
36243350
36507900
36773412
37039886
37307322
37575720
37845080
38115402
38386686
38658932
38932140
39206310
39481442
39757536
40034592
40312610
40591590
40871532
41152436
41434302
41717130
42000920
42285672
42571386
42858062
43145700
43434300
43723862
44014386
44305872
44598320
44891730
45186102
45481436
45777732
46074990
46373210
46672392
46972536
47273642
47575710
47878740
48182732
48487686
48793602
49100480
49408320
49717122
50026886
50337612
50649300
50961950
51275562
51590136
51905672
52222170
52539630
52858052
53177436
53497782
53819090
54141360
54464592
54788786
55113942
55440060
55767140
56095182
56424186
56754152
57085080
57416970
57749822
58083636
58418412
58754150
59090850
59428512
59767136
60106722
60447270
60788780
61131252
61474686
61819082
62164440
62510760
62858042
63206286
63555492
63905660
64256790
64608882
64961936
65315952
65670930
66026870
66383772
66741636
67100462
67460250
67821000
68182712
68545386
68909022
69273620
69639180
70005702
70373186
70741632
71111040
71481410
71852742
72225036
72598292
72972510
73347690
73723832
74100936
74479002
74858030
75238020
75618972
76000886
76383762
76767600
77152400
77538162
77924886
78312572
78701220
79090830
79481402
79872936
80265432
80658890
81053310
81448692
81845036
82242342
82640610
83039840
83440032
83841186
84243302
84646380
85050420
85455422
85861386
86268312
86676200
87085050
87494862
87905636
88317372
88730070
89143730
89558352
89973936
90390482
90807990
91226460
91645892
92066286
92487642
92909960
93333240
93757482
94182686
94608852
95035980
95464070
95893122
96323136
96754112
97186050
97618950
98052812
98487636
98923422
99360170
99797880
100236552
100676186
101116782
101558340
102000860
102444342
102888786
103334192
103780560
104227890
104676182
105125436
105575652
106026830
106478970
106932072
107386136
107841162
108297150
108754100
109212012
109670886
110130722
110591520
111053280
111516002
111979686
112444332
112909940
113376510
113844042
114312536
114781992
115252410
115723790
116196132
116669436
117143702
117618930
118095120
118572272
119050386
119529462
120009500
120490500
120972462
121455386
121939272
122424120
122909930
123396702
123884436
124373132
124862790
125353410
125844992
126337536
126831042
127325510
127820940
128317332
128814686
129313002
129812280
130312520
130813722
131315886
131819012
132323100
132828150
133334162
133841136
134349072
134857970
135367830
135878652
136390436
136903182
137416890
137931560
138447192
138963786
139481342
139999860
140519340
141039782
141561186
142083552
142606880
143131170
143656422
144182636
144709812
145237950
145767050
146297112
146828136
147360122
147893070
148426980
148961852
149497686
150034482
150572240
151110960
151650642
152191286
152732892
153275460
153818990
154363482
154908936
155455352
156002730
156551070
157100372
157650636
158201862
158754050
159307200
159861312
160416386
160972422
161529420
162087380
162646302
163206186
163767032
164328840
164891610
165455342
166020036
166585692
167152310
167719890
168288432
168857936
169428402
169999830
170572220
171145572
171719886
172295162
172871400
173448600
174026762
174605886
175185972
175767020
176349030
176932002
177515936
178100832
178686690
179273510
179861292
180450036
181039742
181630410
182222040
182814632
183408186
184002702
184598180
185194620
185792022
186390386
186989712
187590000
188191250
188793462
189396636
190000772
190605870
191211930
191818952
192426936
193035882
193645790
194256660
194868492
195481286
196095042
196709760
197325440
197942082
198559686
199178252
199797780
200418270
201039722
201662136
202285512
202909850
203535150
204161412
204788636
205416822
206045970
206676080
207307152
207939186
208572182
209206140
209841060
210476942
211113786
211751592
212390360
213030090
213670782
214312436
214955052
215598630
216243170
216888672
217535136
218182562
218830950
219480300
220130612
220781886
221434122
222087320
222741480
223396602
224052686
224709732
225367740
226026710
226686642
227347536
228009392
228672210
229335990
230000732
230666436
231333102
232000730
232669320
233338872
234009386
234680862
235353300
236026700
236701062
237376386
238052672
238729920
239408130
240087302
240767436
241448532
242130590
242813610
243497592
244182536
244868442
245555310
246243140
246931932
247621686
248312402
249004080
249696720
250390322
251084886
251780412
252476900
253174350
253872762
254572136
255272472
255973770
256676030
257379252
258083436
258788582
259494690
260201760
260909792
261618786
262328742
263039660
263751540
264464382
265178186
265892952
266608680
267325370
268043022
268761636
269481212
270201750
270923250
271645712
272369136
273093522
273818870
274545180
275272452
276000686
276729882
277460040
278191160
278923242
279656286
280390292
281125260
281861190
282598082
283335936
284074752
284814530
285555270
286296972
287039636
287783262
288527850
289273400
290019912
290767386
291515822
292265220
293015580
293766902
294519186
295272432
296026640
296781810
297537942
298295036
299053092
299812110
300572090
301333032
302094936
302857802
303621630
304386420
305152172
305918886
306686562
307455200
308224800
308995362
309766886
310539372
311312820
312087230
312862602
313638936
314416232
315194490
315973710
316753892
317535036
318317142
319100210
319884240
320669232
321455186
322242102
323029980
323818820
324608622
325399386
326191112
326983800
327777450
328572062
329367636
330164172
330961670
331760130
332559552
333359936
334161282
334963590
335766860
336571092
337376286
338182442
338989560
339797640
340606682
341416686
342227652
343039580
343852470
344666322
345481136
346296912
347113650
347931350
348750012
349569636
350390222
351211770
352034280
352857752
353682186
354507582
355333940
356161260
356989542
357818786
358648992
359480160
360312290
361145382
361979436
362814452
363650430
364487370
365325272
366164136
367003962
367844750
368686500
369529212
370372886
371217522
372063120
372909680
373757202
374605686
375455132
376305540
377156910
378009242
378862536
379716792
380572010
381428190
382285332
383143436
384002502
384862530
385723520
386585472
387448386
388312262
389177100
390042900
390909662
391777386
392646072
393515720
394386330
395257902
396130436
397003932
397878390
398753810
399630192
400507536
401385842
402265110
403145340
404026532
404908686
405791802
406675880
407560920
408446922
409333886
410221812
411110700
412000550
412891362
413783136
414675872
415569570
416464230
417359852
418256436
419153982
420052490
420951960
421852392
422753786
423656142
424559460
425463740
426368982
427275186
428182352
429090480
429999570
430909622
431820636
432732612
433645550
434559450
435474312
436390136
437306922
438224670
439143380
440063052
440983686
441905282
442827840
443751360
444675842
445601286
891202572
