947
2841
5682
9470
14205
19887
26516
34092
42615
52085
62502
73866
86177
99435
113640
128792
144891
161937
179930
198870
218757
239591
261372
284100
307775
332397
357966
384482
411945
440355
469712
500016
531267
563465
596610
630702
665741
701727
738660
776540
815367
855141
895862
937530
980145
1023707
1068216
1113672
1160075
1207425
1255722
1304966
1355157
1406295
1458380
1511412
1565391
1620317
1676190
1733010
1790777
1849491
1909152
1969760
2031315
2093817
2157266
2221662
2287005
2353295
2420532
2488716
2557847
2627925
2698950
2770922
2843841
2917707
2992520
3068280
3144987
3222641
3301242
3380790
3461285
3542727
3625116
3708452
3792735
3877965
3964142
4051266
4139337
4228355
4318320
4409232
4501091
4593897
4687650
4782350
4877997
4974591
5072132
5170620
5270055
5370437
5471766
5574042
5677265
5781435
5886552
5992616
6099627
6207585
6316490
6426342
6537141
6648887
6761580
6875220
6989807
7105341
7221822
7339250
7457625
7576947
7697216
7818432
7940595
8063705
8187762
8312766
8438717
8565615
8693460
8822252
8951991
9082677
9214310
9346890
9480417
9614891
9750312
9886680
10023995
10162257
10301466
10441622
10582725
10724775
10867772
11011716
11156607
11302445
11449230
11596962
11745641
11895267
12045840
12197360
12349827
12503241
12657602
12812910
12969165
13126367
13284516
13443612
13603655
13764645
13926582
14089466
14253297
14418075
14583800
14750472
14918091
15086657
15256170
15426630
15598037
15770391
15943692
16117940
16293135
16469277
16646366
16824402
17003385
17183315
17364192
17546016
17728787
17912505
18097170
18282782
18469341
18656847
18845300
19034700
19225047
19416341
19608582
19801770
19995905
20190987
20387016
20583992
20781915
20980785
21180602
21381366
21583077
21785735
21989340
22193892
22399391
22605837
22813230
23021570
23230857
23441091
23652272
23864400
24077475
24291497
24506466
24722382
24939245
25157055
25375812
25595516
25816167
26037765
26260310
26483802
26708241
26933627
27159960
27387240
27615467
27844641
28074762
28305830
28537845
28770807
29004716
29239572
29475375
29712125
29949822
30188466
30428057
30668595
30910080
31152512
31395891
31640217
31885490
32131710
32378877
32626991
32876052
33126060
33377015
33628917
33881766
34135562
34390305
34645995
34902632
35160216
35418747
35678225
35938650
36200022
36462341
36725607
36989820
37254980
37521087
37788141
38056142
38325090
38594985
38865827
39137616
39410352
39684035
39958665
40234242
40510766
40788237
41066655
41346020
41626332
41907591
42189797
42472950
42757050
43042097
43328091
43615032
43902920
44191755
44481537
44772266
45063942
45356565
45650135
45944652
46240116
46536527
46833885
47132190
47431442
47731641
48032787
48334880
48637920
48941907
49246841
49552722
49859550
50167325
50476047
50785716
51096332
51407895
51720405
52033862
52348266
52663617
52979915
53297160
53615352
53934491
54254577
54575610
54897590
55220517
55544391
55869212
56194980
56521695
56849357
57177966
57507522
57838025
58169475
58501872
58835216
59169507
59504745
59840930
60178062
60516141
60855167
61195140
61536060
61877927
62220741
62564502
62909210
63254865
63601467
63949016
64297512
64646955
64997345
65348682
65700966
66054197
66408375
66763500
67119572
67476591
67834557
68193470
68553330
68914137
69275891
69638592
70002240
70366835
70732377
71098866
71466302
71834685
72204015
72574292
72945516
73317687
73690805
74064870
74439882
74815841
75192747
75570600
75949400
76329147
76709841
77091482
77474070
77857605
78242087
78627516
79013892
79401215
79789485
80178702
80568866
80959977
81352035
81745040
82138992
82533891
82929737
83326530
83724270
84122957
84522591
84923172
85324700
85727175
86130597
86534966
86940282
87346545
87753755
88161912
88571016
88981067
89392065
89804010
90216902
90630741
91045527
91461260
91877940
92295567
92714141
93133662
93554130
93975545
94397907
94821216
95245472
95670675
96096825
96523922
96951966
97380957
97810895
98241780
98673612
99106391
99540117
99974790
100410410
100846977
101284491
101722952
102162360
102602715
103044017
103486266
103929462
104373605
104818695
105264732
105711716
106159647
106608525
107058350
107509122
107960841
108413507
108867120
109321680
109777187
110233641
110691042
111149390
111608685
112068927
112530116
112992252
113455335
113919365
114384342
114850266
115317137
115784955
116253720
116723432
117194091
117665697
118138250
118611750
119086197
119561591
120037932
120515220
120993455
121472637
121952766
122433842
122915865
123398835
123882752
124367616
124853427
125340185
125827890
126316542
126806141
127296687
127788180
128280620
128774007
129268341
129763622
130259850
130757025
131255147
131754216
132254232
132755195
133257105
133759962
134263766
134768517
135274215
135780860
136288452
136796991
137306477
137816910
138328290
138840617
139353891
139868112
140383280
140899395
141416457
141934466
142453422
142973325
143494175
144015972
144538716
145062407
145587045
146112630
146639162
147166641
147695067
148224440
148754760
149286027
149818241
150351402
150885510
151420565
151956567
152493516
153031412
153570255
154110045
154650782
155192466
155735097
156278675
156823200
157368672
157915091
158462457
159010770
159560030
160110237
160661391
161213492
161766540
162320535
162875477
163431366
163988202
164545985
165104715
165664392
166225016
166786587
167349105
167912570
168476982
169042341
169608647
170175900
170744100
171313247
171883341
172454382
173026370
173599305
174173187
174748016
175323792
175900515
176478185
177056802
177636366
178216877
178798335
179380740
179964092
180548391
181133637
181719830
182306970
182895057
183484091
184074072
184665000
185256875
185849697
186443466
187038182
187633845
188230455
188828012
189426516
190025967
190626365
191227710
191830002
192433241
193037427
193642560
194248640
194855667
195463641
196072562
196682430
197293245
197905007
198517716
199131372
199745975
200361525
200978022
201595466
202213857
202833195
203453480
204074712
204696891
205320017
205944090
206569110
207195077
207821991
208449852
209078660
209708415
210339117
210970766
211603362
212236905
212871395
213506832
214143216
214780547
215418825
216058050
216698222
217339341
217981407
218624420
219268380
219913287
220559141
221205942
221853690
222502385
223152027
223802616
224454152
225106635
225760065
226414442
227069766
227726037
228383255
229041420
229700532
230360591
231021597
231683550
232346450
233010297
233675091
234340832
235007520
235675155
236343737
237013266
237683742
238355165
239027535
239700852
240375116
241050327
241726485
242403590
243081642
243760641
244440587
245121480
245803320
246486107
247169841
247854522
248540150
249226725
249914247
250602716
251292132
251982495
252673805
253366062
254059266
254753417
255448515
256144560
256841552
257539491
258238377
258938210
259638990
260340717
261043391
261747012
262451580
263157095
263863557
264570966
265279322
265988625
266698875
267410072
268122216
268835307
269549345
270264330
270980262
271697141
272414967
273133740
273853460
274574127
275295741
276018302
276741810
277466265
278191667
278918016
279645312
280373555
281102745
281832882
282563966
283295997
284028975
284762900
285497772
286233591
286970357
287708070
288446730
289186337
289926891
290668392
291410840
292154235
292898577
293643866
294390102
295137285
295885415
296634492
297384516
298135487
298887405
299640270
300394082
301148841
301904547
302661200
303418800
304177347
304936841
305697282
306458670
307221005
307984287
308748516
309513692
310279815
311046885
311814902
312583866
313353777
314124635
314896440
315669192
316442891
317217537
317993130
318769670
319547157
320325591
321104972
321885300
322666575
323448797
324231966
325016082
325801145
326587155
327374112
328162016
328950867
329740665
330531410
331323102
332115741
332909327
333703860
334499340
335295767
336093141
336891462
337690730
338490945
339292107
340094216
340897272
341701275
342506225
343312122
344118966
344926757
345735495
346545180
347355812
348167391
348979917
349793390
350607810
351423177
352239491
353056752
353874960
354694115
355514217
356335266
357157262
357980205
358804095
359628932
360454716
361281447
362109125
362937750
363767322
364597841
365429307
366261720
367095080
367929387
368764641
369600842
370437990
371276085
372115127
372955116
373796052
374637935
375480765
376324542
377169266
378014937
378861555
379709120
380557632
381407091
382257497
383108850
383961150
384814397
385668591
386523732
387379820
388236855
389094837
389953766
390813642
391674465
392536235
393398952
394262616
395127227
395992785
396859290
397726742
398595141
399464487
400334780
401206020
402078207
402951341
403825422
404700450
405576425
406453347
407331216
408210032
409089795
409970505
410852162
411734766
412618317
413502815
414388260
415274652
416161991
417050277
417939510
418829690
419720817
420612891
421505912
422399880
423294795
424190657
425087466
948
2844
5688
9480
14220
19908
26544
34128
42660
52140
62568
73944
86268
99540
113760
128928
145044
162108
180120
199080
218988
239844
261648
284400
308100
332748
358344
384888
412380
440820
470208
500544
531828
564060
597240
631368
666444
702468
739440
777360
816228
856044
896808
938520
981180
1024788
1069344
1114848
1161300
1208700
1257048
1306344
1356588
1407780
1459920
1513008
1567044
1622028
1677960
1734840
1792668
1851444
1911168
1971840
2033460
2096028
2159544
2224008
2289420
2355780
2423088
2491344
2560548
2630700
2701800
2773848
2846844
2920788
2995680
3071520
3148308
3226044
3304728
3384360
3464940
3546468
3628944
3712368
3796740
3882060
3968328
4055544
4143708
4232820
4322880
4413888
4505844
4598748
4692600
4787400
4883148
4979844
5077488
5176080
5275620
5376108
5477544
5579928
5683260
5787540
5892768
5998944
6106068
6214140
6323160
6433128
6544044
6655908
6768720
6882480
6997188
7112844
7229448
7347000
7465500
7584948
7705344
7826688
7948980
8072220
8196408
8321544
8447628
8574660
8702640
8831568
8961444
9092268
9224040
9356760
9490428
9625044
9760608
9897120
10034580
10172988
10312344
10452648
10593900
10736100
10879248
11023344
11168388
11314380
11461320
11609208
11758044
11907828
12058560
12210240
12362868
12516444
12670968
12826440
12982860
13140228
13298544
13457808
13618020
13779180
13941288
14104344
14268348
14433300
14599200
14766048
14933844
15102588
15272280
15442920
15614508
15787044
15960528
16134960
16310340
16486668
16663944
16842168
17021340
17201460
17382528
17564544
17747508
17931420
18116280
18302088
18488844
18676548
18865200
19054800
19245348
19436844
19629288
19822680
20017020
20212308
20408544
20605728
20803860
21002940
21202968
21403944
21605868
21808740
22012560
22217328
22423044
22629708
22837320
23045880
23255388
23465844
23677248
23889600
24102900
24317148
24532344
24748488
24965580
25183620
25402608
25622544
25843428
26065260
26288040
26511768
26736444
26962068
27188640
27416160
27644628
27874044
28104408
28335720
28567980
28801188
29035344
29270448
29506500
29743500
29981448
30220344
30460188
30700980
30942720
31185408
31429044
31673628
31919160
32165640
32413068
32661444
32910768
33161040
33412260
33664428
33917544
34171608
34426620
34682580
34939488
35197344
35456148
35715900
35976600
36238248
36500844
36764388
37028880
37294320
37560708
37828044
38096328
38365560
38635740
38906868
39178944
39451968
39725940
40000860
40276728
40553544
40831308
41110020
41389680
41670288
41951844
42234348
42517800
42802200
43087548
43373844
43661088
43949280
44238420
44528508
44819544
45111528
45404460
45698340
45993168
46288944
46585668
46883340
47181960
47481528
47782044
48083508
48385920
48689280
48993588
49298844
49605048
49912200
50220300
50529348
50839344
51150288
51462180
51775020
52088808
52403544
52719228
53035860
53353440
53671968
53991444
54311868
54633240
54955560
55278828
55603044
55928208
56254320
56581380
56909388
57238344
57568248
57899100
58230900
58563648
58897344
59231988
59567580
59904120
60241608
60580044
60919428
61259760
61601040
61943268
62286444
62630568
62975640
63321660
63668628
64016544
64365408
64715220
65065980
65417688
65770344
66123948
66478500
66834000
67190448
67547844
67906188
68265480
68625720
68986908
69349044
69712128
70076160
70441140
70807068
71173944
71541768
71910540
72280260
72650928
73022544
73395108
73768620
74143080
74518488
74894844
75272148
75650400
76029600
76409748
76790844
77172888
77555880
77939820
78324708
78710544
79097328
79485060
79873740
80263368
80653944
81045468
81437940
81831360
82225728
82621044
83017308
83414520
83812680
84211788
84611844
85012848
85414800
85817700
86221548
86626344
87032088
87438780
87846420
88255008
88664544
89075028
89486460
89898840
90312168
90726444
91141668
91557840
91974960
92393028
92812044
93232008
93652920
94074780
94497588
94921344
95346048
95771700
96198300
96625848
97054344
97483788
97914180
98345520
98777808
99211044
99645228
100080360
100516440
100953468
101391444
101830368
102270240
102711060
103152828
103595544
104039208
104483820
104929380
105375888
105823344
106271748
106721100
107171400
107622648
108074844
108527988
108982080
109437120
109893108
110350044
110807928
111266760
111726540
112187268
112648944
113111568
113575140
114039660
114505128
114971544
115438908
115907220
116376480
116846688
117317844
117789948
118263000
118737000
119211948
119687844
120164688
120642480
121121220
121600908
122081544
122563128
123045660
123529140
124013568
124498944
124985268
125472540
125960760
126449928
126940044
127431108
127923120
128416080
128909988
129404844
129900648
130397400
130895100
131393748
131893344
132393888
132895380
133397820
133901208
134405544
134910828
135417060
135924240
136432368
136941444
137451468
137962440
138474360
138987228
139501044
140015808
140531520
141048180
141565788
142084344
142603848
143124300
143645700
144168048
144691344
145215588
145740780
146266920
146794008
147322044
147851028
148380960
148911840
149443668
149976444
150510168
151044840
151580460
152117028
152654544
153193008
153732420
154272780
154814088
155356344
155899548
156443700
156988800
157534848
158081844
158629788
159178680
159728520
160279308
160831044
161383728
161937360
162491940
163047468
163603944
164161368
164719740
165279060
165839328
166400544
166962708
167525820
168089880
168654888
169220844
169787748
170355600
170924400
171494148
172064844
172636488
173209080
173782620
174357108
174932544
175508928
176086260
176664540
177243768
177823944
178405068
178987140
179570160
180154128
180739044
181324908
181911720
182499480
183088188
183677844
184268448
184860000
185452500
186045948
186640344
187235688
187831980
188429220
189027408
189626544
190226628
190827660
191429640
192032568
192636444
193241268
193847040
194453760
195061428
195670044
196279608
196890120
197501580
198113988
198727344
199341648
199956900
200573100
201190248
201808344
202427388
203047380
203668320
204290208
204913044
205536828
206161560
206787240
207413868
208041444
208669968
209299440
209929860
210561228
211193544
211826808
212461020
213096180
213732288
214369344
215007348
215646300
216286200
216927048
217568844
218211588
218855280
219499920
220145508
220792044
221439528
222087960
222737340
223387668
224038944
224691168
225344340
225998460
226653528
227309544
227966508
228624420
229283280
229943088
230603844
231265548
231928200
232591800
233256348
233921844
234588288
235255680
235924020
236593308
237263544
237934728
238606860
239279940
239953968
240628944
241304868
241981740
242659560
243338328
244018044
244698708
245380320
246062880
246746388
247430844
248116248
248802600
249489900
250178148
250867344
251557488
252248580
252940620
253633608
254327544
255022428
255718260
256415040
257112768
257811444
258511068
259211640
259913160
260615628
261319044
262023408
262728720
263434980
264142188
264850344
265559448
266269500
266980500
267692448
268405344
269119188
269833980
270549720
271266408
271984044
272702628
273422160
274142640
274864068
275586444
276309768
277034040
277759260
278485428
279212544
279940608
280669620
281399580
282130488
282862344
283595148
284328900
285063600
285799248
286535844
287273388
288011880
288751320
289491708
290233044
290975328
291718560
292462740
293207868
293953944
294700968
295448940
296197860
296947728
297698544
298450308
299203020
299956680
300711288
301466844
302223348
302980800
303739200
304498548
305258844
306020088
306782280
307545420
308309508
309074544
309840528
310607460
311375340
312144168
312913944
313684668
314456340
315228960
316002528
316777044
317552508
318328920
319106280
319884588
320663844
321444048
322225200
323007300
323790348
324574344
325359288
326145180
326932020
327719808
328508544
329298228
330088860
330880440
331672968
332466444
333260868
334056240
334852560
335649828
336448044
337247208
338047320
338848380
339650388
340453344
341257248
342062100
342867900
343674648
344482344
345290988
346100580
346911120
347722608
348535044
349348428
350162760
350978040
351794268
352611444
353429568
354248640
355068660
355889628
356711544
357534408
358358220
359182980
360008688
360835344
361662948
362491500
363321000
364151448
364982844
365815188
366648480
367482720
368317908
369154044
369991128
370829160
371668140
372508068
373348944
374190768
375033540
375877260
376721928
377567544
378414108
379261620
380110080
380959488
381809844
382661148
383513400
384366600
385220748
386075844
386931888
387788880
388646820
389505708
390365544
391226328
392088060
392950740
393814368
394678944
395544468
396410940
397278360
398146728
399016044
399886308
400757520
401629680
402502788
403376844
404251848
405127800
406004700
406882548
407761344
408641088
409521780
410403420
411286008
412169544
413054028
413939460
414825840
415713168
416601444
417490668
418380840
419271960
420164028
421057044
421951008
422845920
423741780
424638588
425536344
426435048
851522514
