381
1143
2286
3810
5715
8001
10668
13716
17145
20955
25146
29718
34671
40005
45720
51816
58293
65151
72390
80010
88011
96393
105156
114300
123825
133731
144018
154686
165735
177165
188976
201168
213741
226695
240030
253746
267843
282321
297180
312420
328041
344043
360426
377190
394335
411861
429768
448056
466725
485775
505206
525018
545211
565785
586740
608076
629793
651891
674370
697230
720471
744093
768096
792480
817245
842391
867918
893826
920115
946785
973836
1001268
1029081
1057275
1085850
1114806
1144143
1173861
1203960
1234440
1265301
1296543
1328166
1360170
1392555
1425321
1458468
1491996
1525905
1560195
1594866
1629918
1665351
1701165
1737360
1773936
1810893
1848231
1885950
1924050
1962531
2001393
2040636
2080260
2120265
2160651
2201418
2242566
2284095
2326005
2368296
2410968
2454021
2497455
2541270
2585466
2630043
2675001
2720340
2766060
2812161
2858643
2905506
2952750
3000375
3048381
3096768
3145536
3194685
3244215
3294126
3344418
3395091
3446145
3497580
3549396
3601593
3654171
3707130
3760470
3814191
3868293
3922776
3977640
4032885
4088511
4144518
4200906
4257675
4314825
4372356
4430268
4488561
4547235
4606290
4665726
4725543
4785741
4846320
4907280
4968621
5030343
5092446
5154930
5217795
5281041
5344668
5408676
5473065
5537835
5602986
5668518
5734431
5800725
5867400
5934456
6001893
6069711
6137910
6206490
6275451
6344793
6414516
6484620
6555105
6625971
6697218
6768846
6840855
6913245
6986016
7059168
7132701
7206615
7280910
7355586
7430643
7506081
7581900
7658100
7734681
7811643
7888986
7966710
8044815
8123301
8202168
8281416
8361045
8441055
8521446
8602218
8683371
8764905
8846820
8929116
9011793
9094851
9178290
9262110
9346311
9430893
9515856
9601200
9686925
9773031
9859518
9946386
10033635
10121265
10209276
10297668
10386441
10475595
10565130
10655046
10745343
10836021
10927080
11018520
11110341
11202543
11295126
11388090
11481435
11575161
11669268
11763756
11858625
11953875
12049506
12145518
12241911
12338685
12435840
12533376
12631293
12729591
12828270
12927330
13026771
13126593
13226796
13327380
13428345
13529691
13631418
13733526
13836015
13938885
14042136
14145768
14249781
14354175
14458950
14564106
14669643
14775561
14881860
14988540
15095601
15203043
15310866
15419070
15527655
15636621
15745968
15855696
15965805
16076295
16187166
16298418
16410051
16522065
16634460
16747236
16860393
16973931
17087850
17202150
17316831
17431893
17547336
17663160
17779365
17895951
18012918
18130266
18247995
18366105
18484596
18603468
18722721
18842355
18962370
19082766
19203543
19324701
19446240
19568160
19690461
19813143
19936206
20059650
20183475
20307681
20432268
20557236
20682585
20808315
20934426
21060918
21187791
21315045
21442680
21570696
21699093
21827871
21957030
22086570
22216491
22346793
22477476
22608540
22739985
22871811
23004018
23136606
23269575
23402925
23536656
23670768
23805261
23940135
24075390
24211026
24347043
24483441
24620220
24757380
24894921
25032843
25171146
25309830
25448895
25588341
25728168
25868376
26008965
26149935
26291286
26433018
26575131
26717625
26860500
27003756
27147393
27291411
27435810
27580590
27725751
382
1146
2292
3820
5730
8022
10696
13752
17190
21010
25212
29796
34762
40110
45840
51952
58446
65322
72580
80220
88242
96646
105432
114600
124150
134082
144396
155092
166170
177630
189472
201696
214302
227290
240660
254412
268546
283062
297960
313240
328902
344946
361372
378180
395370
412942
430896
449232
467950
487050
506532
526396
546642
567270
588280
609672
631446
653602
676140
699060
722362
746046
770112
794560
819390
844602
870196
896172
922530
949270
976392
1003896
1031782
1060050
1088700
1117732
1147146
1176942
1207120
1237680
1268622
1299946
1331652
1363740
1396210
1429062
1462296
1495912
1529910
1564290
1599052
1634196
1669722
1705630
1741920
1778592
1815646
1853082
1890900
1929100
1967682
2006646
2045992
2085720
2125830
2166322
2207196
2248452
2290090
2332110
2374512
2417296
2460462
2504010
2547940
2592252
2636946
2682022
2727480
2773320
2819542
2866146
2913132
2960500
3008250
3056382
3104896
3153792
3203070
3252730
3302772
3353196
3404002
3455190
3506760
3558712
3611046
3663762
3716860
3770340
3824202
3878446
3933072
3988080
4043470
4099242
4155396
4211932
4268850
4326150
4383832
4441896
4500342
4559170
4618380
4677972
4737946
4798302
4859040
4920160
4981662
5043546
5105812
5168460
5231490
5294902
5358696
5422872
5487430
5552370
5617692
5683396
5749482
5815950
5882800
5950032
6017646
6085642
6154020
6222780
6291922
6361446
6431352
6501640
6572310
6643362
6714796
6786612
6858810
6931390
7004352
7077696
7151422
7225530
7300020
7374892
7450146
7525782
7601800
7678200
7754982
7832146
7909692
7987620
8065930
8144622
8223696
8303152
8382990
8463210
8543812
8624796
8706162
8787910
8870040
8952552
9035446
9118722
9202380
9286420
9370842
9455646
9540832
9626400
9712350
9798682
9885396
9972492
10059970
10147830
10236072
10324696
10413702
10503090
10592860
10683012
10773546
10864462
10955760
11047440
11139502
11231946
11324772
11417980
11511570
11605542
11699896
11794632
11889750
11985250
12081132
12177396
12274042
12371070
12468480
12566272
12664446
12763002
12861940
12961260
13060962
13161046
13261512
13362360
13463590
13565202
13667196
13769572
13872330
13975470
14078992
14182896
14287182
14391850
14496900
14602332
14708146
14814342
14920920
15027880
15135222
15242946
15351052
15459540
15568410
15677662
15787296
15897312
16007710
16118490
16229652
16341196
16453122
16565430
16678120
16791192
16904646
17018482
17132700
17247300
17362282
17477646
17593392
17709520
17826030
17942922
18060196
18177852
18295890
18414310
18533112
18652296
18771862
18891810
19012140
19132852
19253946
19375422
19497280
19619520
19742142
19865146
19988532
20112300
20236450
20360982
20485896
20611192
20736870
20862930
20989372
21116196
21243402
21370990
21498960
21627312
21756046
21885162
22014660
22144540
22274802
22405446
22536472
22667880
22799670
22931842
23064396
23197332
23330650
23464350
23598432
23732896
23867742
24002970
24138580
24274572
24410946
24547702
24684840
24822360
24960262
25098546
25237212
25376260
25515690
25655502
25795696
25936272
26077230
26218570
26360292
26502396
26644882
26787750
26931000
27074632
27218646
27363042
27507820
27652980
27798522
27944446
55670197
