491
1473
2946
4910
7365
10311
13748
17676
22095
27005
32406
38298
44681
51555
58920
66776
75123
83961
93290
103110
113421
124223
135516
147300
159575
172341
185598
199346
213585
228315
243536
259248
275451
292145
309330
327006
345173
363831
382980
402620
422751
443373
464486
486090
508185
530771
553848
577416
601475
626025
651066
676598
702621
729135
756140
783636
811623
840101
869070
898530
928481
958923
989856
1021280
1053195
1085601
1118498
1151886
1185765
1220135
1254996
1290348
1326191
1362525
1399350
1436666
1474473
1512771
1551560
1590840
1630611
1670873
1711626
1752870
1794605
1836831
1879548
1922756
1966455
2010645
2055326
2100498
2146161
2192315
2238960
2286096
2333723
2381841
2430450
2479550
2529141
2579223
2629796
2680860
2732415
2784461
2836998
2890026
2943545
2997555
3052056
3107048
3162531
3218505
3274970
3331926
3389373
3447311
3505740
3564660
3624071
3683973
3744366
3805250
3866625
3928491
3990848
4053696
4117035
4180865
4245186
4309998
4375301
4441095
4507380
4574156
4641423
4709181
4777430
4846170
4915401
4985123
5055336
5126040
5197235
5268921
5341098
5413766
5486925
5560575
5634716
5709348
5784471
5860085
5936190
6012786
6089873
6167451
6245520
6324080
6403131
6482673
6562706
6643230
6724245
6805751
6887748
6970236
7053215
7136685
7220646
7305098
7390041
7475475
7561400
7647816
7734723
7822121
7910010
7998390
8087261
8176623
8266476
8356820
8447655
8538981
8630798
8723106
8815905
8909195
9002976
9097248
9192011
9287265
9383010
9479246
9575973
9673191
9770900
9869100
9967791
10066973
10166646
10266810
10367465
10468611
10570248
10672376
10774995
10878105
10981706
11085798
11190381
11295455
11401020
11507076
11613623
11720661
11828190
11936210
12044721
12153723
12263216
12373200
12483675
12594641
12706098
12818046
12930485
13043415
13156836
13270748
13385151
13500045
13615430
13731306
13847673
13964531
14081880
14199720
14318051
14436873
14556186
14675990
14796285
14917071
15038348
15160116
15282375
15405125
15528366
15652098
15776321
15901035
16026240
16151936
16278123
16404801
16531970
16659630
16787781
16916423
17045556
17175180
17305295
17435901
17566998
17698586
17830665
17963235
18096296
18229848
18363891
18498425
18633450
18768966
18904973
19041471
19178460
19315940
19453911
19592373
19731326
19870770
20010705
20151131
20292048
20433456
20575355
20717745
20860626
21003998
21147861
21292215
21437060
21582396
21728223
21874541
22021350
22168650
22316441
22464723
22613496
22762760
22912515
23062761
23213498
23364726
23516445
23668655
23821356
23974548
24128231
24282405
24437070
24592226
24747873
24904011
25060640
25217760
25375371
25533473
25692066
25851150
26010725
26170791
26331348
26492396
26653935
26815965
26978486
27141498
27305001
27468995
27633480
27798456
27963923
28129881
28296330
28463270
28630701
28798623
28967036
29135940
29305335
29475221
29645598
29816466
29987825
30159675
30332016
30504848
30678171
30851985
31026290
31201086
31376373
31552151
31728420
31905180
32082431
32260173
32438406
32617130
32796345
32976051
33156248
33336936
33518115
33699785
33881946
34064598
34247741
34431375
34615500
34800116
34985223
35170821
35356910
35543490
35730561
35918123
36106176
36294720
36483755
36673281
36863298
37053806
37244805
37436295
37628276
37820748
38013711
38207165
38401110
38595546
38790473
38985891
39181800
39378200
39575091
39772473
39970346
40168710
40367565
40566911
40766748
40967076
41167895
41369205
41571006
41773298
41976081
42179355
42383120
42587376
42792123
42997361
43203090
43409310
43616021
43823223
44030916
44239100
44447775
44656941
44866598
45076746
45287385
45498515
45710136
45922248
46134851
46347945
46561530
46775606
46990173
47205231
47420780
47636820
47853351
48070373
48287886
48505890
48724385
48943371
49162848
49382816
49603275
49824225
50045666
50267598
50490021
50712935
50936340
51160236
51384623
51609501
51834870
52060730
52287081
52513923
52741256
52969080
53197395
53426201
53655498
53885286
54115565
54346335
54577596
54809348
55041591
55274325
55507550
55741266
55975473
56210171
56445360
56681040
56917211
57153873
57391026
57628670
57866805
58105431
58344548
58584156
58824255
59064845
59305926
492
1476
2952
4920
7380
10332
13776
17712
22140
27060
32472
38376
44772
51660
59040
66912
75276
84132
93480
103320
113652
124476
135792
147600
159900
172692
185976
199752
214020
228780
244032
259776
276012
292740
309960
327672
345876
364572
383760
403440
423612
444276
465432
487080
509220
531852
554976
578592
602700
627300
652392
677976
704052
730620
757680
785232
813276
841812
870840
900360
930372
960876
991872
1023360
1055340
1087812
1120776
1154232
1188180
1222620
1257552
1292976
1328892
1365300
1402200
1439592
1477476
1515852
1554720
1594080
1633932
1674276
1715112
1756440
1798260
1840572
1883376
1926672
1970460
2014740
2059512
2104776
2150532
2196780
2243520
2290752
2338476
2386692
2435400
2484600
2534292
2584476
2635152
2686320
2737980
2790132
2842776
2895912
2949540
3003660
3058272
3113376
3168972
3225060
3281640
3338712
3396276
3454332
3512880
3571920
3631452
3691476
3751992
3813000
3874500
3936492
3998976
4061952
4125420
4189380
4253832
4318776
4384212
4450140
4516560
4583472
4650876
4718772
4787160
4856040
4925412
4995276
5065632
5136480
5207820
5279652
5351976
5424792
5498100
5571900
5646192
5720976
5796252
5872020
5948280
6025032
6102276
6180012
6258240
6336960
6416172
6495876
6576072
6656760
6737940
6819612
6901776
6984432
7067580
7151220
7235352
7319976
7405092
7490700
7576800
7663392
7750476
7838052
7926120
8014680
8103732
8193276
8283312
8373840
8464860
8556372
8648376
8740872
8833860
8927340
9021312
9115776
9210732
9306180
9402120
9498552
9595476
9692892
9790800
9889200
9988092
10087476
10187352
10287720
10388580
10489932
10591776
10694112
10796940
10900260
11004072
11108376
11213172
11318460
11424240
11530512
11637276
11744532
11852280
11960520
12069252
12178476
12288192
12398400
12509100
12620292
12731976
12844152
12956820
13069980
13183632
13297776
13412412
13527540
13643160
13759272
13875876
13992972
14110560
14228640
14347212
14466276
14585832
14705880
14826420
14947452
15068976
15190992
15313500
15436500
15559992
15683976
15808452
15933420
16058880
16184832
16311276
16438212
16565640
16693560
16821972
16950876
17080272
17210160
17340540
17471412
17602776
17734632
17866980
17999820
18133152
18266976
18401292
18536100
18671400
18807192
18943476
19080252
19217520
19355280
19493532
19632276
19771512
19911240
20051460
20192172
20333376
20475072
20617260
20759940
20903112
21046776
21190932
21335580
21480720
21626352
21772476
21919092
22066200
22213800
22361892
22510476
22659552
22809120
22959180
23109732
23260776
23412312
23564340
23716860
23869872
24023376
24177372
24331860
24486840
24642312
24798276
24954732
25111680
25269120
25427052
25585476
25744392
25903800
26063700
26224092
26384976
26546352
26708220
26870580
27033432
27196776
27360612
27524940
27689760
27855072
28020876
28187172
28353960
28521240
28689012
28857276
29026032
29195280
29365020
29535252
29705976
29877192
30048900
30221100
30393792
30566976
30740652
30914820
31089480
31264632
31440276
31616412
31793040
31970160
32147772
32325876
32504472
32683560
32863140
33043212
33223776
33404832
33586380
33768420
33950952
34133976
34317492
34501500
34686000
34870992
35056476
35242452
35428920
35615880
35803332
35991276
36179712
36368640
36558060
36747972
36938376
37129272
37320660
37512540
37704912
37897776
38091132
38284980
38479320
38674152
38869476
39065292
39261600
39458400
39655692
39853476
40051752
40250520
40449780
40649532
40849776
41050512
41251740
41453460
41655672
41858376
42061572
42265260
42469440
42674112
42879276
43084932
43291080
43497720
43704852
43912476
44120592
44329200
44538300
44747892
44957976
45168552
45379620
45591180
45803232
46015776
46228812
46442340
46656360
46870872
47085876
47301372
47517360
47733840
47950812
48168276
48386232
48604680
48823620
49043052
49262976
49483392
49704300
49925700
50147592
50369976
50592852
50816220
51040080
51264432
51489276
51714612
51940440
52166760
52393572
52620876
52848672
53076960
53305740
53535012
53764776
53995032
54225780
54457020
54688752
54920976
55153692
55386900
55620600
55854792
56089476
56324652
56560320
56796480
57033132
57270276
57507912
57746040
57984660
58223772
58463376
58703472
58944060
59185140
59426712
59668776
118974702
