454
1362
2724
4540
6810
9534
12712
16344
20430
24970
29964
35412
41314
47670
54480
61744
69462
77634
86260
95340
104874
114862
125304
136200
147550
159354
171612
184324
197490
211110
225184
239712
254694
270130
286020
302364
319162
336414
354120
372280
390894
409962
429484
449460
469890
490774
512112
533904
556150
578850
602004
625612
649674
674190
699160
724584
750462
776794
803580
830820
858514
886662
915264
944320
973830
1003794
1034212
1065084
1096410
1128190
1160424
1193112
1226254
1259850
1293900
1328404
1363362
1398774
1434640
1470960
1507734
1544962
1582644
1620780
1659370
1698414
1737912
1777864
1818270
1859130
1900444
1942212
1984434
2027110
2070240
2113824
2157862
2202354
2247300
2292700
2338554
2384862
2431624
2478840
2526510
2574634
2623212
2672244
2721730
2771670
2822064
2872912
2924214
2975970
3028180
3080844
3133962
3187534
3241560
3296040
3350974
3406362
3462204
3518500
3575250
3632454
3690112
3748224
3806790
3865810
3925284
3985212
4045594
4106430
4167720
4229464
4291662
4354314
4417420
4480980
4544994
4609462
4674384
4739760
4805590
4871874
4938612
5005804
5073450
5141550
5210104
5279112
5348574
5418490
5488860
5559684
5630962
5702694
5774880
5847520
5920614
5994162
6068164
6142620
6217530
6292894
6368712
6444984
6521710
6598890
6676524
6754612
6833154
6912150
6991600
7071504
7151862
7232674
7313940
7395660
7477834
7560462
7643544
7727080
7811070
7895514
7980412
8065764
8151570
8237830
8324544
8411712
8499334
8587410
8675940
8764924
8854362
8944254
9034600
9125400
9216654
9308362
9400524
9493140
9586210
9679734
9773712
9868144
9963030
10058370
10154164
10250412
10347114
10444270
10541880
10639944
10738462
10837434
10936860
11036740
11137074
11237862
11339104
11440800
11542950
11645554
11748612
11852124
11956090
12060510
12165384
12270712
12376494
12482730
12589420
12696564
12804162
12912214
13020720
13129680
13239094
13348962
13459284
13570060
13681290
13792974
13905112
14017704
14130750
14244250
14358204
14472612
14587474
14702790
14818560
14934784
15051462
15168594
15286180
15404220
15522714
15641662
15761064
15880920
16001230
16121994
16243212
16364884
16487010
16609590
16732624
16856112
16980054
17104450
17229300
17354604
17480362
17606574
17733240
17860360
17987934
18115962
18244444
18373380
18502770
18632614
18762912
18893664
19024870
19156530
19288644
19421212
19554234
19687710
19821640
19956024
20090862
20226154
20361900
20498100
20634754
20771862
20909424
21047440
21185910
21324834
21464212
21604044
21744330
21885070
22026264
22167912
22310014
22452570
22595580
22739044
22882962
23027334
23172160
23317440
23463174
23609362
23756004
23903100
24050650
24198654
24347112
24496024
24645390
24795210
24945484
25096212
25247394
25399030
25551120
25703664
25856662
26010114
26164020
26318380
26473194
26628462
26784184
26940360
27096990
27254074
27411612
27569604
27728050
27886950
28046304
28206112
28366374
28527090
28688260
28849884
29011962
29174494
29337480
29500920
29664814
29829162
29993964
30159220
30324930
30491094
30657712
30824784
30992310
31160290
31328724
31497612
31666954
31836750
32007000
32177704
32348862
32520474
32692540
32865060
33038034
33211462
33385344
33559680
33734470
33909714
34085412
34261564
34438170
34615230
34792744
34970712
35149134
35328010
35507340
35687124
35867362
36048054
36229200
36410800
36592854
36775362
36958324
37141740
37325610
37509934
37694712
37879944
38065630
38251770
38438364
38625412
38812914
39000870
39189280
39378144
39567462
39757234
39947460
40138140
40329274
40520862
40712904
40905400
41098350
41291754
41485612
41679924
41874690
42069910
42265584
42461712
42658294
42855330
43052820
43250764
43449162
43648014
43847320
44047080
44247294
44447962
44649084
44850660
45052690
45255174
45458112
45661504
45865350
46069650
46274404
46479612
46685274
46891390
454
1362
2724
4540
6810
9534
12712
16344
20430
24970
29964
35412
41314
47670
54480
61744
69462
77634
86260
95340
104874
114862
125304
136200
147550
159354
171612
184324
197490
211110
225184
239712
254694
270130
286020
302364
319162
336414
354120
372280
390894
409962
429484
449460
469890
490774
512112
533904
556150
578850
602004
625612
649674
674190
699160
724584
750462
776794
803580
830820
858514
886662
915264
944320
973830
1003794
1034212
1065084
1096410
1128190
1160424
1193112
1226254
1259850
1293900
1328404
1363362
1398774
1434640
1470960
1507734
1544962
1582644
1620780
1659370
1698414
1737912
1777864
1818270
1859130
1900444
1942212
1984434
2027110
2070240
2113824
2157862
2202354
2247300
2292700
2338554
2384862
2431624
2478840
2526510
2574634
2623212
2672244
2721730
2771670
2822064
2872912
2924214
2975970
3028180
3080844
3133962
3187534
3241560
3296040
3350974
3406362
3462204
3518500
3575250
3632454
3690112
3748224
3806790
3865810
3925284
3985212
4045594
4106430
4167720
4229464
4291662
4354314
4417420
4480980
4544994
4609462
4674384
4739760
4805590
4871874
4938612
5005804
5073450
5141550
5210104
5279112
5348574
5418490
5488860
5559684
5630962
5702694
5774880
5847520
5920614
5994162
6068164
6142620
6217530
6292894
6368712
6444984
6521710
6598890
6676524
6754612
6833154
6912150
6991600
7071504
7151862
7232674
7313940
7395660
7477834
7560462
7643544
7727080
7811070
7895514
7980412
8065764
8151570
8237830
8324544
8411712
8499334
8587410
8675940
8764924
8854362
8944254
9034600
9125400
9216654
9308362
9400524
9493140
9586210
9679734
9773712
9868144
9963030
10058370
10154164
10250412
10347114
10444270
10541880
10639944
10738462
10837434
10936860
11036740
11137074
11237862
11339104
11440800
11542950
11645554
11748612
11852124
11956090
12060510
12165384
12270712
12376494
12482730
12589420
12696564
12804162
12912214
13020720
13129680
13239094
13348962
13459284
13570060
13681290
13792974
13905112
14017704
14130750
14244250
14358204
14472612
14587474
14702790
14818560
14934784
15051462
15168594
15286180
15404220
15522714
15641662
15761064
15880920
16001230
16121994
16243212
16364884
16487010
16609590
16732624
16856112
16980054
17104450
17229300
17354604
17480362
17606574
17733240
17860360
17987934
18115962
18244444
18373380
18502770
18632614
18762912
18893664
19024870
19156530
19288644
19421212
19554234
19687710
19821640
19956024
20090862
20226154
20361900
20498100
20634754
20771862
20909424
21047440
21185910
21324834
21464212
21604044
21744330
21885070
22026264
22167912
22310014
22452570
22595580
22739044
22882962
23027334
23172160
23317440
23463174
23609362
23756004
23903100
24050650
24198654
24347112
24496024
24645390
24795210
24945484
25096212
25247394
25399030
25551120
25703664
25856662
26010114
26164020
26318380
26473194
26628462
26784184
26940360
27096990
27254074
27411612
27569604
27728050
27886950
28046304
28206112
28366374
28527090
28688260
28849884
29011962
29174494
29337480
29500920
29664814
29829162
29993964
30159220
30324930
30491094
30657712
30824784
30992310
31160290
31328724
31497612
31666954
31836750
32007000
32177704
32348862
32520474
32692540
32865060
33038034
33211462
33385344
33559680
33734470
33909714
34085412
34261564
34438170
34615230
34792744
34970712
35149134
35328010
35507340
35687124
35867362
36048054
36229200
36410800
36592854
36775362
36958324
37141740
37325610
37509934
37694712
37879944
38065630
38251770
38438364
38625412
38812914
39000870
39189280
39378144
39567462
39757234
39947460
40138140
40329274
40520862
40712904
40905400
41098350
41291754
41485612
41679924
41874690
42069910
42265584
42461712
42658294
42855330
43052820
43250764
43449162
43648014
43847320
44047080
44247294
44447962
44649084
44850660
45052690
45255174
45458112
45661504
45865350
46069650
46274404
46479612
46685274
46891390
93782780
