151
453
906
1510
2265
3171
4228
5436
6795
8305
9966
11778
13741
15855
18120
20536
23103
25821
28690
31710
34881
38203
41676
45300
49075
53001
57078
61306
65685
70215
74896
79728
84711
89845
95130
100566
106153
111891
117780
123820
130011
136353
142846
149490
156285
163231
170328
177576
184975
192525
200226
208078
216081
224235
232540
240996
249603
258361
267270
276330
285541
294903
304416
314080
323895
333861
343978
354246
364665
375235
385956
396828
407851
419025
430350
441826
453453
465231
477160
489240
501471
513853
526386
539070
551905
564891
578028
591316
604755
618345
632086
645978
660021
674215
688560
703056
717703
732501
747450
762550
777801
793203
808756
824460
840315
856321
872478
888786
905245
921855
938616
955528
972591
989805
1007170
1024686
1042353
1060171
1078140
1096260
1114531
1132953
1151526
1170250
1189125
1208151
1227328
1246656
1266135
1285765
1305546
1325478
1345561
1365795
1386180
1406716
1427403
1448241
1469230
1490370
1511661
1533103
1554696
1576440
1598335
1620381
1642578
1664926
1687425
1710075
1732876
152
456
912
1520
2280
3192
4256
5472
6840
8360
10032
11856
13832
15960
18240
20672
23256
25992
28880
31920
35112
38456
41952
45600
49400
53352
57456
61712
66120
70680
75392
80256
85272
90440
95760
101232
106856
112632
118560
124640
130872
137256
143792
150480
157320
164312
171456
178752
186200
193800
201552
209456
217512
225720
234080
242592
251256
260072
269040
278160
287432
296856
306432
316160
326040
336072
346256
356592
367080
377720
388512
399456
410552
421800
433200
444752
456456
468312
480320
492480
504792
517256
529872
542640
555560
568632
581856
595232
608760
622440
636272
650256
664392
678680
693120
707712
722456
737352
752400
767600
782952
798456
814112
829920
845880
861992
878256
894672
911240
927960
944832
961856
979032
996360
1013840
1031472
1049256
1067192
1085280
1103520
1121912
1140456
1159152
1178000
1197000
1216152
1235456
1254912
1274520
1294280
1314192
1334256
1354472
1374840
1395360
1416032
1436856
1457832
1478960
1500240
1521672
1543256
1564992
1586880
1608920
1631112
1653456
1675952
1698600
1721400
1744352
1767456
3500332
