825
2475
4950
8250
12375
17325
23100
29700
37125
45375
54450
64350
75075
86625
99000
112200
126225
141075
156750
173250
190575
208725
227700
247500
268125
289575
311850
334950
358875
383625
409200
435600
462825
490875
519750
549450
579975
611325
643500
676500
710325
744975
780450
816750
853875
891825
930600
970200
1010625
1051875
1093950
1136850
1180575
1225125
1270500
1316700
1363725
1411575
1460250
1509750
1560075
1611225
1663200
1716000
1769625
1824075
1879350
1935450
1992375
2050125
2108700
2168100
2228325
2289375
2351250
2413950
2477475
2541825
2607000
2673000
2739825
2807475
2875950
2945250
3015375
3086325
3158100
3230700
3304125
3378375
3453450
3529350
3606075
3683625
3762000
3841200
3921225
4002075
4083750
4166250
4249575
4333725
4418700
4504500
4591125
4678575
4766850
4855950
4945875
5036625
5128200
5220600
5313825
5407875
5502750
5598450
5694975
5792325
5890500
5989500
6089325
6189975
6291450
6393750
6496875
6600825
6705600
6811200
6917625
7024875
7132950
7241850
7351575
7462125
7573500
7685700
7798725
7912575
8027250
8142750
8259075
8376225
8494200
8613000
8732625
8853075
8974350
9096450
9219375
9343125
9467700
9593100
9719325
9846375
9974250
10102950
10232475
10362825
10494000
10626000
10758825
10892475
11026950
11162250
11298375
11435325
11573100
11711700
11851125
11991375
12132450
12274350
12417075
12560625
12705000
12850200
12996225
13143075
13290750
13439250
13588575
13738725
13889700
14041500
14194125
14347575
14501850
14656950
14812875
14969625
15127200
15285600
15444825
15604875
15765750
15927450
16089975
16253325
16417500
16582500
16748325
16914975
17082450
17250750
17419875
17589825
17760600
17932200
18104625
18277875
18451950
18626850
18802575
18979125
19156500
19334700
19513725
19693575
19874250
20055750
20238075
20421225
20605200
20790000
20975625
21162075
21349350
21537450
21726375
21916125
22106700
22298100
22490325
22683375
22877250
23071950
23267475
23463825
23661000
23859000
24057825
24257475
24457950
24659250
24861375
25064325
25268100
25472700
25678125
25884375
26091450
26299350
26508075
26717625
26928000
27139200
27351225
27564075
27777750
27992250
28207575
28423725
28640700
28858500
29077125
29296575
29516850
29737950
29959875
30182625
30406200
30630600
30855825
31081875
31308750
31536450
31764975
31994325
32224500
32455500
32687325
32919975
33153450
33387750
33622875
33858825
34095600
34333200
34571625
34810875
35050950
35291850
35533575
35776125
36019500
36263700
36508725
36754575
37001250
37248750
37497075
37746225
37996200
38247000
38498625
38751075
39004350
39258450
39513375
39769125
40025700
40283100
40541325
40800375
41060250
41320950
41582475
41844825
42108000
42372000
42636825
42902475
43168950
43436250
43704375
43973325
44243100
44513700
44785125
45057375
45330450
45604350
45879075
46154625
46431000
46708200
46986225
47265075
47544750
47825250
48106575
48388725
48671700
48955500
49240125
49525575
49811850
50098950
50386875
50675625
50965200
51255600
51546825
51838875
52131750
52425450
52719975
53015325
53311500
53608500
53906325
54204975
54504450
54804750
55105875
55407825
55710600
56014200
56318625
56623875
56929950
57236850
57544575
57853125
58162500
58472700
58783725
59095575
59408250
59721750
60036075
60351225
60667200
60984000
61301625
61620075
61939350
62259450
62580375
62902125
63224700
63548100
63872325
64197375
64523250
64849950
65177475
65505825
65835000
66165000
66495825
66827475
67159950
67493250
67827375
68162325
68498100
68834700
69172125
69510375
69849450
70189350
70530075
70871625
71214000
71557200
71901225
72246075
72591750
72938250
73285575
73633725
73982700
74332500
74683125
75034575
75386850
75739950
76093875
76448625
76804200
77160600
77517825
77875875
78234750
78594450
78954975
79316325
79678500
80041500
80405325
80769975
81135450
81501750
81868875
82236825
82605600
82975200
83345625
83716875
84088950
84461850
84835575
85210125
85585500
85961700
86338725
86716575
87095250
87474750
87855075
88236225
88618200
89001000
89384625
89769075
90154350
90540450
90927375
91315125
91703700
92093100
92483325
92874375
93266250
93658950
94052475
94446825
94842000
95238000
95634825
96032475
96430950
96830250
97230375
97631325
98033100
98435700
98839125
99243375
99648450
100054350
100461075
100868625
101277000
101686200
102096225
102507075
102918750
103331250
103744575
104158725
104573700
104989500
105406125
105823575
106241850
106660950
107080875
107501625
107923200
108345600
108768825
109192875
109617750
110043450
110469975
110897325
111325500
111754500
112184325
112614975
113046450
113478750
113911875
114345825
114780600
115216200
115652625
116089875
116527950
116966850
117406575
117847125
118288500
118730700
119173725
119617575
120062250
120507750
120954075
121401225
121849200
122298000
122747625
123198075
123649350
124101450
124554375
125008125
125462700
125918100
126374325
126831375
127289250
127747950
128207475
128667825
129129000
129591000
130053825
130517475
130981950
131447250
131913375
132380325
132848100
133316700
133786125
134256375
134727450
135199350
135672075
136145625
136620000
137095200
137571225
138048075
138525750
139004250
139483575
139963725
140444700
140926500
141409125
141892575
142376850
142861950
143347875
143834625
144322200
144810600
145299825
145789875
146280750
146772450
147264975
147758325
148252500
148747500
149243325
149739975
150237450
150735750
151234875
151734825
152235600
152737200
153239625
153742875
154246950
154751850
155257575
155764125
156271500
156779700
157288725
157798575
158309250
158820750
159333075
159846225
160360200
160875000
161390625
161907075
162424350
162942450
163461375
163981125
164501700
165023100
165545325
166068375
166592250
167116950
167642475
168168825
168696000
169224000
169752825
170282475
170812950
171344250
171876375
172409325
172943100
173477700
174013125
174549375
175086450
175624350
176163075
176702625
177243000
177784200
178326225
178869075
179412750
179957250
180502575
181048725
181595700
182143500
182692125
183241575
183791850
184342950
184894875
185447625
186001200
186555600
187110825
187666875
188223750
188781450
189339975
189899325
190459500
191020500
191582325
192144975
192708450
193272750
193837875
194403825
194970600
195538200
196106625
196675875
197245950
197816850
198388575
198961125
199534500
200108700
200683725
201259575
201836250
202413750
202992075
203571225
204151200
204732000
205313625
205896075
206479350
207063450
207648375
208234125
208820700
209408100
209996325
210585375
211175250
211765950
212357475
212949825
213543000
214137000
214731825
215327475
215923950
216521250
217119375
217718325
218318100
218918700
219520125
220122375
220725450
221329350
221934075
222539625
223146000
223753200
224361225
224970075
225579750
226190250
226801575
227413725
228026700
228640500
229255125
229870575
230486850
231103950
231721875
232340625
232960200
233580600
234201825
234823875
235446750
236070450
236694975
237320325
237946500
238573500
239201325
239829975
240459450
241089750
241720875
242352825
242985600
243619200
244253625
244888875
245524950
246161850
246799575
247438125
248077500
248717700
249358725
250000575
250643250
251286750
251931075
252576225
253222200
253869000
254516625
255165075
255814350
256464450
257115375
257767125
258419700
259073100
259727325
260382375
261038250
261694950
262352475
263010825
263670000
264330000
264990825
265652475
266314950
266978250
267642375
268307325
268973100
269639700
270307125
270975375
271644450
272314350
272985075
273656625
274329000
275002200
275676225
276351075
277026750
277703250
278380575
279058725
279737700
280417500
281098125
826
2478
4956
8260
12390
17346
23128
29736
37170
45430
54516
64428
75166
86730
99120
112336
126378
141246
156940
173460
190806
208978
227976
247800
268450
289926
312228
335356
359310
384090
409696
436128
463386
491470
520380
550116
580678
612066
644280
677320
711186
745878
781396
817740
854910
892906
931728
971376
1011850
1053150
1095276
1138228
1182006
1226610
1272040
1318296
1365378
1413286
1462020
1511580
1561966
1613178
1665216
1718080
1771770
1826286
1881628
1937796
1994790
2052610
2111256
2170728
2231026
2292150
2354100
2416876
2480478
2544906
2610160
2676240
2743146
2810878
2879436
2948820
3019030
3090066
3161928
3234616
3308130
3382470
3457636
3533628
3610446
3688090
3766560
3845856
3925978
4006926
4088700
4171300
4254726
4338978
4424056
4509960
4596690
4684246
4772628
4861836
4951870
5042730
5134416
5226928
5320266
5414430
5509420
5605236
5701878
5799346
5897640
5996760
6096706
6197478
6299076
6401500
6504750
6608826
6713728
6819456
6926010
7033390
7141596
7250628
7360486
7471170
7582680
7695016
7808178
7922166
8036980
8152620
8269086
8386378
8504496
8623440
8743210
8863806
8985228
9107476
9230550
9354450
9479176
9604728
9731106
9858310
9986340
10115196
10244878
10375386
10506720
10638880
10771866
10905678
11040316
11175780
11312070
11449186
11587128
11725896
11865490
12005910
12147156
12289228
12432126
12575850
12720400
12865776
13011978
13159006
13306860
13455540
13605046
13755378
13906536
14058520
14211330
14364966
14519428
14674716
14830830
14987770
15145536
15304128
15463546
15623790
15784860
15946756
16109478
16273026
16437400
16602600
16768626
16935478
17103156
17271660
17440990
17611146
17782128
17953936
18126570
18300030
18474316
18649428
18825366
19002130
19179720
19358136
19537378
19717446
19898340
20080060
20262606
20445978
20630176
20815200
21001050
21187726
21375228
21563556
21752710
21942690
22133496
22325128
22517586
22710870
22904980
23099916
23295678
23492266
23689680
23887920
24086986
24286878
24487596
24689140
24891510
25094706
25298728
25503576
25709250
25915750
26123076
26331228
26540206
26750010
26960640
27172096
27384378
27597486
27811420
28026180
28241766
28458178
28675416
28893480
29112370
29332086
29552628
29773996
29996190
30219210
30443056
30667728
30893226
31119550
31346700
31574676
31803478
32033106
32263560
32494840
32726946
32959878
33193636
33428220
33663630
33899866
34136928
34374816
34613530
34853070
35093436
35334628
35576646
35819490
36063160
36307656
36552978
36799126
37046100
37293900
37542526
37791978
38042256
38293360
38545290
38798046
39051628
39306036
39561270
39817330
40074216
40331928
40590466
40849830
41110020
41371036
41632878
41895546
42159040
42423360
42688506
42954478
43221276
43488900
43757350
44026626
44296728
44567656
44839410
45111990
45385396
45659628
45934686
46210570
46487280
46764816
47043178
47322366
47602380
47883220
48164886
48447378
48730696
49014840
49299810
49585606
49872228
50159676
50447950
50737050
51026976
51317728
51609306
51901710
52194940
52488996
52783878
53079586
53376120
53673480
53971666
54270678
54570516
54871180
55172670
55474986
55778128
56082096
56386890
56692510
56998956
57306228
57614326
57923250
58233000
58543576
58854978
59167206
59480260
59794140
60108846
60424378
60740736
61057920
61375930
61694766
62014428
62334916
62656230
62978370
63301336
63625128
63949746
64275190
64601460
64928556
65256478
65585226
65914800
66245200
66576426
66908478
67241356
67575060
67909590
68244946
68581128
68918136
69255970
69594630
69934116
70274428
70615566
70957530
71300320
71643936
71988378
72333646
72679740
73026660
73374406
73722978
74072376
74422600
74773650
75125526
75478228
75831756
76186110
76541290
76897296
77254128
77611786
77970270
78329580
78689716
79050678
79412466
79775080
80138520
80502786
80867878
81233796
81600540
81968110
82336506
82705728
83075776
83446650
83818350
84190876
84564228
84938406
85313410
85689240
86065896
86443378
86821686
87200820
87580780
87961566
88343178
88725616
89108880
89492970
89877886
90263628
90650196
91037590
91425810
91814856
92204728
92595426
92986950
93379300
93772476
94166478
94561306
94956960
95353440
95750746
96148878
96547836
96947620
97348230
97749666
98151928
98555016
98958930
99363670
99769236
100175628
100582846
100990890
101399760
101809456
102219978
102631326
103043500
103456500
103870326
104284978
104700456
105116760
105533890
105951846
106370628
106790236
107210670
107631930
108054016
108476928
108900666
109325230
109750620
110176836
110603878
111031746
111460440
111889960
112320306
112751478
113183476
113616300
114049950
114484426
114919728
115355856
115792810
116230590
116669196
117108628
117548886
117989970
118431880
118874616
119318178
119762566
120207780
120653820
121100686
121548378
121996896
122446240
122896410
123347406
123799228
124251876
124705350
125159650
125614776
126070728
126527506
126985110
127443540
127902796
128362878
128823786
129285520
129748080
130211466
130675678
131140716
131606580
132073270
132540786
133009128
133478296
133948290
134419110
134890756
135363228
135836526
136310650
136785600
137261376
137737978
138215406
138693660
139172740
139652646
140133378
140614936
141097320
141580530
142064566
142549428
143035116
143521630
144008970
144497136
144986128
145475946
145966590
146458060
146950356
147443478
147937426
148432200
148927800
149424226
149921478
150419556
150918460
151418190
151918746
152420128
152922336
153425370
153929230
154433916
154939428
155445766
155952930
156460920
156969736
157479378
157989846
158501140
159013260
159526206
160039978
160554576
161070000
161586250
162103326
162621228
163139956
163659510
164179890
164701096
165223128
165745986
166269670
166794180
167319516
167845678
168372666
168900480
169429120
169958586
170488878
171019996
171551940
172084710
172618306
173152728
173687976
174224050
174760950
175298676
175837228
176376606
176916810
177457840
177999696
178542378
179085886
179630220
180175380
180721366
181268178
181815816
182364280
182913570
183463686
184014628
184566396
185118990
185672410
186226656
186781728
187337626
187894350
188451900
189010276
189569478
190129506
190690360
191252040
191814546
192377878
192942036
193507020
194072830
194639466
195206928
195775216
196344330
196914270
197485036
198056628
198629046
199202290
199776360
200351256
200926978
201503526
202080900
202659100
203238126
203817978
204398656
204980160
205562490
206145646
206729628
207314436
207900070
208486530
209073816
209661928
210250866
210840630
211431220
212022636
212614878
213207946
213801840
214396560
214992106
215588478
216185676
216783700
217382550
217982226
218582728
219184056
219786210
220389190
220992996
221597628
222203086
222809370
223416480
224024416
224633178
225242766
225853180
226464420
227076486
227689378
228303096
228917640
229533010
230149206
230766228
231384076
232002750
232622250
233242576
233863728
234485706
235108510
235732140
236356596
236981878
237607986
238234920
238862680
239491266
240120678
240750916
241381980
242013870
242646586
243280128
243914496
244549690
245185710
245822556
246460228
247098726
247738050
248378200
249019176
249660978
250303606
250947060
251591340
252236446
252882378
253529136
254176720
254825130
255474366
256124428
256775316
257427030
258079570
258732936
259387128
260042146
260697990
261354660
262012156
262670478
263329626
263989600
264650400
265312026
265974478
266637756
267301860
267966790
268632546
269299128
269966536
270634770
271303830
271973716
272644428
273315966
273988330
274661520
275335536
276010378
276686046
277362540
278039860
278718006
279396978
280076776
280757400
281438850
282121126
563219251
