544
1632
3264
5440
8160
11424
15232
19584
24480
29920
35904
42432
49504
57120
65280
73984
83232
93024
103360
114240
125664
137632
150144
163200
176800
190944
205632
220864
236640
252960
269824
287232
305184
323680
342720
362304
382432
403104
424320
446080
468384
491232
514624
538560
563040
588064
613632
639744
666400
693600
721344
749632
778464
807840
837760
868224
899232
930784
962880
995520
1028704
1062432
1096704
1131520
1166880
1202784
1239232
1276224
1313760
1351840
1390464
1429632
1469344
1509600
1550400
1591744
1633632
1676064
1719040
1762560
1806624
1851232
1896384
1942080
1988320
2035104
2082432
2130304
2178720
2227680
2277184
2327232
2377824
2428960
2480640
2532864
2585632
2638944
2692800
2747200
2802144
2857632
2913664
2970240
3027360
3085024
3143232
3201984
3261280
3321120
3381504
3442432
3503904
3565920
3628480
3691584
3755232
3819424
3884160
3949440
4015264
4081632
4148544
4216000
4284000
4352544
4421632
4491264
4561440
4632160
4703424
4775232
4847584
4920480
4993920
5067904
5142432
5217504
5293120
5369280
5445984
5523232
5601024
5679360
5758240
5837664
5917632
5998144
6079200
6160800
6242944
6325632
6408864
6492640
6576960
6661824
6747232
6833184
6919680
7006720
7094304
7182432
7271104
7360320
7450080
7540384
7631232
7722624
7814560
7907040
8000064
8093632
8187744
8282400
8377600
8473344
8569632
8666464
8763840
8861760
8960224
9059232
9158784
9258880
9359520
9460704
9562432
9664704
9767520
9870880
9974784
10079232
10184224
10289760
10395840
10502464
10609632
10717344
10825600
10934400
11043744
11153632
11264064
11375040
11486560
11598624
11711232
11824384
11938080
12052320
12167104
12282432
12398304
12514720
12631680
12749184
12867232
12985824
13104960
13224640
13344864
13465632
13586944
13708800
13831200
13954144
14077632
14201664
14326240
14451360
14577024
14703232
14829984
14957280
15085120
15213504
15342432
15471904
15601920
15732480
15863584
15995232
16127424
16260160
16393440
16527264
16661632
16796544
16932000
17068000
17204544
17341632
17479264
17617440
17756160
17895424
18035232
18175584
18316480
18457920
18599904
18742432
18885504
19029120
19173280
19317984
19463232
19609024
19755360
19902240
20049664
20197632
20346144
20495200
20644800
20794944
20945632
21096864
21248640
21400960
21553824
21707232
21861184
22015680
22170720
22326304
22482432
22639104
22796320
22954080
23112384
23271232
23430624
23590560
23751040
23912064
24073632
24235744
24398400
24561600
24725344
24889632
25054464
25219840
25385760
25552224
25719232
25886784
26054880
26223520
26392704
26562432
26732704
26903520
27074880
27246784
27419232
27592224
27765760
27939840
28114464
28289632
28465344
28641600
28818400
28995744
29173632
29352064
29531040
29710560
29890624
30071232
30252384
30434080
30616320
30799104
30982432
31166304
31350720
31535680
31721184
31907232
32093824
32280960
32468640
32656864
32845632
33034944
33224800
33415200
33606144
33797632
33989664
34182240
34375360
34569024
34763232
34957984
35153280
35349120
35545504
35742432
35939904
36137920
36336480
36535584
36735232
36935424
37136160
37337440
37539264
37741632
37944544
38148000
38352000
38556544
38761632
38967264
39173440
39380160
39587424
39795232
40003584
40212480
40421920
40631904
40842432
41053504
41265120
41477280
41689984
41903232
42117024
42331360
42546240
42761664
42977632
43194144
43411200
43628800
43846944
44065632
44284864
44504640
44724960
44945824
45167232
45389184
45611680
45834720
46058304
46282432
46507104
46732320
46958080
47184384
47411232
47638624
47866560
48095040
48324064
48553632
48783744
49014400
49245600
49477344
49709632
49942464
50175840
50409760
50644224
50879232
51114784
51350880
51587520
51824704
52062432
52300704
52539520
52778880
53018784
53259232
53500224
53741760
53983840
54226464
54469632
54713344
54957600
55202400
55447744
55693632
55940064
56187040
56434560
56682624
56931232
57180384
57430080
57680320
57931104
58182432
58434304
58686720
58939680
59193184
59447232
59701824
59956960
60212640
60468864
60725632
60982944
61240800
61499200
61758144
62017632
62277664
62538240
62799360
63061024
63323232
63585984
63849280
64113120
64377504
64642432
64907904
65173920
65440480
65707584
65975232
66243424
66512160
66781440
67051264
67321632
67592544
67864000
68136000
68408544
68681632
68955264
69229440
69504160
69779424
70055232
70331584
70608480
70885920
71163904
71442432
71721504
72001120
72281280
72561984
72843232
73125024
73407360
73690240
73973664
74257632
74542144
74827200
75112800
75398944
75685632
75972864
76260640
76548960
76837824
77127232
77417184
77707680
77998720
78290304
78582432
78875104
79168320
79462080
79756384
80051232
80346624
80642560
544
1632
3264
5440
8160
11424
15232
19584
24480
29920
35904
42432
49504
57120
65280
73984
83232
93024
103360
114240
125664
137632
150144
163200
176800
190944
205632
220864
236640
252960
269824
287232
305184
323680
342720
362304
382432
403104
424320
446080
468384
491232
514624
538560
563040
588064
613632
639744
666400
693600
721344
749632
778464
807840
837760
868224
899232
930784
962880
995520
1028704
1062432
1096704
1131520
1166880
1202784
1239232
1276224
1313760
1351840
1390464
1429632
1469344
1509600
1550400
1591744
1633632
1676064
1719040
1762560
1806624
1851232
1896384
1942080
1988320
2035104
2082432
2130304
2178720
2227680
2277184
2327232
2377824
2428960
2480640
2532864
2585632
2638944
2692800
2747200
2802144
2857632
2913664
2970240
3027360
3085024
3143232
3201984
3261280
3321120
3381504
3442432
3503904
3565920
3628480
3691584
3755232
3819424
3884160
3949440
4015264
4081632
4148544
4216000
4284000
4352544
4421632
4491264
4561440
4632160
4703424
4775232
4847584
4920480
4993920
5067904
5142432
5217504
5293120
5369280
5445984
5523232
5601024
5679360
5758240
5837664
5917632
5998144
6079200
6160800
6242944
6325632
6408864
6492640
6576960
6661824
6747232
6833184
6919680
7006720
7094304
7182432
7271104
7360320
7450080
7540384
7631232
7722624
7814560
7907040
8000064
8093632
8187744
8282400
8377600
8473344
8569632
8666464
8763840
8861760
8960224
9059232
9158784
9258880
9359520
9460704
9562432
9664704
9767520
9870880
9974784
10079232
10184224
10289760
10395840
10502464
10609632
10717344
10825600
10934400
11043744
11153632
11264064
11375040
11486560
11598624
11711232
11824384
11938080
12052320
12167104
12282432
12398304
12514720
12631680
12749184
12867232
12985824
13104960
13224640
13344864
13465632
13586944
13708800
13831200
13954144
14077632
14201664
14326240
14451360
14577024
14703232
14829984
14957280
15085120
15213504
15342432
15471904
15601920
15732480
15863584
15995232
16127424
16260160
16393440
16527264
16661632
16796544
16932000
17068000
17204544
17341632
17479264
17617440
17756160
17895424
18035232
18175584
18316480
18457920
18599904
18742432
18885504
19029120
19173280
19317984
19463232
19609024
19755360
19902240
20049664
20197632
20346144
20495200
20644800
20794944
20945632
21096864
21248640
21400960
21553824
21707232
21861184
22015680
22170720
22326304
22482432
22639104
22796320
22954080
23112384
23271232
23430624
23590560
23751040
23912064
24073632
24235744
24398400
24561600
24725344
24889632
25054464
25219840
25385760
25552224
25719232
25886784
26054880
26223520
26392704
26562432
26732704
26903520
27074880
27246784
27419232
27592224
27765760
27939840
28114464
28289632
28465344
28641600
28818400
28995744
29173632
29352064
29531040
29710560
29890624
30071232
30252384
30434080
30616320
30799104
30982432
31166304
31350720
31535680
31721184
31907232
32093824
32280960
32468640
32656864
32845632
33034944
33224800
33415200
33606144
33797632
33989664
34182240
34375360
34569024
34763232
34957984
35153280
35349120
35545504
35742432
35939904
36137920
36336480
36535584
36735232
36935424
37136160
37337440
37539264
37741632
37944544
38148000
38352000
38556544
38761632
38967264
39173440
39380160
39587424
39795232
40003584
40212480
40421920
40631904
40842432
41053504
41265120
41477280
41689984
41903232
42117024
42331360
42546240
42761664
42977632
43194144
43411200
43628800
43846944
44065632
44284864
44504640
44724960
44945824
45167232
45389184
45611680
45834720
46058304
46282432
46507104
46732320
46958080
47184384
47411232
47638624
47866560
48095040
48324064
48553632
48783744
49014400
49245600
49477344
49709632
49942464
50175840
50409760
50644224
50879232
51114784
51350880
51587520
51824704
52062432
52300704
52539520
52778880
53018784
53259232
53500224
53741760
53983840
54226464
54469632
54713344
54957600
55202400
55447744
55693632
55940064
56187040
56434560
56682624
56931232
57180384
57430080
57680320
57931104
58182432
58434304
58686720
58939680
59193184
59447232
59701824
59956960
60212640
60468864
60725632
60982944
61240800
61499200
61758144
62017632
62277664
62538240
62799360
63061024
63323232
63585984
63849280
64113120
64377504
64642432
64907904
65173920
65440480
65707584
65975232
66243424
66512160
66781440
67051264
67321632
67592544
67864000
68136000
68408544
68681632
68955264
69229440
69504160
69779424
70055232
70331584
70608480
70885920
71163904
71442432
71721504
72001120
72281280
72561984
72843232
73125024
73407360
73690240
73973664
74257632
74542144
74827200
75112800
75398944
75685632
75972864
76260640
76548960
76837824
77127232
77417184
77707680
77998720
78290304
78582432
78875104
79168320
79462080
79756384
80051232
80346624
80642560
161285120
