988
2964
5928
9880
14820
20748
27664
35568
44460
54340
65208
77064
89908
103740
118560
134368
151164
168948
187720
207480
228228
249964
272688
296400
321100
346788
373464
401128
429780
459420
490048
521664
554268
587860
622440
658008
694564
732108
770640
810160
850668
892164
934648
978120
1022580
1068028
1114464
1161888
1210300
1259700
1310088
1361464
1413828
1467180
1521520
1576848
1633164
1690468
1748760
1808040
1868308
1929564
1991808
2055040
2119260
2184468
2250664
2317848
2386020
2455180
2525328
2596464
2668588
2741700
2815800
2890888
2966964
3044028
3122080
3201120
3281148
3362164
3444168
3527160
3611140
3696108
3782064
3869008
3956940
4045860
4135768
4226664
4318548
4411420
4505280
4600128
4695964
4792788
4890600
4989400
5089188
5189964
5291728
5394480
5498220
5602948
5708664
5815368
5923060
6031740
6141408
6252064
6363708
6476340
6589960
6704568
6820164
6936748
7054320
7172880
7292428
7412964
7534488
7657000
7780500
7904988
8030464
8156928
8284380
8412820
8542248
8672664
8804068
8936460
9069840
9204208
9339564
9475908
9613240
9751560
9890868
10031164
10172448
10314720
10457980
10602228
10747464
10893688
11040900
11189100
11338288
11488464
11639628
11791780
11944920
12099048
12254164
12410268
12567360
12725440
12884508
13044564
13205608
13367640
13530660
13694668
13859664
14025648
14192620
14360580
14529528
14699464
14870388
15042300
15215200
15389088
15563964
15739828
15916680
16094520
16273348
16453164
16633968
16815760
16998540
17182308
17367064
17552808
17739540
17927260
18115968
18305664
18496348
18688020
18880680
19074328
19268964
19464588
19661200
19858800
20057388
20256964
20457528
20659080
20861620
21065148
21269664
21475168
21681660
21889140
22097608
22307064
22517508
22728940
22941360
23154768
23369164
23584548
23800920
24018280
24236628
24455964
24676288
24897600
25119900
25343188
25567464
25792728
26018980
26246220
26474448
26703664
26933868
27165060
27397240
27630408
27864564
28099708
28335840
28572960
28811068
29050164
29290248
29531320
29773380
30016428
30260464
30505488
30751500
30998500
31246488
31495464
31745428
31996380
32248320
32501248
32755164
33010068
33265960
33522840
33780708
34039564
34299408
34560240
34822060
35084868
35348664
35613448
35879220
36145980
36413728
36682464
36952188
37222900
37494600
37767288
38040964
38315628
38591280
38867920
39145548
39424164
39703768
39984360
40265940
40548508
40832064
41116608
41402140
41688660
41976168
42264664
42554148
42844620
43136080
43428528
43721964
44016388
44311800
44608200
44905588
45203964
45503328
45803680
46105020
46407348
46710664
47014968
47320260
47626540
47933808
48242064
48551308
48861540
49172760
49484968
49798164
50112348
50427520
50743680
51060828
51378964
51698088
52018200
52339300
52661388
52984464
53308528
53633580
53959620
54286648
54614664
54943668
55273660
55604640
55936608
56269564
56603508
56938440
57274360
57611268
57949164
58288048
58627920
58968780
59310628
59653464
59997288
60342100
60687900
61034688
61382464
61731228
62080980
62431720
62783448
63136164
63489868
63844560
64200240
64556908
64914564
65273208
65632840
65993460
66355068
66717664
67081248
67445820
67811380
68177928
68545464
68913988
69283500
69654000
70025488
70397964
70771428
71145880
71521320
71897748
72275164
72653568
73032960
73413340
73794708
74177064
74560408
74944740
75330060
75716368
76103664
76491948
76881220
77271480
77662728
78054964
78448188
78842400
79237600
79633788
80030964
80429128
80828280
81228420
81629548
82031664
82434768
82838860
83243940
83650008
84057064
84465108
84874140
85284160
85695168
86107164
86520148
86934120
87349080
87765028
88181964
88599888
89018800
89438700
89859588
90281464
90704328
91128180
91553020
91978848
92405664
92833468
93262260
93692040
94122808
94554564
94987308
95421040
95855760
96291468
96728164
97165848
97604520
98044180
98484828
98926464
99369088
99812700
100257300
100702888
101149464
101597028
102045580
102495120
102945648
103397164
103849668
104303160
104757640
105213108
105669564
106127008
106585440
107044860
107505268
107966664
108429048
108892420
109356780
109822128
110288464
110755788
111224100
111693400
112163688
112634964
113107228
113580480
114054720
114529948
115006164
115483368
115961560
116440740
116920908
117402064
117884208
118367340
118851460
119336568
119822664
120309748
120797820
121286880
121776928
122267964
122759988
123253000
123747000
124241988
124737964
125234928
125732880
126231820
126731748
127232664
127734568
128237460
128741340
129246208
129752064
130258908
130766740
131275560
131785368
132296164
132807948
133320720
133834480
134349228
134864964
135381688
135899400
136418100
136937788
137458464
137980128
138502780
139026420
139551048
140076664
140603268
141130860
141659440
142189008
142719564
143251108
143783640
144317160
144851668
145387164
145923648
146461120
146999580
147539028
148079464
148620888
149163300
149706700
150251088
150796464
151342828
151890180
152438520
152987848
153538164
154089468
154641760
155195040
155749308
156304564
156860808
157418040
157976260
158535468
159095664
159656848
160219020
160782180
161346328
161911464
162477588
163044700
163612800
164181888
164751964
165323028
165895080
166468120
167042148
167617164
168193168
168770160
169348140
169927108
170507064
171088008
171669940
172252860
172836768
173421664
174007548
174594420
175182280
175771128
176360964
176951788
177543600
178136400
178730188
179324964
179920728
180517480
181115220
181713948
182313664
182914368
183516060
184118740
184722408
185327064
185932708
186539340
187146960
187755568
188365164
188975748
189587320
190199880
190813428
191427964
192043488
192660000
193277500
193895988
194515464
195135928
195757380
196379820
197003248
197627664
198253068
198879460
199506840
200135208
200764564
201394908
202026240
202658560
203291868
203926164
204561448
205197720
205834980
206473228
207112464
207752688
208393900
209036100
209679288
210323464
210968628
211614780
212261920
212910048
213559164
214209268
214860360
215512440
216165508
216819564
217474608
218130640
218787660
219445668
220104664
220764648
221425620
222087580
222750528
223414464
224079388
224745300
225412200
226080088
226748964
227418828
228089680
228761520
229434348
230108164
230782968
231458760
232135540
232813308
233492064
234171808
234852540
235534260
236216968
236900664
237585348
238271020
238957680
239645328
240333964
241023588
241714200
242405800
243098388
243791964
244486528
245182080
245878620
246576148
247274664
247974168
248674660
249376140
250078608
250782064
251486508
252191940
252898360
253605768
254314164
255023548
255733920
256445280
257157628
257870964
258585288
259300600
260016900
260734188
261452464
262171728
262891980
263613220
264335448
265058664
265782868
266508060
267234240
267961408
268689564
269418708
270148840
270879960
271612068
272345164
273079248
273814320
274550380
275287428
276025464
276764488
277504500
278245500
278987488
279730464
280474428
281219380
281965320
282712248
283460164
284209068
284958960
285709840
286461708
287214564
287968408
288723240
289479060
290235868
290993664
291752448
292512220
293272980
294034728
294797464
295561188
296325900
297091600
297858288
298625964
299394628
300164280
300934920
301706548
302479164
303252768
304027360
304802940
305579508
306357064
307135608
307915140
308695660
309477168
310259664
311043148
311827620
312613080
313399528
314186964
314975388
315764800
316555200
317346588
318138964
318932328
319726680
320522020
321318348
322115664
322913968
323713260
324513540
325314808
326117064
326920308
327724540
328529760
329335968
330143164
330951348
331760520
332570680
333381828
334193964
335007088
335821200
336636300
337452388
338269464
339087528
339906580
340726620
341547648
342369664
343192668
344016660
344841640
345667608
346494564
347322508
348151440
348981360
349812268
350644164
351477048
352310920
353145780
353981628
354818464
355656288
356495100
357334900
358175688
359017464
359860228
360703980
361548720
362394448
363241164
364088868
364937560
365787240
366637908
367489564
368342208
369195840
370050460
370906068
371762664
372620248
373478820
374338380
375198928
376060464
376922988
377786500
378651000
379516488
380382964
381250428
382118880
382988320
383858748
384730164
385602568
386475960
387350340
388225708
389102064
389979408
390857740
391737060
392617368
393498664
394380948
395264220
396148480
397033728
397919964
398807188
399695400
400584600
401474788
402365964
403258128
404151280
405045420
405940548
406836664
407733768
408631860
409530940
410431008
411332064
412234108
413137140
414041160
414946168
415852164
416759148
417667120
418576080
419486028
420396964
421308888
422221800
423135700
424050588
424966464
425883328
426801180
427720020
428639848
429560664
430482468
431405260
432329040
433253808
434179564
435106308
436034040
436962760
437892468
438823164
439754848
440687520
441621180
442555828
443491464
444428088
445365700
446304300
447243888
448184464
449126028
450068580
451012120
451956648
452902164
453848668
454796160
455744640
456694108
457644564
458596008
459548440
460501860
461456268
462411664
463368048
464325420
465283780
466243128
467203464
468164788
469127100
470090400
471054688
472019964
472986228
473953480
474921720
475890948
476861164
477832368
478804560
479777740
480751908
481727064
482703208
988
2964
5928
9880
14820
20748
27664
35568
44460
54340
65208
77064
89908
103740
118560
134368
151164
168948
187720
207480
228228
249964
272688
296400
321100
346788
373464
401128
429780
459420
490048
521664
554268
587860
622440
658008
694564
732108
770640
810160
850668
892164
934648
978120
1022580
1068028
1114464
1161888
1210300
1259700
1310088
1361464
1413828
1467180
1521520
1576848
1633164
1690468
1748760
1808040
1868308
1929564
1991808
2055040
2119260
2184468
2250664
2317848
2386020
2455180
2525328
2596464
2668588
2741700
2815800
2890888
2966964
3044028
3122080
3201120
3281148
3362164
3444168
3527160
3611140
3696108
3782064
3869008
3956940
4045860
4135768
4226664
4318548
4411420
4505280
4600128
4695964
4792788
4890600
4989400
5089188
5189964
5291728
5394480
5498220
5602948
5708664
5815368
5923060
6031740
6141408
6252064
6363708
6476340
6589960
6704568
6820164
6936748
7054320
7172880
7292428
7412964
7534488
7657000
7780500
7904988
8030464
8156928
8284380
8412820
8542248
8672664
8804068
8936460
9069840
9204208
9339564
9475908
9613240
9751560
9890868
10031164
10172448
10314720
10457980
10602228
10747464
10893688
11040900
11189100
11338288
11488464
11639628
11791780
11944920
12099048
12254164
12410268
12567360
12725440
12884508
13044564
13205608
13367640
13530660
13694668
13859664
14025648
14192620
14360580
14529528
14699464
14870388
15042300
15215200
15389088
15563964
15739828
15916680
16094520
16273348
16453164
16633968
16815760
16998540
17182308
17367064
17552808
17739540
17927260
18115968
18305664
18496348
18688020
18880680
19074328
19268964
19464588
19661200
19858800
20057388
20256964
20457528
20659080
20861620
21065148
21269664
21475168
21681660
21889140
22097608
22307064
22517508
22728940
22941360
23154768
23369164
23584548
23800920
24018280
24236628
24455964
24676288
24897600
25119900
25343188
25567464
25792728
26018980
26246220
26474448
26703664
26933868
27165060
27397240
27630408
27864564
28099708
28335840
28572960
28811068
29050164
29290248
29531320
29773380
30016428
30260464
30505488
30751500
30998500
31246488
31495464
31745428
31996380
32248320
32501248
32755164
33010068
33265960
33522840
33780708
34039564
34299408
34560240
34822060
35084868
35348664
35613448
35879220
36145980
36413728
36682464
36952188
37222900
37494600
37767288
38040964
38315628
38591280
38867920
39145548
39424164
39703768
39984360
40265940
40548508
40832064
41116608
41402140
41688660
41976168
42264664
42554148
42844620
43136080
43428528
43721964
44016388
44311800
44608200
44905588
45203964
45503328
45803680
46105020
46407348
46710664
47014968
47320260
47626540
47933808
48242064
48551308
48861540
49172760
49484968
49798164
50112348
50427520
50743680
51060828
51378964
51698088
52018200
52339300
52661388
52984464
53308528
53633580
53959620
54286648
54614664
54943668
55273660
55604640
55936608
56269564
56603508
56938440
57274360
57611268
57949164
58288048
58627920
58968780
59310628
59653464
59997288
60342100
60687900
61034688
61382464
61731228
62080980
62431720
62783448
63136164
63489868
63844560
64200240
64556908
64914564
65273208
65632840
65993460
66355068
66717664
67081248
67445820
67811380
68177928
68545464
68913988
69283500
69654000
70025488
70397964
70771428
71145880
71521320
71897748
72275164
72653568
73032960
73413340
73794708
74177064
74560408
74944740
75330060
75716368
76103664
76491948
76881220
77271480
77662728
78054964
78448188
78842400
79237600
79633788
80030964
80429128
80828280
81228420
81629548
82031664
82434768
82838860
83243940
83650008
84057064
84465108
84874140
85284160
85695168
86107164
86520148
86934120
87349080
87765028
88181964
88599888
89018800
89438700
89859588
90281464
90704328
91128180
91553020
91978848
92405664
92833468
93262260
93692040
94122808
94554564
94987308
95421040
95855760
96291468
96728164
97165848
97604520
98044180
98484828
98926464
99369088
99812700
100257300
100702888
101149464
101597028
102045580
102495120
102945648
103397164
103849668
104303160
104757640
105213108
105669564
106127008
106585440
107044860
107505268
107966664
108429048
108892420
109356780
109822128
110288464
110755788
111224100
111693400
112163688
112634964
113107228
113580480
114054720
114529948
115006164
115483368
115961560
116440740
116920908
117402064
117884208
118367340
118851460
119336568
119822664
120309748
120797820
121286880
121776928
122267964
122759988
123253000
123747000
124241988
124737964
125234928
125732880
126231820
126731748
127232664
127734568
128237460
128741340
129246208
129752064
130258908
130766740
131275560
131785368
132296164
132807948
133320720
133834480
134349228
134864964
135381688
135899400
136418100
136937788
137458464
137980128
138502780
139026420
139551048
140076664
140603268
141130860
141659440
142189008
142719564
143251108
143783640
144317160
144851668
145387164
145923648
146461120
146999580
147539028
148079464
148620888
149163300
149706700
150251088
150796464
151342828
151890180
152438520
152987848
153538164
154089468
154641760
155195040
155749308
156304564
156860808
157418040
157976260
158535468
159095664
159656848
160219020
160782180
161346328
161911464
162477588
163044700
163612800
164181888
164751964
165323028
165895080
166468120
167042148
167617164
168193168
168770160
169348140
169927108
170507064
171088008
171669940
172252860
172836768
173421664
174007548
174594420
175182280
175771128
176360964
176951788
177543600
178136400
178730188
179324964
179920728
180517480
181115220
181713948
182313664
182914368
183516060
184118740
184722408
185327064
185932708
186539340
187146960
187755568
188365164
188975748
189587320
190199880
190813428
191427964
192043488
192660000
193277500
193895988
194515464
195135928
195757380
196379820
197003248
197627664
198253068
198879460
199506840
200135208
200764564
201394908
202026240
202658560
203291868
203926164
204561448
205197720
205834980
206473228
207112464
207752688
208393900
209036100
209679288
210323464
210968628
211614780
212261920
212910048
213559164
214209268
214860360
215512440
216165508
216819564
217474608
218130640
218787660
219445668
220104664
220764648
221425620
222087580
222750528
223414464
224079388
224745300
225412200
226080088
226748964
227418828
228089680
228761520
229434348
230108164
230782968
231458760
232135540
232813308
233492064
234171808
234852540
235534260
236216968
236900664
237585348
238271020
238957680
239645328
240333964
241023588
241714200
242405800
243098388
243791964
244486528
245182080
245878620
246576148
247274664
247974168
248674660
249376140
250078608
250782064
251486508
252191940
252898360
253605768
254314164
255023548
255733920
256445280
257157628
257870964
258585288
259300600
260016900
260734188
261452464
262171728
262891980
263613220
264335448
265058664
265782868
266508060
267234240
267961408
268689564
269418708
270148840
270879960
271612068
272345164
273079248
273814320
274550380
275287428
276025464
276764488
277504500
278245500
278987488
279730464
280474428
281219380
281965320
282712248
283460164
284209068
284958960
285709840
286461708
287214564
287968408
288723240
289479060
290235868
290993664
291752448
292512220
293272980
294034728
294797464
295561188
296325900
297091600
297858288
298625964
299394628
300164280
300934920
301706548
302479164
303252768
304027360
304802940
305579508
306357064
307135608
307915140
308695660
309477168
310259664
311043148
311827620
312613080
313399528
314186964
314975388
315764800
316555200
317346588
318138964
318932328
319726680
320522020
321318348
322115664
322913968
323713260
324513540
325314808
326117064
326920308
327724540
328529760
329335968
330143164
330951348
331760520
332570680
333381828
334193964
335007088
335821200
336636300
337452388
338269464
339087528
339906580
340726620
341547648
342369664
343192668
344016660
344841640
345667608
346494564
347322508
348151440
348981360
349812268
350644164
351477048
352310920
353145780
353981628
354818464
355656288
356495100
357334900
358175688
359017464
359860228
360703980
361548720
362394448
363241164
364088868
364937560
365787240
366637908
367489564
368342208
369195840
370050460
370906068
371762664
372620248
373478820
374338380
375198928
376060464
376922988
377786500
378651000
379516488
380382964
381250428
382118880
382988320
383858748
384730164
385602568
386475960
387350340
388225708
389102064
389979408
390857740
391737060
392617368
393498664
394380948
395264220
396148480
397033728
397919964
398807188
399695400
400584600
401474788
402365964
403258128
404151280
405045420
405940548
406836664
407733768
408631860
409530940
410431008
411332064
412234108
413137140
414041160
414946168
415852164
416759148
417667120
418576080
419486028
420396964
421308888
422221800
423135700
424050588
424966464
425883328
426801180
427720020
428639848
429560664
430482468
431405260
432329040
433253808
434179564
435106308
436034040
436962760
437892468
438823164
439754848
440687520
441621180
442555828
443491464
444428088
445365700
446304300
447243888
448184464
449126028
450068580
451012120
451956648
452902164
453848668
454796160
455744640
456694108
457644564
458596008
459548440
460501860
461456268
462411664
463368048
464325420
465283780
466243128
467203464
468164788
469127100
470090400
471054688
472019964
472986228
473953480
474921720
475890948
476861164
477832368
478804560
479777740
480751908
481727064
482703208
965406416
