80
240
480
800
1200
1680
2240
2880
3600
4400
5280
6240
7280
8400
9600
10880
12240
13680
15200
16800
18480
20240
22080
24000
26000
28080
30240
32480
34800
37200
39680
42240
44880
47600
50400
53280
56240
59280
62400
65600
68880
72240
75680
79200
82800
86480
90240
94080
98000
102000
106080
110240
114480
118800
123200
127680
132240
136880
141600
146400
151280
156240
161280
166400
171600
176880
182240
187680
193200
198800
204480
210240
216080
222000
228000
234080
240240
246480
252800
259200
80
240
480
800
1200
1680
2240
2880
3600
4400
5280
6240
7280
8400
9600
10880
12240
13680
15200
16800
18480
20240
22080
24000
26000
28080
30240
32480
34800
37200
39680
42240
44880
47600
50400
53280
56240
59280
62400
65600
68880
72240
75680
79200
82800
86480
90240
94080
98000
102000
106080
110240
114480
118800
123200
127680
132240
136880
141600
146400
151280
156240
161280
166400
171600
176880
182240
187680
193200
198800
204480
210240
216080
222000
228000
234080
240240
246480
252800
259200
518400
