689
2067
4134
6890
10335
14469
19292
24804
31005
37895
45474
53742
62699
72345
82680
93704
105417
117819
130910
144690
159159
174317
190164
206700
223925
241839
260442
279734
299715
320385
341744
363792
386529
409955
434070
458874
484367
510549
537420
564980
593229
622167
651794
682110
713115
744809
777192
810264
844025
878475
913614
949442
985959
1023165
1061060
1099644
1138917
1178879
1219530
1260870
1302899
1345617
1389024
1433120
1477905
1523379
1569542
1616394
1663935
1712165
1761084
1810692
1860989
1911975
1963650
2016014
2069067
2122809
2177240
2232360
2288169
2344667
2401854
2459730
2518295
2577549
2637492
2698124
2759445
2821455
2884154
2947542
3011619
3076385
3141840
3207984
3274817
3342339
3410550
3479450
3549039
3619317
3690284
3761940
3834285
3907319
3981042
4055454
4130555
4206345
4282824
4359992
4437849
4516395
4595630
4675554
4756167
4837469
4919460
5002140
5085509
5169567
5254314
5339750
5425875
5512689
5600192
5688384
5777265
5866835
5957094
6048042
6139679
6232005
6325020
6418724
6513117
6608199
6703970
6800430
6897579
6995417
7093944
7193160
7293065
7393659
7494942
7596914
7699575
7802925
7906964
8011692
8117109
8223215
8330010
8437494
8545667
8654529
8764080
8874320
8985249
9096867
9209174
9322170
9435855
9550229
9665292
9781044
9897485
10014615
10132434
10250942
10370139
10490025
10610600
10731864
10853817
10976459
11099790
11223810
11348519
11473917
11600004
11726780
11854245
11982399
12111242
12240774
12370995
12501905
12633504
12765792
12898769
13032435
13166790
13301834
13437567
13573989
13711100
13848900
13987389
14126567
14266434
14406990
14548235
14690169
14832792
14976104
15120105
15264795
15410174
15556242
15702999
15850445
15998580
16147404
16296917
16447119
16598010
16749590
16901859
17054817
17208464
17362800
17517825
17673539
17829942
17987034
18144815
18303285
18462444
18622292
18782829
18944055
19105970
19268574
19431867
19595849
19760520
19925880
20091929
20258667
20426094
20594210
20763015
20932509
21102692
21273564
21445125
21617375
21790314
21963942
22138259
22313265
22488960
22665344
22842417
23020179
23198630
23377770
23557599
23738117
23919324
24101220
24283805
24467079
24651042
24835694
25021035
25207065
25393784
25581192
25769289
25958075
26147550
26337714
26528567
26720109
26912340
27105260
27298869
27493167
27688154
27883830
28080195
28277249
28474992
28673424
28872545
29072355
29272854
29474042
29675919
29878485
30081740
30285684
30490317
30695639
30901650
31108350
31315739
31523817
31732584
31942040
32152185
32363019
32574542
32786754
32999655
33213245
33427524
33642492
33858149
34074495
34291530
34509254
34727667
34946769
35166560
35387040
35608209
35830067
36052614
36275850
36499775
36724389
36949692
37175684
37402365
37629735
37857794
38086542
38315979
38546105
38776920
39008424
39240617
39473499
39707070
39941330
40176279
40411917
40648244
40885260
41122965
41361359
41600442
41840214
42080675
42321825
42563664
42806192
43049409
43293315
43537910
43783194
44029167
44275829
44523180
44771220
45019949
45269367
45519474
45770270
46021755
46273929
46526792
46780344
47034585
47289515
47545134
47801442
48058439
48316125
48574500
48833564
49093317
49353759
49614890
49876710
50139219
50402417
50666304
50930880
51196145
51462099
51728742
51996074
52264095
52532805
52802204
53072292
53343069
53614535
53886690
54159534
54433067
54707289
54982200
55257800
55534089
55811067
56088734
56367090
56646135
56925869
57206292
57487404
57769205
58051695
58334874
58618742
58903299
59188545
59474480
59761104
60048417
60336419
60625110
60914490
61204559
61495317
61786764
62078900
62371725
62665239
62959442
63254334
63549915
63846185
64143144
64440792
64739129
65038155
65337870
65638274
65939367
66241149
66543620
66846780
67150629
67455167
67760394
68066310
68372915
68680209
68988192
69296864
69606225
69916275
70227014
70538442
70850559
71163365
71476860
71791044
72105917
72421479
72737730
73054670
73372299
73690617
74009624
74329320
74649705
74970779
75292542
75614994
75938135
76261965
76586484
76911692
77237589
77564175
77891450
78219414
78548067
78877409
79207440
79538160
79869569
80201667
80534454
80867930
81202095
81536949
81872492
82208724
82545645
82883255
83221554
83560542
83900219
84240585
84581640
84923384
85265817
85608939
85952750
86297250
86642439
86988317
87334884
87682140
88030085
88378719
88728042
89078054
89428755
89780145
90132224
90484992
90838449
91192595
91547430
91902954
92259167
92616069
92973660
93331940
93690909
94050567
94410914
94771950
95133675
95496089
95859192
96222984
96587465
96952635
97318494
97685042
98052279
98420205
98788820
99158124
99528117
99898799
100270170
100642230
101014979
101388417
101762544
102137360
102512865
102889059
103265942
103643514
104021775
104400725
104780364
105160692
105541709
105923415
106305810
106688894
107072667
107457129
107842280
108228120
108614649
109001867
109389774
109778370
110167655
110557629
110948292
111339644
111731685
112124415
112517834
112911942
113306739
113702225
114098400
114495264
114892817
115291059
115689990
116089610
116489919
116890917
117292604
117694980
118098045
118501799
118906242
119311374
119717195
120123705
120530904
120938792
121347369
121756635
122166590
122577234
122988567
123400589
123813300
124226700
124640789
125055567
125471034
125887190
126304035
126721569
127139792
127558704
127978305
128398595
128819574
129241242
129663599
130086645
130510380
130934804
131359917
131785719
132212210
132639390
133067259
133495817
133925064
134355000
134785625
135216939
135648942
136081634
136515015
136949085
137383844
137819292
138255429
138692255
139129770
139567974
140006867
140446449
140886720
141327680
141769329
142211667
142654694
143098410
143542815
143987909
144433692
144880164
145327325
145775175
146223714
146672942
147122859
147573465
148024760
148476744
148929417
149382779
149836830
150291570
150746999
151203117
151659924
152117420
152575605
153034479
153494042
153954294
154415235
154876865
155339184
155802192
156265889
156730275
157195350
157661114
158127567
158594709
159062540
159531060
160000269
160470167
160940754
161412030
161883995
162356649
162829992
163304024
163778745
690
2070
4140
6900
10350
14490
19320
24840
31050
37950
45540
53820
62790
72450
82800
93840
105570
117990
131100
144900
159390
174570
190440
207000
224250
242190
260820
280140
300150
320850
342240
364320
387090
410550
434700
459540
485070
511290
538200
565800
594090
623070
652740
683100
714150
745890
778320
811440
845250
879750
914940
950820
987390
1024650
1062600
1101240
1140570
1180590
1221300
1262700
1304790
1347570
1391040
1435200
1480050
1525590
1571820
1618740
1666350
1714650
1763640
1813320
1863690
1914750
1966500
2018940
2072070
2125890
2180400
2235600
2291490
2348070
2405340
2463300
2521950
2581290
2641320
2702040
2763450
2825550
2888340
2951820
3015990
3080850
3146400
3212640
3279570
3347190
3415500
3484500
3554190
3624570
3695640
3767400
3839850
3912990
3986820
4061340
4136550
4212450
4289040
4366320
4444290
4522950
4602300
4682340
4763070
4844490
4926600
5009400
5092890
5177070
5261940
5347500
5433750
5520690
5608320
5696640
5785650
5875350
5965740
6056820
6148590
6241050
6334200
6428040
6522570
6617790
6713700
6810300
6907590
7005570
7104240
7203600
7303650
7404390
7505820
7607940
7710750
7814250
7918440
8023320
8128890
8235150
8342100
8449740
8558070
8667090
8776800
8887200
8998290
9110070
9222540
9335700
9449550
9564090
9679320
9795240
9911850
10029150
10147140
10265820
10385190
10505250
10626000
10747440
10869570
10992390
11115900
11240100
11364990
11490570
11616840
11743800
11871450
11999790
12128820
12258540
12388950
12520050
12651840
12784320
12917490
13051350
13185900
13321140
13457070
13593690
13731000
13869000
14007690
14147070
14287140
14427900
14569350
14711490
14854320
14997840
15142050
15286950
15432540
15578820
15725790
15873450
16021800
16170840
16320570
16470990
16622100
16773900
16926390
17079570
17233440
17388000
17543250
17699190
17855820
18013140
18171150
18329850
18489240
18649320
18810090
18971550
19133700
19296540
19460070
19624290
19789200
19954800
20121090
20288070
20455740
20624100
20793150
20962890
21133320
21304440
21476250
21648750
21821940
21995820
22170390
22345650
22521600
22698240
22875570
23053590
23232300
23411700
23591790
23772570
23954040
24136200
24319050
24502590
24686820
24871740
25057350
25243650
25430640
25618320
25806690
25995750
26185500
26375940
26567070
26758890
26951400
27144600
27338490
27533070
27728340
27924300
28120950
28318290
28516320
28715040
28914450
29114550
29315340
29516820
29718990
29921850
30125400
30329640
30534570
30740190
30946500
31153500
31361190
31569570
31778640
31988400
32198850
32409990
32621820
32834340
33047550
33261450
33476040
33691320
33907290
34123950
34341300
34559340
34778070
34997490
35217600
35438400
35659890
35882070
36104940
36328500
36552750
36777690
37003320
37229640
37456650
37684350
37912740
38141820
38371590
38602050
38833200
39065040
39297570
39530790
39764700
39999300
40234590
40470570
40707240
40944600
41182650
41421390
41660820
41900940
42141750
42383250
42625440
42868320
43111890
43356150
43601100
43846740
44093070
44340090
44587800
44836200
45085290
45335070
45585540
45836700
46088550
46341090
46594320
46848240
47102850
47358150
47614140
47870820
48128190
48386250
48645000
48904440
49164570
49425390
49686900
49949100
50211990
50475570
50739840
51004800
51270450
51536790
51803820
52071540
52339950
52609050
52878840
53149320
53420490
53692350
53964900
54238140
54512070
54786690
55062000
55338000
55614690
55892070
56170140
56448900
56728350
57008490
57289320
57570840
57853050
58135950
58419540
58703820
58988790
59274450
59560800
59847840
60135570
60423990
60713100
61002900
61293390
61584570
61876440
62169000
62462250
62756190
63050820
63346140
63642150
63938850
64236240
64534320
64833090
65132550
65432700
65733540
66035070
66337290
66640200
66943800
67248090
67553070
67858740
68165100
68472150
68779890
69088320
69397440
69707250
70017750
70328940
70640820
70953390
71266650
71580600
71895240
72210570
72526590
72843300
73160700
73478790
73797570
74117040
74437200
74758050
75079590
75401820
75724740
76048350
76372650
76697640
77023320
77349690
77676750
78004500
78332940
78662070
78991890
79322400
79653600
79985490
80318070
80651340
80985300
81319950
81655290
81991320
82328040
82665450
83003550
83342340
83681820
84021990
84362850
84704400
85046640
85389570
85733190
86077500
86422500
86768190
87114570
87461640
87809400
88157850
88506990
88856820
89207340
89558550
89910450
90263040
90616320
90970290
91324950
91680300
92036340
92393070
92750490
93108600
93467400
93826890
94187070
94547940
94909500
95271750
95634690
95998320
96362640
96727650
97093350
97459740
97826820
98194590
98563050
98932200
99302040
99672570
100043790
100415700
100788300
101161590
101535570
101910240
102285600
102661650
103038390
103415820
103793940
104172750
104552250
104932440
105313320
105694890
106077150
106460100
106843740
107228070
107613090
107998800
108385200
108772290
109160070
109548540
109937700
110327550
110718090
111109320
111501240
111893850
112287150
112681140
113075820
113471190
113867250
114264000
114661440
115059570
115458390
115857900
116258100
116658990
117060570
117462840
117865800
118269450
118673790
119078820
119484540
119890950
120298050
120705840
121114320
121523490
121933350
122343900
122755140
123167070
123579690
123993000
124407000
124821690
125237070
125653140
126069900
126487350
126905490
127324320
127743840
128164050
128584950
129006540
129428820
129851790
130275450
130699800
131124840
131550570
131976990
132404100
132831900
133260390
133689570
134119440
134550000
134981250
135413190
135845820
136279140
136713150
137147850
137583240
138019320
138456090
138893550
139331700
139770540
140210070
140650290
141091200
141532800
141975090
142418070
142861740
143306100
143751150
144196890
144643320
145090440
145538250
145986750
146435940
146885820
147336390
147787650
148239600
148692240
149145570
149599590
150054300
150509700
150965790
151422570
151880040
152338200
152797050
153256590
153716820
154177740
154639350
155101650
155564640
156028320
156492690
156957750
157423500
157889940
158357070
158824890
159293400
159762600
160232490
160703070
161174340
161646300
162118950
162592290
163066320
163541040
164016450
164492550
328271295
