143
429
858
1430
2145
3003
4004
5148
6435
7865
9438
11154
13013
15015
17160
19448
21879
24453
27170
30030
33033
36179
39468
42900
46475
50193
54054
58058
62205
66495
70928
75504
80223
85085
90090
95238
100529
105963
111540
117260
123123
129129
135278
141570
148005
154583
161304
168168
175175
182325
189618
197054
204633
212355
220220
228228
236379
244673
253110
261690
270413
279279
288288
297440
306735
316173
325754
335478
345345
355355
365508
375804
386243
396825
407550
418418
429429
440583
451880
463320
474903
486629
498498
510510
522665
534963
547404
559988
572715
585585
598598
611754
625053
638495
652080
665808
679679
693693
707850
722150
736593
751179
765908
780780
795795
810953
826254
841698
857285
873015
888888
904904
921063
937365
953810
970398
987129
1004003
1021020
1038180
1055483
1072929
1090518
1108250
1126125
1144143
1162304
1180608
1199055
1217645
1236378
1255254
1274273
1293435
1312740
1332188
1351779
1371513
1391390
1411410
1431573
1451879
1472328
144
432
864
1440
2160
3024
4032
5184
6480
7920
9504
11232
13104
15120
17280
19584
22032
24624
27360
30240
33264
36432
39744
43200
46800
50544
54432
58464
62640
66960
71424
76032
80784
85680
90720
95904
101232
106704
112320
118080
123984
130032
136224
142560
149040
155664
162432
169344
176400
183600
190944
198432
206064
213840
221760
229824
238032
246384
254880
263520
272304
281232
290304
299520
308880
318384
328032
337824
347760
357840
368064
378432
388944
399600
410400
421344
432432
443664
455040
466560
478224
490032
501984
514080
526320
538704
551232
563904
576720
589680
602784
616032
629424
642960
656640
670464
684432
698544
712800
727200
741744
756432
771264
786240
801360
816624
832032
847584
863280
879120
895104
911232
927504
943920
960480
977184
994032
1011024
1028160
1045440
1062864
1080432
1098144
1116000
1134000
1152144
1170432
1188864
1207440
1226160
1245024
1264032
1283184
1302480
1321920
1341504
1361232
1381104
1401120
1421280
1441584
1462032
1482624
1503360
2975688
