407
1221
2442
4070
6105
8547
11396
14652
18315
22385
26862
31746
37037
42735
48840
55352
62271
69597
77330
85470
94017
102971
112332
122100
132275
142857
153846
165242
177045
189255
201872
214896
228327
242165
256410
271062
286121
301587
317460
333740
350427
367521
385022
402930
421245
439967
459096
478632
498575
518925
539682
560846
582417
604395
626780
649572
672771
696377
720390
744810
769637
794871
820512
846560
873015
899877
927146
954822
982905
1011395
1040292
1069596
1099307
1129425
1159950
1190882
1222221
1253967
1286120
1318680
1351647
1385021
1418802
1452990
1487585
1522587
1557996
1593812
1630035
1666665
1703702
1741146
1778997
1817255
1855920
1894992
1934471
1974357
2014650
2055350
2096457
2137971
2179892
2222220
2264955
2308097
2351646
2395602
2439965
2484735
2529912
2575496
2621487
2667885
2714690
2761902
2809521
2857547
2905980
2954820
3004067
3053721
3103782
3154250
3205125
3256407
3308096
3360192
3412695
3465605
3518922
3572646
3626777
3681315
3736260
3791612
3847371
3903537
3960110
4017090
4074477
4132271
4190472
4249080
4308095
4367517
4427346
4487582
4548225
4609275
4670732
4732596
4794867
4857545
4920630
4984122
5048021
5112327
5177040
5242160
5307687
5373621
5439962
5506710
5573865
5641427
5709396
5777772
5846555
5915745
5985342
6055346
6125757
6196575
6267800
6339432
6411471
6483917
6556770
6630030
6703697
6777771
6852252
6927140
7002435
7078137
7154246
7230762
7307685
7385015
7462752
7540896
7619447
7698405
7777770
7857542
7937721
8018307
8099300
8180700
8262507
8344721
8427342
8510370
8593805
8677647
8761896
8846552
8931615
9017085
9102962
9189246
9275937
9363035
9450540
9538452
9626771
9715497
9804630
9894170
9984117
10074471
10165232
10256400
10347975
10439957
10532346
10625142
10718345
10811955
10905972
11000396
11095227
11190465
11286110
11382162
11478621
11575487
11672760
11770440
11868527
11967021
12065922
12165230
12264945
12365067
12465596
12566532
12667875
12769625
12871782
12974346
13077317
13180695
13284480
13388672
13493271
13598277
13703690
13809510
13915737
14022371
14129412
14236860
14344715
14452977
14561646
14670722
14780205
14890095
15000392
15111096
15222207
15333725
15445650
15557982
15670721
15783867
15897420
16011380
16125747
16240521
16355702
16471290
16587285
16703687
16820496
16937712
17055335
17173365
17291802
17410646
17529897
17649555
17769620
17890092
18010971
18132257
18253950
18376050
18498557
18621471
18744792
18868520
18992655
19117197
19242146
19367502
19493265
19619435
19746012
19872996
20000387
20128185
20256390
20385002
20514021
20643447
20773280
20903520
21034167
21165221
21296682
21428550
21560825
21693507
21826596
21960092
22093995
22228305
22363022
22498146
22633677
22769615
22905960
23042712
23179871
23317437
23455410
23593790
23732577
23871771
24011372
24151380
24291795
24432617
24573846
24715482
24857525
24999975
25142832
25286096
25429767
25573845
25718330
25863222
26008521
26154227
26300340
26446860
26593787
26741121
26888862
27037010
27185565
27334527
27483896
27633672
27783855
27934445
28085442
28236846
28388657
28540875
28693500
28846532
28999971
29153817
29308070
29462730
29617797
29773271
29929152
30085440
30242135
30399237
30556746
30714662
30872985
31031715
31190852
31350396
31510347
31670705
31831470
31992642
32154221
32316207
32478600
32641400
32804607
32968221
33132242
33296670
33461505
33626747
33792396
408
1224
2448
4080
6120
8568
11424
14688
18360
22440
26928
31824
37128
42840
48960
55488
62424
69768
77520
85680
94248
103224
112608
122400
132600
143208
154224
165648
177480
189720
202368
215424
228888
242760
257040
271728
286824
302328
318240
334560
351288
368424
385968
403920
422280
441048
460224
479808
499800
520200
541008
562224
583848
605880
628320
651168
674424
698088
722160
746640
771528
796824
822528
848640
875160
902088
929424
957168
985320
1013880
1042848
1072224
1102008
1132200
1162800
1193808
1225224
1257048
1289280
1321920
1354968
1388424
1422288
1456560
1491240
1526328
1561824
1597728
1634040
1670760
1707888
1745424
1783368
1821720
1860480
1899648
1939224
1979208
2019600
2060400
2101608
2143224
2185248
2227680
2270520
2313768
2357424
2401488
2445960
2490840
2536128
2581824
2627928
2674440
2721360
2768688
2816424
2864568
2913120
2962080
3011448
3061224
3111408
3162000
3213000
3264408
3316224
3368448
3421080
3474120
3527568
3581424
3635688
3690360
3745440
3800928
3856824
3913128
3969840
4026960
4084488
4142424
4200768
4259520
4318680
4378248
4438224
4498608
4559400
4620600
4682208
4744224
4806648
4869480
4932720
4996368
5060424
5124888
5189760
5255040
5320728
5386824
5453328
5520240
5587560
5655288
5723424
5791968
5860920
5930280
6000048
6070224
6140808
6211800
6283200
6355008
6427224
6499848
6572880
6646320
6720168
6794424
6869088
6944160
7019640
7095528
7171824
7248528
7325640
7403160
7481088
7559424
7638168
7717320
7796880
7876848
7957224
8038008
8119200
8200800
8282808
8365224
8448048
8531280
8614920
8698968
8783424
8868288
8953560
9039240
9125328
9211824
9298728
9386040
9473760
9561888
9650424
9739368
9828720
9918480
10008648
10099224
10190208
10281600
10373400
10465608
10558224
10651248
10744680
10838520
10932768
11027424
11122488
11217960
11313840
11410128
11506824
11603928
11701440
11799360
11897688
11996424
12095568
12195120
12295080
12395448
12496224
12597408
12699000
12801000
12903408
13006224
13109448
13213080
13317120
13421568
13526424
13631688
13737360
13843440
13949928
14056824
14164128
14271840
14379960
14488488
14597424
14706768
14816520
14926680
15037248
15148224
15259608
15371400
15483600
15596208
15709224
15822648
15936480
16050720
16165368
16280424
16395888
16511760
16628040
16744728
16861824
16979328
17097240
17215560
17334288
17453424
17572968
17692920
17813280
17934048
18055224
18176808
18298800
18421200
18544008
18667224
18790848
18914880
19039320
19164168
19289424
19415088
19541160
19667640
19794528
19921824
20049528
20177640
20306160
20435088
20564424
20694168
20824320
20954880
21085848
21217224
21349008
21481200
21613800
21746808
21880224
22014048
22148280
22282920
22417968
22553424
22689288
22825560
22962240
23099328
23236824
23374728
23513040
23651760
23790888
23930424
24070368
24210720
24351480
24492648
24634224
24776208
24918600
25061400
25204608
25348224
25492248
25636680
25781520
25926768
26072424
26218488
26364960
26511840
26659128
26806824
26954928
27103440
27252360
27401688
27551424
27701568
27852120
28003080
28154448
28306224
28458408
28611000
28764000
28917408
29071224
29225448
29380080
29535120
29690568
29846424
30002688
30159360
30316440
30473928
30631824
30790128
30948840
31107960
31267488
31427424
31587768
31748520
31909680
32071248
32233224
32395608
32558400
32721600
32885208
33049224
33213648
33378480
33543720
33709368
33875424
34041888
67834284
