721
2163
4326
7210
10815
15141
20188
25956
32445
39655
47586
56238
65611
75705
86520
98056
110313
123291
136990
151410
166551
182413
198996
216300
234325
253071
272538
292726
313635
335265
357616
380688
404481
428995
454230
480186
506863
534261
562380
591220
620781
651063
682066
713790
746235
779401
813288
847896
883225
919275
956046
993538
1031751
1070685
1110340
1150716
1191813
1233631
1276170
1319430
1363411
1408113
1453536
1499680
1546545
1594131
1642438
1691466
1741215
1791685
1842876
1894788
1947421
2000775
2054850
2109646
2165163
2221401
2278360
2336040
2394441
2453563
2513406
2573970
2635255
2697261
2759988
2823436
2887605
2952495
3018106
3084438
3151491
3219265
3287760
3356976
3426913
3497571
3568950
3641050
3713871
3787413
3861676
3936660
4012365
4088791
4165938
4243806
4322395
4401705
4481736
4562488
4643961
4726155
4809070
4892706
4977063
5062141
5147940
5234460
5321701
5409663
5498346
5587750
5677875
5768721
5860288
5952576
6045585
6139315
6233766
6328938
6424831
6521445
6618780
6716836
6815613
6915111
7015330
7116270
7217931
7320313
7423416
7527240
7631785
7737051
7843038
7949746
8057175
8165325
8274196
8383788
8494101
8605135
8716890
8829366
8942563
9056481
9171120
9286480
9402561
9519363
9636886
9755130
9874095
9993781
10114188
10235316
10357165
10479735
10603026
10727038
10851771
10977225
11103400
11230296
11357913
11486251
11615310
11745090
11875591
12006813
12138756
12271420
12404805
12538911
12673738
12809286
12945555
13082545
13220256
13358688
13497841
13637715
13778310
13919626
14061663
14204421
14347900
14492100
14637021
14782663
14929026
15076110
15223915
15372441
15521688
15671656
15822345
15973755
16125886
16278738
16432311
16586605
16741620
16897356
17053813
17210991
17368890
17527510
17686851
17846913
18007696
18169200
18331425
18494371
18658038
18822426
18987535
19153365
19319916
19487188
19655181
19823895
19993330
20163486
20334363
20505961
20678280
20851320
21025081
21199563
21374766
21550690
21727335
21904701
22082788
22261596
22441125
22621375
22802346
22984038
23166451
23349585
23533440
23718016
23903313
24089331
24276070
24463530
24651711
24840613
25030236
25220580
25411645
25603431
25795938
25989166
26183115
26377785
26573176
26769288
26966121
27163675
27361950
27560946
27760663
27961101
28162260
28364140
28566741
28770063
28974106
29178870
29384355
29590561
29797488
30005136
30213505
30422595
30632406
30842938
31054191
31266165
31478860
31692276
31906413
32121271
32336850
32553150
32770171
32987913
33206376
33425560
33645465
33866091
34087438
34309506
34532295
34755805
34980036
35204988
35430661
35657055
35884170
36112006
36340563
36569841
36799840
37030560
37262001
37494163
37727046
37960650
38194975
38430021
38665788
38902276
39139485
39377415
39616066
39855438
40095531
40336345
40577880
40820136
41063113
41306811
41551230
41796370
42042231
42288813
42536116
42784140
43032885
43282351
43532538
43783446
44035075
44287425
44540496
44794288
45048801
45304035
45559990
45816666
46074063
46332181
46591020
46850580
47110861
47371863
47633586
47896030
48159195
48423081
48687688
48953016
49219065
49485835
49753326
50021538
50290471
50560125
50830500
51101596
51373413
51645951
51919210
52193190
52467891
52743313
53019456
53296320
53573905
53852211
54131238
54410986
54691455
54972645
55254556
55537188
55820541
56104615
56389410
56674926
56961163
57248121
57535800
57824200
58113321
58403163
58693726
58985010
59277015
59569741
59863188
60157356
60452245
60747855
61044186
61341238
61639011
61937505
62236720
62536656
62837313
63138691
63440790
63743610
64047151
64351413
64656396
64962100
65268525
65575671
65883538
66192126
66501435
66811465
67122216
67433688
67745881
68058795
68372430
68686786
69001863
69317661
69634180
69951420
70269381
70588063
70907466
71227590
71548435
71870001
72192288
72515296
72839025
73163475
73488646
73814538
74141151
74468485
74796540
75125316
75454813
75785031
76115970
76447630
76780011
77113113
77446936
77781480
78116745
78452731
78789438
79126866
79465015
79803885
80143476
80483788
80824821
81166575
81509050
81852246
82196163
82540801
82886160
83232240
83579041
83926563
84274806
84623770
84973455
85323861
85674988
86026836
86379405
86732695
87086706
87441438
87796891
88153065
88509960
88867576
89225913
89584971
89944750
90305250
90666471
91028413
91391076
91754460
92118565
92483391
92848938
93215206
93582195
93949905
94318336
94687488
95057361
95427955
95799270
96171306
96544063
96917541
97291740
97666660
98042301
98418663
98795746
99173550
99552075
99931321
100311288
100691976
101073385
101455515
101838366
102221938
102606231
102991245
103376980
103763436
104150613
104538511
104927130
105316470
105706531
106097313
106488816
106881040
107273985
107667651
108062038
108457146
108852975
109249525
109646796
110044788
110443501
110842935
111243090
111643966
112045563
112447881
112850920
113254680
113659161
114064363
114470286
114876930
115284295
115692381
116101188
116510716
116920965
117331935
117743626
118156038
118569171
118983025
119397600
119812896
120228913
120645651
121063110
121481290
121900191
122319813
122740156
123161220
123583005
124005511
124428738
124852686
125277355
125702745
126128856
126555688
126983241
127411515
127840510
128270226
128700663
129131821
129563700
129996300
130429621
130863663
131298426
131733910
132170115
132607041
133044688
133483056
133922145
134361955
134802486
135243738
135685711
136128405
136571820
137015956
137460813
137906391
138352690
138799710
139247451
139695913
140145096
140595000
141045625
141496971
141949038
142401826
142855335
143309565
143764516
144220188
144676581
145133695
145591530
146050086
146509363
146969361
147430080
147891520
148353681
148816563
149280166
149744490
150209535
150675301
151141788
151608996
152076925
152545575
153014946
153485038
153955851
154427385
154899640
155372616
155846313
156320731
156795870
157271730
157748311
158225613
158703636
159182380
159661845
160142031
160622938
161104566
161586915
162069985
162553776
163038288
163523521
164009475
164496150
164983546
165471663
165960501
166450060
166940340
167431341
167923063
168415506
168908670
169402555
169897161
170392488
170888536
171385305
171882795
172381006
172879938
173379591
173879965
174381060
174882876
175385413
175888671
176392650
176897350
177402771
177908913
178415776
178923360
179431665
179940691
180450438
180960906
181472095
181984005
182496636
183009988
183524061
184038855
184554370
185070606
185587563
186105241
186623640
187142760
187662601
722
2166
4332
7220
10830
15162
20216
25992
32490
39710
47652
56316
65702
75810
86640
98192
110466
123462
137180
151620
166782
182666
199272
216600
234650
253422
272916
293132
314070
335730
358112
381216
405042
429590
454860
480852
507566
535002
563160
592040
621642
651966
683012
714780
747270
780482
814416
849072
884450
920550
957372
994916
1033182
1072170
1111880
1152312
1193466
1235342
1277940
1321260
1365302
1410066
1455552
1501760
1548690
1596342
1644716
1693812
1743630
1794170
1845432
1897416
1950122
2003550
2057700
2112572
2168166
2224482
2281520
2339280
2397762
2456966
2516892
2577540
2638910
2701002
2763816
2827352
2891610
2956590
3022292
3088716
3155862
3223730
3292320
3361632
3431666
3502422
3573900
3646100
3719022
3792666
3867032
3942120
4017930
4094462
4171716
4249692
4328390
4407810
4487952
4568816
4650402
4732710
4815740
4899492
4983966
5069162
5155080
5241720
5329082
5417166
5505972
5595500
5685750
5776722
5868416
5960832
6053970
6147830
6242412
6337716
6433742
6530490
6627960
6726152
6825066
6924702
7025060
7126140
7227942
7330466
7433712
7537680
7642370
7747782
7853916
7960772
8068350
8176650
8285672
8395416
8505882
8617070
8728980
8841612
8954966
9069042
9183840
9299360
9415602
9532566
9650252
9768660
9887790
10007642
10128216
10249512
10371530
10494270
10617732
10741916
10866822
10992450
11118800
11245872
11373666
11502182
11631420
11761380
11892062
12023466
12155592
12288440
12422010
12556302
12691316
12827052
12963510
13100690
13238592
13377216
13516562
13656630
13797420
13938932
14081166
14224122
14367800
14512200
14657322
14803166
14949732
15097020
15245030
15393762
15543216
15693392
15844290
15995910
16148252
16301316
16455102
16609610
16764840
16920792
17077466
17234862
17392980
17551820
17711382
17871666
18032672
18194400
18356850
18520022
18683916
18848532
19013870
19179930
19346712
19514216
19682442
19851390
20021060
20191452
20362566
20534402
20706960
20880240
21054242
21228966
21404412
21580580
21757470
21935082
22113416
22292472
22472250
22652750
22833972
23015916
23198582
23381970
23566080
23750912
23936466
24122742
24309740
24497460
24685902
24875066
25064952
25255560
25446890
25638942
25831716
26025212
26219430
26414370
26610032
26806416
27003522
27201350
27399900
27599172
27799166
27999882
28201320
28403480
28606362
28809966
29014292
29219340
29425110
29631602
29838816
30046752
30255410
30464790
30674892
30885716
31097262
31309530
31522520
31736232
31950666
32165822
32381700
32598300
32815622
33033666
33252432
33471920
33692130
33913062
34134716
34357092
34580190
34804010
35028552
35253816
35479802
35706510
35933940
36162092
36390966
36620562
36850880
37081920
37313682
37546166
37779372
38013300
38247950
38483322
38719416
38956232
39193770
39432030
39671012
39910716
40151142
40392290
40634160
40876752
41120066
41364102
41608860
41854340
42100542
42347466
42595112
42843480
43092570
43342382
43592916
43844172
44096150
44348850
44602272
44856416
45111282
45366870
45623180
45880212
46137966
46396442
46655640
46915560
47176202
47437566
47699652
47962460
48225990
48490242
48755216
49020912
49287330
49554470
49822332
50090916
50360222
50630250
50901000
51172472
51444666
51717582
51991220
52265580
52540662
52816466
53092992
53370240
53648210
53926902
54206316
54486452
54767310
55048890
55331192
55614216
55897962
56182430
56467620
56753532
57040166
57327522
57615600
57904400
58193922
58484166
58775132
59066820
59359230
59652362
59946216
60240792
60536090
60832110
61128852
61426316
61724502
62023410
62323040
62623392
62924466
63226262
63528780
63832020
64135982
64440666
64746072
65052200
65359050
65666622
65974916
66283932
66593670
66904130
67215312
67527216
67839842
68153190
68467260
68782052
69097566
69413802
69730760
70048440
70366842
70685966
71005812
71326380
71647670
71969682
72292416
72615872
72940050
73264950
73590572
73916916
74243982
74571770
74900280
75229512
75559466
75890142
76221540
76553660
76886502
77220066
77554352
77889360
78225090
78561542
78898716
79236612
79575230
79914570
80254632
80595416
80936922
81279150
81622100
81965772
82310166
82655282
83001120
83347680
83694962
84042966
84391692
84741140
85091310
85442202
85793816
86146152
86499210
86852990
87207492
87562716
87918662
88275330
88632720
88990832
89349666
89709222
90069500
90430500
90792222
91154666
91517832
91881720
92246330
92611662
92977716
93344492
93711990
94080210
94449152
94818816
95189202
95560310
95932140
96304692
96677966
97051962
97426680
97802120
98178282
98555166
98932772
99311100
99690150
100069922
100450416
100831632
101213570
101596230
101979612
102363716
102748542
103134090
103520360
103907352
104295066
104683502
105072660
105462540
105853142
106244466
106636512
107029280
107422770
107816982
108211916
108607572
109003950
109401050
109798872
110197416
110596682
110996670
111397380
111798812
112200966
112603842
113007440
113411760
113816802
114222566
114629052
115036260
115444190
115852842
116262216
116672312
117083130
117494670
117906932
118319916
118733622
119148050
119563200
119979072
120395666
120812982
121231020
121649780
122069262
122489466
122910392
123332040
123754410
124177502
124601316
125025852
125451110
125877090
126303792
126731216
127159362
127588230
128017820
128448132
128879166
129310922
129743400
130176600
130610522
131045166
131480532
131916620
132353430
132790962
133229216
133668192
134107890
134548310
134989452
135431316
135873902
136317210
136761240
137205992
137651466
138097662
138544580
138992220
139440582
139889666
140339472
140790000
141241250
141693222
142145916
142599332
143053470
143508330
143963912
144420216
144877242
145334990
145793460
146252652
146712566
147173202
147634560
148096640
148559442
149022966
149487212
149952180
150417870
150884282
151351416
151819272
152287850
152757150
153227172
153697916
154169382
154641570
155114480
155588112
156062466
156537542
157013340
157489860
157967102
158445066
158923752
159403160
159883290
160364142
160845716
161328012
161811030
162294770
162779232
163264416
163750322
164236950
164724300
165212372
165701166
166190682
166680920
167171880
167663562
168155966
168649092
169142940
169637510
170132802
170628816
171125552
171623010
172121190
172620092
173119716
173620062
174121130
174622920
175125432
175628666
176132622
176637300
177142700
177648822
178155666
178663232
179171520
179680530
180190262
180700716
181211892
181723790
182236410
182749752
183263816
183778602
184294110
184810340
185327292
185844966
186363362
186882480
187402320
187922882
188444166
376106767
