627
1881
3762
6270
9405
13167
17556
22572
28215
34485
41382
48906
57057
65835
75240
85272
95931
107217
119130
131670
144837
158631
173052
188100
203775
220077
237006
254562
272745
291555
310992
331056
351747
373065
395010
417582
440781
464607
489060
514140
539847
566181
593142
620730
648945
677787
707256
737352
768075
799425
831402
864006
897237
931095
965580
1000692
1036431
1072797
1109790
1147410
1185657
1224531
1264032
1304160
1344915
1386297
1428306
1470942
1514205
1558095
1602612
1647756
1693527
1739925
1786950
1834602
1882881
1931787
1981320
2031480
2082267
2133681
2185722
2238390
2291685
2345607
2400156
2455332
2511135
2567565
2624622
2682306
2740617
2799555
2859120
2919312
2980131
3041577
3103650
3166350
3229677
3293631
3358212
3423420
3489255
3555717
3622806
3690522
3758865
3827835
3897432
3967656
4038507
4109985
4182090
4254822
4328181
4402167
4476780
4552020
4627887
4704381
4781502
4859250
4937625
5016627
5096256
5176512
5257395
5338905
5421042
5503806
5587197
5671215
5755860
5841132
5927031
6013557
6100710
6188490
6276897
6365931
6455592
6545880
6636795
6728337
6820506
6913302
7006725
7100775
7195452
7290756
7386687
7483245
7580430
7678242
7776681
7875747
7975440
8075760
8176707
8278281
8380482
8483310
8586765
8690847
8795556
8900892
9006855
9113445
9220662
9328506
9436977
9546075
9655800
9766152
9877131
9988737
10100970
10213830
10327317
10441431
10556172
10671540
10787535
10904157
11021406
11139282
11257785
11376915
11496672
11617056
11738067
11859705
11981970
12104862
12228381
12352527
12477300
12602700
12728727
12855381
12982662
13110570
13239105
13368267
13498056
13628472
13759515
13891185
14023482
14156406
14289957
14424135
14558940
14694372
14830431
14967117
15104430
15242370
15380937
15520131
15659952
15800400
15941475
16083177
16225506
16368462
16512045
16656255
16801092
16946556
17092647
17239365
17386710
17534682
17683281
17832507
17982360
18132840
18283947
18435681
18588042
18741030
18894645
19048887
19203756
19359252
19515375
19672125
19829502
19987506
20146137
20305395
20465280
20625792
20786931
20948697
21111090
21274110
21437757
21602031
21766932
21932460
22098615
22265397
22432806
22600842
22769505
22938795
23108712
23279256
23450427
23622225
23794650
23967702
24141381
24315687
24490620
24666180
24842367
25019181
25196622
25374690
25553385
25732707
25912656
26093232
26274435
26456265
26638722
26821806
27005517
27189855
27374820
27560412
27746631
27933477
28120950
28309050
28497777
28687131
28877112
29067720
29258955
29450817
29643306
29836422
30030165
30224535
30419532
30615156
30811407
31008285
31205790
31403922
31602681
31802067
32002080
32202720
32403987
32605881
32808402
33011550
33215325
33419727
33624756
33830412
34036695
34243605
34451142
34659306
34868097
35077515
35287560
35498232
35709531
35921457
36134010
36347190
36560997
36775431
36990492
37206180
37422495
37639437
37857006
38075202
38294025
38513475
38733552
38954256
39175587
39397545
39620130
39843342
40067181
40291647
40516740
40742460
40968807
41195781
41423382
41651610
41880465
42109947
42340056
42570792
42802155
43034145
43266762
43500006
43733877
43968375
44203500
44439252
44675631
44912637
45150270
45388530
45627417
45866931
46107072
46347840
46589235
46831257
47073906
47317182
47561085
47805615
48050772
48296556
48542967
48790005
49037670
49285962
49534881
49784427
50034600
50285400
50536827
50788881
51041562
51294870
51548805
51803367
52058556
52314372
52570815
52827885
53085582
53343906
53602857
53862435
54122640
54383472
54644931
54907017
55169730
55433070
55697037
55961631
56226852
56492700
56759175
57026277
57294006
57562362
57831345
58100955
58371192
58642056
58913547
59185665
59458410
59731782
60005781
60280407
60555660
60831540
61108047
61385181
61662942
61941330
62220345
62499987
62780256
63061152
63342675
63624825
63907602
64191006
64475037
64759695
65044980
65330892
65617431
65904597
66192390
66480810
66769857
67059531
67349832
67640760
67932315
68224497
68517306
68810742
69104805
69399495
69694812
69990756
70287327
70584525
70882350
71180802
71479881
71779587
72079920
72380880
72682467
72984681
73287522
73590990
73895085
74199807
74505156
74811132
75117735
75424965
75732822
76041306
76350417
76660155
76970520
77281512
77593131
77905377
78218250
78531750
78845877
79160631
79476012
79792020
80108655
80425917
80743806
81062322
81381465
81701235
82021632
82342656
82664307
82986585
83309490
83633022
83957181
84281967
84607380
84933420
85260087
85587381
85915302
86243850
86573025
86902827
87233256
87564312
87895995
88228305
88561242
88894806
89228997
89563815
89899260
90235332
90572031
90909357
91247310
91585890
91925097
92264931
92605392
92946480
93288195
93630537
93973506
94317102
94661325
95006175
95351652
95697756
96044487
96391845
96739830
97088442
97437681
97787547
98138040
98489160
98840907
99193281
99546282
99899910
100254165
100609047
100964556
101320692
101677455
102034845
102392862
102751506
103110777
103470675
103831200
104192352
104554131
104916537
105279570
105643230
106007517
106372431
106737972
107104140
107470935
107838357
108206406
108575082
108944385
109314315
109684872
110056056
110427867
110800305
111173370
111547062
111921381
112296327
112671900
113048100
113424927
113802381
114180462
114559170
114938505
115318467
115699056
116080272
116462115
116844585
117227682
117611406
117995757
118380735
118766340
119152572
119539431
119926917
120315030
120703770
121093137
121483131
121873752
122265000
122656875
123049377
123442506
628
1884
3768
6280
9420
13188
17584
22608
28260
34540
41448
48984
57148
65940
75360
85408
96084
107388
119320
131880
145068
158884
173328
188400
204100
220428
237384
254968
273180
292020
311488
331584
352308
373660
395640
418248
441484
465348
489840
514960
540708
567084
594088
621720
649980
678868
708384
738528
769300
800700
832728
865384
898668
932580
967120
1002288
1038084
1074508
1111560
1149240
1187548
1226484
1266048
1306240
1347060
1388508
1430584
1473288
1516620
1560580
1605168
1650384
1696228
1742700
1789800
1837528
1885884
1934868
1984480
2034720
2085588
2137084
2189208
2241960
2295340
2349348
2403984
2459248
2515140
2571660
2628808
2686584
2744988
2804020
2863680
2923968
2984884
3046428
3108600
3171400
3234828
3298884
3363568
3428880
3494820
3561388
3628584
3696408
3764860
3833940
3903648
3973984
4044948
4116540
4188760
4261608
4335084
4409188
4483920
4559280
4635268
4711884
4789128
4867000
4945500
5024628
5104384
5184768
5265780
5347420
5429688
5512584
5596108
5680260
5765040
5850448
5936484
6023148
6110440
6198360
6286908
6376084
6465888
6556320
6647380
6739068
6831384
6924328
7017900
7112100
7206928
7302384
7398468
7495180
7592520
7690488
7789084
7888308
7988160
8088640
8189748
8291484
8393848
8496840
8600460
8704708
8809584
8915088
9021220
9127980
9235368
9343384
9452028
9561300
9671200
9781728
9892884
10004668
10117080
10230120
10343788
10458084
10573008
10688560
10804740
10921548
11038984
11157048
11275740
11395060
11515008
11635584
11756788
11878620
12001080
12124168
12247884
12372228
12497200
12622800
12749028
12875884
13003368
13131480
13260220
13389588
13519584
13650208
13781460
13913340
14045848
14178984
14312748
14447140
14582160
14717808
14854084
14990988
15128520
15266680
15405468
15544884
15684928
15825600
15966900
16108828
16251384
16394568
16538380
16682820
16827888
16973584
17119908
17266860
17414440
17562648
17711484
17860948
18011040
18161760
18313108
18465084
18617688
18770920
18924780
19079268
19234384
19390128
19546500
19703500
19861128
20019384
20178268
20337780
20497920
20658688
20820084
20982108
21144760
21308040
21471948
21636484
21801648
21967440
22133860
22300908
22468584
22636888
22805820
22975380
23145568
23316384
23487828
23659900
23832600
24005928
24179884
24354468
24529680
24705520
24881988
25059084
25236808
25415160
25594140
25773748
25953984
26134848
26316340
26498460
26681208
26864584
27048588
27233220
27418480
27604368
27790884
27978028
28165800
28354200
28543228
28732884
28923168
29114080
29305620
29497788
29690584
29884008
30078060
30272740
30468048
30663984
30860548
31057740
31255560
31454008
31653084
31852788
32053120
32254080
32455668
32657884
32860728
33064200
33268300
33473028
33678384
33884368
34090980
34298220
34506088
34714584
34923708
35133460
35343840
35554848
35766484
35978748
36191640
36405160
36619308
36834084
37049488
37265520
37482180
37699468
37917384
38135928
38355100
38574900
38795328
39016384
39238068
39460380
39683320
39906888
40131084
40355908
40581360
40807440
41034148
41261484
41489448
41718040
41947260
42177108
42407584
42638688
42870420
43102780
43335768
43569384
43803628
44038500
44274000
44510128
44746884
44984268
45222280
45460920
45700188
45940084
46180608
46421760
46663540
46905948
47148984
47392648
47636940
47881860
48127408
48373584
48620388
48867820
49115880
49364568
49613884
49863828
50114400
50365600
50617428
50869884
51122968
51376680
51631020
51885988
52141584
52397808
52654660
52912140
53170248
53428984
53688348
53948340
54208960
54470208
54732084
54994588
55257720
55521480
55785868
56050884
56316528
56582800
56849700
57117228
57385384
57654168
57923580
58193620
58464288
58735584
59007508
59280060
59553240
59827048
60101484
60376548
60652240
60928560
61205508
61483084
61761288
62040120
62319580
62599668
62880384
63161728
63443700
63726300
64009528
64293384
64577868
64862980
65148720
65435088
65722084
66009708
66297960
66586840
66876348
67166484
67457248
67748640
68040660
68333308
68626584
68920488
69215020
69510180
69805968
70102384
70399428
70697100
70995400
71294328
71593884
71894068
72194880
72496320
72798388
73101084
73404408
73708360
74012940
74318148
74623984
74930448
75237540
75545260
75853608
76162584
76472188
76782420
77093280
77404768
77716884
78029628
78343000
78657000
78971628
79286884
79602768
79919280
80236420
80554188
80872584
81191608
81511260
81831540
82152448
82473984
82796148
83118940
83442360
83766408
84091084
84416388
84742320
85068880
85396068
85723884
86052328
86381400
86711100
87041428
87372384
87703968
88036180
88369020
88702488
89036584
89371308
89706660
90042640
90379248
90716484
91054348
91392840
91731960
92071708
92412084
92753088
93094720
93436980
93779868
94123384
94467528
94812300
95157700
95503728
95850384
96197668
96545580
96894120
97243288
97593084
97943508
98294560
98646240
98998548
99351484
99705048
100059240
100414060
100769508
101125584
101482288
101839620
102197580
102556168
102915384
103275228
103635700
103996800
104358528
104720884
105083868
105447480
105811720
106176588
106542084
106908208
107274960
107642340
108010348
108378984
108748248
109118140
109488660
109859808
110231584
110603988
110977020
111350680
111724968
112099884
112475428
112851600
113228400
113605828
113983884
114362568
114741880
115121820
115502388
115883584
116265408
116647860
117030940
117414648
117798984
118183948
118569540
118955760
119342608
119730084
120118188
120506920
120896280
121286268
121676884
122068128
122460000
122852500
123245628
123639384
124033768
247476274
