118
354
708
1180
1770
2478
3304
4248
5310
6490
7788
9204
10738
12390
14160
16048
18054
20178
22420
24780
27258
29854
32568
35400
38350
41418
44604
47908
51330
54870
58528
62304
66198
70210
74340
78588
82954
87438
92040
96760
101598
106554
111628
116820
122130
127558
133104
138768
144550
150450
156468
162604
168858
175230
181720
188328
195054
201898
208860
215940
223138
230454
237888
245440
253110
260898
268804
276828
284970
293230
301608
310104
318718
327450
336300
345268
354354
363558
372880
382320
391878
401554
411348
421260
431290
441438
451704
462088
472590
483210
493948
504804
515778
526870
538080
549408
560854
572418
584100
595900
607818
619854
632008
644280
656670
669178
681804
694548
707410
720390
733488
746704
760038
773490
787060
800748
814554
828478
118
354
708
1180
1770
2478
3304
4248
5310
6490
7788
9204
10738
12390
14160
16048
18054
20178
22420
24780
27258
29854
32568
35400
38350
41418
44604
47908
51330
54870
58528
62304
66198
70210
74340
78588
82954
87438
92040
96760
101598
106554
111628
116820
122130
127558
133104
138768
144550
150450
156468
162604
168858
175230
181720
188328
195054
201898
208860
215940
223138
230454
237888
245440
253110
260898
268804
276828
284970
293230
301608
310104
318718
327450
336300
345268
354354
363558
372880
382320
391878
401554
411348
421260
431290
441438
451704
462088
472590
483210
493948
504804
515778
526870
538080
549408
560854
572418
584100
595900
607818
619854
632008
644280
656670
669178
681804
694548
707410
720390
733488
746704
760038
773490
787060
800748
814554
828478
1656956
