709
2127
4254
7090
10635
14889
19852
25524
31905
38995
46794
55302
64519
74445
85080
96424
108477
121239
134710
148890
163779
179377
195684
212700
230425
248859
268002
287854
308415
329685
351664
374352
397749
421855
446670
472194
498427
525369
553020
581380
610449
640227
670714
701910
733815
766429
799752
833784
868525
903975
940134
977002
1014579
1052865
1091860
1131564
1171977
1213099
1254930
1297470
1340719
1384677
1429344
1474720
1520805
1567599
1615102
1663314
1712235
1761865
1812204
1863252
1915009
1967475
2020650
2074534
2129127
2184429
2240440
2297160
2354589
2412727
2471574
2531130
2591395
2652369
2714052
2776444
2839545
2903355
2967874
3033102
3099039
3165685
3233040
3301104
3369877
3439359
3509550
3580450
3652059
3724377
3797404
3871140
3945585
4020739
4096602
4173174
4250455
4328445
4407144
4486552
4566669
4647495
4729030
4811274
4894227
4977889
5062260
5147340
5233129
5319627
5406834
5494750
5583375
5672709
5762752
5853504
5944965
6037135
6130014
6223602
6317899
6412905
6508620
6605044
6702177
6800019
6898570
6997830
7097799
7198477
7299864
7401960
7504765
7608279
7712502
7817434
7923075
8029425
8136484
8244252
8352729
8461915
8571810
8682414
8793727
8905749
9018480
9131920
9246069
9360927
9476494
9592770
9709755
9827449
9945852
10064964
10184785
10305315
10426554
10548502
10671159
10794525
10918600
11043384
11168877
11295079
11421990
11549610
11677939
11806977
11936724
12067180
12198345
12330219
12462802
12596094
12730095
12864805
13000224
13136352
13273189
13410735
13548990
13687954
13827627
13968009
14109100
14250900
14393409
14536627
14680554
14825190
14970535
15116589
15263352
15410824
15559005
15707895
15857494
16007802
16158819
16310545
16462980
16616124
16769977
16924539
17079810
17235790
17392479
17549877
17707984
17866800
18026325
18186559
18347502
18509154
18671515
18834585
18998364
19162852
19328049
19493955
19660570
19827894
19995927
20164669
20334120
20504280
20675149
20846727
21019014
21192010
21365715
21540129
21715252
21891084
22067625
22244875
22422834
22601502
22780879
22960965
23141760
23323264
23505477
23688399
23872030
24056370
24241419
24427177
24613644
24800820
24988705
25177299
25366602
25556614
25747335
25938765
26130904
26323752
26517309
26711575
26906550
27102234
27298627
27495729
27693540
27892060
28091289
28291227
28491874
28693230
28895295
29098069
29301552
29505744
29710645
29916255
30122574
30329602
30537339
30745785
30954940
31164804
31375377
31586659
31798650
32011350
32224759
32438877
32653704
32869240
33085485
33302439
33520102
33738474
33957555
34177345
34397844
34619052
34840969
35063595
35286930
35510974
35735727
35961189
36187360
36414240
36641829
36870127
37099134
37328850
37559275
37790409
38022252
38254804
38488065
38722035
38956714
39192102
39428199
39665005
39902520
40140744
40379677
40619319
40859670
41100730
41342499
41584977
41828164
42072060
42316665
42561979
42808002
43054734
43302175
43550325
43799184
44048752
44299029
44550015
44801710
45054114
45307227
45561049
45815580
46070820
46326769
46583427
46840794
47098870
47357655
47617149
47877352
48138264
48399885
48662215
48925254
49189002
49453459
49718625
49984500
50251084
50518377
50786379
51055090
51324510
51594639
51865477
52137024
52409280
52682245
52955919
53230302
53505394
53781195
54057705
54334924
54612852
54891489
55170835
55450890
55731654
56013127
56295309
56578200
56861800
57146109
57431127
57716854
58003290
58290435
58578289
58866852
59156124
59446105
59736795
60028194
60320302
60613119
60906645
61200880
61495824
61791477
62087839
62384910
62682690
62981179
63280377
63580284
63880900
64182225
64484259
64787002
65090454
65394615
65699485
66005064
66311352
66618349
66926055
67234470
67543594
67853427
68163969
68475220
68787180
69099849
69413227
69727314
70042110
70357615
70673829
70990752
71308384
71626725
71945775
72265534
72586002
72907179
73229065
73551660
73874964
74198977
74523699
74849130
75175270
75502119
75829677
76157944
76486920
76816605
77146999
77478102
77809914
78142435
78475665
78809604
79144252
79479609
79815675
80152450
80489934
80828127
81167029
81506640
81846960
82187989
82529727
82872174
83215330
83559195
83903769
84249052
84595044
84941745
85289155
85637274
85986102
86335639
86685885
87036840
87388504
87740877
88093959
88447750
88802250
89157459
89513377
89870004
90227340
90585385
90944139
91303602
91663774
92024655
92386245
92748544
93111552
93475269
93839695
94204830
94570674
94937227
95304489
95672460
96041140
96410529
96780627
97151434
97522950
97895175
98268109
98641752
99016104
99391165
99766935
100143414
100520602
100898499
101277105
101656420
102036444
102417177
102798619
103180770
103563630
103947199
104331477
104716464
105102160
105488565
105875679
106263502
106652034
107041275
107431225
107821884
108213252
108605329
108998115
109391610
109785814
110180727
110576349
110972680
111369720
111767469
112165927
112565094
112964970
113365555
113766849
114168852
114571564
114974985
115379115
115783954
116189502
116595759
117002725
117410400
117818784
118227877
118637679
119048190
119459410
119871339
120283977
120697324
121111380
121526145
121941619
122357802
122774694
123192295
123610605
124029624
124449352
124869789
125290935
125712790
126135354
126558627
126982609
127407300
127832700
128258809
128685627
129113154
129541390
129970335
130399989
130830352
131261424
131693205
132125695
132558894
132992802
133427419
133862745
134298780
134735524
135172977
135611139
136050010
136489590
136929879
137370877
137812584
138255000
138698125
139141959
139586502
140031754
140477715
140924385
141371764
141819852
142268649
142718155
143168370
143619294
144070927
144523269
144976320
145430080
145884549
146339727
146795614
147252210
147709515
148167529
148626252
149085684
149545825
150006675
150468234
150930502
151393479
151857165
152321560
152786664
153252477
153718999
154186230
154654170
155122819
155592177
156062244
156533020
157004505
157476699
157949602
158423214
158897535
159372565
159848304
160324752
160801909
161279775
161758350
162237634
162717627
163198329
163679740
164161860
164644689
165128227
165612474
166097430
166583095
167069469
167556552
168044344
168532845
169022055
169511974
170002602
170493939
170985985
171478740
171972204
172466377
172961259
173456850
173953150
174450159
174947877
175446304
175945440
176445285
176945839
177447102
177949074
178451755
710
2130
4260
7100
10650
14910
19880
25560
31950
39050
46860
55380
64610
74550
85200
96560
108630
121410
134900
149100
164010
179630
195960
213000
230750
249210
268380
288260
308850
330150
352160
374880
398310
422450
447300
472860
499130
526110
553800
582200
611310
641130
671660
702900
734850
767510
800880
834960
869750
905250
941460
978380
1016010
1054350
1093400
1133160
1173630
1214810
1256700
1299300
1342610
1386630
1431360
1476800
1522950
1569810
1617380
1665660
1714650
1764350
1814760
1865880
1917710
1970250
2023500
2077460
2132130
2187510
2243600
2300400
2357910
2416130
2475060
2534700
2595050
2656110
2717880
2780360
2843550
2907450
2972060
3037380
3103410
3170150
3237600
3305760
3374630
3444210
3514500
3585500
3657210
3729630
3802760
3876600
3951150
4026410
4102380
4179060
4256450
4334550
4413360
4492880
4573110
4654050
4735700
4818060
4901130
4984910
5069400
5154600
5240510
5327130
5414460
5502500
5591250
5680710
5770880
5861760
5953350
6045650
6138660
6232380
6326810
6421950
6517800
6614360
6711630
6809610
6908300
7007700
7107810
7208630
7310160
7412400
7515350
7619010
7723380
7828460
7934250
8040750
8147960
8255880
8364510
8473850
8583900
8694660
8806130
8918310
9031200
9144800
9259110
9374130
9489860
9606300
9723450
9841310
9959880
10079160
10199150
10319850
10441260
10563380
10686210
10809750
10934000
11058960
11184630
11311010
11438100
11565900
11694410
11823630
11953560
12084200
12215550
12347610
12480380
12613860
12748050
12882950
13018560
13154880
13291910
13429650
13568100
13707260
13847130
13987710
14129000
14271000
14413710
14557130
14701260
14846100
14991650
15137910
15284880
15432560
15580950
15730050
15879860
16030380
16181610
16333550
16486200
16639560
16793630
16948410
17103900
17260100
17417010
17574630
17732960
17892000
18051750
18212210
18373380
18535260
18697850
18861150
19025160
19189880
19355310
19521450
19688300
19855860
20024130
20193110
20362800
20533200
20704310
20876130
21048660
21221900
21395850
21570510
21745880
21921960
22098750
22276250
22454460
22633380
22813010
22993350
23174400
23356160
23538630
23721810
23905700
24090300
24275610
24461630
24648360
24835800
25023950
25212810
25402380
25592660
25783650
25975350
26167760
26360880
26554710
26749250
26944500
27140460
27337130
27534510
27732600
27931400
28130910
28331130
28532060
28733700
28936050
29139110
29342880
29547360
29752550
29958450
30165060
30372380
30580410
30789150
30998600
31208760
31419630
31631210
31843500
32056500
32270210
32484630
32699760
32915600
33132150
33349410
33567380
33786060
34005450
34225550
34446360
34667880
34890110
35113050
35336700
35561060
35786130
36011910
36238400
36465600
36693510
36922130
37151460
37381500
37612250
37843710
38075880
38308760
38542350
38776650
39011660
39247380
39483810
39720950
39958800
40197360
40436630
40676610
40917300
41158700
41400810
41643630
41887160
42131400
42376350
42622010
42868380
43115460
43363250
43611750
43860960
44110880
44361510
44612850
44864900
45117660
45371130
45625310
45880200
46135800
46392110
46649130
46906860
47165300
47424450
47684310
47944880
48206160
48468150
48730850
48994260
49258380
49523210
49788750
50055000
50321960
50589630
50858010
51127100
51396900
51667410
51938630
52210560
52483200
52756550
53030610
53305380
53580860
53857050
54133950
54411560
54689880
54968910
55248650
55529100
55810260
56092130
56374710
56658000
56942000
57226710
57512130
57798260
58085100
58372650
58660910
58949880
59239560
59529950
59821050
60112860
60405380
60698610
60992550
61287200
61582560
61878630
62175410
62472900
62771100
63070010
63369630
63669960
63971000
64272750
64575210
64878380
65182260
65486850
65792150
66098160
66404880
66712310
67020450
67329300
67638860
67949130
68260110
68571800
68884200
69197310
69511130
69825660
70140900
70456850
70773510
71090880
71408960
71727750
72047250
72367460
72688380
73010010
73332350
73655400
73979160
74303630
74628810
74954700
75281300
75608610
75936630
76265360
76594800
76924950
77255810
77587380
77919660
78252650
78586350
78920760
79255880
79591710
79928250
80265500
80603460
80942130
81281510
81621600
81962400
82303910
82646130
82989060
83332700
83677050
84022110
84367880
84714360
85061550
85409450
85758060
86107380
86457410
86808150
87159600
87511760
87864630
88218210
88572500
88927500
89283210
89639630
89996760
90354600
90713150
91072410
91432380
91793060
92154450
92516550
92879360
93242880
93607110
93972050
94337700
94704060
95071130
95438910
95807400
96176600
96546510
96917130
97288460
97660500
98033250
98406710
98780880
99155760
99531350
99907650
100284660
100662380
101040810
101419950
101799800
102180360
102561630
102943610
103326300
103709700
104093810
104478630
104864160
105250400
105637350
106025010
106413380
106802460
107192250
107582750
107973960
108365880
108758510
109151850
109545900
109940660
110336130
110732310
111129200
111526800
111925110
112324130
112723860
113124300
113525450
113927310
114329880
114733160
115137150
115541850
115947260
116353380
116760210
117167750
117576000
117984960
118394630
118805010
119216100
119627900
120040410
120453630
120867560
121282200
121697550
122113610
122530380
122947860
123366050
123784950
124204560
124624880
125045910
125467650
125890100
126313260
126737130
127161710
127587000
128013000
128439710
128867130
129295260
129724100
130153650
130583910
131014880
131446560
131878950
132312050
132745860
133180380
133615610
134051550
134488200
134925560
135363630
135802410
136241900
136682100
137123010
137564630
138006960
138450000
138893750
139338210
139783380
140229260
140675850
141123150
141571160
142019880
142469310
142919450
143370300
143821860
144274130
144727110
145180800
145635200
146090310
146546130
147002660
147459900
147917850
148376510
148835880
149295960
149756750
150218250
150680460
151143380
151607010
152071350
152536400
153002160
153468630
153935810
154403700
154872300
155341610
155811630
156282360
156753800
157225950
157698810
158172380
158646660
159121650
159597350
160073760
160550880
161028710
161507250
161986500
162466460
162947130
163428510
163910600
164393400
164876910
165361130
165846060
166331700
166818050
167305110
167792880
168281360
168770550
169260450
169751060
170242380
170734410
171227150
171720600
172214760
172709630
173205210
173701500
174198500
174696210
175194630
175693760
176193600
176694150
177195410
177697380
178200060
178703450
179207550
357659305
