575
1725
3450
5750
8625
12075
16100
20700
25875
31625
37950
44850
52325
60375
69000
78200
87975
98325
109250
120750
132825
145475
158700
172500
186875
201825
217350
233450
250125
267375
285200
303600
322575
342125
362250
382950
404225
426075
448500
471500
495075
519225
543950
569250
595125
621575
648600
676200
704375
733125
762450
792350
822825
853875
885500
917700
950475
983825
1017750
1052250
1087325
1122975
1159200
1196000
1233375
1271325
1309850
1348950
1388625
1428875
1469700
1511100
1553075
1595625
1638750
1682450
1726725
1771575
1817000
1863000
1909575
1956725
2004450
2052750
2101625
2151075
2201100
2251700
2302875
2354625
2406950
2459850
2513325
2567375
2622000
2677200
2732975
2789325
2846250
2903750
2961825
3020475
3079700
3139500
3199875
3260825
3322350
3384450
3447125
3510375
3574200
3638600
3703575
3769125
3835250
3901950
3969225
4037075
4105500
4174500
4244075
4314225
4384950
4456250
4528125
4600575
4673600
4747200
4821375
4896125
4971450
5047350
5123825
5200875
5278500
5356700
5435475
5514825
5594750
5675250
5756325
5837975
5920200
6003000
6086375
6170325
6254850
6339950
6425625
6511875
6598700
6686100
6774075
6862625
6951750
7041450
7131725
7222575
7314000
7406000
7498575
7591725
7685450
7779750
7874625
7970075
8066100
8162700
8259875
8357625
8455950
8554850
8654325
8754375
8855000
8956200
9057975
9160325
9263250
9366750
9470825
9575475
9680700
9786500
9892875
9999825
10107350
10215450
10324125
10433375
10543200
10653600
10764575
10876125
10988250
11100950
11214225
11328075
11442500
11557500
11673075
11789225
11905950
12023250
12141125
12259575
12378600
12498200
12618375
12739125
12860450
12982350
13104825
13227875
13351500
13475700
13600475
13725825
13851750
13978250
14105325
14232975
14361200
14490000
14619375
14749325
14879850
15010950
15142625
15274875
15407700
15541100
15675075
15809625
15944750
16080450
16216725
16353575
16491000
16629000
16767575
16906725
17046450
17186750
17327625
17469075
17611100
17753700
17896875
18040625
18184950
18329850
18475325
18621375
18768000
18915200
19062975
19211325
19360250
19509750
19659825
19810475
19961700
20113500
20265875
20418825
20572350
20726450
20881125
21036375
21192200
21348600
21505575
21663125
21821250
21979950
22139225
22299075
22459500
22620500
22782075
22944225
23106950
23270250
23434125
23598575
23763600
23929200
24095375
24262125
24429450
24597350
24765825
24934875
25104500
25274700
25445475
25616825
25788750
25961250
26134325
26307975
26482200
26657000
26832375
27008325
27184850
27361950
27539625
27717875
27896700
28076100
28256075
28436625
28617750
28799450
28981725
29164575
29348000
29532000
29716575
29901725
30087450
30273750
30460625
30648075
30836100
31024700
31213875
31403625
31593950
31784850
31976325
32168375
32361000
32554200
32747975
32942325
33137250
33332750
33528825
33725475
33922700
34120500
34318875
34517825
34717350
34917450
35118125
35319375
35521200
35723600
35926575
36130125
36334250
36538950
36744225
36950075
37156500
37363500
37571075
37779225
37987950
38197250
38407125
38617575
38828600
39040200
39252375
39465125
39678450
39892350
40106825
40321875
40537500
40753700
40970475
41187825
41405750
41624250
41843325
42062975
42283200
42504000
42725375
42947325
43169850
43392950
43616625
43840875
44065700
44291100
44517075
44743625
44970750
45198450
45426725
45655575
45885000
46115000
46345575
46576725
46808450
47040750
47273625
47507075
47741100
47975700
48210875
48446625
48682950
48919850
49157325
49395375
49634000
49873200
50112975
50353325
50594250
50835750
51077825
51320475
51563700
51807500
52051875
52296825
52542350
52788450
53035125
53282375
53530200
53778600
54027575
54277125
54527250
54777950
55029225
55281075
55533500
55786500
56040075
56294225
56548950
56804250
57060125
57316575
57573600
57831200
58089375
58348125
58607450
58867350
59127825
59388875
59650500
59912700
60175475
60438825
60702750
60967250
61232325
61497975
61764200
62031000
62298375
62566325
62834850
63103950
63373625
63643875
63914700
64186100
64458075
64730625
65003750
65277450
65551725
65826575
66102000
66378000
66654575
66931725
67209450
67487750
67766625
68046075
68326100
68606700
68887875
69169625
69451950
69734850
70018325
70302375
70587000
70872200
71157975
71444325
71731250
72018750
72306825
72595475
72884700
73174500
73464875
73755825
74047350
74339450
74632125
74925375
75219200
75513600
75808575
76104125
76400250
76696950
76994225
77292075
77590500
77889500
78189075
78489225
78789950
79091250
79393125
79695575
79998600
80302200
80606375
80911125
81216450
81522350
81828825
82135875
82443500
82751700
83060475
83369825
83679750
83990250
84301325
84612975
84925200
85238000
85551375
85865325
86179850
86494950
86810625
87126875
87443700
87761100
88079075
88397625
88716750
89036450
89356725
89677575
89999000
90321000
90643575
90966725
91290450
91614750
91939625
92265075
92591100
92917700
93244875
93572625
93900950
94229850
94559325
94889375
95220000
576
1728
3456
5760
8640
12096
16128
20736
25920
31680
38016
44928
52416
60480
69120
78336
88128
98496
109440
120960
133056
145728
158976
172800
187200
202176
217728
233856
250560
267840
285696
304128
323136
342720
362880
383616
404928
426816
449280
472320
495936
520128
544896
570240
596160
622656
649728
677376
705600
734400
763776
793728
824256
855360
887040
919296
952128
985536
1019520
1054080
1089216
1124928
1161216
1198080
1235520
1273536
1312128
1351296
1391040
1431360
1472256
1513728
1555776
1598400
1641600
1685376
1729728
1774656
1820160
1866240
1912896
1960128
2007936
2056320
2105280
2154816
2204928
2255616
2306880
2358720
2411136
2464128
2517696
2571840
2626560
2681856
2737728
2794176
2851200
2908800
2966976
3025728
3085056
3144960
3205440
3266496
3328128
3390336
3453120
3516480
3580416
3644928
3710016
3775680
3841920
3908736
3976128
4044096
4112640
4181760
4251456
4321728
4392576
4464000
4536000
4608576
4681728
4755456
4829760
4904640
4980096
5056128
5132736
5209920
5287680
5366016
5444928
5524416
5604480
5685120
5766336
5848128
5930496
6013440
6096960
6181056
6265728
6350976
6436800
6523200
6610176
6697728
6785856
6874560
6963840
7053696
7144128
7235136
7326720
7418880
7511616
7604928
7698816
7793280
7888320
7983936
8080128
8176896
8274240
8372160
8470656
8569728
8669376
8769600
8870400
8971776
9073728
9176256
9279360
9383040
9487296
9592128
9697536
9803520
9910080
10017216
10124928
10233216
10342080
10451520
10561536
10672128
10783296
10895040
11007360
11120256
11233728
11347776
11462400
11577600
11693376
11809728
11926656
12044160
12162240
12280896
12400128
12519936
12640320
12761280
12882816
13004928
13127616
13250880
13374720
13499136
13624128
13749696
13875840
14002560
14129856
14257728
14386176
14515200
14644800
14774976
14905728
15037056
15168960
15301440
15434496
15568128
15702336
15837120
15972480
16108416
16244928
16382016
16519680
16657920
16796736
16936128
17076096
17216640
17357760
17499456
17641728
17784576
17928000
18072000
18216576
18361728
18507456
18653760
18800640
18948096
19096128
19244736
19393920
19543680
19694016
19844928
19996416
20148480
20301120
20454336
20608128
20762496
20917440
21072960
21229056
21385728
21542976
21700800
21859200
22018176
22177728
22337856
22498560
22659840
22821696
22984128
23147136
23310720
23474880
23639616
23804928
23970816
24137280
24304320
24471936
24640128
24808896
24978240
25148160
25318656
25489728
25661376
25833600
26006400
26179776
26353728
26528256
26703360
26879040
27055296
27232128
27409536
27587520
27766080
27945216
28124928
28305216
28486080
28667520
28849536
29032128
29215296
29399040
29583360
29768256
29953728
30139776
30326400
30513600
30701376
30889728
31078656
31268160
31458240
31648896
31840128
32031936
32224320
32417280
32610816
32804928
32999616
33194880
33390720
33587136
33784128
33981696
34179840
34378560
34577856
34777728
34978176
35179200
35380800
35582976
35785728
35989056
36192960
36397440
36602496
36808128
37014336
37221120
37428480
37636416
37844928
38054016
38263680
38473920
38684736
38896128
39108096
39320640
39533760
39747456
39961728
40176576
40392000
40608000
40824576
41041728
41259456
41477760
41696640
41916096
42136128
42356736
42577920
42799680
43022016
43244928
43468416
43692480
43917120
44142336
44368128
44594496
44821440
45048960
45277056
45505728
45734976
45964800
46195200
46426176
46657728
46889856
47122560
47355840
47589696
47824128
48059136
48294720
48530880
48767616
49004928
49242816
49481280
49720320
49959936
50200128
50440896
50682240
50924160
51166656
51409728
51653376
51897600
52142400
52387776
52633728
52880256
53127360
53375040
53623296
53872128
54121536
54371520
54622080
54873216
55124928
55377216
55630080
55883520
56137536
56392128
56647296
56903040
57159360
57416256
57673728
57931776
58190400
58449600
58709376
58969728
59230656
59492160
59754240
60016896
60280128
60543936
60808320
61073280
61338816
61604928
61871616
62138880
62406720
62675136
62944128
63213696
63483840
63754560
64025856
64297728
64570176
64843200
65116800
65390976
65665728
65941056
66216960
66493440
66770496
67048128
67326336
67605120
67884480
68164416
68444928
68726016
69007680
69289920
69572736
69856128
70140096
70424640
70709760
70995456
71281728
71568576
71856000
72144000
72432576
72721728
73011456
73301760
73592640
73884096
74176128
74468736
74761920
75055680
75350016
75644928
75940416
76236480
76533120
76830336
77128128
77426496
77725440
78024960
78325056
78625728
78926976
79228800
79531200
79834176
80137728
80441856
80746560
81051840
81357696
81664128
81971136
82278720
82586880
82895616
83204928
83514816
83825280
84136320
84447936
84760128
85072896
85386240
85700160
86014656
86329728
86645376
86961600
87278400
87595776
87913728
88232256
88551360
88871040
89191296
89512128
89833536
90155520
90478080
90801216
91124928
91449216
91774080
92099520
92425536
92752128
93079296
93407040
93735360
94064256
94393728
94723776
95054400
95385600
95717376
190937376
