258
774
1548
2580
3870
5418
7224
9288
11610
14190
17028
20124
23478
27090
30960
35088
39474
44118
49020
54180
59598
65274
71208
77400
83850
90558
97524
104748
112230
119970
127968
136224
144738
153510
162540
171828
181374
191178
201240
211560
222138
232974
244068
255420
267030
278898
291024
303408
316050
328950
342108
355524
369198
383130
397320
411768
426474
441438
456660
472140
487878
503874
520128
536640
553410
570438
587724
605268
623070
641130
659448
678024
696858
715950
735300
754908
774774
794898
815280
835920
856818
877974
899388
921060
942990
965178
987624
1010328
1033290
1056510
1079988
1103724
1127718
1151970
1176480
1201248
1226274
1251558
1277100
1302900
1328958
1355274
1381848
1408680
1435770
1463118
1490724
1518588
1546710
1575090
1603728
1632624
1661778
1691190
1720860
1750788
1780974
1811418
1842120
1873080
1904298
1935774
1967508
1999500
2031750
2064258
2097024
2130048
2163330
2196870
2230668
2264724
2299038
2333610
2368440
2403528
2438874
2474478
2510340
2546460
2582838
2619474
2656368
2693520
2730930
2768598
2806524
2844708
2883150
2921850
2960808
3000024
3039498
3079230
3119220
3159468
3199974
3240738
3281760
3323040
3364578
3406374
3448428
3490740
3533310
3576138
3619224
3662568
3706170
3750030
3794148
3838524
3883158
3928050
3973200
4018608
4064274
4110198
4156380
4202820
4249518
4296474
4343688
4391160
4438890
4486878
4535124
4583628
4632390
4681410
4730688
4780224
4830018
4880070
4930380
4980948
5031774
5082858
5134200
5185800
5237658
5289774
5342148
5394780
5447670
5500818
5554224
5607888
5661810
5715990
5770428
5825124
5880078
5935290
5990760
6046488
6102474
6158718
6215220
6271980
6328998
6386274
6443808
6501600
6559650
6617958
6676524
6735348
6794430
6853770
6913368
6973224
7033338
7093710
7154340
7215228
7276374
7337778
7399440
7461360
7523538
7585974
7648668
7711620
7774830
7838298
7902024
7966008
8030250
8094750
8159508
8224524
8289798
8355330
8421120
8487168
8553474
8620038
258
774
1548
2580
3870
5418
7224
9288
11610
14190
17028
20124
23478
27090
30960
35088
39474
44118
49020
54180
59598
65274
71208
77400
83850
90558
97524
104748
112230
119970
127968
136224
144738
153510
162540
171828
181374
191178
201240
211560
222138
232974
244068
255420
267030
278898
291024
303408
316050
328950
342108
355524
369198
383130
397320
411768
426474
441438
456660
472140
487878
503874
520128
536640
553410
570438
587724
605268
623070
641130
659448
678024
696858
715950
735300
754908
774774
794898
815280
835920
856818
877974
899388
921060
942990
965178
987624
1010328
1033290
1056510
1079988
1103724
1127718
1151970
1176480
1201248
1226274
1251558
1277100
1302900
1328958
1355274
1381848
1408680
1435770
1463118
1490724
1518588
1546710
1575090
1603728
1632624
1661778
1691190
1720860
1750788
1780974
1811418
1842120
1873080
1904298
1935774
1967508
1999500
2031750
2064258
2097024
2130048
2163330
2196870
2230668
2264724
2299038
2333610
2368440
2403528
2438874
2474478
2510340
2546460
2582838
2619474
2656368
2693520
2730930
2768598
2806524
2844708
2883150
2921850
2960808
3000024
3039498
3079230
3119220
3159468
3199974
3240738
3281760
3323040
3364578
3406374
3448428
3490740
3533310
3576138
3619224
3662568
3706170
3750030
3794148
3838524
3883158
3928050
3973200
4018608
4064274
4110198
4156380
4202820
4249518
4296474
4343688
4391160
4438890
4486878
4535124
4583628
4632390
4681410
4730688
4780224
4830018
4880070
4930380
4980948
5031774
5082858
5134200
5185800
5237658
5289774
5342148
5394780
5447670
5500818
5554224
5607888
5661810
5715990
5770428
5825124
5880078
5935290
5990760
6046488
6102474
6158718
6215220
6271980
6328998
6386274
6443808
6501600
6559650
6617958
6676524
6735348
6794430
6853770
6913368
6973224
7033338
7093710
7154340
7215228
7276374
7337778
7399440
7461360
7523538
7585974
7648668
7711620
7774830
7838298
7902024
7966008
8030250
8094750
8159508
8224524
8289798
8355330
8421120
8487168
8553474
8620038
17240076
