482
1446
2892
4820
7230
10122
13496
17352
21690
26510
31812
37596
43862
50610
57840
65552
73746
82422
91580
101220
111342
121946
133032
144600
156650
169182
182196
195692
209670
224130
239072
254496
270402
286790
303660
321012
338846
357162
375960
395240
415002
435246
455972
477180
498870
521042
543696
566832
590450
614550
639132
664196
689742
715770
742280
769272
796746
824702
853140
882060
911462
941346
971712
1002560
1033890
1065702
1097996
1130772
1164030
1197770
1231992
1266696
1301882
1337550
1373700
1410332
1447446
1485042
1523120
1561680
1600722
1640246
1680252
1720740
1761710
1803162
1845096
1887512
1930410
1973790
2017652
2061996
2106822
2152130
2197920
2244192
2290946
2338182
2385900
2434100
2482782
2531946
2581592
2631720
2682330
2733422
2784996
2837052
2889590
2942610
2996112
3050096
3104562
3159510
3214940
3270852
3327246
3384122
3441480
3499320
3557642
3616446
3675732
3735500
3795750
3856482
3917696
3979392
4041570
4104230
4167372
4230996
4295102
4359690
4424760
4490312
4556346
4622862
4689860
4757340
4825302
4893746
4962672
5032080
5101970
5172342
5243196
5314532
5386350
5458650
5531432
5604696
5678442
5752670
5827380
5902572
5978246
6054402
6131040
6208160
6285762
6363846
6442412
6521460
6600990
6681002
6761496
6842472
6923930
7005870
7088292
7171196
7254582
7338450
7422800
7507632
7592946
7678742
7765020
7851780
7939022
8026746
8114952
8203640
8292810
8382462
8472596
8563212
8654310
8745890
8837952
8930496
9023522
9117030
9211020
9305492
9400446
9495882
9591800
9688200
9785082
9882446
9980292
10078620
10177430
10276722
10376496
10476752
10577490
10678710
10780412
10882596
10985262
11088410
11192040
11296152
11400746
11505822
11611380
11717420
11823942
11930946
12038432
12146400
12254850
12363782
12473196
12583092
12693470
12804330
12915672
13027496
13139802
13252590
13365860
13479612
13593846
13708562
13823760
13939440
14055602
14172246
14289372
14406980
14525070
14643642
14762696
14882232
15002250
15122750
15243732
15365196
15487142
15609570
15732480
15855872
15979746
16104102
16228940
16354260
16480062
16606346
16733112
16860360
16988090
17116302
17244996
17374172
17503830
17633970
17764592
17895696
18027282
18159350
18291900
18424932
18558446
18692442
18826920
18961880
19097322
19233246
19369652
19506540
19643910
19781762
19920096
20058912
20198210
20337990
20478252
20618996
20760222
20901930
21044120
21186792
21329946
21473582
21617700
21762300
21907382
22052946
22198992
22345520
22492530
22640022
22787996
22936452
23085390
23234810
23384712
23535096
23685962
23837310
23989140
24141452
24294246
24447522
24601280
24755520
24910242
25065446
25221132
25377300
25533950
25691082
25848696
26006792
26165370
26324430
26483972
26643996
26804502
26965490
27126960
27288912
27451346
27614262
27777660
27941540
28105902
28270746
28436072
28601880
28768170
28934942
29102196
29269932
29438150
29606850
29776032
29945696
30115842
30286470
30457580
30629172
30801246
30973802
31146840
31320360
31494362
31668846
31843812
32019260
32195190
32371602
32548496
32725872
32903730
33082070
33260892
33440196
33619982
33800250
33981000
34162232
34343946
34526142
34708820
34891980
35075622
35259746
35444352
35629440
35815010
36001062
36187596
36374612
36562110
36750090
36938552
37127496
37316922
37506830
37697220
37888092
38079446
38271282
38463600
38656400
38849682
39043446
39237692
39432420
39627630
39823322
40019496
40216152
40413290
40610910
40809012
41007596
41206662
41406210
41606240
41806752
42007746
42209222
42411180
42613620
42816542
43019946
43223832
43428200
43633050
43838382
44044196
44250492
44457270
44664530
44872272
45080496
45289202
45498390
45708060
45918212
46128846
46339962
46551560
46763640
46976202
47189246
47402772
47616780
47831270
48046242
48261696
48477632
48694050
48910950
49128332
49346196
49564542
49783370
50002680
50222472
50442746
50663502
50884740
51106460
51328662
51551346
51774512
51998160
52222290
52446902
52671996
52897572
53123630
53350170
53577192
53804696
54032682
54261150
54490100
54719532
54949446
55179842
55410720
55642080
55873922
56106246
482
1446
2892
4820
7230
10122
13496
17352
21690
26510
31812
37596
43862
50610
57840
65552
73746
82422
91580
101220
111342
121946
133032
144600
156650
169182
182196
195692
209670
224130
239072
254496
270402
286790
303660
321012
338846
357162
375960
395240
415002
435246
455972
477180
498870
521042
543696
566832
590450
614550
639132
664196
689742
715770
742280
769272
796746
824702
853140
882060
911462
941346
971712
1002560
1033890
1065702
1097996
1130772
1164030
1197770
1231992
1266696
1301882
1337550
1373700
1410332
1447446
1485042
1523120
1561680
1600722
1640246
1680252
1720740
1761710
1803162
1845096
1887512
1930410
1973790
2017652
2061996
2106822
2152130
2197920
2244192
2290946
2338182
2385900
2434100
2482782
2531946
2581592
2631720
2682330
2733422
2784996
2837052
2889590
2942610
2996112
3050096
3104562
3159510
3214940
3270852
3327246
3384122
3441480
3499320
3557642
3616446
3675732
3735500
3795750
3856482
3917696
3979392
4041570
4104230
4167372
4230996
4295102
4359690
4424760
4490312
4556346
4622862
4689860
4757340
4825302
4893746
4962672
5032080
5101970
5172342
5243196
5314532
5386350
5458650
5531432
5604696
5678442
5752670
5827380
5902572
5978246
6054402
6131040
6208160
6285762
6363846
6442412
6521460
6600990
6681002
6761496
6842472
6923930
7005870
7088292
7171196
7254582
7338450
7422800
7507632
7592946
7678742
7765020
7851780
7939022
8026746
8114952
8203640
8292810
8382462
8472596
8563212
8654310
8745890
8837952
8930496
9023522
9117030
9211020
9305492
9400446
9495882
9591800
9688200
9785082
9882446
9980292
10078620
10177430
10276722
10376496
10476752
10577490
10678710
10780412
10882596
10985262
11088410
11192040
11296152
11400746
11505822
11611380
11717420
11823942
11930946
12038432
12146400
12254850
12363782
12473196
12583092
12693470
12804330
12915672
13027496
13139802
13252590
13365860
13479612
13593846
13708562
13823760
13939440
14055602
14172246
14289372
14406980
14525070
14643642
14762696
14882232
15002250
15122750
15243732
15365196
15487142
15609570
15732480
15855872
15979746
16104102
16228940
16354260
16480062
16606346
16733112
16860360
16988090
17116302
17244996
17374172
17503830
17633970
17764592
17895696
18027282
18159350
18291900
18424932
18558446
18692442
18826920
18961880
19097322
19233246
19369652
19506540
19643910
19781762
19920096
20058912
20198210
20337990
20478252
20618996
20760222
20901930
21044120
21186792
21329946
21473582
21617700
21762300
21907382
22052946
22198992
22345520
22492530
22640022
22787996
22936452
23085390
23234810
23384712
23535096
23685962
23837310
23989140
24141452
24294246
24447522
24601280
24755520
24910242
25065446
25221132
25377300
25533950
25691082
25848696
26006792
26165370
26324430
26483972
26643996
26804502
26965490
27126960
27288912
27451346
27614262
27777660
27941540
28105902
28270746
28436072
28601880
28768170
28934942
29102196
29269932
29438150
29606850
29776032
29945696
30115842
30286470
30457580
30629172
30801246
30973802
31146840
31320360
31494362
31668846
31843812
32019260
32195190
32371602
32548496
32725872
32903730
33082070
33260892
33440196
33619982
33800250
33981000
34162232
34343946
34526142
34708820
34891980
35075622
35259746
35444352
35629440
35815010
36001062
36187596
36374612
36562110
36750090
36938552
37127496
37316922
37506830
37697220
37888092
38079446
38271282
38463600
38656400
38849682
39043446
39237692
39432420
39627630
39823322
40019496
40216152
40413290
40610910
40809012
41007596
41206662
41406210
41606240
41806752
42007746
42209222
42411180
42613620
42816542
43019946
43223832
43428200
43633050
43838382
44044196
44250492
44457270
44664530
44872272
45080496
45289202
45498390
45708060
45918212
46128846
46339962
46551560
46763640
46976202
47189246
47402772
47616780
47831270
48046242
48261696
48477632
48694050
48910950
49128332
49346196
49564542
49783370
50002680
50222472
50442746
50663502
50884740
51106460
51328662
51551346
51774512
51998160
52222290
52446902
52671996
52897572
53123630
53350170
53577192
53804696
54032682
54261150
54490100
54719532
54949446
55179842
55410720
55642080
55873922
56106246
112212492
