398
1194
2388
3980
5970
8358
11144
14328
17910
21890
26268
31044
36218
41790
47760
54128
60894
68058
75620
83580
91938
100694
109848
119400
129350
139698
150444
161588
173130
185070
197408
210144
223278
236810
250740
265068
279794
294918
310440
326360
342678
359394
376508
394020
411930
430238
448944
468048
487550
507450
527748
548444
569538
591030
612920
635208
657894
680978
704460
728340
752618
777294
802368
827840
853710
879978
906644
933708
961170
989030
1017288
1045944
1074998
1104450
1134300
1164548
1195194
1226238
1257680
1289520
1321758
1354394
1387428
1420860
1454690
1488918
1523544
1558568
1593990
1629810
1666028
1702644
1739658
1777070
1814880
1853088
1891694
1930698
1970100
2009900
2050098
2090694
2131688
2173080
2214870
2257058
2299644
2342628
2386010
2429790
2473968
2518544
2563518
2608890
2654660
2700828
2747394
2794358
2841720
2889480
2937638
2986194
3035148
3084500
3134250
3184398
3234944
3285888
3337230
3388970
3441108
3493644
3546578
3599910
3653640
3707768
3762294
3817218
3872540
3928260
3984378
4040894
4097808
4155120
4212830
4270938
4329444
4388348
4447650
4507350
4567448
4627944
4688838
4750130
4811820
4873908
4936394
4999278
5062560
5126240
5190318
5254794
5319668
5384940
5450610
5516678
5583144
5650008
5717270
5784930
5852988
5921444
5990298
6059550
6129200
6199248
6269694
6340538
6411780
6483420
6555458
6627894
6700728
6773960
6847590
6921618
6996044
7070868
7146090
7221710
7297728
7374144
7450958
7528170
7605780
7683788
7762194
7840998
7920200
7999800
8079798
8160194
8240988
8322180
8403770
8485758
8568144
8650928
8734110
8817690
8901668
8986044
9070818
9155990
9241560
9327528
9413894
9500658
9587820
9675380
9763338
9851694
9940448
10029600
10119150
10209098
10299444
10390188
10481330
10572870
10664808
10757144
10849878
10943010
11036540
11130468
11224794
11319518
11414640
11510160
11606078
11702394
11799108
11896220
11993730
12091638
12189944
12288648
12387750
12487250
12587148
12687444
12788138
12889230
12990720
13092608
13194894
13297578
13400660
13504140
13608018
13712294
13816968
13922040
14027510
14133378
14239644
14346308
14453370
14560830
14668688
14776944
14885598
14994650
15104100
15213948
15324194
15434838
15545880
15657320
15769158
15881394
15994028
16107060
16220490
16334318
16448544
16563168
16678190
16793610
16909428
17025644
17142258
17259270
17376680
17494488
17612694
17731298
17850300
17969700
18089498
18209694
18330288
18451280
18572670
18694458
18816644
18939228
19062210
19185590
19309368
19433544
19558118
19683090
19808460
19934228
20060394
20186958
20313920
20441280
20569038
20697194
20825748
20954700
21084050
21213798
21343944
21474488
21605430
21736770
21868508
22000644
22133178
22266110
22399440
22533168
22667294
22801818
22936740
23072060
23207778
23343894
23480408
23617320
23754630
23892338
24030444
24168948
24307850
24447150
24586848
24726944
24867438
25008330
25149620
25291308
25433394
25575878
25718760
25862040
26005718
26149794
26294268
26439140
26584410
26730078
26876144
27022608
27169470
27316730
27464388
27612444
27760898
27909750
28059000
28208648
28358694
28509138
28659980
28811220
28962858
29114894
29267328
29420160
29573390
29727018
29881044
30035468
30190290
30345510
30501128
30657144
30813558
30970370
31127580
31285188
31443194
31601598
398
1194
2388
3980
5970
8358
11144
14328
17910
21890
26268
31044
36218
41790
47760
54128
60894
68058
75620
83580
91938
100694
109848
119400
129350
139698
150444
161588
173130
185070
197408
210144
223278
236810
250740
265068
279794
294918
310440
326360
342678
359394
376508
394020
411930
430238
448944
468048
487550
507450
527748
548444
569538
591030
612920
635208
657894
680978
704460
728340
752618
777294
802368
827840
853710
879978
906644
933708
961170
989030
1017288
1045944
1074998
1104450
1134300
1164548
1195194
1226238
1257680
1289520
1321758
1354394
1387428
1420860
1454690
1488918
1523544
1558568
1593990
1629810
1666028
1702644
1739658
1777070
1814880
1853088
1891694
1930698
1970100
2009900
2050098
2090694
2131688
2173080
2214870
2257058
2299644
2342628
2386010
2429790
2473968
2518544
2563518
2608890
2654660
2700828
2747394
2794358
2841720
2889480
2937638
2986194
3035148
3084500
3134250
3184398
3234944
3285888
3337230
3388970
3441108
3493644
3546578
3599910
3653640
3707768
3762294
3817218
3872540
3928260
3984378
4040894
4097808
4155120
4212830
4270938
4329444
4388348
4447650
4507350
4567448
4627944
4688838
4750130
4811820
4873908
4936394
4999278
5062560
5126240
5190318
5254794
5319668
5384940
5450610
5516678
5583144
5650008
5717270
5784930
5852988
5921444
5990298
6059550
6129200
6199248
6269694
6340538
6411780
6483420
6555458
6627894
6700728
6773960
6847590
6921618
6996044
7070868
7146090
7221710
7297728
7374144
7450958
7528170
7605780
7683788
7762194
7840998
7920200
7999800
8079798
8160194
8240988
8322180
8403770
8485758
8568144
8650928
8734110
8817690
8901668
8986044
9070818
9155990
9241560
9327528
9413894
9500658
9587820
9675380
9763338
9851694
9940448
10029600
10119150
10209098
10299444
10390188
10481330
10572870
10664808
10757144
10849878
10943010
11036540
11130468
11224794
11319518
11414640
11510160
11606078
11702394
11799108
11896220
11993730
12091638
12189944
12288648
12387750
12487250
12587148
12687444
12788138
12889230
12990720
13092608
13194894
13297578
13400660
13504140
13608018
13712294
13816968
13922040
14027510
14133378
14239644
14346308
14453370
14560830
14668688
14776944
14885598
14994650
15104100
15213948
15324194
15434838
15545880
15657320
15769158
15881394
15994028
16107060
16220490
16334318
16448544
16563168
16678190
16793610
16909428
17025644
17142258
17259270
17376680
17494488
17612694
17731298
17850300
17969700
18089498
18209694
18330288
18451280
18572670
18694458
18816644
18939228
19062210
19185590
19309368
19433544
19558118
19683090
19808460
19934228
20060394
20186958
20313920
20441280
20569038
20697194
20825748
20954700
21084050
21213798
21343944
21474488
21605430
21736770
21868508
22000644
22133178
22266110
22399440
22533168
22667294
22801818
22936740
23072060
23207778
23343894
23480408
23617320
23754630
23892338
24030444
24168948
24307850
24447150
24586848
24726944
24867438
25008330
25149620
25291308
25433394
25575878
25718760
25862040
26005718
26149794
26294268
26439140
26584410
26730078
26876144
27022608
27169470
27316730
27464388
27612444
27760898
27909750
28059000
28208648
28358694
28509138
28659980
28811220
28962858
29114894
29267328
29420160
29573390
29727018
29881044
30035468
30190290
30345510
30501128
30657144
30813558
30970370
31127580
31285188
31443194
31601598
63203196
