359
1077
2154
3590
5385
7539
10052
12924
16155
19745
23694
28002
32669
37695
43080
48824
54927
61389
68210
75390
82929
90827
99084
107700
116675
126009
135702
145754
156165
166935
178064
189552
201399
213605
226170
239094
252377
266019
280020
294380
309099
324177
339614
355410
371565
388079
404952
422184
439775
457725
476034
494702
513729
533115
552860
572964
593427
614249
635430
656970
678869
701127
723744
746720
770055
793749
817802
842214
866985
892115
917604
943452
969659
996225
1023150
1050434
1078077
1106079
1134440
1163160
1192239
1221677
1251474
1281630
1312145
1343019
1374252
1405844
1437795
1470105
1502774
1535802
1569189
1602935
1637040
1671504
1706327
1741509
1777050
1812950
1849209
1885827
1922804
1960140
1997835
2035889
2074302
2113074
2152205
2191695
2231544
2271752
2312319
2353245
2394530
2436174
2478177
2520539
2563260
2606340
2649779
2693577
2737734
2782250
2827125
2872359
2917952
2963904
3010215
3056885
3103914
3151302
3199049
3247155
3295620
3344444
3393627
3443169
3493070
3543330
3593949
3644927
3696264
3747960
3800015
3852429
3905202
3958334
4011825
4065675
4119884
4174452
4229379
4284665
4340310
4396314
4452677
4509399
4566480
4623920
4681719
4739877
4798394
4857270
4916505
4976099
5036052
5096364
5157035
5218065
5279454
5341202
5403309
5465775
5528600
5591784
5655327
5719229
5783490
5848110
5913089
5978427
6044124
6110180
6176595
6243369
6310502
6377994
6445845
6514055
6582624
6651552
6720839
6790485
6860490
6930854
7001577
7072659
7144100
7215900
7288059
7360577
7433454
7506690
7580285
7654239
7728552
7803224
7878255
7953645
8029394
8105502
8181969
8258795
8335980
8413524
8491427
8569689
8648310
8727290
8806629
8886327
8966384
9046800
9127575
9208709
9290202
9372054
9454265
9536835
9619764
9703052
9786699
9870705
9955070
10039794
10124877
10210319
10296120
10382280
10468799
10555677
10642914
10730510
10818465
10906779
10995452
11084484
11173875
11263625
11353734
11444202
11535029
11626215
11717760
11809664
11901927
11994549
12087530
12180870
12274569
12368627
12463044
12557820
12652955
12748449
12844302
12940514
13037085
13134015
13231304
13328952
13426959
13525325
13624050
13723134
13822577
13922379
14022540
14123060
14223939
14325177
14426774
14528730
14631045
14733719
14836752
14940144
15043895
15148005
15252474
15357302
15462489
15568035
15673940
15780204
15886827
15993809
16101150
16208850
16316909
16425327
16534104
16643240
16752735
16862589
16972802
17083374
17194305
17305595
17417244
17529252
17641619
17754345
17867430
17980874
18094677
18208839
18323360
18438240
18553479
18669077
18785034
18901350
19018025
19135059
19252452
19370204
19488315
19606785
19725614
19844802
19964349
20084255
20204520
20325144
20446127
20567469
20689170
20811230
20933649
21056427
21179564
21303060
21426915
21551129
21675702
21800634
21925925
22051575
22177584
22303952
22430679
22557765
22685210
22813014
22941177
23069699
23198580
360
1080
2160
3600
5400
7560
10080
12960
16200
19800
23760
28080
32760
37800
43200
48960
55080
61560
68400
75600
83160
91080
99360
108000
117000
126360
136080
146160
156600
167400
178560
190080
201960
214200
226800
239760
253080
266760
280800
295200
309960
325080
340560
356400
372600
389160
406080
423360
441000
459000
477360
496080
515160
534600
554400
574560
595080
615960
637200
658800
680760
703080
725760
748800
772200
795960
820080
844560
869400
894600
920160
946080
972360
999000
1026000
1053360
1081080
1109160
1137600
1166400
1195560
1225080
1254960
1285200
1315800
1346760
1378080
1409760
1441800
1474200
1506960
1540080
1573560
1607400
1641600
1676160
1711080
1746360
1782000
1818000
1854360
1891080
1928160
1965600
2003400
2041560
2080080
2118960
2158200
2197800
2237760
2278080
2318760
2359800
2401200
2442960
2485080
2527560
2570400
2613600
2657160
2701080
2745360
2790000
2835000
2880360
2926080
2972160
3018600
3065400
3112560
3160080
3207960
3256200
3304800
3353760
3403080
3452760
3502800
3553200
3603960
3655080
3706560
3758400
3810600
3863160
3916080
3969360
4023000
4077000
4131360
4186080
4241160
4296600
4352400
4408560
4465080
4521960
4579200
4636800
4694760
4753080
4811760
4870800
4930200
4989960
5050080
5110560
5171400
5232600
5294160
5356080
5418360
5481000
5544000
5607360
5671080
5735160
5799600
5864400
5929560
5995080
6060960
6127200
6193800
6260760
6328080
6395760
6463800
6532200
6600960
6670080
6739560
6809400
6879600
6950160
7021080
7092360
7164000
7236000
7308360
7381080
7454160
7527600
7601400
7675560
7750080
7824960
7900200
7975800
8051760
8128080
8204760
8281800
8359200
8436960
8515080
8593560
8672400
8751600
8831160
8911080
8991360
9072000
9153000
9234360
9316080
9398160
9480600
9563400
9646560
9730080
9813960
9898200
9982800
10067760
10153080
10238760
10324800
10411200
10497960
10585080
10672560
10760400
10848600
10937160
11026080
11115360
11205000
11295000
11385360
11476080
11567160
11658600
11750400
11842560
11935080
12027960
12121200
12214800
12308760
12403080
12497760
12592800
12688200
12783960
12880080
12976560
13073400
13170600
13268160
13366080
13464360
13563000
13662000
13761360
13861080
13961160
14061600
14162400
14263560
14365080
14466960
14569200
14671800
14774760
14878080
14981760
15085800
15190200
15294960
15400080
15505560
15611400
15717600
15824160
15931080
16038360
16146000
16254000
16362360
16471080
16580160
16689600
16799400
16909560
17020080
17130960
17242200
17353800
17465760
17578080
17690760
17803800
17917200
18030960
18145080
18259560
18374400
18489600
18605160
18721080
18837360
18954000
19071000
19188360
19306080
19424160
19542600
19661400
19780560
19900080
20019960
20140200
20260800
20381760
20503080
20624760
20746800
20869200
20991960
21115080
21238560
21362400
21486600
21611160
21736080
21861360
21987000
22113000
22239360
22366080
22493160
22620600
22748400
22876560
23005080
23133960
23263200
23392800
46591380
