564
1692
3384
5640
8460
11844
15792
20304
25380
31020
37224
43992
51324
59220
67680
76704
86292
96444
107160
118440
130284
142692
155664
169200
183300
197964
213192
228984
245340
262260
279744
297792
316404
335580
355320
375624
396492
417924
439920
462480
485604
509292
533544
558360
583740
609684
636192
663264
690900
719100
747864
777192
807084
837540
868560
900144
932292
965004
998280
1032120
1066524
1101492
1137024
1173120
1209780
1247004
1284792
1323144
1362060
1401540
1441584
1482192
1523364
1565100
1607400
1650264
1693692
1737684
1782240
1827360
1873044
1919292
1966104
2013480
2061420
2109924
2158992
2208624
2258820
2309580
2360904
2412792
2465244
2518260
2571840
2625984
2680692
2735964
2791800
2848200
2905164
2962692
3020784
3079440
3138660
3198444
3258792
3319704
3381180
3443220
3505824
3568992
3632724
3697020
3761880
3827304
3893292
3959844
4026960
4094640
4162884
4231692
4301064
4371000
4441500
4512564
4584192
4656384
4729140
4802460
4876344
4950792
5025804
5101380
5177520
5254224
5331492
5409324
5487720
5566680
5646204
5726292
5806944
5888160
5969940
6052284
6135192
6218664
6302700
6387300
6472464
6558192
6644484
6731340
6818760
6906744
6995292
7084404
7174080
7264320
7355124
7446492
7538424
7630920
7723980
7817604
7911792
8006544
8101860
8197740
8294184
8391192
8488764
8586900
8685600
8784864
8884692
8985084
9086040
9187560
9289644
9392292
9495504
9599280
9703620
9808524
9913992
10020024
10126620
10233780
10341504
10449792
10558644
10668060
10778040
10888584
10999692
11111364
11223600
11336400
11449764
11563692
11678184
11793240
11908860
12025044
12141792
12259104
12376980
12495420
12614424
12733992
12854124
12974820
13096080
13217904
13340292
13463244
13586760
13710840
13835484
13960692
14086464
14212800
14339700
14467164
14595192
14723784
14852940
14982660
15112944
15243792
15375204
15507180
15639720
15772824
15906492
16040724
16175520
16310880
16446804
16583292
16720344
16857960
16996140
17134884
17274192
17414064
17554500
17695500
17837064
17979192
18121884
18265140
18408960
18553344
18698292
18843804
18989880
19136520
19283724
19431492
19579824
19728720
19878180
20028204
20178792
20329944
20481660
20633940
20786784
20940192
21094164
21248700
21403800
21559464
21715692
21872484
22029840
22187760
22346244
22505292
22664904
22825080
22985820
23147124
23308992
23471424
23634420
23797980
23962104
24126792
24292044
24457860
24624240
24791184
24958692
25126764
25295400
25464600
25634364
25804692
25975584
26147040
26319060
26491644
26664792
26838504
27012780
27187620
27363024
27538992
27715524
27892620
28070280
28248504
28427292
28606644
28786560
28967040
29148084
29329692
29511864
29694600
29877900
30061764
30246192
30431184
30616740
30802860
30989544
31176792
31364604
31552980
31741920
31931424
32121492
32312124
32503320
32695080
32887404
33080292
33273744
33467760
33662340
33857484
34053192
34249464
34446300
34643700
34841664
35040192
35239284
35438940
35639160
35839944
36041292
36243204
36445680
36648720
36852324
37056492
37261224
37466520
37672380
37878804
38085792
38293344
38501460
38710140
38919384
39129192
39339564
39550500
39762000
39974064
40186692
40399884
40613640
40827960
41042844
41258292
41474304
41690880
41908020
42125724
42343992
42562824
42782220
43002180
43222704
43443792
43665444
43887660
44110440
44333784
44557692
44782164
45007200
45232800
45458964
45685692
45912984
46140840
46369260
46598244
46827792
47057904
47288580
47519820
47751624
47983992
48216924
48450420
48684480
48919104
49154292
49390044
49626360
49863240
50100684
50338692
50577264
50816400
51056100
51296364
51537192
51778584
52020540
52263060
52506144
52749792
52994004
53238780
53484120
53730024
53976492
54223524
54471120
54719280
54968004
55217292
55467144
55717560
55968540
56220084
56472192
56724864
56978100
57231900
57486264
57741192
57996684
58252740
58509360
58766544
59024292
59282604
59541480
59800920
60060924
60321492
60582624
60844320
61106580
61369404
61632792
61896744
62161260
62426340
62691984
62958192
63224964
63492300
63760200
64028664
64297692
64567284
64837440
65108160
65379444
65651292
65923704
66196680
66470220
66744324
67018992
67294224
67570020
67846380
68123304
68400792
68678844
68957460
69236640
69516384
69796692
70077564
70359000
70641000
70923564
71206692
71490384
71774640
72059460
72344844
72630792
72917304
73204380
73492020
73780224
74068992
74358324
74648220
74938680
75229704
75521292
75813444
76106160
76399440
76693284
76987692
77282664
77578200
77874300
78170964
78468192
78765984
79064340
79363260
79662744
79962792
80263404
80564580
80866320
81168624
81471492
81774924
82078920
82383480
82688604
82994292
83300544
83607360
83914740
84222684
84531192
84840264
85149900
85460100
85770864
86082192
86394084
86706540
87019560
87333144
87647292
87962004
88277280
88593120
88909524
89226492
89544024
89862120
564
1692
3384
5640
8460
11844
15792
20304
25380
31020
37224
43992
51324
59220
67680
76704
86292
96444
107160
118440
130284
142692
155664
169200
183300
197964
213192
228984
245340
262260
279744
297792
316404
335580
355320
375624
396492
417924
439920
462480
485604
509292
533544
558360
583740
609684
636192
663264
690900
719100
747864
777192
807084
837540
868560
900144
932292
965004
998280
1032120
1066524
1101492
1137024
1173120
1209780
1247004
1284792
1323144
1362060
1401540
1441584
1482192
1523364
1565100
1607400
1650264
1693692
1737684
1782240
1827360
1873044
1919292
1966104
2013480
2061420
2109924
2158992
2208624
2258820
2309580
2360904
2412792
2465244
2518260
2571840
2625984
2680692
2735964
2791800
2848200
2905164
2962692
3020784
3079440
3138660
3198444
3258792
3319704
3381180
3443220
3505824
3568992
3632724
3697020
3761880
3827304
3893292
3959844
4026960
4094640
4162884
4231692
4301064
4371000
4441500
4512564
4584192
4656384
4729140
4802460
4876344
4950792
5025804
5101380
5177520
5254224
5331492
5409324
5487720
5566680
5646204
5726292
5806944
5888160
5969940
6052284
6135192
6218664
6302700
6387300
6472464
6558192
6644484
6731340
6818760
6906744
6995292
7084404
7174080
7264320
7355124
7446492
7538424
7630920
7723980
7817604
7911792
8006544
8101860
8197740
8294184
8391192
8488764
8586900
8685600
8784864
8884692
8985084
9086040
9187560
9289644
9392292
9495504
9599280
9703620
9808524
9913992
10020024
10126620
10233780
10341504
10449792
10558644
10668060
10778040
10888584
10999692
11111364
11223600
11336400
11449764
11563692
11678184
11793240
11908860
12025044
12141792
12259104
12376980
12495420
12614424
12733992
12854124
12974820
13096080
13217904
13340292
13463244
13586760
13710840
13835484
13960692
14086464
14212800
14339700
14467164
14595192
14723784
14852940
14982660
15112944
15243792
15375204
15507180
15639720
15772824
15906492
16040724
16175520
16310880
16446804
16583292
16720344
16857960
16996140
17134884
17274192
17414064
17554500
17695500
17837064
17979192
18121884
18265140
18408960
18553344
18698292
18843804
18989880
19136520
19283724
19431492
19579824
19728720
19878180
20028204
20178792
20329944
20481660
20633940
20786784
20940192
21094164
21248700
21403800
21559464
21715692
21872484
22029840
22187760
22346244
22505292
22664904
22825080
22985820
23147124
23308992
23471424
23634420
23797980
23962104
24126792
24292044
24457860
24624240
24791184
24958692
25126764
25295400
25464600
25634364
25804692
25975584
26147040
26319060
26491644
26664792
26838504
27012780
27187620
27363024
27538992
27715524
27892620
28070280
28248504
28427292
28606644
28786560
28967040
29148084
29329692
29511864
29694600
29877900
30061764
30246192
30431184
30616740
30802860
30989544
31176792
31364604
31552980
31741920
31931424
32121492
32312124
32503320
32695080
32887404
33080292
33273744
33467760
33662340
33857484
34053192
34249464
34446300
34643700
34841664
35040192
35239284
35438940
35639160
35839944
36041292
36243204
36445680
36648720
36852324
37056492
37261224
37466520
37672380
37878804
38085792
38293344
38501460
38710140
38919384
39129192
39339564
39550500
39762000
39974064
40186692
40399884
40613640
40827960
41042844
41258292
41474304
41690880
41908020
42125724
42343992
42562824
42782220
43002180
43222704
43443792
43665444
43887660
44110440
44333784
44557692
44782164
45007200
45232800
45458964
45685692
45912984
46140840
46369260
46598244
46827792
47057904
47288580
47519820
47751624
47983992
48216924
48450420
48684480
48919104
49154292
49390044
49626360
49863240
50100684
50338692
50577264
50816400
51056100
51296364
51537192
51778584
52020540
52263060
52506144
52749792
52994004
53238780
53484120
53730024
53976492
54223524
54471120
54719280
54968004
55217292
55467144
55717560
55968540
56220084
56472192
56724864
56978100
57231900
57486264
57741192
57996684
58252740
58509360
58766544
59024292
59282604
59541480
59800920
60060924
60321492
60582624
60844320
61106580
61369404
61632792
61896744
62161260
62426340
62691984
62958192
63224964
63492300
63760200
64028664
64297692
64567284
64837440
65108160
65379444
65651292
65923704
66196680
66470220
66744324
67018992
67294224
67570020
67846380
68123304
68400792
68678844
68957460
69236640
69516384
69796692
70077564
70359000
70641000
70923564
71206692
71490384
71774640
72059460
72344844
72630792
72917304
73204380
73492020
73780224
74068992
74358324
74648220
74938680
75229704
75521292
75813444
76106160
76399440
76693284
76987692
77282664
77578200
77874300
78170964
78468192
78765984
79064340
79363260
79662744
79962792
80263404
80564580
80866320
81168624
81471492
81774924
82078920
82383480
82688604
82994292
83300544
83607360
83914740
84222684
84531192
84840264
85149900
85460100
85770864
86082192
86394084
86706540
87019560
87333144
87647292
87962004
88277280
88593120
88909524
89226492
89544024
89862120
179724240
