315
945
1890
3150
4725
6615
8820
11340
14175
17325
20790
24570
28665
33075
37800
42840
48195
53865
59850
66150
72765
79695
86940
94500
102375
110565
119070
127890
137025
146475
156240
166320
176715
187425
198450
209790
221445
233415
245700
258300
271215
284445
297990
311850
326025
340515
355320
370440
385875
401625
417690
434070
450765
467775
485100
502740
520695
538965
557550
576450
595665
615195
635040
655200
675675
696465
717570
738990
760725
782775
805140
827820
850815
874125
897750
921690
945945
970515
995400
1020600
1046115
1071945
1098090
1124550
1151325
1178415
1205820
1233540
1261575
1289925
1318590
1347570
1376865
1406475
1436400
1466640
1497195
1528065
1559250
1590750
1622565
1654695
1687140
1719900
1752975
1786365
1820070
1854090
1888425
1923075
1958040
1993320
2028915
2064825
2101050
2137590
2174445
2211615
2249100
2286900
2325015
2363445
2402190
2441250
2480625
2520315
2560320
2600640
2641275
2682225
2723490
2765070
2806965
2849175
2891700
2934540
2977695
3021165
3064950
3109050
3153465
3198195
3243240
3288600
3334275
3380265
3426570
3473190
3520125
3567375
3614940
3662820
3711015
3759525
3808350
3857490
3906945
3956715
4006800
4057200
4107915
4158945
4210290
4261950
4313925
4366215
4418820
4471740
4524975
4578525
4632390
4686570
4741065
4795875
4851000
4906440
4962195
5018265
5074650
5131350
5188365
5245695
5303340
5361300
5419575
5478165
5537070
5596290
5655825
5715675
5775840
5836320
5897115
5958225
6019650
6081390
6143445
6205815
6268500
6331500
6394815
6458445
6522390
6586650
6651225
6716115
6781320
6846840
6912675
6978825
7045290
7112070
7179165
7246575
7314300
7382340
7450695
7519365
7588350
7657650
7727265
7797195
7867440
7938000
8008875
8080065
8151570
8223390
8295525
8367975
8440740
8513820
8587215
8660925
8734950
8809290
8883945
8958915
9034200
9109800
9185715
9261945
9338490
9415350
9492525
9570015
9647820
9725940
9804375
9883125
9962190
10041570
10121265
10201275
10281600
10362240
10443195
10524465
10606050
10687950
10770165
10852695
10935540
11018700
11102175
11185965
11270070
11354490
11439225
11524275
11609640
11695320
11781315
11867625
11954250
12041190
12128445
12216015
12303900
12392100
12480615
12569445
12658590
12748050
12837825
12927915
13018320
13109040
13200075
13291425
13383090
13475070
13567365
13659975
13752900
13846140
13939695
14033565
14127750
14222250
14317065
14412195
14507640
14603400
14699475
14795865
14892570
14989590
15086925
15184575
15282540
15380820
15479415
15578325
15677550
316
948
1896
3160
4740
6636
8848
11376
14220
17380
20856
24648
28756
33180
37920
42976
48348
54036
60040
66360
72996
79948
87216
94800
102700
110916
119448
128296
137460
146940
156736
166848
177276
188020
199080
210456
222148
234156
246480
259120
272076
285348
298936
312840
327060
341596
356448
371616
387100
402900
419016
435448
452196
469260
486640
504336
522348
540676
559320
578280
597556
617148
637056
657280
677820
698676
719848
741336
763140
785260
807696
830448
853516
876900
900600
924616
948948
973596
998560
1023840
1049436
1075348
1101576
1128120
1154980
1182156
1209648
1237456
1265580
1294020
1322776
1351848
1381236
1410940
1440960
1471296
1501948
1532916
1564200
1595800
1627716
1659948
1692496
1725360
1758540
1792036
1825848
1859976
1894420
1929180
1964256
1999648
2035356
2071380
2107720
2144376
2181348
2218636
2256240
2294160
2332396
2370948
2409816
2449000
2488500
2528316
2568448
2608896
2649660
2690740
2732136
2773848
2815876
2858220
2900880
2943856
2987148
3030756
3074680
3118920
3163476
3208348
3253536
3299040
3344860
3390996
3437448
3484216
3531300
3578700
3626416
3674448
3722796
3771460
3820440
3869736
3919348
3969276
4019520
4070080
4120956
4172148
4223656
4275480
4327620
4380076
4432848
4485936
4539340
4593060
4647096
4701448
4756116
4811100
4866400
4922016
4977948
5034196
5090760
5147640
5204836
5262348
5320176
5378320
5436780
5495556
5554648
5614056
5673780
5733820
5794176
5854848
5915836
5977140
6038760
6100696
6162948
6225516
6288400
6351600
6415116
6478948
6543096
6607560
6672340
6737436
6802848
6868576
6934620
7000980
7067656
7134648
7201956
7269580
7337520
7405776
7474348
7543236
7612440
7681960
7751796
7821948
7892416
7963200
8034300
8105716
8177448
8249496
8321860
8394540
8467536
8540848
8614476
8688420
8762680
8837256
8912148
8987356
9062880
9138720
9214876
9291348
9368136
9445240
9522660
9600396
9678448
9756816
9835500
9914500
9993816
10073448
10153396
10233660
10314240
10395136
10476348
10557876
10639720
10721880
10804356
10887148
10970256
11053680
11137420
11221476
11305848
11390536
11475540
11560860
11646496
11732448
11818716
11905300
11992200
12079416
12166948
12254796
12342960
12431440
12520236
12609348
12698776
12788520
12878580
12968956
13059648
13150656
13241980
13333620
13425576
13517848
13610436
13703340
13796560
13890096
13983948
14078116
14172600
14267400
14362516
14457948
14553696
14649760
14746140
14842836
14939848
15037176
15134820
15232780
15331056
15429648
15528556
15627780
15727320
15827176
31504726
