827
2481
4962
8270
12405
17367
23156
29772
37215
45485
54582
64506
75257
86835
99240
112472
126531
141417
157130
173670
191037
209231
228252
248100
268775
290277
312606
335762
359745
384555
410192
436656
463947
492065
521010
550782
581381
612807
645060
678140
712047
746781
782342
818730
855945
893987
932856
972552
1013075
1054425
1096602
1139606
1183437
1228095
1273580
1319892
1367031
1414997
1463790
1513410
1563857
1615131
1667232
1720160
1773915
1828497
1883906
1940142
1997205
2055095
2113812
2173356
2233727
2294925
2356950
2419802
2483481
2547987
2613320
2679480
2746467
2814281
2882922
2952390
3022685
3093807
3165756
3238532
3312135
3386565
3461822
3537906
3614817
3692555
3771120
3850512
3930731
4011777
4093650
4176350
4259877
4344231
4429412
4515420
4602255
4689917
4778406
4867722
4957865
5048835
5140632
5233256
5326707
5420985
5516090
5612022
5708781
5806367
5904780
6004020
6104087
6204981
6306702
6409250
6512625
6616827
6721856
6827712
6934395
7041905
7150242
7259406
7369397
7480215
7591860
7704332
7817631
7931757
8046710
8162490
8279097
8396531
8514792
8633880
8753795
8874537
8996106
9118502
9241725
9365775
9490652
9616356
9742887
9870245
9998430
10127442
10257281
10387947
10519440
10651760
10784907
10918881
11053682
11189310
11325765
11463047
11601156
11740092
11879855
12020445
12161862
12304106
12447177
12591075
12735800
12881352
13027731
13174937
13322970
13471830
13621517
13772031
13923372
14075540
14228535
14382357
14537006
14692482
14848785
15005915
15163872
15322656
15482267
15642705
15803970
15966062
16128981
16292727
16457300
16622700
16788927
16955981
17123862
17292570
17462105
17632467
17803656
17975672
18148515
18322185
18496682
18672006
18848157
19025135
19202940
19381572
19561031
19741317
19922430
20104370
20287137
20470731
20655152
20840400
21026475
21213377
21401106
21589662
21779045
21969255
22160292
22352156
22544847
22738365
22932710
23127882
23323881
23520707
23718360
23916840
24116147
24316281
24517242
24719030
24921645
25125087
25329356
25534452
25740375
25947125
26154702
26363106
26572337
26782395
26993280
27204992
27417531
27630897
27845090
28060110
28275957
28492631
28710132
28928460
29147615
29367597
29588406
29810042
30032505
30255795
30479912
30704856
30930627
31157225
31384650
31612902
31841981
32071887
32302620
32534180
32766567
32999781
33233822
33468690
33704385
33940907
34178256
34416432
34655435
34895265
35135922
35377406
35619717
35862855
36106820
36351612
36597231
36843677
37090950
37339050
37587977
37837731
38088312
38339720
38591955
38845017
39098906
39353622
39609165
39865535
40122732
40380756
40639607
40899285
41159790
41421122
41683281
41946267
42210080
42474720
42740187
43006481
43273602
43541550
43810325
44079927
44350356
44621612
44893695
45166605
45440342
45714906
45990297
46266515
46543560
46821432
47100131
47379657
47660010
47941190
48223197
48506031
48789692
49074180
49359495
49645637
49932606
50220402
50509025
50798475
51088752
51379856
51671787
51964545
52258130
52552542
52847781
53143847
53440740
53738460
54037007
54336381
54636582
54937610
55239465
55542147
55845656
56149992
56455155
56761145
57067962
57375606
57684077
57993375
58303500
58614452
58926231
59238837
59552270
59866530
60181617
60497531
60814272
61131840
61450235
61769457
62089506
62410382
62732085
63054615
63377972
63702156
64027167
64353005
64679670
65007162
65335481
65664627
65994600
66325400
66657027
66989481
67322762
67656870
67991805
68327567
68664156
69001572
69339815
69678885
70018782
70359506
70701057
71043435
71386640
71730672
72075531
72421217
72767730
73115070
73463237
73812231
74162052
74512700
74864175
75216477
75569606
75923562
76278345
76633955
76990392
77347656
77705747
78064665
78424410
78784982
79146381
79508607
79871660
80235540
80600247
80965781
81332142
81699330
82067345
82436187
82805856
83176352
83547675
83919825
84292802
84666606
85041237
85416695
85792980
86170092
86548031
86926797
87306390
87686810
88068057
88450131
88833032
89216760
89601315
89986697
90372906
90759942
91147805
91536495
91926012
92316356
92707527
93099525
93492350
93886002
94280481
94675787
95071920
95468880
95866667
96265281
96664722
97064990
97466085
97868007
98270756
98674332
99078735
99483965
99890022
100296906
100704617
101113155
101522520
101932712
102343731
102755577
103168250
103581750
103996077
104411231
104827212
105244020
105661655
106080117
106499406
106919522
107340465
107762235
108184832
108608256
109032507
109457585
109883490
110310222
110737781
111166167
111595380
112025420
112456287
112887981
113320502
113753850
114188025
114623027
115058856
115495512
115932995
116371305
116810442
117250406
117691197
118132815
118575260
119018532
119462631
119907557
120353310
120799890
121247297
121695531
122144592
122594480
123045195
123496737
123949106
124402302
124856325
125311175
125766852
126223356
126680687
127138845
127597830
128057642
128518281
128979747
129442040
129905160
130369107
130833881
131299482
131765910
132233165
132701247
133170156
133639892
134110455
134581845
135054062
135527106
136000977
136475675
136951200
137427552
137904731
138382737
138861570
139341230
139821717
140303031
140785172
141268140
141751935
142236557
142722006
143208282
143695385
144183315
144672072
145161656
145652067
146143305
146635370
147128262
147621981
148116527
148611900
149108100
149605127
150102981
150601662
151101170
151601505
152102667
152604656
153107472
153611115
154115585
154620882
155127006
155633957
156141735
156650340
157159772
157670031
158181117
158693030
159205770
159719337
160233731
160748952
161265000
161781875
162299577
162818106
163337462
163857645
164378655
164900492
165423156
165946647
166470965
166996110
167522082
168048881
168576507
169104960
169634240
170164347
170695281
171227042
171759630
172293045
172827287
173362356
173898252
174434975
174972525
175510902
176050106
176590137
177130995
177672680
178215192
178758531
179302697
179847690
180393510
180940157
181487631
182035932
182585060
183135015
183685797
184237406
184789842
185343105
185897195
186452112
187007856
187564427
188121825
188680050
189239102
189798981
190359687
190921220
191483580
192046767
192610781
193175622
193741290
194307785
194875107
195443256
196012232
196582035
197152665
197724122
198296406
198869517
199443455
200018220
200593812
201170231
201747477
202325550
202904450
203484177
204064731
204646112
205228320
205811355
206395217
206979906
207565422
208151765
208738935
209326932
209915756
210505407
211095885
211687190
212279322
212872281
213466067
214060680
214656120
215252387
215849481
216447402
217046150
217645725
218246127
218847356
219449412
220052295
220656005
221260542
221865906
222472097
223079115
223686960
224295632
224905131
225515457
226126610
226738590
227351397
227965031
228579492
229194780
229810895
230427837
231045606
231664202
232283625
232903875
233524952
234146856
234769587
235393145
236017530
236642742
237268781
237895647
238523340
239151860
239781207
240411381
241042382
241674210
242306865
242940347
243574656
244209792
244845755
245482545
246120162
246758606
247397877
248037975
248678900
249320652
249963231
250606637
251250870
251895930
252541817
253188531
253836072
254484440
255133635
255783657
256434506
257086182
257738685
258392015
259046172
259701156
260356967
261013605
261671070
262329362
262988481
263648427
264309200
264970800
265633227
266296481
266960562
267625470
268291205
268957767
269625156
270293372
270962415
271632285
272302982
272974506
273646857
274320035
274994040
275668872
276344531
277021017
277698330
278376470
279055437
279735231
280415852
281097300
281779575
282462677
283146606
828
2484
4968
8280
12420
17388
23184
29808
37260
45540
54648
64584
75348
86940
99360
112608
126684
141588
157320
173880
191268
209484
228528
248400
269100
290628
312984
336168
360180
385020
410688
437184
464508
492660
521640
551448
582084
613548
645840
678960
712908
747684
783288
819720
856980
895068
933984
973728
1014300
1055700
1097928
1140984
1184868
1229580
1275120
1321488
1368684
1416708
1465560
1515240
1565748
1617084
1669248
1722240
1776060
1830708
1886184
1942488
1999620
2057580
2116368
2175984
2236428
2297700
2359800
2422728
2486484
2551068
2616480
2682720
2749788
2817684
2886408
2955960
3026340
3097548
3169584
3242448
3316140
3390660
3466008
3542184
3619188
3697020
3775680
3855168
3935484
4016628
4098600
4181400
4265028
4349484
4434768
4520880
4607820
4695588
4784184
4873608
4963860
5054940
5146848
5239584
5333148
5427540
5522760
5618808
5715684
5813388
5911920
6011280
6111468
6212484
6314328
6417000
6520500
6624828
6729984
6835968
6942780
7050420
7158888
7268184
7378308
7489260
7601040
7713648
7827084
7941348
8056440
8172360
8289108
8406684
8525088
8644320
8764380
8885268
9006984
9129528
9252900
9377100
9502128
9627984
9754668
9882180
10010520
10139688
10269684
10400508
10532160
10664640
10797948
10932084
11067048
11202840
11339460
11476908
11615184
11754288
11894220
12034980
12176568
12318984
12462228
12606300
12751200
12896928
13043484
13190868
13339080
13488120
13637988
13788684
13940208
14092560
14245740
14399748
14554584
14710248
14866740
15024060
15182208
15341184
15500988
15661620
15823080
15985368
16148484
16312428
16477200
16642800
16809228
16976484
17144568
17313480
17483220
17653788
17825184
17997408
18170460
18344340
18519048
18694584
18870948
19048140
19226160
19405008
19584684
19765188
19946520
20128680
20311668
20495484
20680128
20865600
21051900
21239028
21426984
21615768
21805380
21995820
22187088
22379184
22572108
22765860
22960440
23155848
23352084
23549148
23747040
23945760
24145308
24345684
24546888
24748920
24951780
25155468
25359984
25565328
25771500
25978500
26186328
26394984
26604468
26814780
27025920
27237888
27450684
27664308
27878760
28094040
28310148
28527084
28744848
28963440
29182860
29403108
29624184
29846088
30068820
30292380
30516768
30741984
30968028
31194900
31422600
31651128
31880484
32110668
32341680
32573520
32806188
33039684
33274008
33509160
33745140
33981948
34219584
34458048
34697340
34937460
35178408
35420184
35662788
35906220
36150480
36395568
36641484
36888228
37135800
37384200
37633428
37883484
38134368
38386080
38638620
38891988
39146184
39401208
39657060
39913740
40171248
40429584
40688748
40948740
41209560
41471208
41733684
41996988
42261120
42526080
42791868
43058484
43325928
43594200
43863300
44133228
44403984
44675568
44947980
45221220
45495288
45770184
46045908
46322460
46599840
46878048
47157084
47436948
47717640
47999160
48281508
48564684
48848688
49133520
49419180
49705668
49992984
50281128
50570100
50859900
51150528
51441984
51734268
52027380
52321320
52616088
52911684
53208108
53505360
53803440
54102348
54402084
54702648
55004040
55306260
55609308
55913184
56217888
56523420
56829780
57136968
57444984
57753828
58063500
58374000
58685328
58997484
59310468
59624280
59938920
60254388
60570684
60887808
61205760
61524540
61844148
62164584
62485848
62807940
63130860
63454608
63779184
64104588
64430820
64757880
65085768
65414484
65744028
66074400
66405600
66737628
67070484
67404168
67738680
68074020
68410188
68747184
69085008
69423660
69763140
70103448
70444584
70786548
71129340
71472960
71817408
72162684
72508788
72855720
73203480
73552068
73901484
74251728
74602800
74954700
75307428
75660984
76015368
76370580
76726620
77083488
77441184
77799708
78159060
78519240
78880248
79242084
79604748
79968240
80332560
80697708
81063684
81430488
81798120
82166580
82535868
82905984
83276928
83648700
84021300
84394728
84768984
85144068
85519980
85896720
86274288
86652684
87031908
87411960
87792840
88174548
88557084
88940448
89324640
89709660
90095508
90482184
90869688
91258020
91647180
92037168
92427984
92819628
93212100
93605400
93999528
94394484
94790268
95186880
95584320
95982588
96381684
96781608
97182360
97583940
97986348
98389584
98793648
99198540
99604260
100010808
100418184
100826388
101235420
101645280
102055968
102467484
102879828
103293000
103707000
104121828
104537484
104953968
105371280
105789420
106208388
106628184
107048808
107470260
107892540
108315648
108739584
109164348
109589940
110016360
110443608
110871684
111300588
111730320
112160880
112592268
113024484
113457528
113891400
114326100
114761628
115197984
115635168
116073180
116512020
116951688
117392184
117833508
118275660
118718640
119162448
119607084
120052548
120498840
120945960
121393908
121842684
122292288
122742720
123193980
123646068
124098984
124552728
125007300
125462700
125918928
126375984
126833868
127292580
127752120
128212488
128673684
129135708
129598560
130062240
130526748
130992084
131458248
131925240
132393060
132861708
133331184
133801488
134272620
134744580
135217368
135690984
136165428
136640700
137116800
137593728
138071484
138550068
139029480
139509720
139990788
140472684
140955408
141438960
141923340
142408548
142894584
143381448
143869140
144357660
144847008
145337184
145828188
146320020
146812680
147306168
147800484
148295628
148791600
149288400
149786028
150284484
150783768
151283880
151784820
152286588
152789184
153292608
153796860
154301940
154807848
155314584
155822148
156330540
156839760
157349808
157860684
158372388
158884920
159398280
159912468
160427484
160943328
161460000
161977500
162495828
163014984
163534968
164055780
164577420
165099888
165623184
166147308
166672260
167198040
167724648
168252084
168780348
169309440
169839360
170370108
170901684
171434088
171967320
172501380
173036268
173571984
174108528
174645900
175184100
175723128
176262984
176803668
177345180
177887520
178430688
178974684
179519508
180065160
180611640
181158948
181707084
182256048
182805840
183356460
183907908
184460184
185013288
185567220
186121980
186677568
187233984
187791228
188349300
188908200
189467928
190028484
190589868
191152080
191715120
192278988
192843684
193409208
193975560
194542740
195110748
195679584
196249248
196819740
197391060
197963208
198536184
199109988
199684620
200260080
200836368
201413484
201991428
202570200
203149800
203730228
204311484
204893568
205476480
206060220
206644788
207230184
207816408
208403460
208991340
209580048
210169584
210759948
211351140
211943160
212536008
213129684
213724188
214319520
214915680
215512668
216110484
216709128
217308600
217908900
218510028
219111984
219714768
220318380
220922820
221528088
222134184
222741108
223348860
223957440
224566848
225177084
225788148
226400040
227012760
227626308
228240684
228855888
229471920
230088780
230706468
231324984
231944328
232564500
233185500
233807328
234429984
235053468
235677780
236302920
236928888
237555684
238183308
238811760
239441040
240071148
240702084
241333848
241966440
242599860
243234108
243869184
244505088
245141820
245779380
246417768
247056984
247697028
248337900
248979600
249622128
250265484
250909668
251554680
252200520
252847188
253494684
254143008
254792160
255442140
256092948
256744584
257397048
258050340
258704460
259359408
260015184
260671788
261329220
261987480
262646568
263306484
263967228
264628800
265291200
265954428
266618484
267283368
267949080
268615620
269282988
269951184
270620208
271290060
271960740
272632248
273304584
273977748
274651740
275326560
276002208
276678684
277355988
278034120
278713080
279392868
280073484
280754928
281437200
282120300
282804228
283488984
284174568
567321174
