803
2409
4818
8030
12045
16863
22484
28908
36135
44165
52998
62634
73073
84315
96360
109208
122859
137313
152570
168630
185493
203159
221628
240900
260975
281853
303534
326018
349305
373395
398288
423984
450483
477785
505890
534798
564509
595023
626340
658460
691383
725109
759638
794970
831105
868043
905784
944328
983675
1023825
1064778
1106534
1149093
1192455
1236620
1281588
1327359
1373933
1421310
1469490
1518473
1568259
1618848
1670240
1722435
1775433
1829234
1883838
1939245
1995455
2052468
2110284
2168903
2228325
2288550
2349578
2411409
2474043
2537480
2601720
2666763
2732609
2799258
2866710
2934965
3004023
3073884
3144548
3216015
3288285
3361358
3435234
3509913
3585395
3661680
3738768
3816659
3895353
3974850
4055150
4136253
4218159
4300868
4384380
4468695
4553813
4639734
4726458
4813985
4902315
4991448
5081384
5172123
5263665
5356010
5449158
5543109
5637863
5733420
5829780
5926943
6024909
6123678
6223250
6323625
6424803
6526784
6629568
6733155
6837545
6942738
7048734
7155533
7263135
7371540
7480748
7590759
7701573
7813190
7925610
8038833
8152859
8267688
8383320
8499755
8616993
8735034
8853878
8973525
9093975
9215228
9337284
9460143
9583805
9708270
9833538
9959609
10086483
10214160
10342640
10471923
10602009
10732898
10864590
10997085
11130383
11264484
11399388
11535095
11671605
11808918
11947034
12085953
12225675
12366200
12507528
12649659
12792593
12936330
13080870
13226213
13372359
13519308
13667060
13815615
13964973
14115134
14266098
14417865
14570435
14723808
14877984
15032963
15188745
15345330
15502718
15660909
15819903
15979700
16140300
16301703
16463909
16626918
16790730
16955345
17120763
17286984
17454008
17621835
17790465
17959898
18130134
18301173
18473015
18645660
18819108
18993359
19168413
19344270
19520930
19698393
19876659
20055728
20235600
20416275
20597753
20780034
20963118
21147005
21331695
21517188
21703484
21890583
22078485
22267190
22456698
22647009
22838123
23030040
23222760
23416283
23610609
23805738
24001670
24198405
24395943
24594284
24793428
24993375
25194125
25395678
25598034
25801193
26005155
26209920
26415488
26621859
26829033
27037010
27245790
27455373
27665759
27876948
28088940
28301735
28515333
28729734
28944938
29160945
29377755
29595368
29813784
30033003
30253025
30473850
30695478
30917909
31141143
31365180
31590020
31815663
32042109
32269358
32497410
32726265
32955923
33186384
33417648
33649715
33882585
34116258
34350734
34586013
34822095
35058980
35296668
35535159
35774453
36014550
36255450
36497153
36739659
36982968
37227080
37471995
37717713
37964234
38211558
38459685
38708615
38958348
39208884
39460223
39712365
39965310
40219058
40473609
40728963
40985120
41242080
41499843
41758409
42017778
42277950
42538925
42800703
43063284
43326668
43590855
43855845
44121638
44388234
44655633
44923835
45192840
45462648
45733259
46004673
46276890
46549910
46823733
47098359
47373788
47650020
47927055
48204893
48483534
48762978
49043225
49324275
49606128
49888784
50172243
50456505
50741570
51027438
51314109
51601583
51889860
52178940
52468823
52759509
53050998
53343290
53636385
53930283
54224984
54520488
54816795
55113905
55411818
55710534
56010053
56310375
56611500
56913428
57216159
57519693
57824030
58129170
58435113
58741859
59049408
59357760
59666915
59976873
60287634
60599198
60911565
61224735
61538708
61853484
62169063
62485445
62802630
63120618
63439409
63759003
64079400
64400600
64722603
65045409
65369018
65693430
66018645
66344663
66671484
66999108
67327535
67656765
67986798
68317634
68649273
68981715
69314960
69649008
69983859
70319513
70655970
70993230
71331293
71670159
72009828
72350300
72691575
73033653
73376534
73720218
74064705
74409995
74756088
75102984
75450683
75799185
76148490
76498598
76849509
77201223
77553740
77907060
78261183
78616109
78971838
79328370
79685705
80043843
80402784
80762528
81123075
81484425
81846578
82209534
82573293
82937855
83303220
83669388
84036359
84404133
84772710
85142090
85512273
85883259
86255048
86627640
87001035
87375233
87750234
88126038
88502645
88880055
89258268
89637284
90017103
90397725
90779150
91161378
91544409
91928243
92312880
92698320
93084563
93471609
93859458
94248110
94637565
95027823
95418884
95810748
96203415
96596885
96991158
97386234
97782113
98178795
98576280
98974568
99373659
99773553
100174250
100575750
100978053
101381159
101785068
102189780
102595295
103001613
103408734
103816658
104225385
104634915
105045248
105456384
105868323
106281065
106694610
107108958
107524109
107940063
108356820
108774380
109192743
109611909
110031878
110452650
110874225
111296603
111719784
112143768
112568555
112994145
113420538
113847734
114275733
114704535
115134140
115564548
115995759
116427773
116860590
117294210
117728633
118163859
118599888
119036720
119474355
119912793
120352034
120792078
121232925
121674575
122117028
122560284
123004343
123449205
123894870
124341338
124788609
125236683
125685560
126135240
126585723
127037009
127489098
127941990
128395685
128850183
129305484
129761588
130218495
130676205
131134718
131594034
132054153
132515075
132976800
133439328
133902659
134366793
134831730
135297470
135764013
136231359
136699508
137168460
137638215
138108773
138580134
139052298
139525265
139999035
140473608
140948984
141425163
141902145
142379930
142858518
143337909
143818103
144299100
144780900
145263503
145746909
146231118
146716130
147201945
147688563
148175984
148664208
149153235
149643065
150133698
150625134
151117373
151610415
152104260
152598908
153094359
153590613
154087670
154585530
155084193
155583659
156083928
156585000
157086875
157589553
158093034
158597318
159102405
159608295
160114988
160622484
161130783
161639885
162149790
162660498
163172009
163684323
164197440
164711360
165226083
165741609
166257938
166775070
167293005
167811743
168331284
168851628
169372775
169894725
170417478
170941034
171465393
171990555
172516520
173043288
173570859
174099233
174628410
175158390
175689173
176220759
176753148
177286340
177820335
178355133
178890734
179427138
179964345
180502355
181041168
181580784
182121203
182662425
183204450
183747278
184290909
184835343
185380580
185926620
186473463
187021109
187569558
188118810
188668865
189219723
189771384
190323848
190877115
191431185
191986058
192541734
193098213
193655495
194213580
194772468
195332159
195892653
196453950
197016050
197578953
198142659
198707168
199272480
199838595
200405513
200973234
201541758
202111085
202681215
203252148
203823884
204396423
204969765
205543910
206118858
206694609
207271163
207848520
208426680
209005643
209585409
210165978
210747350
211329525
211912503
212496284
213080868
213666255
214252445
214839438
215427234
216015833
216605235
217195440
217786448
218378259
218970873
219564290
220158510
220753533
221349359
221945988
222543420
223141655
223740693
224340534
224941178
225542625
226144875
226747928
227351784
227956443
228561905
229168170
229775238
230383109
230991783
231601260
232211540
232822623
233434509
234047198
234660690
235274985
235890083
236505984
237122688
237740195
238358505
238977618
239597534
240218253
240839775
241462100
242085228
242709159
243333893
243959430
244585770
245212913
245840859
246469608
247099160
247729515
248360673
248992634
249625398
250258965
250893335
251528508
252164484
252801263
253438845
254077230
254716418
255356409
255997203
256638800
257281200
257924403
258568409
259213218
804
2412
4824
8040
12060
16884
22512
28944
36180
44220
53064
62712
73164
84420
96480
109344
123012
137484
152760
168840
185724
203412
221904
241200
261300
282204
303912
326424
349740
373860
398784
424512
451044
478380
506520
535464
565212
595764
627120
659280
692244
726012
760584
795960
832140
869124
906912
945504
984900
1025100
1066104
1107912
1150524
1193940
1238160
1283184
1329012
1375644
1423080
1471320
1520364
1570212
1620864
1672320
1724580
1777644
1831512
1886184
1941660
1997940
2055024
2112912
2171604
2231100
2291400
2352504
2414412
2477124
2540640
2604960
2670084
2736012
2802744
2870280
2938620
3007764
3077712
3148464
3220020
3292380
3365544
3439512
3514284
3589860
3666240
3743424
3821412
3900204
3979800
4060200
4141404
4223412
4306224
4389840
4474260
4559484
4645512
4732344
4819980
4908420
4997664
5087712
5178564
5270220
5362680
5455944
5550012
5644884
5740560
5837040
5934324
6032412
6131304
6231000
6331500
6432804
6534912
6637824
6741540
6846060
6951384
7057512
7164444
7272180
7380720
7490064
7600212
7711164
7822920
7935480
8048844
8163012
8277984
8393760
8510340
8627724
8745912
8864904
8984700
9105300
9226704
9348912
9471924
9595740
9720360
9845784
9972012
10099044
10226880
10355520
10484964
10615212
10746264
10878120
11010780
11144244
11278512
11413584
11549460
11686140
11823624
11961912
12101004
12240900
12381600
12523104
12665412
12808524
12952440
13097160
13242684
13389012
13536144
13684080
13832820
13982364
14132712
14283864
14435820
14588580
14742144
14896512
15051684
15207660
15364440
15522024
15680412
15839604
15999600
16160400
16322004
16484412
16647624
16811640
16976460
17142084
17308512
17475744
17643780
17812620
17982264
18152712
18323964
18496020
18668880
18842544
19017012
19192284
19368360
19545240
19722924
19901412
20080704
20260800
20441700
20623404
20805912
20989224
21173340
21358260
21543984
21730512
21917844
22105980
22294920
22484664
22675212
22866564
23058720
23251680
23445444
23640012
23835384
24031560
24228540
24426324
24624912
24824304
25024500
25225500
25427304
25629912
25833324
26037540
26242560
26448384
26655012
26862444
27070680
27279720
27489564
27700212
27911664
28123920
28336980
28550844
28765512
28980984
29197260
29414340
29632224
29850912
30070404
30290700
30511800
30733704
30956412
31179924
31404240
31629360
31855284
32082012
32309544
32537880
32767020
32996964
33227712
33459264
33691620
33924780
34158744
34393512
34629084
34865460
35102640
35340624
35579412
35819004
36059400
36300600
36542604
36785412
37029024
37273440
37518660
37764684
38011512
38259144
38507580
38756820
39006864
39257712
39509364
39761820
40015080
40269144
40524012
40779684
41036160
41293440
41551524
41810412
42070104
42330600
42591900
42854004
43116912
43380624
43645140
43910460
44176584
44443512
44711244
44979780
45249120
45519264
45790212
46061964
46334520
46607880
46882044
47157012
47432784
47709360
47986740
48264924
48543912
48823704
49104300
49385700
49667904
49950912
50234724
50519340
50804760
51090984
51378012
51665844
51954480
52243920
52534164
52825212
53117064
53409720
53703180
53997444
54292512
54588384
54885060
55182540
55480824
55779912
56079804
56380500
56682000
56984304
57287412
57591324
57896040
58201560
58507884
58815012
59122944
59431680
59741220
60051564
60362712
60674664
60987420
61300980
61615344
61930512
62246484
62563260
62880840
63199224
63518412
63838404
64159200
64480800
64803204
65126412
65450424
65775240
66100860
66427284
66754512
67082544
67411380
67741020
68071464
68402712
68734764
69067620
69401280
69735744
70071012
70407084
70743960
71081640
71420124
71759412
72099504
72440400
72782100
73124604
73467912
73812024
74156940
74502660
74849184
75196512
75544644
75893580
76243320
76593864
76945212
77297364
77650320
78004080
78358644
78714012
79070184
79427160
79784940
80143524
80502912
80863104
81224100
81585900
81948504
82311912
82676124
83041140
83406960
83773584
84141012
84509244
84878280
85248120
85618764
85990212
86362464
86735520
87109380
87484044
87859512
88235784
88612860
88990740
89369424
89748912
90129204
90510300
90892200
91274904
91658412
92042724
92427840
92813760
93200484
93588012
93976344
94365480
94755420
95146164
95537712
95930064
96323220
96717180
97111944
97507512
97903884
98301060
98699040
99097824
99497412
99897804
100299000
100701000
101103804
101507412
101911824
102317040
102723060
103129884
103537512
103945944
104355180
104765220
105176064
105587712
106000164
106413420
106827480
107242344
107658012
108074484
108491760
108909840
109328724
109748412
110168904
110590200
111012300
111435204
111858912
112283424
112708740
113134860
113561784
113989512
114418044
114847380
115277520
115708464
116140212
116572764
117006120
117440280
117875244
118311012
118747584
119184960
119623140
120062124
120501912
120942504
121383900
121826100
122269104
122712912
123157524
123602940
124049160
124496184
124944012
125392644
125842080
126292320
126743364
127195212
127647864
128101320
128555580
129010644
129466512
129923184
130380660
130838940
131298024
131757912
132218604
132680100
133142400
133605504
134069412
134534124
134999640
135465960
135933084
136401012
136869744
137339280
137809620
138280764
138752712
139225464
139699020
140173380
140648544
141124512
141601284
142078860
142557240
143036424
143516412
143997204
144478800
144961200
145444404
145928412
146413224
146898840
147385260
147872484
148360512
148849344
149338980
149829420
150320664
150812712
151305564
151799220
152293680
152788944
153285012
153781884
154279560
154778040
155277324
155777412
156278304
156780000
157282500
157785804
158289912
158794824
159300540
159807060
160314384
160822512
161331444
161841180
162351720
162863064
163375212
163888164
164401920
164916480
165431844
165948012
166464984
166982760
167501340
168020724
168540912
169061904
169583700
170106300
170629704
171153912
171678924
172204740
172731360
173258784
173787012
174316044
174845880
175376520
175907964
176440212
176973264
177507120
178041780
178577244
179113512
179650584
180188460
180727140
181266624
181806912
182348004
182889900
183432600
183976104
184520412
185065524
185611440
186158160
186705684
187254012
187803144
188353080
188903820
189455364
190007712
190560864
191114820
191669580
192225144
192781512
193338684
193896660
194455440
195015024
195575412
196136604
196698600
197261400
197825004
198389412
198954624
199520640
200087460
200655084
201223512
201792744
202362780
202933620
203505264
204077712
204650964
205225020
205799880
206375544
206952012
207529284
208107360
208686240
209265924
209846412
210427704
211009800
211592700
212176404
212760912
213346224
213932340
214519260
215106984
215695512
216284844
216874980
217465920
218057664
218650212
219243564
219837720
220432680
221028444
221625012
222222384
222820560
223419540
224019324
224619912
225221304
225823500
226426500
227030304
227634912
228240324
228846540
229453560
230061384
230670012
231279444
231889680
232500720
233112564
233725212
234338664
234952920
235567980
236183844
236800512
237417984
238036260
238655340
239275224
239895912
240517404
241139700
241762800
242386704
243011412
243636924
244263240
244890360
245518284
246147012
246776544
247406880
248038020
248669964
249302712
249936264
250570620
251205780
251841744
252478512
253116084
253754460
254393640
255033624
255674412
256316004
256958400
257601600
258245604
258890412
259536024
260182440
519395658
