371
1113
2226
3710
5565
7791
10388
13356
16695
20405
24486
28938
33761
38955
44520
50456
56763
63441
70490
77910
85701
93863
102396
111300
120575
130221
140238
150626
161385
172515
184016
195888
208131
220745
233730
247086
260813
274911
289380
304220
319431
335013
350966
367290
383985
401051
418488
436296
454475
473025
491946
511238
530901
550935
571340
592116
613263
634781
656670
678930
701561
724563
747936
771680
795795
820281
845138
870366
895965
921935
948276
974988
1002071
1029525
1057350
1085546
1114113
1143051
1172360
1202040
1232091
1262513
1293306
1324470
1356005
1387911
1420188
1452836
1485855
1519245
1553006
1587138
1621641
1656515
1691760
1727376
1763363
1799721
1836450
1873550
1911021
1948863
1987076
2025660
2064615
2103941
2143638
2183706
2224145
2264955
2306136
2347688
2389611
2431905
2474570
2517606
2561013
2604791
2648940
2693460
2738351
2783613
2829246
2875250
2921625
2968371
3015488
3062976
3110835
3159065
3207666
3256638
3305981
3355695
3405780
3456236
3507063
3558261
3609830
3661770
3714081
3766763
3819816
3873240
3927035
3981201
4035738
4090646
4145925
4201575
4257596
4313988
4370751
4427885
4485390
4543266
4601513
4660131
4719120
4778480
4838211
4898313
4958786
5019630
5080845
5142431
5204388
5266716
5329415
5392485
5455926
5519738
5583921
5648475
5713400
5778696
5844363
5910401
5976810
6043590
6110741
6178263
6246156
6314420
6383055
6452061
6521438
6591186
6661305
6731795
6802656
6873888
6945491
7017465
7089810
7162526
7235613
7309071
7382900
7457100
7531671
7606613
7681926
7757610
7833665
7910091
7986888
8064056
8141595
8219505
8297786
8376438
8455461
8534855
8614620
8694756
8775263
8856141
8937390
9019010
9101001
9183363
9266096
9349200
9432675
9516521
9600738
9685326
9770285
9855615
9941316
10027388
10113831
10200645
10287830
10375386
10463313
10551611
10640280
10729320
10818731
10908513
10998666
11089190
11180085
11271351
11362988
11454996
11547375
11640125
11733246
11826738
11920601
12014835
12109440
12204416
12299763
12395481
12491570
12588030
12684861
12782063
12879636
12977580
13075895
13174581
13273638
13373066
13472865
13573035
13673576
13774488
13875771
13977425
14079450
14181846
14284613
14387751
14491260
14595140
14699391
14804013
14909006
15014370
15120105
15226211
15332688
15439536
15546755
15654345
15762306
15870638
15979341
16088415
16197860
16307676
16417863
16528421
16639350
16750650
16862321
16974363
17086776
17199560
17312715
17426241
17540138
17654406
17769045
17884055
17999436
18115188
18231311
18347805
18464670
18581906
18699513
18817491
18935840
19054560
19173651
19293113
19412946
19533150
19653725
19774671
19895988
20017676
20139735
20262165
20384966
20508138
20631681
20755595
20879880
21004536
21129563
21254961
21380730
21506870
21633381
21760263
21887516
22015140
22143135
22271501
22400238
22529346
22658825
22788675
22918896
23049488
23180451
23311785
23443490
23575566
23708013
23840831
23974020
24107580
24241511
24375813
24510486
24645530
24780945
24916731
25052888
25189416
25326315
25463585
25601226
372
1116
2232
3720
5580
7812
10416
13392
16740
20460
24552
29016
33852
39060
44640
50592
56916
63612
70680
78120
85932
94116
102672
111600
120900
130572
140616
151032
161820
172980
184512
196416
208692
221340
234360
247752
261516
275652
290160
305040
320292
335916
351912
368280
385020
402132
419616
437472
455700
474300
493272
512616
532332
552420
572880
593712
614916
636492
658440
680760
703452
726516
749952
773760
797940
822492
847416
872712
898380
924420
950832
977616
1004772
1032300
1060200
1088472
1117116
1146132
1175520
1205280
1235412
1265916
1296792
1328040
1359660
1391652
1424016
1456752
1489860
1523340
1557192
1591416
1626012
1660980
1696320
1732032
1768116
1804572
1841400
1878600
1916172
1954116
1992432
2031120
2070180
2109612
2149416
2189592
2230140
2271060
2312352
2354016
2396052
2438460
2481240
2524392
2567916
2611812
2656080
2700720
2745732
2791116
2836872
2883000
2929500
2976372
3023616
3071232
3119220
3167580
3216312
3265416
3314892
3364740
3414960
3465552
3516516
3567852
3619560
3671640
3724092
3776916
3830112
3883680
3937620
3991932
4046616
4101672
4157100
4212900
4269072
4325616
4382532
4439820
4497480
4555512
4613916
4672692
4731840
4791360
4851252
4911516
4972152
5033160
5094540
5156292
5218416
5280912
5343780
5407020
5470632
5534616
5598972
5663700
5728800
5794272
5860116
5926332
5992920
6059880
6127212
6194916
6262992
6331440
6400260
6469452
6539016
6608952
6679260
6749940
6820992
6892416
6964212
7036380
7108920
7181832
7255116
7328772
7402800
7477200
7551972
7627116
7702632
7778520
7854780
7931412
8008416
8085792
8163540
8241660
8320152
8399016
8478252
8557860
8637840
8718192
8798916
8880012
8961480
9043320
9125532
9208116
9291072
9374400
9458100
9542172
9626616
9711432
9796620
9882180
9968112
10054416
10141092
10228140
10315560
10403352
10491516
10580052
10668960
10758240
10847892
10937916
11028312
11119080
11210220
11301732
11393616
11485872
11578500
11671500
11764872
11858616
11952732
12047220
12142080
12237312
12332916
12428892
12525240
12621960
12719052
12816516
12914352
13012560
13111140
13210092
13309416
13409112
13509180
13609620
13710432
13811616
13913172
14015100
14117400
14220072
14323116
14426532
14530320
14634480
14739012
14843916
14949192
15054840
15160860
15267252
15374016
15481152
15588660
15696540
15804792
15913416
16022412
16131780
16241520
16351632
16462116
16572972
16684200
16795800
16907772
17020116
17132832
17245920
17359380
17473212
17587416
17701992
17816940
17932260
18047952
18164016
18280452
18397260
18514440
18631992
18749916
18868212
18986880
19105920
19225332
19345116
19465272
19585800
19706700
19827972
19949616
20071632
20194020
20316780
20439912
20563416
20687292
20811540
20936160
21061152
21186516
21312252
21438360
21564840
21691692
21818916
21946512
22074480
22202820
22331532
22460616
22590072
22719900
22850100
22980672
23111616
23242932
23374620
23506680
23639112
23771916
23905092
24038640
24172560
24306852
24441516
24576552
24711960
24847740
24983892
25120416
25257312
25394580
25532220
25670232
25808616
51409842
