953
2859
5718
9530
14295
20013
26684
34308
42885
52415
62898
74334
86723
100065
114360
129608
145809
162963
181070
200130
220143
241109
263028
285900
309725
334503
360234
386918
414555
443145
472688
503184
534633
567035
600390
634698
669959
706173
743340
781460
820533
860559
901538
943470
986355
1030193
1074984
1120728
1167425
1215075
1263678
1313234
1363743
1415205
1467620
1520988
1575309
1630583
1686810
1743990
1802123
1861209
1921248
1982240
2044185
2107083
2170934
2235738
2301495
2368205
2435868
2504484
2574053
2644575
2716050
2788478
2861859
2936193
3011480
3087720
3164913
3243059
3322158
3402210
3483215
3565173
3648084
3731948
3816765
3902535
3989258
4076934
4165563
4255145
4345680
4437168
4529609
4623003
4717350
4812650
4908903
5006109
5104268
5203380
5303445
5404463
5506434
5609358
5713235
5818065
5923848
6030584
6138273
6246915
6356510
6467058
6578559
6691013
6804420
6918780
7034093
7150359
7267578
7385750
7504875
7624953
7745984
7867968
7990905
8114795
8239638
8365434
8492183
8619885
8748540
8878148
9008709
9140223
9272690
9406110
9540483
9675809
9812088
9949320
10087505
10226643
10366734
10507778
10649775
10792725
10936628
11081484
11227293
11374055
11521770
11670438
11820059
11970633
12122160
12274640
12428073
12582459
12737798
12894090
13051335
13209533
13368684
13528788
13689845
13851855
14014818
14178734
14343603
14509425
14676200
14843928
15012609
15182243
15352830
15524370
15696863
15870309
16044708
16220060
16396365
16573623
16751834
16930998
17111115
17292185
17474208
17657184
17841113
18025995
18211830
18398618
18586359
18775053
18964700
19155300
19346853
19539359
19732818
19927230
20122595
20318913
20516184
20714408
20913585
21113715
21314798
21516834
21719823
21923765
22128660
22334508
22541309
22749063
22957770
23167430
23378043
23589609
23802128
24015600
24230025
24445403
24661734
24879018
25097255
25316445
25536588
25757684
25979733
26202735
26426690
26651598
26877459
27104273
27332040
27560760
27790433
28021059
28252638
28485170
28718655
28953093
29188484
29424828
29662125
29900375
30139578
30379734
30620843
30862905
31105920
31349888
31594809
31840683
32087510
32335290
32584023
32833709
33084348
33335940
33588485
33841983
34096434
34351838
34608195
34865505
35123768
35382984
35643153
35904275
36166350
36429378
36693359
36958293
37224180
37491020
37758813
38027559
38297258
38567910
38839515
39112073
39385584
39660048
39935465
40211835
40489158
40767434
41046663
41326845
41607980
41890068
42173109
42457103
42742050
43027950
43314803
43602609
43891368
44181080
44471745
44763363
45055934
45349458
45643935
45939365
46235748
46533084
46831373
47130615
47430810
47731958
48034059
48337113
48641120
48946080
49251993
49558859
49866678
50175450
50485175
50795853
51107484
51420068
51733605
52048095
52363538
52679934
52997283
53315585
53634840
53955048
54276209
54598323
54921390
55245410
55570383
55896309
56223188
56551020
56879805
57209543
57540234
57871878
58204475
58538025
58872528
59207984
59544393
59881755
60220070
60559338
60899559
61240733
61582860
61925940
62269973
62614959
62960898
63307790
63655635
64004433
64354184
64704888
65056545
65409155
65762718
66117234
66472703
66829125
67186500
67544828
67904109
68264343
68625530
68987670
69350763
69714809
70079808
70445760
70812665
71180523
71549334
71919098
72289815
72661485
73034108
73407684
73782213
74157695
74534130
74911518
75289859
75669153
76049400
76430600
76812753
77195859
77579918
77964930
78350895
78737813
79125684
79514508
79904285
80295015
80686698
81079334
81472923
81867465
82262960
82659408
83056809
83455163
83854470
84254730
84655943
85058109
85461228
85865300
86270325
86676303
87083234
87491118
87899955
88309745
88720488
89132184
89544833
89958435
90372990
90788498
91204959
91622373
92040740
92460060
92880333
93301559
93723738
94146870
94570955
94995993
95421984
95848928
96276825
96705675
97135478
97566234
97997943
98430605
98864220
99298788
99734309
100170783
100608210
101046590
101485923
101926209
102367448
102809640
103252785
103696883
104141934
104587938
105034895
105482805
105931668
106381484
106832253
107283975
107736650
108190278
108644859
109100393
109556880
110014320
110472713
110932059
111392358
111853610
112315815
112778973
113243084
113708148
114174165
114641135
115109058
115577934
116047763
116518545
116990280
117462968
117936609
118411203
118886750
119363250
119840703
120319109
120798468
121278780
121760045
122242263
122725434
123209558
123694635
124180665
124667648
125155584
125644473
126134315
126625110
127116858
127609559
128103213
128597820
129093380
129589893
130087359
130585778
131085150
131585475
132086753
132588984
133092168
133596305
134101395
134607438
135114434
135622383
136131285
136641140
137151948
137663709
138176423
138690090
139204710
139720283
140236809
140754288
141272720
141792105
142312443
142833734
143355978
143879175
144403325
144928428
145454484
145981493
146509455
147038370
147568238
148099059
148630833
149163560
149697240
150231873
150767459
151303998
151841490
152379935
152919333
153459684
154000988
154543245
155086455
155630618
156175734
156721803
157268825
157816800
158365728
158915609
159466443
160018230
160570970
161124663
161679309
162234908
162791460
163348965
163907423
164466834
165027198
165588515
166150785
166714008
167278184
167843313
168409395
168976430
169544418
170113359
170683253
171254100
171825900
172398653
172972359
173547018
174122630
174699195
175276713
175855184
176434608
177014985
177596315
178178598
178761834
179346023
179931165
180517260
181104308
181692309
182281263
182871170
183462030
184053843
184646609
185240328
185835000
186430625
187027203
187624734
188223218
188822655
189423045
190024388
190626684
191229933
191834135
192439290
193045398
193652459
194260473
194869440
195479360
196090233
196702059
197314838
197928570
198543255
199158893
199775484
200393028
201011525
201630975
202251378
202872734
203495043
204118305
204742520
205367688
205993809
206620883
207248910
207877890
208507823
209138709
209770548
210403340
211037085
211671783
212307434
212944038
213581595
214220105
214859568
215499984
216141353
216783675
217426950
218071178
218716359
219362493
220009580
220657620
221306613
221956559
222607458
223259310
223912115
224565873
225220584
225876248
226532865
227190435
227848958
228508434
229168863
229830245
230492580
231155868
231820109
232485303
233151450
233818550
234486603
235155609
235825568
236496480
237168345
237841163
238514934
239189658
239865335
240541965
241219548
241898084
242577573
243258015
243939410
244621758
245305059
245989313
246674520
247360680
248047793
248735859
249424878
250114850
250805775
251497653
252190484
252884268
253579005
254274695
254971338
255668934
256367483
257066985
257767440
258468848
259171209
259874523
260578790
261284010
261990183
262697309
263405388
264114420
264824405
265535343
266247234
266960078
267673875
268388625
269104328
269820984
270538593
271257155
271976670
272697138
273418559
274140933
274864260
275588540
276313773
277039959
277767098
278495190
279224235
279954233
280685184
281417088
282149945
282883755
283618518
284354234
285090903
285828525
286567100
287306628
288047109
288788543
289530930
290274270
291018563
291763809
292510008
293257160
294005265
294754323
295504334
296255298
297007215
297760085
298513908
299268684
300024413
300781095
301538730
302297318
303056859
303817353
304578800
305341200
306104553
306868859
307634118
308400330
309167495
309935613
310704684
311474708
312245685
313017615
313790498
314564334
315339123
316114865
316891560
317669208
318447809
319227363
320007870
320789330
321571743
322355109
323139428
323924700
324710925
325498103
326286234
327075318
327865355
328656345
329448288
330241184
331035033
331829835
332625590
333422298
334219959
335018573
335818140
336618660
337420133
338222559
339025938
339830270
340635555
341441793
342248984
343057128
343866225
344676275
345487278
346299234
347112143
347926005
348740820
349556588
350373309
351190983
352009610
352829190
353649723
354471209
355293648
356117040
356941385
357766683
358592934
359420138
360248295
361077405
361907468
362738484
363570453
364403375
365237250
366072078
366907859
367744593
368582280
369420920
370260513
371101059
371942558
372785010
373628415
374472773
375318084
376164348
377011565
377859735
378708858
379558934
380409963
381261945
382114880
382968768
383823609
384679403
385536150
386393850
387252503
388112109
388972668
389834180
390696645
391560063
392424434
393289758
394156035
395023265
395891448
396760584
397630673
398501715
399373710
400246658
401120559
401995413
402871220
403747980
404625693
405504359
406383978
407264550
408146075
409028553
409911984
410796368
411681705
412567995
413455238
414343434
415232583
416122685
417013740
417905748
418798709
419692623
420587490
421483310
422380083
423277809
424176488
425076120
425976705
426878243
427780734
428684178
429588575
430493925
431400228
432307484
433215693
954
2862
5724
9540
14310
20034
26712
34344
42930
52470
62964
74412
86814
100170
114480
129744
145962
163134
181260
200340
220374
241362
263304
286200
310050
334854
360612
387324
414990
443610
473184
503712
535194
567630
601020
635364
670662
706914
744120
782280
821394
861462
902484
944460
987390
1031274
1076112
1121904
1168650
1216350
1265004
1314612
1365174
1416690
1469160
1522584
1576962
1632294
1688580
1745820
1804014
1863162
1923264
1984320
2046330
2109294
2173212
2238084
2303910
2370690
2438424
2507112
2576754
2647350
2718900
2791404
2864862
2939274
3014640
3090960
3168234
3246462
3325644
3405780
3486870
3568914
3651912
3735864
3820770
3906630
3993444
4081212
4169934
4259610
4350240
4441824
4534362
4627854
4722300
4817700
4914054
5011362
5109624
5208840
5309010
5410134
5512212
5615244
5719230
5824170
5930064
6036912
6144714
6253470
6363180
6473844
6585462
6698034
6811560
6926040
7041474
7157862
7275204
7393500
7512750
7632954
7754112
7876224
7999290
8123310
8248284
8374212
8501094
8628930
8757720
8887464
9018162
9149814
9282420
9415980
9550494
9685962
9822384
9959760
10098090
10237374
10377612
10518804
10660950
10804050
10948104
11093112
11239074
11385990
11533860
11682684
11832462
11983194
12134880
12287520
12441114
12595662
12751164
12907620
13065030
13223394
13382712
13542984
13704210
13866390
14029524
14193612
14358654
14524650
14691600
14859504
15028362
15198174
15368940
15540660
15713334
15886962
16061544
16237080
16413570
16591014
16769412
16948764
17129070
17310330
17492544
17675712
17859834
18044910
18230940
18417924
18605862
18794754
18984600
19175400
19367154
19559862
19753524
19948140
20143710
20340234
20537712
20736144
20935530
21135870
21337164
21539412
21742614
21946770
22151880
22357944
22564962
22772934
22981860
23191740
23402574
23614362
23827104
24040800
24255450
24471054
24687612
24905124
25123590
25343010
25563384
25784712
26006994
26230230
26454420
26679564
26905662
27132714
27360720
27589680
27819594
28050462
28282284
28515060
28748790
28983474
29219112
29455704
29693250
29931750
30171204
30411612
30652974
30895290
31138560
31382784
31627962
31874094
32121180
32369220
32618214
32868162
33119064
33370920
33623730
33877494
34132212
34387884
34644510
34902090
35160624
35420112
35680554
35941950
36204300
36467604
36731862
36997074
37263240
37530360
37798434
38067462
38337444
38608380
38880270
39153114
39426912
39701664
39977370
40254030
40531644
40810212
41089734
41370210
41651640
41934024
42217362
42501654
42786900
43073100
43360254
43648362
43937424
44227440
44518410
44810334
45103212
45397044
45691830
45987570
46284264
46581912
46880514
47180070
47480580
47782044
48084462
48387834
48692160
48997440
49303674
49610862
49919004
50228100
50538150
50849154
51161112
51474024
51787890
52102710
52418484
52735212
53052894
53371530
53691120
54011664
54333162
54655614
54979020
55303380
55628694
55954962
56282184
56610360
56939490
57269574
57600612
57932604
58265550
58599450
58934304
59270112
59606874
59944590
60283260
60622884
60963462
61304994
61647480
61990920
62335314
62680662
63026964
63374220
63722430
64071594
64421712
64772784
65124810
65477790
65831724
66186612
66542454
66899250
67257000
67615704
67975362
68335974
68697540
69060060
69423534
69787962
70153344
70519680
70886970
71255214
71624412
71994564
72365670
72737730
73110744
73484712
73859634
74235510
74612340
74990124
75368862
75748554
76129200
76510800
76893354
77276862
77661324
78046740
78433110
78820434
79208712
79597944
79988130
80379270
80771364
81164412
81558414
81953370
82349280
82746144
83143962
83542734
83942460
84343140
84744774
85147362
85550904
85955400
86360850
86767254
87174612
87582924
87992190
88402410
88813584
89225712
89638794
90052830
90467820
90883764
91300662
91718514
92137320
92557080
92977794
93399462
93822084
94245660
94670190
95095674
95522112
95949504
96377850
96807150
97237404
97668612
98100774
98533890
98967960
99402984
99838962
100275894
100713780
101152620
101592414
102033162
102474864
102917520
103361130
103805694
104251212
104697684
105145110
105593490
106042824
106493112
106944354
107396550
107849700
108303804
108758862
109214874
109671840
110129760
110588634
111048462
111509244
111970980
112433670
112897314
113361912
113827464
114293970
114761430
115229844
115699212
116169534
116640810
117113040
117586224
118060362
118535454
119011500
119488500
119966454
120445362
120925224
121406040
121887810
122370534
122854212
123338844
123824430
124310970
124798464
125286912
125776314
126266670
126757980
127250244
127743462
128237634
128732760
129228840
129725874
130223862
130722804
131222700
131723550
132225354
132728112
133231824
133736490
134242110
134748684
135256212
135764694
136274130
136784520
137295864
137808162
138321414
138835620
139350780
139866894
140383962
140901984
141420960
141940890
142461774
142983612
143506404
144030150
144554850
145080504
145607112
146134674
146663190
147192660
147723084
148254462
148786794
149320080
149854320
150389514
150925662
151462764
152000820
152539830
153079794
153620712
154162584
154705410
155249190
155793924
156339612
156886254
157433850
157982400
158531904
159082362
159633774
160186140
160739460
161293734
161848962
162405144
162962280
163520370
164079414
164639412
165200364
165762270
166325130
166888944
167453712
168019434
168586110
169153740
169722324
170291862
170862354
171433800
172006200
172579554
173153862
173729124
174305340
174882510
175460634
176039712
176619744
177200730
177782670
178365564
178949412
179534214
180119970
180706680
181294344
181882962
182472534
183063060
183654540
184246974
184840362
185434704
186030000
186626250
187223454
187821612
188420724
189020790
189621810
190223784
190826712
191430594
192035430
192641220
193247964
193855662
194464314
195073920
195684480
196295994
196908462
197521884
198136260
198751590
199367874
199985112
200603304
201222450
201842550
202463604
203085612
203708574
204332490
204957360
205583184
206209962
206837694
207466380
208096020
208726614
209358162
209990664
210624120
211258530
211893894
212530212
213167484
213805710
214444890
215085024
215726112
216368154
217011150
217655100
218300004
218945862
219592674
220240440
220889160
221538834
222189462
222841044
223493580
224147070
224801514
225456912
226113264
226770570
227428830
228088044
228748212
229409334
230071410
230734440
231398424
232063362
232729254
233396100
234063900
234732654
235402362
236073024
236744640
237417210
238090734
238765212
239440644
240117030
240794370
241472664
242151912
242832114
243513270
244195380
244878444
245562462
246247434
246933360
247620240
248308074
248996862
249686604
250377300
251068950
251761554
252455112
253149624
253845090
254541510
255238884
255937212
256636494
257336730
258037920
258740064
259443162
260147214
260852220
261558180
262265094
262972962
263681784
264391560
265102290
265813974
266526612
267240204
267954750
268670250
269386704
270104112
270822474
271541790
272262060
272983284
273705462
274428594
275152680
275877720
276603714
277330662
278058564
278787420
279517230
280247994
280979712
281712384
282446010
283180590
283916124
284652612
285390054
286128450
286867800
287608104
288349362
289091574
289834740
290578860
291323934
292069962
292816944
293564880
294313770
295063614
295814412
296566164
297318870
298072530
298827144
299582712
300339234
301096710
301855140
302614524
303374862
304136154
304898400
305661600
306425754
307190862
307956924
308723940
309491910
310260834
311030712
311801544
312573330
313346070
314119764
314894412
315670014
316446570
317224080
318002544
318781962
319562334
320343660
321125940
321909174
322693362
323478504
324264600
325051650
325839654
326628612
327418524
328209390
329001210
329793984
330587712
331382394
332178030
332974620
333772164
334570662
335370114
336170520
336971880
337774194
338577462
339381684
340186860
340992990
341800074
342608112
343417104
344227050
345037950
345849804
346662612
347476374
348291090
349106760
349923384
350740962
351559494
352378980
353199420
354020814
354843162
355666464
356490720
357315930
358142094
358969212
359797284
360626310
361456290
362287224
363119112
363951954
364785750
365620500
366456204
367292862
368130474
368969040
369808560
370649034
371490462
372332844
373176180
374020470
374865714
375711912
376559064
377407170
378256230
379106244
379957212
380809134
381662010
382515840
383370624
384226362
385083054
385940700
386799300
387658854
388519362
389380824
390243240
391106610
391970934
392836212
393702444
394569630
395437770
396306864
397176912
398047914
398919870
399792780
400666644
401541462
402417234
403293960
404171640
405050274
405929862
406810404
407691900
408574350
409457754
410342112
411227424
412113690
413000910
413889084
414778212
415668294
416559330
417451320
418344264
419238162
420133014
421028820
421925580
422823294
423721962
424621584
425522160
426423690
427326174
428229612
429134004
430039350
430945650
431852904
432761112
433670274
434580390
867796083
