921
2763
5526
9210
13815
19341
25788
33156
41445
50655
60786
71838
83811
96705
110520
125256
140913
157491
174990
193410
212751
233013
254196
276300
299325
323271
348138
373926
400635
428265
456816
486288
516681
547995
580230
613386
647463
682461
718380
755220
792981
831663
871266
911790
953235
995601
1038888
1083096
1128225
1174275
1221246
1269138
1317951
1367685
1418340
1469916
1522413
1575831
1630170
1685430
1741611
1798713
1856736
1915680
1975545
2036331
2098038
2160666
2224215
2288685
2354076
2420388
2487621
2555775
2624850
2694846
2765763
2837601
2910360
2984040
3058641
3134163
3210606
3287970
3366255
3445461
3525588
3606636
3688605
3771495
3855306
3940038
4025691
4112265
4199760
4288176
4377513
4467771
4558950
4651050
4744071
4838013
4932876
5028660
5125365
5222991
5321538
5421006
5521395
5622705
5724936
5828088
5932161
6037155
6143070
6249906
6357663
6466341
6575940
6686460
6797901
6910263
7023546
7137750
7252875
7368921
7485888
7603776
7722585
7842315
7962966
8084538
8207031
8330445
8454780
8580036
8706213
8833311
8961330
9090270
9220131
9350913
9482616
9615240
9748785
9883251
10018638
10154946
10292175
10430325
10569396
10709388
10850301
10992135
11134890
11278566
11423163
11568681
11715120
11862480
12010761
12159963
12310086
12461130
12613095
12765981
12919788
13074516
13230165
13386735
13544226
13702638
13861971
14022225
14183400
14345496
14508513
14672451
14837310
15003090
15169791
15337413
15505956
15675420
15845805
16017111
16189338
16362486
16536555
16711545
16887456
17064288
17242041
17420715
17600310
17780826
17962263
18144621
18327900
18512100
18697221
18883263
19070226
19258110
19446915
19636641
19827288
20018856
20211345
20404755
20599086
20794338
20990511
21187605
21385620
21584556
21784413
21985191
22186890
22389510
22593051
22797513
23002896
23209200
23416425
23624571
23833638
24043626
24254535
24466365
24679116
24892788
25107381
25322895
25539330
25756686
25974963
26194161
26414280
26635320
26857281
27080163
27303966
27528690
27754335
27980901
28208388
28436796
28666125
28896375
29127546
29359638
29592651
29826585
30061440
30297216
30533913
30771531
31010070
31249530
31489911
31731213
31973436
32216580
32460645
32705631
32951538
33198366
33446115
33694785
33944376
34194888
34446321
34698675
34951950
35206146
35461263
35717301
35974260
36232140
36490941
36750663
37011306
37272870
37535355
37798761
38063088
38328336
38594505
38861595
39129606
39398538
39668391
39939165
40210860
40483476
40757013
41031471
41306850
41583150
41860371
42138513
42417576
42697560
42978465
43260291
43543038
43826706
44111295
44396805
44683236
44970588
45258861
45548055
45838170
46129206
46421163
46714041
47007840
47302560
47598201
47894763
48192246
48490650
48789975
49090221
49391388
49693476
49996485
50300415
50605266
50911038
51217731
51525345
51833880
52143336
52453713
52765011
53077230
53390370
53704431
54019413
54335316
54652140
54969885
55288551
55608138
55928646
56250075
56572425
56895696
57219888
57545001
57871035
58197990
58525866
58854663
59184381
59515020
59846580
60179061
60512463
60846786
61182030
61518195
61855281
62193288
62532216
62872065
63212835
63554526
63897138
64240671
64585125
64930500
65276796
65624013
65972151
66321210
66671190
67022091
67373913
67726656
68080320
68434905
68790411
69146838
69504186
69862455
70221645
70581756
70942788
71304741
71667615
72031410
72396126
72761763
73128321
73495800
73864200
74233521
74603763
74974926
75347010
75720015
76093941
76468788
76844556
77221245
77598855
77977386
78356838
78737211
79118505
79500720
79883856
80267913
80652891
81038790
81425610
81813351
82202013
82591596
82982100
83373525
83765871
84159138
84553326
84948435
85344465
85741416
86139288
86538081
86937795
87338430
87739986
88142463
88545861
88950180
89355420
89761581
90168663
90576666
90985590
91395435
91806201
92217888
92630496
93044025
93458475
93873846
94290138
94707351
95125485
95544540
95964516
96385413
96807231
97229970
97653630
98078211
98503713
98930136
99357480
99785745
100214931
100645038
101076066
101508015
101940885
102374676
102809388
103245021
103681575
104119050
104557446
104996763
105437001
105878160
106320240
106763241
107207163
107652006
108097770
108544455
108992061
109440588
109890036
110340405
110791695
111243906
111697038
112151091
112606065
113061960
113518776
113976513
114435171
114894750
115355250
115816671
116279013
116742276
117206460
117671565
118137591
118604538
119072406
119541195
120010905
120481536
120953088
121425561
121898955
122373270
122848506
123324663
123801741
124279740
124758660
125238501
125719263
126200946
126683550
127167075
127651521
128136888
128623176
129110385
129598515
130087566
130577538
131068431
131560245
132052980
132546636
133041213
133536711
134033130
134530470
135028731
135527913
136028016
136529040
137030985
137533851
138037638
138542346
139047975
139554525
140061996
140570388
141079701
141589935
142101090
142613166
143126163
143640081
144154920
144670680
145187361
145704963
146223486
146742930
147263295
147784581
148306788
148829916
149353965
149878935
150404826
150931638
151459371
151988025
152517600
153048096
153579513
154111851
154645110
155179290
155714391
156250413
156787356
157325220
157864005
158403711
158944338
159485886
160028355
160571745
161116056
161661288
162207441
162754515
163302510
163851426
164401263
164952021
165503700
166056300
166609821
167164263
167719626
168275910
168833115
169391241
169950288
170510256
171071145
171632955
172195686
172759338
173323911
173889405
174455820
175023156
175591413
176160591
176730690
177301710
177873651
178446513
179020296
179595000
180170625
180747171
181324638
181903026
182482335
183062565
183643716
184225788
184808781
185392695
185977530
186563286
187149963
187737561
188326080
188915520
189505881
190097163
190689366
191282490
191876535
192471501
193067388
193664196
194261925
194860575
195460146
196060638
196662051
197264385
197867640
198471816
199076913
199682931
200289870
200897730
201506511
202116213
202726836
203338380
203950845
204564231
205178538
205793766
206409915
207026985
207644976
208263888
208883721
209504475
210126150
210748746
211372263
211996701
212622060
213248340
213875541
214503663
215132706
215762670
216393555
217025361
217658088
218291736
218926305
219561795
220198206
220835538
221473791
222112965
222753060
223394076
224036013
224678871
225322650
225967350
226612971
227259513
227906976
228555360
229204665
229854891
230506038
231158106
231811095
232465005
233119836
233775588
234432261
235089855
235748370
236407806
237068163
237729441
238391640
239054760
239718801
240383763
241049646
241716450
242384175
243052821
243722388
244392876
245064285
245736615
246409866
247084038
247759131
248435145
249112080
249789936
250468713
251148411
251829030
252510570
253193031
253876413
254560716
255245940
255932085
256619151
257307138
257996046
258685875
259376625
260068296
260760888
261454401
262148835
262844190
263540466
264237663
264935781
265634820
266334780
267035661
267737463
268440186
269143830
269848395
270553881
271260288
271967616
272675865
273385035
274095126
274806138
275518071
276230925
276944700
277659396
278375013
279091551
279809010
280527390
281246691
281966913
282688056
283410120
284133105
284857011
285581838
286307586
287034255
287761845
288490356
289219788
289950141
290681415
291413610
292146726
292880763
293615721
294351600
295088400
295826121
296564763
297304326
298044810
298786215
299528541
300271788
301015956
301761045
302507055
303253986
304001838
304750611
305500305
306250920
307002456
307754913
308508291
309262590
310017810
310773951
311531013
312288996
313047900
313807725
314568471
315330138
316092726
316856235
317620665
318386016
319152288
319919481
320687595
321456630
322226586
322997463
323769261
324541980
325315620
326090181
326865663
327642066
328419390
329197635
329976801
330756888
331537896
332319825
333102675
333886446
334671138
335456751
336243285
337030740
337819116
338608413
339398631
340189770
340981830
341774811
342568713
343363536
344159280
344955945
345753531
346552038
347351466
348151815
348953085
349755276
350558388
351362421
352167375
352973250
353780046
354587763
355396401
356205960
357016440
357827841
358640163
359453406
360267570
361082655
361898661
362715588
363533436
364352205
365171895
365992506
366814038
367636491
368459865
369284160
370109376
370935513
371762571
372590550
373419450
374249271
375080013
375911676
376744260
377577765
378412191
379247538
380083806
380920995
381759105
382598136
383438088
384278961
385120755
385963470
386807106
387651663
388497141
389343540
390190860
391039101
922
2766
5532
9220
13830
19362
25816
33192
41490
50710
60852
71916
83902
96810
110640
125392
141066
157662
175180
193620
212982
233266
254472
276600
299650
323622
348516
374332
401070
428730
457312
486816
517242
548590
580860
614052
648166
683202
719160
756040
793842
832566
872212
912780
954270
996682
1040016
1084272
1129450
1175550
1222572
1270516
1319382
1369170
1419880
1471512
1524066
1577542
1631940
1687260
1743502
1800666
1858752
1917760
1977690
2038542
2100316
2163012
2226630
2291170
2356632
2423016
2490322
2558550
2627700
2697772
2768766
2840682
2913520
2987280
3061962
3137566
3214092
3291540
3369910
3449202
3529416
3610552
3692610
3775590
3859492
3944316
4030062
4116730
4204320
4292832
4382266
4472622
4563900
4656100
4749222
4843266
4938232
5034120
5130930
5228662
5327316
5426892
5527390
5628810
5731152
5834416
5938602
6043710
6149740
6256692
6364566
6473362
6583080
6693720
6805282
6917766
7031172
7145500
7260750
7376922
7494016
7612032
7730970
7850830
7971612
8093316
8215942
8339490
8463960
8589352
8715666
8842902
8971060
9100140
9230142
9361066
9492912
9625680
9759370
9893982
10029516
10165972
10303350
10441650
10580872
10721016
10862082
11004070
11146980
11290812
11435566
11581242
11727840
11875360
12023802
12173166
12323452
12474660
12626790
12779842
12933816
13088712
13244530
13401270
13558932
13717516
13877022
14037450
14198800
14361072
14524266
14688382
14853420
15019380
15186262
15354066
15522792
15692440
15863010
16034502
16206916
16380252
16554510
16729690
16905792
17082816
17260762
17439630
17619420
17800132
17981766
18164322
18347800
18532200
18717522
18903766
19090932
19279020
19468030
19657962
19848816
20040592
20233290
20426910
20621452
20816916
21013302
21210610
21408840
21607992
21808066
22009062
22210980
22413820
22617582
22822266
23027872
23234400
23441850
23650222
23859516
24069732
24280870
24492930
24705912
24919816
25134642
25350390
25567060
25784652
26003166
26222602
26442960
26664240
26886442
27109566
27333612
27558580
27784470
28011282
28239016
28467672
28697250
28927750
29159172
29391516
29624782
29858970
30094080
30330112
30567066
30804942
31043740
31283460
31524102
31765666
32008152
32251560
32495890
32741142
32987316
33234412
33482430
33731370
33981232
34232016
34483722
34736350
34989900
35244372
35499766
35756082
36013320
36271480
36530562
36790566
37051492
37313340
37576110
37839802
38104416
38369952
38636410
38903790
39172092
39441316
39711462
39982530
40254520
40527432
40801266
41076022
41351700
41628300
41905822
42184266
42463632
42743920
43025130
43307262
43590316
43874292
44159190
44445010
44731752
45019416
45308002
45597510
45887940
46179292
46471566
46764762
47058880
47353920
47649882
47946766
48244572
48543300
48842950
49143522
49445016
49747432
50050770
50355030
50660212
50966316
51273342
51581290
51890160
52199952
52510666
52822302
53134860
53448340
53762742
54078066
54394312
54711480
55029570
55348582
55668516
55989372
56311150
56633850
56957472
57282016
57607482
57933870
58261180
58589412
58918566
59248642
59579640
59911560
60244402
60578166
60912852
61248460
61584990
61922442
62260816
62600112
62940330
63281470
63623532
63966516
64310422
64655250
65001000
65347672
65695266
66043782
66393220
66743580
67094862
67447066
67800192
68154240
68509210
68865102
69221916
69579652
69938310
70297890
70658392
71019816
71382162
71745430
72109620
72474732
72840766
73207722
73575600
73944400
74314122
74684766
75056332
75428820
75802230
76176562
76551816
76927992
77305090
77683110
78062052
78441916
78822702
79204410
79587040
79970592
80355066
80740462
81126780
81514020
81902182
82291266
82681272
83072200
83464050
83856822
84250516
84645132
85040670
85437130
85834512
86232816
86632042
87032190
87433260
87835252
88238166
88642002
89046760
89452440
89859042
90266566
90675012
91084380
91494670
91905882
92318016
92731072
93145050
93559950
93975772
94392516
94810182
95228770
95648280
96068712
96490066
96912342
97335540
97759660
98184702
98610666
99037552
99465360
99894090
100323742
100754316
101185812
101618230
102051570
102485832
102921016
103357122
103794150
104232100
104670972
105110766
105551482
105993120
106435680
106879162
107323566
107768892
108215140
108662310
109110402
109559416
110009352
110460210
110911990
111364692
111818316
112272862
112728330
113184720
113642032
114100266
114559422
115019500
115480500
115942422
116405266
116869032
117333720
117799330
118265862
118733316
119201692
119670990
120141210
120612352
121084416
121557402
122031310
122506140
122981892
123458566
123936162
124414680
124894120
125374482
125855766
126337972
126821100
127305150
127790122
128276016
128762832
129250570
129739230
130228812
130719316
131210742
131703090
132196360
132690552
133185666
133681702
134178660
134676540
135175342
135675066
136175712
136677280
137179770
137683182
138187516
138692772
139198950
139706050
140214072
140723016
141232882
141743670
142255380
142768012
143281566
143796042
144311440
144827760
145345002
145863166
146382252
146902260
147423190
147945042
148467816
148991512
149516130
150041670
150568132
151095516
151623822
152153050
152683200
153214272
153746266
154279182
154813020
155347780
155883462
156420066
156957592
157496040
158035410
158575702
159116916
159659052
160202110
160746090
161290992
161836816
162383562
162931230
163479820
164029332
164579766
165131122
165683400
166236600
166790722
167345766
167901732
168458620
169016430
169575162
170134816
170695392
171256890
171819310
172382652
172946916
173512102
174078210
174645240
175213192
175782066
176351862
176922580
177494220
178066782
178640266
179214672
179790000
180366250
180943422
181521516
182100532
182680470
183261330
183843112
184425816
185009442
185593990
186179460
186765852
187353166
187941402
188530560
189120640
189711642
190303566
190896412
191490180
192084870
192680482
193277016
193874472
194472850
195072150
195672372
196273516
196875582
197478570
198082480
198687312
199293066
199899742
200507340
201115860
201725302
202335666
202946952
203559160
204172290
204786342
205401316
206017212
206634030
207251770
207870432
208490016
209110522
209731950
210354300
210977572
211601766
212226882
212852920
213479880
214107762
214736566
215366292
215996940
216628510
217261002
217894416
218528752
219164010
219800190
220437292
221075316
221714262
222354130
222994920
223636632
224279266
224922822
225567300
226212700
226859022
227506266
228154432
228803520
229453530
230104462
230756316
231409092
232062790
232717410
233372952
234029416
234686802
235345110
236004340
236664492
237325566
237987562
238650480
239314320
239979082
240644766
241311372
241978900
242647350
243316722
243987016
244658232
245330370
246003430
246677412
247352316
248028142
248704890
249382560
250061152
250740666
251421102
252102460
252784740
253467942
254152066
254837112
255523080
256209970
256897782
257586516
258276172
258966750
259658250
260350672
261044016
261738282
262433470
263129580
263826612
264524566
265223442
265923240
266623960
267325602
268028166
268731652
269436060
270141390
270847642
271554816
272262912
272971930
273681870
274392732
275104516
275817222
276530850
277245400
277960872
278677266
279394582
280112820
280831980
281552062
282273066
282994992
283717840
284441610
285166302
285891916
286618452
287345910
288074290
288803592
289533816
290264962
290997030
291730020
292463932
293198766
293934522
294671200
295408800
296147322
296886766
297627132
298368420
299110630
299853762
300597816
301342792
302088690
302835510
303583252
304331916
305081502
305832010
306583440
307335792
308089066
308843262
309598380
310354420
311111382
311869266
312628072
313387800
314148450
314910022
315672516
316435932
317200270
317965530
318731712
319498816
320266842
321035790
321805660
322576452
323348166
324120802
324894360
325668840
326444242
327220566
327997812
328775980
329555070
330335082
331116016
331897872
332680650
333464350
334248972
335034516
335820982
336608370
337396680
338185912
338976066
339767142
340559140
341352060
342145902
342940666
343736352
344532960
345330490
346128942
346928316
347728612
348529830
349331970
350135032
350939016
351743922
352549750
353356500
354164172
354972766
355782282
356592720
357404080
358216362
359029566
359843692
360658740
361474710
362291602
363109416
363928152
364747810
365568390
366389892
367212316
368035662
368859930
369685120
370511232
371338266
372166222
372995100
373824900
374655622
375487266
376319832
377153320
377987730
378823062
379659316
380496492
381334590
382173610
383013552
383854416
384696202
385538910
386382540
387227092
388072566
388918962
389766280
390614520
391463682
392313766
783352867
