476
1428
2856
4760
7140
9996
13328
17136
21420
26180
31416
37128
43316
49980
57120
64736
72828
81396
90440
99960
109956
120428
131376
142800
154700
167076
179928
193256
207060
221340
236096
251328
267036
283220
299880
317016
334628
352716
371280
390320
409836
429828
450296
471240
492660
514556
536928
559776
583100
606900
631176
655928
681156
706860
733040
759696
786828
814436
842520
871080
900116
929628
959616
990080
1021020
1052436
1084328
1116696
1149540
1182860
1216656
1250928
1285676
1320900
1356600
1392776
1429428
1466556
1504160
1542240
1580796
1619828
1659336
1699320
1739780
1780716
1822128
1864016
1906380
1949220
1992536
2036328
2080596
2125340
2170560
2216256
2262428
2309076
2356200
2403800
2451876
2500428
2549456
2598960
2648940
2699396
2750328
2801736
2853620
2905980
2958816
3012128
3065916
3120180
3174920
3230136
3285828
3341996
3398640
3455760
3513356
3571428
3629976
3689000
3748500
3808476
3868928
3929856
3991260
4053140
4115496
4178328
4241636
4305420
4369680
4434416
4499628
4565316
4631480
4698120
4765236
4832828
4900896
4969440
5038460
5107956
5177928
5248376
5319300
5390700
5462576
5534928
5607756
5681060
5754840
5829096
5903828
5979036
6054720
6130880
6207516
6284628
6362216
6440280
6518820
6597836
6677328
6757296
6837740
6918660
7000056
7081928
7164276
7247100
7330400
7414176
7498428
7583156
7668360
7754040
7840196
7926828
8013936
8101520
8189580
8278116
8367128
8456616
8546580
8637020
8727936
8819328
8911196
9003540
9096360
9189656
9283428
9377676
9472400
9567600
9663276
9759428
9856056
9953160
10050740
10148796
10247328
10346336
10445820
10545780
10646216
10747128
10848516
10950380
11052720
11155536
11258828
11362596
11466840
11571560
11676756
11782428
11888576
11995200
12102300
12209876
12317928
12426456
12535460
12644940
12754896
12865328
12976236
13087620
13199480
13311816
13424628
13537916
13651680
13765920
13880636
13995828
14111496
14227640
14344260
14461356
14578928
14696976
14815500
14934500
15053976
15173928
15294356
15415260
15536640
15658496
15780828
15903636
16026920
16150680
16274916
16399628
16524816
16650480
16776620
16903236
17030328
17157896
17285940
17414460
17543456
17672928
17802876
17933300
18064200
18195576
18327428
18459756
18592560
18725840
18859596
18993828
19128536
19263720
19399380
19535516
19672128
19809216
19946780
20084820
20223336
20362328
20501796
20641740
20782160
20923056
21064428
21206276
21348600
21491400
21634676
21778428
21922656
22067360
22212540
22358196
22504328
22650936
22798020
22945580
23093616
23242128
23391116
23540580
23690520
23840936
23991828
24143196
24295040
24447360
24600156
24753428
24907176
25061400
25216100
25371276
25526928
25683056
25839660
25996740
26154296
26312328
26470836
26629820
26789280
26949216
27109628
27270516
27431880
27593720
27756036
27918828
28082096
28245840
28410060
28574756
28739928
28905576
29071700
29238300
29405376
29572928
29740956
29909460
30078440
30247896
30417828
30588236
30759120
30930480
31102316
31274628
31447416
31620680
31794420
31968636
32143328
32318496
32494140
32670260
32846856
33023928
33201476
33379500
33558000
33736976
33916428
34096356
34276760
34457640
34638996
34820828
35003136
35185920
35369180
35552916
35737128
35921816
36106980
36292620
36478736
36665328
36852396
37039940
37227960
37416456
37605428
37794876
37984800
38175200
38366076
38557428
38749256
38941560
39134340
39327596
39521328
39715536
39910220
40105380
40301016
40497128
40693716
40890780
41088320
41286336
41484828
41683796
41883240
42083160
42283556
42484428
42685776
42887600
43089900
43292676
43495928
43699656
43903860
44108540
44313696
44519328
44725436
44932020
45139080
45346616
45554628
45763116
45972080
46181520
46391436
46601828
46812696
47024040
47235860
47448156
47660928
47874176
48087900
48302100
48516776
48731928
48947556
49163660
49380240
49597296
49814828
50032836
50251320
50470280
50689716
50909628
51130016
51350880
51572220
51794036
52016328
52239096
52462340
52686060
52910256
53134928
53360076
53585700
53811800
54038376
476
1428
2856
4760
7140
9996
13328
17136
21420
26180
31416
37128
43316
49980
57120
64736
72828
81396
90440
99960
109956
120428
131376
142800
154700
167076
179928
193256
207060
221340
236096
251328
267036
283220
299880
317016
334628
352716
371280
390320
409836
429828
450296
471240
492660
514556
536928
559776
583100
606900
631176
655928
681156
706860
733040
759696
786828
814436
842520
871080
900116
929628
959616
990080
1021020
1052436
1084328
1116696
1149540
1182860
1216656
1250928
1285676
1320900
1356600
1392776
1429428
1466556
1504160
1542240
1580796
1619828
1659336
1699320
1739780
1780716
1822128
1864016
1906380
1949220
1992536
2036328
2080596
2125340
2170560
2216256
2262428
2309076
2356200
2403800
2451876
2500428
2549456
2598960
2648940
2699396
2750328
2801736
2853620
2905980
2958816
3012128
3065916
3120180
3174920
3230136
3285828
3341996
3398640
3455760
3513356
3571428
3629976
3689000
3748500
3808476
3868928
3929856
3991260
4053140
4115496
4178328
4241636
4305420
4369680
4434416
4499628
4565316
4631480
4698120
4765236
4832828
4900896
4969440
5038460
5107956
5177928
5248376
5319300
5390700
5462576
5534928
5607756
5681060
5754840
5829096
5903828
5979036
6054720
6130880
6207516
6284628
6362216
6440280
6518820
6597836
6677328
6757296
6837740
6918660
7000056
7081928
7164276
7247100
7330400
7414176
7498428
7583156
7668360
7754040
7840196
7926828
8013936
8101520
8189580
8278116
8367128
8456616
8546580
8637020
8727936
8819328
8911196
9003540
9096360
9189656
9283428
9377676
9472400
9567600
9663276
9759428
9856056
9953160
10050740
10148796
10247328
10346336
10445820
10545780
10646216
10747128
10848516
10950380
11052720
11155536
11258828
11362596
11466840
11571560
11676756
11782428
11888576
11995200
12102300
12209876
12317928
12426456
12535460
12644940
12754896
12865328
12976236
13087620
13199480
13311816
13424628
13537916
13651680
13765920
13880636
13995828
14111496
14227640
14344260
14461356
14578928
14696976
14815500
14934500
15053976
15173928
15294356
15415260
15536640
15658496
15780828
15903636
16026920
16150680
16274916
16399628
16524816
16650480
16776620
16903236
17030328
17157896
17285940
17414460
17543456
17672928
17802876
17933300
18064200
18195576
18327428
18459756
18592560
18725840
18859596
18993828
19128536
19263720
19399380
19535516
19672128
19809216
19946780
20084820
20223336
20362328
20501796
20641740
20782160
20923056
21064428
21206276
21348600
21491400
21634676
21778428
21922656
22067360
22212540
22358196
22504328
22650936
22798020
22945580
23093616
23242128
23391116
23540580
23690520
23840936
23991828
24143196
24295040
24447360
24600156
24753428
24907176
25061400
25216100
25371276
25526928
25683056
25839660
25996740
26154296
26312328
26470836
26629820
26789280
26949216
27109628
27270516
27431880
27593720
27756036
27918828
28082096
28245840
28410060
28574756
28739928
28905576
29071700
29238300
29405376
29572928
29740956
29909460
30078440
30247896
30417828
30588236
30759120
30930480
31102316
31274628
31447416
31620680
31794420
31968636
32143328
32318496
32494140
32670260
32846856
33023928
33201476
33379500
33558000
33736976
33916428
34096356
34276760
34457640
34638996
34820828
35003136
35185920
35369180
35552916
35737128
35921816
36106980
36292620
36478736
36665328
36852396
37039940
37227960
37416456
37605428
37794876
37984800
38175200
38366076
38557428
38749256
38941560
39134340
39327596
39521328
39715536
39910220
40105380
40301016
40497128
40693716
40890780
41088320
41286336
41484828
41683796
41883240
42083160
42283556
42484428
42685776
42887600
43089900
43292676
43495928
43699656
43903860
44108540
44313696
44519328
44725436
44932020
45139080
45346616
45554628
45763116
45972080
46181520
46391436
46601828
46812696
47024040
47235860
47448156
47660928
47874176
48087900
48302100
48516776
48731928
48947556
49163660
49380240
49597296
49814828
50032836
50251320
50470280
50689716
50909628
51130016
51350880
51572220
51794036
52016328
52239096
52462340
52686060
52910256
53134928
53360076
53585700
53811800
54038376
108076752
