955
2865
5730
9550
14325
20055
26740
34380
42975
52525
63030
74490
86905
100275
114600
129880
146115
163305
181450
200550
220605
241615
263580
286500
310375
335205
360990
387730
415425
444075
473680
504240
535755
568225
601650
636030
671365
707655
744900
783100
822255
862365
903430
945450
988425
1032355
1077240
1123080
1169875
1217625
1266330
1315990
1366605
1418175
1470700
1524180
1578615
1634005
1690350
1747650
1805905
1865115
1925280
1986400
2048475
2111505
2175490
2240430
2306325
2373175
2440980
2509740
2579455
2650125
2721750
2794330
2867865
2942355
3017800
3094200
3171555
3249865
3329130
3409350
3490525
3572655
3655740
3739780
3824775
3910725
3997630
4085490
4174305
4264075
4354800
4446480
4539115
4632705
4727250
4822750
4919205
5016615
5114980
5214300
5314575
5415805
5517990
5621130
5725225
5830275
5936280
6043240
6151155
6260025
6369850
6480630
6592365
6705055
6818700
6933300
7048855
7165365
7282830
7401250
7520625
7640955
7762240
7884480
8007675
8131825
8256930
8382990
8510005
8637975
8766900
8896780
9027615
9159405
9292150
9425850
9560505
9696115
9832680
9970200
10108675
10248105
10388490
10529830
10672125
10815375
10959580
11104740
11250855
11397925
11545950
11694930
11844865
11995755
12147600
12300400
12454155
12608865
12764530
12921150
13078725
13237255
13396740
13557180
13718575
13880925
14044230
14208490
14373705
14539875
14707000
14875080
15044115
15214105
15385050
15556950
15729805
15903615
16078380
16254100
16430775
16608405
16786990
16966530
17147025
17328475
17510880
17694240
17878555
18063825
18250050
18437230
18625365
18814455
19004500
19195500
19387455
19580365
19774230
19969050
20164825
20361555
20559240
20757880
20957475
21158025
21359530
21561990
21765405
21969775
22175100
22381380
22588615
22796805
23005950
23216050
23427105
23639115
23852080
24066000
24280875
24496705
24713490
24931230
25149925
25369575
25590180
25811740
26034255
26257725
26482150
26707530
26933865
27161155
27389400
27618600
27848755
28079865
28311930
28544950
28778925
29013855
29249740
29486580
29724375
29963125
30202830
30443490
30685105
30927675
31171200
31415680
31661115
31907505
32154850
32403150
32652405
32902615
33153780
33405900
33658975
33913005
34167990
34423930
34680825
34938675
35197480
35457240
35717955
35979625
36242250
36505830
36770365
37035855
37302300
37569700
37838055
38107365
38377630
38648850
38921025
39194155
39468240
39743280
40019275
40296225
40574130
40852990
41132805
41413575
41695300
41977980
42261615
42546205
42831750
43118250
43405705
43694115
43983480
44273800
44565075
44857305
45150490
45444630
45739725
46035775
46332780
46630740
46929655
47229525
47530350
47832130
48134865
48438555
48743200
49048800
49355355
49662865
49971330
50280750
50591125
50902455
51214740
51527980
51842175
52157325
52473430
52790490
53108505
53427475
53747400
54068280
54390115
54712905
55036650
55361350
55687005
56013615
56341180
56669700
56999175
57329605
57660990
57993330
58326625
58660875
58996080
59332240
59669355
60007425
60346450
60686430
61027365
61369255
61712100
62055900
62400655
62746365
63093030
63440650
63789225
64138755
64489240
64840680
65193075
65546425
65900730
66255990
66612205
66969375
67327500
67686580
68046615
68407605
68769550
69132450
69496305
69861115
70226880
70593600
70961275
71329905
71699490
72070030
72441525
72813975
73187380
73561740
73937055
74313325
74690550
75068730
75447865
75827955
76209000
76591000
76973955
77357865
77742730
78128550
78515325
78903055
79291740
79681380
80071975
80463525
80856030
81249490
81643905
82039275
82435600
82832880
83231115
83630305
84030450
84431550
84833605
85236615
85640580
86045500
86451375
86858205
87265990
87674730
88084425
88495075
88906680
89319240
89732755
90147225
90562650
90979030
91396365
91814655
92233900
92654100
93075255
93497365
93920430
94344450
94769425
95195355
95622240
96050080
96478875
96908625
97339330
97770990
98203605
98637175
99071700
99507180
99943615
100381005
100819350
101258650
101698905
102140115
102582280
103025400
103469475
103914505
104360490
104807430
105255325
105704175
106153980
106604740
107056455
107509125
107962750
108417330
108872865
109329355
109786800
110245200
110704555
111164865
111626130
112088350
112551525
113015655
113480740
113946780
114413775
114881725
115350630
115820490
116291305
116763075
117235800
117709480
118184115
118659705
119136250
119613750
120092205
120571615
121051980
121533300
122015575
122498805
122982990
123468130
123954225
124441275
124929280
125418240
125908155
126399025
126890850
127383630
127877365
128372055
128867700
129364300
129861855
130360365
130859830
131360250
131861625
132363955
132867240
133371480
133876675
134382825
134889930
135397990
135907005
136416975
136927900
137439780
137952615
138466405
138981150
139496850
140013505
140531115
141049680
141569200
142089675
142611105
143133490
143656830
144181125
144706375
145232580
145759740
146287855
146816925
147346950
147877930
148409865
148942755
149476600
150011400
150547155
151083865
151621530
152160150
152699725
153240255
153781740
154324180
154867575
155411925
155957230
156503490
157050705
157598875
158148000
158698080
159249115
159801105
160354050
160907950
161462805
162018615
162575380
163133100
163691775
164251405
164811990
165373530
165936025
166499475
167063880
167629240
168195555
168762825
169331050
169900230
170470365
171041455
171613500
172186500
172760455
173335365
173911230
174488050
175065825
175644555
176224240
176804880
177386475
177969025
178552530
179136990
179722405
180308775
180896100
181484380
182073615
182663805
183254950
183847050
184440105
185034115
185629080
186225000
186821875
187419705
188018490
188618230
189218925
189820575
190423180
191026740
191631255
192236725
192843150
193450530
194058865
194668155
195278400
195889600
196501755
197114865
197728930
198343950
198959925
199576855
200194740
200813580
201433375
202054125
202675830
203298490
203922105
204546675
205172200
205798680
206426115
207054505
207683850
208314150
208945405
209577615
210210780
210844900
211479975
212116005
212752990
213390930
214029825
214669675
215310480
215952240
216594955
217238625
217883250
218528830
219175365
219822855
220471300
221120700
221771055
222422365
223074630
223727850
224382025
225037155
225693240
226350280
227008275
227667225
228327130
228987990
229649805
230312575
230976300
231640980
232306615
232973205
233640750
234309250
234978705
235649115
236320480
236992800
237666075
238340305
239015490
239691630
240368725
241046775
241725780
242405740
243086655
243768525
244451350
245135130
245819865
246505555
247192200
247879800
248568355
249257865
249948330
250639750
251332125
252025455
252719740
253414980
254111175
254808325
255506430
256205490
256905505
257606475
258308400
259011280
259715115
260419905
261125650
261832350
262540005
263248615
263958180
264668700
265380175
266092605
266805990
267520330
268235625
268951875
269669080
270387240
271106355
271826425
272547450
273269430
273992365
274716255
275441100
276166900
276893655
277621365
278350030
279079650
279810225
280541755
281274240
282007680
282742075
283477425
284213730
284950990
285689205
286428375
287168500
287909580
288651615
289394605
290138550
290883450
291629305
292376115
293123880
293872600
294622275
295372905
296124490
296877030
297630525
298384975
299140380
299896740
300654055
301412325
302171550
302931730
303692865
304454955
305218000
305982000
306746955
307512865
308279730
309047550
309816325
310586055
311356740
312128380
312900975
313674525
314449030
315224490
316000905
316778275
317556600
318335880
319116115
319897305
320679450
321462550
322246605
323031615
323817580
324604500
325392375
326181205
326970990
327761730
328553425
329346075
330139680
330934240
331729755
332526225
333323650
334122030
334921365
335721655
336522900
337325100
338128255
338932365
339737430
340543450
341350425
342158355
342967240
343777080
344587875
345399625
346212330
347025990
347840605
348656175
349472700
350290180
351108615
351928005
352748350
353569650
354391905
355215115
356039280
356864400
357690475
358517505
359345490
360174430
361004325
361835175
362666980
363499740
364333455
365168125
366003750
366840330
367677865
368516355
369355800
370196200
371037555
371879865
372723130
373567350
374412525
375258655
376105740
376953780
377802775
378652725
379503630
380355490
381208305
382062075
382916800
383772480
384629115
385486705
386345250
387204750
388065205
388926615
389788980
390652300
391516575
392381805
393247990
394115130
394983225
395852275
396722280
397593240
398465155
399338025
400211850
401086630
401962365
402839055
403716700
404595300
405474855
406355365
407236830
408119250
409002625
409886955
410772240
411658480
412545675
413433825
414322930
415212990
416104005
416995975
417888900
418782780
419677615
420573405
421470150
422367850
423266505
424166115
425066680
425968200
426870675
427774105
428678490
429583830
430490125
431397375
432305580
433214740
434124855
435035925
435947950
956
2868
5736
9560
14340
20076
26768
34416
43020
52580
63096
74568
86996
100380
114720
130016
146268
163476
181640
200760
220836
241868
263856
286800
310700
335556
361368
388136
415860
444540
474176
504768
536316
568820
602280
636696
672068
708396
745680
783920
823116
863268
904376
946440
989460
1033436
1078368
1124256
1171100
1218900
1267656
1317368
1368036
1419660
1472240
1525776
1580268
1635716
1692120
1749480
1807796
1867068
1927296
1988480
2050620
2113716
2177768
2242776
2308740
2375660
2443536
2512368
2582156
2652900
2724600
2797256
2870868
2945436
3020960
3097440
3174876
3253268
3332616
3412920
3494180
3576396
3659568
3743696
3828780
3914820
4001816
4089768
4178676
4268540
4359360
4451136
4543868
4637556
4732200
4827800
4924356
5021868
5120336
5219760
5320140
5421476
5523768
5627016
5731220
5836380
5942496
6049568
6157596
6266580
6376520
6487416
6599268
6712076
6825840
6940560
7056236
7172868
7290456
7409000
7528500
7648956
7770368
7892736
8016060
8140340
8265576
8391768
8518916
8647020
8776080
8906096
9037068
9168996
9301880
9435720
9570516
9706268
9842976
9980640
10119260
10258836
10399368
10540856
10683300
10826700
10971056
11116368
11262636
11409860
11558040
11707176
11857268
12008316
12160320
12313280
12467196
12622068
12777896
12934680
13092420
13251116
13410768
13571376
13732940
13895460
14058936
14223368
14388756
14555100
14722400
14890656
15059868
15230036
15401160
15573240
15746276
15920268
16095216
16271120
16447980
16625796
16804568
16984296
17164980
17346620
17529216
17712768
17897276
18082740
18269160
18456536
18644868
18834156
19024400
19215600
19407756
19600868
19794936
19989960
20185940
20382876
20580768
20779616
20979420
21180180
21381896
21584568
21788196
21992780
22198320
22404816
22612268
22820676
23030040
23240360
23451636
23663868
23877056
24091200
24306300
24522356
24739368
24957336
25176260
25396140
25616976
25838768
26061516
26285220
26509880
26735496
26962068
27189596
27418080
27647520
27877916
28109268
28341576
28574840
28809060
29044236
29280368
29517456
29755500
29994500
30234456
30475368
30717236
30960060
31203840
31448576
31694268
31940916
32188520
32437080
32686596
32937068
33188496
33440880
33694220
33948516
34203768
34459976
34717140
34975260
35234336
35494368
35755356
36017300
36280200
36544056
36808868
37074636
37341360
37609040
37877676
38147268
38417816
38689320
38961780
39235196
39509568
39784896
40061180
40338420
40616616
40895768
41175876
41456940
41738960
42021936
42305868
42590756
42876600
43163400
43451156
43739868
44029536
44320160
44611740
44904276
45197768
45492216
45787620
46083980
46381296
46679568
46978796
47278980
47580120
47882216
48185268
48489276
48794240
49100160
49407036
49714868
50023656
50333400
50644100
50955756
51268368
51581936
51896460
52211940
52528376
52845768
53164116
53483420
53803680
54124896
54447068
54770196
55094280
55419320
55745316
56072268
56400176
56729040
57058860
57389636
57721368
58054056
58387700
58722300
59057856
59394368
59731836
60070260
60409640
60749976
61091268
61433516
61776720
62120880
62465996
62812068
63159096
63507080
63856020
64205916
64556768
64908576
65261340
65615060
65969736
66325368
66681956
67039500
67398000
67757456
68117868
68479236
68841560
69204840
69569076
69934268
70300416
70667520
71035580
71404596
71774568
72145496
72517380
72890220
73264016
73638768
74014476
74391140
74768760
75147336
75526868
75907356
76288800
76671200
77054556
77438868
77824136
78210360
78597540
78985676
79374768
79764816
80155820
80547780
80940696
81334568
81729396
82125180
82521920
82919616
83318268
83717876
84118440
84519960
84922436
85325868
85730256
86135600
86541900
86949156
87357368
87766536
88176660
88587740
88999776
89412768
89826716
90241620
90657480
91074296
91492068
91910796
92330480
92751120
93172716
93595268
94018776
94443240
94868660
95295036
95722368
96150656
96579900
97010100
97441256
97873368
98306436
98740460
99175440
99611376
100048268
100486116
100924920
101364680
101805396
102247068
102689696
103133280
103577820
104023316
104469768
104917176
105365540
105814860
106265136
106716368
107168556
107621700
108075800
108530856
108986868
109443836
109901760
110360640
110820476
111281268
111743016
112205720
112669380
113133996
113599568
114066096
114533580
115002020
115471416
115941768
116413076
116885340
117358560
117832736
118307868
118783956
119261000
119739000
120217956
120697868
121178736
121660560
122143340
122627076
123111768
123597416
124084020
124571580
125060096
125549568
126039996
126531380
127023720
127517016
128011268
128506476
129002640
129499760
129997836
130496868
130996856
131497800
131999700
132502556
133006368
133511136
134016860
134523540
135031176
135539768
136049316
136559820
137071280
137583696
138097068
138611396
139126680
139642920
140160116
140678268
141197376
141717440
142238460
142760436
143283368
143807256
144332100
144857900
145384656
145912368
146441036
146970660
147501240
148032776
148565268
149098716
149633120
150168480
150704796
151242068
151780296
152319480
152859620
153400716
153942768
154485776
155029740
155574660
156120536
156667368
157215156
157763900
158313600
158864256
159415868
159968436
160521960
161076440
161631876
162188268
162745616
163303920
163863180
164423396
164984568
165546696
166109780
166673820
167238816
167804768
168371676
168939540
169508360
170078136
170648868
171220556
171793200
172366800
172941356
173516868
174093336
174670760
175249140
175828476
176408768
176990016
177572220
178155380
178739496
179324568
179910596
180497580
181085520
181674416
182264268
182855076
183446840
184039560
184633236
185227868
185823456
186420000
187017500
187615956
188215368
188815736
189417060
190019340
190622576
191226768
191831916
192438020
193045080
193653096
194262068
194871996
195482880
196094720
196707516
197321268
197935976
198551640
199168260
199785836
200404368
201023856
201644300
202265700
202888056
203511368
204135636
204760860
205387040
206014176
206642268
207271316
207901320
208532280
209164196
209797068
210430896
211065680
211701420
212338116
212975768
213614376
214253940
214894460
215535936
216178368
216821756
217466100
218111400
218757656
219404868
220053036
220702160
221352240
222003276
222655268
223308216
223962120
224616980
225272796
225929568
226587296
227245980
227905620
228566216
229227768
229890276
230553740
231218160
231883536
232549868
233217156
233885400
234554600
235224756
235895868
236567936
237240960
237914940
238589876
239265768
239942616
240620420
241299180
241978896
242659568
243341196
244023780
244707320
245391816
246077268
246763676
247451040
248139360
248828636
249518868
250210056
250902200
251595300
252289356
252984368
253680336
254377260
255075140
255773976
256473768
257174516
257876220
258578880
259282496
259987068
260692596
261399080
262106520
262814916
263524268
264234576
264945840
265658060
266371236
267085368
267800456
268516500
269233500
269951456
270670368
271390236
272111060
272832840
273555576
274279268
275003916
275729520
276456080
277183596
277912068
278641496
279371880
280103220
280835516
281568768
282302976
283038140
283774260
284511336
285249368
285988356
286728300
287469200
288211056
288953868
289697636
290442360
291188040
291934676
292682268
293430816
294180320
294930780
295682196
296434568
297187896
297942180
298697420
299453616
300210768
300968876
301727940
302487960
303248936
304010868
304773756
305537600
306302400
307068156
307834868
308602536
309371160
310140740
310911276
311682768
312455216
313228620
314002980
314778296
315554568
316331796
317109980
317889120
318669216
319450268
320232276
321015240
321799160
322584036
323369868
324156656
324944400
325733100
326522756
327313368
328104936
328897460
329690940
330485376
331280768
332077116
332874420
333672680
334471896
335272068
336073196
336875280
337678320
338482316
339287268
340093176
340900040
341707860
342516636
343326368
344137056
344948700
345761300
346574856
347389368
348204836
349021260
349838640
350656976
351476268
352296516
353117720
353939880
354762996
355587068
356412096
357238080
358065020
358892916
359721768
360551576
361382340
362214060
363046736
363880368
364714956
365550500
366387000
367224456
368062868
368902236
369742560
370583840
371426076
372269268
373113416
373958520
374804580
375651596
376499568
377348496
378198380
379049220
379901016
380753768
381607476
382462140
383317760
384174336
385031868
385890356
386749800
387610200
388471556
389333868
390197136
391061360
391926540
392792676
393659768
394527816
395396820
396266780
397137696
398009568
398882396
399756180
400630920
401506616
402383268
403260876
404139440
405018960
405899436
406780868
407663256
408546600
409430900
410316156
411202368
412089536
412977660
413866740
414756776
415647768
416539716
417432620
418326480
419221296
420117068
421013796
421911480
422810120
423709716
424610268
425511776
426414240
427317660
428222036
429127368
430033656
430940900
431849100
432758256
433668368
434579436
435491460
436404440
437318376
873266326
