425
1275
2550
4250
6375
8925
11900
15300
19125
23375
28050
33150
38675
44625
51000
57800
65025
72675
80750
89250
98175
107525
117300
127500
138125
149175
160650
172550
184875
197625
210800
224400
238425
252875
267750
283050
298775
314925
331500
348500
365925
383775
402050
420750
439875
459425
479400
499800
520625
541875
563550
585650
608175
631125
654500
678300
702525
727175
752250
777750
803675
830025
856800
884000
911625
939675
968150
997050
1026375
1056125
1086300
1116900
1147925
1179375
1211250
1243550
1276275
1309425
1343000
1377000
1411425
1446275
1481550
1517250
1553375
1589925
1626900
1664300
1702125
1740375
1779050
1818150
1857675
1897625
1938000
1978800
2020025
2061675
2103750
2146250
2189175
2232525
2276300
2320500
2365125
2410175
2455650
2501550
2547875
2594625
2641800
2689400
2737425
2785875
2834750
2884050
2933775
2983925
3034500
3085500
3136925
3188775
3241050
3293750
3346875
3400425
3454400
3508800
3563625
3618875
3674550
3730650
3787175
3844125
3901500
3959300
4017525
4076175
4135250
4194750
4254675
4315025
4375800
4437000
4498625
4560675
4623150
4686050
4749375
4813125
4877300
4941900
5006925
5072375
5138250
5204550
5271275
5338425
5406000
5474000
5542425
5611275
5680550
5750250
5820375
5890925
5961900
6033300
6105125
6177375
6250050
6323150
6396675
6470625
6545000
6619800
6695025
6770675
6846750
6923250
7000175
7077525
7155300
7233500
7312125
7391175
7470650
7550550
7630875
7711625
7792800
7874400
7956425
8038875
8121750
8205050
8288775
8372925
8457500
8542500
8627925
8713775
8800050
8886750
8973875
9061425
9149400
9237800
9326625
9415875
9505550
9595650
9686175
9777125
9868500
9960300
10052525
10145175
10238250
10331750
10425675
10520025
10614800
10710000
10805625
10901675
10998150
11095050
11192375
11290125
11388300
11486900
11585925
11685375
11785250
11885550
11986275
12087425
12189000
12291000
12393425
12496275
12599550
12703250
12807375
12911925
13016900
13122300
13228125
13334375
13441050
13548150
13655675
13763625
13872000
13980800
14090025
14199675
14309750
14420250
14531175
14642525
14754300
14866500
14979125
15092175
15205650
15319550
15433875
15548625
15663800
15779400
15895425
16011875
16128750
16246050
16363775
16481925
16600500
16719500
16838925
16958775
17079050
17199750
17320875
17442425
17564400
17686800
17809625
17932875
18056550
18180650
18305175
18430125
18555500
18681300
18807525
18934175
19061250
19188750
19316675
19445025
19573800
19703000
19832625
19962675
20093150
20224050
20355375
20487125
20619300
20751900
20884925
21018375
21152250
21286550
21421275
21556425
21692000
21828000
21964425
22101275
22238550
22376250
22514375
22652925
22791900
22931300
23071125
23211375
23352050
23493150
23634675
23776625
23919000
24061800
24205025
24348675
24492750
24637250
24782175
24927525
25073300
25219500
25366125
25513175
25660650
25808550
25956875
26105625
26254800
26404400
26554425
26704875
26855750
27007050
27158775
27310925
27463500
27616500
27769925
27923775
28078050
28232750
28387875
28543425
28699400
28855800
29012625
29169875
29327550
29485650
29644175
29803125
29962500
30122300
30282525
30443175
30604250
30765750
30927675
31090025
31252800
31416000
31579625
31743675
31908150
32073050
32238375
32404125
32570300
32736900
32903925
33071375
33239250
33407550
33576275
33745425
33915000
34085000
34255425
34426275
34597550
34769250
34941375
35113925
35286900
35460300
35634125
35808375
35983050
36158150
36333675
36509625
36686000
36862800
37040025
37217675
37395750
37574250
37753175
37932525
38112300
38292500
38473125
426
1278
2556
4260
6390
8946
11928
15336
19170
23430
28116
33228
38766
44730
51120
57936
65178
72846
80940
89460
98406
107778
117576
127800
138450
149526
161028
172956
185310
198090
211296
224928
238986
253470
268380
283716
299478
315666
332280
349320
366786
384678
402996
421740
440910
460506
480528
500976
521850
543150
564876
587028
609606
632610
656040
679896
704178
728886
754020
779580
805566
831978
858816
886080
913770
941886
970428
999396
1028790
1058610
1088856
1119528
1150626
1182150
1214100
1246476
1279278
1312506
1346160
1380240
1414746
1449678
1485036
1520820
1557030
1593666
1630728
1668216
1706130
1744470
1783236
1822428
1862046
1902090
1942560
1983456
2024778
2066526
2108700
2151300
2194326
2237778
2281656
2325960
2370690
2415846
2461428
2507436
2553870
2600730
2648016
2695728
2743866
2792430
2841420
2890836
2940678
2990946
3041640
3092760
3144306
3196278
3248676
3301500
3354750
3408426
3462528
3517056
3572010
3627390
3683196
3739428
3796086
3853170
3910680
3968616
4026978
4085766
4144980
4204620
4264686
4325178
4386096
4447440
4509210
4571406
4634028
4697076
4760550
4824450
4888776
4953528
5018706
5084310
5150340
5216796
5283678
5350986
5418720
5486880
5555466
5624478
5693916
5763780
5834070
5904786
5975928
6047496
6119490
6191910
6264756
6338028
6411726
6485850
6560400
6635376
6710778
6786606
6862860
6939540
7016646
7094178
7172136
7250520
7329330
7408566
7488228
7568316
7648830
7729770
7811136
7892928
7975146
8057790
8140860
8224356
8308278
8392626
8477400
8562600
8648226
8734278
8820756
8907660
8994990
9082746
9170928
9259536
9348570
9438030
9527916
9618228
9708966
9800130
9891720
9983736
10076178
10169046
10262340
10356060
10450206
10544778
10639776
10735200
10831050
10927326
11024028
11121156
11218710
11316690
11415096
11513928
11613186
11712870
11812980
11913516
12014478
12115866
12217680
12319920
12422586
12525678
12629196
12733140
12837510
12942306
13047528
13153176
13259250
13365750
13472676
13580028
13687806
13796010
13904640
14013696
14123178
14233086
14343420
14454180
14565366
14676978
14789016
14901480
15014370
15127686
15241428
15355596
15470190
15585210
15700656
15816528
15932826
16049550
16166700
16284276
16402278
16520706
16639560
16758840
16878546
16998678
17119236
17240220
17361630
17483466
17605728
17728416
17851530
17975070
18099036
18223428
18348246
18473490
18599160
18725256
18851778
18978726
19106100
19233900
19362126
19490778
19619856
19749360
19879290
20009646
20140428
20271636
20403270
20535330
20667816
20800728
20934066
21067830
21202020
21336636
21471678
21607146
21743040
21879360
22016106
22153278
22290876
22428900
22567350
22706226
22845528
22985256
23125410
23265990
23406996
23548428
23690286
23832570
23975280
24118416
24261978
24405966
24550380
24695220
24840486
24986178
25132296
25278840
25425810
25573206
25721028
25869276
26017950
26167050
26316576
26466528
26616906
26767710
26918940
27070596
27222678
27375186
27528120
27681480
27835266
27989478
28144116
28299180
28454670
28610586
28766928
28923696
29080890
29238510
29396556
29555028
29713926
29873250
30033000
30193176
30353778
30514806
30676260
30838140
31000446
31163178
31326336
31489920
31653930
31818366
31983228
32148516
32314230
32480370
32646936
32813928
32981346
33149190
33317460
33486156
33655278
33824826
33994800
34165200
34336026
34507278
34678956
34851060
35023590
35196546
35369928
35543736
35717970
35892630
36067716
36243228
36419166
36595530
36772320
36949536
37127178
37305246
37483740
37662660
37842006
38021778
38201976
38382600
38563650
38745126
77218251
