317
951
1902
3170
4755
6657
8876
11412
14265
17435
20922
24726
28847
33285
38040
43112
48501
54207
60230
66570
73227
80201
87492
95100
103025
111267
119826
128702
137895
147405
157232
167376
177837
188615
199710
211122
222851
234897
247260
259940
272937
286251
299882
313830
328095
342677
357576
372792
388325
404175
420342
436826
453627
470745
488180
505932
524001
542387
561090
580110
599447
619101
639072
659360
679965
700887
722126
743682
765555
787745
810252
833076
856217
879675
903450
927542
951951
976677
1001720
1027080
1052757
1078751
1105062
1131690
1158635
1185897
1213476
1241372
1269585
1298115
1326962
1356126
1385607
1415405
1445520
1475952
1506701
1537767
1569150
1600850
1632867
1665201
1697852
1730820
1764105
1797707
1831626
1865862
1900415
1935285
1970472
2005976
2041797
2077935
2114390
2151162
2188251
2225657
2263380
2301420
2339777
2378451
2417442
2456750
2496375
2536317
2576576
2617152
2658045
2699255
2740782
2782626
2824787
2867265
2910060
2953172
2996601
3040347
3084410
3128790
3173487
3218501
3263832
3309480
3355445
3401727
3448326
3495242
3542475
3590025
3637892
3686076
3734577
3783395
3832530
3881982
3931751
3981837
4032240
4082960
4133997
4185351
4237022
4289010
4341315
4393937
4446876
4500132
4553705
4607595
4661802
4716326
4771167
4826325
4881800
4937592
4993701
5050127
5106870
5163930
5221307
5279001
5337012
5395340
5453985
5512947
5572226
5631822
5691735
5751965
5812512
5873376
5934557
5996055
6057870
6120002
6182451
6245217
6308300
6371700
6435417
6499451
6563802
6628470
6693455
6758757
6824376
6890312
6956565
7023135
7090022
7157226
7224747
7292585
7360740
7429212
7498001
7567107
7636530
7706270
7776327
7846701
7917392
7988400
8059725
8131367
8203326
8275602
8348195
8421105
8494332
8567876
8641737
8715915
8790410
8865222
8940351
9015797
9091560
9167640
9244037
9320751
9397782
9475130
9552795
9630777
9709076
9787692
9866625
9945875
10025442
10105326
10185527
10266045
10346880
10428032
10509501
10591287
10673390
10755810
10838547
10921601
11004972
11088660
11172665
11256987
11341626
11426582
11511855
11597445
11683352
11769576
11856117
11942975
12030150
12117642
12205451
12293577
12382020
12470780
12559857
12649251
12738962
12828990
12919335
13009997
13100976
13192272
13283885
13375815
13468062
13560626
13653507
13746705
13840220
13934052
14028201
14122667
14217450
14312550
14407967
14503701
14599752
14696120
14792805
14889807
14987126
15084762
15182715
15280985
15379572
15478476
15577697
15677235
15777090
15877262
15977751
318
954
1908
3180
4770
6678
8904
11448
14310
17490
20988
24804
28938
33390
38160
43248
48654
54378
60420
66780
73458
80454
87768
95400
103350
111618
120204
129108
138330
147870
157728
167904
178398
189210
200340
211788
223554
235638
248040
260760
273798
287154
300828
314820
329130
343758
358704
373968
389550
405450
421668
438204
455058
472230
489720
507528
525654
544098
562860
581940
601338
621054
641088
661440
682110
703098
724404
746028
767970
790230
812808
835704
858918
882450
906300
930468
954954
979758
1004880
1030320
1056078
1082154
1108548
1135260
1162290
1189638
1217304
1245288
1273590
1302210
1331148
1360404
1389978
1419870
1450080
1480608
1511454
1542618
1574100
1605900
1638018
1670454
1703208
1736280
1769670
1803378
1837404
1871748
1906410
1941390
1976688
2012304
2048238
2084490
2121060
2157948
2195154
2232678
2270520
2308680
2347158
2385954
2425068
2464500
2504250
2544318
2584704
2625408
2666430
2707770
2749428
2791404
2833698
2876310
2919240
2962488
3006054
3049938
3094140
3138660
3183498
3228654
3274128
3319920
3366030
3412458
3459204
3506268
3553650
3601350
3649368
3697704
3746358
3795330
3844620
3894228
3944154
3994398
4044960
4095840
4147038
4198554
4250388
4302540
4355010
4407798
4460904
4514328
4568070
4622130
4676508
4731204
4786218
4841550
4897200
4953168
5009454
5066058
5122980
5180220
5237778
5295654
5353848
5412360
5471190
5530338
5589804
5649588
5709690
5770110
5830848
5891904
5953278
6014970
6076980
6139308
6201954
6264918
6328200
6391800
6455718
6519954
6584508
6649380
6714570
6780078
6845904
6912048
6978510
7045290
7112388
7179804
7247538
7315590
7383960
7452648
7521654
7590978
7660620
7730580
7800858
7871454
7942368
8013600
8085150
8157018
8229204
8301708
8374530
8447670
8521128
8594904
8668998
8743410
8818140
8893188
8968554
9044238
9120240
9196560
9273198
9350154
9427428
9505020
9582930
9661158
9739704
9818568
9897750
9977250
10057068
10137204
10217658
10298430
10379520
10460928
10542654
10624698
10707060
10789740
10872738
10956054
11039688
11123640
11207910
11292498
11377404
11462628
11548170
11634030
11720208
11806704
11893518
11980650
12068100
12155868
12243954
12332358
12421080
12510120
12599478
12689154
12779148
12869460
12960090
13051038
13142304
13233888
13325790
13418010
13510548
13603404
13696578
13790070
13883880
13978008
14072454
14167218
14262300
14357700
14453418
14549454
14645808
14742480
14839470
14936778
15034404
15132348
15230610
15329190
15428088
15527304
15626838
15726690
15826860
15927348
16028154
16129278
32107029
