485
1455
2910
4850
7275
10185
13580
17460
21825
26675
32010
37830
44135
50925
58200
65960
74205
82935
92150
101850
112035
122705
133860
145500
157625
170235
183330
196910
210975
225525
240560
256080
272085
288575
305550
323010
340955
359385
378300
397700
417585
437955
458810
480150
501975
524285
547080
570360
594125
618375
643110
668330
694035
720225
746900
774060
801705
829835
858450
887550
917135
947205
977760
1008800
1040325
1072335
1104830
1137810
1171275
1205225
1239660
1274580
1309985
1345875
1382250
1419110
1456455
1494285
1532600
1571400
1610685
1650455
1690710
1731450
1772675
1814385
1856580
1899260
1942425
1986075
2030210
2074830
2119935
2165525
2211600
2258160
2305205
2352735
2400750
2449250
2498235
2547705
2597660
2648100
2699025
2750435
2802330
2854710
2907575
2960925
3014760
3069080
3123885
3179175
3234950
3291210
3347955
3405185
3462900
3521100
3579785
3638955
3698610
3758750
3819375
3880485
3942080
4004160
4066725
4129775
4193310
4257330
4321835
4386825
4452300
4518260
4584705
4651635
4719050
4786950
4855335
4924205
4993560
5063400
5133725
5204535
5275830
5347610
5419875
5492625
5565860
5639580
5713785
5788475
5863650
5939310
6015455
6092085
6169200
6246800
6324885
6403455
6482510
6562050
6642075
6722585
6803580
6885060
6967025
7049475
7132410
7215830
7299735
7384125
7469000
7554360
7640205
7726535
7813350
7900650
7988435
8076705
8165460
8254700
8344425
8434635
8525330
8616510
8708175
8800325
8892960
8986080
9079685
9173775
9268350
9363410
9458955
9554985
9651500
9748500
9845985
9943955
10042410
10141350
10240775
10340685
10441080
10541960
10643325
10745175
10847510
10950330
11053635
11157425
11261700
11366460
11471705
11577435
11683650
11790350
11897535
12005205
12113360
12222000
12331125
12440735
12550830
12661410
12772475
12884025
12996060
13108580
13221585
13335075
13449050
13563510
13678455
13793885
13909800
14026200
14143085
14260455
14378310
14496650
14615475
14734785
14854580
14974860
15095625
15216875
15338610
15460830
15583535
15706725
15830400
15954560
16079205
16204335
16329950
16456050
16582635
16709705
16837260
16965300
17093825
17222835
17352330
17482310
17612775
17743725
17875160
18007080
18139485
18272375
18405750
18539610
18673955
18808785
18944100
19079900
19216185
19352955
19490210
19627950
19766175
19904885
20044080
20183760
20323925
20464575
20605710
20747330
20889435
21032025
21175100
21318660
21462705
21607235
21752250
21897750
22043735
22190205
22337160
22484600
22632525
22780935
22929830
23079210
23229075
23379425
23530260
23681580
23833385
23985675
24138450
24291710
24445455
24599685
24754400
24909600
25065285
25221455
25378110
25535250
25692875
25850985
26009580
26168660
26328225
26488275
26648810
26809830
26971335
27133325
27295800
27458760
27622205
27786135
27950550
28115450
28280835
28446705
28613060
28779900
28947225
29115035
29283330
29452110
29621375
29791125
29961360
30132080
30303285
30474975
30647150
30819810
30992955
31166585
31340700
31515300
31690385
31865955
32042010
32218550
32395575
32573085
32751080
32929560
33108525
33287975
33467910
33648330
33829235
34010625
34192500
34374860
34557705
34741035
34924850
35109150
35293935
35479205
35664960
35851200
36037925
36225135
36412830
36601010
36789675
36978825
37168460
37358580
37549185
37740275
37931850
38123910
38316455
38509485
38703000
38897000
39091485
39286455
39481910
39677850
39874275
40071185
40268580
40466460
40664825
40863675
41063010
41262830
41463135
41663925
41865200
42066960
42269205
42471935
42675150
42878850
43083035
43287705
43492860
43698500
43904625
44111235
44318330
44525910
44733975
44942525
45151560
45361080
45571085
45781575
45992550
46204010
46415955
46628385
46841300
47054700
47268585
47482955
47697810
47913150
48128975
48345285
48562080
48779360
48997125
49215375
49434110
49653330
49873035
50093225
50313900
50535060
50756705
50978835
51201450
51424550
51648135
51872205
52096760
52321800
52547325
52773335
52999830
53226810
53454275
53682225
53910660
54139580
54368985
54598875
54829250
55060110
55291455
55523285
55755600
55988400
56221685
56455455
56689710
56924450
57159675
486
1458
2916
4860
7290
10206
13608
17496
21870
26730
32076
37908
44226
51030
58320
66096
74358
83106
92340
102060
112266
122958
134136
145800
157950
170586
183708
197316
211410
225990
241056
256608
272646
289170
306180
323676
341658
360126
379080
398520
418446
438858
459756
481140
503010
525366
548208
571536
595350
619650
644436
669708
695466
721710
748440
775656
803358
831546
860220
889380
919026
949158
979776
1010880
1042470
1074546
1107108
1140156
1173690
1207710
1242216
1277208
1312686
1348650
1385100
1422036
1459458
1497366
1535760
1574640
1614006
1653858
1694196
1735020
1776330
1818126
1860408
1903176
1946430
1990170
2034396
2079108
2124306
2169990
2216160
2262816
2309958
2357586
2405700
2454300
2503386
2552958
2603016
2653560
2704590
2756106
2808108
2860596
2913570
2967030
3020976
3075408
3130326
3185730
3241620
3297996
3354858
3412206
3470040
3528360
3587166
3646458
3706236
3766500
3827250
3888486
3950208
4012416
4075110
4138290
4201956
4266108
4330746
4395870
4461480
4527576
4594158
4661226
4728780
4796820
4865346
4934358
5003856
5073840
5144310
5215266
5286708
5358636
5431050
5503950
5577336
5651208
5725566
5800410
5875740
5951556
6027858
6104646
6181920
6259680
6337926
6416658
6495876
6575580
6655770
6736446
6817608
6899256
6981390
7064010
7147116
7230708
7314786
7399350
7484400
7569936
7655958
7742466
7829460
7916940
8004906
8093358
8182296
8271720
8361630
8452026
8542908
8634276
8726130
8818470
8911296
9004608
9098406
9192690
9287460
9382716
9478458
9574686
9671400
9768600
9866286
9964458
10063116
10162260
10261890
10362006
10462608
10563696
10665270
10767330
10869876
10972908
11076426
11180430
11284920
11389896
11495358
11601306
11707740
11814660
11922066
12029958
12138336
12247200
12356550
12466386
12576708
12687516
12798810
12910590
13022856
13135608
13248846
13362570
13476780
13591476
13706658
13822326
13938480
14055120
14172246
14289858
14407956
14526540
14645610
14765166
14885208
15005736
15126750
15248250
15370236
15492708
15615666
15739110
15863040
15987456
16112358
16237746
16363620
16489980
16616826
16744158
16871976
17000280
17129070
17258346
17388108
17518356
17649090
17780310
17912016
18044208
18176886
18310050
18443700
18577836
18712458
18847566
18983160
19119240
19255806
19392858
19530396
19668420
19806930
19945926
20085408
20225376
20365830
20506770
20648196
20790108
20932506
21075390
21218760
21362616
21506958
21651786
21797100
21942900
22089186
22235958
22383216
22530960
22679190
22827906
22977108
23126796
23276970
23427630
23578776
23730408
23882526
24035130
24188220
24341796
24495858
24650406
24805440
24960960
25116966
25273458
25430436
25587900
25745850
25904286
26063208
26222616
26382510
26542890
26703756
26865108
27026946
27189270
27352080
27515376
27679158
27843426
28008180
28173420
28339146
28505358
28672056
28839240
29006910
29175066
29343708
29512836
29682450
29852550
30023136
30194208
30365766
30537810
30710340
30883356
31056858
31230846
31405320
31580280
31755726
31931658
32108076
32284980
32462370
32640246
32818608
32997456
33176790
33356610
33536916
33717708
33898986
34080750
34263000
34445736
34628958
34812666
34996860
35181540
35366706
35552358
35738496
35925120
36112230
36299826
36487908
36676476
36865530
37055070
37245096
37435608
37626606
37818090
38010060
38202516
38395458
38588886
38782800
38977200
39172086
39367458
39563316
39759660
39956490
40153806
40351608
40549896
40748670
40947930
41147676
41347908
41548626
41749830
41951520
42153696
42356358
42559506
42763140
42967260
43171866
43376958
43582536
43788600
43995150
44202186
44409708
44617716
44826210
45035190
45244656
45454608
45665046
45875970
46087380
46299276
46511658
46724526
46937880
47151720
47366046
47580858
47796156
48011940
48228210
48444966
48662208
48879936
49098150
49316850
49536036
49755708
49975866
50196510
50417640
50639256
50861358
51083946
51307020
51530580
51754626
51979158
52204176
52429680
52655670
52882146
53109108
53336556
53564490
53792910
54021816
54251208
54481086
54711450
54942300
55173636
55405458
55637766
55870560
56103840
56337606
56571858
56806596
57041820
57277530
57513726
114673401
