271
813
1626
2710
4065
5691
7588
9756
12195
14905
17886
21138
24661
28455
32520
36856
41463
46341
51490
56910
62601
68563
74796
81300
88075
95121
102438
110026
117885
126015
134416
143088
152031
161245
170730
180486
190513
200811
211380
222220
233331
244713
256366
268290
280485
292951
305688
318696
331975
345525
359346
373438
387801
402435
417340
432516
447963
463681
479670
495930
512461
529263
546336
563680
581295
599181
617338
635766
654465
673435
692676
712188
731971
752025
772350
792946
813813
834951
856360
878040
899991
922213
944706
967470
990505
1013811
1037388
1061236
1085355
1109745
1134406
1159338
1184541
1210015
1235760
1261776
1288063
1314621
1341450
1368550
1395921
1423563
1451476
1479660
1508115
1536841
1565838
1595106
1624645
1654455
1684536
1714888
1745511
1776405
1807570
1839006
1870713
1902691
1934940
1967460
2000251
2033313
2066646
2100250
2134125
2168271
2202688
2237376
2272335
2307565
2343066
2378838
2414881
2451195
2487780
2524636
2561763
2599161
2636830
2674770
2712981
2751463
2790216
2829240
2868535
2908101
2947938
2988046
3028425
3069075
3109996
3151188
3192651
3234385
3276390
3318666
3361213
3404031
3447120
3490480
3534111
3578013
3622186
3666630
3711345
3756331
3801588
3847116
3892915
3938985
3985326
4031938
4078821
4125975
4173400
4221096
4269063
4317301
4365810
4414590
4463641
4512963
4562556
4612420
4662555
4712961
4763638
4814586
4865805
4917295
4969056
5021088
5073391
5125965
5178810
5231926
5285313
5338971
5392900
5447100
5501571
5556313
5611326
5666610
5722165
5777991
5834088
5890456
5947095
6004005
6061186
6118638
6176361
6234355
6292620
6351156
6409963
6469041
6528390
6588010
6647901
6708063
6768496
6829200
6890175
6951421
7012938
7074726
7136785
7199115
7261716
7324588
7387731
7451145
7514830
7578786
7643013
7707511
7772280
7837320
7902631
7968213
8034066
8100190
8166585
8233251
8300188
8367396
8434875
8502625
8570646
8638938
8707501
8776335
8845440
8914816
8984463
9054381
9124570
9195030
9265761
9336763
9408036
9479580
9551395
9623481
9695838
9768466
9841365
9914535
9987976
272
816
1632
2720
4080
5712
7616
9792
12240
14960
17952
21216
24752
28560
32640
36992
41616
46512
51680
57120
62832
68816
75072
81600
88400
95472
102816
110432
118320
126480
134912
143616
152592
161840
171360
181152
191216
201552
212160
223040
234192
245616
257312
269280
281520
294032
306816
319872
333200
346800
360672
374816
389232
403920
418880
434112
449616
465392
481440
497760
514352
531216
548352
565760
583440
601392
619616
638112
656880
675920
695232
714816
734672
754800
775200
795872
816816
838032
859520
881280
903312
925616
948192
971040
994160
1017552
1041216
1065152
1089360
1113840
1138592
1163616
1188912
1214480
1240320
1266432
1292816
1319472
1346400
1373600
1401072
1428816
1456832
1485120
1513680
1542512
1571616
1600992
1630640
1660560
1690752
1721216
1751952
1782960
1814240
1845792
1877616
1909712
1942080
1974720
2007632
2040816
2074272
2108000
2142000
2176272
2210816
2245632
2280720
2316080
2351712
2387616
2423792
2460240
2496960
2533952
2571216
2608752
2646560
2684640
2722992
2761616
2800512
2839680
2879120
2918832
2958816
2999072
3039600
3080400
3121472
3162816
3204432
3246320
3288480
3330912
3373616
3416592
3459840
3503360
3547152
3591216
3635552
3680160
3725040
3770192
3815616
3861312
3907280
3953520
4000032
4046816
4093872
4141200
4188800
4236672
4284816
4333232
4381920
4430880
4480112
4529616
4579392
4629440
4679760
4730352
4781216
4832352
4883760
4935440
4987392
5039616
5092112
5144880
5197920
5251232
5304816
5358672
5412800
5467200
5521872
5576816
5632032
5687520
5743280
5799312
5855616
5912192
5969040
6026160
6083552
6141216
6199152
6257360
6315840
6374592
6433616
6492912
6552480
6612320
6672432
6732816
6793472
6854400
6915600
6977072
7038816
7100832
7163120
7225680
7288512
7351616
7414992
7478640
7542560
7606752
7671216
7735952
7800960
7866240
7931792
7997616
8063712
8130080
8196720
8263632
8330816
8398272
8466000
8534000
8602272
8670816
8739632
8808720
8878080
8947712
9017616
9087792
9158240
9228960
9299952
9371216
9442752
9514560
9586640
9658992
9731616
9804512
9877680
9951120
10024832
10098816
20086792
