638
1914
3828
6380
9570
13398
17864
22968
28710
35090
42108
49764
58058
66990
76560
86768
97614
109098
121220
133980
147378
161414
176088
191400
207350
223938
241164
259028
277530
296670
316448
336864
357918
379610
401940
424908
448514
472758
497640
523160
549318
576114
603548
631620
660330
689678
719664
750288
781550
813450
845988
879164
912978
947430
982520
1018248
1054614
1091618
1129260
1167540
1206458
1246014
1286208
1327040
1368510
1410618
1453364
1496748
1540770
1585430
1630728
1676664
1723238
1770450
1818300
1866788
1915914
1965678
2016080
2067120
2118798
2171114
2224068
2277660
2331890
2386758
2442264
2498408
2555190
2612610
2670668
2729364
2788698
2848670
2909280
2970528
3032414
3094938
3158100
3221900
3286338
3351414
3417128
3483480
3550470
3618098
3686364
3755268
3824810
3894990
3965808
4037264
4109358
4182090
4255460
4329468
4404114
4479398
4555320
4631880
4709078
4786914
4865388
4944500
5024250
5104638
5185664
5267328
5349630
5432570
5516148
5600364
5685218
5770710
5856840
5943608
6031014
6119058
6207740
6297060
6387018
6477614
6568848
6660720
6753230
6846378
6940164
7034588
7129650
7225350
7321688
7418664
7516278
7614530
7713420
7812948
7913114
8013918
8115360
8217440
8320158
8423514
8527508
8632140
8737410
8843318
8949864
9057048
9164870
9273330
9382428
9492164
9602538
9713550
9825200
9937488
10050414
10163978
10278180
10393020
10508498
10624614
10741368
10858760
10976790
11095458
11214764
11334708
11455290
11576510
11698368
11820864
11943998
12067770
12192180
12317228
12442914
12569238
12696200
12823800
12952038
13080914
13210428
13340580
13471370
13602798
13734864
13867568
14000910
14134890
14269508
14404764
14540658
14677190
14814360
14952168
15090614
15229698
15369420
15509780
15650778
15792414
15934688
16077600
16221150
16365338
16510164
16655628
16801730
16948470
17095848
17243864
17392518
17541810
17691740
17842308
17993514
18145358
18297840
18450960
18604718
18759114
18914148
19069820
19226130
19383078
19540664
19698888
19857750
20017250
20177388
20338164
20499578
20661630
20824320
20987648
21151614
21316218
21481460
21647340
21813858
21981014
22148808
22317240
22486310
22656018
22826364
22997348
23168970
23341230
23514128
23687664
23861838
24036650
24212100
24388188
24564914
24742278
24920280
25098920
25278198
25458114
25638668
25819860
26001690
26184158
26367264
26551008
26735390
26920410
27106068
27292364
27479298
27666870
27855080
28043928
28233414
28423538
28614300
28805700
28997738
29190414
29383728
29577680
29772270
29967498
30163364
30359868
30557010
30754790
30953208
31152264
31351958
31552290
31753260
31954868
32157114
32359998
32563520
32767680
32972478
33177914
33383988
33590700
33798050
34006038
34214664
34423928
34633830
34844370
35055548
35267364
35479818
35692910
35906640
36121008
36336014
36551658
36767940
36984860
37202418
37420614
37639448
37858920
38079030
38299778
38521164
38743188
38965850
39189150
39413088
39637664
39862878
40088730
40315220
40542348
40770114
40998518
41227560
41457240
41687558
41918514
42150108
42382340
42615210
42848718
43082864
43317648
43553070
43789130
44025828
44263164
44501138
44739750
44979000
45218888
45459414
45700578
45942380
46184820
46427898
46671614
46915968
47160960
47406590
47652858
47899764
48147308
48395490
48644310
48893768
49143864
49394598
49645970
49897980
50150628
50403914
50657838
50912400
51167600
51423438
51679914
51937028
52194780
52453170
52712198
52971864
53232168
53493110
53754690
54016908
54279764
54543258
54807390
55072160
55337568
55603614
55870298
56137620
56405580
56674178
56943414
57213288
57483800
57754950
58026738
58299164
58572228
58845930
59120270
59395248
59670864
59947118
60224010
60501540
60779708
61058514
61337958
61618040
61898760
62180118
62462114
62744748
63028020
63311930
63596478
63881664
64167488
64453950
64741050
65028788
65317164
65606178
65895830
66186120
66477048
66768614
67060818
67353660
67647140
67941258
68236014
68531408
68827440
69124110
69421418
69719364
70017948
70317170
70617030
70917528
71218664
71520438
71822850
72125900
72429588
72733914
73038878
73344480
73650720
73957598
74265114
74573268
74882060
75191490
75501558
75812264
76123608
76435590
76748210
77061468
77375364
77689898
78005070
78320880
78637328
78954414
79272138
79590500
79909500
80229138
80549414
80870328
81191880
81514070
81836898
82160364
82484468
82809210
83134590
83460608
83787264
84114558
84442490
84771060
85100268
85430114
85760598
86091720
86423480
86755878
87088914
87422588
87756900
88091850
88427438
88763664
89100528
89438030
89776170
90114948
90454364
90794418
91135110
91476440
91818408
92161014
92504258
92848140
93192660
93537818
93883614
94230048
94577120
94924830
95273178
95622164
95971788
96322050
96672950
97024488
97376664
97729478
98082930
98437020
98791748
99147114
99503118
99859760
100217040
100574958
100933514
101292708
101652540
102013010
102374118
102735864
103098248
103461270
103824930
104189228
104554164
104919738
105285950
105652800
106020288
106388414
106757178
107126580
107496620
107867298
108238614
108610568
108983160
109356390
109730258
110104764
110479908
110855690
111232110
111609168
111986864
112365198
112744170
113123780
113504028
113884914
114266438
114648600
115031400
115414838
115798914
116183628
116568980
116954970
117341598
117728864
118116768
118505310
118894490
119284308
119674764
120065858
120457590
120849960
121242968
121636614
122030898
122425820
122821380
123217578
123614414
124011888
124410000
124808750
125208138
125608164
126008828
126410130
126812070
127214648
127617864
128021718
128426210
128831340
129237108
129643514
130050558
638
1914
3828
6380
9570
13398
17864
22968
28710
35090
42108
49764
58058
66990
76560
86768
97614
109098
121220
133980
147378
161414
176088
191400
207350
223938
241164
259028
277530
296670
316448
336864
357918
379610
401940
424908
448514
472758
497640
523160
549318
576114
603548
631620
660330
689678
719664
750288
781550
813450
845988
879164
912978
947430
982520
1018248
1054614
1091618
1129260
1167540
1206458
1246014
1286208
1327040
1368510
1410618
1453364
1496748
1540770
1585430
1630728
1676664
1723238
1770450
1818300
1866788
1915914
1965678
2016080
2067120
2118798
2171114
2224068
2277660
2331890
2386758
2442264
2498408
2555190
2612610
2670668
2729364
2788698
2848670
2909280
2970528
3032414
3094938
3158100
3221900
3286338
3351414
3417128
3483480
3550470
3618098
3686364
3755268
3824810
3894990
3965808
4037264
4109358
4182090
4255460
4329468
4404114
4479398
4555320
4631880
4709078
4786914
4865388
4944500
5024250
5104638
5185664
5267328
5349630
5432570
5516148
5600364
5685218
5770710
5856840
5943608
6031014
6119058
6207740
6297060
6387018
6477614
6568848
6660720
6753230
6846378
6940164
7034588
7129650
7225350
7321688
7418664
7516278
7614530
7713420
7812948
7913114
8013918
8115360
8217440
8320158
8423514
8527508
8632140
8737410
8843318
8949864
9057048
9164870
9273330
9382428
9492164
9602538
9713550
9825200
9937488
10050414
10163978
10278180
10393020
10508498
10624614
10741368
10858760
10976790
11095458
11214764
11334708
11455290
11576510
11698368
11820864
11943998
12067770
12192180
12317228
12442914
12569238
12696200
12823800
12952038
13080914
13210428
13340580
13471370
13602798
13734864
13867568
14000910
14134890
14269508
14404764
14540658
14677190
14814360
14952168
15090614
15229698
15369420
15509780
15650778
15792414
15934688
16077600
16221150
16365338
16510164
16655628
16801730
16948470
17095848
17243864
17392518
17541810
17691740
17842308
17993514
18145358
18297840
18450960
18604718
18759114
18914148
19069820
19226130
19383078
19540664
19698888
19857750
20017250
20177388
20338164
20499578
20661630
20824320
20987648
21151614
21316218
21481460
21647340
21813858
21981014
22148808
22317240
22486310
22656018
22826364
22997348
23168970
23341230
23514128
23687664
23861838
24036650
24212100
24388188
24564914
24742278
24920280
25098920
25278198
25458114
25638668
25819860
26001690
26184158
26367264
26551008
26735390
26920410
27106068
27292364
27479298
27666870
27855080
28043928
28233414
28423538
28614300
28805700
28997738
29190414
29383728
29577680
29772270
29967498
30163364
30359868
30557010
30754790
30953208
31152264
31351958
31552290
31753260
31954868
32157114
32359998
32563520
32767680
32972478
33177914
33383988
33590700
33798050
34006038
34214664
34423928
34633830
34844370
35055548
35267364
35479818
35692910
35906640
36121008
36336014
36551658
36767940
36984860
37202418
37420614
37639448
37858920
38079030
38299778
38521164
38743188
38965850
39189150
39413088
39637664
39862878
40088730
40315220
40542348
40770114
40998518
41227560
41457240
41687558
41918514
42150108
42382340
42615210
42848718
43082864
43317648
43553070
43789130
44025828
44263164
44501138
44739750
44979000
45218888
45459414
45700578
45942380
46184820
46427898
46671614
46915968
47160960
47406590
47652858
47899764
48147308
48395490
48644310
48893768
49143864
49394598
49645970
49897980
50150628
50403914
50657838
50912400
51167600
51423438
51679914
51937028
52194780
52453170
52712198
52971864
53232168
53493110
53754690
54016908
54279764
54543258
54807390
55072160
55337568
55603614
55870298
56137620
56405580
56674178
56943414
57213288
57483800
57754950
58026738
58299164
58572228
58845930
59120270
59395248
59670864
59947118
60224010
60501540
60779708
61058514
61337958
61618040
61898760
62180118
62462114
62744748
63028020
63311930
63596478
63881664
64167488
64453950
64741050
65028788
65317164
65606178
65895830
66186120
66477048
66768614
67060818
67353660
67647140
67941258
68236014
68531408
68827440
69124110
69421418
69719364
70017948
70317170
70617030
70917528
71218664
71520438
71822850
72125900
72429588
72733914
73038878
73344480
73650720
73957598
74265114
74573268
74882060
75191490
75501558
75812264
76123608
76435590
76748210
77061468
77375364
77689898
78005070
78320880
78637328
78954414
79272138
79590500
79909500
80229138
80549414
80870328
81191880
81514070
81836898
82160364
82484468
82809210
83134590
83460608
83787264
84114558
84442490
84771060
85100268
85430114
85760598
86091720
86423480
86755878
87088914
87422588
87756900
88091850
88427438
88763664
89100528
89438030
89776170
90114948
90454364
90794418
91135110
91476440
91818408
92161014
92504258
92848140
93192660
93537818
93883614
94230048
94577120
94924830
95273178
95622164
95971788
96322050
96672950
97024488
97376664
97729478
98082930
98437020
98791748
99147114
99503118
99859760
100217040
100574958
100933514
101292708
101652540
102013010
102374118
102735864
103098248
103461270
103824930
104189228
104554164
104919738
105285950
105652800
106020288
106388414
106757178
107126580
107496620
107867298
108238614
108610568
108983160
109356390
109730258
110104764
110479908
110855690
111232110
111609168
111986864
112365198
112744170
113123780
113504028
113884914
114266438
114648600
115031400
115414838
115798914
116183628
116568980
116954970
117341598
117728864
118116768
118505310
118894490
119284308
119674764
120065858
120457590
120849960
121242968
121636614
122030898
122425820
122821380
123217578
123614414
124011888
124410000
124808750
125208138
125608164
126008828
126410130
126812070
127214648
127617864
128021718
128426210
128831340
129237108
129643514
130050558
260101116
