296
888
1776
2960
4440
6216
8288
10656
13320
16280
19536
23088
26936
31080
35520
40256
45288
50616
56240
62160
68376
74888
81696
88800
96200
103896
111888
120176
128760
137640
146816
156288
166056
176120
186480
197136
208088
219336
230880
242720
254856
267288
280016
293040
306360
319976
333888
348096
362600
377400
392496
407888
423576
439560
455840
472416
489288
506456
523920
541680
559736
578088
596736
615680
634920
654456
674288
694416
714840
735560
756576
777888
799496
821400
843600
866096
888888
911976
935360
959040
983016
1007288
1031856
1056720
1081880
1107336
1133088
1159136
1185480
1212120
1239056
1266288
1293816
1321640
1349760
1378176
1406888
1435896
1465200
1494800
1524696
1554888
1585376
1616160
1647240
1678616
1710288
1742256
1774520
1807080
1839936
1873088
1906536
1940280
1974320
2008656
2043288
2078216
2113440
2148960
2184776
2220888
2257296
2294000
2331000
2368296
2405888
2443776
2481960
2520440
2559216
2598288
2637656
2677320
2717280
2757536
2798088
2838936
2880080
2921520
2963256
3005288
3047616
3090240
3133160
3176376
3219888
3263696
3307800
3352200
3396896
3441888
3487176
3532760
3578640
3624816
3671288
3718056
3765120
3812480
3860136
3908088
3956336
4004880
4053720
4102856
4152288
4202016
4252040
4302360
4352976
4403888
4455096
4506600
4558400
4610496
4662888
4715576
4768560
4821840
4875416
4929288
4983456
5037920
5092680
5147736
5203088
5258736
5314680
5370920
5427456
5484288
5541416
5598840
5656560
5714576
5772888
5831496
5890400
5949600
6009096
6068888
6128976
6189360
6250040
6311016
6372288
6433856
6495720
6557880
6620336
6683088
6746136
6809480
6873120
6937056
7001288
7065816
7130640
7195760
7261176
7326888
7392896
7459200
7525800
7592696
7659888
7727376
7795160
7863240
7931616
8000288
8069256
8138520
8208080
8277936
8348088
8418536
8489280
8560320
8631656
8703288
8775216
8847440
8919960
8992776
9065888
9139296
9213000
9287000
9361296
9435888
9510776
9585960
9661440
9737216
9813288
9889656
9966320
10043280
10120536
10198088
10275936
10354080
10432520
10511256
10590288
10669616
10749240
10829160
10909376
10989888
11070696
11151800
11233200
11314896
11396888
11479176
11561760
11644640
11727816
11811288
11895056
11979120
12063480
12148136
12233088
12318336
12403880
12489720
12575856
12662288
12749016
12836040
12923360
13010976
296
888
1776
2960
4440
6216
8288
10656
13320
16280
19536
23088
26936
31080
35520
40256
45288
50616
56240
62160
68376
74888
81696
88800
96200
103896
111888
120176
128760
137640
146816
156288
166056
176120
186480
197136
208088
219336
230880
242720
254856
267288
280016
293040
306360
319976
333888
348096
362600
377400
392496
407888
423576
439560
455840
472416
489288
506456
523920
541680
559736
578088
596736
615680
634920
654456
674288
694416
714840
735560
756576
777888
799496
821400
843600
866096
888888
911976
935360
959040
983016
1007288
1031856
1056720
1081880
1107336
1133088
1159136
1185480
1212120
1239056
1266288
1293816
1321640
1349760
1378176
1406888
1435896
1465200
1494800
1524696
1554888
1585376
1616160
1647240
1678616
1710288
1742256
1774520
1807080
1839936
1873088
1906536
1940280
1974320
2008656
2043288
2078216
2113440
2148960
2184776
2220888
2257296
2294000
2331000
2368296
2405888
2443776
2481960
2520440
2559216
2598288
2637656
2677320
2717280
2757536
2798088
2838936
2880080
2921520
2963256
3005288
3047616
3090240
3133160
3176376
3219888
3263696
3307800
3352200
3396896
3441888
3487176
3532760
3578640
3624816
3671288
3718056
3765120
3812480
3860136
3908088
3956336
4004880
4053720
4102856
4152288
4202016
4252040
4302360
4352976
4403888
4455096
4506600
4558400
4610496
4662888
4715576
4768560
4821840
4875416
4929288
4983456
5037920
5092680
5147736
5203088
5258736
5314680
5370920
5427456
5484288
5541416
5598840
5656560
5714576
5772888
5831496
5890400
5949600
6009096
6068888
6128976
6189360
6250040
6311016
6372288
6433856
6495720
6557880
6620336
6683088
6746136
6809480
6873120
6937056
7001288
7065816
7130640
7195760
7261176
7326888
7392896
7459200
7525800
7592696
7659888
7727376
7795160
7863240
7931616
8000288
8069256
8138520
8208080
8277936
8348088
8418536
8489280
8560320
8631656
8703288
8775216
8847440
8919960
8992776
9065888
9139296
9213000
9287000
9361296
9435888
9510776
9585960
9661440
9737216
9813288
9889656
9966320
10043280
10120536
10198088
10275936
10354080
10432520
10511256
10590288
10669616
10749240
10829160
10909376
10989888
11070696
11151800
11233200
11314896
11396888
11479176
11561760
11644640
11727816
11811288
11895056
11979120
12063480
12148136
12233088
12318336
12403880
12489720
12575856
12662288
12749016
12836040
12923360
13010976
26021952
