445
1335
2670
4450
6675
9345
12460
16020
20025
24475
29370
34710
40495
46725
53400
60520
68085
76095
84550
93450
102795
112585
122820
133500
144625
156195
168210
180670
193575
206925
220720
234960
249645
264775
280350
296370
312835
329745
347100
364900
383145
401835
420970
440550
460575
481045
501960
523320
545125
567375
590070
613210
636795
660825
685300
710220
735585
761395
787650
814350
841495
869085
897120
925600
954525
983895
1013710
1043970
1074675
1105825
1137420
1169460
1201945
1234875
1268250
1302070
1336335
1371045
1406200
1441800
1477845
1514335
1551270
1588650
1626475
1664745
1703460
1742620
1782225
1822275
1862770
1903710
1945095
1986925
2029200
2071920
2115085
2158695
2202750
2247250
2292195
2337585
2383420
2429700
2476425
2523595
2571210
2619270
2667775
2716725
2766120
2815960
2866245
2916975
2968150
3019770
3071835
3124345
3177300
3230700
3284545
3338835
3393570
3448750
3504375
3560445
3616960
3673920
3731325
3789175
3847470
3906210
3965395
4025025
4085100
4145620
4206585
4267995
4329850
4392150
4454895
4518085
4581720
4645800
4710325
4775295
4840710
4906570
4972875
5039625
5106820
5174460
5242545
5311075
5380050
5449470
5519335
5589645
5660400
5731600
5803245
5875335
5947870
6020850
6094275
6168145
6242460
6317220
6392425
6468075
6544170
6620710
6697695
6775125
6853000
6931320
7010085
7089295
7168950
7249050
7329595
7410585
7492020
7573900
7656225
7738995
7822210
7905870
7989975
8074525
8159520
8244960
8330845
8417175
8503950
8591170
8678835
8766945
8855500
8944500
9033945
9123835
9214170
9304950
9396175
9487845
9579960
9672520
9765525
9858975
9952870
10047210
10141995
10237225
10332900
10429020
10525585
10622595
10720050
10817950
10916295
11015085
11114320
11214000
11314125
11414695
11515710
11617170
11719075
11821425
11924220
12027460
12131145
12235275
12339850
12444870
12550335
12656245
12762600
12869400
12976645
13084335
13192470
13301050
13410075
13519545
13629460
13739820
13850625
13961875
14073570
14185710
14298295
14411325
14524800
14638720
14753085
14867895
14983150
15098850
15214995
15331585
15448620
15566100
15684025
15802395
15921210
16040470
16160175
16280325
16400920
16521960
16643445
16765375
16887750
17010570
17133835
17257545
17381700
17506300
17631345
17756835
17882770
18009150
18135975
18263245
18390960
18519120
18647725
18776775
18906270
19036210
19166595
19297425
19428700
19560420
19692585
19825195
19958250
20091750
20225695
20360085
20494920
20630200
20765925
20902095
21038710
21175770
21313275
21451225
21589620
21728460
21867745
22007475
22147650
22288270
22429335
22570845
22712800
22855200
22998045
23141335
23285070
23429250
23573875
23718945
23864460
24010420
24156825
24303675
24450970
24598710
24746895
24895525
25044600
25194120
25344085
25494495
25645350
25796650
25948395
26100585
26253220
26406300
26559825
26713795
26868210
27023070
27178375
27334125
27490320
27646960
27804045
27961575
28119550
28277970
28436835
28596145
28755900
28916100
29076745
29237835
29399370
29561350
29723775
29886645
30049960
30213720
30377925
30542575
30707670
30873210
31039195
31205625
31372500
31539820
31707585
31875795
32044450
32213550
32383095
32553085
32723520
32894400
33065725
33237495
33409710
33582370
33755475
33929025
34103020
34277460
34452345
34627675
34803450
34979670
35156335
35333445
35511000
35689000
35867445
36046335
36225670
36405450
36585675
36766345
36947460
37129020
37311025
37493475
37676370
37859710
38043495
38227725
38412400
38597520
38783085
38969095
39155550
39342450
39529795
39717585
39905820
40094500
40283625
40473195
40663210
40853670
41044575
41235925
41427720
41619960
41812645
42005775
42199350
42393370
42587835
42782745
42978100
43173900
43370145
43566835
43763970
43961550
44159575
446
1338
2676
4460
6690
9366
12488
16056
20070
24530
29436
34788
40586
46830
53520
60656
68238
76266
84740
93660
103026
112838
123096
133800
144950
156546
168588
181076
194010
207390
221216
235488
250206
265370
280980
297036
313538
330486
347880
365720
384006
402738
421916
441540
461610
482126
503088
524496
546350
568650
591396
614588
638226
662310
686840
711816
737238
763106
789420
816180
843386
871038
899136
927680
956670
986106
1015988
1046316
1077090
1108310
1139976
1172088
1204646
1237650
1271100
1304996
1339338
1374126
1409360
1445040
1481166
1517738
1554756
1592220
1630130
1668486
1707288
1746536
1786230
1826370
1866956
1907988
1949466
1991390
2033760
2076576
2119838
2163546
2207700
2252300
2297346
2342838
2388776
2435160
2481990
2529266
2576988
2625156
2673770
2722830
2772336
2822288
2872686
2923530
2974820
3026556
3078738
3131366
3184440
3237960
3291926
3346338
3401196
3456500
3512250
3568446
3625088
3682176
3739710
3797690
3856116
3914988
3974306
4034070
4094280
4154936
4216038
4277586
4339580
4402020
4464906
4528238
4592016
4656240
4720910
4786026
4851588
4917596
4984050
5050950
5118296
5186088
5254326
5323010
5392140
5461716
5531738
5602206
5673120
5744480
5816286
5888538
5961236
6034380
6107970
6182006
6256488
6331416
6406790
6482610
6558876
6635588
6712746
6790350
6868400
6946896
7025838
7105226
7185060
7265340
7346066
7427238
7508856
7590920
7673430
7756386
7839788
7923636
8007930
8092670
8177856
8263488
8349566
8436090
8523060
8610476
8698338
8786646
8875400
8964600
9054246
9144338
9234876
9325860
9417290
9509166
9601488
9694256
9787470
9881130
9975236
10069788
10164786
10260230
10356120
10452456
10549238
10646466
10744140
10842260
10940826
11039838
11139296
11239200
11339550
11440346
11541588
11643276
11745410
11847990
11951016
12054488
12158406
12262770
12367580
12472836
12578538
12684686
12791280
12898320
13005806
13113738
13222116
13330940
13440210
13549926
13660088
13770696
13881750
13993250
14105196
14217588
14330426
14443710
14557440
14671616
14786238
14901306
15016820
15132780
15249186
15366038
15483336
15601080
15719270
15837906
15956988
16076516
16196490
16316910
16437776
16559088
16680846
16803050
16925700
17048796
17172338
17296326
17420760
17545640
17670966
17796738
17922956
18049620
18176730
18304286
18432288
18560736
18689630
18818970
18948756
19078988
19209666
19340790
19472360
19604376
19736838
19869746
20003100
20136900
20271146
20405838
20540976
20676560
20812590
20949066
21085988
21223356
21361170
21499430
21638136
21777288
21916886
22056930
22197420
22338356
22479738
22621566
22763840
22906560
23049726
23193338
23337396
23481900
23626850
23772246
23918088
24064376
24211110
24358290
24505916
24653988
24802506
24951470
25100880
25250736
25401038
25551786
25702980
25854620
26006706
26159238
26312216
26465640
26619510
26773826
26928588
27083796
27239450
27395550
27552096
27709088
27866526
28024410
28182740
28341516
28500738
28660406
28820520
28981080
29142086
29303538
29465436
29627780
29790570
29953806
30117488
30281616
30446190
30611210
30776676
30942588
31108946
31275750
31443000
31610696
31778838
31947426
32116460
32285940
32455866
32626238
32797056
32968320
33140030
33312186
33484788
33657836
33831330
34005270
34179656
34354488
34529766
34705490
34881660
35058276
35235338
35412846
35590800
35769200
35948046
36127338
36307076
36487260
36667890
36848966
37030488
37212456
37394870
37577730
37761036
37944788
38128986
38313630
38498720
38684256
38870238
39056666
39243540
39430860
39618626
39806838
39995496
40184600
40374150
40564146
40754588
40945476
41136810
41328590
41520816
41713488
41906606
42100170
42294180
42488636
42683538
42878886
43074680
43270920
43467606
43664738
43862316
44060340
44258810
44457726
88617301
