915
2745
5490
9150
13725
19215
25620
32940
41175
50325
60390
71370
83265
96075
109800
124440
139995
156465
173850
192150
211365
231495
252540
274500
297375
321165
345870
371490
398025
425475
453840
483120
513315
544425
576450
609390
643245
678015
713700
750300
787815
826245
865590
905850
947025
989115
1032120
1076040
1120875
1166625
1213290
1260870
1309365
1358775
1409100
1460340
1512495
1565565
1619550
1674450
1730265
1786995
1844640
1903200
1962675
2023065
2084370
2146590
2209725
2273775
2338740
2404620
2471415
2539125
2607750
2677290
2747745
2819115
2891400
2964600
3038715
3113745
3189690
3266550
3344325
3423015
3502620
3583140
3664575
3746925
3830190
3914370
3999465
4085475
4172400
4260240
4348995
4438665
4529250
4620750
4713165
4806495
4900740
4995900
5091975
5188965
5286870
5385690
5485425
5586075
5687640
5790120
5893515
5997825
6103050
6209190
6316245
6424215
6533100
6642900
6753615
6865245
6977790
7091250
7205625
7320915
7437120
7554240
7672275
7791225
7911090
8031870
8153565
8276175
8399700
8524140
8649495
8775765
8902950
9031050
9160065
9289995
9420840
9552600
9685275
9818865
9953370
10088790
10225125
10362375
10500540
10639620
10779615
10920525
11062350
11205090
11348745
11493315
11638800
11785200
11932515
12080745
12229890
12379950
12530925
12682815
12835620
12989340
13143975
13299525
13455990
13613370
13771665
13930875
14091000
14252040
14413995
14576865
14740650
14905350
15070965
15237495
15404940
15573300
15742575
15912765
16083870
16255890
16428825
16602675
16777440
16953120
17129715
17307225
17485650
17664990
17845245
18026415
18208500
18391500
18575415
18760245
18945990
19132650
19320225
19508715
19698120
19888440
20079675
20271825
20464890
20658870
20853765
21049575
21246300
21443940
21642495
21841965
22042350
22243650
22445865
22648995
22853040
23058000
23263875
23470665
23678370
23886990
24096525
24306975
24518340
24730620
24943815
25157925
25372950
25588890
25805745
26023515
26242200
26461800
26682315
26903745
27126090
27349350
27573525
27798615
28024620
28251540
28479375
28708125
28937790
29168370
29399865
29632275
29865600
30099840
30334995
30571065
30808050
31045950
31284765
31524495
31765140
32006700
32249175
32492565
32736870
32982090
33228225
33475275
33723240
33972120
34221915
34472625
34724250
34976790
35230245
35484615
35739900
35996100
36253215
36511245
36770190
37030050
37290825
37552515
37815120
38078640
38343075
38608425
38874690
39141870
39409965
39678975
39948900
40219740
40491495
40764165
41037750
41312250
41587665
41863995
42141240
42419400
42698475
42978465
43259370
43541190
43823925
44107575
44392140
44677620
44964015
45251325
45539550
45828690
46118745
46409715
46701600
46994400
47288115
47582745
47878290
48174750
48472125
48770415
49069620
49369740
49670775
49972725
50275590
50579370
50884065
51189675
51496200
51803640
52111995
52421265
52731450
53042550
53354565
53667495
53981340
54296100
54611775
54928365
55245870
55564290
55883625
56203875
56525040
56847120
57170115
57494025
57818850
58144590
58471245
58798815
59127300
59456700
59787015
60118245
60450390
60783450
61117425
61452315
61788120
62124840
62462475
62801025
63140490
63480870
63822165
64164375
64507500
64851540
65196495
65542365
65889150
66236850
66585465
66934995
67285440
67636800
67989075
68342265
68696370
69051390
69407325
69764175
70121940
70480620
70840215
71200725
71562150
71924490
72287745
72651915
73017000
73383000
73749915
74117745
74486490
74856150
75226725
75598215
75970620
76343940
76718175
77093325
77469390
77846370
78224265
78603075
78982800
79363440
79744995
80127465
80510850
80895150
81280365
81666495
82053540
82441500
82830375
83220165
83610870
84002490
84395025
84788475
85182840
85578120
85974315
86371425
86769450
87168390
87568245
87969015
88370700
88773300
89176815
89581245
89986590
90392850
90800025
91208115
91617120
92027040
92437875
92849625
93262290
93675870
94090365
94505775
94922100
95339340
95757495
96176565
96596550
97017450
97439265
97861995
98285640
98710200
99135675
99562065
99989370
100417590
100846725
101276775
101707740
102139620
102572415
103006125
103440750
103876290
104312745
104750115
105188400
105627600
106067715
106508745
106950690
107393550
107837325
108282015
108727620
109174140
109621575
110069925
110519190
110969370
111420465
111872475
112325400
112779240
113233995
113689665
114146250
114603750
115062165
115521495
115981740
116442900
116904975
117367965
117831870
118296690
118762425
119229075
119696640
120165120
120634515
121104825
121576050
122048190
122521245
122995215
123470100
123945900
124422615
124900245
125378790
125858250
126338625
126819915
127302120
127785240
128269275
128754225
129240090
129726870
130214565
130703175
131192700
131683140
132174495
132666765
133159950
133654050
134149065
134644995
135141840
135639600
136138275
136637865
137138370
137639790
138142125
138645375
139149540
139654620
140160615
140667525
141175350
141684090
142193745
142704315
143215800
143728200
144241515
144755745
145270890
145786950
146303925
146821815
147340620
147860340
148380975
148902525
149424990
149948370
150472665
150997875
151524000
152051040
152578995
153107865
153637650
154168350
154699965
155232495
155765940
156300300
156835575
157371765
157908870
158446890
158985825
159525675
160066440
160608120
161150715
161694225
162238650
162783990
163330245
163877415
164425500
164974500
165524415
166075245
166626990
167179650
167733225
168287715
168843120
169399440
169956675
170514825
171073890
171633870
172194765
172756575
173319300
173882940
174447495
175012965
175579350
176146650
176714865
177283995
177854040
178425000
178996875
179569665
180143370
180717990
181293525
181869975
182447340
183025620
183604815
184184925
184765950
185347890
185930745
186514515
187099200
187684800
188271315
188858745
189447090
190036350
190626525
191217615
191809620
192402540
192996375
193591125
194186790
194783370
195380865
195979275
196578600
197178840
197779995
198382065
198985050
199588950
200193765
200799495
201406140
202013700
202622175
203231565
203841870
204453090
205065225
205678275
206292240
206907120
207522915
208139625
208757250
209375790
209995245
210615615
211236900
211859100
212482215
213106245
213731190
214357050
214983825
215611515
216240120
216869640
217500075
218131425
218763690
219396870
220030965
220665975
221301900
221938740
222576495
223215165
223854750
224495250
225136665
225778995
226422240
227066400
227711475
228357465
229004370
229652190
230300925
230950575
231601140
232252620
232905015
233558325
234212550
234867690
235523745
236180715
236838600
237497400
238157115
238817745
239479290
240141750
240805125
241469415
242134620
242800740
243467775
244135725
244804590
245474370
246145065
246816675
247489200
248162640
248836995
249512265
250188450
250865550
251543565
252222495
252902340
253583100
254264775
254947365
255630870
256315290
257000625
257686875
258374040
259062120
259751115
260441025
261131850
261823590
262516245
263209815
263904300
264599700
265296015
265993245
266691390
267390450
268090425
268791315
269493120
270195840
270899475
271604025
272309490
273015870
273723165
274431375
275140500
275850540
276561495
277273365
277986150
278699850
279414465
280129995
280846440
281563800
282282075
283001265
283721370
284442390
285164325
285887175
286610940
287335620
288061215
288787725
289515150
290243490
290972745
291702915
292434000
293166000
293898915
294632745
295367490
296103150
296839725
297577215
298315620
299054940
299795175
300536325
301278390
302021370
302765265
303510075
304255800
305002440
305749995
306498465
307247850
307998150
308749365
309501495
310254540
311008500
311763375
312519165
313275870
314033490
314792025
315551475
316311840
317073120
317835315
318598425
319362450
320127390
320893245
321660015
322427700
323196300
323965815
324736245
325507590
326279850
327053025
327827115
328602120
329378040
330154875
330932625
331711290
332490870
333271365
334052775
334835100
335618340
336402495
337187565
337973550
338760450
339548265
340336995
341126640
341917200
342708675
343501065
344294370
345088590
345883725
346679775
347476740
348274620
349073415
349873125
350673750
351475290
352277745
353081115
353885400
354690600
355496715
356303745
357111690
357920550
358730325
359541015
360352620
361165140
361978575
362792925
363608190
364424370
365241465
366059475
366878400
367698240
368518995
369340665
370163250
370986750
371811165
372636495
373462740
374289900
375117975
375946965
376776870
377607690
378439425
379272075
380105640
380940120
381775515
382611825
383449050
916
2748
5496
9160
13740
19236
25648
32976
41220
50380
60456
71448
83356
96180
109920
124576
140148
156636
174040
192360
211596
231748
252816
274800
297700
321516
346248
371896
398460
425940
454336
483648
513876
545020
577080
610056
643948
678756
714480
751120
788676
827148
866536
906840
948060
990196
1033248
1077216
1122100
1167900
1214616
1262248
1310796
1360260
1410640
1461936
1514148
1567276
1621320
1676280
1732156
1788948
1846656
1905280
1964820
2025276
2086648
2148936
2212140
2276260
2341296
2407248
2474116
2541900
2610600
2680216
2750748
2822196
2894560
2967840
3042036
3117148
3193176
3270120
3347980
3426756
3506448
3587056
3668580
3751020
3834376
3918648
4003836
4089940
4176960
4264896
4353748
4443516
4534200
4625800
4718316
4811748
4906096
5001360
5097540
5194636
5292648
5391576
5491420
5592180
5693856
5796448
5899956
6004380
6109720
6215976
6323148
6431236
6540240
6650160
6760996
6872748
6985416
7099000
7213500
7328916
7445248
7562496
7680660
7799740
7919736
8040648
8162476
8285220
8408880
8533456
8658948
8785356
8912680
9040920
9170076
9300148
9431136
9563040
9695860
9829596
9964248
10099816
10236300
10373700
10512016
10651248
10791396
10932460
11074440
11217336
11361148
11505876
11651520
11798080
11945556
12093948
12243256
12393480
12544620
12696676
12849648
13003536
13158340
13314060
13470696
13628248
13786716
13946100
14106400
14267616
14429748
14592796
14756760
14921640
15087436
15254148
15421776
15590320
15759780
15930156
16101448
16273656
16446780
16620820
16795776
16971648
17148436
17326140
17504760
17684296
17864748
18046116
18228400
18411600
18595716
18780748
18966696
19153560
19341340
19530036
19719648
19910176
20101620
20293980
20487256
20681448
20876556
21072580
21269520
21467376
21666148
21865836
22066440
22267960
22470396
22673748
22878016
23083200
23289300
23496316
23704248
23913096
24122860
24333540
24545136
24757648
24971076
25185420
25400680
25616856
25833948
26051956
26270880
26490720
26711476
26933148
27155736
27379240
27603660
27828996
28055248
28282416
28510500
28739500
28969416
29200248
29431996
29664660
29898240
30132736
30368148
30604476
30841720
31079880
31318956
31558948
31799856
32041680
32284420
32528076
32772648
33018136
33264540
33511860
33760096
34009248
34259316
34510300
34762200
35015016
35268748
35523396
35778960
36035440
36292836
36551148
36810376
37070520
37331580
37593556
37856448
38120256
38384980
38650620
38917176
39184648
39453036
39722340
39992560
40263696
40535748
40808716
41082600
41357400
41633116
41909748
42187296
42465760
42745140
43025436
43306648
43588776
43871820
44155780
44440656
44726448
45013156
45300780
45589320
45878776
46169148
46460436
46752640
47045760
47339796
47634748
47930616
48227400
48525100
48823716
49123248
49423696
49725060
50027340
50330536
50634648
50939676
51245620
51552480
51860256
52168948
52478556
52789080
53100520
53412876
53726148
54040336
54355440
54671460
54988396
55306248
55625016
55944700
56265300
56586816
56909248
57232596
57556860
57882040
58208136
58535148
58863076
59191920
59521680
59852356
60183948
60516456
60849880
61184220
61519476
61855648
62192736
62530740
62869660
63209496
63550248
63891916
64234500
64578000
64922416
65267748
65613996
65961160
66309240
66658236
67008148
67358976
67710720
68063380
68416956
68771448
69126856
69483180
69840420
70198576
70557648
70917636
71278540
71640360
72003096
72366748
72731316
73096800
73463200
73830516
74198748
74567896
74937960
75308940
75680836
76053648
76427376
76802020
77177580
77554056
77931448
78309756
78688980
79069120
79450176
79832148
80215036
80598840
80983560
81369196
81755748
82143216
82531600
82920900
83311116
83702248
84094296
84487260
84881140
85275936
85671648
86068276
86465820
86864280
87263656
87663948
88065156
88467280
88870320
89274276
89679148
90084936
90491640
90899260
91307796
91717248
92127616
92538900
92951100
93364216
93778248
94193196
94609060
95025840
95443536
95862148
96281676
96702120
97123480
97545756
97968948
98393056
98818080
99244020
99670876
100098648
100527336
100956940
101387460
101818896
102251248
102684516
103118700
103553800
103989816
104426748
104864596
105303360
105743040
106183636
106625148
107067576
107510920
107955180
108400356
108846448
109293456
109741380
110190220
110639976
111090648
111542236
111994740
112448160
112902496
113357748
113813916
114271000
114729000
115187916
115647748
116108496
116570160
117032740
117496236
117960648
118425976
118892220
119359380
119827456
120296448
120766356
121237180
121708920
122181576
122655148
123129636
123605040
124081360
124558596
125036748
125515816
125995800
126476700
126958516
127441248
127924896
128409460
128894940
129381336
129868648
130356876
130846020
131336080
131827056
132318948
132811756
133305480
133800120
134295676
134792148
135289536
135787840
136287060
136787196
137288248
137790216
138293100
138796900
139301616
139807248
140313796
140821260
141329640
141838936
142349148
142860276
143372320
143885280
144399156
144913948
145429656
145946280
146463820
146982276
147501648
148021936
148543140
149065260
149588296
150112248
150637116
151162900
151689600
152217216
152745748
153275196
153805560
154336840
154869036
155402148
155936176
156471120
157006980
157543756
158081448
158620056
159159580
159700020
160241376
160783648
161326836
161870940
162415960
162961896
163508748
164056516
164605200
165154800
165705316
166256748
166809096
167362360
167916540
168471636
169027648
169584576
170142420
170701180
171260856
171821448
172382956
172945380
173508720
174072976
174638148
175204236
175771240
176339160
176907996
177477748
178048416
178620000
179192500
179765916
180340248
180915496
181491660
182068740
182646736
183225648
183805476
184386220
184967880
185550456
186133948
186718356
187303680
187889920
188477076
189065148
189654136
190244040
190834860
191426596
192019248
192612816
193207300
193802700
194399016
194996248
195594396
196193460
196793440
197394336
197996148
198598876
199202520
199807080
200412556
201018948
201626256
202234480
202843620
203453676
204064648
204676536
205289340
205903060
206517696
207133248
207749716
208367100
208985400
209604616
210224748
210845796
211467760
212090640
212714436
213339148
213964776
214591320
215218780
215847156
216476448
217106656
217737780
218369820
219002776
219636648
220271436
220907140
221543760
222181296
222819748
223459116
224099400
224740600
225382716
226025748
226669696
227314560
227960340
228607036
229254648
229903176
230552620
231202980
231854256
232506448
233159556
233813580
234468520
235124376
235781148
236438836
237097440
237756960
238417396
239078748
239741016
240404200
241068300
241733316
242399248
243066096
243733860
244402540
245072136
245742648
246414076
247086420
247759680
248433856
249108948
249784956
250461880
251139720
251818476
252498148
253178736
253860240
254542660
255225996
255910248
256595416
257281500
257968500
258656416
259345248
260034996
260725660
261417240
262109736
262803148
263497476
264192720
264888880
265585956
266283948
266982856
267682680
268383420
269085076
269787648
270491136
271195540
271900860
272607096
273314248
274022316
274731300
275441200
276152016
276863748
277576396
278289960
279004440
279719836
280436148
281153376
281871520
282590580
283310556
284031448
284753256
285475980
286199620
286924176
287649648
288376036
289103340
289831560
290560696
291290748
292021716
292753600
293486400
294220116
294954748
295690296
296426760
297164140
297902436
298641648
299381776
300122820
300864780
301607656
302351448
303096156
303841780
304588320
305335776
306084148
306833436
307583640
308334760
309086796
309839748
310593616
311348400
312104100
312860716
313618248
314376696
315136060
315896340
316657536
317419648
318182676
318946620
319711480
320477256
321243948
322011556
322780080
323549520
324319876
325091148
325863336
326636440
327410460
328185396
328961248
329738016
330515700
331294300
332073816
332854248
333635596
334417860
335201040
335985136
336770148
337556076
338342920
339130680
339919356
340708948
341499456
342290880
343083220
343876476
344670648
345465736
346261740
347058660
347856496
348655248
349454916
350255500
351057000
351859416
352662748
353466996
354272160
355078240
355885236
356693148
357501976
358311720
359122380
359933956
360746448
361559856
362374180
363189420
364005576
364822648
365640636
366459540
367279360
368100096
368921748
369744316
370567800
371392200
372217516
373043748
373870896
374698960
375527940
376357836
377188648
378020376
378853020
379686580
380521056
381356448
382192756
383029980
383868120
384707176
768156226
