959
2877
5754
9590
14385
20139
26852
34524
43155
52745
63294
74802
87269
100695
115080
130424
146727
163989
182210
201390
221529
242627
264684
287700
311675
336609
362502
389354
417165
445935
475664
506352
537999
570605
604170
638694
674177
710619
748020
786380
825699
865977
907214
949410
992565
1036679
1081752
1127784
1174775
1222725
1271634
1321502
1372329
1424115
1476860
1530564
1585227
1640849
1697430
1754970
1813469
1872927
1933344
1994720
2057055
2120349
2184602
2249814
2315985
2383115
2451204
2520252
2590259
2661225
2733150
2806034
2879877
2954679
3030440
3107160
3184839
3263477
3343074
3423630
3505145
3587619
3671052
3755444
3840795
3927105
4014374
4102602
4191789
4281935
4373040
4465104
4558127
4652109
4747050
4842950
4939809
5037627
5136404
5236140
5336835
5438489
5541102
5644674
5749205
5854695
5961144
6068552
6176919
6286245
6396530
6507774
6619977
6733139
6847260
6962340
7078379
7195377
7313334
7432250
7552125
7672959
7794752
7917504
8041215
8165885
8291514
8418102
8545649
8674155
8803620
8934044
9065427
9197769
9331070
9465330
9600549
9736727
9873864
10011960
10151015
10291029
10432002
10573934
10716825
10860675
11005484
11151252
11297979
11445665
11594310
11743914
11894477
12045999
12198480
12351920
12506319
12661677
12817994
12975270
13133505
13292699
13452852
13613964
13776035
13939065
14103054
14268002
14433909
14600775
14768600
14937384
15107127
15277829
15449490
15622110
15795689
15970227
16145724
16322180
16499595
16677969
16857302
17037594
17218845
17401055
17584224
17768352
17953439
18139485
18326490
18514454
18703377
18893259
19084100
19275900
19468659
19662377
19857054
20052690
20249285
20446839
20645352
20844824
21045255
21246645
21448994
21652302
21856569
22061795
22267980
22475124
22683227
22892289
23102310
23313290
23525229
23738127
23951984
24166800
24382575
24599309
24817002
25035654
25255265
25475835
25697364
25919852
26143299
26367705
26593070
26819394
27046677
27274919
27504120
27734280
27965399
28197477
28430514
28664510
28899465
29135379
29372252
29610084
29848875
30088625
30329334
30571002
30813629
31057215
31301760
31547264
31793727
32041149
32289530
32538870
32789169
33040427
33292644
33545820
33799955
34055049
34311102
34568114
34826085
35085015
35344904
35605752
35867559
36130325
36394050
36658734
36924377
37190979
37458540
37727060
37996539
38266977
38538374
38810730
39084045
39358319
39633552
39909744
40186895
40465005
40744074
41024102
41305089
41587035
41869940
42153804
42438627
42724409
43011150
43298850
43587509
43877127
44167704
44459240
44751735
45045189
45339602
45634974
45931305
46228595
46526844
46826052
47126219
47427345
47729430
48032474
48336477
48641439
48947360
49254240
49562079
49870877
50180634
50491350
50803025
51115659
51429252
51743804
52059315
52375785
52693214
53011602
53330949
53651255
53972520
54294744
54617927
54942069
55267170
55593230
55920249
56248227
56577164
56907060
57237915
57569729
57902502
58236234
58570925
58906575
59243184
59580752
59919279
60258765
60599210
60940614
61282977
61626299
61970580
62315820
62662019
63009177
63357294
63706370
64056405
64407399
64759352
65112264
65466135
65820965
66176754
66533502
66891209
67249875
67609500
67970084
68331627
68694129
69057590
69422010
69787389
70153727
70521024
70889280
71258495
71628669
71999802
72371894
72744945
73118955
73493924
73869852
74246739
74624585
75003390
75383154
75763877
76145559
76528200
76911800
77296359
77681877
78068354
78455790
78844185
79233539
79623852
80015124
80407355
80800545
81194694
81589802
81985869
82382895
82780880
83179824
83579727
83980589
84382410
84785190
85188929
85593627
85999284
86405900
86813475
87222009
87631502
88041954
88453365
88865735
89279064
89693352
90108599
90524805
90941970
91360094
91779177
92199219
92620220
93042180
93465099
93888977
94313814
94739610
95166365
95594079
96022752
96452384
96882975
97314525
97747034
98180502
98614929
99050315
99486660
99923964
100362227
100801449
101241630
101682770
102124869
102567927
103011944
103456920
103902855
104349749
104797602
105246414
105696185
106146915
106598604
107051252
107504859
107959425
108414950
108871434
109328877
109787279
110246640
110706960
111168239
111630477
112093674
112557830
113022945
113489019
113956052
114424044
114892995
115362905
115833774
116305602
116778389
117252135
117726840
118202504
118679127
119156709
119635250
120114750
120595209
121076627
121559004
122042340
122526635
123011889
123498102
123985274
124473405
124962495
125452544
125943552
126435519
126928445
127422330
127917174
128412977
128909739
129407460
129906140
130405779
130906377
131407934
131910450
132413925
132918359
133423752
133930104
134437415
134945685
135454914
135965102
136476249
136988355
137501420
138015444
138530427
139046369
139563270
140081130
140599949
141119727
141640464
142162160
142684815
143208429
143733002
144258534
144785025
145312475
145840884
146370252
146900579
147431865
147964110
148497314
149031477
149566599
150102680
150639720
151177719
151716677
152256594
152797470
153339305
153882099
154425852
154970564
155516235
156062865
156610454
157159002
157708509
158258975
158810400
159362784
159916127
160470429
161025690
161581910
162139089
162697227
163256324
163816380
164377395
164939369
165502302
166066194
166631045
167196855
167763624
168331352
168900039
169469685
170040290
170611854
171184377
171757859
172332300
172907700
173484059
174061377
174639654
175218890
175799085
176380239
176962352
177545424
178129455
178714445
179300394
179887302
180475169
181063995
181653780
182244524
182836227
183428889
184022510
184617090
185212629
185809127
186406584
187005000
187604375
188204709
188806002
189408254
190011465
190615635
191220764
191826852
192433899
193041905
193650870
194260794
194871677
195483519
196096320
196710080
197324799
197940477
198557114
199174710
199793265
200412779
201033252
201654684
202277075
202900425
203524734
204150002
204776229
205403415
206031560
206660664
207290727
207921749
208553730
209186670
209820569
210455427
211091244
211728020
212365755
213004449
213644102
214284714
214926285
215568815
216212304
216856752
217502159
218148525
218795850
219444134
220093377
220743579
221394740
222046860
222699939
223353977
224008974
224664930
225321845
225979719
226638552
227298344
227959095
228620805
229283474
229947102
230611689
231277235
231943740
232611204
233279627
233949009
234619350
235290650
235962909
236636127
237310304
237985440
238661535
239338589
240016602
240695574
241375505
242056395
242738244
243421052
244104819
244789545
245475230
246161874
246849477
247538039
248227560
248918040
249609479
250301877
250995234
251689550
252384825
253081059
253778252
254476404
255175515
255875585
256576614
257278602
257981549
258685455
259390320
260096144
260802927
261510669
262219370
262929030
263639649
264351227
265063764
265777260
266491715
267207129
267923502
268640834
269359125
270078375
270798584
271519752
272241879
272964965
273689010
274414014
275139977
275866899
276594780
277323620
278053419
278784177
279515894
280248570
280982205
281716799
282452352
283188864
283926335
284664765
285404154
286144502
286885809
287628075
288371300
289115484
289860627
290606729
291353790
292101810
292850789
293600727
294351624
295103480
295856295
296610069
297364802
298120494
298877145
299634755
300393324
301152852
301913339
302674785
303437190
304200554
304964877
305730159
306496400
307263600
308031759
308800877
309570954
310341990
311113985
311886939
312660852
313435724
314211555
314988345
315766094
316544802
317324469
318105095
318886680
319669224
320452727
321237189
322022610
322808990
323596329
324384627
325173884
325964100
326755275
327547409
328340502
329134554
329929565
330725535
331522464
332320352
333119199
333919005
334719770
335521494
336324177
337127819
337932420
338737980
339544499
340351977
341160414
341969810
342780165
343591479
344403752
345216984
346031175
346846325
347662434
348479502
349297529
350116515
350936460
351757364
352579227
353402049
354225830
355050570
355876269
356702927
357530544
358359120
359188655
360019149
360850602
361683014
362516385
363350715
364186004
365022252
365859459
366697625
367536750
368376834
369217877
370059879
370902840
371746760
372591639
373437477
374284274
375132030
375980745
376830419
377681052
378532644
379385195
380238705
381093174
381948602
382804989
383662335
384520640
385379904
386240127
387101309
387963450
388826550
389690609
390555627
391421604
392288540
393156435
394025289
394895102
395765874
396637605
397510295
398383944
399258552
400134119
401010645
401888130
402766574
403645977
404526339
405407660
406289940
407173179
408057377
408942534
409828650
410715725
411603759
412492752
413382704
414273615
415165485
416058314
416952102
417846849
418742555
419639220
420536844
421435427
422334969
423235470
424136930
425039349
425942727
426847064
427752360
428658615
429565829
430474002
431383134
432293225
433204275
434116284
435029252
435943179
436858065
437773910
438690714
439608477
440527199
441446880
960
2880
5760
9600
14400
20160
26880
34560
43200
52800
63360
74880
87360
100800
115200
130560
146880
164160
182400
201600
221760
242880
264960
288000
312000
336960
362880
389760
417600
446400
476160
506880
538560
571200
604800
639360
674880
711360
748800
787200
826560
866880
908160
950400
993600
1037760
1082880
1128960
1176000
1224000
1272960
1322880
1373760
1425600
1478400
1532160
1586880
1642560
1699200
1756800
1815360
1874880
1935360
1996800
2059200
2122560
2186880
2252160
2318400
2385600
2453760
2522880
2592960
2664000
2736000
2808960
2882880
2957760
3033600
3110400
3188160
3266880
3346560
3427200
3508800
3591360
3674880
3759360
3844800
3931200
4018560
4106880
4196160
4286400
4377600
4469760
4562880
4656960
4752000
4848000
4944960
5042880
5141760
5241600
5342400
5444160
5546880
5650560
5755200
5860800
5967360
6074880
6183360
6292800
6403200
6514560
6626880
6740160
6854400
6969600
7085760
7202880
7320960
7440000
7560000
7680960
7802880
7925760
8049600
8174400
8300160
8426880
8554560
8683200
8812800
8943360
9074880
9207360
9340800
9475200
9610560
9746880
9884160
10022400
10161600
10301760
10442880
10584960
10728000
10872000
11016960
11162880
11309760
11457600
11606400
11756160
11906880
12058560
12211200
12364800
12519360
12674880
12831360
12988800
13147200
13306560
13466880
13628160
13790400
13953600
14117760
14282880
14448960
14616000
14784000
14952960
15122880
15293760
15465600
15638400
15812160
15986880
16162560
16339200
16516800
16695360
16874880
17055360
17236800
17419200
17602560
17786880
17972160
18158400
18345600
18533760
18722880
18912960
19104000
19296000
19488960
19682880
19877760
20073600
20270400
20468160
20666880
20866560
21067200
21268800
21471360
21674880
21879360
22084800
22291200
22498560
22706880
22916160
23126400
23337600
23549760
23762880
23976960
24192000
24408000
24624960
24842880
25061760
25281600
25502400
25724160
25946880
26170560
26395200
26620800
26847360
27074880
27303360
27532800
27763200
27994560
28226880
28460160
28694400
28929600
29165760
29402880
29640960
29880000
30120000
30360960
30602880
30845760
31089600
31334400
31580160
31826880
32074560
32323200
32572800
32823360
33074880
33327360
33580800
33835200
34090560
34346880
34604160
34862400
35121600
35381760
35642880
35904960
36168000
36432000
36696960
36962880
37229760
37497600
37766400
38036160
38306880
38578560
38851200
39124800
39399360
39674880
39951360
40228800
40507200
40786560
41066880
41348160
41630400
41913600
42197760
42482880
42768960
43056000
43344000
43632960
43922880
44213760
44505600
44798400
45092160
45386880
45682560
45979200
46276800
46575360
46874880
47175360
47476800
47779200
48082560
48386880
48692160
48998400
49305600
49613760
49922880
50232960
50544000
50856000
51168960
51482880
51797760
52113600
52430400
52748160
53066880
53386560
53707200
54028800
54351360
54674880
54999360
55324800
55651200
55978560
56306880
56636160
56966400
57297600
57629760
57962880
58296960
58632000
58968000
59304960
59642880
59981760
60321600
60662400
61004160
61346880
61690560
62035200
62380800
62727360
63074880
63423360
63772800
64123200
64474560
64826880
65180160
65534400
65889600
66245760
66602880
66960960
67320000
67680000
68040960
68402880
68765760
69129600
69494400
69860160
70226880
70594560
70963200
71332800
71703360
72074880
72447360
72820800
73195200
73570560
73946880
74324160
74702400
75081600
75461760
75842880
76224960
76608000
76992000
77376960
77762880
78149760
78537600
78926400
79316160
79706880
80098560
80491200
80884800
81279360
81674880
82071360
82468800
82867200
83266560
83666880
84068160
84470400
84873600
85277760
85682880
86088960
86496000
86904000
87312960
87722880
88133760
88545600
88958400
89372160
89786880
90202560
90619200
91036800
91455360
91874880
92295360
92716800
93139200
93562560
93986880
94412160
94838400
95265600
95693760
96122880
96552960
96984000
97416000
97848960
98282880
98717760
99153600
99590400
100028160
100466880
100906560
101347200
101788800
102231360
102674880
103119360
103564800
104011200
104458560
104906880
105356160
105806400
106257600
106709760
107162880
107616960
108072000
108528000
108984960
109442880
109901760
110361600
110822400
111284160
111746880
112210560
112675200
113140800
113607360
114074880
114543360
115012800
115483200
115954560
116426880
116900160
117374400
117849600
118325760
118802880
119280960
119760000
120240000
120720960
121202880
121685760
122169600
122654400
123140160
123626880
124114560
124603200
125092800
125583360
126074880
126567360
127060800
127555200
128050560
128546880
129044160
129542400
130041600
130541760
131042880
131544960
132048000
132552000
133056960
133562880
134069760
134577600
135086400
135596160
136106880
136618560
137131200
137644800
138159360
138674880
139191360
139708800
140227200
140746560
141266880
141788160
142310400
142833600
143357760
143882880
144408960
144936000
145464000
145992960
146522880
147053760
147585600
148118400
148652160
149186880
149722560
150259200
150796800
151335360
151874880
152415360
152956800
153499200
154042560
154586880
155132160
155678400
156225600
156773760
157322880
157872960
158424000
158976000
159528960
160082880
160637760
161193600
161750400
162308160
162866880
163426560
163987200
164548800
165111360
165674880
166239360
166804800
167371200
167938560
168506880
169076160
169646400
170217600
170789760
171362880
171936960
172512000
173088000
173664960
174242880
174821760
175401600
175982400
176564160
177146880
177730560
178315200
178900800
179487360
180074880
180663360
181252800
181843200
182434560
183026880
183620160
184214400
184809600
185405760
186002880
186600960
187200000
187800000
188400960
189002880
189605760
190209600
190814400
191420160
192026880
192634560
193243200
193852800
194463360
195074880
195687360
196300800
196915200
197530560
198146880
198764160
199382400
200001600
200621760
201242880
201864960
202488000
203112000
203736960
204362880
204989760
205617600
206246400
206876160
207506880
208138560
208771200
209404800
210039360
210674880
211311360
211948800
212587200
213226560
213866880
214508160
215150400
215793600
216437760
217082880
217728960
218376000
219024000
219672960
220322880
220973760
221625600
222278400
222932160
223586880
224242560
224899200
225556800
226215360
226874880
227535360
228196800
228859200
229522560
230186880
230852160
231518400
232185600
232853760
233522880
234192960
234864000
235536000
236208960
236882880
237557760
238233600
238910400
239588160
240266880
240946560
241627200
242308800
242991360
243674880
244359360
245044800
245731200
246418560
247106880
247796160
248486400
249177600
249869760
250562880
251256960
251952000
252648000
253344960
254042880
254741760
255441600
256142400
256844160
257546880
258250560
258955200
259660800
260367360
261074880
261783360
262492800
263203200
263914560
264626880
265340160
266054400
266769600
267485760
268202880
268920960
269640000
270360000
271080960
271802880
272525760
273249600
273974400
274700160
275426880
276154560
276883200
277612800
278343360
279074880
279807360
280540800
281275200
282010560
282746880
283484160
284222400
284961600
285701760
286442880
287184960
287928000
288672000
289416960
290162880
290909760
291657600
292406400
293156160
293906880
294658560
295411200
296164800
296919360
297674880
298431360
299188800
299947200
300706560
301466880
302228160
302990400
303753600
304517760
305282880
306048960
306816000
307584000
308352960
309122880
309893760
310665600
311438400
312212160
312986880
313762560
314539200
315316800
316095360
316874880
317655360
318436800
319219200
320002560
320786880
321572160
322358400
323145600
323933760
324722880
325512960
326304000
327096000
327888960
328682880
329477760
330273600
331070400
331868160
332666880
333466560
334267200
335068800
335871360
336674880
337479360
338284800
339091200
339898560
340706880
341516160
342326400
343137600
343949760
344762880
345576960
346392000
347208000
348024960
348842880
349661760
350481600
351302400
352124160
352946880
353770560
354595200
355420800
356247360
357074880
357903360
358732800
359563200
360394560
361226880
362060160
362894400
363729600
364565760
365402880
366240960
367080000
367920000
368760960
369602880
370445760
371289600
372134400
372980160
373826880
374674560
375523200
376372800
377223360
378074880
378927360
379780800
380635200
381490560
382346880
383204160
384062400
384921600
385781760
386642880
387504960
388368000
389232000
390096960
390962880
391829760
392697600
393566400
394436160
395306880
396178560
397051200
397924800
398799360
399674880
400551360
401428800
402307200
403186560
404066880
404948160
405830400
406713600
407597760
408482880
409368960
410256000
411144000
412032960
412922880
413813760
414705600
415598400
416492160
417386880
418282560
419179200
420076800
420975360
421874880
422775360
423676800
424579200
425482560
426386880
427292160
428198400
429105600
430013760
430922880
431832960
432744000
433656000
434568960
435482880
436397760
437313600
438230400
439148160
440066880
440986560
441907200
442828800
884275680
