937
2811
5622
9370
14055
19677
26236
33732
42165
51535
61842
73086
85267
98385
112440
127432
143361
160227
178030
196770
216447
237061
258612
281100
304525
328887
354186
380422
407595
435705
464752
494736
525657
557515
590310
624042
658711
694317
730860
768340
806757
846111
886402
927630
969795
1012897
1056936
1101912
1147825
1194675
1242462
1291186
1340847
1391445
1442980
1495452
1548861
1603207
1658490
1714710
1771867
1829961
1888992
1948960
2009865
2071707
2134486
2198202
2262855
2328445
2394972
2462436
2530837
2600175
2670450
2741662
2813811
2886897
2960920
3035880
3111777
3188611
3266382
3345090
3424735
3505317
3586836
3669292
3752685
3837015
3922282
4008486
4095627
4183705
4272720
4362672
4453561
4545387
4638150
4731850
4826487
4922061
5018572
5116020
5214405
5313727
5413986
5515182
5617315
5720385
5824392
5929336
6035217
6142035
6249790
6358482
6468111
6578677
6690180
6802620
6915997
7030311
7145562
7261750
7378875
7496937
7615936
7735872
7856745
7978555
8101302
8224986
8349607
8475165
8601660
8729092
8857461
8986767
9117010
9248190
9380307
9513361
9647352
9782280
9918145
10054947
10192686
10331362
10470975
10611525
10753012
10895436
11038797
11183095
11328330
11474502
11621611
11769657
11918640
12068560
12219417
12371211
12523942
12677610
12832215
12987757
13144236
13301652
13460005
13619295
13779522
13940686
14102787
14265825
14429800
14594712
14760561
14927347
15095070
15263730
15433327
15603861
15775332
15947740
16121085
16295367
16470586
16646742
16823835
17001865
17180832
17360736
17541577
17723355
17906070
18089722
18274311
18459837
18646300
18833700
19022037
19211311
19401522
19592670
19784755
19977777
20171736
20366632
20562465
20759235
20956942
21155586
21355167
21555685
21757140
21959532
22162861
22367127
22572330
22778470
22985547
23193561
23402512
23612400
23823225
24034987
24247686
24461322
24675895
24891405
25107852
25325236
25543557
25762815
25983010
26204142
26426211
26649217
26873160
27098040
27323857
27550611
27778302
28006930
28236495
28466997
28698436
28930812
29164125
29398375
29633562
29869686
30106747
30344745
30583680
30823552
31064361
31306107
31548790
31792410
32036967
32282461
32528892
32776260
33024565
33273807
33523986
33775102
34027155
34280145
34534072
34788936
35044737
35301475
35559150
35817762
36077311
36337797
36599220
36861580
37124877
37389111
37654282
37920390
38187435
38455417
38724336
38994192
39264985
39536715
39809382
40082986
40357527
40633005
40909420
41186772
41465061
41744287
42024450
42305550
42587587
42870561
43154472
43439320
43725105
44011827
44299486
44588082
44877615
45168085
45459492
45751836
46045117
46339335
46634490
46930582
47227611
47525577
47824480
48124320
48425097
48726811
49029462
49333050
49637575
49943037
50249436
50556772
50865045
51174255
51484402
51795486
52107507
52420465
52734360
53049192
53364961
53681667
53999310
54317890
54637407
54957861
55279252
55601580
55924845
56249047
56574186
56900262
57227275
57555225
57884112
58213936
58544697
58876395
59209030
59542602
59877111
60212557
60548940
60886260
61224517
61563711
61903842
62244910
62586915
62929857
63273736
63618552
63964305
64310995
64658622
65007186
65356687
65707125
66058500
66410812
66764061
67118247
67473370
67829430
68186427
68544361
68903232
69263040
69623785
69985467
70348086
70711642
71076135
71441565
71807932
72175236
72543477
72912655
73282770
73653822
74025811
74398737
74772600
75147400
75523137
75899811
76277422
76655970
77035455
77415877
77797236
78179532
78562765
78946935
79332042
79718086
80105067
80492985
80881840
81271632
81662361
82054027
82446630
82840170
83234647
83630061
84026412
84423700
84821925
85221087
85621186
86022222
86424195
86827105
87230952
87635736
88041457
88448115
88855710
89264242
89673711
90084117
90495460
90907740
91320957
91735111
92150202
92566230
92983195
93401097
93819936
94239712
94660425
95082075
95504662
95928186
96352647
96778045
97204380
97631652
98059861
98489007
98919090
99350110
99782067
100214961
100648792
101083560
101519265
101955907
102393486
102832002
103271455
103711845
104153172
104595436
105038637
105482775
105927850
106373862
106820811
107268697
107717520
108167280
108617977
109069611
109522182
109975690
110430135
110885517
111341836
111799092
112257285
112716415
113176482
113637486
114099427
114562305
115026120
115490872
115956561
116423187
116890750
117359250
117828687
118299061
118770372
119242620
119715805
120189927
120664986
121140982
121617915
122095785
122574592
123054336
123535017
124016635
124499190
124982682
125467111
125952477
126438780
126926020
127414197
127903311
128393362
128884350
129376275
129869137
130362936
130857672
131353345
131849955
132347502
132845986
133345407
133845765
134347060
134849292
135352461
135856567
136361610
136867590
137374507
137882361
138391152
138900880
139411545
139923147
140435686
140949162
141463575
141978925
142495212
143012436
143530597
144049695
144569730
145090702
145612611
146135457
146659240
147183960
147709617
148236211
148763742
149292210
149821615
150351957
150883236
151415452
151948605
152482695
153017722
153553686
154090587
154628425
155167200
155706912
156247561
156789147
157331670
157875130
158419527
158964861
159511132
160058340
160606485
161155567
161705586
162256542
162808435
163361265
163915032
164469736
165025377
165581955
166139470
166697922
167257311
167817637
168378900
168941100
169504237
170068311
170633322
171199270
171766155
172333977
172902736
173472432
174043065
174614635
175187142
175760586
176334967
176910285
177486540
178063732
178641861
179220927
179800930
180381870
180963747
181546561
182130312
182715000
183300625
183887187
184474686
185063122
185652495
186242805
186834052
187426236
188019357
188613415
189208410
189804342
190401211
190999017
191597760
192197440
192798057
193399611
194002102
194605530
195209895
195815197
196421436
197028612
197636725
198245775
198855762
199466686
200078547
200691345
201305080
201919752
202535361
203151907
203769390
204387810
205007167
205627461
206248692
206870860
207493965
208118007
208742986
209368902
209995755
210623545
211252272
211881936
212512537
213144075
213776550
214409962
215044311
215679597
216315820
216952980
217591077
218230111
218870082
219510990
220152835
220795617
221439336
222083992
222729585
223376115
224023582
224671986
225321327
225971605
226622820
227274972
227928061
228582087
229237050
229892950
230549787
231207561
231866272
232525920
233186505
233848027
234510486
235173882
235838215
236503485
237169692
237836836
238504917
239173935
239843890
240514782
241186611
241859377
242533080
243207720
243883297
244559811
245237262
245915650
246594975
247275237
247956436
248638572
249321645
250005655
250690602
251376486
252063307
252751065
253439760
254129392
254819961
255511467
256203910
256897290
257591607
258286861
258983052
259680180
260378245
261077247
261777186
262478062
263179875
263882625
264586312
265290936
265996497
266702995
267410430
268118802
268828111
269538357
270249540
270961660
271674717
272388711
273103642
273819510
274536315
275254057
275972736
276692352
277412905
278134395
278856822
279580186
280304487
281029725
281755900
282483012
283211061
283940047
284669970
285400830
286132627
286865361
287599032
288333640
289069185
289805667
290543086
291281442
292020735
292760965
293502132
294244236
294987277
295731255
296476170
297222022
297968811
298716537
299465200
300214800
300965337
301716811
302469222
303222570
303976855
304732077
305488236
306245332
307003365
307762335
308522242
309283086
310044867
310807585
311571240
312335832
313101361
313867827
314635230
315403570
316172847
316943061
317714212
318486300
319259325
320033287
320808186
321584022
322360795
323138505
323917152
324696736
325477257
326258715
327041110
327824442
328608711
329393917
330180060
330967140
331755157
332544111
333334002
334124830
334916595
335709297
336502936
337297512
338093025
338889475
339686862
340485186
341284447
342084645
342885780
343687852
344490861
345294807
346099690
346905510
347712267
348519961
349328592
350138160
350948665
351760107
352572486
353385802
354200055
355015245
355831372
356648436
357466437
358285375
359105250
359926062
360747811
361570497
362394120
363218680
364044177
364870611
365697982
366526290
367355535
368185717
369016836
369848892
370681885
371515815
372350682
373186486
374023227
374860905
375699520
376539072
377379561
378220987
379063350
379906650
380750887
381596061
382442172
383289220
384137205
384986127
385835986
386686782
387538515
388391185
389244792
390099336
390954817
391811235
392668590
393526882
394386111
395246277
396107380
396969420
397832397
398696311
399561162
400426950
401293675
402161337
403029936
403899472
404769945
405641355
406513702
407386986
408261207
409136365
410012460
410889492
411767461
938
2814
5628
9380
14070
19698
26264
33768
42210
51590
61908
73164
85358
98490
112560
127568
143514
160398
178220
196980
216678
237314
258888
281400
304850
329238
354564
380828
408030
436170
465248
495264
526218
558110
590940
624708
659414
695058
731640
769160
807618
847014
887348
928620
970830
1013978
1058064
1103088
1149050
1195950
1243788
1292564
1342278
1392930
1444520
1497048
1550514
1604918
1660260
1716540
1773758
1831914
1891008
1951040
2012010
2073918
2136764
2200548
2265270
2330930
2397528
2465064
2533538
2602950
2673300
2744588
2816814
2889978
2964080
3039120
3115098
3192014
3269868
3348660
3428390
3509058
3590664
3673208
3756690
3841110
3926468
4012764
4099998
4188170
4277280
4367328
4458314
4550238
4643100
4736900
4831638
4927314
5023928
5121480
5219970
5319398
5419764
5521068
5623310
5726490
5830608
5935664
6041658
6148590
6256460
6365268
6475014
6585698
6697320
6809880
6923378
7037814
7153188
7269500
7386750
7504938
7624064
7744128
7865130
7987070
8109948
8233764
8358518
8484210
8610840
8738408
8866914
8996358
9126740
9258060
9390318
9523514
9657648
9792720
9928730
10065678
10203564
10342388
10482150
10622850
10764488
10907064
11050578
11195030
11340420
11486748
11634014
11782218
11931360
12081440
12232458
12384414
12537308
12691140
12845910
13001618
13158264
13315848
13474370
13633830
13794228
13955564
14117838
14281050
14445200
14610288
14776314
14943278
15111180
15280020
15449798
15620514
15792168
15964760
16138290
16312758
16488164
16664508
16841790
17020010
17199168
17379264
17560298
17742270
17925180
18109028
18293814
18479538
18666200
18853800
19042338
19231814
19422228
19613580
19805870
19999098
20193264
20388368
20584410
20781390
20979308
21178164
21377958
21578690
21780360
21982968
22186514
22390998
22596420
22802780
23010078
23218314
23427488
23637600
23848650
24060638
24273564
24487428
24702230
24917970
25134648
25352264
25570818
25790310
26010740
26232108
26454414
26677658
26901840
27126960
27353018
27580014
27807948
28036820
28266630
28497378
28729064
28961688
29195250
29429750
29665188
29901564
30138878
30377130
30616320
30856448
31097514
31339518
31582460
31826340
32071158
32316914
32563608
32811240
33059810
33309318
33559764
33811148
34063470
34316730
34570928
34826064
35082138
35339150
35597100
35855988
36115814
36376578
36638280
36900920
37164498
37429014
37694468
37960860
38228190
38496458
38765664
39035808
39306890
39578910
39851868
40125764
40400598
40676370
40953080
41230728
41509314
41788838
42069300
42350700
42633038
42916314
43200528
43485680
43771770
44058798
44346764
44635668
44925510
45216290
45508008
45800664
46094258
46388790
46684260
46980668
47278014
47576298
47875520
48175680
48476778
48778814
49081788
49385700
49690550
49996338
50303064
50610728
50919330
51228870
51539348
51850764
52163118
52476410
52790640
53105808
53421914
53738958
54056940
54375860
54695718
55016514
55338248
55660920
55984530
56309078
56634564
56960988
57288350
57616650
57945888
58276064
58607178
58939230
59272220
59606148
59941014
60276818
60613560
60951240
61289858
61629414
61969908
62311340
62653710
62997018
63341264
63686448
64032570
64379630
64727628
65076564
65426438
65777250
66129000
66481688
66835314
67189878
67545380
67901820
68259198
68617514
68976768
69336960
69698090
70060158
70423164
70787108
71151990
71517810
71884568
72252264
72620898
72990470
73360980
73732428
74104814
74478138
74852400
75227600
75603738
75980814
76358828
76737780
77117670
77498498
77880264
78262968
78646610
79031190
79416708
79803164
80190558
80578890
80968160
81358368
81749514
82141598
82534620
82928580
83323478
83719314
84116088
84513800
84912450
85312038
85712564
86114028
86516430
86919770
87324048
87729264
88135418
88542510
88950540
89359508
89769414
90180258
90592040
91004760
91418418
91833014
92248548
92665020
93082430
93500778
93920064
94340288
94761450
95183550
95606588
96030564
96455478
96881330
97308120
97735848
98164514
98594118
99024660
99456140
99888558
100321914
100756208
101191440
101627610
102064718
102502764
102941748
103381670
103822530
104264328
104707064
105150738
105595350
106040900
106487388
106934814
107383178
107832480
108282720
108733898
109186014
109639068
110093060
110547990
111003858
111460664
111918408
112377090
112836710
113297268
113758764
114221198
114684570
115148880
115614128
116080314
116547438
117015500
117484500
117954438
118425314
118897128
119369880
119843570
120318198
120793764
121270268
121747710
122226090
122705408
123185664
123666858
124148990
124632060
125116068
125601014
126086898
126573720
127061480
127550178
128039814
128530388
129021900
129514350
130007738
130502064
130997328
131493530
131990670
132488748
132987764
133487718
133988610
134490440
134993208
135496914
136001558
136507140
137013660
137521118
138029514
138538848
139049120
139560330
140072478
140585564
141099588
141614550
142130450
142647288
143165064
143683778
144203430
144724020
145245548
145768014
146291418
146815760
147341040
147867258
148394414
148922508
149451540
149981510
150512418
151044264
151577048
152110770
152645430
153181028
153717564
154255038
154793450
155332800
155873088
156414314
156956478
157499580
158043620
158588598
159134514
159681368
160229160
160777890
161327558
161878164
162429708
162982190
163535610
164089968
164645264
165201498
165758670
166316780
166875828
167435814
167996738
168558600
169121400
169685138
170249814
170815428
171381980
171949470
172517898
173087264
173657568
174228810
174800990
175374108
175948164
176523158
177099090
177675960
178253768
178832514
179412198
179992820
180574380
181156878
181740314
182324688
182910000
183496250
184083438
184671564
185260628
185850630
186441570
187033448
187626264
188220018
188814710
189410340
190006908
190604414
191202858
191802240
192402560
193003818
193606014
194209148
194813220
195418230
196024178
196631064
197238888
197847650
198457350
199067988
199679564
200292078
200905530
201519920
202135248
202751514
203368718
203986860
204605940
205225958
205846914
206468808
207091640
207715410
208340118
208965764
209592348
210219870
210848330
211477728
212108064
212739338
213371550
214004700
214638788
215273814
215909778
216546680
217184520
217823298
218463014
219103668
219745260
220387790
221031258
221675664
222321008
222967290
223614510
224262668
224911764
225561798
226212770
226864680
227517528
228171314
228826038
229481700
230138300
230795838
231454314
232113728
232774080
233435370
234097598
234760764
235424868
236089910
236755890
237422808
238090664
238759458
239429190
240099860
240771468
241444014
242117498
242791920
243467280
244143578
244820814
245498988
246178100
246858150
247539138
248221064
248903928
249587730
250272470
250958148
251644764
252332318
253020810
253710240
254400608
255091914
255784158
256477340
257171460
257866518
258562514
259259448
259957320
260656130
261355878
262056564
262758188
263460750
264164250
264868688
265574064
266280378
266987630
267695820
268404948
269115014
269826018
270537960
271250840
271964658
272679414
273395108
274111740
274829310
275547818
276267264
276987648
277708970
278431230
279154428
279878564
280603638
281329650
282056600
282784488
283513314
284243078
284973780
285705420
286437998
287171514
287905968
288641360
289377690
290114958
290853164
291592308
292332390
293073410
293815368
294558264
295302098
296046870
296792580
297539228
298286814
299035338
299784800
300535200
301286538
302038814
302792028
303546180
304301270
305057298
305814264
306572168
307331010
308090790
308851508
309613164
310375758
311139290
311903760
312669168
313435514
314202798
314971020
315740180
316510278
317281314
318053288
318826200
319600050
320374838
321150564
321927228
322704830
323483370
324262848
325043264
325824618
326606910
327390140
328174308
328959414
329745458
330532440
331320360
332109218
332899014
333689748
334481420
335274030
336067578
336862064
337657488
338453850
339251150
340049388
340848564
341648678
342449730
343251720
344054648
344858514
345663318
346469060
347275740
348083358
348891914
349701408
350511840
351323210
352135518
352948764
353762948
354578070
355394130
356211128
357029064
357847938
358667750
359488500
360310188
361132814
361956378
362780880
363606320
364432698
365260014
366088268
366917460
367747590
368578658
369410664
370243608
371077490
371912310
372748068
373584764
374422398
375260970
376100480
376940928
377782314
378624638
379467900
380312100
381157238
382003314
382850328
383698280
384547170
385396998
386247764
387099468
387952110
388805690
389660208
390515664
391372058
392229390
393087660
393946868
394807014
395668098
396530120
397393080
398256978
399121814
399987588
400854300
401721950
402590538
403460064
404330528
405201930
406074270
406947548
407821764
408696918
409573010
410450040
411328008
412206914
413086758
824854219
