545
1635
3270
5450
8175
11445
15260
19620
24525
29975
35970
42510
49595
57225
65400
74120
83385
93195
103550
114450
125895
137885
150420
163500
177125
191295
206010
221270
237075
253425
270320
287760
305745
324275
343350
362970
383135
403845
425100
446900
469245
492135
515570
539550
564075
589145
614760
640920
667625
694875
722670
751010
779895
809325
839300
869820
900885
932495
964650
997350
1030595
1064385
1098720
1133600
1169025
1204995
1241510
1278570
1316175
1354325
1393020
1432260
1472045
1512375
1553250
1594670
1636635
1679145
1722200
1765800
1809945
1854635
1899870
1945650
1991975
2038845
2086260
2134220
2182725
2231775
2281370
2331510
2382195
2433425
2485200
2537520
2590385
2643795
2697750
2752250
2807295
2862885
2919020
2975700
3032925
3090695
3149010
3207870
3267275
3327225
3387720
3448760
3510345
3572475
3635150
3698370
3762135
3826445
3891300
3956700
4022645
4089135
4156170
4223750
4291875
4360545
4429760
4499520
4569825
4640675
4712070
4784010
4856495
4929525
5003100
5077220
5151885
5227095
5302850
5379150
5455995
5533385
5611320
5689800
5768825
5848395
5928510
6009170
6090375
6172125
6254420
6337260
6420645
6504575
6589050
6674070
6759635
6845745
6932400
7019600
7107345
7195635
7284470
7373850
7463775
7554245
7645260
7736820
7828925
7921575
8014770
8108510
8202795
8297625
8393000
8488920
8585385
8682395
8779950
8878050
8976695
9075885
9175620
9275900
9376725
9478095
9580010
9682470
9785475
9889025
9993120
10097760
10202945
10308675
10414950
10521770
10629135
10737045
10845500
10954500
11064045
11174135
11284770
11395950
11507675
11619945
11732760
11846120
11960025
12074475
12189470
12305010
12421095
12537725
12654900
12772620
12890885
13009695
13129050
13248950
13369395
13490385
13611920
13734000
13856625
13979795
14103510
14227770
14352575
14477925
14603820
14730260
14857245
14984775
15112850
15241470
15370635
15500345
15630600
15761400
15892745
16024635
16157070
16290050
16423575
16557645
16692260
16827420
16963125
17099375
17236170
17373510
17511395
17649825
17788800
17928320
18068385
18208995
18350150
18491850
18634095
18776885
18920220
19064100
19208525
19353495
19499010
19645070
19791675
19938825
20086520
20234760
20383545
20532875
20682750
20833170
20984135
21135645
21287700
21440300
21593445
21747135
21901370
22056150
22211475
22367345
22523760
22680720
22838225
22996275
23154870
23314010
23473695
23633925
23794700
23956020
24117885
24280295
24443250
24606750
24770795
24935385
25100520
25266200
25432425
25599195
25766510
25934370
26102775
26271725
26441220
26611260
26781845
26952975
27124650
27296870
27469635
27642945
27816800
27991200
28166145
28341635
28517670
28694250
28871375
29049045
29227260
29406020
29585325
29765175
29945570
30126510
30307995
30490025
30672600
30855720
31039385
31223595
31408350
31593650
31779495
31965885
32152820
32340300
32528325
32716895
32906010
33095670
33285875
33476625
33667920
33859760
34052145
34245075
34438550
34632570
34827135
35022245
35217900
35414100
35610845
35808135
36005970
36204350
36403275
36602745
36802760
37003320
37204425
37406075
37608270
37811010
38014295
38218125
38422500
38627420
38832885
39038895
39245450
39452550
39660195
39868385
40077120
40286400
40496225
40706595
40917510
41128970
41340975
41553525
41766620
41980260
42194445
42409175
42624450
42840270
43056635
43273545
43491000
43709000
43927545
44146635
44366270
44586450
44807175
45028445
45250260
45472620
45695525
45918975
46142970
46367510
46592595
46818225
47044400
47271120
47498385
47726195
47954550
48183450
48412895
48642885
48873420
49104500
49336125
49568295
49801010
50034270
50268075
50502425
50737320
50972760
51208745
51445275
51682350
51919970
52158135
52396845
52636100
52875900
53116245
53357135
53598570
53840550
54083075
54326145
54569760
54813920
55058625
55303875
55549670
55796010
56042895
56290325
56538300
56786820
57035885
57285495
57535650
57786350
58037595
58289385
58541720
58794600
59048025
59301995
59556510
59811570
60067175
60323325
60580020
60837260
61095045
61353375
61612250
61871670
62131635
62392145
62653200
62914800
63176945
63439635
63702870
63966650
64230975
64495845
64761260
65027220
65293725
65560775
65828370
66096510
66365195
66634425
66904200
67174520
67445385
67716795
67988750
68261250
68534295
68807885
69082020
69356700
69631925
69907695
70184010
70460870
70738275
71016225
71294720
71573760
71853345
72133475
72414150
72695370
72977135
73259445
73542300
73825700
74109645
74394135
74679170
74964750
75250875
75537545
75824760
76112520
76400825
76689675
76979070
77269010
77559495
77850525
78142100
78434220
78726885
79020095
79313850
79608150
79902995
80198385
80494320
80790800
81087825
546
1638
3276
5460
8190
11466
15288
19656
24570
30030
36036
42588
49686
57330
65520
74256
83538
93366
103740
114660
126126
138138
150696
163800
177450
191646
206388
221676
237510
253890
270816
288288
306306
324870
343980
363636
383838
404586
425880
447720
470106
493038
516516
540540
565110
590226
615888
642096
668850
696150
723996
752388
781326
810810
840840
871416
902538
934206
966420
999180
1032486
1066338
1100736
1135680
1171170
1207206
1243788
1280916
1318590
1356810
1395576
1434888
1474746
1515150
1556100
1597596
1639638
1682226
1725360
1769040
1813266
1858038
1903356
1949220
1995630
2042586
2090088
2138136
2186730
2235870
2285556
2335788
2386566
2437890
2489760
2542176
2595138
2648646
2702700
2757300
2812446
2868138
2924376
2981160
3038490
3096366
3154788
3213756
3273270
3333330
3393936
3455088
3516786
3579030
3641820
3705156
3769038
3833466
3898440
3963960
4030026
4096638
4163796
4231500
4299750
4368546
4437888
4507776
4578210
4649190
4720716
4792788
4865406
4938570
5012280
5086536
5161338
5236686
5312580
5389020
5466006
5543538
5621616
5700240
5779410
5859126
5939388
6020196
6101550
6183450
6265896
6348888
6432426
6516510
6601140
6686316
6772038
6858306
6945120
7032480
7120386
7208838
7297836
7387380
7477470
7568106
7659288
7751016
7843290
7936110
8029476
8123388
8217846
8312850
8408400
8504496
8601138
8698326
8796060
8894340
8993166
9092538
9192456
9292920
9393930
9495486
9597588
9700236
9803430
9907170
10011456
10116288
10221666
10327590
10434060
10541076
10648638
10756746
10865400
10974600
11084346
11194638
11305476
11416860
11528790
11641266
11754288
11867856
11981970
12096630
12211836
12327588
12443886
12560730
12678120
12796056
12914538
13033566
13153140
13273260
13393926
13515138
13636896
13759200
13882050
14005446
14129388
14253876
14378910
14504490
14630616
14757288
14884506
15012270
15140580
15269436
15398838
15528786
15659280
15790320
15921906
16054038
16186716
16319940
16453710
16588026
16722888
16858296
16994250
17130750
17267796
17405388
17543526
17682210
17821440
17961216
18101538
18242406
18383820
18525780
18668286
18811338
18954936
19099080
19243770
19389006
19534788
19681116
19827990
19975410
20123376
20271888
20420946
20570550
20720700
20871396
21022638
21174426
21326760
21479640
21633066
21787038
21941556
22096620
22252230
22408386
22565088
22722336
22880130
23038470
23197356
23356788
23516766
23677290
23838360
23999976
24162138
24324846
24488100
24651900
24816246
24981138
25146576
25312560
25479090
25646166
25813788
25981956
26150670
26319930
26489736
26660088
26830986
27002430
27174420
27346956
27520038
27693666
27867840
28042560
28217826
28393638
28569996
28746900
28924350
29102346
29280888
29459976
29639610
29819790
30000516
30181788
30363606
30545970
30728880
30912336
31096338
31280886
31465980
31651620
31837806
32024538
32211816
32399640
32588010
32776926
32966388
33156396
33346950
33538050
33729696
33921888
34114626
34307910
34501740
34696116
34891038
35086506
35282520
35479080
35676186
35873838
36072036
36270780
36470070
36669906
36870288
37071216
37272690
37474710
37677276
37880388
38084046
38288250
38493000
38698296
38904138
39110526
39317460
39524940
39732966
39941538
40150656
40360320
40570530
40781286
40992588
41204436
41416830
41629770
41843256
42057288
42271866
42486990
42702660
42918876
43135638
43352946
43570800
43789200
44008146
44227638
44447676
44668260
44889390
45111066
45333288
45556056
45779370
46003230
46227636
46452588
46678086
46904130
47130720
47357856
47585538
47813766
48042540
48271860
48501726
48732138
48963096
49194600
49426650
49659246
49892388
50126076
50360310
50595090
50830416
51066288
51302706
51539670
51777180
52015236
52253838
52492986
52732680
52972920
53213706
53455038
53696916
53939340
54182310
54425826
54669888
54914496
55159650
55405350
55651596
55898388
56145726
56393610
56642040
56891016
57140538
57390606
57641220
57892380
58144086
58396338
58649136
58902480
59156370
59410806
59665788
59921316
60177390
60434010
60691176
60948888
61207146
61465950
61725300
61985196
62245638
62506626
62768160
63030240
63292866
63556038
63819756
64084020
64348830
64614186
64880088
65146536
65413530
65681070
65949156
66217788
66486966
66756690
67026960
67297776
67569138
67841046
68113500
68386500
68660046
68934138
69208776
69483960
69759690
70035966
70312788
70590156
70868070
71146530
71425536
71705088
71985186
72265830
72547020
72828756
73111038
73393866
73677240
73961160
74245626
74530638
74816196
75102300
75388950
75676146
75963888
76252176
76541010
76830390
77120316
77410788
77701806
77993370
78285480
78578136
78871338
79165086
79459380
79754220
80049606
80345538
80642016
80939040
81236610
81534726
162622551
