446
1338
2676
4460
6690
9366
12488
16056
20070
24530
29436
34788
40586
46830
53520
60656
68238
76266
84740
93660
103026
112838
123096
133800
144950
156546
168588
181076
194010
207390
221216
235488
250206
265370
280980
297036
313538
330486
347880
365720
384006
402738
421916
441540
461610
482126
503088
524496
546350
568650
591396
614588
638226
662310
686840
711816
737238
763106
789420
816180
843386
871038
899136
927680
956670
986106
1015988
1046316
1077090
1108310
1139976
1172088
1204646
1237650
1271100
1304996
1339338
1374126
1409360
1445040
1481166
1517738
1554756
1592220
1630130
1668486
1707288
1746536
1786230
1826370
1866956
1907988
1949466
1991390
2033760
2076576
2119838
2163546
2207700
2252300
2297346
2342838
2388776
2435160
2481990
2529266
2576988
2625156
2673770
2722830
2772336
2822288
2872686
2923530
2974820
3026556
3078738
3131366
3184440
3237960
3291926
3346338
3401196
3456500
3512250
3568446
3625088
3682176
3739710
3797690
3856116
3914988
3974306
4034070
4094280
4154936
4216038
4277586
4339580
4402020
4464906
4528238
4592016
4656240
4720910
4786026
4851588
4917596
4984050
5050950
5118296
5186088
5254326
5323010
5392140
5461716
5531738
5602206
5673120
5744480
5816286
5888538
5961236
6034380
6107970
6182006
6256488
6331416
6406790
6482610
6558876
6635588
6712746
6790350
6868400
6946896
7025838
7105226
7185060
7265340
7346066
7427238
7508856
7590920
7673430
7756386
7839788
7923636
8007930
8092670
8177856
8263488
8349566
8436090
8523060
8610476
8698338
8786646
8875400
8964600
9054246
9144338
9234876
9325860
9417290
9509166
9601488
9694256
9787470
9881130
9975236
10069788
10164786
10260230
10356120
10452456
10549238
10646466
10744140
10842260
10940826
11039838
11139296
11239200
11339550
11440346
11541588
11643276
11745410
11847990
11951016
12054488
12158406
12262770
12367580
12472836
12578538
12684686
12791280
12898320
13005806
13113738
13222116
13330940
13440210
13549926
13660088
13770696
13881750
13993250
14105196
14217588
14330426
14443710
14557440
14671616
14786238
14901306
15016820
15132780
15249186
15366038
15483336
15601080
15719270
15837906
15956988
16076516
16196490
16316910
16437776
16559088
16680846
16803050
16925700
17048796
17172338
17296326
17420760
17545640
17670966
17796738
17922956
18049620
18176730
18304286
18432288
18560736
18689630
18818970
18948756
19078988
19209666
19340790
19472360
19604376
19736838
19869746
20003100
20136900
20271146
20405838
20540976
20676560
20812590
20949066
21085988
21223356
21361170
21499430
21638136
21777288
21916886
22056930
22197420
22338356
22479738
22621566
22763840
22906560
23049726
23193338
23337396
23481900
23626850
23772246
23918088
24064376
24211110
24358290
24505916
24653988
24802506
24951470
25100880
25250736
25401038
25551786
25702980
25854620
26006706
26159238
26312216
26465640
26619510
26773826
26928588
27083796
27239450
27395550
27552096
27709088
27866526
28024410
28182740
28341516
28500738
28660406
28820520
28981080
29142086
29303538
29465436
29627780
29790570
29953806
30117488
30281616
30446190
30611210
30776676
30942588
31108946
31275750
31443000
31610696
31778838
31947426
32116460
32285940
32455866
32626238
32797056
32968320
33140030
33312186
33484788
33657836
33831330
34005270
34179656
34354488
34529766
34705490
34881660
35058276
35235338
35412846
35590800
35769200
35948046
36127338
36307076
36487260
36667890
36848966
37030488
37212456
37394870
37577730
37761036
37944788
38128986
38313630
38498720
38684256
38870238
39056666
39243540
39430860
39618626
39806838
39995496
40184600
40374150
40564146
40754588
40945476
41136810
41328590
41520816
41713488
41906606
42100170
42294180
42488636
42683538
42878886
43074680
43270920
43467606
43664738
43862316
44060340
44258810
44457726
446
1338
2676
4460
6690
9366
12488
16056
20070
24530
29436
34788
40586
46830
53520
60656
68238
76266
84740
93660
103026
112838
123096
133800
144950
156546
168588
181076
194010
207390
221216
235488
250206
265370
280980
297036
313538
330486
347880
365720
384006
402738
421916
441540
461610
482126
503088
524496
546350
568650
591396
614588
638226
662310
686840
711816
737238
763106
789420
816180
843386
871038
899136
927680
956670
986106
1015988
1046316
1077090
1108310
1139976
1172088
1204646
1237650
1271100
1304996
1339338
1374126
1409360
1445040
1481166
1517738
1554756
1592220
1630130
1668486
1707288
1746536
1786230
1826370
1866956
1907988
1949466
1991390
2033760
2076576
2119838
2163546
2207700
2252300
2297346
2342838
2388776
2435160
2481990
2529266
2576988
2625156
2673770
2722830
2772336
2822288
2872686
2923530
2974820
3026556
3078738
3131366
3184440
3237960
3291926
3346338
3401196
3456500
3512250
3568446
3625088
3682176
3739710
3797690
3856116
3914988
3974306
4034070
4094280
4154936
4216038
4277586
4339580
4402020
4464906
4528238
4592016
4656240
4720910
4786026
4851588
4917596
4984050
5050950
5118296
5186088
5254326
5323010
5392140
5461716
5531738
5602206
5673120
5744480
5816286
5888538
5961236
6034380
6107970
6182006
6256488
6331416
6406790
6482610
6558876
6635588
6712746
6790350
6868400
6946896
7025838
7105226
7185060
7265340
7346066
7427238
7508856
7590920
7673430
7756386
7839788
7923636
8007930
8092670
8177856
8263488
8349566
8436090
8523060
8610476
8698338
8786646
8875400
8964600
9054246
9144338
9234876
9325860
9417290
9509166
9601488
9694256
9787470
9881130
9975236
10069788
10164786
10260230
10356120
10452456
10549238
10646466
10744140
10842260
10940826
11039838
11139296
11239200
11339550
11440346
11541588
11643276
11745410
11847990
11951016
12054488
12158406
12262770
12367580
12472836
12578538
12684686
12791280
12898320
13005806
13113738
13222116
13330940
13440210
13549926
13660088
13770696
13881750
13993250
14105196
14217588
14330426
14443710
14557440
14671616
14786238
14901306
15016820
15132780
15249186
15366038
15483336
15601080
15719270
15837906
15956988
16076516
16196490
16316910
16437776
16559088
16680846
16803050
16925700
17048796
17172338
17296326
17420760
17545640
17670966
17796738
17922956
18049620
18176730
18304286
18432288
18560736
18689630
18818970
18948756
19078988
19209666
19340790
19472360
19604376
19736838
19869746
20003100
20136900
20271146
20405838
20540976
20676560
20812590
20949066
21085988
21223356
21361170
21499430
21638136
21777288
21916886
22056930
22197420
22338356
22479738
22621566
22763840
22906560
23049726
23193338
23337396
23481900
23626850
23772246
23918088
24064376
24211110
24358290
24505916
24653988
24802506
24951470
25100880
25250736
25401038
25551786
25702980
25854620
26006706
26159238
26312216
26465640
26619510
26773826
26928588
27083796
27239450
27395550
27552096
27709088
27866526
28024410
28182740
28341516
28500738
28660406
28820520
28981080
29142086
29303538
29465436
29627780
29790570
29953806
30117488
30281616
30446190
30611210
30776676
30942588
31108946
31275750
31443000
31610696
31778838
31947426
32116460
32285940
32455866
32626238
32797056
32968320
33140030
33312186
33484788
33657836
33831330
34005270
34179656
34354488
34529766
34705490
34881660
35058276
35235338
35412846
35590800
35769200
35948046
36127338
36307076
36487260
36667890
36848966
37030488
37212456
37394870
37577730
37761036
37944788
38128986
38313630
38498720
38684256
38870238
39056666
39243540
39430860
39618626
39806838
39995496
40184600
40374150
40564146
40754588
40945476
41136810
41328590
41520816
41713488
41906606
42100170
42294180
42488636
42683538
42878886
43074680
43270920
43467606
43664738
43862316
44060340
44258810
44457726
88915452
