275
825
1650
2750
4125
5775
7700
9900
12375
15125
18150
21450
25025
28875
33000
37400
42075
47025
52250
57750
63525
69575
75900
82500
89375
96525
103950
111650
119625
127875
136400
145200
154275
163625
173250
183150
193325
203775
214500
225500
236775
248325
260150
272250
284625
297275
310200
323400
336875
350625
364650
378950
393525
408375
423500
438900
454575
470525
486750
503250
520025
537075
554400
572000
589875
608025
626450
645150
664125
683375
702900
722700
742775
763125
783750
804650
825825
847275
869000
891000
913275
935825
958650
981750
1005125
1028775
1052700
1076900
1101375
1126125
1151150
1176450
1202025
1227875
1254000
1280400
1307075
1334025
1361250
1388750
1416525
1444575
1472900
1501500
1530375
1559525
1588950
1618650
1648625
1678875
1709400
1740200
1771275
1802625
1834250
1866150
1898325
1930775
1963500
1996500
2029775
2063325
2097150
2131250
2165625
2200275
2235200
2270400
2305875
2341625
2377650
2413950
2450525
2487375
2524500
2561900
2599575
2637525
2675750
2714250
2753025
2792075
2831400
2871000
2910875
2951025
2991450
3032150
3073125
3114375
3155900
3197700
3239775
3282125
3324750
3367650
3410825
3454275
3498000
3542000
3586275
3630825
3675650
3720750
3766125
3811775
3857700
3903900
3950375
3997125
4044150
4091450
4139025
4186875
4235000
4283400
4332075
4381025
4430250
4479750
4529525
4579575
4629900
4680500
4731375
4782525
4833950
4885650
4937625
4989875
5042400
5095200
5148275
5201625
5255250
5309150
5363325
5417775
5472500
5527500
5582775
5638325
5694150
5750250
5806625
5863275
5920200
5977400
6034875
6092625
6150650
6208950
6267525
6326375
6385500
6444900
6504575
6564525
6624750
6685250
6746025
6807075
6868400
6930000
6991875
7054025
7116450
7179150
7242125
7305375
7368900
7432700
7496775
7561125
7625750
7690650
7755825
7821275
7887000
7953000
8019275
8085825
8152650
8219750
8287125
8354775
8422700
8490900
8559375
8628125
8697150
8766450
8836025
8905875
8976000
9046400
9117075
9188025
9259250
9330750
9402525
9474575
9546900
9619500
9692375
9765525
9838950
9912650
9986625
10060875
10135400
10210200
10285275
10360625
10436250
276
828
1656
2760
4140
5796
7728
9936
12420
15180
18216
21528
25116
28980
33120
37536
42228
47196
52440
57960
63756
69828
76176
82800
89700
96876
104328
112056
120060
128340
136896
145728
154836
164220
173880
183816
194028
204516
215280
226320
237636
249228
261096
273240
285660
298356
311328
324576
338100
351900
365976
380328
394956
409860
425040
440496
456228
472236
488520
505080
521916
539028
556416
574080
592020
610236
628728
647496
666540
685860
705456
725328
745476
765900
786600
807576
828828
850356
872160
894240
916596
939228
962136
985320
1008780
1032516
1056528
1080816
1105380
1130220
1155336
1180728
1206396
1232340
1258560
1285056
1311828
1338876
1366200
1393800
1421676
1449828
1478256
1506960
1535940
1565196
1594728
1624536
1654620
1684980
1715616
1746528
1777716
1809180
1840920
1872936
1905228
1937796
1970640
2003760
2037156
2070828
2104776
2139000
2173500
2208276
2243328
2278656
2314260
2350140
2386296
2422728
2459436
2496420
2533680
2571216
2609028
2647116
2685480
2724120
2763036
2802228
2841696
2881440
2921460
2961756
3002328
3043176
3084300
3125700
3167376
3209328
3251556
3294060
3336840
3379896
3423228
3466836
3510720
3554880
3599316
3644028
3689016
3734280
3779820
3825636
3871728
3918096
3964740
4011660
4058856
4106328
4154076
4202100
4250400
4298976
4347828
4396956
4446360
4496040
4545996
4596228
4646736
4697520
4748580
4799916
4851528
4903416
4955580
5008020
5060736
5113728
5166996
5220540
5274360
5328456
5382828
5437476
5492400
5547600
5603076
5658828
5714856
5771160
5827740
5884596
5941728
5999136
6056820
6114780
6173016
6231528
6290316
6349380
6408720
6468336
6528228
6588396
6648840
6709560
6770556
6831828
6893376
6955200
7017300
7079676
7142328
7205256
7268460
7331940
7395696
7459728
7524036
7588620
7653480
7718616
7784028
7849716
7915680
7981920
8048436
8115228
8182296
8249640
8317260
8385156
8453328
8521776
8590500
8659500
8728776
8798328
8868156
8938260
9008640
9079296
9150228
9221436
9292920
9364680
9436716
9509028
9581616
9654480
9727620
9801036
9874728
9948696
10022940
10097460
10172256
10247328
10322676
10398300
10474200
10550376
20986626
