202
606
1212
2020
3030
4242
5656
7272
9090
11110
13332
15756
18382
21210
24240
27472
30906
34542
38380
42420
46662
51106
55752
60600
65650
70902
76356
82012
87870
93930
100192
106656
113322
120190
127260
134532
142006
149682
157560
165640
173922
182406
191092
199980
209070
218362
227856
237552
247450
257550
267852
278356
289062
299970
311080
322392
333906
345622
357540
369660
381982
394506
407232
420160
433290
446622
460156
473892
487830
501970
516312
530856
545602
560550
575700
591052
606606
622362
638320
654480
670842
687406
704172
721140
738310
755682
773256
791032
809010
827190
845572
864156
882942
901930
921120
940512
960106
979902
999900
1020100
1040502
1061106
1081912
1102920
1124130
1145542
1167156
1188972
1210990
1233210
1255632
1278256
1301082
1324110
1347340
1370772
1394406
1418242
1442280
1466520
1490962
1515606
1540452
1565500
1590750
1616202
1641856
1667712
1693770
1720030
1746492
1773156
1800022
1827090
1854360
1881832
1909506
1937382
1965460
1993740
2022222
2050906
2079792
2108880
2138170
2167662
2197356
2227252
2257350
2287650
2318152
2348856
2379762
2410870
2442180
2473692
2505406
2537322
2569440
2601760
2634282
2667006
2699932
2733060
2766390
2799922
2833656
2867592
2901730
2936070
2970612
3005356
3040302
3075450
3110800
3146352
3182106
3218062
3254220
3290580
3327142
3363906
3400872
3438040
3475410
3512982
3550756
3588732
3626910
3665290
3703872
3742656
3781642
3820830
3860220
3899812
3939606
3979602
4019800
4060200
4100802
4141606
202
606
1212
2020
3030
4242
5656
7272
9090
11110
13332
15756
18382
21210
24240
27472
30906
34542
38380
42420
46662
51106
55752
60600
65650
70902
76356
82012
87870
93930
100192
106656
113322
120190
127260
134532
142006
149682
157560
165640
173922
182406
191092
199980
209070
218362
227856
237552
247450
257550
267852
278356
289062
299970
311080
322392
333906
345622
357540
369660
381982
394506
407232
420160
433290
446622
460156
473892
487830
501970
516312
530856
545602
560550
575700
591052
606606
622362
638320
654480
670842
687406
704172
721140
738310
755682
773256
791032
809010
827190
845572
864156
882942
901930
921120
940512
960106
979902
999900
1020100
1040502
1061106
1081912
1102920
1124130
1145542
1167156
1188972
1210990
1233210
1255632
1278256
1301082
1324110
1347340
1370772
1394406
1418242
1442280
1466520
1490962
1515606
1540452
1565500
1590750
1616202
1641856
1667712
1693770
1720030
1746492
1773156
1800022
1827090
1854360
1881832
1909506
1937382
1965460
1993740
2022222
2050906
2079792
2108880
2138170
2167662
2197356
2227252
2257350
2287650
2318152
2348856
2379762
2410870
2442180
2473692
2505406
2537322
2569440
2601760
2634282
2667006
2699932
2733060
2766390
2799922
2833656
2867592
2901730
2936070
2970612
3005356
3040302
3075450
3110800
3146352
3182106
3218062
3254220
3290580
3327142
3363906
3400872
3438040
3475410
3512982
3550756
3588732
3626910
3665290
3703872
3742656
3781642
3820830
3860220
3899812
3939606
3979602
4019800
4060200
4100802
4141606
8283212
