908
2724
5448
9080
13620
19068
25424
32688
40860
49940
59928
70824
82628
95340
108960
123488
138924
155268
172520
190680
209748
229724
250608
272400
295100
318708
343224
368648
394980
422220
450368
479424
509388
540260
572040
604728
638324
672828
708240
744560
781788
819924
858968
898920
939780
981548
1024224
1067808
1112300
1157700
1204008
1251224
1299348
1348380
1398320
1449168
1500924
1553588
1607160
1661640
1717028
1773324
1830528
1888640
1947660
2007588
2068424
2130168
2192820
2256380
2320848
2386224
2452508
2519700
2587800
2656808
2726724
2797548
2869280
2941920
3015468
3089924
3165288
3241560
3318740
3396828
3475824
3555728
3636540
3718260
3800888
3884424
3968868
4054220
4140480
4227648
4315724
4404708
4494600
4585400
4677108
4769724
4863248
4957680
5053020
5149268
5246424
5344488
5443460
5543340
5644128
5745824
5848428
5951940
6056360
6161688
6267924
6375068
6483120
6592080
6701948
6812724
6924408
7037000
7150500
7264908
7380224
7496448
7613580
7731620
7850568
7970424
8091188
8212860
8335440
8458928
8583324
8708628
8834840
8961960
9089988
9218924
9348768
9479520
9611180
9743748
9877224
10011608
10146900
10283100
10420208
10558224
10697148
10836980
10977720
11119368
11261924
11405388
11549760
11695040
11841228
11988324
12136328
12285240
12435060
12585788
12737424
12889968
13043420
13197780
13353048
13509224
13666308
13824300
13983200
14143008
14303724
14465348
14627880
14791320
14955668
15120924
15287088
15454160
15622140
15791028
15960824
16131528
16303140
16475660
16649088
16823424
16998668
17174820
17351880
17529848
17708724
17888508
18069200
18250800
18433308
18616724
18801048
18986280
19172420
19359468
19547424
19736288
19926060
20116740
20308328
20500824
20694228
20888540
21083760
21279888
21476924
21674868
21873720
22073480
22274148
22475724
22678208
22881600
23085900
23291108
23497224
23704248
23912180
24121020
24330768
24541424
24752988
24965460
25178840
25393128
25608324
25824428
26041440
26259360
26478188
26697924
26918568
27140120
27362580
27585948
27810224
28035408
28261500
28488500
28716408
28945224
29174948
29405580
29637120
29869568
30102924
30337188
30572360
30808440
31045428
31283324
31522128
31761840
32002460
32243988
32486424
32729768
32974020
33219180
33465248
33712224
33960108
34208900
34458600
34709208
34960724
35213148
35466480
35720720
35975868
36231924
36488888
36746760
37005540
37265228
37525824
37787328
38049740
38313060
38577288
38842424
39108468
39375420
39643280
39912048
40181724
40452308
40723800
40996200
41269508
41543724
41818848
42094880
42371820
42649668
42928424
43208088
43488660
43770140
44052528
44335824
44620028
44905140
45191160
45478088
45765924
46054668
46344320
46634880
46926348
47218724
47512008
47806200
48101300
48397308
48694224
48992048
49290780
49590420
49890968
50192424
50494788
50798060
51102240
51407328
51713324
52020228
52328040
52636760
52946388
53256924
53568368
53880720
54193980
54508148
54823224
55139208
55456100
55773900
56092608
56412224
56732748
57054180
57376520
57699768
58023924
58348988
58674960
59001840
59329628
59658324
59987928
60318440
60649860
60982188
61315424
61649568
61984620
62320580
62657448
62995224
63333908
63673500
64014000
64355408
64697724
65040948
65385080
65730120
66076068
66422924
66770688
67119360
67468940
67819428
68170824
68523128
68876340
69230460
69585488
69941424
70298268
70656020
71014680
71374248
71734724
72096108
72458400
72821600
73185708
73550724
73916648
74283480
74651220
75019868
75389424
75759888
76131260
76503540
76876728
77250824
77625828
78001740
78378560
78756288
79134924
79514468
79894920
80276280
80658548
81041724
81425808
81810800
82196700
82583508
82971224
83359848
83749380
84139820
84531168
84923424
85316588
85710660
86105640
86501528
86898324
87296028
87694640
88094160
88494588
88895924
89298168
89701320
90105380
90510348
90916224
91323008
91730700
92139300
92548808
92959224
93370548
93782780
94195920
94609968
95024924
95440788
95857560
96275240
96693828
97113324
97533728
97955040
98377260
98800388
99224424
99649368
100075220
100501980
100929648
101358224
101787708
102218100
102649400
103081608
103514724
103948748
104383680
104819520
105256268
105693924
106132488
106571960
107012340
107453628
107895824
108338928
108782940
109227860
109673688
110120424
110568068
111016620
111466080
111916448
112367724
112819908
113273000
113727000
114181908
114637724
115094448
115552080
116010620
116470068
116930424
117391688
117853860
118316940
118780928
119245824
119711628
120178340
120645960
121114488
121583924
122054268
122525520
122997680
123470748
123944724
124419608
124895400
125372100
125849708
126328224
126807648
127287980
127769220
128251368
128734424
129218388
129703260
130189040
130675728
131163324
131651828
132141240
132631560
133122788
133614924
134107968
134601920
135096780
135592548
136089224
136586808
137085300
137584700
138085008
138586224
139088348
139591380
140095320
140600168
141105924
141612588
142120160
142628640
143138028
143648324
144159528
144671640
145184660
145698588
146213424
146729168
147245820
147763380
148281848
148801224
149321508
149842700
150364800
150887808
151411724
151936548
152462280
152988920
153516468
154044924
154574288
155104560
155635740
156167828
156700824
157234728
157769540
158305260
158841888
159379424
159917868
160457220
160997480
161538648
162080724
162623708
163167600
163712400
164258108
164804724
165352248
165900680
166450020
167000268
167551424
168103488
168656460
169210340
169765128
170320824
170877428
171434940
171993360
172552688
173112924
173674068
174236120
174799080
175362948
175927724
176493408
177060000
177627500
178195908
178765224
179335448
179906580
180478620
181051568
181625424
182200188
182775860
183352440
183929928
184508324
185087628
185667840
186248960
186830988
187413924
187997768
188582520
189168180
189754748
190342224
190930608
191519900
192110100
192701208
193293224
193886148
194479980
195074720
195670368
196266924
196864388
197462760
198062040
198662228
199263324
199865328
200468240
201072060
201676788
202282424
202888968
203496420
204104780
204714048
205324224
205935308
206547300
207160200
207774008
208388724
209004348
209620880
210238320
210856668
211475924
212096088
212717160
213339140
213962028
214585824
215210528
215836140
216462660
217090088
217718424
218347668
218977820
219608880
220240848
220873724
221507508
222142200
222777800
223414308
224051724
224690048
225329280
225969420
226610468
227252424
227895288
228539060
229183740
229829328
230475824
231123228
231771540
232420760
233070888
233721924
234373868
235026720
235680480
236335148
236990724
237647208
238304600
238962900
239622108
240282224
240943248
241605180
242268020
242931768
243596424
244261988
244928460
245595840
246264128
246933324
247603428
248274440
248946360
249619188
250292924
250967568
251643120
252319580
252996948
253675224
254354408
255034500
255715500
256397408
257080224
257763948
258448580
259134120
259820568
260507924
261196188
261885360
262575440
263266428
263958324
264651128
265344840
266039460
266734988
267431424
268128768
268827020
269526180
270226248
270927224
271629108
272331900
273035600
273740208
274445724
275152148
275859480
276567720
277276868
277986924
278697888
279409760
280122540
280836228
281550824
282266328
282982740
283700060
284418288
285137424
285857468
286578420
287300280
288023048
288746724
289471308
290196800
290923200
291650508
292378724
293107848
293837880
294568820
295300668
296033424
296767088
297501660
298237140
298973528
299710824
300449028
301188140
301928160
302669088
303410924
304153668
304897320
305641880
306387348
307133724
307881008
308629200
309378300
310128308
310879224
311631048
312383780
313137420
313891968
314647424
315403788
316161060
316919240
317678328
318438324
319199228
319961040
320723760
321487388
322251924
323017368
323783720
324550980
325319148
326088224
326858208
327629100
328400900
329173608
329947224
330721748
331497180
332273520
333050768
333828924
334607988
335387960
336168840
336950628
337733324
338516928
339301440
340086860
340873188
341660424
342448568
343237620
344027580
344818448
345610224
346402908
347196500
347991000
348786408
349582724
350379948
351178080
351977120
352777068
353577924
354379688
355182360
355985940
356790428
357595824
358402128
359209340
360017460
360826488
361636424
362447268
363259020
364071680
364885248
365699724
366515108
367331400
368148600
368966708
369785724
370605648
371426480
372248220
373070868
373894424
374718888
908
2724
5448
9080
13620
19068
25424
32688
40860
49940
59928
70824
82628
95340
108960
123488
138924
155268
172520
190680
209748
229724
250608
272400
295100
318708
343224
368648
394980
422220
450368
479424
509388
540260
572040
604728
638324
672828
708240
744560
781788
819924
858968
898920
939780
981548
1024224
1067808
1112300
1157700
1204008
1251224
1299348
1348380
1398320
1449168
1500924
1553588
1607160
1661640
1717028
1773324
1830528
1888640
1947660
2007588
2068424
2130168
2192820
2256380
2320848
2386224
2452508
2519700
2587800
2656808
2726724
2797548
2869280
2941920
3015468
3089924
3165288
3241560
3318740
3396828
3475824
3555728
3636540
3718260
3800888
3884424
3968868
4054220
4140480
4227648
4315724
4404708
4494600
4585400
4677108
4769724
4863248
4957680
5053020
5149268
5246424
5344488
5443460
5543340
5644128
5745824
5848428
5951940
6056360
6161688
6267924
6375068
6483120
6592080
6701948
6812724
6924408
7037000
7150500
7264908
7380224
7496448
7613580
7731620
7850568
7970424
8091188
8212860
8335440
8458928
8583324
8708628
8834840
8961960
9089988
9218924
9348768
9479520
9611180
9743748
9877224
10011608
10146900
10283100
10420208
10558224
10697148
10836980
10977720
11119368
11261924
11405388
11549760
11695040
11841228
11988324
12136328
12285240
12435060
12585788
12737424
12889968
13043420
13197780
13353048
13509224
13666308
13824300
13983200
14143008
14303724
14465348
14627880
14791320
14955668
15120924
15287088
15454160
15622140
15791028
15960824
16131528
16303140
16475660
16649088
16823424
16998668
17174820
17351880
17529848
17708724
17888508
18069200
18250800
18433308
18616724
18801048
18986280
19172420
19359468
19547424
19736288
19926060
20116740
20308328
20500824
20694228
20888540
21083760
21279888
21476924
21674868
21873720
22073480
22274148
22475724
22678208
22881600
23085900
23291108
23497224
23704248
23912180
24121020
24330768
24541424
24752988
24965460
25178840
25393128
25608324
25824428
26041440
26259360
26478188
26697924
26918568
27140120
27362580
27585948
27810224
28035408
28261500
28488500
28716408
28945224
29174948
29405580
29637120
29869568
30102924
30337188
30572360
30808440
31045428
31283324
31522128
31761840
32002460
32243988
32486424
32729768
32974020
33219180
33465248
33712224
33960108
34208900
34458600
34709208
34960724
35213148
35466480
35720720
35975868
36231924
36488888
36746760
37005540
37265228
37525824
37787328
38049740
38313060
38577288
38842424
39108468
39375420
39643280
39912048
40181724
40452308
40723800
40996200
41269508
41543724
41818848
42094880
42371820
42649668
42928424
43208088
43488660
43770140
44052528
44335824
44620028
44905140
45191160
45478088
45765924
46054668
46344320
46634880
46926348
47218724
47512008
47806200
48101300
48397308
48694224
48992048
49290780
49590420
49890968
50192424
50494788
50798060
51102240
51407328
51713324
52020228
52328040
52636760
52946388
53256924
53568368
53880720
54193980
54508148
54823224
55139208
55456100
55773900
56092608
56412224
56732748
57054180
57376520
57699768
58023924
58348988
58674960
59001840
59329628
59658324
59987928
60318440
60649860
60982188
61315424
61649568
61984620
62320580
62657448
62995224
63333908
63673500
64014000
64355408
64697724
65040948
65385080
65730120
66076068
66422924
66770688
67119360
67468940
67819428
68170824
68523128
68876340
69230460
69585488
69941424
70298268
70656020
71014680
71374248
71734724
72096108
72458400
72821600
73185708
73550724
73916648
74283480
74651220
75019868
75389424
75759888
76131260
76503540
76876728
77250824
77625828
78001740
78378560
78756288
79134924
79514468
79894920
80276280
80658548
81041724
81425808
81810800
82196700
82583508
82971224
83359848
83749380
84139820
84531168
84923424
85316588
85710660
86105640
86501528
86898324
87296028
87694640
88094160
88494588
88895924
89298168
89701320
90105380
90510348
90916224
91323008
91730700
92139300
92548808
92959224
93370548
93782780
94195920
94609968
95024924
95440788
95857560
96275240
96693828
97113324
97533728
97955040
98377260
98800388
99224424
99649368
100075220
100501980
100929648
101358224
101787708
102218100
102649400
103081608
103514724
103948748
104383680
104819520
105256268
105693924
106132488
106571960
107012340
107453628
107895824
108338928
108782940
109227860
109673688
110120424
110568068
111016620
111466080
111916448
112367724
112819908
113273000
113727000
114181908
114637724
115094448
115552080
116010620
116470068
116930424
117391688
117853860
118316940
118780928
119245824
119711628
120178340
120645960
121114488
121583924
122054268
122525520
122997680
123470748
123944724
124419608
124895400
125372100
125849708
126328224
126807648
127287980
127769220
128251368
128734424
129218388
129703260
130189040
130675728
131163324
131651828
132141240
132631560
133122788
133614924
134107968
134601920
135096780
135592548
136089224
136586808
137085300
137584700
138085008
138586224
139088348
139591380
140095320
140600168
141105924
141612588
142120160
142628640
143138028
143648324
144159528
144671640
145184660
145698588
146213424
146729168
147245820
147763380
148281848
148801224
149321508
149842700
150364800
150887808
151411724
151936548
152462280
152988920
153516468
154044924
154574288
155104560
155635740
156167828
156700824
157234728
157769540
158305260
158841888
159379424
159917868
160457220
160997480
161538648
162080724
162623708
163167600
163712400
164258108
164804724
165352248
165900680
166450020
167000268
167551424
168103488
168656460
169210340
169765128
170320824
170877428
171434940
171993360
172552688
173112924
173674068
174236120
174799080
175362948
175927724
176493408
177060000
177627500
178195908
178765224
179335448
179906580
180478620
181051568
181625424
182200188
182775860
183352440
183929928
184508324
185087628
185667840
186248960
186830988
187413924
187997768
188582520
189168180
189754748
190342224
190930608
191519900
192110100
192701208
193293224
193886148
194479980
195074720
195670368
196266924
196864388
197462760
198062040
198662228
199263324
199865328
200468240
201072060
201676788
202282424
202888968
203496420
204104780
204714048
205324224
205935308
206547300
207160200
207774008
208388724
209004348
209620880
210238320
210856668
211475924
212096088
212717160
213339140
213962028
214585824
215210528
215836140
216462660
217090088
217718424
218347668
218977820
219608880
220240848
220873724
221507508
222142200
222777800
223414308
224051724
224690048
225329280
225969420
226610468
227252424
227895288
228539060
229183740
229829328
230475824
231123228
231771540
232420760
233070888
233721924
234373868
235026720
235680480
236335148
236990724
237647208
238304600
238962900
239622108
240282224
240943248
241605180
242268020
242931768
243596424
244261988
244928460
245595840
246264128
246933324
247603428
248274440
248946360
249619188
250292924
250967568
251643120
252319580
252996948
253675224
254354408
255034500
255715500
256397408
257080224
257763948
258448580
259134120
259820568
260507924
261196188
261885360
262575440
263266428
263958324
264651128
265344840
266039460
266734988
267431424
268128768
268827020
269526180
270226248
270927224
271629108
272331900
273035600
273740208
274445724
275152148
275859480
276567720
277276868
277986924
278697888
279409760
280122540
280836228
281550824
282266328
282982740
283700060
284418288
285137424
285857468
286578420
287300280
288023048
288746724
289471308
290196800
290923200
291650508
292378724
293107848
293837880
294568820
295300668
296033424
296767088
297501660
298237140
298973528
299710824
300449028
301188140
301928160
302669088
303410924
304153668
304897320
305641880
306387348
307133724
307881008
308629200
309378300
310128308
310879224
311631048
312383780
313137420
313891968
314647424
315403788
316161060
316919240
317678328
318438324
319199228
319961040
320723760
321487388
322251924
323017368
323783720
324550980
325319148
326088224
326858208
327629100
328400900
329173608
329947224
330721748
331497180
332273520
333050768
333828924
334607988
335387960
336168840
336950628
337733324
338516928
339301440
340086860
340873188
341660424
342448568
343237620
344027580
344818448
345610224
346402908
347196500
347991000
348786408
349582724
350379948
351178080
351977120
352777068
353577924
354379688
355182360
355985940
356790428
357595824
358402128
359209340
360017460
360826488
361636424
362447268
363259020
364071680
364885248
365699724
366515108
367331400
368148600
368966708
369785724
370605648
371426480
372248220
373070868
373894424
374718888
749437776
