363
1089
2178
3630
5445
7623
10164
13068
16335
19965
23958
28314
33033
38115
43560
49368
55539
62073
68970
76230
83853
91839
100188
108900
117975
127413
137214
147378
157905
168795
180048
191664
203643
215985
228690
241758
255189
268983
283140
297660
312543
327789
343398
359370
375705
392403
409464
426888
444675
462825
481338
500214
519453
539055
559020
579348
600039
621093
642510
664290
686433
708939
731808
755040
778635
802593
826914
851598
876645
902055
927828
953964
980463
1007325
1034550
1062138
1090089
1118403
1147080
1176120
1205523
1235289
1265418
1295910
1326765
1357983
1389564
1421508
1453815
1486485
1519518
1552914
1586673
1620795
1655280
1690128
1725339
1760913
1796850
1833150
1869813
1906839
1944228
1981980
2020095
2058573
2097414
2136618
2176185
2216115
2256408
2297064
2338083
2379465
2421210
2463318
2505789
2548623
2591820
2635380
2679303
2723589
2768238
2813250
2858625
2904363
2950464
2996928
3043755
3090945
3138498
3186414
3234693
3283335
3332340
3381708
3431439
3481533
3531990
3582810
3633993
3685539
3737448
3789720
3842355
3895353
3948714
4002438
4056525
4110975
4165788
4220964
4276503
4332405
4388670
4445298
4502289
4559643
4617360
4675440
4733883
4792689
4851858
4911390
4971285
5031543
5092164
5153148
5214495
5276205
5338278
5400714
5463513
5526675
5590200
5654088
5718339
5782953
5847930
5913270
5978973
6045039
6111468
6178260
6245415
6312933
6380814
6449058
6517665
6586635
6655968
6725664
6795723
6866145
6936930
7008078
7079589
7151463
7223700
7296300
7369263
7442589
7516278
7590330
7664745
7739523
7814664
7890168
7966035
8042265
8118858
8195814
8273133
8350815
8428860
8507268
8586039
8665173
8744670
8824530
8904753
8985339
9066288
9147600
9229275
9311313
9393714
9476478
9559605
9643095
9726948
9811164
9895743
9980685
10065990
10151658
10237689
10324083
10410840
10497960
10585443
10673289
10761498
10850070
10939005
11028303
11117964
11207988
11298375
11389125
11480238
11571714
11663553
11755755
11848320
11941248
12034539
12128193
12222210
12316590
12411333
12506439
12601908
12697740
12793935
12890493
12987414
13084698
13182345
13280355
13378728
13477464
13576563
13676025
13775850
13876038
13976589
14077503
14178780
14280420
14382423
14484789
14587518
14690610
14794065
14897883
15002064
15106608
15211515
15316785
15422418
15528414
15634773
15741495
15848580
15956028
16063839
16172013
16280550
16389450
16498713
16608339
16718328
16828680
16939395
17050473
17161914
17273718
17385885
17498415
17611308
17724564
17838183
17952165
18066510
18181218
18296289
18411723
18527520
18643680
18760203
18877089
18994338
19111950
19229925
19348263
19466964
19586028
19705455
19825245
19945398
20065914
20186793
20308035
20429640
20551608
20673939
20796633
20919690
21043110
21166893
21291039
21415548
21540420
21665655
21791253
21917214
22043538
22170225
22297275
22424688
22552464
22680603
22809105
22937970
23067198
23196789
23326743
23457060
23587740
23718783
23850189
23981958
364
1092
2184
3640
5460
7644
10192
13104
16380
20020
24024
28392
33124
38220
43680
49504
55692
62244
69160
76440
84084
92092
100464
109200
118300
127764
137592
147784
158340
169260
180544
192192
204204
216580
229320
242424
255892
269724
283920
298480
313404
328692
344344
360360
376740
393484
410592
428064
445900
464100
482664
501592
520884
540540
560560
580944
601692
622804
644280
666120
688324
710892
733824
757120
780780
804804
829192
853944
879060
904540
930384
956592
983164
1010100
1037400
1065064
1093092
1121484
1150240
1179360
1208844
1238692
1268904
1299480
1330420
1361724
1393392
1425424
1457820
1490580
1523704
1557192
1591044
1625260
1659840
1694784
1730092
1765764
1801800
1838200
1874964
1912092
1949584
1987440
2025660
2064244
2103192
2142504
2182180
2222220
2262624
2303392
2344524
2386020
2427880
2470104
2512692
2555644
2598960
2642640
2686684
2731092
2775864
2821000
2866500
2912364
2958592
3005184
3052140
3099460
3147144
3195192
3243604
3292380
3341520
3391024
3440892
3491124
3541720
3592680
3644004
3695692
3747744
3800160
3852940
3906084
3959592
4013464
4067700
4122300
4177264
4232592
4288284
4344340
4400760
4457544
4514692
4572204
4630080
4688320
4746924
4805892
4865224
4924920
4984980
5045404
5106192
5167344
5228860
5290740
5352984
5415592
5478564
5541900
5605600
5669664
5734092
5798884
5864040
5929560
5995444
6061692
6128304
6195280
6262620
6330324
6398392
6466824
6535620
6604780
6674304
6744192
6814444
6885060
6956040
7027384
7099092
7171164
7243600
7316400
7389564
7463092
7536984
7611240
7685860
7760844
7836192
7911904
7987980
8064420
8141224
8218392
8295924
8373820
8452080
8530704
8609692
8689044
8768760
8848840
8929284
9010092
9091264
9172800
9254700
9336964
9419592
9502584
9585940
9669660
9753744
9838192
9923004
10008180
10093720
10179624
10265892
10352524
10439520
10526880
10614604
10702692
10791144
10879960
10969140
11058684
11148592
11238864
11329500
11420500
11511864
11603592
11695684
11788140
11880960
11974144
12067692
12161604
12255880
12350520
12445524
12540892
12636624
12732720
12829180
12926004
13023192
13120744
13218660
13316940
13415584
13514592
13613964
13713700
13813800
13914264
14015092
14116284
14217840
14319760
14422044
14524692
14627704
14731080
14834820
14938924
15043392
15148224
15253420
15358980
15464904
15571192
15677844
15784860
15892240
15999984
16108092
16216564
16325400
16434600
16544164
16654092
16764384
16875040
16986060
17097444
17209192
17321304
17433780
17546620
17659824
17773392
17887324
18001620
18116280
18231304
18346692
18462444
18578560
18695040
18811884
18929092
19046664
19164600
19282900
19401564
19520592
19639984
19759740
19879860
20000344
20121192
20242404
20363980
20485920
20608224
20730892
20853924
20977320
21101080
21225204
21349692
21474544
21599760
21725340
21851284
21977592
22104264
22231300
22358700
22486464
22614592
22743084
22871940
23001160
23130744
23260692
23391004
23521680
23652720
23784124
23915892
24048024
24180520
48162478
